
(PORT 1) : 6a,5,0,18,34,12,0,0,0,0,0,a0,0,d5,6,0,0,0,0,c9,5b,65,c6,0,0,0,0,0   TimeStamp  :  104520       Distance  :  104

(PORT 1) : 6a,5,0,18,34,12,0,0,0,0,0,a0,0,d6,6,0,0,0,0,ff,6f,8c,d3,0,0,0,0,0   TimeStamp  :  104810       Distance  :  104

(PORT 1) : 6a,5,0,18,34,12,0,0,0,0,0,a1,0,d7,6,0,0,0,0,f4,10,3d,7e,0,0,0,0,0   TimeStamp  :  105098       Distance  :  105

(PORT 1) : 6a,5,0,18,34,12,0,0,0,0,0,a1,0,d8,6,0,0,0,0,6d,61,7f,ab,0,0,0,0,0   TimeStamp  :  105385       Distance  :  105

(PORT 1) : 6a,5,0,18,34,12,0,0,0,0,0,a4,0,d9,6,0,0,0,0,0,11,93,68,0,0,0,0,0   TimeStamp  :  105672       Distance  :  108

(PORT 1) : 6a,5,0,18,34,12,0,0,0,0,0,a1,0,da,6,0,0,0,0,8f,f1,46,2a,0,0,0,0,0   TimeStamp  :  105961       Distance  :  105

(PORT 1) : 6a,5,0,18,34,12,0,0,0,0,0,a1,0,db,6,0,0,0,0,1,6,de,c6,0,0,0,0,0   TimeStamp  :  106254       Distance  :  105

(PORT 1) : 6a,5,0,18,34,12,0,0,0,0,0,a1,0,dc,6,0,0,0,0,1d,ea,1f,c6,0,0,0,0,0   TimeStamp  :  264       Distance  :  105

(PORT 1) : 6a,5,0,18,34,12,0,0,0,0,0,a2,0,dd,6,0,0,0,0,75,8f,e4,97,0,0,0,0,0   TimeStamp  :  553       Distance  :  106

(PORT 1) : 6a,5,0,18,34,12,0,0,0,0,0,a0,0,de,6,0,0,0,0,b7,71,1d,e7,0,0,0,0,0   TimeStamp  :  840       Distance  :  104

(PORT 1) : 6a,5,0,18,34,12,0,0,0,0,0,a0,0,df,6,0,0,0,0,39,b2,c9,19,0,0,0,0,0   TimeStamp  :  1129       Distance  :  104

(PORT 1) : 6a,5,0,18,34,12,0,0,0,0,0,a2,0,e0,6,0,0,0,0,4b,a6,63,b3,0,0,0,0,0   TimeStamp  :  1416       Distance  :  106

(PORT 1) : 6a,5,0,18,34,12,0,0,0,0,0,9f,0,e1,6,0,0,0,0,e1,35,d,23,0,0,0,0,0   TimeStamp  :  1705       Distance  :  103

(PORT 1) : 6a,5,0,18,34,12,0,0,0,0,0,a1,0,e2,6,0,0,0,0,c3,99,28,c1,0,0,0,0,0   TimeStamp  :  1992       Distance  :  105

(PORT 1) : 6a,5,0,18,34,12,0,0,0,0,0,a0,0,e3,6,0,0,0,0,89,30,5f,35,0,0,0,0,0   TimeStamp  :  2280       Distance  :  104

(PORT 1) : 6a,5,0,18,34,12,0,0,0,0,0,a0,0,e4,6,0,0,0,0,cd,d7,83,1a,0,0,0,0,0   TimeStamp  :  2567       Distance  :  104

(PORT 1) : 6a,5,0,18,34,12,0,0,0,0,0,a0,0,e5,6,0,0,0,0,27,b,59,22,0,0,0,0,0   TimeStamp  :  2857       Distance  :  104

(PORT 1) : 6a,5,0,18,34,12,0,0,0,0,0,a1,0,e6,6,0,0,0,0,a9,93,f,a4,0,0,0,0,0   TimeStamp  :  3144       Distance  :  105

(PORT 1) : 6a,5,0,18,34,12,0,0,0,0,0,a0,0,e7,6,0,0,0,0,4f,d7,33,3b,0,0,0,0,0   TimeStamp  :  3433       Distance  :  104

(PORT 1) : 6a,5,0,18,34,12,0,0,0,0,0,a1,0,e8,6,0,0,0,0,48,b,42,85,0,0,0,0,0   TimeStamp  :  3720       Distance  :  105

(PORT 1) : 6a,5,0,18,34,12,0,0,0,0,0,a1,0,e9,6,0,0,0,0,f4,17,fd,8f,0,0,0,0,0   TimeStamp  :  4008       Distance  :  105

(PORT 1) : 6a,5,0,18,34,12,0,0,0,0,0,a2,0,ea,6,0,0,0,0,18,3e,ec,60,0,0,0,0,0   TimeStamp  :  4297       Distance  :  106

(PORT 1) : 6a,5,0,18,34,12,0,0,0,0,0,a1,0,eb,6,0,0,0,0,6a,c4,f5,2a,0,0,0,0,0   TimeStamp  :  4584       Distance  :  105

(PORT 1) : 6a,5,0,18,34,12,0,0,0,0,0,a0,0,ec,6,0,0,0,0,1b,7,46,65,0,0,0,0,0   TimeStamp  :  4873       Distance  :  104

(PORT 1) : 6a,5,0,18,34,12,0,0,0,0,0,a1,0,ed,6,0,0,0,0,6f,a,ab,b8,0,0,0,0,0   TimeStamp  :  5160       Distance  :  105

(PORT 1) : 6a,5,0,18,34,12,0,0,0,0,0,a1,0,ee,6,0,0,0,0,12,a,f5,e9,0,0,0,0,0   TimeStamp  :  5449       Distance  :  105

(PORT 1) : 6a,5,0,18,34,12,0,0,0,0,0,a0,0,ef,6,0,0,0,0,33,fc,77,4c,0,0,0,0,0   TimeStamp  :  5735       Distance  :  104

(PORT 1) : 6a,5,0,18,34,12,0,0,0,0,0,a0,0,f0,6,0,0,0,0,d3,ca,26,73,0,0,0,0,0   TimeStamp  :  6024       Distance  :  104

(PORT 1) : 6a,5,0,18,34,12,0,0,0,0,0,a1,0,f1,6,0,0,0,0,3c,5,1,48,0,0,0,0,0   TimeStamp  :  6312       Distance  :  105

(PORT 1) : 6a,5,0,18,34,12,0,0,0,0,0,a1,0,f2,6,0,0,0,0,e4,b1,55,e,0,0,0,0,0   TimeStamp  :  6600       Distance  :  105

(PORT 1) : 6a,5,0,18,34,12,0,0,0,0,0,a2,0,f3,6,0,0,0,0,e9,91,24,5d,0,0,0,0,0   TimeStamp  :  6888       Distance  :  106

(PORT 1) : 6a,5,0,18,34,12,0,0,0,0,0,a1,0,f4,6,0,0,0,0,b3,e8,8a,ae,0,0,0,0,0   TimeStamp  :  7176       Distance  :  105

(PORT 1) : 6a,5,0,18,34,12,0,0,0,0,0,a2,0,f5,6,0,0,0,0,e3,a4,2d,f2,0,0,0,0,0   TimeStamp  :  7464       Distance  :  106

(PORT 1) : 6a,5,0,18,34,12,0,0,0,0,0,a2,0,f6,6,0,0,0,0,4a,61,e2,0,0,0,0,0,0   TimeStamp  :  7753       Distance  :  106

(PORT 1) : 6a,5,0,18,34,12,0,0,0,0,0,a1,0,f7,6,0,0,0,0,e9,cf,92,8a,0,0,0,0,0   TimeStamp  :  8041       Distance  :  105

(PORT 1) : 6a,5,0,18,34,12,0,0,0,0,0,a1,0,f8,6,0,0,0,0,65,30,23,63,0,0,0,0,0   TimeStamp  :  8328       Distance  :  105

(PORT 1) : 6a,5,0,18,34,12,0,0,0,0,0,a0,0,f9,6,0,0,0,0,92,26,69,9f,0,0,0,0,0   TimeStamp  :  8616       Distance  :  104

(PORT 1) : 6a,5,0,18,34,12,0,0,0,0,0,a0,0,fa,6,0,0,0,0,be,51,fe,5,0,0,0,0,0   TimeStamp  :  8905       Distance  :  104

(PORT 1) : 6a,5,0,18,34,12,0,0,0,0,0,a1,0,fb,6,0,0,0,0,a1,ed,dd,71,0,0,0,0,0   TimeStamp  :  9192       Distance  :  105

(PORT 1) : 6a,5,0,18,34,12,0,0,0,0,0,a1,0,fc,6,0,0,0,0,f8,61,88,bf,0,0,0,0,0   TimeStamp  :  9480       Distance  :  105

(PORT 1) : 6a,5,0,18,34,12,0,0,0,0,0,a0,0,fd,6,0,0,0,0,f3,46,3d,63,0,0,0,0,0   TimeStamp  :  9768       Distance  :  104

(PORT 1) : 6a,5,0,18,34,12,0,0,0,0,0,a1,0,fe,6,0,0,0,0,d6,a,a0,d7,0,0,0,0,0   TimeStamp  :  10057       Distance  :  105

(PORT 1) : 6a,5,0,18,34,12,0,0,0,0,0,9f,0,ff,6,0,0,0,0,fe,35,8,28,0,0,0,0,0   TimeStamp  :  10344       Distance  :  103

(PORT 1) : 6a,5,0,18,34,12,0,0,0,0,0,a1,0,0,7,0,0,0,0,6c,99,11,36,0,0,0,0,0   TimeStamp  :  10632       Distance  :  105

(PORT 1) : 6a,5,0,18,34,12,0,0,0,0,0,a1,0,1,7,0,0,0,0,4,8a,1e,5d,0,0,0,0,0   TimeStamp  :  10920       Distance  :  105

(PORT 1) : 6a,5,0,18,34,12,0,0,0,0,0,a0,0,2,7,0,0,0,0,2c,8f,bc,c9,0,0,0,0,0   TimeStamp  :  11207       Distance  :  104

(PORT 1) : 6a,5,0,18,34,12,0,0,0,0,0,a1,0,3,7,0,0,0,0,5b,49,7,b6,0,0,0,0,0   TimeStamp  :  11496       Distance  :  105

(PORT 1) : 6a,5,0,18,34,12,0,0,0,0,0,a0,0,4,7,0,0,0,0,94,cc,f1,8c,0,0,0,0,0   TimeStamp  :  11784       Distance  :  104

(PORT 1) : 6a,5,0,18,34,12,0,0,0,0,0,a2,0,5,7,0,0,0,0,3,e6,91,73,0,0,0,0,0   TimeStamp  :  12072       Distance  :  106

(PORT 1) : 6a,5,0,18,34,12,0,0,0,0,0,a1,0,6,7,0,0,0,0,21,40,d7,5e,0,0,0,0,0   TimeStamp  :  12360       Distance  :  105

(PORT 1) : 6a,5,0,18,34,12,0,0,0,0,0,a0,0,7,7,0,0,0,0,8f,3b,77,0,0,0,0,0,0   TimeStamp  :  12648       Distance  :  104

(PORT 1) : 6a,5,0,18,34,12,0,0,0,0,0,a0,0,8,7,0,0,0,0,e4,3c,e0,21,0,0,0,0,0   TimeStamp  :  12936       Distance  :  104

(PORT 1) : 6a,5,0,18,34,12,0,0,0,0,0,a1,0,9,7,0,0,0,0,fa,24,bb,f,0,0,0,0,0   TimeStamp  :  13224       Distance  :  105

(PORT 1) : 6a,5,0,18,34,12,0,0,0,0,0,a1,0,a,7,0,0,0,0,88,6,55,9d,0,0,0,0,0   TimeStamp  :  13512       Distance  :  105

(PORT 1) : 6a,5,0,18,34,12,0,0,0,0,0,a1,0,b,7,0,0,0,0,eb,1f,60,1f,0,0,0,0,0   TimeStamp  :  13800       Distance  :  105

(PORT 1) : 6a,5,0,18,34,12,0,0,0,0,0,a1,0,c,7,0,0,0,0,d,a9,b0,dc,0,0,0,0,0   TimeStamp  :  14088       Distance  :  105

(PORT 1) : 6a,5,0,18,34,12,0,0,0,0,0,a0,0,d,7,0,0,0,0,7f,6f,ab,a3,0,0,0,0,0   TimeStamp  :  14376       Distance  :  104

(PORT 1) : 6a,5,0,18,34,12,0,0,0,0,0,a0,0,e,7,0,0,0,0,26,23,a2,62,0,0,0,0,0   TimeStamp  :  14663       Distance  :  104

(PORT 1) : 6a,5,0,18,34,12,0,0,0,0,0,a0,0,f,7,0,0,0,0,5a,13,f6,1b,0,0,0,0,0   TimeStamp  :  14952       Distance  :  104

(PORT 1) : 6a,5,0,18,34,12,0,0,0,0,0,a1,0,10,7,0,0,0,0,ea,6f,43,a4,0,0,0,0,0   TimeStamp  :  15240       Distance  :  105

(PORT 1) : 6a,5,0,18,34,12,0,0,0,0,0,a1,0,11,7,0,0,0,0,98,b,50,51,0,0,0,0,0   TimeStamp  :  15528       Distance  :  105

(PORT 1) : 6a,5,0,18,34,12,0,0,0,0,0,a2,0,12,7,0,0,0,0,94,bf,cc,1b,0,0,0,0,0   TimeStamp  :  15816       Distance  :  106

(PORT 1) : 6a,5,0,18,34,12,0,0,0,0,0,a2,0,13,7,0,0,0,0,44,4b,11,9b,0,0,0,0,0   TimeStamp  :  16105       Distance  :  106

(PORT 1) : 6a,5,0,18,34,12,0,0,0,0,0,a1,0,14,7,0,0,0,0,a8,26,e1,d,0,0,0,0,0   TimeStamp  :  16392       Distance  :  105

(PORT 1) : 6a,5,0,18,34,12,0,0,0,0,0,a1,0,15,7,0,0,0,0,79,66,1c,48,0,0,0,0,0   TimeStamp  :  16681       Distance  :  105

(PORT 1) : 6a,5,0,18,34,12,0,0,0,0,0,9f,0,16,7,0,0,0,0,d2,20,50,51,0,0,0,0,0   TimeStamp  :  16969       Distance  :  103

(PORT 1) : 6a,5,0,18,34,12,0,0,0,0,0,a0,0,17,7,0,0,0,0,4c,c7,44,48,0,0,0,0,0   TimeStamp  :  17257       Distance  :  104

(PORT 1) : 6a,5,0,18,34,12,0,0,0,0,0,a2,0,18,7,0,0,0,0,d,a4,a4,d9,0,0,0,0,0   TimeStamp  :  17544       Distance  :  106

(PORT 1) : 6a,5,0,18,34,12,0,0,0,0,0,a1,0,19,7,0,0,0,0,d8,1a,54,80,0,0,0,0,0   TimeStamp  :  17831       Distance  :  105

(PORT 1) : 6a,5,0,18,34,12,0,0,0,0,0,a0,0,1a,7,0,0,0,0,77,7c,59,6d,0,0,0,0,0   TimeStamp  :  18121       Distance  :  104

(PORT 1) : 6a,5,0,18,34,12,0,0,0,0,0,a1,0,1b,7,0,0,0,0,8e,1c,58,bc,0,0,0,0,0   TimeStamp  :  18409       Distance  :  105

(PORT 1) : 6a,5,0,18,34,12,0,0,0,0,0,97,0,1c,7,0,0,0,0,e6,2d,f5,99,0,0,0,0,0   TimeStamp  :  18695       Distance  :  95

(PORT 1) : 6a,5,0,18,34,12,0,0,0,0,0,a1,0,1d,7,0,0,0,0,c5,dc,88,50,0,0,0,0,0   TimeStamp  :  18984       Distance  :  105

(PORT 1) : 6a,5,0,18,34,12,0,0,0,0,0,a1,0,1e,7,0,0,0,0,c2,a0,49,27,0,0,0,0,0   TimeStamp  :  19272       Distance  :  105

(PORT 1) : 6a,5,0,18,34,12,0,0,0,0,0,a1,0,1f,7,0,0,0,0,f8,bf,a5,5b,0,0,0,0,0   TimeStamp  :  19560       Distance  :  105

(PORT 1) : 6a,5,0,18,34,12,0,0,0,0,0,a1,0,20,7,0,0,0,0,e1,9c,fb,3d,0,0,0,0,0   TimeStamp  :  19849       Distance  :  105

(PORT 1) : 6a,5,0,18,34,12,0,0,0,0,0,a0,0,21,7,0,0,0,0,b9,c0,9e,28,0,0,0,0,0   TimeStamp  :  20136       Distance  :  104

(PORT 1) : 6a,5,0,18,34,12,0,0,0,0,0,9f,0,22,7,0,0,0,0,7b,59,ce,c2,0,0,0,0,0   TimeStamp  :  20424       Distance  :  103

(PORT 1) : 6a,5,0,18,34,12,0,0,0,0,0,a0,0,23,7,0,0,0,0,55,25,66,27,0,0,0,0,0   TimeStamp  :  20713       Distance  :  104

(PORT 1) : 6a,5,0,18,34,12,0,0,0,0,0,a0,0,24,7,0,0,0,0,95,57,39,af,0,0,0,0,0   TimeStamp  :  21000       Distance  :  104

(PORT 1) : 6a,5,0,18,34,12,0,0,0,0,0,a2,0,25,7,0,0,0,0,d,7c,c6,32,0,0,0,0,0   TimeStamp  :  21288       Distance  :  106

(PORT 1) : 6a,5,0,18,34,12,0,0,0,0,0,a1,0,26,7,0,0,0,0,b9,71,c,6,0,0,0,0,0   TimeStamp  :  21576       Distance  :  105

(PORT 1) : 6a,5,0,18,34,12,0,0,0,0,0,a0,0,27,7,0,0,0,0,f9,21,9a,4a,0,0,0,0,0   TimeStamp  :  21864       Distance  :  104

(PORT 1) : 6a,5,0,18,34,12,0,0,0,0,0,a1,0,28,7,0,0,0,0,74,41,55,24,0,0,0,0,0   TimeStamp  :  22152       Distance  :  105

(PORT 1) : 6a,5,0,18,34,12,0,0,0,0,0,a2,0,29,7,0,0,0,0,e6,de,4f,a9,0,0,0,0,0   TimeStamp  :  22440       Distance  :  106

(PORT 1) : 6a,5,0,18,34,12,0,0,0,0,0,a0,0,2a,7,0,0,0,0,86,d0,84,d1,0,0,0,0,0   TimeStamp  :  22728       Distance  :  104

(PORT 1) : 6a,5,0,18,34,12,0,0,0,0,0,a1,0,2b,7,0,0,0,0,c1,da,0,72,0,0,0,0,0   TimeStamp  :  23015       Distance  :  105

(PORT 1) : 6a,5,0,18,34,12,0,0,0,0,0,a0,0,2c,7,0,0,0,0,28,b0,ce,37,0,0,0,0,0   TimeStamp  :  23304       Distance  :  104

(PORT 1) : 6a,5,0,18,34,12,0,0,0,0,0,a0,0,2d,7,0,0,0,0,9,b3,41,c4,0,0,0,0,0   TimeStamp  :  23592       Distance  :  104

(PORT 1) : 6a,5,0,18,34,12,0,0,0,0,0,a1,0,2e,7,0,0,0,0,32,da,e9,75,0,0,0,0,0   TimeStamp  :  23881       Distance  :  105

(PORT 1) : 6a,5,0,18,34,12,0,0,0,0,0,a2,0,2f,7,0,0,0,0,29,ac,6d,2e,0,0,0,0,0   TimeStamp  :  24168       Distance  :  106

(PORT 1) : 6a,5,0,18,34,12,0,0,0,0,0,a0,0,30,7,0,0,0,0,d4,6b,a0,c8,0,0,0,0,0   TimeStamp  :  24455       Distance  :  104

(PORT 1) : 6a,5,0,18,34,12,0,0,0,0,0,a0,0,31,7,0,0,0,0,63,49,b7,bf,0,0,0,0,0   TimeStamp  :  24744       Distance  :  104

(PORT 1) : 6a,5,0,18,34,12,0,0,0,0,0,a2,0,32,7,0,0,0,0,c7,1e,b5,67,0,0,0,0,0   TimeStamp  :  25032       Distance  :  106

(PORT 1) : 6a,5,0,18,34,12,0,0,0,0,0,a1,0,33,7,0,0,0,0,47,41,b8,2a,0,0,0,0,0   TimeStamp  :  25320       Distance  :  105

(PORT 1) : 6a,5,0,18,34,12,0,0,0,0,0,a1,0,34,7,0,0,0,0,c7,fc,a6,6e,0,0,0,0,0   TimeStamp  :  25608       Distance  :  105

(PORT 1) : 6a,5,0,18,34,12,0,0,0,0,0,a1,0,35,7,0,0,0,0,53,85,10,8d,0,0,0,0,0   TimeStamp  :  25896       Distance  :  105

(PORT 1) : 6a,5,0,18,34,12,0,0,0,0,0,a1,0,36,7,0,0,0,0,c0,da,87,51,0,0,0,0,0   TimeStamp  :  26184       Distance  :  105

(PORT 1) : 6a,5,0,18,34,12,0,0,0,0,0,a0,0,37,7,0,0,0,0,f3,33,40,17,0,0,0,0,0   TimeStamp  :  26472       Distance  :  104

(PORT 1) : 6a,5,0,18,34,12,0,0,0,0,0,a1,0,38,7,0,0,0,0,41,4c,f4,3d,0,0,0,0,0   TimeStamp  :  26760       Distance  :  105

(PORT 1) : 6a,5,0,18,34,12,0,0,0,0,0,a0,0,39,7,0,0,0,0,51,85,a3,81,0,0,0,0,0   TimeStamp  :  27048       Distance  :  104

(PORT 1) : 6a,5,0,18,34,12,0,0,0,0,0,a1,0,3a,7,0,0,0,0,c9,e4,c9,72,0,0,0,0,0   TimeStamp  :  27336       Distance  :  105

(PORT 1) : 6a,5,0,18,34,12,0,0,0,0,0,a1,0,3b,7,0,0,0,0,19,e2,99,f2,0,0,0,0,0   TimeStamp  :  27624       Distance  :  105

(PORT 1) : 6a,5,0,18,34,12,0,0,0,0,0,a0,0,3c,7,0,0,0,0,85,68,b4,ea,0,0,0,0,0   TimeStamp  :  27912       Distance  :  104

(PORT 1) : 6a,5,0,18,34,12,0,0,0,0,0,a0,0,3d,7,0,0,0,0,32,f2,c8,45,0,0,0,0,0   TimeStamp  :  28200       Distance  :  104

(PORT 1) : 6a,5,0,18,34,12,0,0,0,0,0,a0,0,3e,7,0,0,0,0,c7,21,e3,78,0,0,0,0,0   TimeStamp  :  28488       Distance  :  104

(PORT 1) : 6a,5,0,18,34,12,0,0,0,0,0,a1,0,3f,7,0,0,0,0,2f,f5,84,bd,0,0,0,0,0   TimeStamp  :  28776       Distance  :  105

(PORT 1) : 6a,5,0,18,34,12,0,0,0,0,0,a1,0,40,7,0,0,0,0,28,b2,e7,3d,0,0,0,0,0   TimeStamp  :  29063       Distance  :  105

(PORT 1) : 6a,5,0,18,34,12,0,0,0,0,0,a1,0,41,7,0,0,0,0,50,d3,d7,76,0,0,0,0,0   TimeStamp  :  29352       Distance  :  105

(PORT 1) : 6a,5,0,18,34,12,0,0,0,0,0,a1,0,42,7,0,0,0,0,a4,a8,ed,5a,0,0,0,0,0   TimeStamp  :  29640       Distance  :  105

(PORT 1) : 6a,5,0,18,34,12,0,0,0,0,0,a1,0,43,7,0,0,0,0,d2,87,ed,ba,0,0,0,0,0   TimeStamp  :  29928       Distance  :  105

(PORT 1) : 6a,5,0,18,34,12,0,0,0,0,0,a1,0,44,7,0,0,0,0,39,e3,38,b,0,0,0,0,0   TimeStamp  :  30216       Distance  :  105

(PORT 1) : 6a,5,0,18,34,12,0,0,0,0,0,a1,0,45,7,0,0,0,0,eb,94,71,4b,0,0,0,0,0   TimeStamp  :  30504       Distance  :  105

(PORT 1) : 6a,5,0,18,34,12,0,0,0,0,0,a0,0,46,7,0,0,0,0,4f,a5,5e,3e,0,0,0,0,0   TimeStamp  :  30792       Distance  :  104

(PORT 1) : 6a,5,0,18,34,12,0,0,0,0,0,a1,0,47,7,0,0,0,0,ca,d9,99,1e,0,0,0,0,0   TimeStamp  :  31080       Distance  :  105

(PORT 1) : 6a,5,0,18,34,12,0,0,0,0,0,a1,0,48,7,0,0,0,0,31,fc,c,bb,0,0,0,0,0   TimeStamp  :  31368       Distance  :  105

(PORT 1) : 6a,5,0,18,34,12,0,0,0,0,0,a0,0,49,7,0,0,0,0,9d,12,34,a6,0,0,0,0,0   TimeStamp  :  31655       Distance  :  104

(PORT 1) : 6a,5,0,18,34,12,0,0,0,0,0,a2,0,4a,7,0,0,0,0,85,42,a4,db,0,0,0,0,0   TimeStamp  :  31944       Distance  :  106

(PORT 1) : 6a,5,0,18,34,12,0,0,0,0,0,a1,0,4b,7,0,0,0,0,36,a,70,d2,0,0,0,0,0   TimeStamp  :  32231       Distance  :  105

(PORT 1) : 6a,5,0,18,34,12,0,0,0,0,0,a1,0,4c,7,0,0,0,0,90,c5,86,10,0,0,0,0,0   TimeStamp  :  32520       Distance  :  105

(PORT 1) : 6a,5,0,18,34,12,0,0,0,0,0,a0,0,4d,7,0,0,0,0,c9,aa,2b,58,0,0,0,0,0   TimeStamp  :  32808       Distance  :  104

(PORT 1) : 6a,5,0,18,34,12,0,0,0,0,0,a0,0,4e,7,0,0,0,0,0,f4,f,41,0,0,0,0,0   TimeStamp  :  33096       Distance  :  104

(PORT 1) : 6a,5,0,18,34,12,0,0,0,0,0,a0,0,4f,7,0,0,0,0,9d,18,51,76,0,0,0,0,0   TimeStamp  :  33384       Distance  :  104

(PORT 1) : 6a,5,0,18,34,12,0,0,0,0,0,a0,0,50,7,0,0,0,0,ad,a1,91,d8,0,0,0,0,0   TimeStamp  :  33672       Distance  :  104

(PORT 1) : 6a,5,0,18,34,12,0,0,0,0,0,a1,0,51,7,0,0,0,0,cf,44,a9,3f,0,0,0,0,0   TimeStamp  :  33960       Distance  :  105

(PORT 1) : 6a,5,0,18,34,12,0,0,0,0,0,a1,0,52,7,0,0,0,0,75,eb,88,7c,0,0,0,0,0   TimeStamp  :  34247       Distance  :  105

(PORT 1) : 6a,5,0,18,34,12,0,0,0,0,0,a1,0,53,7,0,0,0,0,5e,ff,40,6,0,0,0,0,0   TimeStamp  :  34535       Distance  :  105

(PORT 1) : 6a,5,0,18,34,12,0,0,0,0,0,a0,0,54,7,0,0,0,0,89,a2,67,87,0,0,0,0,0   TimeStamp  :  34823       Distance  :  104

(PORT 1) : 6a,5,0,18,34,12,0,0,0,0,0,a1,0,55,7,0,0,0,0,a8,75,37,36,0,0,0,0,0   TimeStamp  :  35111       Distance  :  105

(PORT 1) : 6a,5,0,18,34,12,0,0,0,0,0,a0,0,56,7,0,0,0,0,f9,c3,27,fa,0,0,0,0,0   TimeStamp  :  35400       Distance  :  104

(PORT 1) : 6a,5,0,18,34,12,0,0,0,0,0,a0,0,57,7,0,0,0,0,73,38,a4,62,0,0,0,0,0   TimeStamp  :  35687       Distance  :  104

(PORT 1) : 6a,5,0,18,34,12,0,0,0,0,0,a2,0,58,7,0,0,0,0,69,bf,82,4f,0,0,0,0,0   TimeStamp  :  35976       Distance  :  106

(PORT 1) : 6a,5,0,18,34,12,0,0,0,0,0,a1,0,59,7,0,0,0,0,b7,29,90,27,0,0,0,0,0   TimeStamp  :  36264       Distance  :  105

(PORT 1) : 6a,5,0,18,34,12,0,0,0,0,0,a1,0,5a,7,0,0,0,0,92,eb,9,ae,0,0,0,0,0   TimeStamp  :  36552       Distance  :  105

(PORT 1) : 6a,5,0,18,34,12,0,0,0,0,0,9f,0,5b,7,0,0,0,0,be,81,6f,15,0,0,0,0,0   TimeStamp  :  36840       Distance  :  103

(PORT 1) : 6a,5,0,18,34,12,0,0,0,0,0,a1,0,5c,7,0,0,0,0,de,c7,e9,59,0,0,0,0,0   TimeStamp  :  37128       Distance  :  105

(PORT 1) : 6a,5,0,18,34,12,0,0,0,0,0,a1,0,5d,7,0,0,0,0,4d,fe,bf,78,0,0,0,0,0   TimeStamp  :  37416       Distance  :  105

(PORT 1) : 6a,5,0,18,34,12,0,0,0,0,0,a1,0,5e,7,0,0,0,0,80,ee,f5,d4,0,0,0,0,0   TimeStamp  :  37704       Distance  :  105

(PORT 1) : 6a,5,0,18,34,12,0,0,0,0,0,a1,0,5f,7,0,0,0,0,33,ea,3,13,0,0,0,0,0   TimeStamp  :  37992       Distance  :  105

(PORT 1) : 6a,5,0,18,34,12,0,0,0,0,0,a1,0,60,7,0,0,0,0,92,b0,44,f,0,0,0,0,0   TimeStamp  :  38279       Distance  :  105

(PORT 1) : 6a,5,0,18,34,12,0,0,0,0,0,a0,0,61,7,0,0,0,0,24,4a,82,43,0,0,0,0,0   TimeStamp  :  38567       Distance  :  104

(PORT 1) : 6a,5,0,18,34,12,0,0,0,0,0,9f,0,62,7,0,0,0,0,ea,b1,ab,42,0,0,0,0,0   TimeStamp  :  38855       Distance  :  103

(PORT 1) : 6a,5,0,18,34,12,0,0,0,0,0,a1,0,63,7,0,0,0,0,d5,b1,9,e7,0,0,0,0,0   TimeStamp  :  39143       Distance  :  105

(PORT 1) : 6a,5,0,18,34,12,0,0,0,0,0,a9,0,64,7,0,0,0,0,93,ef,6f,47,0,0,0,0,0   TimeStamp  :  39431       Distance  :  113

(PORT 1) : 6a,5,0,18,34,12,0,0,0,0,0,a1,0,65,7,0,0,0,0,ee,57,68,89,0,0,0,0,0   TimeStamp  :  39719       Distance  :  105

(PORT 1) : 6a,5,0,18,34,12,0,0,0,0,0,a0,0,66,7,0,0,0,0,b1,b2,53,26,0,0,0,0,0   TimeStamp  :  40006       Distance  :  104

(PORT 1) : 6a,5,0,18,34,12,0,0,0,0,0,a2,0,67,7,0,0,0,0,5b,1d,ba,d0,0,0,0,0,0   TimeStamp  :  40296       Distance  :  106

(PORT 1) : 6a,5,0,18,34,12,0,0,0,0,0,a2,0,68,7,0,0,0,0,47,4f,66,11,0,0,0,0,0   TimeStamp  :  40582       Distance  :  106

(PORT 1) : 6a,5,0,18,34,12,0,0,0,0,0,a8,0,69,7,0,0,0,0,3a,2a,5b,78,0,0,0,0,0   TimeStamp  :  40872       Distance  :  112

(PORT 1) : 6a,5,0,18,34,12,0,0,0,0,0,a0,0,6a,7,0,0,0,0,ba,e7,57,be,0,0,0,0,0   TimeStamp  :  41159       Distance  :  104

(PORT 1) : 6a,5,0,18,34,12,0,0,0,0,0,a1,0,6b,7,0,0,0,0,ed,15,bf,be,0,0,0,0,0   TimeStamp  :  41447       Distance  :  105

(PORT 1) : 6a,5,0,18,34,12,0,0,0,0,0,97,0,6c,7,0,0,0,0,25,40,3f,75,0,0,0,0,0   TimeStamp  :  41735       Distance  :  95

(PORT 1) : 6a,5,0,18,34,12,0,0,0,0,0,a4,0,6d,7,0,0,0,0,db,fe,63,cd,0,0,0,0,0   TimeStamp  :  42023       Distance  :  108

(PORT 1) : 6a,5,0,18,34,12,0,0,0,0,0,a0,0,6e,7,0,0,0,0,3c,3c,53,0,0,0,0,0,0   TimeStamp  :  42312       Distance  :  104

(PORT 1) : 6a,5,0,18,34,12,0,0,0,0,0,a0,0,6f,7,0,0,0,0,b3,ad,78,3c,0,0,0,0,0   TimeStamp  :  42599       Distance  :  104

(PORT 1) : 6a,5,0,18,34,12,0,0,0,0,0,a1,0,70,7,0,0,0,0,69,8f,30,a0,0,0,0,0,0   TimeStamp  :  42888       Distance  :  105

(PORT 1) : 6a,5,0,18,34,12,0,0,0,0,0,a1,0,71,7,0,0,0,0,7,4a,c2,4b,0,0,0,0,0   TimeStamp  :  43175       Distance  :  105

(PORT 1) : 6a,5,0,18,34,12,0,0,0,0,0,a1,0,72,7,0,0,0,0,b9,d8,a1,43,0,0,0,0,0   TimeStamp  :  43462       Distance  :  105

(PORT 1) : 6a,5,0,18,34,12,0,0,0,0,0,a1,0,73,7,0,0,0,0,15,34,79,5d,0,0,0,0,0   TimeStamp  :  43751       Distance  :  105

(PORT 1) : 6a,5,0,18,34,12,0,0,0,0,0,a0,0,74,7,0,0,0,0,45,a4,54,33,0,0,0,0,0   TimeStamp  :  44039       Distance  :  104

(PORT 1) : 6a,5,0,18,34,12,0,0,0,0,0,a1,0,75,7,0,0,0,0,7c,aa,b9,30,0,0,0,0,0   TimeStamp  :  44327       Distance  :  105

(PORT 1) : 6a,5,0,18,34,12,0,0,0,0,0,a0,0,76,7,0,0,0,0,1,0,4e,c,0,0,0,0,0   TimeStamp  :  44614       Distance  :  104

(PORT 1) : 6a,5,0,18,34,12,0,0,0,0,0,a0,0,77,7,0,0,0,0,3d,8b,1c,9e,0,0,0,0,0   TimeStamp  :  44903       Distance  :  104

(PORT 1) : 6a,5,0,18,34,12,0,0,0,0,0,a1,0,78,7,0,0,0,0,ab,8,33,0,0,0,0,0,0   TimeStamp  :  45190       Distance  :  105

(PORT 1) : 6a,5,0,18,34,12,0,0,0,0,0,a1,0,79,7,0,0,0,0,a7,6c,ae,3b,0,0,0,0,0   TimeStamp  :  45479       Distance  :  105

(PORT 1) : 6a,5,0,18,34,12,0,0,0,0,0,a1,0,7a,7,0,0,0,0,bf,29,e7,1b,0,0,0,0,0   TimeStamp  :  45766       Distance  :  105

(PORT 1) : 6a,5,0,18,34,12,0,0,0,0,0,a1,0,7b,7,0,0,0,0,39,27,da,d0,0,0,0,0,0   TimeStamp  :  46055       Distance  :  105

(PORT 1) : 6a,5,0,18,34,12,0,0,0,0,0,a0,0,7c,7,0,0,0,0,9,b0,3f,29,0,0,0,0,0   TimeStamp  :  46342       Distance  :  104

(PORT 1) : 6a,5,0,18,34,12,0,0,0,0,0,a2,0,7d,7,0,0,0,0,e4,d1,7f,74,0,0,0,0,0   TimeStamp  :  46630       Distance  :  106

(PORT 1) : 6a,5,0,18,34,12,0,0,0,0,0,a0,0,7e,7,0,0,0,0,58,95,c2,88,0,0,0,0,0   TimeStamp  :  46919       Distance  :  104

(PORT 1) : 6a,5,0,18,34,12,0,0,0,0,0,a0,0,7f,7,0,0,0,0,a0,fa,37,ad,0,0,0,0,0   TimeStamp  :  47207       Distance  :  104

(PORT 1) : 6a,5,0,18,34,12,0,0,0,0,0,a1,0,80,7,0,0,0,0,86,c3,b0,d0,0,0,0,0,0   TimeStamp  :  47495       Distance  :  105

(PORT 1) : 6a,5,0,18,34,12,0,0,0,0,0,a1,0,81,7,0,0,0,0,ab,93,a5,a6,0,0,0,0,0   TimeStamp  :  47783       Distance  :  105

(PORT 1) : 6a,5,0,18,34,12,0,0,0,0,0,a2,0,82,7,0,0,0,0,33,4e,d4,ea,0,0,0,0,0   TimeStamp  :  48069       Distance  :  106

(PORT 1) : 6a,5,0,18,34,12,0,0,0,0,0,a1,0,83,7,0,0,0,0,e8,22,51,5,0,0,0,0,0   TimeStamp  :  48358       Distance  :  105

(PORT 1) : 6a,5,0,18,34,12,0,0,0,0,0,a1,0,84,7,0,0,0,0,d1,f0,1b,de,0,0,0,0,0   TimeStamp  :  48646       Distance  :  105

(PORT 1) : 6a,5,0,18,34,12,0,0,0,0,0,a0,0,85,7,0,0,0,0,b3,48,2f,9f,0,0,0,0,0   TimeStamp  :  48934       Distance  :  104

(PORT 1) : 6a,5,0,18,34,12,0,0,0,0,0,a1,0,86,7,0,0,0,0,cb,3b,48,f5,0,0,0,0,0   TimeStamp  :  49222       Distance  :  105

(PORT 1) : 6a,5,0,18,34,12,0,0,0,0,0,a1,0,87,7,0,0,0,0,b6,b4,7c,ab,0,0,0,0,0   TimeStamp  :  49510       Distance  :  105

(PORT 1) : 6a,5,0,18,34,12,0,0,0,0,0,a1,0,88,7,0,0,0,0,47,ef,46,55,0,0,0,0,0   TimeStamp  :  49799       Distance  :  105

(PORT 1) : 6a,5,0,18,34,12,0,0,0,0,0,a1,0,89,7,0,0,0,0,1b,9a,b0,0,0,0,0,0,0   TimeStamp  :  50086       Distance  :  105

(PORT 1) : 6a,5,0,18,34,12,0,0,0,0,0,a7,0,8a,7,0,0,0,0,5b,eb,31,2f,0,0,0,0,0   TimeStamp  :  50375       Distance  :  111

(PORT 1) : 6a,5,0,18,34,12,0,0,0,0,0,a1,0,8b,7,0,0,0,0,b9,64,da,21,0,0,0,0,0   TimeStamp  :  50663       Distance  :  105

(PORT 1) : 6a,5,0,18,34,12,0,0,0,0,0,a0,0,8c,7,0,0,0,0,b,42,8e,e5,0,0,0,0,0   TimeStamp  :  50951       Distance  :  104

(PORT 1) : 6a,5,0,18,34,12,0,0,0,0,0,a0,0,8d,7,0,0,0,0,86,7f,a2,3b,0,0,0,0,0   TimeStamp  :  51239       Distance  :  104

(PORT 1) : 6a,5,0,18,34,12,0,0,0,0,0,a2,0,8e,7,0,0,0,0,36,8c,84,53,0,0,0,0,0   TimeStamp  :  51527       Distance  :  106

(PORT 1) : 6a,5,0,18,34,12,0,0,0,0,0,a2,0,8f,7,0,0,0,0,ad,d4,89,97,0,0,0,0,0   TimeStamp  :  51815       Distance  :  106

(PORT 1) : 6a,5,0,18,34,12,0,0,0,0,0,a2,0,90,7,0,0,0,0,71,5a,c2,e5,0,0,0,0,0   TimeStamp  :  52103       Distance  :  106

(PORT 1) : 6a,5,0,18,34,12,0,0,0,0,0,a0,0,91,7,0,0,0,0,be,d1,37,82,0,0,0,0,0   TimeStamp  :  52391       Distance  :  104

(PORT 1) : 6a,5,0,18,34,12,0,0,0,0,0,a1,0,92,7,0,0,0,0,d0,ca,e,f5,0,0,0,0,0   TimeStamp  :  52679       Distance  :  105

(PORT 1) : 6a,5,0,18,34,12,0,0,0,0,0,a0,0,93,7,0,0,0,0,b4,54,75,f9,0,0,0,0,0   TimeStamp  :  52967       Distance  :  104

(PORT 1) : 6a,5,0,18,34,12,0,0,0,0,0,a0,0,94,7,0,0,0,0,30,2e,d3,37,0,0,0,0,0   TimeStamp  :  53255       Distance  :  104

(PORT 1) : 6a,5,0,18,34,12,0,0,0,0,0,a1,0,95,7,0,0,0,0,71,e3,ad,30,0,0,0,0,0   TimeStamp  :  53543       Distance  :  105

(PORT 1) : 6a,5,0,18,34,12,0,0,0,0,0,a0,0,96,7,0,0,0,0,4b,cd,cb,ea,0,0,0,0,0   TimeStamp  :  53831       Distance  :  104

(PORT 1) : 6a,5,0,18,34,12,0,0,0,0,0,a1,0,97,7,0,0,0,0,4,cf,78,f9,0,0,0,0,0   TimeStamp  :  54119       Distance  :  105

(PORT 1) : 6a,5,0,18,34,12,0,0,0,0,0,a2,0,98,7,0,0,0,0,bd,25,67,87,0,0,0,0,0   TimeStamp  :  54407       Distance  :  106

(PORT 1) : 6a,5,0,18,34,12,0,0,0,0,0,a0,0,99,7,0,0,0,0,da,1e,22,af,0,0,0,0,0   TimeStamp  :  54694       Distance  :  104

(PORT 1) : 6a,5,0,18,34,12,0,0,0,0,0,a0,0,9a,7,0,0,0,0,1e,39,e6,5a,0,0,0,0,0   TimeStamp  :  54983       Distance  :  104

(PORT 1) : 6a,5,0,18,34,12,0,0,0,0,0,a1,0,9b,7,0,0,0,0,18,f7,88,89,0,0,0,0,0   TimeStamp  :  55271       Distance  :  105

(PORT 1) : 6a,5,0,18,34,12,0,0,0,0,0,9f,0,9c,7,0,0,0,0,87,fd,86,23,0,0,0,0,0   TimeStamp  :  55559       Distance  :  103

(PORT 1) : 6a,5,0,18,34,12,0,0,0,0,0,a1,0,9d,7,0,0,0,0,f8,9d,42,cd,0,0,0,0,0   TimeStamp  :  55847       Distance  :  105

(PORT 1) : 6a,5,0,18,34,12,0,0,0,0,0,a0,0,9e,7,0,0,0,0,ba,84,ba,5f,0,0,0,0,0   TimeStamp  :  56135       Distance  :  104

(PORT 1) : 6a,5,0,18,34,12,0,0,0,0,0,a1,0,9f,7,0,0,0,0,95,d9,85,26,0,0,0,0,0   TimeStamp  :  56423       Distance  :  105

(PORT 1) : 6a,5,0,18,34,12,0,0,0,0,0,a0,0,a0,7,0,0,0,0,dd,4e,36,4e,0,0,0,0,0   TimeStamp  :  56711       Distance  :  104

(PORT 1) : 6a,5,0,18,34,12,0,0,0,0,0,a1,0,a1,7,0,0,0,0,97,73,0,d4,0,0,0,0,0   TimeStamp  :  56998       Distance  :  105

(PORT 1) : 6a,5,0,18,34,12,0,0,0,0,0,a1,0,a2,7,0,0,0,0,56,a8,53,18,0,0,0,0,0   TimeStamp  :  57287       Distance  :  105

(PORT 1) : 6a,5,0,18,34,12,0,0,0,0,0,a1,0,a3,7,0,0,0,0,84,61,8e,f6,0,0,0,0,0   TimeStamp  :  57575       Distance  :  105

(PORT 1) : 6a,5,0,18,34,12,0,0,0,0,0,a0,0,a4,7,0,0,0,0,5d,b,4e,36,0,0,0,0,0   TimeStamp  :  57862       Distance  :  104

(PORT 1) : 6a,5,0,18,34,12,0,0,0,0,0,a1,0,a5,7,0,0,0,0,ca,9e,ea,30,0,0,0,0,0   TimeStamp  :  58151       Distance  :  105

(PORT 1) : 6a,5,0,18,34,12,0,0,0,0,0,a1,0,a6,7,0,0,0,0,2f,49,b8,e2,0,0,0,0,0   TimeStamp  :  58438       Distance  :  105

(PORT 1) : 6a,5,0,18,34,12,0,0,0,0,0,a1,0,a7,7,0,0,0,0,bd,45,79,b3,0,0,0,0,0   TimeStamp  :  58726       Distance  :  105

(PORT 1) : 6a,5,0,18,34,12,0,0,0,0,0,a1,0,a8,7,0,0,0,0,cb,37,68,b4,0,0,0,0,0   TimeStamp  :  59014       Distance  :  105

(PORT 1) : 6a,5,0,18,34,12,0,0,0,0,0,a0,0,a9,7,0,0,0,0,28,89,bd,5e,0,0,0,0,0   TimeStamp  :  59303       Distance  :  104

(PORT 1) : 6a,5,0,18,34,12,0,0,0,0,0,a1,0,aa,7,0,0,0,0,6,22,1e,c9,0,0,0,0,0   TimeStamp  :  59591       Distance  :  105

(PORT 1) : 6a,5,0,18,34,12,0,0,0,0,0,a1,0,ab,7,0,0,0,0,b6,87,bf,32,0,0,0,0,0   TimeStamp  :  59879       Distance  :  105

(PORT 1) : 6a,5,0,18,34,12,0,0,0,0,0,a0,0,ac,7,0,0,0,0,a5,de,10,2d,0,0,0,0,0   TimeStamp  :  60166       Distance  :  104

(PORT 1) : 6a,5,0,18,34,12,0,0,0,0,0,a0,0,ad,7,0,0,0,0,45,35,b5,b0,0,0,0,0,0   TimeStamp  :  60454       Distance  :  104

(PORT 1) : 6a,5,0,18,34,12,0,0,0,0,0,a1,0,ae,7,0,0,0,0,9b,fc,ae,be,0,0,0,0,0   TimeStamp  :  60743       Distance  :  105

(PORT 1) : 6a,5,0,18,34,12,0,0,0,0,0,a0,0,af,7,0,0,0,0,f2,da,46,82,0,0,0,0,0   TimeStamp  :  61030       Distance  :  104

(PORT 1) : 6a,5,0,18,34,12,0,0,0,0,0,a1,0,b0,7,0,0,0,0,70,53,e1,c,0,0,0,0,0   TimeStamp  :  61319       Distance  :  105

(PORT 1) : 6a,5,0,18,34,12,0,0,0,0,0,a1,0,b1,7,0,0,0,0,a,a2,9c,c2,0,0,0,0,0   TimeStamp  :  61606       Distance  :  105

(PORT 1) : 6a,5,0,18,34,12,0,0,0,0,0,a1,0,b2,7,0,0,0,0,0,a6,f2,57,0,0,0,0,0   TimeStamp  :  61894       Distance  :  105

(PORT 1) : 6a,5,0,18,34,12,0,0,0,0,0,a1,0,b3,7,0,0,0,0,38,8,b0,c8,0,0,0,0,0   TimeStamp  :  62182       Distance  :  105

(PORT 1) : 6a,5,0,18,34,12,0,0,0,0,0,a1,0,b4,7,0,0,0,0,db,49,84,40,0,0,0,0,0   TimeStamp  :  62470       Distance  :  105

(PORT 1) : 6a,5,0,18,34,12,0,0,0,0,0,a0,0,b5,7,0,0,0,0,e7,41,e,d,0,0,0,0,0   TimeStamp  :  62758       Distance  :  104

(PORT 1) : 6a,5,0,18,34,12,0,0,0,0,0,a1,0,b6,7,0,0,0,0,2a,b3,fc,2,0,0,0,0,0   TimeStamp  :  63046       Distance  :  105

(PORT 1) : 6a,5,0,18,34,12,0,0,0,0,0,a0,0,b7,7,0,0,0,0,ac,2d,bd,83,0,0,0,0,0   TimeStamp  :  63334       Distance  :  104

(PORT 1) : 6a,5,0,18,34,12,0,0,0,0,0,a2,0,b8,7,0,0,0,0,f3,9,93,4f,0,0,0,0,0   TimeStamp  :  63621       Distance  :  106

(PORT 1) : 6a,5,0,18,34,12,0,0,0,0,0,a0,0,b9,7,0,0,0,0,34,e6,2a,1b,0,0,0,0,0   TimeStamp  :  63910       Distance  :  104

(PORT 1) : 6a,5,0,18,34,12,0,0,0,0,0,a1,0,ba,7,0,0,0,0,4e,95,66,6a,0,0,0,0,0   TimeStamp  :  64198       Distance  :  105

(PORT 1) : 6a,5,0,18,34,12,0,0,0,0,0,a0,0,bb,7,0,0,0,0,99,32,29,d9,0,0,0,0,0   TimeStamp  :  64486       Distance  :  104

(PORT 1) : 6a,5,0,18,34,12,0,0,0,0,0,a1,0,bc,7,0,0,0,0,a9,b4,d5,d3,0,0,0,0,0   TimeStamp  :  64774       Distance  :  105

(PORT 1) : 6a,5,0,18,34,12,0,0,0,0,0,a2,0,bd,7,0,0,0,0,fa,2a,a6,9,0,0,0,0,0   TimeStamp  :  65062       Distance  :  106

(PORT 1) : 6a,5,0,18,34,12,0,0,0,0,0,a0,0,be,7,0,0,0,0,a0,65,79,51,0,0,0,0,0   TimeStamp  :  65350       Distance  :  104

(PORT 1) : 6a,5,0,18,34,12,0,0,0,0,0,a0,0,bf,7,0,0,0,0,96,64,6f,88,0,0,0,0,0   TimeStamp  :  65638       Distance  :  104

(PORT 1) : 6a,5,0,18,34,12,0,0,0,0,0,a1,0,c0,7,0,0,0,0,2a,2a,4,b5,0,0,0,0,0   TimeStamp  :  65926       Distance  :  105

(PORT 1) : 6a,5,0,18,34,12,0,0,0,0,0,a0,0,c1,7,0,0,0,0,d3,ec,79,bc,0,0,0,0,0   TimeStamp  :  66215       Distance  :  104

(PORT 1) : 6a,5,0,18,34,12,0,0,0,0,0,a1,0,c2,7,0,0,0,0,e6,b6,98,7f,0,0,0,0,0   TimeStamp  :  66502       Distance  :  105

(PORT 1) : 6a,5,0,18,34,12,0,0,0,0,0,a1,0,c3,7,0,0,0,0,2c,6d,de,b5,0,0,0,0,0   TimeStamp  :  66790       Distance  :  105

(PORT 1) : 6a,5,0,18,34,12,0,0,0,0,0,a0,0,c4,7,0,0,0,0,b8,bc,a6,e8,0,0,0,0,0   TimeStamp  :  67078       Distance  :  104

(PORT 1) : 6a,5,0,18,34,12,0,0,0,0,0,a0,0,c5,7,0,0,0,0,32,6a,50,ef,0,0,0,0,0   TimeStamp  :  67365       Distance  :  104

(PORT 1) : 6a,5,0,18,34,12,0,0,0,0,0,a0,0,c6,7,0,0,0,0,b9,da,87,e9,0,0,0,0,0   TimeStamp  :  67654       Distance  :  104

(PORT 1) : 6a,5,0,18,34,12,0,0,0,0,0,a1,0,c7,7,0,0,0,0,68,b4,90,31,0,0,0,0,0   TimeStamp  :  67942       Distance  :  105

(PORT 1) : 6a,5,0,18,34,12,0,0,0,0,0,a1,0,c8,7,0,0,0,0,bd,ce,88,c9,0,0,0,0,0   TimeStamp  :  68230       Distance  :  105

(PORT 1) : 6a,5,0,18,34,12,0,0,0,0,0,a1,0,c9,7,0,0,0,0,ca,9b,1e,bb,0,0,0,0,0   TimeStamp  :  68518       Distance  :  105

(PORT 1) : 6a,5,0,18,34,12,0,0,0,0,0,a1,0,ca,7,0,0,0,0,95,c0,73,3f,0,0,0,0,0   TimeStamp  :  68806       Distance  :  105

(PORT 1) : 6a,5,0,18,34,12,0,0,0,0,0,a1,0,cb,7,0,0,0,0,dc,6a,8e,9b,0,0,0,0,0   TimeStamp  :  69094       Distance  :  105

(PORT 1) : 6a,5,0,18,34,12,0,0,0,0,0,a1,0,cc,7,0,0,0,0,9,7c,e8,f,0,0,0,0,0   TimeStamp  :  69382       Distance  :  105

(PORT 1) : 6a,5,0,18,34,12,0,0,0,0,0,a1,0,cd,7,0,0,0,0,4,a1,d6,1f,0,0,0,0,0   TimeStamp  :  69670       Distance  :  105

(PORT 1) : 6a,5,0,18,34,12,0,0,0,0,0,a1,0,ce,7,0,0,0,0,54,96,f5,8,0,0,0,0,0   TimeStamp  :  69958       Distance  :  105

(PORT 1) : 6a,5,0,18,34,12,0,0,0,0,0,a1,0,cf,7,0,0,0,0,2e,2e,ba,ad,0,0,0,0,0   TimeStamp  :  70246       Distance  :  105

(PORT 1) : 6a,5,0,18,34,12,0,0,0,0,0,a1,0,d0,7,0,0,0,0,b0,b0,82,62,0,0,0,0,0   TimeStamp  :  70534       Distance  :  105

(PORT 1) : 6a,5,0,18,34,12,0,0,0,0,0,a3,0,d1,7,0,0,0,0,d8,6d,b7,cd,0,0,0,0,0   TimeStamp  :  70822       Distance  :  107

(PORT 1) : 6a,5,0,18,34,12,0,0,0,0,0,a1,0,d2,7,0,0,0,0,84,26,40,54,0,0,0,0,0   TimeStamp  :  71110       Distance  :  105

(PORT 1) : 6a,5,0,18,34,12,0,0,0,0,0,a1,0,d3,7,0,0,0,0,14,2d,4a,c0,0,0,0,0,0   TimeStamp  :  71398       Distance  :  105

(PORT 1) : 6a,5,0,18,34,12,0,0,0,0,0,a1,0,d4,7,0,0,0,0,ae,2b,67,e6,0,0,0,0,0   TimeStamp  :  71686       Distance  :  105

(PORT 1) : 6a,5,0,18,34,12,0,0,0,0,0,a0,0,d5,7,0,0,0,0,c5,69,a6,f5,0,0,0,0,0   TimeStamp  :  71974       Distance  :  104

(PORT 1) : 6a,5,0,18,34,12,0,0,0,0,0,a1,0,d6,7,0,0,0,0,7c,91,15,29,0,0,0,0,0   TimeStamp  :  72262       Distance  :  105

(PORT 1) : 6a,5,0,18,34,12,0,0,0,0,0,a0,0,d7,7,0,0,0,0,6c,b2,66,0,0,0,0,0,0   TimeStamp  :  72550       Distance  :  104

(PORT 1) : 6a,5,0,18,34,12,0,0,0,0,0,a0,0,d8,7,0,0,0,0,e0,c2,17,2f,0,0,0,0,0   TimeStamp  :  72838       Distance  :  104

(PORT 1) : 6a,5,0,18,34,12,0,0,0,0,0,a0,0,d9,7,0,0,0,0,75,2c,45,6d,0,0,0,0,0   TimeStamp  :  73126       Distance  :  104

(PORT 1) : 6a,5,0,18,34,12,0,0,0,0,0,a1,0,da,7,0,0,0,0,2e,d3,5,25,0,0,0,0,0   TimeStamp  :  73414       Distance  :  105

(PORT 1) : 6a,5,0,18,34,12,0,0,0,0,0,a1,0,db,7,0,0,0,0,5e,59,64,25,0,0,0,0,0   TimeStamp  :  73702       Distance  :  105

(PORT 1) : 6a,5,0,18,34,12,0,0,0,0,0,a0,0,dc,7,0,0,0,0,85,b5,e,65,0,0,0,0,0   TimeStamp  :  73989       Distance  :  104

(PORT 1) : 6a,5,0,18,34,12,0,0,0,0,0,a0,0,dd,7,0,0,0,0,fb,37,c2,83,0,0,0,0,0   TimeStamp  :  74277       Distance  :  104

(PORT 1) : 6a,5,0,18,34,12,0,0,0,0,0,a0,0,de,7,0,0,0,0,15,24,25,20,0,0,0,0,0   TimeStamp  :  74565       Distance  :  104

(PORT 1) : 6a,5,0,18,34,12,0,0,0,0,0,a1,0,df,7,0,0,0,0,9d,1,22,af,0,0,0,0,0   TimeStamp  :  74854       Distance  :  105

(PORT 1) : 6a,5,0,18,34,12,0,0,0,0,0,a0,0,e0,7,0,0,0,0,eb,b4,dc,e,0,0,0,0,0   TimeStamp  :  75141       Distance  :  104

(PORT 1) : 6a,5,0,18,34,12,0,0,0,0,0,a0,0,e1,7,0,0,0,0,4b,bc,d1,95,0,0,0,0,0   TimeStamp  :  75430       Distance  :  104

(PORT 1) : 6a,5,0,18,34,12,0,0,0,0,0,a1,0,e2,7,0,0,0,0,b4,c0,3b,2c,0,0,0,0,0   TimeStamp  :  75718       Distance  :  105

(PORT 1) : 6a,5,0,18,34,12,0,0,0,0,0,a1,0,e3,7,0,0,0,0,93,c0,30,f7,0,0,0,0,0   TimeStamp  :  76007       Distance  :  105

(PORT 1) : 6a,5,0,18,34,12,0,0,0,0,0,a0,0,e4,7,0,0,0,0,8a,6e,dc,14,0,0,0,0,0   TimeStamp  :  76295       Distance  :  104

(PORT 1) : 6a,5,0,18,34,12,0,0,0,0,0,a0,0,e5,7,0,0,0,0,d2,f3,91,65,0,0,0,0,0   TimeStamp  :  76582       Distance  :  104

(PORT 1) : 6a,5,0,18,34,12,0,0,0,0,0,a6,0,e6,7,0,0,0,0,89,bb,21,6e,0,0,0,0,0   TimeStamp  :  76871       Distance  :  110

(PORT 1) : 6a,5,0,18,34,12,0,0,0,0,0,a2,0,e7,7,0,0,0,0,a7,a4,1d,c1,0,0,0,0,0   TimeStamp  :  77159       Distance  :  106

(PORT 1) : 6a,5,0,18,34,12,0,0,0,0,0,a1,0,e8,7,0,0,0,0,8c,d0,b8,5b,0,0,0,0,0   TimeStamp  :  77448       Distance  :  105

(PORT 1) : 6a,5,0,18,34,12,0,0,0,0,0,a0,0,e9,7,0,0,0,0,5f,92,82,aa,0,0,0,0,0   TimeStamp  :  77735       Distance  :  104

(PORT 1) : 6a,5,0,18,34,12,0,0,0,0,0,a0,0,ea,7,0,0,0,0,3c,1,5c,eb,0,0,0,0,0   TimeStamp  :  78022       Distance  :  104

(PORT 1) : 6a,5,0,18,34,12,0,0,0,0,0,a1,0,eb,7,0,0,0,0,ee,d2,30,dc,0,0,0,0,0   TimeStamp  :  78310       Distance  :  105

(PORT 1) : 6a,5,0,18,34,12,0,0,0,0,0,a1,0,ec,7,0,0,0,0,96,24,88,27,0,0,0,0,0   TimeStamp  :  78599       Distance  :  105

(PORT 1) : 6a,5,0,18,34,12,0,0,0,0,0,a0,0,ed,7,0,0,0,0,74,4f,b2,6f,0,0,0,0,0   TimeStamp  :  78887       Distance  :  104

(PORT 1) : 6a,5,0,18,34,12,0,0,0,0,0,a2,0,ee,7,0,0,0,0,b4,e2,10,b5,0,0,0,0,0   TimeStamp  :  79175       Distance  :  106

(PORT 1) : 6a,5,0,18,34,12,0,0,0,0,0,a1,0,ef,7,0,0,0,0,81,67,24,ae,0,0,0,0,0   TimeStamp  :  79463       Distance  :  105

(PORT 1) : 6a,5,0,18,34,12,0,0,0,0,0,a1,0,f0,7,0,0,0,0,dd,4d,e5,50,0,0,0,0,0   TimeStamp  :  79752       Distance  :  105

(PORT 1) : 6a,5,0,18,34,12,0,0,0,0,0,a0,0,f1,7,0,0,0,0,64,d6,8d,64,0,0,0,0,0   TimeStamp  :  80039       Distance  :  104

(PORT 1) : 6a,5,0,18,34,12,0,0,0,0,0,a2,0,f2,7,0,0,0,0,b8,1c,10,93,0,0,0,0,0   TimeStamp  :  80327       Distance  :  106

(PORT 1) : 6a,5,0,18,34,12,0,0,0,0,0,a2,0,f3,7,0,0,0,0,ba,81,a4,5c,0,0,0,0,0   TimeStamp  :  80615       Distance  :  106

(PORT 1) : 6a,5,0,18,34,12,0,0,0,0,0,a1,0,f4,7,0,0,0,0,67,36,f6,60,0,0,0,0,0   TimeStamp  :  80903       Distance  :  105

(PORT 1) : 6a,5,0,18,34,12,0,0,0,0,0,a1,0,f5,7,0,0,0,0,51,18,b0,15,0,0,0,0,0   TimeStamp  :  81191       Distance  :  105
