
(PORT 1) : 6a,5,0,18,34,12,0,0,0,0,0,bb,0,7c,8,0,0,0,0,93,c0,9a,ab,0,0,0,0,0   TimeStamp  :  120068       Distance  :  131

(PORT 1) : 6a,5,0,18,34,12,0,0,0,0,0,bb,0,7d,8,0,0,0,0,e3,1c,ff,14,0,0,0,0,0   TimeStamp  :  120356       Distance  :  131

(PORT 1) : 6a,5,0,18,34,12,0,0,0,0,0,b9,0,7e,8,0,0,0,0,1a,a2,e5,54,0,0,0,0,0   TimeStamp  :  120644       Distance  :  129

(PORT 1) : 6a,5,0,18,34,12,0,0,0,0,0,b9,0,7f,8,0,0,0,0,a7,f8,ca,c8,0,0,0,0,0   TimeStamp  :  120932       Distance  :  129

(PORT 1) : 6a,5,0,18,34,12,0,0,0,0,0,b9,0,80,8,0,0,0,0,7b,46,e7,8c,0,0,0,0,0   TimeStamp  :  121221       Distance  :  129

(PORT 1) : 6a,5,0,18,34,12,0,0,0,0,0,ba,0,81,8,0,0,0,0,8,e7,3e,8a,0,0,0,0,0   TimeStamp  :  121509       Distance  :  130

(PORT 1) : 6a,5,0,18,34,12,0,0,0,0,0,ba,0,82,8,0,0,0,0,4,c1,e2,3a,0,0,0,0,0   TimeStamp  :  270       Distance  :  130

(PORT 1) : 6a,5,0,18,34,12,0,0,0,0,0,b8,0,83,8,0,0,0,0,3c,63,89,69,0,0,0,0,0   TimeStamp  :  558       Distance  :  128

(PORT 1) : 6a,5,0,18,34,12,0,0,0,0,0,b9,0,84,8,0,0,0,0,16,6c,da,30,0,0,0,0,0   TimeStamp  :  847       Distance  :  129

(PORT 1) : 6a,5,0,18,34,12,0,0,0,0,0,ba,0,85,8,0,0,0,0,bc,46,ab,b8,0,0,0,0,0   TimeStamp  :  1135       Distance  :  130

(PORT 1) : 6a,5,0,18,34,12,0,0,0,0,0,ba,0,86,8,0,0,0,0,20,ba,c4,e,0,0,0,0,0   TimeStamp  :  1423       Distance  :  130

(PORT 1) : 6a,5,0,18,34,12,0,0,0,0,0,b9,0,87,8,0,0,0,0,38,b4,79,15,0,0,0,0,0   TimeStamp  :  1711       Distance  :  129

(PORT 1) : 6a,5,0,18,34,12,0,0,0,0,0,bb,0,88,8,0,0,0,0,9e,6c,3f,a7,0,0,0,0,0   TimeStamp  :  1999       Distance  :  131

(PORT 1) : 6a,5,0,18,34,12,0,0,0,0,0,ba,0,89,8,0,0,0,0,85,66,a1,42,0,0,0,0,0   TimeStamp  :  2287       Distance  :  130

(PORT 1) : 6a,5,0,18,34,12,0,0,0,0,0,bb,0,8a,8,0,0,0,0,ed,53,a0,32,0,0,0,0,0   TimeStamp  :  2575       Distance  :  131

(PORT 1) : 6a,5,0,18,34,12,0,0,0,0,0,b9,0,8b,8,0,0,0,0,61,97,4,5d,0,0,0,0,0   TimeStamp  :  2863       Distance  :  129

(PORT 1) : 6a,5,0,18,34,12,0,0,0,0,0,bb,0,8c,8,0,0,0,0,b1,80,fe,f8,0,0,0,0,0   TimeStamp  :  3152       Distance  :  131

(PORT 1) : 6a,5,0,18,34,12,0,0,0,0,0,ba,0,8d,8,0,0,0,0,6e,a9,7e,fb,0,0,0,0,0   TimeStamp  :  3440       Distance  :  130

(PORT 1) : 6a,5,0,18,34,12,0,0,0,0,0,ba,0,8e,8,0,0,0,0,3,c4,4a,86,0,0,0,0,0   TimeStamp  :  3726       Distance  :  130

(PORT 1) : 6a,5,0,18,34,12,0,0,0,0,0,b9,0,8f,8,0,0,0,0,55,7c,da,67,0,0,0,0,0   TimeStamp  :  4014       Distance  :  129

(PORT 1) : 6a,5,0,18,34,12,0,0,0,0,0,bd,0,90,8,0,0,0,0,25,76,41,fb,0,0,0,0,0   TimeStamp  :  4303       Distance  :  133

(PORT 1) : 6a,5,0,18,34,12,0,0,0,0,0,b8,0,91,8,0,0,0,0,ac,7a,7d,23,0,0,0,0,0   TimeStamp  :  4591       Distance  :  128

(PORT 1) : 6a,5,0,18,34,12,0,0,0,0,0,ba,0,92,8,0,0,0,0,ac,d0,d1,72,0,0,0,0,0   TimeStamp  :  4879       Distance  :  130

(PORT 1) : 6a,5,0,18,34,12,0,0,0,0,0,bb,0,93,8,0,0,0,0,d9,a4,e5,dc,0,0,0,0,0   TimeStamp  :  5167       Distance  :  131

(PORT 1) : 6a,5,0,18,34,12,0,0,0,0,0,b9,0,94,8,0,0,0,0,81,91,e1,ea,0,0,0,0,0   TimeStamp  :  5455       Distance  :  129

(PORT 1) : 6a,5,0,18,34,12,0,0,0,0,0,ba,0,95,8,0,0,0,0,88,24,71,f7,0,0,0,0,0   TimeStamp  :  5742       Distance  :  130

(PORT 1) : 6a,5,0,18,34,12,0,0,0,0,0,b9,0,96,8,0,0,0,0,65,81,76,46,0,0,0,0,0   TimeStamp  :  6030       Distance  :  129

(PORT 1) : 6a,5,0,18,34,12,0,0,0,0,0,ba,0,97,8,0,0,0,0,cd,a5,34,e6,0,0,0,0,0   TimeStamp  :  6319       Distance  :  130

(PORT 1) : 6a,5,0,18,34,12,0,0,0,0,0,bb,0,98,8,0,0,0,0,db,91,5f,88,0,0,0,0,0   TimeStamp  :  6606       Distance  :  131

(PORT 1) : 6a,5,0,18,34,12,0,0,0,0,0,ba,0,99,8,0,0,0,0,2b,46,8b,ae,0,0,0,0,0   TimeStamp  :  6894       Distance  :  130

(PORT 1) : 6a,5,0,18,34,12,0,0,0,0,0,b9,0,9a,8,0,0,0,0,9c,b3,27,b3,0,0,0,0,0   TimeStamp  :  7183       Distance  :  129

(PORT 1) : 6a,5,0,18,34,12,0,0,0,0,0,ba,0,9b,8,0,0,0,0,31,4c,ff,69,0,0,0,0,0   TimeStamp  :  7470       Distance  :  130

(PORT 1) : 6a,5,0,18,34,12,0,0,0,0,0,bb,0,9c,8,0,0,0,0,f5,9f,ac,51,0,0,0,0,0   TimeStamp  :  7759       Distance  :  131

(PORT 1) : 6a,5,0,18,34,12,0,0,0,0,0,ba,0,9d,8,0,0,0,0,d8,74,1b,71,0,0,0,0,0   TimeStamp  :  8047       Distance  :  130

(PORT 1) : 6a,5,0,18,34,12,0,0,0,0,0,b9,0,9e,8,0,0,0,0,52,a8,76,80,0,0,0,0,0   TimeStamp  :  8335       Distance  :  129

(PORT 1) : 6a,5,0,18,34,12,0,0,0,0,0,bb,0,9f,8,0,0,0,0,32,f8,a2,1d,0,0,0,0,0   TimeStamp  :  8623       Distance  :  131

(PORT 1) : 6a,5,0,18,34,12,0,0,0,0,0,b9,0,a0,8,0,0,0,0,14,e9,84,b,0,0,0,0,0   TimeStamp  :  8911       Distance  :  129

(PORT 1) : 6a,5,0,18,34,12,0,0,0,0,0,b9,0,a1,8,0,0,0,0,5,dc,6e,58,0,0,0,0,0   TimeStamp  :  9198       Distance  :  129

(PORT 1) : 6a,5,0,18,34,12,0,0,0,0,0,bb,0,a2,8,0,0,0,0,93,dc,f5,f2,0,0,0,0,0   TimeStamp  :  9487       Distance  :  131

(PORT 1) : 6a,5,0,18,34,12,0,0,0,0,0,c2,0,a3,8,0,0,0,0,a4,5d,ab,c7,0,0,0,0,0   TimeStamp  :  9775       Distance  :  138

(PORT 1) : 6a,5,0,18,34,12,0,0,0,0,0,bb,0,a4,8,0,0,0,0,4c,3,c3,27,0,0,0,0,0   TimeStamp  :  10063       Distance  :  131

(PORT 1) : 6a,5,0,18,34,12,0,0,0,0,0,b9,0,a5,8,0,0,0,0,36,c0,a2,6c,0,0,0,0,0   TimeStamp  :  10351       Distance  :  129

(PORT 1) : 6a,5,0,18,34,12,0,0,0,0,0,bb,0,a6,8,0,0,0,0,9f,62,9a,88,0,0,0,0,0   TimeStamp  :  10638       Distance  :  131

(PORT 1) : 6a,5,0,18,34,12,0,0,0,0,0,bb,0,a7,8,0,0,0,0,2a,8b,ab,11,0,0,0,0,0   TimeStamp  :  10927       Distance  :  131

(PORT 1) : 6a,5,0,18,34,12,0,0,0,0,0,bc,0,a8,8,0,0,0,0,b9,4a,c,3a,0,0,0,0,0   TimeStamp  :  11215       Distance  :  132

(PORT 1) : 6a,5,0,18,34,12,0,0,0,0,0,b9,0,a9,8,0,0,0,0,e1,a1,15,15,0,0,0,0,0   TimeStamp  :  11503       Distance  :  129

(PORT 1) : 6a,5,0,18,34,12,0,0,0,0,0,bb,0,aa,8,0,0,0,0,bd,60,9b,f5,0,0,0,0,0   TimeStamp  :  11791       Distance  :  131

(PORT 1) : 6a,5,0,18,34,12,0,0,0,0,0,b9,0,ab,8,0,0,0,0,ab,40,b8,3e,0,0,0,0,0   TimeStamp  :  12078       Distance  :  129

(PORT 1) : 6a,5,0,18,34,12,0,0,0,0,0,ba,0,ac,8,0,0,0,0,a1,6,c1,e7,0,0,0,0,0   TimeStamp  :  12367       Distance  :  130

(PORT 1) : 6a,5,0,18,34,12,0,0,0,0,0,ba,0,ad,8,0,0,0,0,d5,40,ed,43,0,0,0,0,0   TimeStamp  :  12655       Distance  :  130

(PORT 1) : 6a,5,0,18,34,12,0,0,0,0,0,ba,0,ae,8,0,0,0,0,4a,9e,e7,43,0,0,0,0,0   TimeStamp  :  12942       Distance  :  130

(PORT 1) : 6a,5,0,18,34,12,0,0,0,0,0,ba,0,af,8,0,0,0,0,45,8a,d5,4a,0,0,0,0,0   TimeStamp  :  13231       Distance  :  130

(PORT 1) : 6a,5,0,18,34,12,0,0,0,0,0,ba,0,b0,8,0,0,0,0,46,13,e8,2,0,0,0,0,0   TimeStamp  :  13519       Distance  :  130

(PORT 1) : 6a,5,0,18,34,12,0,0,0,0,0,b9,0,b1,8,0,0,0,0,8f,83,25,20,0,0,0,0,0   TimeStamp  :  13807       Distance  :  129

(PORT 1) : 6a,5,0,18,34,12,0,0,0,0,0,b9,0,b2,8,0,0,0,0,d3,80,fc,22,0,0,0,0,0   TimeStamp  :  14095       Distance  :  129

(PORT 1) : 6a,5,0,18,34,12,0,0,0,0,0,b9,0,b3,8,0,0,0,0,28,b6,15,f,0,0,0,0,0   TimeStamp  :  14382       Distance  :  129

(PORT 1) : 6a,5,0,18,34,12,0,0,0,0,0,ba,0,b4,8,0,0,0,0,1d,73,86,e9,0,0,0,0,0   TimeStamp  :  14669       Distance  :  130

(PORT 1) : 6a,5,0,18,34,12,0,0,0,0,0,b9,0,b5,8,0,0,0,0,8c,92,d3,49,0,0,0,0,0   TimeStamp  :  14957       Distance  :  129

(PORT 1) : 6a,5,0,18,34,12,0,0,0,0,0,ba,0,b6,8,0,0,0,0,4a,45,7,b5,0,0,0,0,0   TimeStamp  :  15245       Distance  :  130

(PORT 1) : 6a,5,0,18,34,12,0,0,0,0,0,ba,0,b7,8,0,0,0,0,1c,7f,57,3f,0,0,0,0,0   TimeStamp  :  15534       Distance  :  130

(PORT 1) : 6a,5,0,18,34,12,0,0,0,0,0,b8,0,b8,8,0,0,0,0,15,c2,af,d9,0,0,0,0,0   TimeStamp  :  15822       Distance  :  128

(PORT 1) : 6a,5,0,18,34,12,0,0,0,0,0,b9,0,b9,8,0,0,0,0,1f,23,c6,b9,0,0,0,0,0   TimeStamp  :  16109       Distance  :  129

(PORT 1) : 6a,5,0,18,34,12,0,0,0,0,0,bb,0,ba,8,0,0,0,0,28,7e,49,9c,0,0,0,0,0   TimeStamp  :  16397       Distance  :  131

(PORT 1) : 6a,5,0,18,34,12,0,0,0,0,0,ba,0,bb,8,0,0,0,0,f8,d5,dd,ab,0,0,0,0,0   TimeStamp  :  16685       Distance  :  130

(PORT 1) : 6a,5,0,18,34,12,0,0,0,0,0,bb,0,bc,8,0,0,0,0,e4,b1,7d,2b,0,0,0,0,0   TimeStamp  :  16974       Distance  :  131

(PORT 1) : 6a,5,0,18,34,12,0,0,0,0,0,ba,0,bd,8,0,0,0,0,0,e0,95,ec,0,0,0,0,0   TimeStamp  :  17260       Distance  :  130

(PORT 1) : 6a,5,0,18,34,12,0,0,0,0,0,bb,0,be,8,0,0,0,0,81,66,2c,a4,0,0,0,0,0   TimeStamp  :  17549       Distance  :  131

(PORT 1) : 6a,5,0,18,34,12,0,0,0,0,0,ba,0,bf,8,0,0,0,0,e7,c1,b1,95,0,0,0,0,0   TimeStamp  :  17837       Distance  :  130

(PORT 1) : 6a,5,0,18,34,12,0,0,0,0,0,b9,0,c0,8,0,0,0,0,45,e3,36,82,0,0,0,0,0   TimeStamp  :  18125       Distance  :  129

(PORT 1) : 6a,5,0,18,34,12,0,0,0,0,0,ba,0,c1,8,0,0,0,0,fa,79,cd,99,0,0,0,0,0   TimeStamp  :  18413       Distance  :  130

(PORT 1) : 6a,5,0,18,34,12,0,0,0,0,0,bd,0,c2,8,0,0,0,0,9d,67,74,46,0,0,0,0,0   TimeStamp  :  18701       Distance  :  133

(PORT 1) : 6a,5,0,18,34,12,0,0,0,0,0,b9,0,c3,8,0,0,0,0,b,c0,ca,58,0,0,0,0,0   TimeStamp  :  18989       Distance  :  129

(PORT 1) : 6a,5,0,18,34,12,0,0,0,0,0,ba,0,c4,8,0,0,0,0,b5,4f,63,30,0,0,0,0,0   TimeStamp  :  19277       Distance  :  130

(PORT 1) : 6a,5,0,18,34,12,0,0,0,0,0,ba,0,c5,8,0,0,0,0,df,89,e5,a5,0,0,0,0,0   TimeStamp  :  19566       Distance  :  130

(PORT 1) : 6a,5,0,18,34,12,0,0,0,0,0,ba,0,c6,8,0,0,0,0,9d,b6,a1,31,0,0,0,0,0   TimeStamp  :  19854       Distance  :  130

(PORT 1) : 6a,5,0,18,34,12,0,0,0,0,0,bb,0,c7,8,0,0,0,0,cc,4e,2a,20,0,0,0,0,0   TimeStamp  :  20140       Distance  :  131

(PORT 1) : 6a,5,0,18,34,12,0,0,0,0,0,ba,0,c8,8,0,0,0,0,10,28,6f,5d,0,0,0,0,0   TimeStamp  :  20429       Distance  :  130

(PORT 1) : 6a,5,0,18,34,12,0,0,0,0,0,bb,0,c9,8,0,0,0,0,19,6b,2a,71,0,0,0,0,0   TimeStamp  :  20717       Distance  :  131

(PORT 1) : 6a,5,0,18,34,12,0,0,0,0,0,bb,0,ca,8,0,0,0,0,c,8d,c3,8a,0,0,0,0,0   TimeStamp  :  21005       Distance  :  131

(PORT 1) : 6a,5,0,18,34,12,0,0,0,0,0,bb,0,cb,8,0,0,0,0,a,71,73,e0,0,0,0,0,0   TimeStamp  :  21293       Distance  :  131

(PORT 1) : 6a,5,0,18,34,12,0,0,0,0,0,ba,0,cc,8,0,0,0,0,17,65,d1,d5,0,0,0,0,0   TimeStamp  :  21581       Distance  :  130

(PORT 1) : 6a,5,0,18,34,12,0,0,0,0,0,ba,0,cd,8,0,0,0,0,df,46,58,6e,0,0,0,0,0   TimeStamp  :  21869       Distance  :  130

(PORT 1) : 6a,5,0,18,34,12,0,0,0,0,0,ba,0,ce,8,0,0,0,0,db,45,f,26,0,0,0,0,0   TimeStamp  :  22157       Distance  :  130

(PORT 1) : 6a,5,0,18,34,12,0,0,0,0,0,ba,0,cf,8,0,0,0,0,bc,8b,bc,69,0,0,0,0,0   TimeStamp  :  22446       Distance  :  130

(PORT 1) : 6a,5,0,18,34,12,0,0,0,0,0,ba,0,d0,8,0,0,0,0,6b,85,4,a9,0,0,0,0,0   TimeStamp  :  22733       Distance  :  130

(PORT 1) : 6a,5,0,18,34,12,0,0,0,0,0,ba,0,d1,8,0,0,0,0,41,49,3f,0,0,0,0,0,0   TimeStamp  :  23021       Distance  :  130

(PORT 1) : 6a,5,0,18,34,12,0,0,0,0,0,b9,0,d2,8,0,0,0,0,68,82,60,e7,0,0,0,0,0   TimeStamp  :  23309       Distance  :  129

(PORT 1) : 6a,5,0,18,34,12,0,0,0,0,0,ba,0,d3,8,0,0,0,0,24,f3,c8,64,0,0,0,0,0   TimeStamp  :  23597       Distance  :  130

(PORT 1) : 6a,5,0,18,34,12,0,0,0,0,0,b9,0,d4,8,0,0,0,0,b4,90,ab,53,0,0,0,0,0   TimeStamp  :  23885       Distance  :  129

(PORT 1) : 6a,5,0,18,34,12,0,0,0,0,0,ba,0,d5,8,0,0,0,0,2,59,c2,4d,0,0,0,0,0   TimeStamp  :  24173       Distance  :  130

(PORT 1) : 6a,5,0,18,34,12,0,0,0,0,0,ba,0,d6,8,0,0,0,0,a,df,e9,2d,0,0,0,0,0   TimeStamp  :  24461       Distance  :  130

(PORT 1) : 6a,5,0,18,34,12,0,0,0,0,0,b9,0,d7,8,0,0,0,0,55,f9,c2,30,0,0,0,0,0   TimeStamp  :  24749       Distance  :  129

(PORT 1) : 6a,5,0,18,34,12,0,0,0,0,0,ba,0,d8,8,0,0,0,0,cd,f3,5a,a4,0,0,0,0,0   TimeStamp  :  25037       Distance  :  130

(PORT 1) : 6a,5,0,18,34,12,0,0,0,0,0,ba,0,d9,8,0,0,0,0,51,fb,48,82,0,0,0,0,0   TimeStamp  :  25325       Distance  :  130

(PORT 1) : 6a,5,0,18,34,12,0,0,0,0,0,ba,0,da,8,0,0,0,0,0,fc,f5,22,0,0,0,0,0   TimeStamp  :  25613       Distance  :  130

(PORT 1) : 6a,5,0,18,34,12,0,0,0,0,0,ba,0,db,8,0,0,0,0,80,18,d,b6,0,0,0,0,0   TimeStamp  :  25901       Distance  :  130

(PORT 1) : 6a,5,0,18,34,12,0,0,0,0,0,bb,0,dc,8,0,0,0,0,fb,af,3f,bb,0,0,0,0,0   TimeStamp  :  26189       Distance  :  131

(PORT 1) : 6a,5,0,18,34,12,0,0,0,0,0,c4,0,dd,8,0,0,0,0,30,d1,21,f5,0,0,0,0,0   TimeStamp  :  26477       Distance  :  140

(PORT 1) : 6a,5,0,18,34,12,0,0,0,0,0,ba,0,de,8,0,0,0,0,5c,19,3f,bc,0,0,0,0,0   TimeStamp  :  26765       Distance  :  130

(PORT 1) : 6a,5,0,18,34,12,0,0,0,0,0,ba,0,df,8,0,0,0,0,a,b5,69,29,0,0,0,0,0   TimeStamp  :  27053       Distance  :  130

(PORT 1) : 6a,5,0,18,34,12,0,0,0,0,0,b9,0,e0,8,0,0,0,0,4,d,66,11,0,0,0,0,0   TimeStamp  :  27341       Distance  :  129

(PORT 1) : 6a,5,0,18,34,12,0,0,0,0,0,b9,0,e1,8,0,0,0,0,fe,c9,ca,bf,0,0,0,0,0   TimeStamp  :  27629       Distance  :  129

(PORT 1) : 6a,5,0,18,34,12,0,0,0,0,0,ba,0,e2,8,0,0,0,0,b5,65,cb,9d,0,0,0,0,0   TimeStamp  :  27917       Distance  :  130

(PORT 1) : 6a,5,0,18,34,12,0,0,0,0,0,ba,0,e3,8,0,0,0,0,40,c4,7f,2b,0,0,0,0,0   TimeStamp  :  28205       Distance  :  130

(PORT 1) : 6a,5,0,18,34,12,0,0,0,0,0,b9,0,e4,8,0,0,0,0,9b,49,f,73,0,0,0,0,0   TimeStamp  :  28493       Distance  :  129

(PORT 1) : 6a,5,0,18,34,12,0,0,0,0,0,bb,0,e5,8,0,0,0,0,b3,41,95,60,0,0,0,0,0   TimeStamp  :  28780       Distance  :  131

(PORT 1) : 6a,5,0,18,34,12,0,0,0,0,0,b9,0,e6,8,0,0,0,0,94,60,83,30,0,0,0,0,0   TimeStamp  :  29069       Distance  :  129

(PORT 1) : 6a,5,0,18,34,12,0,0,0,0,0,b9,0,e7,8,0,0,0,0,75,be,1f,31,0,0,0,0,0   TimeStamp  :  29357       Distance  :  129

(PORT 1) : 6a,5,0,18,34,12,0,0,0,0,0,ba,0,e8,8,0,0,0,0,92,35,e4,89,0,0,0,0,0   TimeStamp  :  29645       Distance  :  130

(PORT 1) : 6a,5,0,18,34,12,0,0,0,0,0,ba,0,e9,8,0,0,0,0,23,a0,7c,47,0,0,0,0,0   TimeStamp  :  29933       Distance  :  130

(PORT 1) : 6a,5,0,18,34,12,0,0,0,0,0,ba,0,ea,8,0,0,0,0,d0,25,10,cd,0,0,0,0,0   TimeStamp  :  30220       Distance  :  130

(PORT 1) : 6a,5,0,18,34,12,0,0,0,0,0,b9,0,eb,8,0,0,0,0,fd,f2,cf,8e,0,0,0,0,0   TimeStamp  :  30509       Distance  :  129

(PORT 1) : 6a,5,0,18,34,12,0,0,0,0,0,ba,0,ec,8,0,0,0,0,33,39,86,e,0,0,0,0,0   TimeStamp  :  30796       Distance  :  130

(PORT 1) : 6a,5,0,18,34,12,0,0,0,0,0,bb,0,ed,8,0,0,0,0,de,66,4f,59,0,0,0,0,0   TimeStamp  :  31084       Distance  :  131

(PORT 1) : 6a,5,0,18,34,12,0,0,0,0,0,b9,0,ee,8,0,0,0,0,62,3c,55,74,0,0,0,0,0   TimeStamp  :  31372       Distance  :  129

(PORT 1) : 6a,5,0,18,34,12,0,0,0,0,0,b9,0,ef,8,0,0,0,0,aa,de,4b,9e,0,0,0,0,0   TimeStamp  :  31661       Distance  :  129

(PORT 1) : 6a,5,0,18,34,12,0,0,0,0,0,b9,0,f0,8,0,0,0,0,f3,81,19,6e,0,0,0,0,0   TimeStamp  :  31949       Distance  :  129

(PORT 1) : 6a,5,0,18,34,12,0,0,0,0,0,ba,0,f1,8,0,0,0,0,c3,57,95,4a,0,0,0,0,0   TimeStamp  :  32236       Distance  :  130

(PORT 1) : 6a,5,0,18,34,12,0,0,0,0,0,bb,0,f2,8,0,0,0,0,b5,17,44,d2,0,0,0,0,0   TimeStamp  :  32525       Distance  :  131

(PORT 1) : 6a,5,0,18,34,12,0,0,0,0,0,bb,0,f3,8,0,0,0,0,51,68,c5,70,0,0,0,0,0   TimeStamp  :  32812       Distance  :  131

(PORT 1) : 6a,5,0,18,34,12,0,0,0,0,0,ba,0,f4,8,0,0,0,0,24,d1,32,5b,0,0,0,0,0   TimeStamp  :  33101       Distance  :  130

(PORT 1) : 6a,5,0,18,34,12,0,0,0,0,0,b9,0,f5,8,0,0,0,0,ea,aa,a5,67,0,0,0,0,0   TimeStamp  :  33389       Distance  :  129

(PORT 1) : 6a,5,0,18,34,12,0,0,0,0,0,ba,0,f6,8,0,0,0,0,1c,6d,36,4,0,0,0,0,0   TimeStamp  :  33677       Distance  :  130

(PORT 1) : 6a,5,0,18,34,12,0,0,0,0,0,bb,0,f7,8,0,0,0,0,d0,1b,db,65,0,0,0,0,0   TimeStamp  :  33965       Distance  :  131

(PORT 1) : 6a,5,0,18,34,12,0,0,0,0,0,ba,0,f8,8,0,0,0,0,e,8f,3a,23,0,0,0,0,0   TimeStamp  :  34251       Distance  :  130

(PORT 1) : 6a,5,0,18,34,12,0,0,0,0,0,ba,0,f9,8,0,0,0,0,8b,77,84,c7,0,0,0,0,0   TimeStamp  :  34539       Distance  :  130

(PORT 1) : 6a,5,0,18,34,12,0,0,0,0,0,ba,0,fa,8,0,0,0,0,68,c6,b0,bd,0,0,0,0,0   TimeStamp  :  34828       Distance  :  130

(PORT 1) : 6a,5,0,18,34,12,0,0,0,0,0,ba,0,fb,8,0,0,0,0,dd,4e,89,20,0,0,0,0,0   TimeStamp  :  35115       Distance  :  130

(PORT 1) : 6a,5,0,18,34,12,0,0,0,0,0,b8,0,fc,8,0,0,0,0,e1,85,e9,75,0,0,0,0,0   TimeStamp  :  35403       Distance  :  128

(PORT 1) : 6a,5,0,18,34,12,0,0,0,0,0,ba,0,fd,8,0,0,0,0,e8,fc,29,c6,0,0,0,0,0   TimeStamp  :  35691       Distance  :  130

(PORT 1) : 6a,5,0,18,34,12,0,0,0,0,0,b9,0,fe,8,0,0,0,0,88,77,14,9c,0,0,0,0,0   TimeStamp  :  35979       Distance  :  129

(PORT 1) : 6a,5,0,18,34,12,0,0,0,0,0,b9,0,ff,8,0,0,0,0,8d,30,1c,e,0,0,0,0,0   TimeStamp  :  36267       Distance  :  129

(PORT 1) : 6a,5,0,18,34,12,0,0,0,0,0,ba,0,0,9,0,0,0,0,a3,a5,c,8a,0,0,0,0,0   TimeStamp  :  36556       Distance  :  130

(PORT 1) : 6a,5,0,18,34,12,0,0,0,0,0,ba,0,1,9,0,0,0,0,a5,a6,a6,de,0,0,0,0,0   TimeStamp  :  36844       Distance  :  130

(PORT 1) : 6a,5,0,18,34,12,0,0,0,0,0,ba,0,2,9,0,0,0,0,ff,69,c6,a9,0,0,0,0,0   TimeStamp  :  37131       Distance  :  130

(PORT 1) : 6a,5,0,18,34,12,0,0,0,0,0,b9,0,3,9,0,0,0,0,d0,2a,38,b0,0,0,0,0,0   TimeStamp  :  37421       Distance  :  129

(PORT 1) : 6a,5,0,18,34,12,0,0,0,0,0,b9,0,4,9,0,0,0,0,da,4e,b0,6f,0,0,0,0,0   TimeStamp  :  37708       Distance  :  129

(PORT 1) : 6a,5,0,18,34,12,0,0,0,0,0,ba,0,5,9,0,0,0,0,6c,e8,cf,50,0,0,0,0,0   TimeStamp  :  37996       Distance  :  130

(PORT 1) : 6a,5,0,18,34,12,0,0,0,0,0,bb,0,6,9,0,0,0,0,76,c5,70,27,0,0,0,0,0   TimeStamp  :  38284       Distance  :  131

(PORT 1) : 6a,5,0,18,34,12,0,0,0,0,0,bb,0,7,9,0,0,0,0,4e,b,9b,ff,0,0,0,0,0   TimeStamp  :  38573       Distance  :  131

(PORT 1) : 6a,5,0,18,34,12,0,0,0,0,0,ba,0,8,9,0,0,0,0,79,77,e3,4d,0,0,0,0,0   TimeStamp  :  38860       Distance  :  130

(PORT 1) : 6a,5,0,18,34,12,0,0,0,0,0,ba,0,9,9,0,0,0,0,bc,f9,db,9,0,0,0,0,0   TimeStamp  :  39148       Distance  :  130

(PORT 1) : 6a,5,0,18,34,12,0,0,0,0,0,b9,0,a,9,0,0,0,0,ba,2,7c,5b,0,0,0,0,0   TimeStamp  :  39436       Distance  :  129

(PORT 1) : 6a,5,0,18,34,12,0,0,0,0,0,ba,0,b,9,0,0,0,0,da,c3,86,1,0,0,0,0,0   TimeStamp  :  39724       Distance  :  130

(PORT 1) : 6a,5,0,18,34,12,0,0,0,0,0,b9,0,c,9,0,0,0,0,ea,fc,bb,39,0,0,0,0,0   TimeStamp  :  40012       Distance  :  129

(PORT 1) : 6a,5,0,18,34,12,0,0,0,0,0,ba,0,d,9,0,0,0,0,c1,62,aa,e6,0,0,0,0,0   TimeStamp  :  40300       Distance  :  130

(PORT 1) : 6a,5,0,18,34,12,0,0,0,0,0,ba,0,e,9,0,0,0,0,4d,f2,31,45,0,0,0,0,0   TimeStamp  :  40588       Distance  :  130

(PORT 1) : 6a,5,0,18,34,12,0,0,0,0,0,b9,0,f,9,0,0,0,0,f5,59,2d,6b,0,0,0,0,0   TimeStamp  :  40876       Distance  :  129

(PORT 1) : 6a,5,0,18,34,12,0,0,0,0,0,ba,0,10,9,0,0,0,0,2c,30,61,62,0,0,0,0,0   TimeStamp  :  41164       Distance  :  130

(PORT 1) : 6a,5,0,18,34,12,0,0,0,0,0,ba,0,11,9,0,0,0,0,de,18,2e,b1,0,0,0,0,0   TimeStamp  :  41453       Distance  :  130

(PORT 1) : 6a,5,0,18,34,12,0,0,0,0,0,b9,0,12,9,0,0,0,0,40,51,3,90,0,0,0,0,0   TimeStamp  :  41740       Distance  :  129

(PORT 1) : 6a,5,0,18,34,12,0,0,0,0,0,ba,0,13,9,0,0,0,0,1c,ba,7e,93,0,0,0,0,0   TimeStamp  :  42028       Distance  :  130

(PORT 1) : 6a,5,0,18,34,12,0,0,0,0,0,ba,0,14,9,0,0,0,0,be,1d,dd,a8,0,0,0,0,0   TimeStamp  :  42316       Distance  :  130

(PORT 1) : 6a,5,0,18,34,12,0,0,0,0,0,bb,0,15,9,0,0,0,0,6,43,d5,13,0,0,0,0,0   TimeStamp  :  42604       Distance  :  131

(PORT 1) : 6a,5,0,18,34,12,0,0,0,0,0,b9,0,16,9,0,0,0,0,fa,7e,1d,6f,0,0,0,0,0   TimeStamp  :  42891       Distance  :  129

(PORT 1) : 6a,5,0,18,34,12,0,0,0,0,0,b9,0,17,9,0,0,0,0,4f,75,7e,dc,0,0,0,0,0   TimeStamp  :  43180       Distance  :  129

(PORT 1) : 6a,5,0,18,34,12,0,0,0,0,0,b9,0,18,9,0,0,0,0,55,f5,df,45,0,0,0,0,0   TimeStamp  :  43468       Distance  :  129

(PORT 1) : 6a,5,0,18,34,12,0,0,0,0,0,bb,0,19,9,0,0,0,0,1f,1c,41,5c,0,0,0,0,0   TimeStamp  :  43756       Distance  :  131

(PORT 1) : 6a,5,0,18,34,12,0,0,0,0,0,bb,0,1a,9,0,0,0,0,f9,59,80,6e,0,0,0,0,0   TimeStamp  :  44044       Distance  :  131

(PORT 1) : 6a,5,0,18,34,12,0,0,0,0,0,ba,0,1b,9,0,0,0,0,16,9e,80,d7,0,0,0,0,0   TimeStamp  :  44332       Distance  :  130

(PORT 1) : 6a,5,0,18,34,12,0,0,0,0,0,ba,0,1c,9,0,0,0,0,75,40,5,dd,0,0,0,0,0   TimeStamp  :  44620       Distance  :  130

(PORT 1) : 6a,5,0,18,34,12,0,0,0,0,0,b9,0,1d,9,0,0,0,0,e2,b2,b8,17,0,0,0,0,0   TimeStamp  :  44907       Distance  :  129

(PORT 1) : 6a,5,0,18,34,12,0,0,0,0,0,b9,0,1e,9,0,0,0,0,5c,24,22,4e,0,0,0,0,0   TimeStamp  :  45196       Distance  :  129

(PORT 1) : 6a,5,0,18,34,12,0,0,0,0,0,b8,0,1f,9,0,0,0,0,61,99,1a,27,0,0,0,0,0   TimeStamp  :  45484       Distance  :  128

(PORT 1) : 6a,5,0,18,34,12,0,0,0,0,0,ba,0,20,9,0,0,0,0,b1,f2,9c,2f,0,0,0,0,0   TimeStamp  :  45772       Distance  :  130

(PORT 1) : 6a,5,0,18,34,12,0,0,0,0,0,cd,0,21,9,0,0,0,0,61,0,80,b7,0,0,0,0,0   TimeStamp  :  46060       Distance  :  149

(PORT 1) : 6a,5,0,18,34,12,0,0,0,0,0,ba,0,22,9,0,0,0,0,f4,29,d4,ab,0,0,0,0,0   TimeStamp  :  46348       Distance  :  130

(PORT 1) : 6a,5,0,18,34,12,0,0,0,0,0,b9,0,23,9,0,0,0,0,cf,0,26,11,0,0,0,0,0   TimeStamp  :  46635       Distance  :  129

(PORT 1) : 6a,5,0,18,34,12,0,0,0,0,0,ba,0,24,9,0,0,0,0,b4,43,90,e4,0,0,0,0,0   TimeStamp  :  46923       Distance  :  130

(PORT 1) : 6a,5,0,18,34,12,0,0,0,0,0,ba,0,25,9,0,0,0,0,33,5c,e2,b8,0,0,0,0,0   TimeStamp  :  47210       Distance  :  130

(PORT 1) : 6a,5,0,18,34,12,0,0,0,0,0,bb,0,26,9,0,0,0,0,88,c8,3e,36,0,0,0,0,0   TimeStamp  :  47499       Distance  :  131

(PORT 1) : 6a,5,0,18,34,12,0,0,0,0,0,ba,0,27,9,0,0,0,0,43,c1,86,8c,0,0,0,0,0   TimeStamp  :  47787       Distance  :  130

(PORT 1) : 6a,5,0,18,34,12,0,0,0,0,0,ba,0,28,9,0,0,0,0,d9,29,1c,33,0,0,0,0,0   TimeStamp  :  48076       Distance  :  130

(PORT 1) : 6a,5,0,18,34,12,0,0,0,0,0,ba,0,29,9,0,0,0,0,9c,83,d9,94,0,0,0,0,0   TimeStamp  :  48364       Distance  :  130

(PORT 1) : 6a,5,0,18,34,12,0,0,0,0,0,b9,0,2a,9,0,0,0,0,2d,b2,21,45,0,0,0,0,0   TimeStamp  :  48652       Distance  :  129

(PORT 1) : 6a,5,0,18,34,12,0,0,0,0,0,ba,0,2b,9,0,0,0,0,69,e,6b,32,0,0,0,0,0   TimeStamp  :  48940       Distance  :  130

(PORT 1) : 6a,5,0,18,34,12,0,0,0,0,0,ba,0,2c,9,0,0,0,0,e1,4b,9a,e5,0,0,0,0,0   TimeStamp  :  49228       Distance  :  130

(PORT 1) : 6a,5,0,18,34,12,0,0,0,0,0,ba,0,2d,9,0,0,0,0,a9,63,77,29,0,0,0,0,0   TimeStamp  :  49515       Distance  :  130

(PORT 1) : 6a,5,0,18,34,12,0,0,0,0,0,ba,0,2e,9,0,0,0,0,8a,70,a0,e6,0,0,0,0,0   TimeStamp  :  49804       Distance  :  130

(PORT 1) : 6a,5,0,18,34,12,0,0,0,0,0,bf,0,2f,9,0,0,0,0,a5,91,f0,e6,0,0,0,0,0   TimeStamp  :  50092       Distance  :  135

(PORT 1) : 6a,5,0,18,34,12,0,0,0,0,0,ba,0,30,9,0,0,0,0,a5,e7,c,e4,0,0,0,0,0   TimeStamp  :  50380       Distance  :  130

(PORT 1) : 6a,5,0,18,34,12,0,0,0,0,0,bb,0,31,9,0,0,0,0,dc,76,47,57,0,0,0,0,0   TimeStamp  :  50668       Distance  :  131

(PORT 1) : 6a,5,0,18,34,12,0,0,0,0,0,ba,0,32,9,0,0,0,0,45,ca,56,23,0,0,0,0,0   TimeStamp  :  50956       Distance  :  130

(PORT 1) : 6a,5,0,18,34,12,0,0,0,0,0,bb,0,33,9,0,0,0,0,ed,85,69,d1,0,0,0,0,0   TimeStamp  :  51244       Distance  :  131

(PORT 1) : 6a,5,0,18,34,12,0,0,0,0,0,b9,0,34,9,0,0,0,0,17,91,e2,cd,0,0,0,0,0   TimeStamp  :  51531       Distance  :  129

(PORT 1) : 6a,5,0,18,34,12,0,0,0,0,0,ba,0,35,9,0,0,0,0,e9,76,ec,de,0,0,0,0,0   TimeStamp  :  51820       Distance  :  130

(PORT 1) : 6a,5,0,18,34,12,0,0,0,0,0,ba,0,36,9,0,0,0,0,3c,d4,19,58,0,0,0,0,0   TimeStamp  :  52108       Distance  :  130

(PORT 1) : 6a,5,0,18,34,12,0,0,0,0,0,ba,0,37,9,0,0,0,0,86,78,11,60,0,0,0,0,0   TimeStamp  :  52395       Distance  :  130

(PORT 1) : 6a,5,0,18,34,12,0,0,0,0,0,bb,0,38,9,0,0,0,0,c8,17,23,39,0,0,0,0,0   TimeStamp  :  52683       Distance  :  131

(PORT 1) : 6a,5,0,18,34,12,0,0,0,0,0,bb,0,39,9,0,0,0,0,ae,37,1e,25,0,0,0,0,0   TimeStamp  :  52971       Distance  :  131

(PORT 1) : 6a,5,0,18,34,12,0,0,0,0,0,bb,0,3a,9,0,0,0,0,40,b4,4d,c3,0,0,0,0,0   TimeStamp  :  53259       Distance  :  131

(PORT 1) : 6a,5,0,18,34,12,0,0,0,0,0,ba,0,3b,9,0,0,0,0,e3,a0,79,26,0,0,0,0,0   TimeStamp  :  53547       Distance  :  130

(PORT 1) : 6a,5,0,18,34,12,0,0,0,0,0,ba,0,3c,9,0,0,0,0,4f,57,b5,55,0,0,0,0,0   TimeStamp  :  53835       Distance  :  130

(PORT 1) : 6a,5,0,18,34,12,0,0,0,0,0,b8,0,3d,9,0,0,0,0,f9,94,cd,12,0,0,0,0,0   TimeStamp  :  54123       Distance  :  128

(PORT 1) : 6a,5,0,18,34,12,0,0,0,0,0,ba,0,3e,9,0,0,0,0,26,9b,62,2b,0,0,0,0,0   TimeStamp  :  54411       Distance  :  130

(PORT 1) : 6a,5,0,18,34,12,0,0,0,0,0,ba,0,3f,9,0,0,0,0,91,d0,23,11,0,0,0,0,0   TimeStamp  :  54700       Distance  :  130

(PORT 1) : 6a,5,0,18,34,12,0,0,0,0,0,bb,0,40,9,0,0,0,0,7d,79,b6,3d,0,0,0,0,0   TimeStamp  :  54987       Distance  :  131

(PORT 1) : 6a,5,0,18,34,12,0,0,0,0,0,bb,0,41,9,0,0,0,0,96,d,db,81,0,0,0,0,0   TimeStamp  :  55275       Distance  :  131

(PORT 1) : 6a,5,0,18,34,12,0,0,0,0,0,ba,0,42,9,0,0,0,0,61,f6,1d,7c,0,0,0,0,0   TimeStamp  :  55564       Distance  :  130

(PORT 1) : 6a,5,0,18,34,12,0,0,0,0,0,bb,0,43,9,0,0,0,0,b8,d7,fc,63,0,0,0,0,0   TimeStamp  :  55851       Distance  :  131

(PORT 1) : 6a,5,0,18,34,12,0,0,0,0,0,b5,0,44,9,0,0,0,0,b2,ea,49,2,0,0,0,0,0   TimeStamp  :  56139       Distance  :  125

(PORT 1) : 6a,5,0,18,34,12,0,0,0,0,0,bb,0,45,9,0,0,0,0,ba,79,e3,94,0,0,0,0,0   TimeStamp  :  56426       Distance  :  131

(PORT 1) : 6a,5,0,18,34,12,0,0,0,0,0,bb,0,46,9,0,0,0,0,42,55,55,d9,0,0,0,0,0   TimeStamp  :  56715       Distance  :  131

(PORT 1) : 6a,5,0,18,34,12,0,0,0,0,0,b9,0,47,9,0,0,0,0,6b,dc,c0,65,0,0,0,0,0   TimeStamp  :  57003       Distance  :  129

(PORT 1) : 6a,5,0,18,34,12,0,0,0,0,0,ba,0,48,9,0,0,0,0,5a,fd,cd,3c,0,0,0,0,0   TimeStamp  :  57291       Distance  :  130

(PORT 1) : 6a,5,0,18,34,12,0,0,0,0,0,ba,0,49,9,0,0,0,0,44,64,e4,be,0,0,0,0,0   TimeStamp  :  57579       Distance  :  130

(PORT 1) : 6a,5,0,18,34,12,0,0,0,0,0,bb,0,4a,9,0,0,0,0,e0,19,e8,8c,0,0,0,0,0   TimeStamp  :  57868       Distance  :  131

(PORT 1) : 6a,5,0,18,34,12,0,0,0,0,0,ba,0,4b,9,0,0,0,0,33,3e,a4,89,0,0,0,0,0   TimeStamp  :  58155       Distance  :  130

(PORT 1) : 6a,5,0,18,34,12,0,0,0,0,0,b9,0,4c,9,0,0,0,0,b6,c2,4,88,0,0,0,0,0   TimeStamp  :  58443       Distance  :  129

(PORT 1) : 6a,5,0,18,34,12,0,0,0,0,0,bb,0,4d,9,0,0,0,0,d0,f1,72,71,0,0,0,0,0   TimeStamp  :  58731       Distance  :  131

(PORT 1) : 6a,5,0,18,34,12,0,0,0,0,0,b9,0,4e,9,0,0,0,0,b0,3e,b4,f1,0,0,0,0,0   TimeStamp  :  59019       Distance  :  129

(PORT 1) : 6a,5,0,18,34,12,0,0,0,0,0,ba,0,4f,9,0,0,0,0,c4,1d,e5,a0,0,0,0,0,0   TimeStamp  :  59307       Distance  :  130

(PORT 1) : 6a,5,0,18,34,12,0,0,0,0,0,b9,0,50,9,0,0,0,0,64,68,c2,3c,0,0,0,0,0   TimeStamp  :  59595       Distance  :  129

(PORT 1) : 6a,5,0,18,34,12,0,0,0,0,0,ba,0,51,9,0,0,0,0,9a,a1,93,9c,0,0,0,0,0   TimeStamp  :  59883       Distance  :  130

(PORT 1) : 6a,5,0,18,34,12,0,0,0,0,0,ba,0,52,9,0,0,0,0,71,4b,ea,7d,0,0,0,0,0   TimeStamp  :  60171       Distance  :  130

(PORT 1) : 6a,5,0,18,34,12,0,0,0,0,0,b9,0,53,9,0,0,0,0,c0,f0,e9,1e,0,0,0,0,0   TimeStamp  :  60458       Distance  :  129

(PORT 1) : 6a,5,0,18,34,12,0,0,0,0,0,bb,0,54,9,0,0,0,0,80,df,1b,70,0,0,0,0,0   TimeStamp  :  60746       Distance  :  131

(PORT 1) : 6a,5,0,18,34,12,0,0,0,0,0,ba,0,55,9,0,0,0,0,37,8f,64,87,0,0,0,0,0   TimeStamp  :  61034       Distance  :  130

(PORT 1) : 6a,5,0,18,34,12,0,0,0,0,0,ba,0,56,9,0,0,0,0,b5,c5,9c,66,0,0,0,0,0   TimeStamp  :  61322       Distance  :  130

(PORT 1) : 6a,5,0,18,34,12,0,0,0,0,0,b9,0,57,9,0,0,0,0,b1,ce,85,4f,0,0,0,0,0   TimeStamp  :  61611       Distance  :  129

(PORT 1) : 6a,5,0,18,34,12,0,0,0,0,0,ba,0,58,9,0,0,0,0,34,86,bb,4d,0,0,0,0,0   TimeStamp  :  61899       Distance  :  130

(PORT 1) : 6a,5,0,18,34,12,0,0,0,0,0,ba,0,59,9,0,0,0,0,c,1a,9e,7f,0,0,0,0,0   TimeStamp  :  62187       Distance  :  130

(PORT 1) : 6a,5,0,18,34,12,0,0,0,0,0,b9,0,5a,9,0,0,0,0,17,21,ea,94,0,0,0,0,0   TimeStamp  :  62475       Distance  :  129

(PORT 1) : 6a,5,0,18,34,12,0,0,0,0,0,ba,0,5b,9,0,0,0,0,a0,fc,2e,e7,0,0,0,0,0   TimeStamp  :  62762       Distance  :  130

(PORT 1) : 6a,5,0,18,34,12,0,0,0,0,0,bb,0,5c,9,0,0,0,0,a4,5a,84,fb,0,0,0,0,0   TimeStamp  :  63051       Distance  :  131

(PORT 1) : 6a,5,0,18,34,12,0,0,0,0,0,bb,0,5d,9,0,0,0,0,8d,74,b4,dd,0,0,0,0,0   TimeStamp  :  63338       Distance  :  131

(PORT 1) : 6a,5,0,18,34,12,0,0,0,0,0,b8,0,5e,9,0,0,0,0,5c,2a,97,7d,0,0,0,0,0   TimeStamp  :  63627       Distance  :  128

(PORT 1) : 6a,5,0,18,34,12,0,0,0,0,0,bf,0,5f,9,0,0,0,0,b5,7d,be,31,0,0,0,0,0   TimeStamp  :  63915       Distance  :  135

(PORT 1) : 6a,5,0,18,34,12,0,0,0,0,0,bb,0,60,9,0,0,0,0,bd,20,77,55,0,0,0,0,0   TimeStamp  :  64203       Distance  :  131

(PORT 1) : 6a,5,0,18,34,12,0,0,0,0,0,bb,0,61,9,0,0,0,0,d4,c5,4a,7d,0,0,0,0,0   TimeStamp  :  64491       Distance  :  131

(PORT 1) : 6a,5,0,18,34,12,0,0,0,0,0,ba,0,62,9,0,0,0,0,e3,5c,fa,86,0,0,0,0,0   TimeStamp  :  64779       Distance  :  130

(PORT 1) : 6a,5,0,18,34,12,0,0,0,0,0,bb,0,63,9,0,0,0,0,10,c5,bf,84,0,0,0,0,0   TimeStamp  :  65067       Distance  :  131

(PORT 1) : 6a,5,0,18,34,12,0,0,0,0,0,ba,0,64,9,0,0,0,0,18,df,c8,1b,0,0,0,0,0   TimeStamp  :  65355       Distance  :  130

(PORT 1) : 6a,5,0,18,34,12,0,0,0,0,0,ba,0,65,9,0,0,0,0,12,e0,da,33,0,0,0,0,0   TimeStamp  :  65643       Distance  :  130

(PORT 1) : 6a,5,0,18,34,12,0,0,0,0,0,ba,0,66,9,0,0,0,0,1f,f0,c7,32,0,0,0,0,0   TimeStamp  :  65931       Distance  :  130

(PORT 1) : 6a,5,0,18,34,12,0,0,0,0,0,ba,0,67,9,0,0,0,0,63,90,74,2b,0,0,0,0,0   TimeStamp  :  66220       Distance  :  130

(PORT 1) : 6a,5,0,18,34,12,0,0,0,0,0,ba,0,68,9,0,0,0,0,4c,1c,d,9e,0,0,0,0,0   TimeStamp  :  66506       Distance  :  130

(PORT 1) : 6a,5,0,18,34,12,0,0,0,0,0,ba,0,69,9,0,0,0,0,a8,65,18,35,0,0,0,0,0   TimeStamp  :  66794       Distance  :  130

(PORT 1) : 6a,5,0,18,34,12,0,0,0,0,0,b9,0,6a,9,0,0,0,0,90,f4,9b,5c,0,0,0,0,0   TimeStamp  :  67082       Distance  :  129

(PORT 1) : 6a,5,0,18,34,12,0,0,0,0,0,ba,0,6b,9,0,0,0,0,55,eb,4a,37,0,0,0,0,0   TimeStamp  :  67370       Distance  :  130

(PORT 1) : 6a,5,0,18,34,12,0,0,0,0,0,b9,0,6c,9,0,0,0,0,62,d5,f4,7d,0,0,0,0,0   TimeStamp  :  67659       Distance  :  129
