
(PORT 1) : 6a,5,0,18,34,12,0,0,0,0,0,7,1,1,f,0,0,0,0,9d,1d,18,1f,0,0,0,0,0   TimeStamp  :  126986       Distance  :  207

(PORT 1) : 6a,5,0,18,34,12,0,0,0,0,0,6,1,2,f,0,0,0,0,68,6,c0,81,0,0,0,0,0   TimeStamp  :  127274       Distance  :  206

(PORT 1) : 6a,5,0,18,34,12,0,0,0,0,0,5,1,3,f,0,0,0,0,87,aa,ca,88,0,0,0,0,0   TimeStamp  :  127563       Distance  :  205

(PORT 1) : 6a,5,0,18,34,12,0,0,0,0,0,6,1,4,f,0,0,0,0,1a,91,f2,be,0,0,0,0,0   TimeStamp  :  127852       Distance  :  206

(PORT 1) : 6a,5,0,18,34,12,0,0,0,0,0,6,1,5,f,0,0,0,0,81,4e,4e,55,0,0,0,0,0   TimeStamp  :  128139       Distance  :  206

(PORT 1) : 6a,5,0,18,34,12,0,0,0,0,0,6,1,6,f,0,0,0,0,59,1c,85,ac,0,0,0,0,0   TimeStamp  :  128427       Distance  :  206

(PORT 1) : 6a,5,0,18,34,12,0,0,0,0,0,5,1,7,f,0,0,0,0,5e,8,85,a6,0,0,0,0,0   TimeStamp  :  128716       Distance  :  205

(PORT 1) : 6a,5,0,18,34,12,0,0,0,0,0,6,1,8,f,0,0,0,0,1c,6d,ec,4b,0,0,0,0,0   TimeStamp  :  270       Distance  :  206

(PORT 1) : 6a,5,0,18,34,12,0,0,0,0,0,5,1,9,f,0,0,0,0,ff,12,16,50,0,0,0,0,0   TimeStamp  :  559       Distance  :  205

(PORT 1) : 6a,5,0,18,34,12,0,0,0,0,0,5,1,a,f,0,0,0,0,51,d6,bb,35,0,0,0,0,0   TimeStamp  :  847       Distance  :  205

(PORT 1) : 6a,5,0,18,34,12,0,0,0,0,0,6,1,b,f,0,0,0,0,c2,f6,6b,32,0,0,0,0,0   TimeStamp  :  1135       Distance  :  206

(PORT 1) : 6a,5,0,18,34,12,0,0,0,0,0,6,1,c,f,0,0,0,0,27,a3,fe,fa,0,0,0,0,0   TimeStamp  :  1422       Distance  :  206

(PORT 1) : 6a,5,0,18,34,12,0,0,0,0,0,6,1,d,f,0,0,0,0,35,ee,f3,21,0,0,0,0,0   TimeStamp  :  1711       Distance  :  206

(PORT 1) : 6a,5,0,18,34,12,0,0,0,0,0,6,1,e,f,0,0,0,0,1e,d5,f,27,0,0,0,0,0   TimeStamp  :  1998       Distance  :  206

(PORT 1) : 6a,5,0,18,34,12,0,0,0,0,0,7,1,f,f,0,0,0,0,e7,c0,f4,5b,0,0,0,0,0   TimeStamp  :  2287       Distance  :  207

(PORT 1) : 6a,5,0,18,34,12,0,0,0,0,0,6,1,10,f,0,0,0,0,6d,a0,54,a0,0,0,0,0,0   TimeStamp  :  2575       Distance  :  206

(PORT 1) : 6a,5,0,18,34,12,0,0,0,0,0,5,1,11,f,0,0,0,0,de,8d,5a,13,0,0,0,0,0   TimeStamp  :  2863       Distance  :  205

(PORT 1) : 6a,5,0,18,34,12,0,0,0,0,0,6,1,12,f,0,0,0,0,95,c5,5a,ea,0,0,0,0,0   TimeStamp  :  3151       Distance  :  206

(PORT 1) : 6a,5,0,18,34,12,0,0,0,0,0,1,1,13,f,0,0,0,0,70,22,1b,e4,0,0,0,0,0   TimeStamp  :  3439       Distance  :  201

(PORT 1) : 6a,5,0,18,34,12,0,0,0,0,0,6,1,14,f,0,0,0,0,3b,ec,76,c8,0,0,0,0,0   TimeStamp  :  3727       Distance  :  206

(PORT 1) : 6a,5,0,18,34,12,0,0,0,0,0,6,1,15,f,0,0,0,0,f,b1,cb,12,0,0,0,0,0   TimeStamp  :  4015       Distance  :  206

(PORT 1) : 6a,5,0,18,34,12,0,0,0,0,0,6,1,16,f,0,0,0,0,d0,68,68,14,0,0,0,0,0   TimeStamp  :  4302       Distance  :  206

(PORT 1) : 6a,5,0,18,34,12,0,0,0,0,0,6,1,17,f,0,0,0,0,35,70,41,5c,0,0,0,0,0   TimeStamp  :  4590       Distance  :  206

(PORT 1) : 6a,5,0,18,34,12,0,0,0,0,0,6,1,18,f,0,0,0,0,95,4a,c0,37,0,0,0,0,0   TimeStamp  :  4879       Distance  :  206

(PORT 1) : 6a,5,0,18,34,12,0,0,0,0,0,4,1,19,f,0,0,0,0,8e,21,94,b3,0,0,0,0,0   TimeStamp  :  5167       Distance  :  204

(PORT 1) : 6a,5,0,18,34,12,0,0,0,0,0,6,1,1a,f,0,0,0,0,4a,e,fc,2b,0,0,0,0,0   TimeStamp  :  5455       Distance  :  206

(PORT 1) : 6a,5,0,18,34,12,0,0,0,0,0,6,1,1b,f,0,0,0,0,d6,db,9f,65,0,0,0,0,0   TimeStamp  :  5743       Distance  :  206

(PORT 1) : 6a,5,0,18,34,12,0,0,0,0,0,5,1,1c,f,0,0,0,0,a6,bd,2a,88,0,0,0,0,0   TimeStamp  :  6031       Distance  :  205

(PORT 1) : 6a,5,0,18,34,12,0,0,0,0,0,6,1,1d,f,0,0,0,0,5d,9,6d,f4,0,0,0,0,0   TimeStamp  :  6317       Distance  :  206

(PORT 1) : 6a,5,0,18,34,12,0,0,0,0,0,4,1,1e,f,0,0,0,0,45,6e,73,eb,0,0,0,0,0   TimeStamp  :  6606       Distance  :  204

(PORT 1) : 6a,5,0,18,34,12,0,0,0,0,0,5,1,1f,f,0,0,0,0,dd,5c,61,74,0,0,0,0,0   TimeStamp  :  6895       Distance  :  205

(PORT 1) : 6a,5,0,18,34,12,0,0,0,0,0,6,1,20,f,0,0,0,0,ae,af,9e,67,0,0,0,0,0   TimeStamp  :  7182       Distance  :  206

(PORT 1) : 6a,5,0,18,34,12,0,0,0,0,0,6,1,21,f,0,0,0,0,b4,97,e2,7e,0,0,0,0,0   TimeStamp  :  7470       Distance  :  206

(PORT 1) : 6a,5,0,18,34,12,0,0,0,0,0,5,1,22,f,0,0,0,0,ef,c,a6,fe,0,0,0,0,0   TimeStamp  :  7759       Distance  :  205

(PORT 1) : 6a,5,0,18,34,12,0,0,0,0,0,5,1,23,f,0,0,0,0,33,c9,7d,e6,0,0,0,0,0   TimeStamp  :  8045       Distance  :  205

(PORT 1) : 6a,5,0,18,34,12,0,0,0,0,0,4,1,24,f,0,0,0,0,f0,c0,e2,fb,0,0,0,0,0   TimeStamp  :  8334       Distance  :  204

(PORT 1) : 6a,5,0,18,34,12,0,0,0,0,0,6,1,25,f,0,0,0,0,a1,3e,c7,de,0,0,0,0,0   TimeStamp  :  8623       Distance  :  206

(PORT 1) : 6a,5,0,18,34,12,0,0,0,0,0,11,1,26,f,0,0,0,0,3e,15,69,79,0,0,0,0,0   TimeStamp  :  8911       Distance  :  217

(PORT 1) : 6a,5,0,18,34,12,0,0,0,0,0,4,1,27,f,0,0,0,0,17,c0,24,32,0,0,0,0,0   TimeStamp  :  9198       Distance  :  204

(PORT 1) : 6a,5,0,18,34,12,0,0,0,0,0,5,1,28,f,0,0,0,0,2c,46,91,a4,0,0,0,0,0   TimeStamp  :  9487       Distance  :  205

(PORT 1) : 6a,5,0,18,34,12,0,0,0,0,0,6,1,29,f,0,0,0,0,b9,29,b7,14,0,0,0,0,0   TimeStamp  :  9774       Distance  :  206

(PORT 1) : 6a,5,0,18,34,12,0,0,0,0,0,7,1,2a,f,0,0,0,0,cd,7d,32,b0,0,0,0,0,0   TimeStamp  :  10063       Distance  :  207

(PORT 1) : 6a,5,0,18,34,12,0,0,0,0,0,7,1,2b,f,0,0,0,0,b7,1b,9c,6b,0,0,0,0,0   TimeStamp  :  10350       Distance  :  207

(PORT 1) : 6a,5,0,18,34,12,0,0,0,0,0,4,1,2c,f,0,0,0,0,5,c9,e9,67,0,0,0,0,0   TimeStamp  :  10638       Distance  :  204

(PORT 1) : 6a,5,0,18,34,12,0,0,0,0,0,6,1,2d,f,0,0,0,0,26,be,e9,64,0,0,0,0,0   TimeStamp  :  10926       Distance  :  206

(PORT 1) : 6a,5,0,18,34,12,0,0,0,0,0,7,1,2e,f,0,0,0,0,b2,96,26,92,0,0,0,0,0   TimeStamp  :  11214       Distance  :  207

(PORT 1) : 6a,5,0,18,34,12,0,0,0,0,0,6,1,2f,f,0,0,0,0,a9,a1,a,ae,0,0,0,0,0   TimeStamp  :  11503       Distance  :  206

(PORT 1) : 6a,5,0,18,34,12,0,0,0,0,0,6,1,30,f,0,0,0,0,72,5,5e,93,0,0,0,0,0   TimeStamp  :  11791       Distance  :  206

(PORT 1) : 6a,5,0,18,34,12,0,0,0,0,0,6,1,31,f,0,0,0,0,6,24,78,b2,0,0,0,0,0   TimeStamp  :  12078       Distance  :  206

(PORT 1) : 6a,5,0,18,34,12,0,0,0,0,0,6,1,32,f,0,0,0,0,7e,de,d4,78,0,0,0,0,0   TimeStamp  :  12366       Distance  :  206

(PORT 1) : 6a,5,0,18,34,12,0,0,0,0,0,4,1,33,f,0,0,0,0,23,e3,bd,f6,0,0,0,0,0   TimeStamp  :  12655       Distance  :  204

(PORT 1) : 6a,5,0,18,34,12,0,0,0,0,0,6,1,34,f,0,0,0,0,15,e0,48,11,0,0,0,0,0   TimeStamp  :  12943       Distance  :  206

(PORT 1) : 6a,5,0,18,34,12,0,0,0,0,0,4,1,35,f,0,0,0,0,5b,f6,3c,e0,0,0,0,0,0   TimeStamp  :  13231       Distance  :  204

(PORT 1) : 6a,5,0,18,34,12,0,0,0,0,0,7,1,36,f,0,0,0,0,d1,49,ed,43,0,0,0,0,0   TimeStamp  :  13519       Distance  :  207

(PORT 1) : 6a,5,0,18,34,12,0,0,0,0,0,5,1,37,f,0,0,0,0,b1,9,37,8b,0,0,0,0,0   TimeStamp  :  13806       Distance  :  205

(PORT 1) : 6a,5,0,18,34,12,0,0,0,0,0,6,1,38,f,0,0,0,0,78,e8,13,1,0,0,0,0,0   TimeStamp  :  14095       Distance  :  206

(PORT 1) : 6a,5,0,18,34,12,0,0,0,0,0,6,1,39,f,0,0,0,0,fd,7f,db,c0,0,0,0,0,0   TimeStamp  :  14382       Distance  :  206

(PORT 1) : 6a,5,0,18,34,12,0,0,0,0,0,5,1,3a,f,0,0,0,0,0,59,f7,23,0,0,0,0,0   TimeStamp  :  14670       Distance  :  205

(PORT 1) : 6a,5,0,18,34,12,0,0,0,0,0,6,1,3b,f,0,0,0,0,5,4,2,4b,0,0,0,0,0   TimeStamp  :  14959       Distance  :  206

(PORT 1) : 6a,5,0,18,34,12,0,0,0,0,0,6,1,3c,f,0,0,0,0,8f,a5,2f,ed,0,0,0,0,0   TimeStamp  :  15247       Distance  :  206

(PORT 1) : 6a,5,0,18,34,12,0,0,0,0,0,6,1,3d,f,0,0,0,0,64,bd,8f,7f,0,0,0,0,0   TimeStamp  :  15535       Distance  :  206

(PORT 1) : 6a,5,0,18,34,12,0,0,0,0,0,6,1,3e,f,0,0,0,0,88,7a,fc,bc,0,0,0,0,0   TimeStamp  :  15823       Distance  :  206

(PORT 1) : 6a,5,0,18,34,12,0,0,0,0,0,5,1,3f,f,0,0,0,0,81,b3,70,4,0,0,0,0,0   TimeStamp  :  16111       Distance  :  205

(PORT 1) : 6a,5,0,18,34,12,0,0,0,0,0,6,1,40,f,0,0,0,0,2f,e5,54,1,0,0,0,0,0   TimeStamp  :  16398       Distance  :  206

(PORT 1) : 6a,5,0,18,34,12,0,0,0,0,0,5,1,41,f,0,0,0,0,f7,bc,85,f9,0,0,0,0,0   TimeStamp  :  16687       Distance  :  205

(PORT 1) : 6a,5,0,18,34,12,0,0,0,0,0,5,1,42,f,0,0,0,0,21,24,81,fb,0,0,0,0,0   TimeStamp  :  16974       Distance  :  205

(PORT 1) : 6a,5,0,18,34,12,0,0,0,0,0,6,1,43,f,0,0,0,0,b1,8d,7c,94,0,0,0,0,0   TimeStamp  :  17263       Distance  :  206

(PORT 1) : 6a,5,0,18,34,12,0,0,0,0,0,5,1,44,f,0,0,0,0,af,c8,96,96,0,0,0,0,0   TimeStamp  :  17550       Distance  :  205

(PORT 1) : 6a,5,0,18,34,12,0,0,0,0,0,6,1,45,f,0,0,0,0,74,da,c7,4f,0,0,0,0,0   TimeStamp  :  17839       Distance  :  206

(PORT 1) : 6a,5,0,18,34,12,0,0,0,0,0,5,1,46,f,0,0,0,0,60,b8,be,96,0,0,0,0,0   TimeStamp  :  18126       Distance  :  205

(PORT 1) : 6a,5,0,18,34,12,0,0,0,0,0,7,1,47,f,0,0,0,0,52,d4,9c,54,0,0,0,0,0   TimeStamp  :  18413       Distance  :  207

(PORT 1) : 6a,5,0,18,34,12,0,0,0,0,0,4,1,48,f,0,0,0,0,d5,ce,20,86,0,0,0,0,0   TimeStamp  :  18702       Distance  :  204

(PORT 1) : 6a,5,0,18,34,12,0,0,0,0,0,6,1,49,f,0,0,0,0,4a,7a,7c,c4,0,0,0,0,0   TimeStamp  :  18991       Distance  :  206

(PORT 1) : 6a,5,0,18,34,12,0,0,0,0,0,6,1,4a,f,0,0,0,0,c,49,59,bd,0,0,0,0,0   TimeStamp  :  19277       Distance  :  206

(PORT 1) : 6a,5,0,18,34,12,0,0,0,0,0,6,1,4b,f,0,0,0,0,12,4f,7f,b5,0,0,0,0,0   TimeStamp  :  19566       Distance  :  206

(PORT 1) : 6a,5,0,18,34,12,0,0,0,0,0,7,1,4c,f,0,0,0,0,f5,5c,9a,7d,0,0,0,0,0   TimeStamp  :  19855       Distance  :  207

(PORT 1) : 6a,5,0,18,34,12,0,0,0,0,0,6,1,4d,f,0,0,0,0,21,96,2f,61,0,0,0,0,0   TimeStamp  :  20142       Distance  :  206

(PORT 1) : 6a,5,0,18,34,12,0,0,0,0,0,5,1,4e,f,0,0,0,0,f,dc,57,70,0,0,0,0,0   TimeStamp  :  20431       Distance  :  205

(PORT 1) : 6a,5,0,18,34,12,0,0,0,0,0,7,1,4f,f,0,0,0,0,1b,6a,f9,f7,0,0,0,0,0   TimeStamp  :  20719       Distance  :  207

(PORT 1) : 6a,5,0,18,34,12,0,0,0,0,0,6,1,50,f,0,0,0,0,d5,c7,d6,20,0,0,0,0,0   TimeStamp  :  21006       Distance  :  206

(PORT 1) : 6a,5,0,18,34,12,0,0,0,0,0,6,1,51,f,0,0,0,0,6a,23,e2,80,0,0,0,0,0   TimeStamp  :  21294       Distance  :  206

(PORT 1) : 6a,5,0,18,34,12,0,0,0,0,0,5,1,52,f,0,0,0,0,a4,bf,e3,2b,0,0,0,0,0   TimeStamp  :  21582       Distance  :  205

(PORT 1) : 6a,5,0,18,34,12,0,0,0,0,0,6,1,53,f,0,0,0,0,11,80,a9,dd,0,0,0,0,0   TimeStamp  :  21870       Distance  :  206

(PORT 1) : 6a,5,0,18,34,12,0,0,0,0,0,5,1,54,f,0,0,0,0,7e,57,7,d6,0,0,0,0,0   TimeStamp  :  22159       Distance  :  205

(PORT 1) : 6a,5,0,18,34,12,0,0,0,0,0,6,1,55,f,0,0,0,0,c0,c7,c5,d3,0,0,0,0,0   TimeStamp  :  22446       Distance  :  206

(PORT 1) : 6a,5,0,18,34,12,0,0,0,0,0,6,1,56,f,0,0,0,0,58,6c,87,58,0,0,0,0,0   TimeStamp  :  22735       Distance  :  206

(PORT 1) : 6a,5,0,18,34,12,0,0,0,0,0,5,1,57,f,0,0,0,0,48,e4,15,7e,0,0,0,0,0   TimeStamp  :  23022       Distance  :  205

(PORT 1) : 6a,5,0,18,34,12,0,0,0,0,0,6,1,58,f,0,0,0,0,49,32,96,45,0,0,0,0,0   TimeStamp  :  23310       Distance  :  206

(PORT 1) : 6a,5,0,18,34,12,0,0,0,0,0,6,1,59,f,0,0,0,0,51,f8,b4,92,0,0,0,0,0   TimeStamp  :  23598       Distance  :  206

(PORT 1) : 6a,5,0,18,34,12,0,0,0,0,0,6,1,5a,f,0,0,0,0,7,6e,c0,0,0,0,0,0,0   TimeStamp  :  23886       Distance  :  206

(PORT 1) : 6a,5,0,18,34,12,0,0,0,0,0,6,1,5b,f,0,0,0,0,5c,53,19,66,0,0,0,0,0   TimeStamp  :  24174       Distance  :  206

(PORT 1) : 6a,5,0,18,34,12,0,0,0,0,0,5,1,5c,f,0,0,0,0,1b,13,2b,79,0,0,0,0,0   TimeStamp  :  24462       Distance  :  205

(PORT 1) : 6a,5,0,18,34,12,0,0,0,0,0,6,1,5d,f,0,0,0,0,e0,6d,1a,28,0,0,0,0,0   TimeStamp  :  24750       Distance  :  206

(PORT 1) : 6a,5,0,18,34,12,0,0,0,0,0,7,1,5e,f,0,0,0,0,40,5b,11,d5,0,0,0,0,0   TimeStamp  :  25038       Distance  :  207

(PORT 1) : 6a,5,0,18,34,12,0,0,0,0,0,6,1,5f,f,0,0,0,0,d7,f8,c7,81,0,0,0,0,0   TimeStamp  :  25326       Distance  :  206

(PORT 1) : 6a,5,0,18,34,12,0,0,0,0,0,6,1,60,f,0,0,0,0,62,75,8d,e6,0,0,0,0,0   TimeStamp  :  25615       Distance  :  206

(PORT 1) : 6a,5,0,18,34,12,0,0,0,0,0,4,1,61,f,0,0,0,0,c5,95,8d,1e,0,0,0,0,0   TimeStamp  :  25902       Distance  :  204

(PORT 1) : 6a,5,0,18,34,12,0,0,0,0,0,6,1,62,f,0,0,0,0,cb,a3,94,4d,0,0,0,0,0   TimeStamp  :  26190       Distance  :  206

(PORT 1) : 6a,5,0,18,34,12,0,0,0,0,0,6,1,63,f,0,0,0,0,59,1f,64,4e,0,0,0,0,0   TimeStamp  :  26478       Distance  :  206

(PORT 1) : 6a,5,0,18,34,12,0,0,0,0,0,5,1,64,f,0,0,0,0,74,80,cc,b2,0,0,0,0,0   TimeStamp  :  26766       Distance  :  205

(PORT 1) : 6a,5,0,18,34,12,0,0,0,0,0,7,1,65,f,0,0,0,0,fe,65,a1,7d,0,0,0,0,0   TimeStamp  :  27054       Distance  :  207

(PORT 1) : 6a,5,0,18,34,12,0,0,0,0,0,4,1,66,f,0,0,0,0,fb,29,be,e6,0,0,0,0,0   TimeStamp  :  27342       Distance  :  204

(PORT 1) : 6a,5,0,18,34,12,0,0,0,0,0,5,1,67,f,0,0,0,0,be,e0,25,c3,0,0,0,0,0   TimeStamp  :  27630       Distance  :  205

(PORT 1) : 6a,5,0,18,34,12,0,0,0,0,0,6,1,68,f,0,0,0,0,b7,e0,22,7d,0,0,0,0,0   TimeStamp  :  27918       Distance  :  206

(PORT 1) : 6a,5,0,18,34,12,0,0,0,0,0,7,1,69,f,0,0,0,0,8e,3e,b4,6,0,0,0,0,0   TimeStamp  :  28206       Distance  :  207

(PORT 1) : 6a,5,0,18,34,12,0,0,0,0,0,6,1,6a,f,0,0,0,0,ce,23,57,99,0,0,0,0,0   TimeStamp  :  28494       Distance  :  206

(PORT 1) : 6a,5,0,18,34,12,0,0,0,0,0,5,1,6b,f,0,0,0,0,ee,bb,ab,ba,0,0,0,0,0   TimeStamp  :  28782       Distance  :  205

(PORT 1) : 6a,5,0,18,34,12,0,0,0,0,0,6,1,6c,f,0,0,0,0,e4,7d,bb,8,0,0,0,0,0   TimeStamp  :  29069       Distance  :  206

(PORT 1) : 6a,5,0,18,34,12,0,0,0,0,0,5,1,6d,f,0,0,0,0,9a,9b,c8,1b,0,0,0,0,0   TimeStamp  :  29358       Distance  :  205

(PORT 1) : 6a,5,0,18,34,12,0,0,0,0,0,7,1,6e,f,0,0,0,0,42,8e,c1,41,0,0,0,0,0   TimeStamp  :  29646       Distance  :  207

(PORT 1) : 6a,5,0,18,34,12,0,0,0,0,0,5,1,6f,f,0,0,0,0,35,55,fc,c5,0,0,0,0,0   TimeStamp  :  29934       Distance  :  205

(PORT 1) : 6a,5,0,18,34,12,0,0,0,0,0,6,1,70,f,0,0,0,0,ff,d3,c,f0,0,0,0,0,0   TimeStamp  :  30221       Distance  :  206

(PORT 1) : 6a,5,0,18,34,12,0,0,0,0,0,5,1,71,f,0,0,0,0,7f,5f,41,12,0,0,0,0,0   TimeStamp  :  30510       Distance  :  205

(PORT 1) : 6a,5,0,18,34,12,0,0,0,0,0,5,1,72,f,0,0,0,0,5a,e0,c2,10,0,0,0,0,0   TimeStamp  :  30797       Distance  :  205

(PORT 1) : 6a,5,0,18,34,12,0,0,0,0,0,4,1,73,f,0,0,0,0,3e,85,21,5d,0,0,0,0,0   TimeStamp  :  31086       Distance  :  204

(PORT 1) : 6a,5,0,18,34,12,0,0,0,0,0,2,1,74,f,0,0,0,0,c,84,c,6a,0,0,0,0,0   TimeStamp  :  31374       Distance  :  202

(PORT 1) : 6a,5,0,18,34,12,0,0,0,0,0,5,1,75,f,0,0,0,0,3f,f3,52,e6,0,0,0,0,0   TimeStamp  :  31662       Distance  :  205

(PORT 1) : 6a,5,0,18,34,12,0,0,0,0,0,b,1,76,f,0,0,0,0,9f,f7,7e,30,0,0,0,0,0   TimeStamp  :  31950       Distance  :  211

(PORT 1) : 6a,5,0,18,34,12,0,0,0,0,0,6,1,77,f,0,0,0,0,9c,3a,24,c7,0,0,0,0,0   TimeStamp  :  32238       Distance  :  206

(PORT 1) : 6a,5,0,18,34,12,0,0,0,0,0,4,1,78,f,0,0,0,0,6e,8,94,de,0,0,0,0,0   TimeStamp  :  32526       Distance  :  204

(PORT 1) : 6a,5,0,18,34,12,0,0,0,0,0,5,1,79,f,0,0,0,0,32,1a,bd,d6,0,0,0,0,0   TimeStamp  :  32814       Distance  :  205

(PORT 1) : 6a,5,0,18,34,12,0,0,0,0,0,5,1,7a,f,0,0,0,0,da,d7,a5,44,0,0,0,0,0   TimeStamp  :  33102       Distance  :  205

(PORT 1) : 6a,5,0,18,34,12,0,0,0,0,0,5,1,7b,f,0,0,0,0,9a,6b,ab,2f,0,0,0,0,0   TimeStamp  :  33390       Distance  :  205

(PORT 1) : 6a,5,0,18,34,12,0,0,0,0,0,6,1,7c,f,0,0,0,0,92,35,ff,d2,0,0,0,0,0   TimeStamp  :  33678       Distance  :  206

(PORT 1) : 6a,5,0,18,34,12,0,0,0,0,0,5,1,7d,f,0,0,0,0,79,78,ce,bd,0,0,0,0,0   TimeStamp  :  33966       Distance  :  205

(PORT 1) : 6a,5,0,18,34,12,0,0,0,0,0,6,1,7e,f,0,0,0,0,fd,6c,29,2b,0,0,0,0,0   TimeStamp  :  34254       Distance  :  206

(PORT 1) : 6a,5,0,18,34,12,0,0,0,0,0,5,1,7f,f,0,0,0,0,b7,e7,a4,93,0,0,0,0,0   TimeStamp  :  34541       Distance  :  205

(PORT 1) : 6a,5,0,18,34,12,0,0,0,0,0,6,1,80,f,0,0,0,0,36,87,5e,af,0,0,0,0,0   TimeStamp  :  34830       Distance  :  206

(PORT 1) : 6a,5,0,18,34,12,0,0,0,0,0,5,1,81,f,0,0,0,0,4d,1d,3c,1,0,0,0,0,0   TimeStamp  :  35118       Distance  :  205

(PORT 1) : 6a,5,0,18,34,12,0,0,0,0,0,c,1,82,f,0,0,0,0,ec,ae,18,c,0,0,0,0,0   TimeStamp  :  35404       Distance  :  212

(PORT 1) : 6a,5,0,18,34,12,0,0,0,0,0,6,1,83,f,0,0,0,0,76,f,c7,39,0,0,0,0,0   TimeStamp  :  35693       Distance  :  206

(PORT 1) : 6a,5,0,18,34,12,0,0,0,0,0,5,1,84,f,0,0,0,0,48,6e,e3,11,0,0,0,0,0   TimeStamp  :  35982       Distance  :  205

(PORT 1) : 6a,5,0,18,34,12,0,0,0,0,0,7,1,85,f,0,0,0,0,80,87,c8,5b,0,0,0,0,0   TimeStamp  :  36269       Distance  :  207

(PORT 1) : 6a,5,0,18,34,12,0,0,0,0,0,5,1,86,f,0,0,0,0,55,91,34,98,0,0,0,0,0   TimeStamp  :  36557       Distance  :  205

(PORT 1) : 6a,5,0,18,34,12,0,0,0,0,0,6,1,87,f,0,0,0,0,b8,f7,9d,98,0,0,0,0,0   TimeStamp  :  36844       Distance  :  206

(PORT 1) : 6a,5,0,18,34,12,0,0,0,0,0,6,1,88,f,0,0,0,0,5e,c8,e5,64,0,0,0,0,0   TimeStamp  :  37134       Distance  :  206

(PORT 1) : 6a,5,0,18,34,12,0,0,0,0,0,6,1,89,f,0,0,0,0,23,7c,b1,eb,0,0,0,0,0   TimeStamp  :  37421       Distance  :  206

(PORT 1) : 6a,5,0,18,34,12,0,0,0,0,0,5,1,8a,f,0,0,0,0,71,fa,1a,3d,0,0,0,0,0   TimeStamp  :  37710       Distance  :  205

(PORT 1) : 6a,5,0,18,34,12,0,0,0,0,0,6,1,8b,f,0,0,0,0,b0,4e,52,ac,0,0,0,0,0   TimeStamp  :  37998       Distance  :  206

(PORT 1) : 6a,5,0,18,34,12,0,0,0,0,0,5,1,8c,f,0,0,0,0,b1,d4,30,71,0,0,0,0,0   TimeStamp  :  38286       Distance  :  205

(PORT 1) : 6a,5,0,18,34,12,0,0,0,0,0,4,1,8d,f,0,0,0,0,d4,af,10,20,0,0,0,0,0   TimeStamp  :  38574       Distance  :  204

(PORT 1) : 6a,5,0,18,34,12,0,0,0,0,0,6,1,8e,f,0,0,0,0,24,e3,fc,f8,0,0,0,0,0   TimeStamp  :  38861       Distance  :  206

(PORT 1) : 6a,5,0,18,34,12,0,0,0,0,0,6,1,8f,f,0,0,0,0,fd,89,96,c1,0,0,0,0,0   TimeStamp  :  39150       Distance  :  206

(PORT 1) : 6a,5,0,18,34,12,0,0,0,0,0,5,1,90,f,0,0,0,0,a5,10,8b,ff,0,0,0,0,0   TimeStamp  :  39438       Distance  :  205

(PORT 1) : 6a,5,0,18,34,12,0,0,0,0,0,7,1,91,f,0,0,0,0,1f,63,34,47,0,0,0,0,0   TimeStamp  :  39725       Distance  :  207

(PORT 1) : 6a,5,0,18,34,12,0,0,0,0,0,6,1,92,f,0,0,0,0,9e,89,36,d8,0,0,0,0,0   TimeStamp  :  40014       Distance  :  206

(PORT 1) : 6a,5,0,18,34,12,0,0,0,0,0,5,1,93,f,0,0,0,0,58,25,e0,3a,0,0,0,0,0   TimeStamp  :  40301       Distance  :  205

(PORT 1) : 6a,5,0,18,34,12,0,0,0,0,0,5,1,94,f,0,0,0,0,1e,46,b4,17,0,0,0,0,0   TimeStamp  :  40589       Distance  :  205

(PORT 1) : 6a,5,0,18,34,12,0,0,0,0,0,f5,0,95,f,0,0,0,0,a0,6e,7b,6c,0,0,0,0,0   TimeStamp  :  40877       Distance  :  189

(PORT 1) : 6a,5,0,18,34,12,0,0,0,0,0,f,1,96,f,0,0,0,0,73,65,ed,a,0,0,0,0,0   TimeStamp  :  41165       Distance  :  215

(PORT 1) : 6a,5,0,18,34,12,0,0,0,0,0,3,1,97,f,0,0,0,0,76,34,b5,bb,0,0,0,0,0   TimeStamp  :  41453       Distance  :  203

(PORT 1) : 6a,5,0,18,34,12,0,0,0,0,0,7,1,98,f,0,0,0,0,53,cd,c0,c,0,0,0,0,0   TimeStamp  :  41742       Distance  :  207

(PORT 1) : 6a,5,0,18,34,12,0,0,0,0,0,6,1,99,f,0,0,0,0,96,6b,d8,92,0,0,0,0,0   TimeStamp  :  42030       Distance  :  206

(PORT 1) : 6a,5,0,18,34,12,0,0,0,0,0,6,1,9a,f,0,0,0,0,e0,e7,c,95,0,0,0,0,0   TimeStamp  :  42317       Distance  :  206

(PORT 1) : 6a,5,0,18,34,12,0,0,0,0,0,6,1,9b,f,0,0,0,0,fa,b2,4f,90,0,0,0,0,0   TimeStamp  :  42605       Distance  :  206

(PORT 1) : 6a,5,0,18,34,12,0,0,0,0,0,5,1,9c,f,0,0,0,0,d,aa,fe,6b,0,0,0,0,0   TimeStamp  :  42893       Distance  :  205

(PORT 1) : 6a,5,0,18,34,12,0,0,0,0,0,ff,0,9d,f,0,0,0,0,ff,d2,e5,eb,0,0,0,0,0   TimeStamp  :  43181       Distance  :  199

(PORT 1) : 6a,5,0,18,34,12,0,0,0,0,0,6,1,9e,f,0,0,0,0,4a,1,f8,71,0,0,0,0,0   TimeStamp  :  43469       Distance  :  206

(PORT 1) : 6a,5,0,18,34,12,0,0,0,0,0,5,1,9f,f,0,0,0,0,d4,10,11,aa,0,0,0,0,0   TimeStamp  :  43756       Distance  :  205

(PORT 1) : 6a,5,0,18,34,12,0,0,0,0,0,5,1,a0,f,0,0,0,0,a4,e7,e6,7f,0,0,0,0,0   TimeStamp  :  44045       Distance  :  205

(PORT 1) : 6a,5,0,18,34,12,0,0,0,0,0,6,1,a1,f,0,0,0,0,d,81,d9,ad,0,0,0,0,0   TimeStamp  :  44333       Distance  :  206

(PORT 1) : 6a,5,0,18,34,12,0,0,0,0,0,4,1,a2,f,0,0,0,0,e9,51,ad,cd,0,0,0,0,0   TimeStamp  :  44621       Distance  :  204

(PORT 1) : 6a,5,0,18,34,12,0,0,0,0,0,7,1,a3,f,0,0,0,0,8c,4a,57,c6,0,0,0,0,0   TimeStamp  :  44909       Distance  :  207

(PORT 1) : 6a,5,0,18,34,12,0,0,0,0,0,7,1,a4,f,0,0,0,0,75,1a,59,a2,0,0,0,0,0   TimeStamp  :  45196       Distance  :  207

(PORT 1) : 6a,5,0,18,34,12,0,0,0,0,0,7,1,a5,f,0,0,0,0,92,46,63,c8,0,0,0,0,0   TimeStamp  :  45486       Distance  :  207

(PORT 1) : 6a,5,0,18,34,12,0,0,0,0,0,5,1,a6,f,0,0,0,0,b0,a6,48,8e,0,0,0,0,0   TimeStamp  :  45773       Distance  :  205

(PORT 1) : 6a,5,0,18,34,12,0,0,0,0,0,7,1,a7,f,0,0,0,0,68,29,f6,ef,0,0,0,0,0   TimeStamp  :  46061       Distance  :  207

(PORT 1) : 6a,5,0,18,34,12,0,0,0,0,0,7,1,a8,f,0,0,0,0,24,47,d2,19,0,0,0,0,0   TimeStamp  :  46349       Distance  :  207

(PORT 1) : 6a,5,0,18,34,12,0,0,0,0,0,6,1,a9,f,0,0,0,0,8b,c5,c7,69,0,0,0,0,0   TimeStamp  :  46637       Distance  :  206

(PORT 1) : 6a,5,0,18,34,12,0,0,0,0,0,8,1,aa,f,0,0,0,0,e0,71,76,bf,0,0,0,0,0   TimeStamp  :  46925       Distance  :  208

(PORT 1) : 6a,5,0,18,34,12,0,0,0,0,0,5,1,ab,f,0,0,0,0,75,31,24,d8,0,0,0,0,0   TimeStamp  :  47213       Distance  :  205

(PORT 1) : 6a,5,0,18,34,12,0,0,0,0,0,4,1,ac,f,0,0,0,0,e5,22,84,7d,0,0,0,0,0   TimeStamp  :  47501       Distance  :  204

(PORT 1) : 6a,5,0,18,34,12,0,0,0,0,0,4,1,ad,f,0,0,0,0,9b,fd,c4,b6,0,0,0,0,0   TimeStamp  :  47790       Distance  :  204

(PORT 1) : 6a,5,0,18,34,12,0,0,0,0,0,6,1,ae,f,0,0,0,0,7e,4a,75,4f,0,0,0,0,0   TimeStamp  :  48077       Distance  :  206

(PORT 1) : 6a,5,0,18,34,12,0,0,0,0,0,6,1,af,f,0,0,0,0,b9,4f,e8,66,0,0,0,0,0   TimeStamp  :  48365       Distance  :  206

(PORT 1) : 6a,5,0,18,34,12,0,0,0,0,0,4,1,b0,f,0,0,0,0,9f,ea,b3,ad,0,0,0,0,0   TimeStamp  :  48653       Distance  :  204

(PORT 1) : 6a,5,0,18,34,12,0,0,0,0,0,5,1,b1,f,0,0,0,0,13,1a,93,10,0,0,0,0,0   TimeStamp  :  48941       Distance  :  205

(PORT 1) : 6a,5,0,18,34,12,0,0,0,0,0,6,1,b2,f,0,0,0,0,e0,97,5c,b7,0,0,0,0,0   TimeStamp  :  49229       Distance  :  206

(PORT 1) : 6a,5,0,18,34,12,0,0,0,0,0,6,1,b3,f,0,0,0,0,f0,28,ed,26,0,0,0,0,0   TimeStamp  :  49517       Distance  :  206

(PORT 1) : 6a,5,0,18,34,12,0,0,0,0,0,6,1,b4,f,0,0,0,0,cc,b6,68,7,0,0,0,0,0   TimeStamp  :  49805       Distance  :  206

(PORT 1) : 6a,5,0,18,34,12,0,0,0,0,0,5,1,b5,f,0,0,0,0,c6,74,5e,f1,0,0,0,0,0   TimeStamp  :  50093       Distance  :  205

(PORT 1) : 6a,5,0,18,34,12,0,0,0,0,0,6,1,b6,f,0,0,0,0,7b,89,5e,74,0,0,0,0,0   TimeStamp  :  50381       Distance  :  206

(PORT 1) : 6a,5,0,18,34,12,0,0,0,0,0,6,1,b7,f,0,0,0,0,b1,a2,af,b7,0,0,0,0,0   TimeStamp  :  50669       Distance  :  206

(PORT 1) : 6a,5,0,18,34,12,0,0,0,0,0,6,1,b8,f,0,0,0,0,c5,33,29,aa,0,0,0,0,0   TimeStamp  :  50957       Distance  :  206

(PORT 1) : 6a,5,0,18,34,12,0,0,0,0,0,6,1,b9,f,0,0,0,0,13,a9,22,f1,0,0,0,0,0   TimeStamp  :  51245       Distance  :  206

(PORT 1) : 6a,5,0,18,34,12,0,0,0,0,0,6,1,ba,f,0,0,0,0,30,63,1d,3e,0,0,0,0,0   TimeStamp  :  51533       Distance  :  206

(PORT 1) : 6a,5,0,18,34,12,0,0,0,0,0,6,1,bb,f,0,0,0,0,f7,69,e2,76,0,0,0,0,0   TimeStamp  :  51821       Distance  :  206

(PORT 1) : 6a,5,0,18,34,12,0,0,0,0,0,7,1,bc,f,0,0,0,0,79,d,6d,35,0,0,0,0,0   TimeStamp  :  52109       Distance  :  207

(PORT 1) : 6a,5,0,18,34,12,0,0,0,0,0,4,1,bd,f,0,0,0,0,9d,1a,ad,8b,0,0,0,0,0   TimeStamp  :  52397       Distance  :  204

(PORT 1) : 6a,5,0,18,34,12,0,0,0,0,0,6,1,be,f,0,0,0,0,3b,33,9,18,0,0,0,0,0   TimeStamp  :  52685       Distance  :  206

(PORT 1) : 6a,5,0,18,34,12,0,0,0,0,0,5,1,bf,f,0,0,0,0,9e,cc,c,63,0,0,0,0,0   TimeStamp  :  52973       Distance  :  205

(PORT 1) : 6a,5,0,18,34,12,0,0,0,0,0,5,1,c0,f,0,0,0,0,33,f6,c2,81,0,0,0,0,0   TimeStamp  :  53261       Distance  :  205

(PORT 1) : 6a,5,0,18,34,12,0,0,0,0,0,6,1,c1,f,0,0,0,0,59,b,9d,7c,0,0,0,0,0   TimeStamp  :  53548       Distance  :  206

(PORT 1) : 6a,5,0,18,34,12,0,0,0,0,0,7,1,c2,f,0,0,0,0,9,3f,9f,7b,0,0,0,0,0   TimeStamp  :  53835       Distance  :  207

(PORT 1) : 6a,5,0,18,34,12,0,0,0,0,0,6,1,c3,f,0,0,0,0,f7,58,11,2f,0,0,0,0,0   TimeStamp  :  54123       Distance  :  206

(PORT 1) : 6a,5,0,18,34,12,0,0,0,0,0,5,1,c4,f,0,0,0,0,95,36,29,23,0,0,0,0,0   TimeStamp  :  54412       Distance  :  205

(PORT 1) : 6a,5,0,18,34,12,0,0,0,0,0,6,1,c5,f,0,0,0,0,74,3b,45,a8,0,0,0,0,0   TimeStamp  :  54699       Distance  :  206

(PORT 1) : 6a,5,0,18,34,12,0,0,0,0,0,7,1,c6,f,0,0,0,0,d2,21,39,41,0,0,0,0,0   TimeStamp  :  54988       Distance  :  207

(PORT 1) : 6a,5,0,18,34,12,0,0,0,0,0,7,1,c7,f,0,0,0,0,52,91,b8,b1,0,0,0,0,0   TimeStamp  :  55275       Distance  :  207

(PORT 1) : 6a,5,0,18,34,12,0,0,0,0,0,5,1,c8,f,0,0,0,0,d5,92,40,9f,0,0,0,0,0   TimeStamp  :  55564       Distance  :  205

(PORT 1) : 6a,5,0,18,34,12,0,0,0,0,0,5,1,c9,f,0,0,0,0,fb,92,12,f4,0,0,0,0,0   TimeStamp  :  55852       Distance  :  205

(PORT 1) : 6a,5,0,18,34,12,0,0,0,0,0,4,1,ca,f,0,0,0,0,c2,53,6,7a,0,0,0,0,0   TimeStamp  :  56141       Distance  :  204

(PORT 1) : 6a,5,0,18,34,12,0,0,0,0,0,7,1,cb,f,0,0,0,0,7c,d6,54,e0,0,0,0,0,0   TimeStamp  :  56428       Distance  :  207

(PORT 1) : 6a,5,0,18,34,12,0,0,0,0,0,a,1,cc,f,0,0,0,0,ea,5b,19,6a,0,0,0,0,0   TimeStamp  :  56717       Distance  :  210

(PORT 1) : 6a,5,0,18,34,12,0,0,0,0,0,5,1,cd,f,0,0,0,0,c2,e0,61,60,0,0,0,0,0   TimeStamp  :  57004       Distance  :  205

(PORT 1) : 6a,5,0,18,34,12,0,0,0,0,0,6,1,ce,f,0,0,0,0,65,6d,96,25,0,0,0,0,0   TimeStamp  :  57292       Distance  :  206

(PORT 1) : 6a,5,0,18,34,12,0,0,0,0,0,5,1,cf,f,0,0,0,0,5e,38,3c,9f,0,0,0,0,0   TimeStamp  :  57581       Distance  :  205

(PORT 1) : 6a,5,0,18,34,12,0,0,0,0,0,5,1,d0,f,0,0,0,0,da,ee,20,16,0,0,0,0,0   TimeStamp  :  57869       Distance  :  205

(PORT 1) : 6a,5,0,18,34,12,0,0,0,0,0,6,1,d1,f,0,0,0,0,75,b3,ab,1d,0,0,0,0,0   TimeStamp  :  58157       Distance  :  206

(PORT 1) : 6a,5,0,18,34,12,0,0,0,0,0,6,1,d2,f,0,0,0,0,91,95,4f,c5,0,0,0,0,0   TimeStamp  :  58444       Distance  :  206

(PORT 1) : 6a,5,0,18,34,12,0,0,0,0,0,5,1,d3,f,0,0,0,0,6b,f5,98,27,0,0,0,0,0   TimeStamp  :  58733       Distance  :  205

(PORT 1) : 6a,5,0,18,34,12,0,0,0,0,0,3,1,d4,f,0,0,0,0,71,a2,26,d,0,0,0,0,0   TimeStamp  :  59021       Distance  :  203

(PORT 1) : 6a,5,0,18,34,12,0,0,0,0,0,7,1,d5,f,0,0,0,0,1b,a8,5e,db,0,0,0,0,0   TimeStamp  :  59309       Distance  :  207

(PORT 1) : 6a,5,0,18,34,12,0,0,0,0,0,6,1,d6,f,0,0,0,0,6e,68,a1,43,0,0,0,0,0   TimeStamp  :  59597       Distance  :  206

(PORT 1) : 6a,5,0,18,34,12,0,0,0,0,0,6,1,d7,f,0,0,0,0,bc,e9,6e,22,0,0,0,0,0   TimeStamp  :  59884       Distance  :  206

(PORT 1) : 6a,5,0,18,34,12,0,0,0,0,0,6,1,d8,f,0,0,0,0,df,40,3b,5,0,0,0,0,0   TimeStamp  :  60171       Distance  :  206

(PORT 1) : 6a,5,0,18,34,12,0,0,0,0,0,5,1,d9,f,0,0,0,0,b0,ef,1f,78,0,0,0,0,0   TimeStamp  :  60459       Distance  :  205

(PORT 1) : 6a,5,0,18,34,12,0,0,0,0,0,5,1,da,f,0,0,0,0,ce,18,5e,49,0,0,0,0,0   TimeStamp  :  60748       Distance  :  205

(PORT 1) : 6a,5,0,18,34,12,0,0,0,0,0,5,1,db,f,0,0,0,0,1c,69,78,34,0,0,0,0,0   TimeStamp  :  61037       Distance  :  205

(PORT 1) : 6a,5,0,18,34,12,0,0,0,0,0,6,1,dc,f,0,0,0,0,56,33,35,cf,0,0,0,0,0   TimeStamp  :  61324       Distance  :  206

(PORT 1) : 6a,5,0,18,34,12,0,0,0,0,0,5,1,dd,f,0,0,0,0,d9,78,ea,1f,0,0,0,0,0   TimeStamp  :  61612       Distance  :  205

(PORT 1) : 6a,5,0,18,34,12,0,0,0,0,0,6,1,de,f,0,0,0,0,45,44,a6,88,0,0,0,0,0   TimeStamp  :  61900       Distance  :  206

(PORT 1) : 6a,5,0,18,34,12,0,0,0,0,0,15,1,df,f,0,0,0,0,a8,89,a9,6,0,0,0,0,0   TimeStamp  :  62188       Distance  :  221
