
(PORT 1) : 6a,5,0,18,34,12,0,0,0,0,0,44,0,84,0,0,0,0,0,39,c,38,85,0,0,0,0,0   TimeStamp  :  35117       Distance  :  12

(PORT 1) : 6a,5,0,18,34,12,0,0,0,0,0,44,0,85,0,0,0,0,0,b1,1b,d3,b3,0,0,0,0,0   TimeStamp  :  35405       Distance  :  12

(PORT 1) : 6a,5,0,18,34,12,0,0,0,0,0,44,0,86,0,0,0,0,0,f0,3f,f5,dc,0,0,0,0,0   TimeStamp  :  35694       Distance  :  12

(PORT 1) : 6a,5,0,18,34,12,0,0,0,0,0,47,0,87,0,0,0,0,0,35,96,d6,b5,0,0,0,0,0   TimeStamp  :  35982       Distance  :  15

(PORT 1) : 6a,5,0,18,34,12,0,0,0,0,0,45,0,88,0,0,0,0,0,e4,7,4,ab,0,0,0,0,0   TimeStamp  :  36270       Distance  :  13

(PORT 1) : 6a,5,0,18,34,12,0,0,0,0,0,44,0,89,0,0,0,0,0,f2,97,12,a,0,0,0,0,0   TimeStamp  :  274       Distance  :  12

(PORT 1) : 6a,5,0,18,34,12,0,0,0,0,0,44,0,8a,0,0,0,0,0,fa,bc,e8,f6,0,0,0,0,0   TimeStamp  :  559       Distance  :  12

(PORT 1) : 6a,5,0,18,34,12,0,0,0,0,0,45,0,8b,0,0,0,0,0,e4,69,ee,48,0,0,0,0,0   TimeStamp  :  847       Distance  :  13

(PORT 1) : 6a,5,0,18,34,12,0,0,0,0,0,44,0,8c,0,0,0,0,0,73,77,e9,88,0,0,0,0,0   TimeStamp  :  1135       Distance  :  12

(PORT 1) : 6a,5,0,18,34,12,0,0,0,0,0,44,0,8d,0,0,0,0,0,f7,84,9a,8e,0,0,0,0,0   TimeStamp  :  1424       Distance  :  12

(PORT 1) : 6a,5,0,18,34,12,0,0,0,0,0,45,0,8e,0,0,0,0,0,84,43,70,94,0,0,0,0,0   TimeStamp  :  1711       Distance  :  13

(PORT 1) : 6a,5,0,18,34,12,0,0,0,0,0,45,0,8f,0,0,0,0,0,9b,58,fb,38,0,0,0,0,0   TimeStamp  :  1998       Distance  :  13

(PORT 1) : 6a,5,0,18,34,12,0,0,0,0,0,46,0,90,0,0,0,0,0,98,b0,90,66,0,0,0,0,0   TimeStamp  :  2288       Distance  :  14

(PORT 1) : 6a,5,0,18,34,12,0,0,0,0,0,43,0,91,0,0,0,0,0,5,13,86,be,0,0,0,0,0   TimeStamp  :  2574       Distance  :  11

(PORT 1) : 6a,5,0,18,34,12,0,0,0,0,0,44,0,92,0,0,0,0,0,1d,d8,f4,ad,0,0,0,0,0   TimeStamp  :  2863       Distance  :  12

(PORT 1) : 6a,5,0,18,34,12,0,0,0,0,0,44,0,93,0,0,0,0,0,74,50,4f,2c,0,0,0,0,0   TimeStamp  :  3151       Distance  :  12

(PORT 1) : 6a,5,0,18,34,12,0,0,0,0,0,44,0,94,0,0,0,0,0,bc,bc,50,12,0,0,0,0,0   TimeStamp  :  3438       Distance  :  12

(PORT 1) : 6a,5,0,18,34,12,0,0,0,0,0,46,0,95,0,0,0,0,0,fa,6b,74,fc,0,0,0,0,0   TimeStamp  :  3727       Distance  :  14

(PORT 1) : 6a,5,0,18,34,12,0,0,0,0,0,44,0,96,0,0,0,0,0,58,52,c1,a0,0,0,0,0,0   TimeStamp  :  4016       Distance  :  12

(PORT 1) : 6a,5,0,18,34,12,0,0,0,0,0,45,0,97,0,0,0,0,0,60,4b,4,3f,0,0,0,0,0   TimeStamp  :  4304       Distance  :  13

(PORT 1) : 6a,5,0,18,34,12,0,0,0,0,0,44,0,98,0,0,0,0,0,5a,92,7c,81,0,0,0,0,0   TimeStamp  :  4592       Distance  :  12

(PORT 1) : 6a,5,0,18,34,12,0,0,0,0,0,43,0,99,0,0,0,0,0,63,cb,a8,d4,0,0,0,0,0   TimeStamp  :  4878       Distance  :  11

(PORT 1) : 6a,5,0,18,34,12,0,0,0,0,0,44,0,9a,0,0,0,0,0,31,4f,16,16,0,0,0,0,0   TimeStamp  :  5167       Distance  :  12

(PORT 1) : 6a,5,0,18,34,12,0,0,0,0,0,44,0,9b,0,0,0,0,0,d8,bd,e9,60,0,0,0,0,0   TimeStamp  :  5455       Distance  :  12

(PORT 1) : 6a,5,0,18,34,12,0,0,0,0,0,45,0,9c,0,0,0,0,0,32,6,fe,a6,0,0,0,0,0   TimeStamp  :  5743       Distance  :  13

(PORT 1) : 6a,5,0,18,34,12,0,0,0,0,0,45,0,9d,0,0,0,0,0,6b,97,7e,dc,0,0,0,0,0   TimeStamp  :  6031       Distance  :  13

(PORT 1) : 6a,5,0,18,34,12,0,0,0,0,0,45,0,9e,0,0,0,0,0,72,e3,ad,a,0,0,0,0,0   TimeStamp  :  6318       Distance  :  13

(PORT 1) : 6a,5,0,18,34,12,0,0,0,0,0,45,0,9f,0,0,0,0,0,9a,78,d1,56,0,0,0,0,0   TimeStamp  :  6607       Distance  :  13

(PORT 1) : 6a,5,0,18,34,12,0,0,0,0,0,45,0,a0,0,0,0,0,0,a0,fe,9f,f8,0,0,0,0,0   TimeStamp  :  6896       Distance  :  13

(PORT 1) : 6a,5,0,18,34,12,0,0,0,0,0,44,0,a1,0,0,0,0,0,1c,6c,90,ec,0,0,0,0,0   TimeStamp  :  7183       Distance  :  12

(PORT 1) : 6a,5,0,18,34,12,0,0,0,0,0,47,0,a2,0,0,0,0,0,cd,d8,15,78,0,0,0,0,0   TimeStamp  :  7471       Distance  :  15

(PORT 1) : 6a,5,0,18,34,12,0,0,0,0,0,44,0,a3,0,0,0,0,0,91,e8,a0,cb,0,0,0,0,0   TimeStamp  :  7759       Distance  :  12

(PORT 1) : 6a,5,0,18,34,12,0,0,0,0,0,46,0,a4,0,0,0,0,0,b5,74,f4,31,0,0,0,0,0   TimeStamp  :  8047       Distance  :  14

(PORT 1) : 6a,5,0,18,34,12,0,0,0,0,0,45,0,a5,0,0,0,0,0,f8,c8,73,de,0,0,0,0,0   TimeStamp  :  8335       Distance  :  13

(PORT 1) : 6a,5,0,18,34,12,0,0,0,0,0,44,0,a6,0,0,0,0,0,f3,39,3f,5,0,0,0,0,0   TimeStamp  :  8623       Distance  :  12

(PORT 1) : 6a,5,0,18,34,12,0,0,0,0,0,47,0,a7,0,0,0,0,0,19,a4,d,dc,0,0,0,0,0   TimeStamp  :  8911       Distance  :  15

(PORT 1) : 6a,5,0,18,34,12,0,0,0,0,0,44,0,a8,0,0,0,0,0,96,9,ce,ce,0,0,0,0,0   TimeStamp  :  9199       Distance  :  12

(PORT 1) : 6a,5,0,18,34,12,0,0,0,0,0,45,0,a9,0,0,0,0,0,5e,8a,20,25,0,0,0,0,0   TimeStamp  :  9487       Distance  :  13

(PORT 1) : 6a,5,0,18,34,12,0,0,0,0,0,45,0,aa,0,0,0,0,0,73,e3,60,b6,0,0,0,0,0   TimeStamp  :  9775       Distance  :  13

(PORT 1) : 6a,5,0,18,34,12,0,0,0,0,0,44,0,ab,0,0,0,0,0,92,e,dc,93,0,0,0,0,0   TimeStamp  :  10063       Distance  :  12

(PORT 1) : 6a,5,0,18,34,12,0,0,0,0,0,45,0,ac,0,0,0,0,0,3f,bc,96,20,0,0,0,0,0   TimeStamp  :  10351       Distance  :  13

(PORT 1) : 6a,5,0,18,34,12,0,0,0,0,0,45,0,ad,0,0,0,0,0,e2,f6,d6,ff,0,0,0,0,0   TimeStamp  :  10639       Distance  :  13

(PORT 1) : 6a,5,0,18,34,12,0,0,0,0,0,45,0,ae,0,0,0,0,0,3a,af,5a,ef,0,0,0,0,0   TimeStamp  :  10927       Distance  :  13

(PORT 1) : 6a,5,0,18,34,12,0,0,0,0,0,45,0,af,0,0,0,0,0,f1,d7,18,4d,0,0,0,0,0   TimeStamp  :  11215       Distance  :  13

(PORT 1) : 6a,5,0,18,34,12,0,0,0,0,0,4e,0,b0,0,0,0,0,0,55,8b,9d,57,0,0,0,0,0   TimeStamp  :  11502       Distance  :  22

(PORT 1) : 6a,5,0,18,34,12,0,0,0,0,0,46,0,b1,0,0,0,0,0,f9,3f,5e,a2,0,0,0,0,0   TimeStamp  :  11790       Distance  :  14

(PORT 1) : 6a,5,0,18,34,12,0,0,0,0,0,46,0,b2,0,0,0,0,0,9f,7a,f6,e4,0,0,0,0,0   TimeStamp  :  12078       Distance  :  14

(PORT 1) : 6a,5,0,18,34,12,0,0,0,0,0,44,0,b3,0,0,0,0,0,ff,ab,d6,57,0,0,0,0,0   TimeStamp  :  12366       Distance  :  12

(PORT 1) : 6a,5,0,18,34,12,0,0,0,0,0,45,0,b4,0,0,0,0,0,a5,8e,91,ae,0,0,0,0,0   TimeStamp  :  12654       Distance  :  13

(PORT 1) : 6a,5,0,18,34,12,0,0,0,0,0,45,0,b5,0,0,0,0,0,2a,e2,70,8b,0,0,0,0,0   TimeStamp  :  12942       Distance  :  13

(PORT 1) : 6a,5,0,18,34,12,0,0,0,0,0,45,0,b6,0,0,0,0,0,cd,f1,f1,36,0,0,0,0,0   TimeStamp  :  13230       Distance  :  13

(PORT 1) : 6a,5,0,18,34,12,0,0,0,0,0,45,0,b7,0,0,0,0,0,4a,c6,cd,47,0,0,0,0,0   TimeStamp  :  13520       Distance  :  13

(PORT 1) : 6a,5,0,18,34,12,0,0,0,0,0,46,0,b8,0,0,0,0,0,ee,e1,77,e8,0,0,0,0,0   TimeStamp  :  13806       Distance  :  14

(PORT 1) : 6a,5,0,18,34,12,0,0,0,0,0,45,0,b9,0,0,0,0,0,8b,1e,55,5f,0,0,0,0,0   TimeStamp  :  14094       Distance  :  13

(PORT 1) : 6a,5,0,18,34,12,0,0,0,0,0,44,0,ba,0,0,0,0,0,de,28,f3,59,0,0,0,0,0   TimeStamp  :  14383       Distance  :  12

(PORT 1) : 6a,5,0,18,34,12,0,0,0,0,0,45,0,bb,0,0,0,0,0,3e,59,e5,e5,0,0,0,0,0   TimeStamp  :  14670       Distance  :  13

(PORT 1) : 6a,5,0,18,34,12,0,0,0,0,0,44,0,bc,0,0,0,0,0,51,aa,aa,a2,0,0,0,0,0   TimeStamp  :  14958       Distance  :  12

(PORT 1) : 6a,5,0,18,34,12,0,0,0,0,0,44,0,bd,0,0,0,0,0,72,e,ae,a2,0,0,0,0,0   TimeStamp  :  15246       Distance  :  12

(PORT 1) : 6a,5,0,18,34,12,0,0,0,0,0,45,0,be,0,0,0,0,0,15,a6,90,d6,0,0,0,0,0   TimeStamp  :  15534       Distance  :  13

(PORT 1) : 6a,5,0,18,34,12,0,0,0,0,0,46,0,bf,0,0,0,0,0,3e,53,48,de,0,0,0,0,0   TimeStamp  :  15822       Distance  :  14

(PORT 1) : 6a,5,0,18,34,12,0,0,0,0,0,46,0,c0,0,0,0,0,0,ee,ee,d5,50,0,0,0,0,0   TimeStamp  :  16111       Distance  :  14

(PORT 1) : 6a,5,0,18,34,12,0,0,0,0,0,46,0,c1,0,0,0,0,0,fb,4,38,2b,0,0,0,0,0   TimeStamp  :  16398       Distance  :  14

(PORT 1) : 6a,5,0,18,34,12,0,0,0,0,0,45,0,c2,0,0,0,0,0,d6,7c,f6,bb,0,0,0,0,0   TimeStamp  :  16688       Distance  :  13

(PORT 1) : 6a,5,0,18,34,12,0,0,0,0,0,45,0,c3,0,0,0,0,0,5b,f0,1e,5a,0,0,0,0,0   TimeStamp  :  16973       Distance  :  13

(PORT 1) : 6a,5,0,18,34,12,0,0,0,0,0,44,0,c4,0,0,0,0,0,37,14,ef,44,0,0,0,0,0   TimeStamp  :  17264       Distance  :  12

(PORT 1) : 6a,5,0,18,34,12,0,0,0,0,0,46,0,c5,0,0,0,0,0,c9,9f,d5,dd,0,0,0,0,0   TimeStamp  :  17551       Distance  :  14

(PORT 1) : 6a,5,0,18,34,12,0,0,0,0,0,44,0,c6,0,0,0,0,0,1e,7a,39,ae,0,0,0,0,0   TimeStamp  :  17839       Distance  :  12

(PORT 1) : 6a,5,0,18,34,12,0,0,0,0,0,45,0,c7,0,0,0,0,0,22,10,1d,23,0,0,0,0,0   TimeStamp  :  18127       Distance  :  13

(PORT 1) : 6a,5,0,18,34,12,0,0,0,0,0,45,0,c8,0,0,0,0,0,e4,6d,fd,4,0,0,0,0,0   TimeStamp  :  18414       Distance  :  13

(PORT 1) : 6a,5,0,18,34,12,0,0,0,0,0,44,0,c9,0,0,0,0,0,58,fc,35,fb,0,0,0,0,0   TimeStamp  :  18705       Distance  :  12

(PORT 1) : 6a,5,0,18,34,12,0,0,0,0,0,45,0,ca,0,0,0,0,0,27,51,61,19,0,0,0,0,0   TimeStamp  :  18989       Distance  :  13

(PORT 1) : 6a,5,0,18,34,12,0,0,0,0,0,46,0,cb,0,0,0,0,0,9e,dc,6c,c6,0,0,0,0,0   TimeStamp  :  19278       Distance  :  14

(PORT 1) : 6a,5,0,18,34,12,0,0,0,0,0,44,0,cc,0,0,0,0,0,4e,b1,93,11,0,0,0,0,0   TimeStamp  :  19566       Distance  :  12

(PORT 1) : 6a,5,0,18,34,12,0,0,0,0,0,44,0,cd,0,0,0,0,0,d8,82,8e,56,0,0,0,0,0   TimeStamp  :  19855       Distance  :  12

(PORT 1) : 6a,5,0,18,34,12,0,0,0,0,0,46,0,ce,0,0,0,0,0,69,b3,bc,45,0,0,0,0,0   TimeStamp  :  20142       Distance  :  14

(PORT 1) : 6a,5,0,18,34,12,0,0,0,0,0,45,0,cf,0,0,0,0,0,c2,7e,86,dc,0,0,0,0,0   TimeStamp  :  20430       Distance  :  13

(PORT 1) : 6a,5,0,18,34,12,0,0,0,0,0,44,0,d0,0,0,0,0,0,39,7b,dd,92,0,0,0,0,0   TimeStamp  :  20721       Distance  :  12

(PORT 1) : 6a,5,0,18,34,12,0,0,0,0,0,46,0,d1,0,0,0,0,0,b4,ff,ce,b3,0,0,0,0,0   TimeStamp  :  21006       Distance  :  14

(PORT 1) : 6a,5,0,18,34,12,0,0,0,0,0,44,0,d2,0,0,0,0,0,1c,6d,65,b2,0,0,0,0,0   TimeStamp  :  21293       Distance  :  12

(PORT 1) : 6a,5,0,18,34,12,0,0,0,0,0,46,0,d3,0,0,0,0,0,8,b0,a6,57,0,0,0,0,0   TimeStamp  :  21583       Distance  :  14

(PORT 1) : 6a,5,0,18,34,12,0,0,0,0,0,44,0,d4,0,0,0,0,0,ce,68,23,12,0,0,0,0,0   TimeStamp  :  21870       Distance  :  12

(PORT 1) : 6a,5,0,18,34,12,0,0,0,0,0,46,0,d5,0,0,0,0,0,f2,bc,b7,78,0,0,0,0,0   TimeStamp  :  22159       Distance  :  14

(PORT 1) : 6a,5,0,18,34,12,0,0,0,0,0,45,0,d6,0,0,0,0,0,ea,9d,2d,f4,0,0,0,0,0   TimeStamp  :  22446       Distance  :  13

(PORT 1) : 6a,5,0,18,34,12,0,0,0,0,0,46,0,d7,0,0,0,0,0,f9,f1,1,2d,0,0,0,0,0   TimeStamp  :  22735       Distance  :  14

(PORT 1) : 6a,5,0,18,34,12,0,0,0,0,0,45,0,d8,0,0,0,0,0,d1,b9,fe,f9,0,0,0,0,0   TimeStamp  :  23022       Distance  :  13

(PORT 1) : 6a,5,0,18,34,12,0,0,0,0,0,44,0,d9,0,0,0,0,0,53,dc,52,b1,0,0,0,0,0   TimeStamp  :  23311       Distance  :  12

(PORT 1) : 6a,5,0,18,34,12,0,0,0,0,0,45,0,da,0,0,0,0,0,29,75,3a,93,0,0,0,0,0   TimeStamp  :  23599       Distance  :  13

(PORT 1) : 6a,5,0,18,34,12,0,0,0,0,0,44,0,db,0,0,0,0,0,68,ac,8f,c6,0,0,0,0,0   TimeStamp  :  23886       Distance  :  12

(PORT 1) : 6a,5,0,18,34,12,0,0,0,0,0,44,0,dc,0,0,0,0,0,fd,d0,21,76,0,0,0,0,0   TimeStamp  :  24173       Distance  :  12

(PORT 1) : 6a,5,0,18,34,12,0,0,0,0,0,46,0,dd,0,0,0,0,0,62,29,80,40,0,0,0,0,0   TimeStamp  :  24461       Distance  :  14

(PORT 1) : 6a,5,0,18,34,12,0,0,0,0,0,45,0,de,0,0,0,0,0,d5,5,54,27,0,0,0,0,0   TimeStamp  :  24750       Distance  :  13

(PORT 1) : 6a,5,0,18,34,12,0,0,0,0,0,45,0,df,0,0,0,0,0,ff,c0,e4,ba,0,0,0,0,0   TimeStamp  :  25038       Distance  :  13

(PORT 1) : 6a,5,0,18,34,12,0,0,0,0,0,44,0,e0,0,0,0,0,0,4b,37,e0,bb,0,0,0,0,0   TimeStamp  :  25326       Distance  :  12

(PORT 1) : 6a,5,0,18,34,12,0,0,0,0,0,47,0,e1,0,0,0,0,0,c3,92,47,17,0,0,0,0,0   TimeStamp  :  25615       Distance  :  15

(PORT 1) : 6a,5,0,18,34,12,0,0,0,0,0,46,0,e2,0,0,0,0,0,ac,f3,c5,b8,0,0,0,0,0   TimeStamp  :  25902       Distance  :  14

(PORT 1) : 6a,5,0,18,34,12,0,0,0,0,0,45,0,e3,0,0,0,0,0,2c,47,e6,24,0,0,0,0,0   TimeStamp  :  26191       Distance  :  13

(PORT 1) : 6a,5,0,18,34,12,0,0,0,0,0,44,0,e4,0,0,0,0,0,70,42,91,54,0,0,0,0,0   TimeStamp  :  26479       Distance  :  12

(PORT 1) : 6a,5,0,18,34,12,0,0,0,0,0,44,0,e5,0,0,0,0,0,f7,cd,c6,dc,0,0,0,0,0   TimeStamp  :  26766       Distance  :  12

(PORT 1) : 6a,5,0,18,34,12,0,0,0,0,0,45,0,e6,0,0,0,0,0,37,bc,42,51,0,0,0,0,0   TimeStamp  :  27054       Distance  :  13

(PORT 1) : 6a,5,0,18,34,12,0,0,0,0,0,45,0,e7,0,0,0,0,0,21,7d,bf,8,0,0,0,0,0   TimeStamp  :  27343       Distance  :  13

(PORT 1) : 6a,5,0,18,34,12,0,0,0,0,0,48,0,e8,0,0,0,0,0,f5,43,9b,c0,0,0,0,0,0   TimeStamp  :  27630       Distance  :  16

(PORT 1) : 6a,5,0,18,34,12,0,0,0,0,0,44,0,e9,0,0,0,0,0,fd,2c,a5,2c,0,0,0,0,0   TimeStamp  :  27919       Distance  :  12

(PORT 1) : 6a,5,0,18,34,12,0,0,0,0,0,45,0,ea,0,0,0,0,0,96,70,76,8b,0,0,0,0,0   TimeStamp  :  28206       Distance  :  13

(PORT 1) : 6a,5,0,18,34,12,0,0,0,0,0,44,0,eb,0,0,0,0,0,90,31,af,a6,0,0,0,0,0   TimeStamp  :  28494       Distance  :  12

(PORT 1) : 6a,5,0,18,34,12,0,0,0,0,0,44,0,ec,0,0,0,0,0,18,49,b4,3d,0,0,0,0,0   TimeStamp  :  28782       Distance  :  12

(PORT 1) : 6a,5,0,18,34,12,0,0,0,0,0,47,0,ed,0,0,0,0,0,59,79,c9,c6,0,0,0,0,0   TimeStamp  :  29070       Distance  :  15

(PORT 1) : 6a,5,0,18,34,12,0,0,0,0,0,44,0,ee,0,0,0,0,0,f0,ac,44,f2,0,0,0,0,0   TimeStamp  :  29359       Distance  :  12

(PORT 1) : 6a,5,0,18,34,12,0,0,0,0,0,45,0,ef,0,0,0,0,0,e3,ef,25,20,0,0,0,0,0   TimeStamp  :  29646       Distance  :  13

(PORT 1) : 6a,5,0,18,34,12,0,0,0,0,0,45,0,f0,0,0,0,0,0,3e,93,a5,d7,0,0,0,0,0   TimeStamp  :  29935       Distance  :  13

(PORT 1) : 6a,5,0,18,34,12,0,0,0,0,0,47,0,f1,0,0,0,0,0,a,77,b5,9,0,0,0,0,0   TimeStamp  :  30221       Distance  :  15

(PORT 1) : 6a,5,0,18,34,12,0,0,0,0,0,45,0,f2,0,0,0,0,0,cd,66,3,f9,0,0,0,0,0   TimeStamp  :  30510       Distance  :  13

(PORT 1) : 6a,5,0,18,34,12,0,0,0,0,0,46,0,f3,0,0,0,0,0,7c,f,f8,eb,0,0,0,0,0   TimeStamp  :  30798       Distance  :  14

(PORT 1) : 6a,5,0,18,34,12,0,0,0,0,0,45,0,f4,0,0,0,0,0,40,f8,a1,7f,0,0,0,0,0   TimeStamp  :  31086       Distance  :  13

(PORT 1) : 6a,5,0,18,34,12,0,0,0,0,0,44,0,f5,0,0,0,0,0,7,85,e6,59,0,0,0,0,0   TimeStamp  :  31373       Distance  :  12

(PORT 1) : 6a,5,0,18,34,12,0,0,0,0,0,46,0,f6,0,0,0,0,0,67,32,dd,3d,0,0,0,0,0   TimeStamp  :  31662       Distance  :  14

(PORT 1) : 6a,5,0,18,34,12,0,0,0,0,0,44,0,f7,0,0,0,0,0,a2,da,cc,64,0,0,0,0,0   TimeStamp  :  31950       Distance  :  12

(PORT 1) : 6a,5,0,18,34,12,0,0,0,0,0,37,0,f8,0,0,0,0,0,93,cd,b,51,0,0,0,0,0   TimeStamp  :  32237       Distance  :  -1

(PORT 1) : 6a,5,0,18,34,12,0,0,0,0,0,49,0,f9,0,0,0,0,0,46,fa,52,fe,0,0,0,0,0   TimeStamp  :  32524       Distance  :  17

(PORT 1) : 6a,5,0,18,34,12,0,0,0,0,0,45,0,fa,0,0,0,0,0,2e,d5,52,a1,0,0,0,0,0   TimeStamp  :  32813       Distance  :  13

(PORT 1) : 6a,5,0,18,34,12,0,0,0,0,0,44,0,fb,0,0,0,0,0,89,6,98,d,0,0,0,0,0   TimeStamp  :  33100       Distance  :  12

(PORT 1) : 6a,5,0,18,34,12,0,0,0,0,0,46,0,fc,0,0,0,0,0,72,b9,3f,9b,0,0,0,0,0   TimeStamp  :  33389       Distance  :  14

(PORT 1) : 6a,5,0,18,34,12,0,0,0,0,0,45,0,fd,0,0,0,0,0,31,7d,a1,65,0,0,0,0,0   TimeStamp  :  33677       Distance  :  13

(PORT 1) : 6a,5,0,18,34,12,0,0,0,0,0,40,0,fe,0,0,0,0,0,4,d0,21,3a,0,0,0,0,0   TimeStamp  :  33967       Distance  :  8

(PORT 1) : 6a,5,0,18,34,12,0,0,0,0,0,44,0,ff,0,0,0,0,0,41,af,f,4f,0,0,0,0,0   TimeStamp  :  34253       Distance  :  12

(PORT 1) : 6a,5,0,18,34,12,0,0,0,0,0,44,0,0,1,0,0,0,0,a8,39,3e,98,0,0,0,0,0   TimeStamp  :  34541       Distance  :  12

(PORT 1) : 6a,5,0,18,34,12,0,0,0,0,0,45,0,1,1,0,0,0,0,c8,27,f7,48,0,0,0,0,0   TimeStamp  :  34829       Distance  :  13

(PORT 1) : 6a,5,0,18,34,12,0,0,0,0,0,45,0,2,1,0,0,0,0,e0,83,42,30,0,0,0,0,0   TimeStamp  :  35119       Distance  :  13

(PORT 1) : 6a,5,0,18,34,12,0,0,0,0,0,44,0,3,1,0,0,0,0,43,8,a3,ff,0,0,0,0,0   TimeStamp  :  35405       Distance  :  12

(PORT 1) : 6a,5,0,18,34,12,0,0,0,0,0,45,0,4,1,0,0,0,0,5,92,a6,bc,0,0,0,0,0   TimeStamp  :  35692       Distance  :  13

(PORT 1) : 6a,5,0,18,34,12,0,0,0,0,0,45,0,5,1,0,0,0,0,4f,16,80,b2,0,0,0,0,0   TimeStamp  :  35981       Distance  :  13

(PORT 1) : 6a,5,0,18,34,12,0,0,0,0,0,46,0,6,1,0,0,0,0,42,82,b8,ab,0,0,0,0,0   TimeStamp  :  36269       Distance  :  14

(PORT 1) : 6a,5,0,18,34,12,0,0,0,0,0,45,0,7,1,0,0,0,0,81,98,43,e6,0,0,0,0,0   TimeStamp  :  36558       Distance  :  13

(PORT 1) : 6a,5,0,18,34,12,0,0,0,0,0,45,0,8,1,0,0,0,0,3c,a7,18,f8,0,0,0,0,0   TimeStamp  :  36844       Distance  :  13

(PORT 1) : 6a,5,0,18,34,12,0,0,0,0,0,46,0,9,1,0,0,0,0,b3,44,41,57,0,0,0,0,0   TimeStamp  :  37136       Distance  :  14

(PORT 1) : 6a,5,0,18,34,12,0,0,0,0,0,44,0,a,1,0,0,0,0,c5,6d,6f,59,0,0,0,0,0   TimeStamp  :  37420       Distance  :  12

(PORT 1) : 6a,5,0,18,34,12,0,0,0,0,0,46,0,b,1,0,0,0,0,6a,d7,f8,38,0,0,0,0,0   TimeStamp  :  37709       Distance  :  14

(PORT 1) : 6a,5,0,18,34,12,0,0,0,0,0,44,0,c,1,0,0,0,0,6a,fb,ed,6f,0,0,0,0,0   TimeStamp  :  37996       Distance  :  12

(PORT 1) : 6a,5,0,18,34,12,0,0,0,0,0,45,0,d,1,0,0,0,0,8d,e0,94,56,0,0,0,0,0   TimeStamp  :  38284       Distance  :  13

(PORT 1) : 6a,5,0,18,34,12,0,0,0,0,0,45,0,e,1,0,0,0,0,36,cf,ef,c1,0,0,0,0,0   TimeStamp  :  38572       Distance  :  13

(PORT 1) : 6a,5,0,18,34,12,0,0,0,0,0,46,0,f,1,0,0,0,0,16,78,70,45,0,0,0,0,0   TimeStamp  :  38860       Distance  :  14

(PORT 1) : 6a,5,0,18,34,12,0,0,0,0,0,4f,0,10,1,0,0,0,0,bd,f9,e6,1f,0,0,0,0,0   TimeStamp  :  39151       Distance  :  23

(PORT 1) : 6a,5,0,18,34,12,0,0,0,0,0,45,0,11,1,0,0,0,0,94,cc,80,6,0,0,0,0,0   TimeStamp  :  39436       Distance  :  13

(PORT 1) : 6a,5,0,18,34,12,0,0,0,0,0,45,0,12,1,0,0,0,0,b1,91,bb,29,0,0,0,0,0   TimeStamp  :  39725       Distance  :  13

(PORT 1) : 6a,5,0,18,34,12,0,0,0,0,0,45,0,13,1,0,0,0,0,ac,d9,34,be,0,0,0,0,0   TimeStamp  :  40013       Distance  :  13

(PORT 1) : 6a,5,0,18,34,12,0,0,0,0,0,4b,0,14,1,0,0,0,0,27,e7,33,1b,0,0,0,0,0   TimeStamp  :  40302       Distance  :  19

(PORT 1) : 6a,5,0,18,34,12,0,0,0,0,0,46,0,15,1,0,0,0,0,58,c0,3f,c6,0,0,0,0,0   TimeStamp  :  40588       Distance  :  14

(PORT 1) : 6a,5,0,18,34,12,0,0,0,0,0,44,0,16,1,0,0,0,0,9b,3c,f4,1c,0,0,0,0,0   TimeStamp  :  40877       Distance  :  12

(PORT 1) : 6a,5,0,18,34,12,0,0,0,0,0,46,0,17,1,0,0,0,0,55,4a,a0,c9,0,0,0,0,0   TimeStamp  :  41169       Distance  :  14

(PORT 1) : 6a,5,0,18,34,12,0,0,0,0,0,44,0,18,1,0,0,0,0,41,f6,2,e9,0,0,0,0,0   TimeStamp  :  41453       Distance  :  12

(PORT 1) : 6a,5,0,18,34,12,0,0,0,0,0,44,0,19,1,0,0,0,0,ed,c,67,99,0,0,0,0,0   TimeStamp  :  41742       Distance  :  12

(PORT 1) : 6a,5,0,18,34,12,0,0,0,0,0,45,0,1a,1,0,0,0,0,3a,be,34,78,0,0,0,0,0   TimeStamp  :  42028       Distance  :  13

(PORT 1) : 6a,5,0,18,34,12,0,0,0,0,0,46,0,1b,1,0,0,0,0,ec,7f,74,23,0,0,0,0,0   TimeStamp  :  42318       Distance  :  14

(PORT 1) : 6a,5,0,18,34,12,0,0,0,0,0,44,0,1c,1,0,0,0,0,e4,da,63,67,0,0,0,0,0   TimeStamp  :  42606       Distance  :  12

(PORT 1) : 6a,5,0,18,34,12,0,0,0,0,0,41,0,1d,1,0,0,0,0,2d,e4,51,a,0,0,0,0,0   TimeStamp  :  42894       Distance  :  9

(PORT 1) : 6a,5,0,18,34,12,0,0,0,0,0,44,0,1e,1,0,0,0,0,f0,1a,fd,7e,0,0,0,0,0   TimeStamp  :  43182       Distance  :  12

(PORT 1) : 6a,5,0,18,34,12,0,0,0,0,0,45,0,1f,1,0,0,0,0,ed,fb,c,45,0,0,0,0,0   TimeStamp  :  43470       Distance  :  13

(PORT 1) : 6a,5,0,18,34,12,0,0,0,0,0,44,0,20,1,0,0,0,0,94,ff,fd,ce,0,0,0,0,0   TimeStamp  :  43758       Distance  :  12

(PORT 1) : 6a,5,0,18,34,12,0,0,0,0,0,46,0,21,1,0,0,0,0,5e,76,19,3,0,0,0,0,0   TimeStamp  :  44045       Distance  :  14

(PORT 1) : 6a,5,0,18,34,12,0,0,0,0,0,44,0,22,1,0,0,0,0,7c,7d,b0,c1,0,0,0,0,0   TimeStamp  :  44334       Distance  :  12

(PORT 1) : 6a,5,0,18,34,12,0,0,0,0,0,45,0,23,1,0,0,0,0,bc,5e,a6,3b,0,0,0,0,0   TimeStamp  :  44621       Distance  :  13

(PORT 1) : 6a,5,0,18,34,12,0,0,0,0,0,44,0,24,1,0,0,0,0,df,c1,6c,49,0,0,0,0,0   TimeStamp  :  44909       Distance  :  12

(PORT 1) : 6a,5,0,18,34,12,0,0,0,0,0,45,0,25,1,0,0,0,0,e8,7a,e,56,0,0,0,0,0   TimeStamp  :  45197       Distance  :  13

(PORT 1) : 6a,5,0,18,34,12,0,0,0,0,0,45,0,26,1,0,0,0,0,d1,95,4b,91,0,0,0,0,0   TimeStamp  :  45485       Distance  :  13

(PORT 1) : 6a,5,0,18,34,12,0,0,0,0,0,44,0,27,1,0,0,0,0,ef,86,be,7e,0,0,0,0,0   TimeStamp  :  45773       Distance  :  12

(PORT 1) : 6a,5,0,18,34,12,0,0,0,0,0,45,0,28,1,0,0,0,0,77,d8,b7,2b,0,0,0,0,0   TimeStamp  :  46061       Distance  :  13

(PORT 1) : 6a,5,0,18,34,12,0,0,0,0,0,44,0,29,1,0,0,0,0,79,42,36,57,0,0,0,0,0   TimeStamp  :  46349       Distance  :  12

(PORT 1) : 6a,5,0,18,34,12,0,0,0,0,0,44,0,2a,1,0,0,0,0,97,d6,4c,93,0,0,0,0,0   TimeStamp  :  46637       Distance  :  12

(PORT 1) : 6a,5,0,18,34,12,0,0,0,0,0,4e,0,2b,1,0,0,0,0,b1,66,1a,ce,0,0,0,0,0   TimeStamp  :  46925       Distance  :  22

(PORT 1) : 6a,5,0,18,34,12,0,0,0,0,0,46,0,2c,1,0,0,0,0,b4,40,80,5b,0,0,0,0,0   TimeStamp  :  47213       Distance  :  14

(PORT 1) : 6a,5,0,18,34,12,0,0,0,0,0,44,0,2d,1,0,0,0,0,c7,f,d4,39,0,0,0,0,0   TimeStamp  :  47500       Distance  :  12

(PORT 1) : 6a,5,0,18,34,12,0,0,0,0,0,44,0,2e,1,0,0,0,0,4e,2e,c8,34,0,0,0,0,0   TimeStamp  :  47789       Distance  :  12

(PORT 1) : 6a,5,0,18,34,12,0,0,0,0,0,45,0,2f,1,0,0,0,0,13,98,d0,b,0,0,0,0,0   TimeStamp  :  48076       Distance  :  13

(PORT 1) : 6a,5,0,18,34,12,0,0,0,0,0,46,0,30,1,0,0,0,0,c0,23,86,73,0,0,0,0,0   TimeStamp  :  48365       Distance  :  14

(PORT 1) : 6a,5,0,18,34,12,0,0,0,0,0,43,0,31,1,0,0,0,0,98,75,4,8e,0,0,0,0,0   TimeStamp  :  48653       Distance  :  11

(PORT 1) : 6a,5,0,18,34,12,0,0,0,0,0,42,0,32,1,0,0,0,0,4f,79,ff,53,0,0,0,0,0   TimeStamp  :  48942       Distance  :  10

(PORT 1) : 6a,5,0,18,34,12,0,0,0,0,0,44,0,33,1,0,0,0,0,5,76,29,d0,0,0,0,0,0   TimeStamp  :  49229       Distance  :  12

(PORT 1) : 6a,5,0,18,34,12,0,0,0,0,0,44,0,34,1,0,0,0,0,8a,49,c0,12,0,0,0,0,0   TimeStamp  :  49516       Distance  :  12

(PORT 1) : 6a,5,0,18,34,12,0,0,0,0,0,44,0,35,1,0,0,0,0,ca,ff,31,3,0,0,0,0,0   TimeStamp  :  49805       Distance  :  12

(PORT 1) : 6a,5,0,18,34,12,0,0,0,0,0,40,0,36,1,0,0,0,0,3f,56,1c,fb,0,0,0,0,0   TimeStamp  :  50093       Distance  :  8

(PORT 1) : 6a,5,0,18,34,12,0,0,0,0,0,44,0,37,1,0,0,0,0,ff,cc,8f,19,0,0,0,0,0   TimeStamp  :  50381       Distance  :  12

(PORT 1) : 6a,5,0,18,34,12,0,0,0,0,0,46,0,38,1,0,0,0,0,7f,f5,70,5f,0,0,0,0,0   TimeStamp  :  50669       Distance  :  14

(PORT 1) : 6a,5,0,18,34,12,0,0,0,0,0,45,0,39,1,0,0,0,0,5e,aa,b7,8f,0,0,0,0,0   TimeStamp  :  50956       Distance  :  13

(PORT 1) : 6a,5,0,18,34,12,0,0,0,0,0,44,0,3a,1,0,0,0,0,1a,6f,8b,c,0,0,0,0,0   TimeStamp  :  51245       Distance  :  12

(PORT 1) : 6a,5,0,18,34,12,0,0,0,0,0,44,0,3b,1,0,0,0,0,c9,c1,40,d6,0,0,0,0,0   TimeStamp  :  51533       Distance  :  12

(PORT 1) : 6a,5,0,18,34,12,0,0,0,0,0,48,0,3c,1,0,0,0,0,e9,88,83,ed,0,0,0,0,0   TimeStamp  :  51821       Distance  :  16

(PORT 1) : 6a,5,0,18,34,12,0,0,0,0,0,45,0,3d,1,0,0,0,0,36,73,83,58,0,0,0,0,0   TimeStamp  :  52109       Distance  :  13

(PORT 1) : 6a,5,0,18,34,12,0,0,0,0,0,45,0,3e,1,0,0,0,0,84,1f,47,22,0,0,0,0,0   TimeStamp  :  52397       Distance  :  13

(PORT 1) : 6a,5,0,18,34,12,0,0,0,0,0,45,0,3f,1,0,0,0,0,90,ea,f6,e6,0,0,0,0,0   TimeStamp  :  52685       Distance  :  13

(PORT 1) : 6a,5,0,18,34,12,0,0,0,0,0,45,0,40,1,0,0,0,0,5b,1b,61,4,0,0,0,0,0   TimeStamp  :  52973       Distance  :  13

(PORT 1) : 6a,5,0,18,34,12,0,0,0,0,0,45,0,41,1,0,0,0,0,df,5b,99,9,0,0,0,0,0   TimeStamp  :  53261       Distance  :  13

(PORT 1) : 6a,5,0,18,34,12,0,0,0,0,0,44,0,42,1,0,0,0,0,44,54,c1,2f,0,0,0,0,0   TimeStamp  :  53549       Distance  :  12

(PORT 1) : 6a,5,0,18,34,12,0,0,0,0,0,45,0,43,1,0,0,0,0,58,a5,c6,fd,0,0,0,0,0   TimeStamp  :  53837       Distance  :  13

(PORT 1) : 6a,5,0,18,34,12,0,0,0,0,0,45,0,44,1,0,0,0,0,4,9a,a7,8,0,0,0,0,0   TimeStamp  :  54125       Distance  :  13

(PORT 1) : 6a,5,0,18,34,12,0,0,0,0,0,49,0,45,1,0,0,0,0,b2,1d,49,1b,0,0,0,0,0   TimeStamp  :  54413       Distance  :  17

(PORT 1) : 6a,5,0,18,34,12,0,0,0,0,0,45,0,46,1,0,0,0,0,37,f3,5a,bc,0,0,0,0,0   TimeStamp  :  54701       Distance  :  13

(PORT 1) : 6a,5,0,18,34,12,0,0,0,0,0,46,0,47,1,0,0,0,0,df,28,ff,cf,0,0,0,0,0   TimeStamp  :  54989       Distance  :  14

(PORT 1) : 6a,5,0,18,34,12,0,0,0,0,0,44,0,48,1,0,0,0,0,4f,2c,50,f4,0,0,0,0,0   TimeStamp  :  55277       Distance  :  12

(PORT 1) : 6a,5,0,18,34,12,0,0,0,0,0,44,0,49,1,0,0,0,0,b3,a6,e4,9d,0,0,0,0,0   TimeStamp  :  55564       Distance  :  12

(PORT 1) : 6a,5,0,18,34,12,0,0,0,0,0,44,0,4a,1,0,0,0,0,d0,8,a3,6d,0,0,0,0,0   TimeStamp  :  55853       Distance  :  12

(PORT 1) : 6a,5,0,18,34,12,0,0,0,0,0,44,0,4b,1,0,0,0,0,d4,c,73,57,0,0,0,0,0   TimeStamp  :  56140       Distance  :  12

(PORT 1) : 6a,5,0,18,34,12,0,0,0,0,0,44,0,4c,1,0,0,0,0,d0,76,51,8f,0,0,0,0,0   TimeStamp  :  56428       Distance  :  12

(PORT 1) : 6a,5,0,18,34,12,0,0,0,0,0,46,0,4d,1,0,0,0,0,e9,e2,62,4,0,0,0,0,0   TimeStamp  :  56717       Distance  :  14

(PORT 1) : 6a,5,0,18,34,12,0,0,0,0,0,4a,0,4e,1,0,0,0,0,6c,fc,f1,95,0,0,0,0,0   TimeStamp  :  57005       Distance  :  18

(PORT 1) : 6a,5,0,18,34,12,0,0,0,0,0,46,0,4f,1,0,0,0,0,eb,28,ab,e2,0,0,0,0,0   TimeStamp  :  57293       Distance  :  14

(PORT 1) : 6a,5,0,18,34,12,0,0,0,0,0,45,0,50,1,0,0,0,0,46,f4,2a,67,0,0,0,0,0   TimeStamp  :  57581       Distance  :  13

(PORT 1) : 6a,5,0,18,34,12,0,0,0,0,0,46,0,51,1,0,0,0,0,5c,40,73,c3,0,0,0,0,0   TimeStamp  :  57869       Distance  :  14

(PORT 1) : 6a,5,0,18,34,12,0,0,0,0,0,46,0,52,1,0,0,0,0,3e,ea,26,be,0,0,0,0,0   TimeStamp  :  58156       Distance  :  14

(PORT 1) : 6a,5,0,18,34,12,0,0,0,0,0,45,0,53,1,0,0,0,0,d6,b2,29,e6,0,0,0,0,0   TimeStamp  :  58445       Distance  :  13

(PORT 1) : 6a,5,0,18,34,12,0,0,0,0,0,44,0,54,1,0,0,0,0,d,52,ff,5f,0,0,0,0,0   TimeStamp  :  58733       Distance  :  12

(PORT 1) : 6a,5,0,18,34,12,0,0,0,0,0,44,0,55,1,0,0,0,0,b6,da,f4,1f,0,0,0,0,0   TimeStamp  :  59021       Distance  :  12

(PORT 1) : 6a,5,0,18,34,12,0,0,0,0,0,44,0,56,1,0,0,0,0,22,ce,4b,e8,0,0,0,0,0   TimeStamp  :  59309       Distance  :  12

(PORT 1) : 6a,5,0,18,34,12,0,0,0,0,0,44,0,57,1,0,0,0,0,f9,42,be,e3,0,0,0,0,0   TimeStamp  :  59595       Distance  :  12

(PORT 1) : 6a,5,0,18,34,12,0,0,0,0,0,45,0,58,1,0,0,0,0,65,d7,88,a6,0,0,0,0,0   TimeStamp  :  59885       Distance  :  13

(PORT 1) : 6a,5,0,18,34,12,0,0,0,0,0,45,0,59,1,0,0,0,0,81,af,3d,3d,0,0,0,0,0   TimeStamp  :  60173       Distance  :  13

(PORT 1) : 6a,5,0,18,34,12,0,0,0,0,0,44,0,5a,1,0,0,0,0,e7,b8,6a,d,0,0,0,0,0   TimeStamp  :  60461       Distance  :  12

(PORT 1) : 6a,5,0,18,34,12,0,0,0,0,0,45,0,5b,1,0,0,0,0,48,96,87,e8,0,0,0,0,0   TimeStamp  :  60749       Distance  :  13

(PORT 1) : 6a,5,0,18,34,12,0,0,0,0,0,45,0,5c,1,0,0,0,0,34,e1,be,a,0,0,0,0,0   TimeStamp  :  61037       Distance  :  13

(PORT 1) : 6a,5,0,18,34,12,0,0,0,0,0,45,0,5d,1,0,0,0,0,59,a5,64,b8,0,0,0,0,0   TimeStamp  :  61325       Distance  :  13

(PORT 1) : 6a,5,0,18,34,12,0,0,0,0,0,44,0,5e,1,0,0,0,0,cb,72,33,ae,0,0,0,0,0   TimeStamp  :  61612       Distance  :  12

(PORT 1) : 6a,5,0,18,34,12,0,0,0,0,0,45,0,5f,1,0,0,0,0,f3,b8,6d,e0,0,0,0,0,0   TimeStamp  :  61901       Distance  :  13

(PORT 1) : 6a,5,0,18,34,12,0,0,0,0,0,43,0,60,1,0,0,0,0,6b,3c,94,7c,0,0,0,0,0   TimeStamp  :  62189       Distance  :  11

(PORT 1) : 6a,5,0,18,34,12,0,0,0,0,0,46,0,61,1,0,0,0,0,ed,21,ff,c7,0,0,0,0,0   TimeStamp  :  62477       Distance  :  14

(PORT 1) : 6a,5,0,18,34,12,0,0,0,0,0,45,0,62,1,0,0,0,0,21,24,b0,c0,0,0,0,0,0   TimeStamp  :  62765       Distance  :  13

(PORT 1) : 6a,5,0,18,34,12,0,0,0,0,0,45,0,63,1,0,0,0,0,62,ce,4d,a,0,0,0,0,0   TimeStamp  :  63053       Distance  :  13

(PORT 1) : 6a,5,0,18,34,12,0,0,0,0,0,45,0,64,1,0,0,0,0,cc,30,8f,4d,0,0,0,0,0   TimeStamp  :  63341       Distance  :  13

(PORT 1) : 6a,5,0,18,34,12,0,0,0,0,0,46,0,65,1,0,0,0,0,77,2,e7,9,0,0,0,0,0   TimeStamp  :  63629       Distance  :  14

(PORT 1) : 6a,5,0,18,34,12,0,0,0,0,0,44,0,66,1,0,0,0,0,3f,4c,1a,b,0,0,0,0,0   TimeStamp  :  63917       Distance  :  12

(PORT 1) : 6a,5,0,18,34,12,0,0,0,0,0,45,0,67,1,0,0,0,0,9b,9f,35,95,0,0,0,0,0   TimeStamp  :  64204       Distance  :  13

(PORT 1) : 6a,5,0,18,34,12,0,0,0,0,0,44,0,68,1,0,0,0,0,e4,44,64,fb,0,0,0,0,0   TimeStamp  :  64493       Distance  :  12

(PORT 1) : 6a,5,0,18,34,12,0,0,0,0,0,46,0,69,1,0,0,0,0,29,e5,2d,84,0,0,0,0,0   TimeStamp  :  64781       Distance  :  14

(PORT 1) : 6a,5,0,18,34,12,0,0,0,0,0,44,0,6a,1,0,0,0,0,c0,58,2d,5,0,0,0,0,0   TimeStamp  :  65069       Distance  :  12

(PORT 1) : 6a,5,0,18,34,12,0,0,0,0,0,44,0,6b,1,0,0,0,0,ef,95,1a,c1,0,0,0,0,0   TimeStamp  :  65356       Distance  :  12

(PORT 1) : 6a,5,0,18,34,12,0,0,0,0,0,44,0,6c,1,0,0,0,0,36,b5,fe,31,0,0,0,0,0   TimeStamp  :  65645       Distance  :  12

(PORT 1) : 6a,5,0,18,34,12,0,0,0,0,0,44,0,6d,1,0,0,0,0,1e,a4,c1,ab,0,0,0,0,0   TimeStamp  :  65933       Distance  :  12

(PORT 1) : 6a,5,0,18,34,12,0,0,0,0,0,45,0,6e,1,0,0,0,0,ed,ff,9c,53,0,0,0,0,0   TimeStamp  :  66219       Distance  :  13

(PORT 1) : 6a,5,0,18,34,12,0,0,0,0,0,45,0,6f,1,0,0,0,0,91,f2,fd,83,0,0,0,0,0   TimeStamp  :  66509       Distance  :  13

(PORT 1) : 6a,5,0,18,34,12,0,0,0,0,0,44,0,70,1,0,0,0,0,1e,92,1b,b3,0,0,0,0,0   TimeStamp  :  66795       Distance  :  12

(PORT 1) : 6a,5,0,18,34,12,0,0,0,0,0,45,0,71,1,0,0,0,0,c1,37,3c,4f,0,0,0,0,0   TimeStamp  :  67083       Distance  :  13

(PORT 1) : 6a,5,0,18,34,12,0,0,0,0,0,45,0,72,1,0,0,0,0,d2,14,ed,32,0,0,0,0,0   TimeStamp  :  67372       Distance  :  13

(PORT 1) : 6a,5,0,18,34,12,0,0,0,0,0,45,0,73,1,0,0,0,0,c6,a3,ba,4d,0,0,0,0,0   TimeStamp  :  67661       Distance  :  13

(PORT 1) : 6a,5,0,18,34,12,0,0,0,0,0,44,0,74,1,0,0,0,0,83,0,38,ad,0,0,0,0,0   TimeStamp  :  67949       Distance  :  12

(PORT 1) : 6a,5,0,18,34,12,0,0,0,0,0,45,0,75,1,0,0,0,0,96,55,2b,c6,0,0,0,0,0   TimeStamp  :  68236       Distance  :  13

(PORT 1) : 6a,5,0,18,34,12,0,0,0,0,0,44,0,76,1,0,0,0,0,d6,e4,8d,ed,0,0,0,0,0   TimeStamp  :  68525       Distance  :  12

(PORT 1) : 6a,5,0,18,34,12,0,0,0,0,0,44,0,77,1,0,0,0,0,e,75,a8,84,0,0,0,0,0   TimeStamp  :  68813       Distance  :  12

(PORT 1) : 6a,5,0,18,34,12,0,0,0,0,0,44,0,78,1,0,0,0,0,43,7d,fb,5f,0,0,0,0,0   TimeStamp  :  69101       Distance  :  12

(PORT 1) : 6a,5,0,18,34,12,0,0,0,0,0,44,0,79,1,0,0,0,0,83,dd,b3,b3,0,0,0,0,0   TimeStamp  :  69389       Distance  :  12

(PORT 1) : 6a,5,0,18,34,12,0,0,0,0,0,44,0,7a,1,0,0,0,0,c0,89,e6,70,0,0,0,0,0   TimeStamp  :  69677       Distance  :  12

(PORT 1) : 6a,5,0,18,34,12,0,0,0,0,0,44,0,7b,1,0,0,0,0,2f,b2,94,aa,0,0,0,0,0   TimeStamp  :  69965       Distance  :  12

(PORT 1) : 6a,5,0,18,34,12,0,0,0,0,0,46,0,7c,1,0,0,0,0,ed,85,15,53,0,0,0,0,0   TimeStamp  :  70253       Distance  :  14

(PORT 1) : 6a,5,0,18,34,12,0,0,0,0,0,44,0,7d,1,0,0,0,0,bf,89,f1,23,0,0,0,0,0   TimeStamp  :  70540       Distance  :  12

(PORT 1) : 6a,5,0,18,34,12,0,0,0,0,0,44,0,7e,1,0,0,0,0,10,7b,61,5f,0,0,0,0,0   TimeStamp  :  70828       Distance  :  12

(PORT 1) : 6a,5,0,18,34,12,0,0,0,0,0,44,0,7f,1,0,0,0,0,e5,43,6f,7b,0,0,0,0,0   TimeStamp  :  71117       Distance  :  12

(PORT 1) : 6a,5,0,18,34,12,0,0,0,0,0,45,0,80,1,0,0,0,0,ed,a1,20,b6,0,0,0,0,0   TimeStamp  :  71404       Distance  :  13

(PORT 1) : 6a,5,0,18,34,12,0,0,0,0,0,45,0,81,1,0,0,0,0,47,0,98,43,0,0,0,0,0   TimeStamp  :  71693       Distance  :  13

(PORT 1) : 6a,5,0,18,34,12,0,0,0,0,0,44,0,82,1,0,0,0,0,c1,d8,f3,3b,0,0,0,0,0   TimeStamp  :  71981       Distance  :  12

(PORT 1) : 6a,5,0,18,34,12,0,0,0,0,0,45,0,83,1,0,0,0,0,58,8b,c2,e6,0,0,0,0,0   TimeStamp  :  72268       Distance  :  13

(PORT 1) : 6a,5,0,18,34,12,0,0,0,0,0,44,0,84,1,0,0,0,0,ef,f9,4,d4,0,0,0,0,0   TimeStamp  :  72555       Distance  :  12

(PORT 1) : 6a,5,0,18,34,12,0,0,0,0,0,45,0,85,1,0,0,0,0,e3,3,1f,4a,0,0,0,0,0   TimeStamp  :  72844       Distance  :  13

(PORT 1) : 6a,5,0,18,34,12,0,0,0,0,0,44,0,86,1,0,0,0,0,dd,ce,4b,7f,0,0,0,0,0   TimeStamp  :  73131       Distance  :  12

(PORT 1) : 6a,5,0,18,34,12,0,0,0,0,0,46,0,87,1,0,0,0,0,d6,38,79,3e,0,0,0,0,0   TimeStamp  :  73419       Distance  :  14

(PORT 1) : 6a,5,0,18,34,12,0,0,0,0,0,45,0,88,1,0,0,0,0,c3,65,fc,85,0,0,0,0,0   TimeStamp  :  73708       Distance  :  13

(PORT 1) : 6a,5,0,18,34,12,0,0,0,0,0,45,0,89,1,0,0,0,0,24,71,fd,e3,0,0,0,0,0   TimeStamp  :  73996       Distance  :  13

(PORT 1) : 6a,5,0,18,34,12,0,0,0,0,0,45,0,8a,1,0,0,0,0,43,5c,87,27,0,0,0,0,0   TimeStamp  :  74283       Distance  :  13

(PORT 1) : 6a,5,0,18,34,12,0,0,0,0,0,46,0,8b,1,0,0,0,0,44,5a,2,32,0,0,0,0,0   TimeStamp  :  74573       Distance  :  14

(PORT 1) : 6a,5,0,18,34,12,0,0,0,0,0,45,0,8c,1,0,0,0,0,98,26,2c,29,0,0,0,0,0   TimeStamp  :  74860       Distance  :  13

(PORT 1) : 6a,5,0,18,34,12,0,0,0,0,0,46,0,8d,1,0,0,0,0,a5,e9,1e,c8,0,0,0,0,0   TimeStamp  :  75148       Distance  :  14

(PORT 1) : 6a,5,0,18,34,12,0,0,0,0,0,44,0,8e,1,0,0,0,0,2d,e3,33,31,0,0,0,0,0   TimeStamp  :  75436       Distance  :  12

(PORT 1) : 6a,5,0,18,34,12,0,0,0,0,0,44,0,8f,1,0,0,0,0,e0,db,7d,f2,0,0,0,0,0   TimeStamp  :  75724       Distance  :  12

(PORT 1) : 6a,5,0,18,34,12,0,0,0,0,0,46,0,90,1,0,0,0,0,a2,c2,b4,8e,0,0,0,0,0   TimeStamp  :  76012       Distance  :  14

(PORT 1) : 6a,5,0,18,34,12,0,0,0,0,0,45,0,91,1,0,0,0,0,a2,46,30,c1,0,0,0,0,0   TimeStamp  :  76300       Distance  :  13

(PORT 1) : 6a,5,0,18,34,12,0,0,0,0,0,45,0,92,1,0,0,0,0,f2,af,8a,9e,0,0,0,0,0   TimeStamp  :  76588       Distance  :  13

(PORT 1) : 6a,5,0,18,34,12,0,0,0,0,0,44,0,93,1,0,0,0,0,1b,e3,58,44,0,0,0,0,0   TimeStamp  :  76876       Distance  :  12

(PORT 1) : 6a,5,0,18,34,12,0,0,0,0,0,45,0,94,1,0,0,0,0,7f,c6,ad,45,0,0,0,0,0   TimeStamp  :  77164       Distance  :  13

(PORT 1) : 6a,5,0,18,34,12,0,0,0,0,0,45,0,95,1,0,0,0,0,29,dc,70,5c,0,0,0,0,0   TimeStamp  :  77453       Distance  :  13

(PORT 1) : 6a,5,0,18,34,12,0,0,0,0,0,45,0,96,1,0,0,0,0,b2,c6,da,6d,0,0,0,0,0   TimeStamp  :  77740       Distance  :  13

(PORT 1) : 6a,5,0,18,34,12,0,0,0,0,0,45,0,97,1,0,0,0,0,e8,e0,59,95,0,0,0,0,0   TimeStamp  :  78028       Distance  :  13

(PORT 1) : 6a,5,0,18,34,12,0,0,0,0,0,44,0,98,1,0,0,0,0,d,77,30,8d,0,0,0,0,0   TimeStamp  :  78317       Distance  :  12

(PORT 1) : 6a,5,0,18,34,12,0,0,0,0,0,46,0,99,1,0,0,0,0,28,90,5e,d6,0,0,0,0,0   TimeStamp  :  78604       Distance  :  14

(PORT 1) : 6a,5,0,18,34,12,0,0,0,0,0,44,0,9a,1,0,0,0,0,91,c3,f5,88,0,0,0,0,0   TimeStamp  :  78892       Distance  :  12

(PORT 1) : 6a,5,0,18,34,12,0,0,0,0,0,44,0,9b,1,0,0,0,0,c9,1b,eb,9e,0,0,0,0,0   TimeStamp  :  79180       Distance  :  12

(PORT 1) : 6a,5,0,18,34,12,0,0,0,0,0,45,0,9c,1,0,0,0,0,9d,1e,55,70,0,0,0,0,0   TimeStamp  :  79468       Distance  :  13

(PORT 1) : 6a,5,0,18,34,12,0,0,0,0,0,45,0,9d,1,0,0,0,0,31,5,a5,e8,0,0,0,0,0   TimeStamp  :  79756       Distance  :  13

(PORT 1) : 6a,5,0,18,34,12,0,0,0,0,0,45,0,9e,1,0,0,0,0,6d,73,8,be,0,0,0,0,0   TimeStamp  :  80044       Distance  :  13

(PORT 1) : 6a,5,0,18,34,12,0,0,0,0,0,45,0,9f,1,0,0,0,0,45,b3,a2,3,0,0,0,0,0   TimeStamp  :  80332       Distance  :  13

(PORT 1) : 6a,5,0,18,34,12,0,0,0,0,0,45,0,a0,1,0,0,0,0,d8,5f,b8,8e,0,0,0,0,0   TimeStamp  :  80620       Distance  :  13

(PORT 1) : 6a,5,0,18,34,12,0,0,0,0,0,44,0,a1,1,0,0,0,0,72,e4,bb,81,0,0,0,0,0   TimeStamp  :  80908       Distance  :  12

(PORT 1) : 6a,5,0,18,34,12,0,0,0,0,0,44,0,a2,1,0,0,0,0,63,72,a5,c3,0,0,0,0,0   TimeStamp  :  81196       Distance  :  12

(PORT 1) : 6a,5,0,18,34,12,0,0,0,0,0,45,0,a3,1,0,0,0,0,f8,fb,67,a2,0,0,0,0,0   TimeStamp  :  81484       Distance  :  13

(PORT 1) : 6a,5,0,18,34,12,0,0,0,0,0,45,0,a4,1,0,0,0,0,d1,67,a2,54,0,0,0,0,0   TimeStamp  :  81772       Distance  :  13

(PORT 1) : 6a,5,0,18,34,12,0,0,0,0,0,44,0,a5,1,0,0,0,0,f9,68,37,96,0,0,0,0,0   TimeStamp  :  82060       Distance  :  12

(PORT 1) : 6a,5,0,18,34,12,0,0,0,0,0,45,0,a6,1,0,0,0,0,c2,83,a1,cb,0,0,0,0,0   TimeStamp  :  82348       Distance  :  13

(PORT 1) : 6a,5,0,18,34,12,0,0,0,0,0,45,0,a7,1,0,0,0,0,6e,ed,88,c1,0,0,0,0,0   TimeStamp  :  82635       Distance  :  13

(PORT 1) : 6a,5,0,18,34,12,0,0,0,0,0,44,0,a8,1,0,0,0,0,bd,15,b7,26,0,0,0,0,0   TimeStamp  :  82924       Distance  :  12

(PORT 1) : 6a,5,0,18,34,12,0,0,0,0,0,45,0,a9,1,0,0,0,0,7f,ee,e1,83,0,0,0,0,0   TimeStamp  :  83212       Distance  :  13

(PORT 1) : 6a,5,0,18,34,12,0,0,0,0,0,45,0,aa,1,0,0,0,0,86,2b,8f,89,0,0,0,0,0   TimeStamp  :  83500       Distance  :  13

(PORT 1) : 6a,5,0,18,34,12,0,0,0,0,0,45,0,ab,1,0,0,0,0,3e,3d,c,e3,0,0,0,0,0   TimeStamp  :  83787       Distance  :  13

(PORT 1) : 6a,5,0,18,34,12,0,0,0,0,0,44,0,ac,1,0,0,0,0,89,1a,77,92,0,0,0,0,0   TimeStamp  :  84076       Distance  :  12

(PORT 1) : 6a,5,0,18,34,12,0,0,0,0,0,45,0,ad,1,0,0,0,0,79,fc,c2,63,0,0,0,0,0   TimeStamp  :  84364       Distance  :  13

(PORT 1) : 6a,5,0,18,34,12,0,0,0,0,0,45,0,ae,1,0,0,0,0,93,7f,c6,21,0,0,0,0,0   TimeStamp  :  84655       Distance  :  13

(PORT 1) : 6a,5,0,18,34,12,0,0,0,0,0,44,0,af,1,0,0,0,0,6d,ec,39,65,0,0,0,0,0   TimeStamp  :  84940       Distance  :  12

(PORT 1) : 6a,5,0,18,34,12,0,0,0,0,0,46,0,b0,1,0,0,0,0,98,59,21,6d,0,0,0,0,0   TimeStamp  :  85227       Distance  :  14

(PORT 1) : 6a,5,0,18,34,12,0,0,0,0,0,48,0,b1,1,0,0,0,0,5a,c2,d7,a8,0,0,0,0,0   TimeStamp  :  85516       Distance  :  16
