
(PORT 1) : 6a,5,0,18,34,12,0,0,0,0,0,1a,1,82,10,0,0,0,0,8f,71,22,7,0,0,0,0,0   TimeStamp  :  109120       Distance  :  226

(PORT 1) : 6a,5,0,18,34,12,0,0,0,0,0,1a,1,83,10,0,0,0,0,52,99,e1,16,0,0,0,0,0   TimeStamp  :  109408       Distance  :  226

(PORT 1) : 6a,5,0,18,34,12,0,0,0,0,0,1b,1,84,10,0,0,0,0,27,52,77,d6,0,0,0,0,0   TimeStamp  :  109696       Distance  :  227

(PORT 1) : 6a,5,0,18,34,12,0,0,0,0,0,1b,1,85,10,0,0,0,0,21,7,cc,4c,0,0,0,0,0   TimeStamp  :  109984       Distance  :  227

(PORT 1) : 6a,5,0,18,34,12,0,0,0,0,0,19,1,86,10,0,0,0,0,56,59,1a,e6,0,0,0,0,0   TimeStamp  :  110272       Distance  :  225

(PORT 1) : 6a,5,0,18,34,12,0,0,0,0,0,1b,1,87,10,0,0,0,0,3d,35,5e,d3,0,0,0,0,0   TimeStamp  :  277       Distance  :  227

(PORT 1) : 6a,5,0,18,34,12,0,0,0,0,0,19,1,88,10,0,0,0,0,24,f,7d,cc,0,0,0,0,0   TimeStamp  :  566       Distance  :  225

(PORT 1) : 6a,5,0,18,34,12,0,0,0,0,0,1a,1,89,10,0,0,0,0,ae,6c,7c,f6,0,0,0,0,0   TimeStamp  :  853       Distance  :  226

(PORT 1) : 6a,5,0,18,34,12,0,0,0,0,0,19,1,8a,10,0,0,0,0,e2,39,ce,7d,0,0,0,0,0   TimeStamp  :  1142       Distance  :  225

(PORT 1) : 6a,5,0,18,34,12,0,0,0,0,0,1a,1,8b,10,0,0,0,0,53,db,e3,68,0,0,0,0,0   TimeStamp  :  1429       Distance  :  226

(PORT 1) : 6a,5,0,18,34,12,0,0,0,0,0,19,1,8c,10,0,0,0,0,fa,4d,63,b5,0,0,0,0,0   TimeStamp  :  1716       Distance  :  225

(PORT 1) : 6a,5,0,18,34,12,0,0,0,0,0,1a,1,8d,10,0,0,0,0,aa,c,6d,36,0,0,0,0,0   TimeStamp  :  2004       Distance  :  226

(PORT 1) : 6a,5,0,18,34,12,0,0,0,0,0,1d,1,8e,10,0,0,0,0,27,1,30,2c,0,0,0,0,0   TimeStamp  :  2293       Distance  :  229

(PORT 1) : 6a,5,0,18,34,12,0,0,0,0,0,1a,1,8f,10,0,0,0,0,d3,7d,36,da,0,0,0,0,0   TimeStamp  :  2582       Distance  :  226

(PORT 1) : 6a,5,0,18,34,12,0,0,0,0,0,1a,1,90,10,0,0,0,0,98,91,b4,7e,0,0,0,0,0   TimeStamp  :  2869       Distance  :  226

(PORT 1) : 6a,5,0,18,34,12,0,0,0,0,0,e,1,91,10,0,0,0,0,58,f8,3e,84,0,0,0,0,0   TimeStamp  :  3157       Distance  :  214

(PORT 1) : 6a,5,0,18,34,12,0,0,0,0,0,19,1,92,10,0,0,0,0,d6,b2,e7,5f,0,0,0,0,0   TimeStamp  :  3445       Distance  :  225

(PORT 1) : 6a,5,0,18,34,12,0,0,0,0,0,1a,1,93,10,0,0,0,0,35,db,5d,b1,0,0,0,0,0   TimeStamp  :  3733       Distance  :  226

(PORT 1) : 6a,5,0,18,34,12,0,0,0,0,0,19,1,94,10,0,0,0,0,24,7f,59,30,0,0,0,0,0   TimeStamp  :  4021       Distance  :  225

(PORT 1) : 6a,5,0,18,34,12,0,0,0,0,0,19,1,95,10,0,0,0,0,3,d7,bb,1,0,0,0,0,0   TimeStamp  :  4309       Distance  :  225

(PORT 1) : 6a,5,0,18,34,12,0,0,0,0,0,1a,1,96,10,0,0,0,0,72,c0,78,94,0,0,0,0,0   TimeStamp  :  4597       Distance  :  226

(PORT 1) : 6a,5,0,18,34,12,0,0,0,0,0,1b,1,97,10,0,0,0,0,ed,8c,93,45,0,0,0,0,0   TimeStamp  :  4886       Distance  :  227

(PORT 1) : 6a,5,0,18,34,12,0,0,0,0,0,1a,1,98,10,0,0,0,0,aa,7e,eb,fd,0,0,0,0,0   TimeStamp  :  5173       Distance  :  226

(PORT 1) : 6a,5,0,18,34,12,0,0,0,0,0,1a,1,99,10,0,0,0,0,ba,9d,2a,3,0,0,0,0,0   TimeStamp  :  5460       Distance  :  226

(PORT 1) : 6a,5,0,18,34,12,0,0,0,0,0,19,1,9a,10,0,0,0,0,50,5a,4c,6c,0,0,0,0,0   TimeStamp  :  5748       Distance  :  225

(PORT 1) : 6a,5,0,18,34,12,0,0,0,0,0,1b,1,9b,10,0,0,0,0,f8,93,92,6e,0,0,0,0,0   TimeStamp  :  6037       Distance  :  227

(PORT 1) : 6a,5,0,18,34,12,0,0,0,0,0,1a,1,9c,10,0,0,0,0,6,90,b3,29,0,0,0,0,0   TimeStamp  :  6325       Distance  :  226

(PORT 1) : 6a,5,0,18,34,12,0,0,0,0,0,1a,1,9d,10,0,0,0,0,12,3f,c,2f,0,0,0,0,0   TimeStamp  :  6614       Distance  :  226

(PORT 1) : 6a,5,0,18,34,12,0,0,0,0,0,1a,1,9e,10,0,0,0,0,dc,12,8,5c,0,0,0,0,0   TimeStamp  :  6901       Distance  :  226

(PORT 1) : 6a,5,0,18,34,12,0,0,0,0,0,19,1,9f,10,0,0,0,0,44,9a,98,d7,0,0,0,0,0   TimeStamp  :  7189       Distance  :  225

(PORT 1) : 6a,5,0,18,34,12,0,0,0,0,0,19,1,a0,10,0,0,0,0,4c,78,75,79,0,0,0,0,0   TimeStamp  :  7477       Distance  :  225

(PORT 1) : 6a,5,0,18,34,12,0,0,0,0,0,1a,1,a1,10,0,0,0,0,60,51,59,8c,0,0,0,0,0   TimeStamp  :  7765       Distance  :  226

(PORT 1) : 6a,5,0,18,34,12,0,0,0,0,0,1b,1,a2,10,0,0,0,0,d5,d5,6b,98,0,0,0,0,0   TimeStamp  :  8053       Distance  :  227

(PORT 1) : 6a,5,0,18,34,12,0,0,0,0,0,19,1,a3,10,0,0,0,0,c1,c8,35,8c,0,0,0,0,0   TimeStamp  :  8342       Distance  :  225

(PORT 1) : 6a,5,0,18,34,12,0,0,0,0,0,1a,1,a4,10,0,0,0,0,5e,a3,f4,64,0,0,0,0,0   TimeStamp  :  8629       Distance  :  226

(PORT 1) : 6a,5,0,18,34,12,0,0,0,0,0,18,1,a5,10,0,0,0,0,c9,7,3d,e,0,0,0,0,0   TimeStamp  :  8916       Distance  :  224

(PORT 1) : 6a,5,0,18,34,12,0,0,0,0,0,1a,1,a6,10,0,0,0,0,b5,a7,9e,28,0,0,0,0,0   TimeStamp  :  9206       Distance  :  226

(PORT 1) : 6a,5,0,18,34,12,0,0,0,0,0,1a,1,a7,10,0,0,0,0,45,5f,d2,8a,0,0,0,0,0   TimeStamp  :  9493       Distance  :  226

(PORT 1) : 6a,5,0,18,34,12,0,0,0,0,0,19,1,a8,10,0,0,0,0,68,80,ce,8c,0,0,0,0,0   TimeStamp  :  9780       Distance  :  225

(PORT 1) : 6a,5,0,18,34,12,0,0,0,0,0,19,1,a9,10,0,0,0,0,25,23,f9,74,0,0,0,0,0   TimeStamp  :  10069       Distance  :  225

(PORT 1) : 6a,5,0,18,34,12,0,0,0,0,0,1a,1,aa,10,0,0,0,0,5a,63,b3,42,0,0,0,0,0   TimeStamp  :  10357       Distance  :  226

(PORT 1) : 6a,5,0,18,34,12,0,0,0,0,0,1b,1,ab,10,0,0,0,0,fa,70,c4,eb,0,0,0,0,0   TimeStamp  :  10645       Distance  :  227

(PORT 1) : 6a,5,0,18,34,12,0,0,0,0,0,1a,1,ac,10,0,0,0,0,99,4f,2e,7e,0,0,0,0,0   TimeStamp  :  10932       Distance  :  226

(PORT 1) : 6a,5,0,18,34,12,0,0,0,0,0,1a,1,ad,10,0,0,0,0,45,59,ef,d4,0,0,0,0,0   TimeStamp  :  11221       Distance  :  226

(PORT 1) : 6a,5,0,18,34,12,0,0,0,0,0,1b,1,ae,10,0,0,0,0,a8,c5,5,74,0,0,0,0,0   TimeStamp  :  11509       Distance  :  227

(PORT 1) : 6a,5,0,18,34,12,0,0,0,0,0,1b,1,af,10,0,0,0,0,c1,66,93,ca,0,0,0,0,0   TimeStamp  :  11797       Distance  :  227

(PORT 1) : 6a,5,0,18,34,12,0,0,0,0,0,1b,1,b0,10,0,0,0,0,b1,71,c4,62,0,0,0,0,0   TimeStamp  :  12085       Distance  :  227

(PORT 1) : 6a,5,0,18,34,12,0,0,0,0,0,1a,1,b1,10,0,0,0,0,2d,bf,3e,9c,0,0,0,0,0   TimeStamp  :  12373       Distance  :  226

(PORT 1) : 6a,5,0,18,34,12,0,0,0,0,0,21,1,b2,10,0,0,0,0,d3,b3,2b,1c,0,0,0,0,0   TimeStamp  :  12661       Distance  :  233

(PORT 1) : 6a,5,0,18,34,12,0,0,0,0,0,1a,1,b3,10,0,0,0,0,89,0,44,67,0,0,0,0,0   TimeStamp  :  12949       Distance  :  226

(PORT 1) : 6a,5,0,18,34,12,0,0,0,0,0,19,1,b4,10,0,0,0,0,d6,5a,1,2e,0,0,0,0,0   TimeStamp  :  13237       Distance  :  225

(PORT 1) : 6a,5,0,18,34,12,0,0,0,0,0,1a,1,b5,10,0,0,0,0,4b,48,b9,9b,0,0,0,0,0   TimeStamp  :  13525       Distance  :  226

(PORT 1) : 6a,5,0,18,34,12,0,0,0,0,0,1a,1,b6,10,0,0,0,0,ac,2,ad,49,0,0,0,0,0   TimeStamp  :  13814       Distance  :  226

(PORT 1) : 6a,5,0,18,34,12,0,0,0,0,0,1a,1,b7,10,0,0,0,0,51,40,6a,2a,0,0,0,0,0   TimeStamp  :  14101       Distance  :  226

(PORT 1) : 6a,5,0,18,34,12,0,0,0,0,0,1b,1,b8,10,0,0,0,0,9f,84,1e,45,0,0,0,0,0   TimeStamp  :  14389       Distance  :  227

(PORT 1) : 6a,5,0,18,34,12,0,0,0,0,0,1a,1,b9,10,0,0,0,0,d3,ae,2a,7d,0,0,0,0,0   TimeStamp  :  14677       Distance  :  226

(PORT 1) : 6a,5,0,18,34,12,0,0,0,0,0,19,1,ba,10,0,0,0,0,11,d7,e7,28,0,0,0,0,0   TimeStamp  :  14964       Distance  :  225

(PORT 1) : 6a,5,0,18,34,12,0,0,0,0,0,16,1,bb,10,0,0,0,0,bd,7c,c7,3c,0,0,0,0,0   TimeStamp  :  15253       Distance  :  222

(PORT 1) : 6a,5,0,18,34,12,0,0,0,0,0,29,1,bc,10,0,0,0,0,c3,20,28,e1,0,0,0,0,0   TimeStamp  :  15541       Distance  :  241

(PORT 1) : 6a,5,0,18,34,12,0,0,0,0,0,19,1,bd,10,0,0,0,0,3c,d0,b9,78,0,0,0,0,0   TimeStamp  :  15829       Distance  :  225

(PORT 1) : 6a,5,0,18,34,12,0,0,0,0,0,1a,1,be,10,0,0,0,0,f7,f7,d,e9,0,0,0,0,0   TimeStamp  :  16117       Distance  :  226

(PORT 1) : 6a,5,0,18,34,12,0,0,0,0,0,1b,1,bf,10,0,0,0,0,7f,cb,aa,10,0,0,0,0,0   TimeStamp  :  16405       Distance  :  227

(PORT 1) : 6a,5,0,18,34,12,0,0,0,0,0,1a,1,c0,10,0,0,0,0,5f,7c,60,8c,0,0,0,0,0   TimeStamp  :  16693       Distance  :  226

(PORT 1) : 6a,5,0,18,34,12,0,0,0,0,0,19,1,c1,10,0,0,0,0,bc,bc,26,82,0,0,0,0,0   TimeStamp  :  16980       Distance  :  225

(PORT 1) : 6a,5,0,18,34,12,0,0,0,0,0,19,1,c2,10,0,0,0,0,fe,80,33,42,0,0,0,0,0   TimeStamp  :  17269       Distance  :  225

(PORT 1) : 6a,5,0,18,34,12,0,0,0,0,0,1a,1,c3,10,0,0,0,0,b,8e,89,5c,0,0,0,0,0   TimeStamp  :  17557       Distance  :  226

(PORT 1) : 6a,5,0,18,34,12,0,0,0,0,0,1a,1,c4,10,0,0,0,0,14,d,52,9f,0,0,0,0,0   TimeStamp  :  17844       Distance  :  226

(PORT 1) : 6a,5,0,18,34,12,0,0,0,0,0,1b,1,c5,10,0,0,0,0,5e,9,59,4b,0,0,0,0,0   TimeStamp  :  18133       Distance  :  227

(PORT 1) : 6a,5,0,18,34,12,0,0,0,0,0,19,1,c6,10,0,0,0,0,a9,5,fe,31,0,0,0,0,0   TimeStamp  :  18421       Distance  :  225

(PORT 1) : 6a,5,0,18,34,12,0,0,0,0,0,1a,1,c7,10,0,0,0,0,41,29,eb,2d,0,0,0,0,0   TimeStamp  :  18708       Distance  :  226

(PORT 1) : 6a,5,0,18,34,12,0,0,0,0,0,1b,1,c8,10,0,0,0,0,2d,c,3e,75,0,0,0,0,0   TimeStamp  :  18997       Distance  :  227

(PORT 1) : 6a,5,0,18,34,12,0,0,0,0,0,1b,1,c9,10,0,0,0,0,af,fc,c7,60,0,0,0,0,0   TimeStamp  :  19285       Distance  :  227

(PORT 1) : 6a,5,0,18,34,12,0,0,0,0,0,1a,1,ca,10,0,0,0,0,10,3c,7e,5e,0,0,0,0,0   TimeStamp  :  19573       Distance  :  226

(PORT 1) : 6a,5,0,18,34,12,0,0,0,0,0,1b,1,cb,10,0,0,0,0,5,ce,5c,6c,0,0,0,0,0   TimeStamp  :  19860       Distance  :  227

(PORT 1) : 6a,5,0,18,34,12,0,0,0,0,0,2b,1,cc,10,0,0,0,0,45,b6,57,94,0,0,0,0,0   TimeStamp  :  20148       Distance  :  243

(PORT 1) : 6a,5,0,18,34,12,0,0,0,0,0,1a,1,cd,10,0,0,0,0,61,e3,fd,ae,0,0,0,0,0   TimeStamp  :  20437       Distance  :  226

(PORT 1) : 6a,5,0,18,34,12,0,0,0,0,0,1a,1,ce,10,0,0,0,0,a,12,fb,ea,0,0,0,0,0   TimeStamp  :  20724       Distance  :  226

(PORT 1) : 6a,5,0,18,34,12,0,0,0,0,0,1a,1,cf,10,0,0,0,0,aa,a,5a,81,0,0,0,0,0   TimeStamp  :  21012       Distance  :  226

(PORT 1) : 6a,5,0,18,34,12,0,0,0,0,0,1a,1,d0,10,0,0,0,0,43,a8,21,86,0,0,0,0,0   TimeStamp  :  21301       Distance  :  226

(PORT 1) : 6a,5,0,18,34,12,0,0,0,0,0,1b,1,d1,10,0,0,0,0,34,74,a6,bb,0,0,0,0,0   TimeStamp  :  21589       Distance  :  227

(PORT 1) : 6a,5,0,18,34,12,0,0,0,0,0,18,1,d2,10,0,0,0,0,52,8d,5d,66,0,0,0,0,0   TimeStamp  :  21877       Distance  :  224

(PORT 1) : 6a,5,0,18,34,12,0,0,0,0,0,1b,1,d3,10,0,0,0,0,e7,f3,50,f,0,0,0,0,0   TimeStamp  :  22164       Distance  :  227

(PORT 1) : 6a,5,0,18,34,12,0,0,0,0,0,1a,1,d4,10,0,0,0,0,c3,e3,c4,4e,0,0,0,0,0   TimeStamp  :  22452       Distance  :  226

(PORT 1) : 6a,5,0,18,34,12,0,0,0,0,0,1a,1,d5,10,0,0,0,0,43,1e,53,c0,0,0,0,0,0   TimeStamp  :  22740       Distance  :  226

(PORT 1) : 6a,5,0,18,34,12,0,0,0,0,0,19,1,d6,10,0,0,0,0,f,7f,4e,68,0,0,0,0,0   TimeStamp  :  23029       Distance  :  225

(PORT 1) : 6a,5,0,18,34,12,0,0,0,0,0,1e,1,d7,10,0,0,0,0,8e,f0,e4,7f,0,0,0,0,0   TimeStamp  :  23317       Distance  :  230

(PORT 1) : 6a,5,0,18,34,12,0,0,0,0,0,1a,1,d8,10,0,0,0,0,33,5d,b7,8f,0,0,0,0,0   TimeStamp  :  23615       Distance  :  226

(PORT 1) : 6a,5,0,18,34,12,0,0,0,0,0,1b,1,d9,10,0,0,0,0,e0,68,58,ce,0,0,0,0,0   TimeStamp  :  23903       Distance  :  227

(PORT 1) : 6a,5,0,18,34,12,0,0,0,0,0,1b,1,da,10,0,0,0,0,1f,81,b7,6a,0,0,0,0,0   TimeStamp  :  24190       Distance  :  227

(PORT 1) : 6a,5,0,18,34,12,0,0,0,0,0,1a,1,db,10,0,0,0,0,12,d6,b4,b4,0,0,0,0,0   TimeStamp  :  24479       Distance  :  226

(PORT 1) : 6a,5,0,18,34,12,0,0,0,0,0,1a,1,dc,10,0,0,0,0,80,4f,4e,84,0,0,0,0,0   TimeStamp  :  24767       Distance  :  226

(PORT 1) : 6a,5,0,18,34,12,0,0,0,0,0,19,1,dd,10,0,0,0,0,cf,27,d6,e3,0,0,0,0,0   TimeStamp  :  25054       Distance  :  225

(PORT 1) : 6a,5,0,18,34,12,0,0,0,0,0,1a,1,de,10,0,0,0,0,8c,78,fc,16,0,0,0,0,0   TimeStamp  :  25342       Distance  :  226

(PORT 1) : 6a,5,0,18,34,12,0,0,0,0,0,19,1,df,10,0,0,0,0,79,fc,d2,15,0,0,0,0,0   TimeStamp  :  25630       Distance  :  225

(PORT 1) : 6a,5,0,18,34,12,0,0,0,0,0,1b,1,e0,10,0,0,0,0,f1,67,79,5a,0,0,0,0,0   TimeStamp  :  25919       Distance  :  227

(PORT 1) : 6a,5,0,18,34,12,0,0,0,0,0,1a,1,e1,10,0,0,0,0,67,84,6c,b9,0,0,0,0,0   TimeStamp  :  26206       Distance  :  226

(PORT 1) : 6a,5,0,18,34,12,0,0,0,0,0,1e,1,e2,10,0,0,0,0,73,9,8c,fd,0,0,0,0,0   TimeStamp  :  26495       Distance  :  230

(PORT 1) : 6a,5,0,18,34,12,0,0,0,0,0,1a,1,e3,10,0,0,0,0,90,77,a5,90,0,0,0,0,0   TimeStamp  :  26782       Distance  :  226

(PORT 1) : 6a,5,0,18,34,12,0,0,0,0,0,1b,1,e4,10,0,0,0,0,38,d3,20,20,0,0,0,0,0   TimeStamp  :  27071       Distance  :  227

(PORT 1) : 6a,5,0,18,34,12,0,0,0,0,0,1b,1,e5,10,0,0,0,0,d6,e1,b1,36,0,0,0,0,0   TimeStamp  :  27358       Distance  :  227

(PORT 1) : 6a,5,0,18,34,12,0,0,0,0,0,19,1,e6,10,0,0,0,0,ff,28,9b,d8,0,0,0,0,0   TimeStamp  :  27646       Distance  :  225

(PORT 1) : 6a,5,0,18,34,12,0,0,0,0,0,1a,1,e7,10,0,0,0,0,d5,4d,f6,bb,0,0,0,0,0   TimeStamp  :  27934       Distance  :  226

(PORT 1) : 6a,5,0,18,34,12,0,0,0,0,0,1a,1,e8,10,0,0,0,0,5a,45,e6,ff,0,0,0,0,0   TimeStamp  :  28222       Distance  :  226

(PORT 1) : 6a,5,0,18,34,12,0,0,0,0,0,1a,1,e9,10,0,0,0,0,d9,8d,b6,bc,0,0,0,0,0   TimeStamp  :  28510       Distance  :  226

(PORT 1) : 6a,5,0,18,34,12,0,0,0,0,0,1a,1,ea,10,0,0,0,0,ea,2,48,20,0,0,0,0,0   TimeStamp  :  28798       Distance  :  226

(PORT 1) : 6a,5,0,18,34,12,0,0,0,0,0,1a,1,eb,10,0,0,0,0,d7,4e,23,15,0,0,0,0,0   TimeStamp  :  29086       Distance  :  226

(PORT 1) : 6a,5,0,18,34,12,0,0,0,0,0,1b,1,ec,10,0,0,0,0,78,f9,67,1c,0,0,0,0,0   TimeStamp  :  29374       Distance  :  227

(PORT 1) : 6a,5,0,18,34,12,0,0,0,0,0,1a,1,ed,10,0,0,0,0,a8,74,a8,c2,0,0,0,0,0   TimeStamp  :  29662       Distance  :  226

(PORT 1) : 6a,5,0,18,34,12,0,0,0,0,0,1b,1,ee,10,0,0,0,0,76,16,5c,5f,0,0,0,0,0   TimeStamp  :  29950       Distance  :  227

(PORT 1) : 6a,5,0,18,34,12,0,0,0,0,0,1a,1,ef,10,0,0,0,0,fb,55,99,c6,0,0,0,0,0   TimeStamp  :  30238       Distance  :  226

(PORT 1) : 6a,5,0,18,34,12,0,0,0,0,0,1a,1,f0,10,0,0,0,0,b9,cd,87,ec,0,0,0,0,0   TimeStamp  :  30526       Distance  :  226

(PORT 1) : 6a,5,0,18,34,12,0,0,0,0,0,1a,1,f1,10,0,0,0,0,85,3d,1e,d3,0,0,0,0,0   TimeStamp  :  30815       Distance  :  226

(PORT 1) : 6a,5,0,18,34,12,0,0,0,0,0,19,1,f2,10,0,0,0,0,69,7c,c9,16,0,0,0,0,0   TimeStamp  :  31102       Distance  :  225

(PORT 1) : 6a,5,0,18,34,12,0,0,0,0,0,1a,1,f3,10,0,0,0,0,73,c9,9,37,0,0,0,0,0   TimeStamp  :  31390       Distance  :  226

(PORT 1) : 6a,5,0,18,34,12,0,0,0,0,0,1a,1,f4,10,0,0,0,0,c5,33,21,33,0,0,0,0,0   TimeStamp  :  31677       Distance  :  226

(PORT 1) : 6a,5,0,18,34,12,0,0,0,0,0,1a,1,f5,10,0,0,0,0,aa,6b,8c,87,0,0,0,0,0   TimeStamp  :  31966       Distance  :  226

(PORT 1) : 6a,5,0,18,34,12,0,0,0,0,0,1a,1,f6,10,0,0,0,0,b1,44,6e,1c,0,0,0,0,0   TimeStamp  :  32254       Distance  :  226

(PORT 1) : 6a,5,0,18,34,12,0,0,0,0,0,1a,1,f7,10,0,0,0,0,e,97,f1,ff,0,0,0,0,0   TimeStamp  :  32542       Distance  :  226

(PORT 1) : 6a,5,0,18,34,12,0,0,0,0,0,1a,1,f8,10,0,0,0,0,c5,6c,c9,f0,0,0,0,0,0   TimeStamp  :  32830       Distance  :  226

(PORT 1) : 6a,5,0,18,34,12,0,0,0,0,0,1a,1,f9,10,0,0,0,0,5b,62,71,7,0,0,0,0,0   TimeStamp  :  33118       Distance  :  226

(PORT 1) : 6a,5,0,18,34,12,0,0,0,0,0,1a,1,fa,10,0,0,0,0,f8,5,53,71,0,0,0,0,0   TimeStamp  :  33407       Distance  :  226

(PORT 1) : 6a,5,0,18,34,12,0,0,0,0,0,1a,1,fb,10,0,0,0,0,1,9d,e8,db,0,0,0,0,0   TimeStamp  :  33693       Distance  :  226

(PORT 1) : 6a,5,0,18,34,12,0,0,0,0,0,27,1,fc,10,0,0,0,0,ea,b6,6b,df,0,0,0,0,0   TimeStamp  :  33981       Distance  :  239

(PORT 1) : 6a,5,0,18,34,12,0,0,0,0,0,18,1,fd,10,0,0,0,0,51,16,16,73,0,0,0,0,0   TimeStamp  :  34269       Distance  :  224

(PORT 1) : 6a,5,0,18,34,12,0,0,0,0,0,1a,1,fe,10,0,0,0,0,20,c7,82,1c,0,0,0,0,0   TimeStamp  :  34557       Distance  :  226

(PORT 1) : 6a,5,0,18,34,12,0,0,0,0,0,1a,1,ff,10,0,0,0,0,97,8,48,9b,0,0,0,0,0   TimeStamp  :  34845       Distance  :  226

(PORT 1) : 6a,5,0,18,34,12,0,0,0,0,0,19,1,0,11,0,0,0,0,6b,5b,6c,75,0,0,0,0,0   TimeStamp  :  35134       Distance  :  225

(PORT 1) : 6a,5,0,18,34,12,0,0,0,0,0,1b,1,1,11,0,0,0,0,df,e6,84,33,0,0,0,0,0   TimeStamp  :  35421       Distance  :  227

(PORT 1) : 6a,5,0,18,34,12,0,0,0,0,0,19,1,2,11,0,0,0,0,fd,77,45,70,0,0,0,0,0   TimeStamp  :  35709       Distance  :  225

(PORT 1) : 6a,5,0,18,34,12,0,0,0,0,0,1a,1,3,11,0,0,0,0,57,4e,d1,fc,0,0,0,0,0   TimeStamp  :  35996       Distance  :  226

(PORT 1) : 6a,5,0,18,34,12,0,0,0,0,0,1a,1,4,11,0,0,0,0,2a,a,51,78,0,0,0,0,0   TimeStamp  :  36285       Distance  :  226

(PORT 1) : 6a,5,0,18,34,12,0,0,0,0,0,1a,1,5,11,0,0,0,0,53,3,87,16,0,0,0,0,0   TimeStamp  :  36574       Distance  :  226

(PORT 1) : 6a,5,0,18,34,12,0,0,0,0,0,1a,1,6,11,0,0,0,0,c2,38,5b,28,0,0,0,0,0   TimeStamp  :  36861       Distance  :  226

(PORT 1) : 6a,5,0,18,34,12,0,0,0,0,0,1b,1,7,11,0,0,0,0,76,d9,2c,58,0,0,0,0,0   TimeStamp  :  37150       Distance  :  227

(PORT 1) : 6a,5,0,18,34,12,0,0,0,0,0,1b,1,8,11,0,0,0,0,ec,4f,16,7a,0,0,0,0,0   TimeStamp  :  37437       Distance  :  227

(PORT 1) : 6a,5,0,18,34,12,0,0,0,0,0,1a,1,9,11,0,0,0,0,7d,8b,11,7b,0,0,0,0,0   TimeStamp  :  37724       Distance  :  226

(PORT 1) : 6a,5,0,18,34,12,0,0,0,0,0,19,1,a,11,0,0,0,0,29,42,7f,de,0,0,0,0,0   TimeStamp  :  38012       Distance  :  225

(PORT 1) : 6a,5,0,18,34,12,0,0,0,0,0,17,1,b,11,0,0,0,0,6b,be,aa,d2,0,0,0,0,0   TimeStamp  :  38302       Distance  :  223

(PORT 1) : 6a,5,0,18,34,12,0,0,0,0,0,1a,1,c,11,0,0,0,0,40,d1,c0,ae,0,0,0,0,0   TimeStamp  :  38588       Distance  :  226

(PORT 1) : 6a,5,0,18,34,12,0,0,0,0,0,1a,1,d,11,0,0,0,0,39,3f,10,3c,0,0,0,0,0   TimeStamp  :  38878       Distance  :  226

(PORT 1) : 6a,5,0,18,34,12,0,0,0,0,0,1a,1,e,11,0,0,0,0,36,71,a6,2d,0,0,0,0,0   TimeStamp  :  39166       Distance  :  226

(PORT 1) : 6a,5,0,18,34,12,0,0,0,0,0,19,1,f,11,0,0,0,0,1c,23,b1,9f,0,0,0,0,0   TimeStamp  :  39454       Distance  :  225

(PORT 1) : 6a,5,0,18,34,12,0,0,0,0,0,1a,1,10,11,0,0,0,0,f8,41,f4,76,0,0,0,0,0   TimeStamp  :  39741       Distance  :  226

(PORT 1) : 6a,5,0,18,34,12,0,0,0,0,0,1a,1,11,11,0,0,0,0,f5,14,1a,d,0,0,0,0,0   TimeStamp  :  40030       Distance  :  226

(PORT 1) : 6a,5,0,18,34,12,0,0,0,0,0,1a,1,12,11,0,0,0,0,87,ba,62,a7,0,0,0,0,0   TimeStamp  :  40318       Distance  :  226

(PORT 1) : 6a,5,0,18,34,12,0,0,0,0,0,19,1,13,11,0,0,0,0,c6,1,76,ae,0,0,0,0,0   TimeStamp  :  40606       Distance  :  225

(PORT 1) : 6a,5,0,18,34,12,0,0,0,0,0,19,1,14,11,0,0,0,0,e7,0,b3,8,0,0,0,0,0   TimeStamp  :  40894       Distance  :  225

(PORT 1) : 6a,5,0,18,34,12,0,0,0,0,0,1a,1,15,11,0,0,0,0,74,1c,92,41,0,0,0,0,0   TimeStamp  :  41182       Distance  :  226

(PORT 1) : 6a,5,0,18,34,12,0,0,0,0,0,1a,1,16,11,0,0,0,0,5e,17,dd,88,0,0,0,0,0   TimeStamp  :  41470       Distance  :  226

(PORT 1) : 6a,5,0,18,34,12,0,0,0,0,0,1a,1,17,11,0,0,0,0,6e,be,9d,15,0,0,0,0,0   TimeStamp  :  41757       Distance  :  226

(PORT 1) : 6a,5,0,18,34,12,0,0,0,0,0,1a,1,18,11,0,0,0,0,37,31,f9,eb,0,0,0,0,0   TimeStamp  :  42046       Distance  :  226

(PORT 1) : 6a,5,0,18,34,12,0,0,0,0,0,1a,1,19,11,0,0,0,0,20,cb,d6,b6,0,0,0,0,0   TimeStamp  :  42334       Distance  :  226

(PORT 1) : 6a,5,0,18,34,12,0,0,0,0,0,1a,1,1a,11,0,0,0,0,cc,6c,2,1d,0,0,0,0,0   TimeStamp  :  42622       Distance  :  226

(PORT 1) : 6a,5,0,18,34,12,0,0,0,0,0,1a,1,1b,11,0,0,0,0,64,9f,1e,5f,0,0,0,0,0   TimeStamp  :  42910       Distance  :  226

(PORT 1) : 6a,5,0,18,34,12,0,0,0,0,0,1a,1,1c,11,0,0,0,0,e6,6b,42,11,0,0,0,0,0   TimeStamp  :  43198       Distance  :  226

(PORT 1) : 6a,5,0,18,34,12,0,0,0,0,0,1a,1,1d,11,0,0,0,0,68,94,4e,f2,0,0,0,0,0   TimeStamp  :  43486       Distance  :  226

(PORT 1) : 6a,5,0,18,34,12,0,0,0,0,0,1a,1,1e,11,0,0,0,0,8c,b0,58,5c,0,0,0,0,0   TimeStamp  :  43774       Distance  :  226

(PORT 1) : 6a,5,0,18,34,12,0,0,0,0,0,1a,1,1f,11,0,0,0,0,32,51,23,46,0,0,0,0,0   TimeStamp  :  44062       Distance  :  226

(PORT 1) : 6a,5,0,18,34,12,0,0,0,0,0,1a,1,20,11,0,0,0,0,a0,34,8e,e3,0,0,0,0,0   TimeStamp  :  44350       Distance  :  226

(PORT 1) : 6a,5,0,18,34,12,0,0,0,0,0,1a,1,21,11,0,0,0,0,ff,af,c3,4b,0,0,0,0,0   TimeStamp  :  44637       Distance  :  226

(PORT 1) : 6a,5,0,18,34,12,0,0,0,0,0,1b,1,22,11,0,0,0,0,96,ad,e9,c5,0,0,0,0,0   TimeStamp  :  44925       Distance  :  227

(PORT 1) : 6a,5,0,18,34,12,0,0,0,0,0,1a,1,23,11,0,0,0,0,a5,2e,90,3,0,0,0,0,0   TimeStamp  :  45214       Distance  :  226

(PORT 1) : 6a,5,0,18,34,12,0,0,0,0,0,1a,1,24,11,0,0,0,0,aa,49,35,3f,0,0,0,0,0   TimeStamp  :  45502       Distance  :  226

(PORT 1) : 6a,5,0,18,34,12,0,0,0,0,0,1a,1,25,11,0,0,0,0,78,15,1,82,0,0,0,0,0   TimeStamp  :  45790       Distance  :  226

(PORT 1) : 6a,5,0,18,34,12,0,0,0,0,0,20,1,26,11,0,0,0,0,24,cc,d2,a1,0,0,0,0,0   TimeStamp  :  46077       Distance  :  232

(PORT 1) : 6a,5,0,18,34,12,0,0,0,0,0,13,1,27,11,0,0,0,0,dc,ff,d2,81,0,0,0,0,0   TimeStamp  :  46365       Distance  :  219

(PORT 1) : 6a,5,0,18,34,12,0,0,0,0,0,19,1,28,11,0,0,0,0,e2,80,54,84,0,0,0,0,0   TimeStamp  :  46653       Distance  :  225

(PORT 1) : 6a,5,0,18,34,12,0,0,0,0,0,1b,1,29,11,0,0,0,0,48,f7,3c,e9,0,0,0,0,0   TimeStamp  :  46941       Distance  :  227

(PORT 1) : 6a,5,0,18,34,12,0,0,0,0,0,1a,1,2a,11,0,0,0,0,a2,dd,2a,45,0,0,0,0,0   TimeStamp  :  47229       Distance  :  226

(PORT 1) : 6a,5,0,18,34,12,0,0,0,0,0,1a,1,2b,11,0,0,0,0,53,7a,a,68,0,0,0,0,0   TimeStamp  :  47517       Distance  :  226

(PORT 1) : 6a,5,0,18,34,12,0,0,0,0,0,1c,1,2c,11,0,0,0,0,e9,8,b0,55,0,0,0,0,0   TimeStamp  :  47805       Distance  :  228

(PORT 1) : 6a,5,0,18,34,12,0,0,0,0,0,1a,1,2d,11,0,0,0,0,d4,fb,62,6d,0,0,0,0,0   TimeStamp  :  48093       Distance  :  226

(PORT 1) : 6a,5,0,18,34,12,0,0,0,0,0,1a,1,2e,11,0,0,0,0,d5,66,9d,80,0,0,0,0,0   TimeStamp  :  48381       Distance  :  226

(PORT 1) : 6a,5,0,18,34,12,0,0,0,0,0,1a,1,2f,11,0,0,0,0,da,ef,10,cb,0,0,0,0,0   TimeStamp  :  48670       Distance  :  226

(PORT 1) : 6a,5,0,18,34,12,0,0,0,0,0,1b,1,30,11,0,0,0,0,70,46,e8,b7,0,0,0,0,0   TimeStamp  :  48957       Distance  :  227

(PORT 1) : 6a,5,0,18,34,12,0,0,0,0,0,1b,1,31,11,0,0,0,0,20,76,44,c1,0,0,0,0,0   TimeStamp  :  49245       Distance  :  227

(PORT 1) : 6a,5,0,18,34,12,0,0,0,0,0,1a,1,32,11,0,0,0,0,df,60,f9,44,0,0,0,0,0   TimeStamp  :  49533       Distance  :  226

(PORT 1) : 6a,5,0,18,34,12,0,0,0,0,0,1b,1,33,11,0,0,0,0,9,a,c9,3f,0,0,0,0,0   TimeStamp  :  49822       Distance  :  227

(PORT 1) : 6a,5,0,18,34,12,0,0,0,0,0,d,1,34,11,0,0,0,0,81,3b,4a,c9,0,0,0,0,0   TimeStamp  :  50109       Distance  :  213

(PORT 1) : 6a,5,0,18,34,12,0,0,0,0,0,1b,1,35,11,0,0,0,0,5f,27,ad,66,0,0,0,0,0   TimeStamp  :  50397       Distance  :  227

(PORT 1) : 6a,5,0,18,34,12,0,0,0,0,0,1b,1,36,11,0,0,0,0,e8,56,d9,11,0,0,0,0,0   TimeStamp  :  50685       Distance  :  227

(PORT 1) : 6a,5,0,18,34,12,0,0,0,0,0,19,1,37,11,0,0,0,0,d2,1,a5,66,0,0,0,0,0   TimeStamp  :  50973       Distance  :  225

(PORT 1) : 6a,5,0,18,34,12,0,0,0,0,0,1a,1,38,11,0,0,0,0,79,e,e5,63,0,0,0,0,0   TimeStamp  :  51261       Distance  :  226

(PORT 1) : 6a,5,0,18,34,12,0,0,0,0,0,19,1,39,11,0,0,0,0,b0,3a,5a,44,0,0,0,0,0   TimeStamp  :  51549       Distance  :  225

(PORT 1) : 6a,5,0,18,34,12,0,0,0,0,0,19,1,3a,11,0,0,0,0,f6,da,80,4e,0,0,0,0,0   TimeStamp  :  51837       Distance  :  225

(PORT 1) : 6a,5,0,18,34,12,0,0,0,0,0,1a,1,3b,11,0,0,0,0,77,dc,47,1e,0,0,0,0,0   TimeStamp  :  52125       Distance  :  226

(PORT 1) : 6a,5,0,18,34,12,0,0,0,0,0,1a,1,3c,11,0,0,0,0,24,88,de,80,0,0,0,0,0   TimeStamp  :  52413       Distance  :  226

(PORT 1) : 6a,5,0,18,34,12,0,0,0,0,0,1b,1,3d,11,0,0,0,0,ba,c0,c5,e1,0,0,0,0,0   TimeStamp  :  52701       Distance  :  227

(PORT 1) : 6a,5,0,18,34,12,0,0,0,0,0,19,1,3e,11,0,0,0,0,c2,e6,4,9d,0,0,0,0,0   TimeStamp  :  52989       Distance  :  225

(PORT 1) : 6a,5,0,18,34,12,0,0,0,0,0,1a,1,3f,11,0,0,0,0,52,42,f3,b0,0,0,0,0,0   TimeStamp  :  53277       Distance  :  226

(PORT 1) : 6a,5,0,18,34,12,0,0,0,0,0,1a,1,40,11,0,0,0,0,9e,42,2,a0,0,0,0,0,0   TimeStamp  :  53565       Distance  :  226

(PORT 1) : 6a,5,0,18,34,12,0,0,0,0,0,1a,1,41,11,0,0,0,0,4c,c5,10,2e,0,0,0,0,0   TimeStamp  :  53853       Distance  :  226

(PORT 1) : 6a,5,0,18,34,12,0,0,0,0,0,1a,1,42,11,0,0,0,0,39,ae,16,1,0,0,0,0,0   TimeStamp  :  54142       Distance  :  226

(PORT 1) : 6a,5,0,18,34,12,0,0,0,0,0,1a,1,43,11,0,0,0,0,b8,62,28,16,0,0,0,0,0   TimeStamp  :  54429       Distance  :  226

(PORT 1) : 6a,5,0,18,34,12,0,0,0,0,0,1a,1,44,11,0,0,0,0,3b,bb,17,4e,0,0,0,0,0   TimeStamp  :  54716       Distance  :  226

(PORT 1) : 6a,5,0,18,34,12,0,0,0,0,0,1a,1,45,11,0,0,0,0,63,59,54,f2,0,0,0,0,0   TimeStamp  :  55004       Distance  :  226

(PORT 1) : 6a,5,0,18,34,12,0,0,0,0,0,19,1,46,11,0,0,0,0,7,14,d5,82,0,0,0,0,0   TimeStamp  :  55292       Distance  :  225

(PORT 1) : 6a,5,0,18,34,12,0,0,0,0,0,1a,1,47,11,0,0,0,0,a0,af,ff,b,0,0,0,0,0   TimeStamp  :  55580       Distance  :  226

(PORT 1) : 6a,5,0,18,34,12,0,0,0,0,0,19,1,48,11,0,0,0,0,7b,52,2a,7b,0,0,0,0,0   TimeStamp  :  55869       Distance  :  225

(PORT 1) : 6a,5,0,18,34,12,0,0,0,0,0,1a,1,49,11,0,0,0,0,fa,34,58,10,0,0,0,0,0   TimeStamp  :  56157       Distance  :  226

(PORT 1) : 6a,5,0,18,34,12,0,0,0,0,0,f,1,4a,11,0,0,0,0,f0,ba,26,fd,0,0,0,0,0   TimeStamp  :  56445       Distance  :  215

(PORT 1) : 6a,5,0,18,34,12,0,0,0,0,0,19,1,4b,11,0,0,0,0,f6,76,f8,16,0,0,0,0,0   TimeStamp  :  56732       Distance  :  225

(PORT 1) : 6a,5,0,18,34,12,0,0,0,0,0,1a,1,4c,11,0,0,0,0,c1,e5,e0,d,0,0,0,0,0   TimeStamp  :  57021       Distance  :  226

(PORT 1) : 6a,5,0,18,34,12,0,0,0,0,0,1a,1,4d,11,0,0,0,0,fb,0,c2,9c,0,0,0,0,0   TimeStamp  :  57308       Distance  :  226

(PORT 1) : 6a,5,0,18,34,12,0,0,0,0,0,19,1,4e,11,0,0,0,0,ab,1e,8f,bc,0,0,0,0,0   TimeStamp  :  57597       Distance  :  225

(PORT 1) : 6a,5,0,18,34,12,0,0,0,0,0,1b,1,4f,11,0,0,0,0,50,ad,c7,11,0,0,0,0,0   TimeStamp  :  57884       Distance  :  227

(PORT 1) : 6a,5,0,18,34,12,0,0,0,0,0,1a,1,50,11,0,0,0,0,40,17,e,1c,0,0,0,0,0   TimeStamp  :  58173       Distance  :  226

(PORT 1) : 6a,5,0,18,34,12,0,0,0,0,0,1a,1,51,11,0,0,0,0,23,85,f0,2b,0,0,0,0,0   TimeStamp  :  58461       Distance  :  226

(PORT 1) : 6a,5,0,18,34,12,0,0,0,0,0,1a,1,52,11,0,0,0,0,7c,b6,f1,16,0,0,0,0,0   TimeStamp  :  58749       Distance  :  226

(PORT 1) : 6a,5,0,18,34,12,0,0,0,0,0,16,1,53,11,0,0,0,0,dd,3e,29,9b,0,0,0,0,0   TimeStamp  :  59037       Distance  :  222

(PORT 1) : 6a,5,0,18,34,12,0,0,0,0,0,19,1,54,11,0,0,0,0,56,e0,6b,a,0,0,0,0,0   TimeStamp  :  59325       Distance  :  225

(PORT 1) : 6a,5,0,18,34,12,0,0,0,0,0,19,1,55,11,0,0,0,0,39,6e,8,bb,0,0,0,0,0   TimeStamp  :  59613       Distance  :  225

(PORT 1) : 6a,5,0,18,34,12,0,0,0,0,0,1a,1,56,11,0,0,0,0,c2,e0,f6,83,0,0,0,0,0   TimeStamp  :  59900       Distance  :  226

(PORT 1) : 6a,5,0,18,34,12,0,0,0,0,0,1a,1,57,11,0,0,0,0,a8,4d,56,2a,0,0,0,0,0   TimeStamp  :  60189       Distance  :  226

(PORT 1) : 6a,5,0,18,34,12,0,0,0,0,0,1a,1,58,11,0,0,0,0,20,6c,b4,f1,0,0,0,0,0   TimeStamp  :  60477       Distance  :  226

(PORT 1) : 6a,5,0,18,34,12,0,0,0,0,0,24,1,59,11,0,0,0,0,44,9c,13,94,0,0,0,0,0   TimeStamp  :  60765       Distance  :  236

(PORT 1) : 6a,5,0,18,34,12,0,0,0,0,0,1a,1,5a,11,0,0,0,0,43,4,d1,58,0,0,0,0,0   TimeStamp  :  61052       Distance  :  226

(PORT 1) : 6a,5,0,18,34,12,0,0,0,0,0,19,1,5b,11,0,0,0,0,94,85,0,80,0,0,0,0,0   TimeStamp  :  61341       Distance  :  225

(PORT 1) : 6a,5,0,18,34,12,0,0,0,0,0,1a,1,5c,11,0,0,0,0,f0,fa,c0,71,0,0,0,0,0   TimeStamp  :  61629       Distance  :  226

(PORT 1) : 6a,5,0,18,34,12,0,0,0,0,0,1b,1,5d,11,0,0,0,0,78,7f,8d,2c,0,0,0,0,0   TimeStamp  :  61916       Distance  :  227

(PORT 1) : 6a,5,0,18,34,12,0,0,0,0,0,1a,1,5e,11,0,0,0,0,ee,6d,41,7f,0,0,0,0,0   TimeStamp  :  62204       Distance  :  226

(PORT 1) : 6a,5,0,18,34,12,0,0,0,0,0,1a,1,5f,11,0,0,0,0,6a,70,f2,c4,0,0,0,0,0   TimeStamp  :  62491       Distance  :  226

(PORT 1) : 6a,5,0,18,34,12,0,0,0,0,0,1a,1,60,11,0,0,0,0,e3,7b,91,4b,0,0,0,0,0   TimeStamp  :  62779       Distance  :  226

(PORT 1) : 6a,5,0,18,34,12,0,0,0,0,0,1a,1,61,11,0,0,0,0,e9,95,f1,88,0,0,0,0,0   TimeStamp  :  63067       Distance  :  226

(PORT 1) : 6a,5,0,18,34,12,0,0,0,0,0,1b,1,62,11,0,0,0,0,a5,79,e4,d1,0,0,0,0,0   TimeStamp  :  63357       Distance  :  227

(PORT 1) : 6a,5,0,18,34,12,0,0,0,0,0,19,1,63,11,0,0,0,0,f4,4,e0,5b,0,0,0,0,0   TimeStamp  :  63644       Distance  :  225

(PORT 1) : 6a,5,0,18,34,12,0,0,0,0,0,1b,1,64,11,0,0,0,0,79,63,77,7d,0,0,0,0,0   TimeStamp  :  63933       Distance  :  227

(PORT 1) : 6a,5,0,18,34,12,0,0,0,0,0,1a,1,65,11,0,0,0,0,bb,8e,c7,d6,0,0,0,0,0   TimeStamp  :  64221       Distance  :  226

(PORT 1) : 6a,5,0,18,34,12,0,0,0,0,0,1b,1,66,11,0,0,0,0,fb,cd,e1,40,0,0,0,0,0   TimeStamp  :  64509       Distance  :  227
