
(PORT 1) : 6a,5,0,18,34,12,0,0,0,0,0,2c,1,11,12,0,0,0,0,53,24,ea,a6,0,0,0,0,0   TimeStamp  :  113750       Distance  :  244

(PORT 1) : 6a,5,0,18,34,12,0,0,0,0,0,2d,1,12,12,0,0,0,0,be,39,3d,fe,0,0,0,0,0   TimeStamp  :  114039       Distance  :  245

(PORT 1) : 6a,5,0,18,34,12,0,0,0,0,0,2e,1,13,12,0,0,0,0,56,df,fb,f7,0,0,0,0,0   TimeStamp  :  114327       Distance  :  246

(PORT 1) : 6a,5,0,18,34,12,0,0,0,0,0,2c,1,14,12,0,0,0,0,43,f4,cb,e8,0,0,0,0,0   TimeStamp  :  114614       Distance  :  244

(PORT 1) : 6a,5,0,18,34,12,0,0,0,0,0,2d,1,15,12,0,0,0,0,31,6d,a9,80,0,0,0,0,0   TimeStamp  :  114903       Distance  :  245

(PORT 1) : 6a,5,0,18,34,12,0,0,0,0,0,2d,1,16,12,0,0,0,0,14,e4,af,50,0,0,0,0,0   TimeStamp  :  115190       Distance  :  245

(PORT 1) : 6a,5,0,18,34,12,0,0,0,0,0,2c,1,17,12,0,0,0,0,33,96,54,83,0,0,0,0,0   TimeStamp  :  115479       Distance  :  244

(PORT 1) : 6a,5,0,18,34,12,0,0,0,0,0,2c,1,18,12,0,0,0,0,d0,d9,27,7,0,0,0,0,0   TimeStamp  :  115765       Distance  :  244

(PORT 1) : 6a,5,0,18,34,12,0,0,0,0,0,2d,1,19,12,0,0,0,0,bb,64,89,a4,0,0,0,0,0   TimeStamp  :  116054       Distance  :  245

(PORT 1) : 6a,5,0,18,34,12,0,0,0,0,0,2d,1,1a,12,0,0,0,0,5c,de,9e,23,0,0,0,0,0   TimeStamp  :  267       Distance  :  245

(PORT 1) : 6a,5,0,18,34,12,0,0,0,0,0,2d,1,1b,12,0,0,0,0,de,d8,ca,36,0,0,0,0,0   TimeStamp  :  554       Distance  :  245

(PORT 1) : 6a,5,0,18,34,12,0,0,0,0,0,2e,1,1c,12,0,0,0,0,20,a0,f5,95,0,0,0,0,0   TimeStamp  :  844       Distance  :  246

(PORT 1) : 6a,5,0,18,34,12,0,0,0,0,0,2d,1,1d,12,0,0,0,0,dd,4e,41,bb,0,0,0,0,0   TimeStamp  :  1132       Distance  :  245

(PORT 1) : 6a,5,0,18,34,12,0,0,0,0,0,2c,1,1e,12,0,0,0,0,ef,48,94,66,0,0,0,0,0   TimeStamp  :  1420       Distance  :  244

(PORT 1) : 6a,5,0,18,34,12,0,0,0,0,0,2f,1,1f,12,0,0,0,0,46,c9,35,6c,0,0,0,0,0   TimeStamp  :  1708       Distance  :  247

(PORT 1) : 6a,5,0,18,34,12,0,0,0,0,0,2c,1,20,12,0,0,0,0,4b,49,d3,56,0,0,0,0,0   TimeStamp  :  1995       Distance  :  244

(PORT 1) : 6a,5,0,18,34,12,0,0,0,0,0,3b,1,21,12,0,0,0,0,c6,ee,4a,dc,0,0,0,0,0   TimeStamp  :  2284       Distance  :  259

(PORT 1) : 6a,5,0,18,34,12,0,0,0,0,0,2e,1,22,12,0,0,0,0,65,ed,b8,17,0,0,0,0,0   TimeStamp  :  2571       Distance  :  246

(PORT 1) : 6a,5,0,18,34,12,0,0,0,0,0,2f,1,23,12,0,0,0,0,b8,a3,8e,1f,0,0,0,0,0   TimeStamp  :  2858       Distance  :  247

(PORT 1) : 6a,5,0,18,34,12,0,0,0,0,0,2f,1,24,12,0,0,0,0,e4,30,d8,f5,0,0,0,0,0   TimeStamp  :  3148       Distance  :  247

(PORT 1) : 6a,5,0,18,34,12,0,0,0,0,0,2f,1,25,12,0,0,0,0,6b,3,e,1a,0,0,0,0,0   TimeStamp  :  3436       Distance  :  247

(PORT 1) : 6a,5,0,18,34,12,0,0,0,0,0,2d,1,26,12,0,0,0,0,6e,d8,e0,79,0,0,0,0,0   TimeStamp  :  3723       Distance  :  245

(PORT 1) : 6a,5,0,18,34,12,0,0,0,0,0,2c,1,27,12,0,0,0,0,6d,e7,56,15,0,0,0,0,0   TimeStamp  :  4011       Distance  :  244

(PORT 1) : 6a,5,0,18,34,12,0,0,0,0,0,2c,1,28,12,0,0,0,0,41,8a,39,e1,0,0,0,0,0   TimeStamp  :  4300       Distance  :  244

(PORT 1) : 6a,5,0,18,34,12,0,0,0,0,0,2b,1,29,12,0,0,0,0,3c,e3,be,53,0,0,0,0,0   TimeStamp  :  4589       Distance  :  243

(PORT 1) : 6a,5,0,18,34,12,0,0,0,0,0,2d,1,2a,12,0,0,0,0,f7,2b,12,b0,0,0,0,0,0   TimeStamp  :  4875       Distance  :  245

(PORT 1) : 6a,5,0,18,34,12,0,0,0,0,0,2d,1,2b,12,0,0,0,0,5c,34,2d,49,0,0,0,0,0   TimeStamp  :  5163       Distance  :  245

(PORT 1) : 6a,5,0,18,34,12,0,0,0,0,0,2d,1,2c,12,0,0,0,0,df,81,5f,c5,0,0,0,0,0   TimeStamp  :  5452       Distance  :  245

(PORT 1) : 6a,5,0,18,34,12,0,0,0,0,0,2e,1,2d,12,0,0,0,0,33,e5,d5,94,0,0,0,0,0   TimeStamp  :  5740       Distance  :  246

(PORT 1) : 6a,5,0,18,34,12,0,0,0,0,0,2c,1,2e,12,0,0,0,0,c5,40,28,8e,0,0,0,0,0   TimeStamp  :  6028       Distance  :  244

(PORT 1) : 6a,5,0,18,34,12,0,0,0,0,0,2f,1,2f,12,0,0,0,0,8c,bb,9d,9f,0,0,0,0,0   TimeStamp  :  6315       Distance  :  247

(PORT 1) : 6a,5,0,18,34,12,0,0,0,0,0,2c,1,30,12,0,0,0,0,cc,2b,50,9c,0,0,0,0,0   TimeStamp  :  6605       Distance  :  244

(PORT 1) : 6a,5,0,18,34,12,0,0,0,0,0,2e,1,31,12,0,0,0,0,7c,a1,3f,f7,0,0,0,0,0   TimeStamp  :  6891       Distance  :  246

(PORT 1) : 6a,5,0,18,34,12,0,0,0,0,0,2d,1,32,12,0,0,0,0,c4,84,fe,75,0,0,0,0,0   TimeStamp  :  7179       Distance  :  245

(PORT 1) : 6a,5,0,18,34,12,0,0,0,0,0,2b,1,33,12,0,0,0,0,87,60,5c,20,0,0,0,0,0   TimeStamp  :  7467       Distance  :  243

(PORT 1) : 6a,5,0,18,34,12,0,0,0,0,0,2d,1,34,12,0,0,0,0,2d,85,fa,85,0,0,0,0,0   TimeStamp  :  7755       Distance  :  245

(PORT 1) : 6a,5,0,18,34,12,0,0,0,0,0,2d,1,35,12,0,0,0,0,2,9,fe,11,0,0,0,0,0   TimeStamp  :  8042       Distance  :  245

(PORT 1) : 6a,5,0,18,34,12,0,0,0,0,0,2e,1,36,12,0,0,0,0,6b,e6,65,5c,0,0,0,0,0   TimeStamp  :  8331       Distance  :  246

(PORT 1) : 6a,5,0,18,34,12,0,0,0,0,0,2f,1,37,12,0,0,0,0,93,de,15,74,0,0,0,0,0   TimeStamp  :  8621       Distance  :  247

(PORT 1) : 6a,5,0,18,34,12,0,0,0,0,0,2d,1,38,12,0,0,0,0,2c,f,c,ba,0,0,0,0,0   TimeStamp  :  8907       Distance  :  245

(PORT 1) : 6a,5,0,18,34,12,0,0,0,0,0,2c,1,39,12,0,0,0,0,9f,7b,4b,b8,0,0,0,0,0   TimeStamp  :  9195       Distance  :  244

(PORT 1) : 6a,5,0,18,34,12,0,0,0,0,0,2c,1,3a,12,0,0,0,0,1,f7,52,83,0,0,0,0,0   TimeStamp  :  9484       Distance  :  244

(PORT 1) : 6a,5,0,18,34,12,0,0,0,0,0,2c,1,3b,12,0,0,0,0,5f,7e,a3,7e,0,0,0,0,0   TimeStamp  :  9771       Distance  :  244

(PORT 1) : 6a,5,0,18,34,12,0,0,0,0,0,2c,1,3c,12,0,0,0,0,a4,49,cb,be,0,0,0,0,0   TimeStamp  :  10058       Distance  :  244

(PORT 1) : 6a,5,0,18,34,12,0,0,0,0,0,2e,1,3d,12,0,0,0,0,40,65,cc,75,0,0,0,0,0   TimeStamp  :  10346       Distance  :  246

(PORT 1) : 6a,5,0,18,34,12,0,0,0,0,0,2c,1,3e,12,0,0,0,0,43,b5,26,cc,0,0,0,0,0   TimeStamp  :  10635       Distance  :  244

(PORT 1) : 6a,5,0,18,34,12,0,0,0,0,0,2d,1,3f,12,0,0,0,0,81,c9,8c,4d,0,0,0,0,0   TimeStamp  :  10923       Distance  :  245

(PORT 1) : 6a,5,0,18,34,12,0,0,0,0,0,2c,1,40,12,0,0,0,0,b7,7b,41,de,0,0,0,0,0   TimeStamp  :  11211       Distance  :  244

(PORT 1) : 6a,5,0,18,34,12,0,0,0,0,0,2b,1,41,12,0,0,0,0,fd,94,1f,e8,0,0,0,0,0   TimeStamp  :  11498       Distance  :  243

(PORT 1) : 6a,5,0,18,34,12,0,0,0,0,0,2c,1,42,12,0,0,0,0,8c,1e,c7,e1,0,0,0,0,0   TimeStamp  :  11787       Distance  :  244

(PORT 1) : 6a,5,0,18,34,12,0,0,0,0,0,2e,1,43,12,0,0,0,0,a2,ee,e9,cf,0,0,0,0,0   TimeStamp  :  12074       Distance  :  246

(PORT 1) : 6a,5,0,18,34,12,0,0,0,0,0,2e,1,44,12,0,0,0,0,c9,8e,d9,fc,0,0,0,0,0   TimeStamp  :  12362       Distance  :  246

(PORT 1) : 6a,5,0,18,34,12,0,0,0,0,0,2d,1,45,12,0,0,0,0,96,b5,75,a3,0,0,0,0,0   TimeStamp  :  12651       Distance  :  245

(PORT 1) : 6a,5,0,18,34,12,0,0,0,0,0,2d,1,46,12,0,0,0,0,a0,ef,b6,5d,0,0,0,0,0   TimeStamp  :  12939       Distance  :  245

(PORT 1) : 6a,5,0,18,34,12,0,0,0,0,0,2e,1,47,12,0,0,0,0,b3,37,ad,42,0,0,0,0,0   TimeStamp  :  13227       Distance  :  246

(PORT 1) : 6a,5,0,18,34,12,0,0,0,0,0,2c,1,48,12,0,0,0,0,77,44,7a,fc,0,0,0,0,0   TimeStamp  :  13515       Distance  :  244

(PORT 1) : 6a,5,0,18,34,12,0,0,0,0,0,2d,1,49,12,0,0,0,0,1,dc,3e,52,0,0,0,0,0   TimeStamp  :  13803       Distance  :  245

(PORT 1) : 6a,5,0,18,34,12,0,0,0,0,0,2c,1,4a,12,0,0,0,0,2a,c0,f7,2f,0,0,0,0,0   TimeStamp  :  14091       Distance  :  244

(PORT 1) : 6a,5,0,18,34,12,0,0,0,0,0,2d,1,4b,12,0,0,0,0,af,1e,66,ad,0,0,0,0,0   TimeStamp  :  14379       Distance  :  245

(PORT 1) : 6a,5,0,18,34,12,0,0,0,0,0,2e,1,4c,12,0,0,0,0,d7,d0,d6,e5,0,0,0,0,0   TimeStamp  :  14667       Distance  :  246

(PORT 1) : 6a,5,0,18,34,12,0,0,0,0,0,2d,1,4d,12,0,0,0,0,b1,e9,aa,b5,0,0,0,0,0   TimeStamp  :  14954       Distance  :  245

(PORT 1) : 6a,5,0,18,34,12,0,0,0,0,0,2c,1,4e,12,0,0,0,0,b1,83,9b,55,0,0,0,0,0   TimeStamp  :  15243       Distance  :  244

(PORT 1) : 6a,5,0,18,34,12,0,0,0,0,0,2d,1,4f,12,0,0,0,0,e0,f3,94,a7,0,0,0,0,0   TimeStamp  :  15531       Distance  :  245

(PORT 1) : 6a,5,0,18,34,12,0,0,0,0,0,2c,1,50,12,0,0,0,0,93,71,7f,4,0,0,0,0,0   TimeStamp  :  15819       Distance  :  244

(PORT 1) : 6a,5,0,18,34,12,0,0,0,0,0,2c,1,51,12,0,0,0,0,32,a,8,52,0,0,0,0,0   TimeStamp  :  16106       Distance  :  244

(PORT 1) : 6a,5,0,18,34,12,0,0,0,0,0,2d,1,52,12,0,0,0,0,ca,7c,28,cb,0,0,0,0,0   TimeStamp  :  16395       Distance  :  245

(PORT 1) : 6a,5,0,18,34,12,0,0,0,0,0,2e,1,53,12,0,0,0,0,0,2a,9d,c4,0,0,0,0,0   TimeStamp  :  16683       Distance  :  246

(PORT 1) : 6a,5,0,18,34,12,0,0,0,0,0,2b,1,54,12,0,0,0,0,5,48,44,42,0,0,0,0,0   TimeStamp  :  16971       Distance  :  243

(PORT 1) : 6a,5,0,18,34,12,0,0,0,0,0,2d,1,55,12,0,0,0,0,5e,88,d2,c1,0,0,0,0,0   TimeStamp  :  17259       Distance  :  245

(PORT 1) : 6a,5,0,18,34,12,0,0,0,0,0,2e,1,56,12,0,0,0,0,98,1,2d,b3,0,0,0,0,0   TimeStamp  :  17547       Distance  :  246

(PORT 1) : 6a,5,0,18,34,12,0,0,0,0,0,2d,1,57,12,0,0,0,0,a7,3c,47,95,0,0,0,0,0   TimeStamp  :  17835       Distance  :  245

(PORT 1) : 6a,5,0,18,34,12,0,0,0,0,0,2c,1,58,12,0,0,0,0,ae,43,46,92,0,0,0,0,0   TimeStamp  :  18123       Distance  :  244

(PORT 1) : 6a,5,0,18,34,12,0,0,0,0,0,2d,1,59,12,0,0,0,0,d7,18,a2,3f,0,0,0,0,0   TimeStamp  :  18411       Distance  :  245

(PORT 1) : 6a,5,0,18,34,12,0,0,0,0,0,2b,1,5a,12,0,0,0,0,ab,1b,12,39,0,0,0,0,0   TimeStamp  :  18698       Distance  :  243

(PORT 1) : 6a,5,0,18,34,12,0,0,0,0,0,2b,1,5b,12,0,0,0,0,db,d,5,c4,0,0,0,0,0   TimeStamp  :  18987       Distance  :  243

(PORT 1) : 6a,5,0,18,34,12,0,0,0,0,0,2d,1,5c,12,0,0,0,0,d3,fb,64,eb,0,0,0,0,0   TimeStamp  :  19274       Distance  :  245

(PORT 1) : 6a,5,0,18,34,12,0,0,0,0,0,2c,1,5d,12,0,0,0,0,ef,36,aa,d6,0,0,0,0,0   TimeStamp  :  19563       Distance  :  244

(PORT 1) : 6a,5,0,18,34,12,0,0,0,0,0,2d,1,5e,12,0,0,0,0,d0,3,3,26,0,0,0,0,0   TimeStamp  :  19851       Distance  :  245

(PORT 1) : 6a,5,0,18,34,12,0,0,0,0,0,2a,1,5f,12,0,0,0,0,66,66,bf,80,0,0,0,0,0   TimeStamp  :  20139       Distance  :  242

(PORT 1) : 6a,5,0,18,34,12,0,0,0,0,0,2d,1,60,12,0,0,0,0,58,3b,7c,73,0,0,0,0,0   TimeStamp  :  20426       Distance  :  245

(PORT 1) : 6a,5,0,18,34,12,0,0,0,0,0,2f,1,61,12,0,0,0,0,8a,e1,e7,75,0,0,0,0,0   TimeStamp  :  20715       Distance  :  247

(PORT 1) : 6a,5,0,18,34,12,0,0,0,0,0,2d,1,62,12,0,0,0,0,ba,e,20,ab,0,0,0,0,0   TimeStamp  :  21003       Distance  :  245

(PORT 1) : 6a,5,0,18,34,12,0,0,0,0,0,2d,1,63,12,0,0,0,0,57,df,3b,7f,0,0,0,0,0   TimeStamp  :  21291       Distance  :  245

(PORT 1) : 6a,5,0,18,34,12,0,0,0,0,0,2d,1,64,12,0,0,0,0,19,9f,6,b6,0,0,0,0,0   TimeStamp  :  21579       Distance  :  245

(PORT 1) : 6a,5,0,18,34,12,0,0,0,0,0,2b,1,65,12,0,0,0,0,36,36,f1,a1,0,0,0,0,0   TimeStamp  :  21867       Distance  :  243

(PORT 1) : 6a,5,0,18,34,12,0,0,0,0,0,2d,1,66,12,0,0,0,0,a,22,3e,48,0,0,0,0,0   TimeStamp  :  22155       Distance  :  245

(PORT 1) : 6a,5,0,18,34,12,0,0,0,0,0,2e,1,67,12,0,0,0,0,e3,27,a4,22,0,0,0,0,0   TimeStamp  :  22443       Distance  :  246

(PORT 1) : 6a,5,0,18,34,12,0,0,0,0,0,2d,1,68,12,0,0,0,0,d1,f8,b6,e7,0,0,0,0,0   TimeStamp  :  22730       Distance  :  245

(PORT 1) : 6a,5,0,18,34,12,0,0,0,0,0,2d,1,69,12,0,0,0,0,6,3a,12,7,0,0,0,0,0   TimeStamp  :  23019       Distance  :  245

(PORT 1) : 6a,5,0,18,34,12,0,0,0,0,0,2d,1,6a,12,0,0,0,0,c3,ae,d6,a4,0,0,0,0,0   TimeStamp  :  23306       Distance  :  245

(PORT 1) : 6a,5,0,18,34,12,0,0,0,0,0,2e,1,6b,12,0,0,0,0,1c,9c,b2,59,0,0,0,0,0   TimeStamp  :  23595       Distance  :  246

(PORT 1) : 6a,5,0,18,34,12,0,0,0,0,0,2d,1,6c,12,0,0,0,0,61,5a,b3,51,0,0,0,0,0   TimeStamp  :  23883       Distance  :  245

(PORT 1) : 6a,5,0,18,34,12,0,0,0,0,0,2d,1,6d,12,0,0,0,0,a7,86,63,69,0,0,0,0,0   TimeStamp  :  24170       Distance  :  245

(PORT 1) : 6a,5,0,18,34,12,0,0,0,0,0,2e,1,6e,12,0,0,0,0,c4,48,be,57,0,0,0,0,0   TimeStamp  :  24459       Distance  :  246

(PORT 1) : 6a,5,0,18,34,12,0,0,0,0,0,2d,1,6f,12,0,0,0,0,35,4e,da,49,0,0,0,0,0   TimeStamp  :  24746       Distance  :  245

(PORT 1) : 6a,5,0,18,34,12,0,0,0,0,0,2c,1,70,12,0,0,0,0,82,51,7e,72,0,0,0,0,0   TimeStamp  :  25034       Distance  :  244

(PORT 1) : 6a,5,0,18,34,12,0,0,0,0,0,2c,1,71,12,0,0,0,0,94,ee,20,4c,0,0,0,0,0   TimeStamp  :  25323       Distance  :  244

(PORT 1) : 6a,5,0,18,34,12,0,0,0,0,0,2f,1,72,12,0,0,0,0,96,d0,5a,6d,0,0,0,0,0   TimeStamp  :  25610       Distance  :  247

(PORT 1) : 6a,5,0,18,34,12,0,0,0,0,0,2d,1,73,12,0,0,0,0,59,66,c,5c,0,0,0,0,0   TimeStamp  :  25898       Distance  :  245

(PORT 1) : 6a,5,0,18,34,12,0,0,0,0,0,2c,1,74,12,0,0,0,0,df,d8,26,5c,0,0,0,0,0   TimeStamp  :  26186       Distance  :  244

(PORT 1) : 6a,5,0,18,34,12,0,0,0,0,0,2d,1,75,12,0,0,0,0,dc,37,a5,8b,0,0,0,0,0   TimeStamp  :  26474       Distance  :  245

(PORT 1) : 6a,5,0,18,34,12,0,0,0,0,0,2d,1,76,12,0,0,0,0,c3,a0,f7,4a,0,0,0,0,0   TimeStamp  :  26763       Distance  :  245

(PORT 1) : 6a,5,0,18,34,12,0,0,0,0,0,2c,1,77,12,0,0,0,0,33,a8,83,17,0,0,0,0,0   TimeStamp  :  27049       Distance  :  244

(PORT 1) : 6a,5,0,18,34,12,0,0,0,0,0,2c,1,78,12,0,0,0,0,31,c0,f4,f4,0,0,0,0,0   TimeStamp  :  27337       Distance  :  244

(PORT 1) : 6a,5,0,18,34,12,0,0,0,0,0,2d,1,79,12,0,0,0,0,b3,15,8e,d,0,0,0,0,0   TimeStamp  :  27630       Distance  :  245

(PORT 1) : 6a,5,0,18,34,12,0,0,0,0,0,2e,1,7a,12,0,0,0,0,8,d0,80,b8,0,0,0,0,0   TimeStamp  :  27918       Distance  :  246

(PORT 1) : 6a,5,0,18,34,12,0,0,0,0,0,20,1,7b,12,0,0,0,0,1f,66,2c,1e,0,0,0,0,0   TimeStamp  :  28206       Distance  :  232

(PORT 1) : 6a,5,0,18,34,12,0,0,0,0,0,2e,1,7c,12,0,0,0,0,c5,70,2c,10,0,0,0,0,0   TimeStamp  :  28494       Distance  :  246

(PORT 1) : 6a,5,0,18,34,12,0,0,0,0,0,3d,1,7d,12,0,0,0,0,64,b9,36,c7,0,0,0,0,0   TimeStamp  :  28782       Distance  :  261

(PORT 1) : 6a,5,0,18,34,12,0,0,0,0,0,2d,1,7e,12,0,0,0,0,f,79,89,9d,0,0,0,0,0   TimeStamp  :  29070       Distance  :  245

(PORT 1) : 6a,5,0,18,34,12,0,0,0,0,0,2e,1,7f,12,0,0,0,0,9c,fe,e2,df,0,0,0,0,0   TimeStamp  :  29357       Distance  :  246

(PORT 1) : 6a,5,0,18,34,12,0,0,0,0,0,33,1,80,12,0,0,0,0,51,14,a8,b7,0,0,0,0,0   TimeStamp  :  29646       Distance  :  251

(PORT 1) : 6a,5,0,18,34,12,0,0,0,0,0,2d,1,81,12,0,0,0,0,e4,31,3f,45,0,0,0,0,0   TimeStamp  :  29934       Distance  :  245

(PORT 1) : 6a,5,0,18,34,12,0,0,0,0,0,2d,1,82,12,0,0,0,0,f2,60,12,a7,0,0,0,0,0   TimeStamp  :  30222       Distance  :  245

(PORT 1) : 6a,5,0,18,34,12,0,0,0,0,0,2d,1,83,12,0,0,0,0,8,1f,5,80,0,0,0,0,0   TimeStamp  :  30509       Distance  :  245

(PORT 1) : 6a,5,0,18,34,12,0,0,0,0,0,2b,1,84,12,0,0,0,0,d8,bf,40,55,0,0,0,0,0   TimeStamp  :  30798       Distance  :  243

(PORT 1) : 6a,5,0,18,34,12,0,0,0,0,0,2e,1,85,12,0,0,0,0,70,84,f1,9a,0,0,0,0,0   TimeStamp  :  31085       Distance  :  246

(PORT 1) : 6a,5,0,18,34,12,0,0,0,0,0,2d,1,86,12,0,0,0,0,49,b7,4f,9d,0,0,0,0,0   TimeStamp  :  31374       Distance  :  245

(PORT 1) : 6a,5,0,18,34,12,0,0,0,0,0,2d,1,87,12,0,0,0,0,62,f7,7c,1c,0,0,0,0,0   TimeStamp  :  31661       Distance  :  245

(PORT 1) : 6a,5,0,18,34,12,0,0,0,0,0,2d,1,88,12,0,0,0,0,58,4a,d3,2e,0,0,0,0,0   TimeStamp  :  31949       Distance  :  245

(PORT 1) : 6a,5,0,18,34,12,0,0,0,0,0,2c,1,89,12,0,0,0,0,8c,1c,65,58,0,0,0,0,0   TimeStamp  :  32238       Distance  :  244

(PORT 1) : 6a,5,0,18,34,12,0,0,0,0,0,2d,1,8a,12,0,0,0,0,9b,c9,b,75,0,0,0,0,0   TimeStamp  :  32526       Distance  :  245

(PORT 1) : 6a,5,0,18,34,12,0,0,0,0,0,2d,1,8b,12,0,0,0,0,9d,3b,6d,40,0,0,0,0,0   TimeStamp  :  32814       Distance  :  245

(PORT 1) : 6a,5,0,18,34,12,0,0,0,0,0,2d,1,8c,12,0,0,0,0,1c,b5,6b,fe,0,0,0,0,0   TimeStamp  :  33102       Distance  :  245

(PORT 1) : 6a,5,0,18,34,12,0,0,0,0,0,2d,1,8d,12,0,0,0,0,eb,22,6a,e8,0,0,0,0,0   TimeStamp  :  33389       Distance  :  245

(PORT 1) : 6a,5,0,18,34,12,0,0,0,0,0,2b,1,8e,12,0,0,0,0,8b,5e,9d,a8,0,0,0,0,0   TimeStamp  :  33678       Distance  :  243

(PORT 1) : 6a,5,0,18,34,12,0,0,0,0,0,2d,1,8f,12,0,0,0,0,94,90,1f,fa,0,0,0,0,0   TimeStamp  :  33966       Distance  :  245

(PORT 1) : 6a,5,0,18,34,12,0,0,0,0,0,2c,1,90,12,0,0,0,0,79,34,6d,a0,0,0,0,0,0   TimeStamp  :  34254       Distance  :  244

(PORT 1) : 6a,5,0,18,34,12,0,0,0,0,0,2e,1,91,12,0,0,0,0,7b,59,df,f5,0,0,0,0,0   TimeStamp  :  34542       Distance  :  246

(PORT 1) : 6a,5,0,18,34,12,0,0,0,0,0,2d,1,92,12,0,0,0,0,d9,8,cb,b1,0,0,0,0,0   TimeStamp  :  34830       Distance  :  245

(PORT 1) : 6a,5,0,18,34,12,0,0,0,0,0,28,1,93,12,0,0,0,0,b,8a,ea,37,0,0,0,0,0   TimeStamp  :  35118       Distance  :  240

(PORT 1) : 6a,5,0,18,34,12,0,0,0,0,0,2e,1,94,12,0,0,0,0,33,db,2,ac,0,0,0,0,0   TimeStamp  :  35406       Distance  :  246

(PORT 1) : 6a,5,0,18,34,12,0,0,0,0,0,2e,1,95,12,0,0,0,0,2e,fc,d6,d2,0,0,0,0,0   TimeStamp  :  35694       Distance  :  246

(PORT 1) : 6a,5,0,18,34,12,0,0,0,0,0,2e,1,96,12,0,0,0,0,69,ff,68,c2,0,0,0,0,0   TimeStamp  :  35982       Distance  :  246

(PORT 1) : 6a,5,0,18,34,12,0,0,0,0,0,2e,1,97,12,0,0,0,0,43,5e,64,b9,0,0,0,0,0   TimeStamp  :  36270       Distance  :  246

(PORT 1) : 6a,5,0,18,34,12,0,0,0,0,0,2d,1,98,12,0,0,0,0,87,5c,5a,d1,0,0,0,0,0   TimeStamp  :  36558       Distance  :  245

(PORT 1) : 6a,5,0,18,34,12,0,0,0,0,0,2e,1,99,12,0,0,0,0,38,95,a8,72,0,0,0,0,0   TimeStamp  :  36846       Distance  :  246

(PORT 1) : 6a,5,0,18,34,12,0,0,0,0,0,2d,1,9a,12,0,0,0,0,a2,b0,fd,1f,0,0,0,0,0   TimeStamp  :  37134       Distance  :  245

(PORT 1) : 6a,5,0,18,34,12,0,0,0,0,0,2c,1,9b,12,0,0,0,0,50,42,c1,23,0,0,0,0,0   TimeStamp  :  37422       Distance  :  244

(PORT 1) : 6a,5,0,18,34,12,0,0,0,0,0,2c,1,9c,12,0,0,0,0,fe,3e,1b,39,0,0,0,0,0   TimeStamp  :  37710       Distance  :  244

(PORT 1) : 6a,5,0,18,34,12,0,0,0,0,0,2d,1,9d,12,0,0,0,0,19,8,ac,0,0,0,0,0,0   TimeStamp  :  37998       Distance  :  245

(PORT 1) : 6a,5,0,18,34,12,0,0,0,0,0,2c,1,9e,12,0,0,0,0,78,d1,a4,76,0,0,0,0,0   TimeStamp  :  38286       Distance  :  244

(PORT 1) : 6a,5,0,18,34,12,0,0,0,0,0,2e,1,9f,12,0,0,0,0,0,41,40,f2,0,0,0,0,0   TimeStamp  :  38574       Distance  :  246

(PORT 1) : 6a,5,0,18,34,12,0,0,0,0,0,2b,1,a0,12,0,0,0,0,63,95,43,63,0,0,0,0,0   TimeStamp  :  38862       Distance  :  243

(PORT 1) : 6a,5,0,18,34,12,0,0,0,0,0,32,1,a1,12,0,0,0,0,1d,5,11,6,0,0,0,0,0   TimeStamp  :  39149       Distance  :  250

(PORT 1) : 6a,5,0,18,34,12,0,0,0,0,0,2d,1,a2,12,0,0,0,0,50,7d,fe,cf,0,0,0,0,0   TimeStamp  :  39437       Distance  :  245

(PORT 1) : 6a,5,0,18,34,12,0,0,0,0,0,2d,1,a3,12,0,0,0,0,67,ae,8,a9,0,0,0,0,0   TimeStamp  :  39726       Distance  :  245

(PORT 1) : 6a,5,0,18,34,12,0,0,0,0,0,2e,1,a4,12,0,0,0,0,49,ed,1f,4,0,0,0,0,0   TimeStamp  :  40014       Distance  :  246

(PORT 1) : 6a,5,0,18,34,12,0,0,0,0,0,2e,1,a5,12,0,0,0,0,91,50,dc,2f,0,0,0,0,0   TimeStamp  :  40302       Distance  :  246

(PORT 1) : 6a,5,0,18,34,12,0,0,0,0,0,2e,1,a6,12,0,0,0,0,28,ff,59,2f,0,0,0,0,0   TimeStamp  :  40590       Distance  :  246

(PORT 1) : 6a,5,0,18,34,12,0,0,0,0,0,2b,1,a7,12,0,0,0,0,f4,0,69,1e,0,0,0,0,0   TimeStamp  :  40878       Distance  :  243

(PORT 1) : 6a,5,0,18,34,12,0,0,0,0,0,2d,1,a8,12,0,0,0,0,75,cb,a8,35,0,0,0,0,0   TimeStamp  :  41165       Distance  :  245

(PORT 1) : 6a,5,0,18,34,12,0,0,0,0,0,2e,1,a9,12,0,0,0,0,ad,ee,18,fb,0,0,0,0,0   TimeStamp  :  41453       Distance  :  246

(PORT 1) : 6a,5,0,18,34,12,0,0,0,0,0,2b,1,aa,12,0,0,0,0,db,33,52,d1,0,0,0,0,0   TimeStamp  :  41742       Distance  :  243

(PORT 1) : 6a,5,0,18,34,12,0,0,0,0,0,2e,1,ab,12,0,0,0,0,d8,15,89,1e,0,0,0,0,0   TimeStamp  :  42029       Distance  :  246

(PORT 1) : 6a,5,0,18,34,12,0,0,0,0,0,2c,1,ac,12,0,0,0,0,e4,a3,cf,7c,0,0,0,0,0   TimeStamp  :  42318       Distance  :  244

(PORT 1) : 6a,5,0,18,34,12,0,0,0,0,0,2c,1,ad,12,0,0,0,0,de,23,92,30,0,0,0,0,0   TimeStamp  :  42604       Distance  :  244

(PORT 1) : 6a,5,0,18,34,12,0,0,0,0,0,2f,1,ae,12,0,0,0,0,b4,ea,b4,ce,0,0,0,0,0   TimeStamp  :  42893       Distance  :  247

(PORT 1) : 6a,5,0,18,34,12,0,0,0,0,0,2e,1,af,12,0,0,0,0,74,a3,69,5a,0,0,0,0,0   TimeStamp  :  43180       Distance  :  246

(PORT 1) : 6a,5,0,18,34,12,0,0,0,0,0,2b,1,b0,12,0,0,0,0,5,2a,57,a,0,0,0,0,0   TimeStamp  :  43469       Distance  :  243

(PORT 1) : 6a,5,0,18,34,12,0,0,0,0,0,2e,1,b1,12,0,0,0,0,c4,d,73,d6,0,0,0,0,0   TimeStamp  :  43757       Distance  :  246

(PORT 1) : 6a,5,0,18,34,12,0,0,0,0,0,2b,1,b2,12,0,0,0,0,b9,cc,70,f2,0,0,0,0,0   TimeStamp  :  44046       Distance  :  243

(PORT 1) : 6a,5,0,18,34,12,0,0,0,0,0,2e,1,b3,12,0,0,0,0,7c,1a,24,6b,0,0,0,0,0   TimeStamp  :  44333       Distance  :  246

(PORT 1) : 6a,5,0,18,34,12,0,0,0,0,0,2d,1,b4,12,0,0,0,0,71,7e,2f,df,0,0,0,0,0   TimeStamp  :  44622       Distance  :  245

(PORT 1) : 6a,5,0,18,34,12,0,0,0,0,0,2e,1,b5,12,0,0,0,0,79,44,a5,2b,0,0,0,0,0   TimeStamp  :  44909       Distance  :  246

(PORT 1) : 6a,5,0,18,34,12,0,0,0,0,0,2d,1,b6,12,0,0,0,0,2e,81,2b,8b,0,0,0,0,0   TimeStamp  :  45197       Distance  :  245

(PORT 1) : 6a,5,0,18,34,12,0,0,0,0,0,2c,1,b7,12,0,0,0,0,b,bd,e4,6f,0,0,0,0,0   TimeStamp  :  45486       Distance  :  244

(PORT 1) : 6a,5,0,18,34,12,0,0,0,0,0,2c,1,b8,12,0,0,0,0,e7,5b,38,dd,0,0,0,0,0   TimeStamp  :  45773       Distance  :  244

(PORT 1) : 6a,5,0,18,34,12,0,0,0,0,0,2d,1,b9,12,0,0,0,0,c9,61,1d,ad,0,0,0,0,0   TimeStamp  :  46062       Distance  :  245

(PORT 1) : 6a,5,0,18,34,12,0,0,0,0,0,2e,1,ba,12,0,0,0,0,5e,90,ba,4d,0,0,0,0,0   TimeStamp  :  46349       Distance  :  246

(PORT 1) : 6a,5,0,18,34,12,0,0,0,0,0,2c,1,bb,12,0,0,0,0,9f,c6,ee,11,0,0,0,0,0   TimeStamp  :  46638       Distance  :  244

(PORT 1) : 6a,5,0,18,34,12,0,0,0,0,0,2c,1,bc,12,0,0,0,0,b4,f4,60,a9,0,0,0,0,0   TimeStamp  :  46925       Distance  :  244

(PORT 1) : 6a,5,0,18,34,12,0,0,0,0,0,2e,1,bd,12,0,0,0,0,a5,ec,8d,4,0,0,0,0,0   TimeStamp  :  47214       Distance  :  246

(PORT 1) : 6a,5,0,18,34,12,0,0,0,0,0,2a,1,be,12,0,0,0,0,e0,83,72,c8,0,0,0,0,0   TimeStamp  :  47501       Distance  :  242

(PORT 1) : 6a,5,0,18,34,12,0,0,0,0,0,2d,1,bf,12,0,0,0,0,3e,f2,0,2c,0,0,0,0,0   TimeStamp  :  47789       Distance  :  245

(PORT 1) : 6a,5,0,18,34,12,0,0,0,0,0,2d,1,c0,12,0,0,0,0,19,61,db,ad,0,0,0,0,0   TimeStamp  :  48076       Distance  :  245

(PORT 1) : 6a,5,0,18,34,12,0,0,0,0,0,2c,1,c1,12,0,0,0,0,2,e1,89,68,0,0,0,0,0   TimeStamp  :  48365       Distance  :  244

(PORT 1) : 6a,5,0,18,34,12,0,0,0,0,0,2d,1,c2,12,0,0,0,0,b,f3,50,1b,0,0,0,0,0   TimeStamp  :  48653       Distance  :  245

(PORT 1) : 6a,5,0,18,34,12,0,0,0,0,0,2d,1,c3,12,0,0,0,0,d,22,46,ab,0,0,0,0,0   TimeStamp  :  48941       Distance  :  245

(PORT 1) : 6a,5,0,18,34,12,0,0,0,0,0,2c,1,c4,12,0,0,0,0,de,a4,71,56,0,0,0,0,0   TimeStamp  :  49229       Distance  :  244

(PORT 1) : 6a,5,0,18,34,12,0,0,0,0,0,2e,1,c5,12,0,0,0,0,f7,55,97,6b,0,0,0,0,0   TimeStamp  :  49518       Distance  :  246

(PORT 1) : 6a,5,0,18,34,12,0,0,0,0,0,2c,1,c6,12,0,0,0,0,cf,c,5d,e6,0,0,0,0,0   TimeStamp  :  49805       Distance  :  244

(PORT 1) : 6a,5,0,18,34,12,0,0,0,0,0,2c,1,c7,12,0,0,0,0,53,fd,b6,36,0,0,0,0,0   TimeStamp  :  50093       Distance  :  244

(PORT 1) : 6a,5,0,18,34,12,0,0,0,0,0,2c,1,c8,12,0,0,0,0,a4,be,9c,77,0,0,0,0,0   TimeStamp  :  50382       Distance  :  244

(PORT 1) : 6a,5,0,18,34,12,0,0,0,0,0,2d,1,c9,12,0,0,0,0,68,9a,eb,1a,0,0,0,0,0   TimeStamp  :  50668       Distance  :  245

(PORT 1) : 6a,5,0,18,34,12,0,0,0,0,0,2e,1,ca,12,0,0,0,0,eb,ca,a8,fd,0,0,0,0,0   TimeStamp  :  50956       Distance  :  246

(PORT 1) : 6a,5,0,18,34,12,0,0,0,0,0,2d,1,cb,12,0,0,0,0,a2,af,28,e,0,0,0,0,0   TimeStamp  :  51244       Distance  :  245

(PORT 1) : 6a,5,0,18,34,12,0,0,0,0,0,2c,1,cc,12,0,0,0,0,ea,bb,96,c,0,0,0,0,0   TimeStamp  :  51532       Distance  :  244

(PORT 1) : 6a,5,0,18,34,12,0,0,0,0,0,2d,1,cd,12,0,0,0,0,4b,b2,c0,51,0,0,0,0,0   TimeStamp  :  51820       Distance  :  245

(PORT 1) : 6a,5,0,18,34,12,0,0,0,0,0,2d,1,ce,12,0,0,0,0,41,6,f,ef,0,0,0,0,0   TimeStamp  :  52108       Distance  :  245

(PORT 1) : 6a,5,0,18,34,12,0,0,0,0,0,2d,1,cf,12,0,0,0,0,e6,df,cb,4e,0,0,0,0,0   TimeStamp  :  52397       Distance  :  245

(PORT 1) : 6a,5,0,18,34,12,0,0,0,0,0,2d,1,d0,12,0,0,0,0,af,f,38,81,0,0,0,0,0   TimeStamp  :  52685       Distance  :  245

(PORT 1) : 6a,5,0,18,34,12,0,0,0,0,0,2d,1,d1,12,0,0,0,0,93,ac,ec,8c,0,0,0,0,0   TimeStamp  :  52973       Distance  :  245

(PORT 1) : 6a,5,0,18,34,12,0,0,0,0,0,2d,1,d2,12,0,0,0,0,b8,a9,83,16,0,0,0,0,0   TimeStamp  :  53260       Distance  :  245

(PORT 1) : 6a,5,0,18,34,12,0,0,0,0,0,2e,1,d3,12,0,0,0,0,d9,ac,f2,1,0,0,0,0,0   TimeStamp  :  53549       Distance  :  246

(PORT 1) : 6a,5,0,18,34,12,0,0,0,0,0,2d,1,d4,12,0,0,0,0,7a,59,a9,e4,0,0,0,0,0   TimeStamp  :  53836       Distance  :  245

(PORT 1) : 6a,5,0,18,34,12,0,0,0,0,0,2b,1,d5,12,0,0,0,0,73,12,a0,ad,0,0,0,0,0   TimeStamp  :  54125       Distance  :  243

(PORT 1) : 6a,5,0,18,34,12,0,0,0,0,0,2d,1,d6,12,0,0,0,0,12,17,3c,ed,0,0,0,0,0   TimeStamp  :  54412       Distance  :  245

(PORT 1) : 6a,5,0,18,34,12,0,0,0,0,0,2d,1,d7,12,0,0,0,0,61,6,cb,43,0,0,0,0,0   TimeStamp  :  54701       Distance  :  245

(PORT 1) : 6a,5,0,18,34,12,0,0,0,0,0,2d,1,d8,12,0,0,0,0,e8,31,1d,cf,0,0,0,0,0   TimeStamp  :  54988       Distance  :  245

(PORT 1) : 6a,5,0,18,34,12,0,0,0,0,0,2d,1,d9,12,0,0,0,0,ba,86,52,5e,0,0,0,0,0   TimeStamp  :  55277       Distance  :  245

(PORT 1) : 6a,5,0,18,34,12,0,0,0,0,0,2b,1,da,12,0,0,0,0,1e,cf,d3,f6,0,0,0,0,0   TimeStamp  :  55565       Distance  :  243

(PORT 1) : 6a,5,0,18,34,12,0,0,0,0,0,2e,1,db,12,0,0,0,0,f0,eb,c2,79,0,0,0,0,0   TimeStamp  :  55853       Distance  :  246

(PORT 1) : 6a,5,0,18,34,12,0,0,0,0,0,2c,1,dc,12,0,0,0,0,9e,8c,8f,64,0,0,0,0,0   TimeStamp  :  56141       Distance  :  244

(PORT 1) : 6a,5,0,18,34,12,0,0,0,0,0,2e,1,dd,12,0,0,0,0,a8,2b,f7,95,0,0,0,0,0   TimeStamp  :  56429       Distance  :  246

(PORT 1) : 6a,5,0,18,34,12,0,0,0,0,0,2c,1,de,12,0,0,0,0,6e,e7,4e,12,0,0,0,0,0   TimeStamp  :  56717       Distance  :  244

(PORT 1) : 6a,5,0,18,34,12,0,0,0,0,0,2e,1,df,12,0,0,0,0,25,35,cf,d0,0,0,0,0,0   TimeStamp  :  57004       Distance  :  246

(PORT 1) : 6a,5,0,18,34,12,0,0,0,0,0,2c,1,e0,12,0,0,0,0,f7,ce,7b,d3,0,0,0,0,0   TimeStamp  :  57293       Distance  :  244

(PORT 1) : 6a,5,0,18,34,12,0,0,0,0,0,2c,1,e1,12,0,0,0,0,85,ab,d6,f9,0,0,0,0,0   TimeStamp  :  57581       Distance  :  244

(PORT 1) : 6a,5,0,18,34,12,0,0,0,0,0,2d,1,e2,12,0,0,0,0,64,54,10,8c,0,0,0,0,0   TimeStamp  :  57868       Distance  :  245

(PORT 1) : 6a,5,0,18,34,12,0,0,0,0,0,2e,1,e3,12,0,0,0,0,15,fa,2d,20,0,0,0,0,0   TimeStamp  :  58157       Distance  :  246

(PORT 1) : 6a,5,0,18,34,12,0,0,0,0,0,2d,1,e4,12,0,0,0,0,f1,46,6d,a3,0,0,0,0,0   TimeStamp  :  58444       Distance  :  245

(PORT 1) : 6a,5,0,18,34,12,0,0,0,0,0,2d,1,e5,12,0,0,0,0,f7,9e,3a,c2,0,0,0,0,0   TimeStamp  :  58733       Distance  :  245

(PORT 1) : 6a,5,0,18,34,12,0,0,0,0,0,2f,1,e6,12,0,0,0,0,54,5d,d,18,0,0,0,0,0   TimeStamp  :  59020       Distance  :  247

(PORT 1) : 6a,5,0,18,34,12,0,0,0,0,0,2d,1,e7,12,0,0,0,0,8,7b,d8,ec,0,0,0,0,0   TimeStamp  :  59309       Distance  :  245

(PORT 1) : 6a,5,0,18,34,12,0,0,0,0,0,2d,1,e8,12,0,0,0,0,de,5b,3e,3,0,0,0,0,0   TimeStamp  :  59596       Distance  :  245

(PORT 1) : 6a,5,0,18,34,12,0,0,0,0,0,2c,1,e9,12,0,0,0,0,9c,72,25,d0,0,0,0,0,0   TimeStamp  :  59885       Distance  :  244

(PORT 1) : 6a,5,0,18,34,12,0,0,0,0,0,2a,1,ea,12,0,0,0,0,60,ef,1e,42,0,0,0,0,0   TimeStamp  :  60173       Distance  :  242

(PORT 1) : 6a,5,0,18,34,12,0,0,0,0,0,2e,1,eb,12,0,0,0,0,ce,48,56,91,0,0,0,0,0   TimeStamp  :  60461       Distance  :  246

(PORT 1) : 6a,5,0,18,34,12,0,0,0,0,0,2c,1,ec,12,0,0,0,0,41,c,13,62,0,0,0,0,0   TimeStamp  :  60747       Distance  :  244

(PORT 1) : 6a,5,0,18,34,12,0,0,0,0,0,2c,1,ed,12,0,0,0,0,96,6c,51,22,0,0,0,0,0   TimeStamp  :  61038       Distance  :  244

(PORT 1) : 6a,5,0,18,34,12,0,0,0,0,0,2a,1,ee,12,0,0,0,0,ae,69,e9,c6,0,0,0,0,0   TimeStamp  :  61324       Distance  :  242

(PORT 1) : 6a,5,0,18,34,12,0,0,0,0,0,2c,1,ef,12,0,0,0,0,38,d7,e0,d1,0,0,0,0,0   TimeStamp  :  61612       Distance  :  244

(PORT 1) : 6a,5,0,18,34,12,0,0,0,0,0,2d,1,f0,12,0,0,0,0,48,59,d5,cf,0,0,0,0,0   TimeStamp  :  61902       Distance  :  245

(PORT 1) : 6a,5,0,18,34,12,0,0,0,0,0,2d,1,f1,12,0,0,0,0,67,94,4f,e5,0,0,0,0,0   TimeStamp  :  62187       Distance  :  245

(PORT 1) : 6a,5,0,18,34,12,0,0,0,0,0,2d,1,f2,12,0,0,0,0,36,bf,b3,1c,0,0,0,0,0   TimeStamp  :  62476       Distance  :  245

(PORT 1) : 6a,5,0,18,34,12,0,0,0,0,0,2c,1,f3,12,0,0,0,0,4a,7d,91,40,0,0,0,0,0   TimeStamp  :  62764       Distance  :  244
