
(PORT 1) : 6a,5,0,18,34,12,0,0,0,0,0,5b,1,16,15,0,0,0,0,5f,4e,4c,b0,0,0,0,0,0   TimeStamp  :  112019       Distance  :  291

(PORT 1) : 6a,5,0,18,34,12,0,0,0,0,0,5b,1,17,15,0,0,0,0,81,63,b6,3b,0,0,0,0,0   TimeStamp  :  112307       Distance  :  291

(PORT 1) : 6a,5,0,18,34,12,0,0,0,0,0,5c,1,18,15,0,0,0,0,b,2b,ea,68,0,0,0,0,0   TimeStamp  :  112595       Distance  :  292

(PORT 1) : 6a,5,0,18,34,12,0,0,0,0,0,5c,1,19,15,0,0,0,0,f5,3,40,e,0,0,0,0,0   TimeStamp  :  112884       Distance  :  292

(PORT 1) : 6a,5,0,18,34,12,0,0,0,0,0,5b,1,1a,15,0,0,0,0,78,e,76,8e,0,0,0,0,0   TimeStamp  :  269       Distance  :  291

(PORT 1) : 6a,5,0,18,34,12,0,0,0,0,0,5d,1,1b,15,0,0,0,0,14,1a,42,a1,0,0,0,0,0   TimeStamp  :  558       Distance  :  293

(PORT 1) : 6a,5,0,18,34,12,0,0,0,0,0,5a,1,1c,15,0,0,0,0,a8,c4,ac,61,0,0,0,0,0   TimeStamp  :  845       Distance  :  290

(PORT 1) : 6a,5,0,18,34,12,0,0,0,0,0,5b,1,1d,15,0,0,0,0,49,fb,aa,1d,0,0,0,0,0   TimeStamp  :  1133       Distance  :  291

(PORT 1) : 6a,5,0,18,34,12,0,0,0,0,0,5b,1,1e,15,0,0,0,0,7d,18,7f,79,0,0,0,0,0   TimeStamp  :  1421       Distance  :  291

(PORT 1) : 6a,5,0,18,34,12,0,0,0,0,0,5c,1,1f,15,0,0,0,0,32,68,6a,e4,0,0,0,0,0   TimeStamp  :  1712       Distance  :  292

(PORT 1) : 6a,5,0,18,34,12,0,0,0,0,0,5a,1,20,15,0,0,0,0,a1,28,34,70,0,0,0,0,0   TimeStamp  :  1997       Distance  :  290

(PORT 1) : 6a,5,0,18,34,12,0,0,0,0,0,5c,1,21,15,0,0,0,0,bb,b6,2b,42,0,0,0,0,0   TimeStamp  :  2286       Distance  :  292

(PORT 1) : 6a,5,0,18,34,12,0,0,0,0,0,5b,1,22,15,0,0,0,0,32,42,1e,1b,0,0,0,0,0   TimeStamp  :  2574       Distance  :  291

(PORT 1) : 6a,5,0,18,34,12,0,0,0,0,0,5b,1,23,15,0,0,0,0,82,7e,f4,c4,0,0,0,0,0   TimeStamp  :  2862       Distance  :  291

(PORT 1) : 6a,5,0,18,34,12,0,0,0,0,0,5c,1,24,15,0,0,0,0,dd,52,60,f6,0,0,0,0,0   TimeStamp  :  3150       Distance  :  292

(PORT 1) : 6a,5,0,18,34,12,0,0,0,0,0,5c,1,25,15,0,0,0,0,b4,8d,20,7f,0,0,0,0,0   TimeStamp  :  3437       Distance  :  292

(PORT 1) : 6a,5,0,18,34,12,0,0,0,0,0,5b,1,26,15,0,0,0,0,a8,40,9f,ff,0,0,0,0,0   TimeStamp  :  3726       Distance  :  291

(PORT 1) : 6a,5,0,18,34,12,0,0,0,0,0,5c,1,27,15,0,0,0,0,7f,5d,c8,a2,0,0,0,0,0   TimeStamp  :  4013       Distance  :  292

(PORT 1) : 6a,5,0,18,34,12,0,0,0,0,0,59,1,28,15,0,0,0,0,b2,35,d1,c8,0,0,0,0,0   TimeStamp  :  4302       Distance  :  289

(PORT 1) : 6a,5,0,18,34,12,0,0,0,0,0,5b,1,29,15,0,0,0,0,5d,41,1f,fa,0,0,0,0,0   TimeStamp  :  4590       Distance  :  291

(PORT 1) : 6a,5,0,18,34,12,0,0,0,0,0,5b,1,2a,15,0,0,0,0,1,eb,30,cd,0,0,0,0,0   TimeStamp  :  4876       Distance  :  291

(PORT 1) : 6a,5,0,18,34,12,0,0,0,0,0,68,1,2b,15,0,0,0,0,f8,a9,b2,dd,0,0,0,0,0   TimeStamp  :  5164       Distance  :  304

(PORT 1) : 6a,5,0,18,34,12,0,0,0,0,0,5d,1,2c,15,0,0,0,0,da,89,a6,8b,0,0,0,0,0   TimeStamp  :  5453       Distance  :  293

(PORT 1) : 6a,5,0,18,34,12,0,0,0,0,0,5b,1,2d,15,0,0,0,0,a7,5c,fb,93,0,0,0,0,0   TimeStamp  :  5741       Distance  :  291

(PORT 1) : 6a,5,0,18,34,12,0,0,0,0,0,5b,1,2e,15,0,0,0,0,fc,cd,a9,e1,0,0,0,0,0   TimeStamp  :  6028       Distance  :  291

(PORT 1) : 6a,5,0,18,34,12,0,0,0,0,0,5c,1,2f,15,0,0,0,0,6,c2,27,1d,0,0,0,0,0   TimeStamp  :  6317       Distance  :  292

(PORT 1) : 6a,5,0,18,34,12,0,0,0,0,0,5c,1,30,15,0,0,0,0,58,71,1a,28,0,0,0,0,0   TimeStamp  :  6604       Distance  :  292

(PORT 1) : 6a,5,0,18,34,12,0,0,0,0,0,5d,1,31,15,0,0,0,0,ec,64,3,ee,0,0,0,0,0   TimeStamp  :  6896       Distance  :  293

(PORT 1) : 6a,5,0,18,34,12,0,0,0,0,0,55,1,32,15,0,0,0,0,55,1e,4f,bd,0,0,0,0,0   TimeStamp  :  7180       Distance  :  285

(PORT 1) : 6a,5,0,18,34,12,0,0,0,0,0,5c,1,33,15,0,0,0,0,5e,1f,25,7b,0,0,0,0,0   TimeStamp  :  7469       Distance  :  292

(PORT 1) : 6a,5,0,18,34,12,0,0,0,0,0,5b,1,34,15,0,0,0,0,e4,4e,5b,b3,0,0,0,0,0   TimeStamp  :  7758       Distance  :  291

(PORT 1) : 6a,5,0,18,34,12,0,0,0,0,0,5c,1,35,15,0,0,0,0,5,7e,71,ac,0,0,0,0,0   TimeStamp  :  8045       Distance  :  292

(PORT 1) : 6a,5,0,18,34,12,0,0,0,0,0,5c,1,36,15,0,0,0,0,fa,7,2e,3c,0,0,0,0,0   TimeStamp  :  8332       Distance  :  292

(PORT 1) : 6a,5,0,18,34,12,0,0,0,0,0,5b,1,37,15,0,0,0,0,d7,a2,80,9,0,0,0,0,0   TimeStamp  :  8620       Distance  :  291

(PORT 1) : 6a,5,0,18,34,12,0,0,0,0,0,5b,1,38,15,0,0,0,0,3b,f5,12,73,0,0,0,0,0   TimeStamp  :  8913       Distance  :  291

(PORT 1) : 6a,5,0,18,34,12,0,0,0,0,0,5b,1,39,15,0,0,0,0,81,45,28,f5,0,0,0,0,0   TimeStamp  :  9196       Distance  :  291

(PORT 1) : 6a,5,0,18,34,12,0,0,0,0,0,5c,1,3a,15,0,0,0,0,a0,33,2a,f8,0,0,0,0,0   TimeStamp  :  9485       Distance  :  292

(PORT 1) : 6a,5,0,18,34,12,0,0,0,0,0,5a,1,3b,15,0,0,0,0,73,c0,ca,b1,0,0,0,0,0   TimeStamp  :  9772       Distance  :  290

(PORT 1) : 6a,5,0,18,34,12,0,0,0,0,0,5c,1,3c,15,0,0,0,0,1f,25,4e,f6,0,0,0,0,0   TimeStamp  :  10062       Distance  :  292

(PORT 1) : 6a,5,0,18,34,12,0,0,0,0,0,5b,1,3d,15,0,0,0,0,f6,d,88,c8,0,0,0,0,0   TimeStamp  :  10350       Distance  :  291

(PORT 1) : 6a,5,0,18,34,12,0,0,0,0,0,5a,1,3e,15,0,0,0,0,b8,a2,f8,ac,0,0,0,0,0   TimeStamp  :  10636       Distance  :  290

(PORT 1) : 6a,5,0,18,34,12,0,0,0,0,0,5b,1,3f,15,0,0,0,0,6b,1,48,27,0,0,0,0,0   TimeStamp  :  10925       Distance  :  291

(PORT 1) : 6a,5,0,18,34,12,0,0,0,0,0,5b,1,40,15,0,0,0,0,af,62,99,23,0,0,0,0,0   TimeStamp  :  11213       Distance  :  291

(PORT 1) : 6a,5,0,18,34,12,0,0,0,0,0,5a,1,41,15,0,0,0,0,22,f,2f,80,0,0,0,0,0   TimeStamp  :  11500       Distance  :  290

(PORT 1) : 6a,5,0,18,34,12,0,0,0,0,0,5c,1,42,15,0,0,0,0,7,4c,6d,7f,0,0,0,0,0   TimeStamp  :  11789       Distance  :  292

(PORT 1) : 6a,5,0,18,34,12,0,0,0,0,0,59,1,43,15,0,0,0,0,ca,9d,f0,c5,0,0,0,0,0   TimeStamp  :  12078       Distance  :  289

(PORT 1) : 6a,5,0,18,34,12,0,0,0,0,0,5b,1,44,15,0,0,0,0,fb,8d,20,af,0,0,0,0,0   TimeStamp  :  12365       Distance  :  291

(PORT 1) : 6a,5,0,18,34,12,0,0,0,0,0,5a,1,45,15,0,0,0,0,3c,9d,79,2c,0,0,0,0,0   TimeStamp  :  12653       Distance  :  290

(PORT 1) : 6a,5,0,18,34,12,0,0,0,0,0,5b,1,46,15,0,0,0,0,ed,41,ac,f1,0,0,0,0,0   TimeStamp  :  12941       Distance  :  291

(PORT 1) : 6a,5,0,18,34,12,0,0,0,0,0,5c,1,47,15,0,0,0,0,ed,8a,13,c8,0,0,0,0,0   TimeStamp  :  13229       Distance  :  292

(PORT 1) : 6a,5,0,18,34,12,0,0,0,0,0,5a,1,48,15,0,0,0,0,f1,4f,43,92,0,0,0,0,0   TimeStamp  :  13517       Distance  :  290

(PORT 1) : 6a,5,0,18,34,12,0,0,0,0,0,59,1,49,15,0,0,0,0,f6,8d,80,79,0,0,0,0,0   TimeStamp  :  13804       Distance  :  289

(PORT 1) : 6a,5,0,18,34,12,0,0,0,0,0,5a,1,4a,15,0,0,0,0,4d,a5,54,28,0,0,0,0,0   TimeStamp  :  14095       Distance  :  290

(PORT 1) : 6a,5,0,18,34,12,0,0,0,0,0,5c,1,4b,15,0,0,0,0,15,b3,37,59,0,0,0,0,0   TimeStamp  :  14380       Distance  :  292

(PORT 1) : 6a,5,0,18,34,12,0,0,0,0,0,5d,1,4c,15,0,0,0,0,eb,67,f4,4c,0,0,0,0,0   TimeStamp  :  14668       Distance  :  293

(PORT 1) : 6a,5,0,18,34,12,0,0,0,0,0,5a,1,4d,15,0,0,0,0,8e,93,b,cc,0,0,0,0,0   TimeStamp  :  14956       Distance  :  290

(PORT 1) : 6a,5,0,18,34,12,0,0,0,0,0,5a,1,4e,15,0,0,0,0,f6,48,8,b,0,0,0,0,0   TimeStamp  :  15244       Distance  :  290

(PORT 1) : 6a,5,0,18,34,12,0,0,0,0,0,5a,1,4f,15,0,0,0,0,8c,29,ea,1c,0,0,0,0,0   TimeStamp  :  15533       Distance  :  290

(PORT 1) : 6a,5,0,18,34,12,0,0,0,0,0,5c,1,50,15,0,0,0,0,2b,be,ad,80,0,0,0,0,0   TimeStamp  :  15821       Distance  :  292

(PORT 1) : 6a,5,0,18,34,12,0,0,0,0,0,5b,1,51,15,0,0,0,0,a4,97,39,39,0,0,0,0,0   TimeStamp  :  16109       Distance  :  291

(PORT 1) : 6a,5,0,18,34,12,0,0,0,0,0,5b,1,52,15,0,0,0,0,58,6e,c4,4c,0,0,0,0,0   TimeStamp  :  16397       Distance  :  291

(PORT 1) : 6a,5,0,18,34,12,0,0,0,0,0,5b,1,53,15,0,0,0,0,fe,d2,d8,58,0,0,0,0,0   TimeStamp  :  16684       Distance  :  291

(PORT 1) : 6a,5,0,18,34,12,0,0,0,0,0,5a,1,54,15,0,0,0,0,cd,d4,61,f6,0,0,0,0,0   TimeStamp  :  16973       Distance  :  290

(PORT 1) : 6a,5,0,18,34,12,0,0,0,0,0,59,1,55,15,0,0,0,0,20,bb,15,ac,0,0,0,0,0   TimeStamp  :  17261       Distance  :  289

(PORT 1) : 6a,5,0,18,34,12,0,0,0,0,0,65,1,56,15,0,0,0,0,6e,9e,e,35,0,0,0,0,0   TimeStamp  :  17549       Distance  :  301

(PORT 1) : 6a,5,0,18,34,12,0,0,0,0,0,5a,1,57,15,0,0,0,0,c1,47,84,4d,0,0,0,0,0   TimeStamp  :  17837       Distance  :  290

(PORT 1) : 6a,5,0,18,34,12,0,0,0,0,0,5c,1,58,15,0,0,0,0,ef,a4,63,af,0,0,0,0,0   TimeStamp  :  18124       Distance  :  292

(PORT 1) : 6a,5,0,18,34,12,0,0,0,0,0,5b,1,59,15,0,0,0,0,bf,9f,a4,a4,0,0,0,0,0   TimeStamp  :  18413       Distance  :  291

(PORT 1) : 6a,5,0,18,34,12,0,0,0,0,0,5c,1,5a,15,0,0,0,0,b0,5a,5c,4d,0,0,0,0,0   TimeStamp  :  18701       Distance  :  292

(PORT 1) : 6a,5,0,18,34,12,0,0,0,0,0,5a,1,5b,15,0,0,0,0,26,25,d1,a0,0,0,0,0,0   TimeStamp  :  18989       Distance  :  290

(PORT 1) : 6a,5,0,18,34,12,0,0,0,0,0,5a,1,5c,15,0,0,0,0,1b,9e,f8,6e,0,0,0,0,0   TimeStamp  :  19278       Distance  :  290

(PORT 1) : 6a,5,0,18,34,12,0,0,0,0,0,5c,1,5d,15,0,0,0,0,71,a7,85,e6,0,0,0,0,0   TimeStamp  :  19565       Distance  :  292

(PORT 1) : 6a,5,0,18,34,12,0,0,0,0,0,5b,1,5e,15,0,0,0,0,f1,e9,20,a0,0,0,0,0,0   TimeStamp  :  19853       Distance  :  291

(PORT 1) : 6a,5,0,18,34,12,0,0,0,0,0,5a,1,5f,15,0,0,0,0,72,ff,fb,c5,0,0,0,0,0   TimeStamp  :  20141       Distance  :  290

(PORT 1) : 6a,5,0,18,34,12,0,0,0,0,0,5c,1,60,15,0,0,0,0,f0,b0,cb,f2,0,0,0,0,0   TimeStamp  :  20428       Distance  :  292

(PORT 1) : 6a,5,0,18,34,12,0,0,0,0,0,5a,1,61,15,0,0,0,0,e5,83,b7,a9,0,0,0,0,0   TimeStamp  :  20717       Distance  :  290

(PORT 1) : 6a,5,0,18,34,12,0,0,0,0,0,5c,1,62,15,0,0,0,0,cf,8e,72,cf,0,0,0,0,0   TimeStamp  :  21005       Distance  :  292

(PORT 1) : 6a,5,0,18,34,12,0,0,0,0,0,5b,1,63,15,0,0,0,0,0,10,8c,c8,0,0,0,0,0   TimeStamp  :  21293       Distance  :  291

(PORT 1) : 6a,5,0,18,34,12,0,0,0,0,0,5a,1,64,15,0,0,0,0,97,1a,1c,57,0,0,0,0,0   TimeStamp  :  21581       Distance  :  290

(PORT 1) : 6a,5,0,18,34,12,0,0,0,0,0,5b,1,65,15,0,0,0,0,f7,12,2d,a9,0,0,0,0,0   TimeStamp  :  21869       Distance  :  291

(PORT 1) : 6a,5,0,18,34,12,0,0,0,0,0,5c,1,66,15,0,0,0,0,27,0,2b,b7,0,0,0,0,0   TimeStamp  :  22157       Distance  :  292

(PORT 1) : 6a,5,0,18,34,12,0,0,0,0,0,5b,1,67,15,0,0,0,0,4d,3d,f6,55,0,0,0,0,0   TimeStamp  :  22444       Distance  :  291

(PORT 1) : 6a,5,0,18,34,12,0,0,0,0,0,5c,1,68,15,0,0,0,0,24,ed,c1,b1,0,0,0,0,0   TimeStamp  :  22732       Distance  :  292

(PORT 1) : 6a,5,0,18,34,12,0,0,0,0,0,5b,1,69,15,0,0,0,0,9a,97,41,3e,0,0,0,0,0   TimeStamp  :  23020       Distance  :  291

(PORT 1) : 6a,5,0,18,34,12,0,0,0,0,0,5b,1,6a,15,0,0,0,0,3e,d9,1,78,0,0,0,0,0   TimeStamp  :  23308       Distance  :  291

(PORT 1) : 6a,5,0,18,34,12,0,0,0,0,0,5a,1,6b,15,0,0,0,0,d1,f0,b8,9e,0,0,0,0,0   TimeStamp  :  23596       Distance  :  290

(PORT 1) : 6a,5,0,18,34,12,0,0,0,0,0,62,1,6c,15,0,0,0,0,15,36,14,35,0,0,0,0,0   TimeStamp  :  23884       Distance  :  298

(PORT 1) : 6a,5,0,18,34,12,0,0,0,0,0,5b,1,6d,15,0,0,0,0,1f,33,e7,2d,0,0,0,0,0   TimeStamp  :  24173       Distance  :  291

(PORT 1) : 6a,5,0,18,34,12,0,0,0,0,0,5c,1,6e,15,0,0,0,0,9d,61,c3,3e,0,0,0,0,0   TimeStamp  :  24460       Distance  :  292

(PORT 1) : 6a,5,0,18,34,12,0,0,0,0,0,5a,1,6f,15,0,0,0,0,a8,83,ec,7,0,0,0,0,0   TimeStamp  :  24748       Distance  :  290

(PORT 1) : 6a,5,0,18,34,12,0,0,0,0,0,5b,1,70,15,0,0,0,0,3e,91,f9,cc,0,0,0,0,0   TimeStamp  :  25036       Distance  :  291

(PORT 1) : 6a,5,0,18,34,12,0,0,0,0,0,5b,1,71,15,0,0,0,0,ac,5b,90,aa,0,0,0,0,0   TimeStamp  :  25325       Distance  :  291

(PORT 1) : 6a,5,0,18,34,12,0,0,0,0,0,5c,1,72,15,0,0,0,0,84,da,88,38,0,0,0,0,0   TimeStamp  :  25613       Distance  :  292

(PORT 1) : 6a,5,0,18,34,12,0,0,0,0,0,5b,1,73,15,0,0,0,0,bf,7f,35,a0,0,0,0,0,0   TimeStamp  :  25901       Distance  :  291

(PORT 1) : 6a,5,0,18,34,12,0,0,0,0,0,5b,1,74,15,0,0,0,0,f3,e2,25,cd,0,0,0,0,0   TimeStamp  :  26189       Distance  :  291

(PORT 1) : 6a,5,0,18,34,12,0,0,0,0,0,5c,1,75,15,0,0,0,0,6,17,19,76,0,0,0,0,0   TimeStamp  :  26477       Distance  :  292

(PORT 1) : 6a,5,0,18,34,12,0,0,0,0,0,5c,1,76,15,0,0,0,0,1a,38,a8,d6,0,0,0,0,0   TimeStamp  :  26764       Distance  :  292

(PORT 1) : 6a,5,0,18,34,12,0,0,0,0,0,5c,1,77,15,0,0,0,0,c1,d4,aa,c6,0,0,0,0,0   TimeStamp  :  27053       Distance  :  292

(PORT 1) : 6a,5,0,18,34,12,0,0,0,0,0,5a,1,78,15,0,0,0,0,57,47,27,dc,0,0,0,0,0   TimeStamp  :  27340       Distance  :  290

(PORT 1) : 6a,5,0,18,34,12,0,0,0,0,0,5a,1,79,15,0,0,0,0,a4,b5,4c,f8,0,0,0,0,0   TimeStamp  :  27629       Distance  :  290

(PORT 1) : 6a,5,0,18,34,12,0,0,0,0,0,58,1,7a,15,0,0,0,0,85,71,a0,de,0,0,0,0,0   TimeStamp  :  27916       Distance  :  288

(PORT 1) : 6a,5,0,18,34,12,0,0,0,0,0,5b,1,7b,15,0,0,0,0,eb,e7,30,7e,0,0,0,0,0   TimeStamp  :  28205       Distance  :  291

(PORT 1) : 6a,5,0,18,34,12,0,0,0,0,0,5a,1,7c,15,0,0,0,0,d4,71,9b,45,0,0,0,0,0   TimeStamp  :  28493       Distance  :  290

(PORT 1) : 6a,5,0,18,34,12,0,0,0,0,0,5a,1,7d,15,0,0,0,0,ff,29,ad,b,0,0,0,0,0   TimeStamp  :  28781       Distance  :  290

(PORT 1) : 6a,5,0,18,34,12,0,0,0,0,0,5a,1,7e,15,0,0,0,0,51,fd,49,26,0,0,0,0,0   TimeStamp  :  29069       Distance  :  290

(PORT 1) : 6a,5,0,18,34,12,0,0,0,0,0,5b,1,7f,15,0,0,0,0,6e,48,7d,a4,0,0,0,0,0   TimeStamp  :  29357       Distance  :  291

(PORT 1) : 6a,5,0,18,34,12,0,0,0,0,0,5d,1,80,15,0,0,0,0,c9,5c,94,ce,0,0,0,0,0   TimeStamp  :  29644       Distance  :  293

(PORT 1) : 6a,5,0,18,34,12,0,0,0,0,0,5c,1,81,15,0,0,0,0,56,c,a7,8c,0,0,0,0,0   TimeStamp  :  29932       Distance  :  292

(PORT 1) : 6a,5,0,18,34,12,0,0,0,0,0,5a,1,82,15,0,0,0,0,8c,3b,2b,2d,0,0,0,0,0   TimeStamp  :  30220       Distance  :  290

(PORT 1) : 6a,5,0,18,34,12,0,0,0,0,0,59,1,83,15,0,0,0,0,bc,a9,d1,5f,0,0,0,0,0   TimeStamp  :  30508       Distance  :  289

(PORT 1) : 6a,5,0,18,34,12,0,0,0,0,0,5b,1,84,15,0,0,0,0,dd,e9,8e,e2,0,0,0,0,0   TimeStamp  :  30797       Distance  :  291

(PORT 1) : 6a,5,0,18,34,12,0,0,0,0,0,5c,1,85,15,0,0,0,0,4b,be,c3,98,0,0,0,0,0   TimeStamp  :  31084       Distance  :  292

(PORT 1) : 6a,5,0,18,34,12,0,0,0,0,0,5b,1,86,15,0,0,0,0,12,47,e7,30,0,0,0,0,0   TimeStamp  :  31372       Distance  :  291

(PORT 1) : 6a,5,0,18,34,12,0,0,0,0,0,5a,1,87,15,0,0,0,0,4b,47,7f,cd,0,0,0,0,0   TimeStamp  :  31660       Distance  :  290

(PORT 1) : 6a,5,0,18,34,12,0,0,0,0,0,5a,1,88,15,0,0,0,0,29,a1,65,1d,0,0,0,0,0   TimeStamp  :  31949       Distance  :  290

(PORT 1) : 6a,5,0,18,34,12,0,0,0,0,0,5b,1,89,15,0,0,0,0,80,e9,0,ac,0,0,0,0,0   TimeStamp  :  32235       Distance  :  291

(PORT 1) : 6a,5,0,18,34,12,0,0,0,0,0,5a,1,8a,15,0,0,0,0,97,8d,23,68,0,0,0,0,0   TimeStamp  :  32524       Distance  :  290

(PORT 1) : 6a,5,0,18,34,12,0,0,0,0,0,5a,1,8b,15,0,0,0,0,9e,9d,b9,c0,0,0,0,0,0   TimeStamp  :  32812       Distance  :  290

(PORT 1) : 6a,5,0,18,34,12,0,0,0,0,0,5a,1,8c,15,0,0,0,0,3c,d,4c,49,0,0,0,0,0   TimeStamp  :  33100       Distance  :  290

(PORT 1) : 6a,5,0,18,34,12,0,0,0,0,0,5c,1,8d,15,0,0,0,0,4a,1b,6,c0,0,0,0,0,0   TimeStamp  :  33388       Distance  :  292

(PORT 1) : 6a,5,0,18,34,12,0,0,0,0,0,5c,1,8e,15,0,0,0,0,6f,c8,f7,42,0,0,0,0,0   TimeStamp  :  33676       Distance  :  292

(PORT 1) : 6a,5,0,18,34,12,0,0,0,0,0,5b,1,8f,15,0,0,0,0,0,a7,95,15,0,0,0,0,0   TimeStamp  :  33964       Distance  :  291

(PORT 1) : 6a,5,0,18,34,12,0,0,0,0,0,5c,1,90,15,0,0,0,0,36,f3,ab,e0,0,0,0,0,0   TimeStamp  :  34251       Distance  :  292

(PORT 1) : 6a,5,0,18,34,12,0,0,0,0,0,5a,1,91,15,0,0,0,0,12,84,fd,f0,0,0,0,0,0   TimeStamp  :  34539       Distance  :  290

(PORT 1) : 6a,5,0,18,34,12,0,0,0,0,0,5b,1,92,15,0,0,0,0,4b,2,54,1e,0,0,0,0,0   TimeStamp  :  34828       Distance  :  291

(PORT 1) : 6a,5,0,18,34,12,0,0,0,0,0,5a,1,93,15,0,0,0,0,7,3b,2a,cc,0,0,0,0,0   TimeStamp  :  35115       Distance  :  290

(PORT 1) : 6a,5,0,18,34,12,0,0,0,0,0,5a,1,94,15,0,0,0,0,8,99,dc,ee,0,0,0,0,0   TimeStamp  :  35403       Distance  :  290

(PORT 1) : 6a,5,0,18,34,12,0,0,0,0,0,5c,1,95,15,0,0,0,0,63,41,15,ef,0,0,0,0,0   TimeStamp  :  35691       Distance  :  292

(PORT 1) : 6a,5,0,18,34,12,0,0,0,0,0,5b,1,96,15,0,0,0,0,29,d0,92,2b,0,0,0,0,0   TimeStamp  :  35980       Distance  :  291

(PORT 1) : 6a,5,0,18,34,12,0,0,0,0,0,5b,1,97,15,0,0,0,0,9d,3a,1c,de,0,0,0,0,0   TimeStamp  :  36268       Distance  :  291

(PORT 1) : 6a,5,0,18,34,12,0,0,0,0,0,5c,1,98,15,0,0,0,0,66,5,ab,5,0,0,0,0,0   TimeStamp  :  36556       Distance  :  292

(PORT 1) : 6a,5,0,18,34,12,0,0,0,0,0,5b,1,99,15,0,0,0,0,b1,f5,bf,7f,0,0,0,0,0   TimeStamp  :  36844       Distance  :  291

(PORT 1) : 6a,5,0,18,34,12,0,0,0,0,0,5b,1,9a,15,0,0,0,0,6d,e,59,31,0,0,0,0,0   TimeStamp  :  37133       Distance  :  291

(PORT 1) : 6a,5,0,18,34,12,0,0,0,0,0,5a,1,9b,15,0,0,0,0,ae,9b,29,9,0,0,0,0,0   TimeStamp  :  37420       Distance  :  290

(PORT 1) : 6a,5,0,18,34,12,0,0,0,0,0,5c,1,9c,15,0,0,0,0,ca,e6,62,ac,0,0,0,0,0   TimeStamp  :  37707       Distance  :  292

(PORT 1) : 6a,5,0,18,34,12,0,0,0,0,0,5b,1,9d,15,0,0,0,0,5e,81,bf,f2,0,0,0,0,0   TimeStamp  :  37996       Distance  :  291

(PORT 1) : 6a,5,0,18,34,12,0,0,0,0,0,5a,1,9e,15,0,0,0,0,1a,f0,f1,d7,0,0,0,0,0   TimeStamp  :  38284       Distance  :  290

(PORT 1) : 6a,5,0,18,34,12,0,0,0,0,0,5a,1,9f,15,0,0,0,0,6,4d,66,b8,0,0,0,0,0   TimeStamp  :  38571       Distance  :  290

(PORT 1) : 6a,5,0,18,34,12,0,0,0,0,0,5b,1,a0,15,0,0,0,0,d2,45,46,bc,0,0,0,0,0   TimeStamp  :  38859       Distance  :  291

(PORT 1) : 6a,5,0,18,34,12,0,0,0,0,0,5a,1,a1,15,0,0,0,0,85,4e,e1,d6,0,0,0,0,0   TimeStamp  :  39147       Distance  :  290

(PORT 1) : 6a,5,0,18,34,12,0,0,0,0,0,5a,1,a2,15,0,0,0,0,eb,2c,cf,f4,0,0,0,0,0   TimeStamp  :  39435       Distance  :  290

(PORT 1) : 6a,5,0,18,34,12,0,0,0,0,0,57,1,a3,15,0,0,0,0,99,d6,90,c7,0,0,0,0,0   TimeStamp  :  39723       Distance  :  287

(PORT 1) : 6a,5,0,18,34,12,0,0,0,0,0,59,1,a4,15,0,0,0,0,a,ae,38,81,0,0,0,0,0   TimeStamp  :  40011       Distance  :  289

(PORT 1) : 6a,5,0,18,34,12,0,0,0,0,0,5c,1,a5,15,0,0,0,0,93,75,59,1e,0,0,0,0,0   TimeStamp  :  40299       Distance  :  292

(PORT 1) : 6a,5,0,18,34,12,0,0,0,0,0,5b,1,a6,15,0,0,0,0,da,bc,96,eb,0,0,0,0,0   TimeStamp  :  40587       Distance  :  291

(PORT 1) : 6a,5,0,18,34,12,0,0,0,0,0,5c,1,a7,15,0,0,0,0,61,8f,d1,68,0,0,0,0,0   TimeStamp  :  40875       Distance  :  292

(PORT 1) : 6a,5,0,18,34,12,0,0,0,0,0,5a,1,a8,15,0,0,0,0,56,f9,1d,41,0,0,0,0,0   TimeStamp  :  41163       Distance  :  290

(PORT 1) : 6a,5,0,18,34,12,0,0,0,0,0,5c,1,a9,15,0,0,0,0,7b,46,1b,5d,0,0,0,0,0   TimeStamp  :  41450       Distance  :  292

(PORT 1) : 6a,5,0,18,34,12,0,0,0,0,0,5b,1,aa,15,0,0,0,0,97,f7,95,8,0,0,0,0,0   TimeStamp  :  41739       Distance  :  291

(PORT 1) : 6a,5,0,18,34,12,0,0,0,0,0,5c,1,ab,15,0,0,0,0,e8,2b,7f,c1,0,0,0,0,0   TimeStamp  :  42027       Distance  :  292

(PORT 1) : 6a,5,0,18,34,12,0,0,0,0,0,5c,1,ac,15,0,0,0,0,e4,ff,18,5a,0,0,0,0,0   TimeStamp  :  42314       Distance  :  292

(PORT 1) : 6a,5,0,18,34,12,0,0,0,0,0,5b,1,ad,15,0,0,0,0,96,dd,2a,a8,0,0,0,0,0   TimeStamp  :  42603       Distance  :  291

(PORT 1) : 6a,5,0,18,34,12,0,0,0,0,0,5c,1,ae,15,0,0,0,0,4f,bd,b4,a5,0,0,0,0,0   TimeStamp  :  42891       Distance  :  292

(PORT 1) : 6a,5,0,18,34,12,0,0,0,0,0,5c,1,af,15,0,0,0,0,5e,bb,64,f8,0,0,0,0,0   TimeStamp  :  43179       Distance  :  292

(PORT 1) : 6a,5,0,18,34,12,0,0,0,0,0,5c,1,b0,15,0,0,0,0,7c,1e,6f,fa,0,0,0,0,0   TimeStamp  :  43467       Distance  :  292

(PORT 1) : 6a,5,0,18,34,12,0,0,0,0,0,5b,1,b1,15,0,0,0,0,af,c2,3f,a0,0,0,0,0,0   TimeStamp  :  43754       Distance  :  291

(PORT 1) : 6a,5,0,18,34,12,0,0,0,0,0,5a,1,b2,15,0,0,0,0,96,94,32,e3,0,0,0,0,0   TimeStamp  :  44043       Distance  :  290

(PORT 1) : 6a,5,0,18,34,12,0,0,0,0,0,5a,1,b3,15,0,0,0,0,2b,a7,f9,87,0,0,0,0,0   TimeStamp  :  44331       Distance  :  290

(PORT 1) : 6a,5,0,18,34,12,0,0,0,0,0,5c,1,b4,15,0,0,0,0,ee,d9,b1,33,0,0,0,0,0   TimeStamp  :  44619       Distance  :  292

(PORT 1) : 6a,5,0,18,34,12,0,0,0,0,0,5b,1,b5,15,0,0,0,0,7,69,46,5b,0,0,0,0,0   TimeStamp  :  44907       Distance  :  291

(PORT 1) : 6a,5,0,18,34,12,0,0,0,0,0,5b,1,b6,15,0,0,0,0,14,53,c3,47,0,0,0,0,0   TimeStamp  :  45195       Distance  :  291

(PORT 1) : 6a,5,0,18,34,12,0,0,0,0,0,5b,1,b7,15,0,0,0,0,8e,f1,40,df,0,0,0,0,0   TimeStamp  :  45483       Distance  :  291

(PORT 1) : 6a,5,0,18,34,12,0,0,0,0,0,5c,1,b8,15,0,0,0,0,b8,7b,b2,3d,0,0,0,0,0   TimeStamp  :  45771       Distance  :  292

(PORT 1) : 6a,5,0,18,34,12,0,0,0,0,0,5b,1,b9,15,0,0,0,0,0,cd,18,68,0,0,0,0,0   TimeStamp  :  46058       Distance  :  291

(PORT 1) : 6a,5,0,18,34,12,0,0,0,0,0,5b,1,ba,15,0,0,0,0,37,4d,7c,a0,0,0,0,0,0   TimeStamp  :  46347       Distance  :  291

(PORT 1) : 6a,5,0,18,34,12,0,0,0,0,0,5b,1,bb,15,0,0,0,0,1e,64,aa,67,0,0,0,0,0   TimeStamp  :  46635       Distance  :  291

(PORT 1) : 6a,5,0,18,34,12,0,0,0,0,0,5c,1,bc,15,0,0,0,0,5,8f,a0,a8,0,0,0,0,0   TimeStamp  :  46924       Distance  :  292

(PORT 1) : 6a,5,0,18,34,12,0,0,0,0,0,5a,1,bd,15,0,0,0,0,a4,65,90,33,0,0,0,0,0   TimeStamp  :  47211       Distance  :  290

(PORT 1) : 6a,5,0,18,34,12,0,0,0,0,0,5c,1,be,15,0,0,0,0,47,f0,1b,1d,0,0,0,0,0   TimeStamp  :  47500       Distance  :  292

(PORT 1) : 6a,5,0,18,34,12,0,0,0,0,0,5b,1,bf,15,0,0,0,0,7d,91,78,2f,0,0,0,0,0   TimeStamp  :  47787       Distance  :  291

(PORT 1) : 6a,5,0,18,34,12,0,0,0,0,0,57,1,c0,15,0,0,0,0,bd,6f,81,de,0,0,0,0,0   TimeStamp  :  48075       Distance  :  287

(PORT 1) : 6a,5,0,18,34,12,0,0,0,0,0,5c,1,c1,15,0,0,0,0,e3,3e,60,4d,0,0,0,0,0   TimeStamp  :  48363       Distance  :  292

(PORT 1) : 6a,5,0,18,34,12,0,0,0,0,0,5c,1,c2,15,0,0,0,0,31,a7,63,aa,0,0,0,0,0   TimeStamp  :  48651       Distance  :  292

(PORT 1) : 6a,5,0,18,34,12,0,0,0,0,0,5b,1,c3,15,0,0,0,0,32,8f,6c,b0,0,0,0,0,0   TimeStamp  :  48939       Distance  :  291

(PORT 1) : 6a,5,0,18,34,12,0,0,0,0,0,5a,1,c4,15,0,0,0,0,34,22,a8,4a,0,0,0,0,0   TimeStamp  :  49227       Distance  :  290

(PORT 1) : 6a,5,0,18,34,12,0,0,0,0,0,5a,1,c5,15,0,0,0,0,9a,fb,81,b4,0,0,0,0,0   TimeStamp  :  49516       Distance  :  290

(PORT 1) : 6a,5,0,18,34,12,0,0,0,0,0,5c,1,c6,15,0,0,0,0,80,5b,b5,9c,0,0,0,0,0   TimeStamp  :  49804       Distance  :  292

(PORT 1) : 6a,5,0,18,34,12,0,0,0,0,0,5a,1,c7,15,0,0,0,0,7e,60,1e,a6,0,0,0,0,0   TimeStamp  :  50092       Distance  :  290

(PORT 1) : 6a,5,0,18,34,12,0,0,0,0,0,5c,1,c8,15,0,0,0,0,a8,24,23,ba,0,0,0,0,0   TimeStamp  :  50381       Distance  :  292

(PORT 1) : 6a,5,0,18,34,12,0,0,0,0,0,5a,1,c9,15,0,0,0,0,5b,83,c5,49,0,0,0,0,0   TimeStamp  :  50668       Distance  :  290

(PORT 1) : 6a,5,0,18,34,12,0,0,0,0,0,5c,1,ca,15,0,0,0,0,58,a1,3e,b2,0,0,0,0,0   TimeStamp  :  50956       Distance  :  292

(PORT 1) : 6a,5,0,18,34,12,0,0,0,0,0,5a,1,cb,15,0,0,0,0,ab,c8,34,6e,0,0,0,0,0   TimeStamp  :  51245       Distance  :  290

(PORT 1) : 6a,5,0,18,34,12,0,0,0,0,0,5a,1,cc,15,0,0,0,0,35,7b,50,9f,0,0,0,0,0   TimeStamp  :  51531       Distance  :  290

(PORT 1) : 6a,5,0,18,34,12,0,0,0,0,0,5a,1,cd,15,0,0,0,0,16,4e,b5,7,0,0,0,0,0   TimeStamp  :  51821       Distance  :  290

(PORT 1) : 6a,5,0,18,34,12,0,0,0,0,0,5b,1,ce,15,0,0,0,0,fc,36,d3,36,0,0,0,0,0   TimeStamp  :  52109       Distance  :  291

(PORT 1) : 6a,5,0,18,34,12,0,0,0,0,0,5b,1,cf,15,0,0,0,0,70,51,4f,d6,0,0,0,0,0   TimeStamp  :  52396       Distance  :  291

(PORT 1) : 6a,5,0,18,34,12,0,0,0,0,0,5b,1,d0,15,0,0,0,0,25,f4,6,5,0,0,0,0,0   TimeStamp  :  52684       Distance  :  291

(PORT 1) : 6a,5,0,18,34,12,0,0,0,0,0,5c,1,d1,15,0,0,0,0,d3,19,9b,36,0,0,0,0,0   TimeStamp  :  52972       Distance  :  292

(PORT 1) : 6a,5,0,18,34,12,0,0,0,0,0,5b,1,d2,15,0,0,0,0,9d,c5,75,8e,0,0,0,0,0   TimeStamp  :  53260       Distance  :  291

(PORT 1) : 6a,5,0,18,34,12,0,0,0,0,0,5b,1,d3,15,0,0,0,0,f5,78,df,34,0,0,0,0,0   TimeStamp  :  53548       Distance  :  291

(PORT 1) : 6a,5,0,18,34,12,0,0,0,0,0,5a,1,d4,15,0,0,0,0,5e,91,c3,d6,0,0,0,0,0   TimeStamp  :  53836       Distance  :  290

(PORT 1) : 6a,5,0,18,34,12,0,0,0,0,0,60,1,d5,15,0,0,0,0,fd,94,e5,be,0,0,0,0,0   TimeStamp  :  54124       Distance  :  296

(PORT 1) : 6a,5,0,18,34,12,0,0,0,0,0,59,1,d6,15,0,0,0,0,1c,e8,fd,53,0,0,0,0,0   TimeStamp  :  54411       Distance  :  289

(PORT 1) : 6a,5,0,18,34,12,0,0,0,0,0,5c,1,d7,15,0,0,0,0,d8,36,71,2e,0,0,0,0,0   TimeStamp  :  54700       Distance  :  292

(PORT 1) : 6a,5,0,18,34,12,0,0,0,0,0,59,1,d8,15,0,0,0,0,5e,ab,a3,b8,0,0,0,0,0   TimeStamp  :  54988       Distance  :  289

(PORT 1) : 6a,5,0,18,34,12,0,0,0,0,0,5b,1,d9,15,0,0,0,0,af,9c,a1,2c,0,0,0,0,0   TimeStamp  :  55275       Distance  :  291

(PORT 1) : 6a,5,0,18,34,12,0,0,0,0,0,5c,1,da,15,0,0,0,0,f9,78,b3,32,0,0,0,0,0   TimeStamp  :  55565       Distance  :  292

(PORT 1) : 6a,5,0,18,34,12,0,0,0,0,0,5c,1,db,15,0,0,0,0,8c,7d,66,29,0,0,0,0,0   TimeStamp  :  55851       Distance  :  292

(PORT 1) : 6a,5,0,18,34,12,0,0,0,0,0,5b,1,dc,15,0,0,0,0,79,83,45,aa,0,0,0,0,0   TimeStamp  :  56139       Distance  :  291

(PORT 1) : 6a,5,0,18,34,12,0,0,0,0,0,5c,1,dd,15,0,0,0,0,c4,ed,72,ae,0,0,0,0,0   TimeStamp  :  56428       Distance  :  292

(PORT 1) : 6a,5,0,18,34,12,0,0,0,0,0,5c,1,de,15,0,0,0,0,a,3,6f,b0,0,0,0,0,0   TimeStamp  :  56717       Distance  :  292

(PORT 1) : 6a,5,0,18,34,12,0,0,0,0,0,5b,1,df,15,0,0,0,0,80,1d,1,97,0,0,0,0,0   TimeStamp  :  57005       Distance  :  291

(PORT 1) : 6a,5,0,18,34,12,0,0,0,0,0,5c,1,e0,15,0,0,0,0,3c,9d,27,a3,0,0,0,0,0   TimeStamp  :  57291       Distance  :  292

(PORT 1) : 6a,5,0,18,34,12,0,0,0,0,0,5a,1,e1,15,0,0,0,0,f6,df,6a,e0,0,0,0,0,0   TimeStamp  :  57580       Distance  :  290

(PORT 1) : 6a,5,0,18,34,12,0,0,0,0,0,5b,1,e2,15,0,0,0,0,fe,bd,33,3f,0,0,0,0,0   TimeStamp  :  57867       Distance  :  291

(PORT 1) : 6a,5,0,18,34,12,0,0,0,0,0,5b,1,e3,15,0,0,0,0,c5,b4,f1,4a,0,0,0,0,0   TimeStamp  :  58155       Distance  :  291

(PORT 1) : 6a,5,0,18,34,12,0,0,0,0,0,5c,1,e4,15,0,0,0,0,b6,be,c7,f1,0,0,0,0,0   TimeStamp  :  58444       Distance  :  292

(PORT 1) : 6a,5,0,18,34,12,0,0,0,0,0,5a,1,e5,15,0,0,0,0,2f,a,f0,e4,0,0,0,0,0   TimeStamp  :  58732       Distance  :  290

(PORT 1) : 6a,5,0,18,34,12,0,0,0,0,0,5b,1,e6,15,0,0,0,0,3e,3f,ba,4,0,0,0,0,0   TimeStamp  :  59019       Distance  :  291

(PORT 1) : 6a,5,0,18,34,12,0,0,0,0,0,5a,1,e7,15,0,0,0,0,48,3,15,e4,0,0,0,0,0   TimeStamp  :  59308       Distance  :  290

(PORT 1) : 6a,5,0,18,34,12,0,0,0,0,0,5a,1,e8,15,0,0,0,0,d9,f4,b2,67,0,0,0,0,0   TimeStamp  :  59596       Distance  :  290

(PORT 1) : 6a,5,0,18,34,12,0,0,0,0,0,5a,1,e9,15,0,0,0,0,bd,60,95,7,0,0,0,0,0   TimeStamp  :  59883       Distance  :  290

(PORT 1) : 6a,5,0,18,34,12,0,0,0,0,0,5c,1,ea,15,0,0,0,0,0,2b,71,29,0,0,0,0,0   TimeStamp  :  60171       Distance  :  292

(PORT 1) : 6a,5,0,18,34,12,0,0,0,0,0,5c,1,eb,15,0,0,0,0,ae,96,19,fc,0,0,0,0,0   TimeStamp  :  60460       Distance  :  292

(PORT 1) : 6a,5,0,18,34,12,0,0,0,0,0,59,1,ec,15,0,0,0,0,18,57,6a,23,0,0,0,0,0   TimeStamp  :  60748       Distance  :  289

(PORT 1) : 6a,5,0,18,34,12,0,0,0,0,0,5b,1,ed,15,0,0,0,0,ed,25,47,5e,0,0,0,0,0   TimeStamp  :  61036       Distance  :  291

(PORT 1) : 6a,5,0,18,34,12,0,0,0,0,0,5a,1,ee,15,0,0,0,0,5b,e8,48,15,0,0,0,0,0   TimeStamp  :  61325       Distance  :  290

(PORT 1) : 6a,5,0,18,34,12,0,0,0,0,0,5a,1,ef,15,0,0,0,0,7c,da,da,5b,0,0,0,0,0   TimeStamp  :  61612       Distance  :  290

(PORT 1) : 6a,5,0,18,34,12,0,0,0,0,0,5c,1,f0,15,0,0,0,0,f8,e,db,1c,0,0,0,0,0   TimeStamp  :  61900       Distance  :  292

(PORT 1) : 6a,5,0,18,34,12,0,0,0,0,0,5b,1,f1,15,0,0,0,0,a3,e3,1b,2d,0,0,0,0,0   TimeStamp  :  62188       Distance  :  291

(PORT 1) : 6a,5,0,18,34,12,0,0,0,0,0,5b,1,f2,15,0,0,0,0,72,41,7a,58,0,0,0,0,0   TimeStamp  :  62476       Distance  :  291

(PORT 1) : 6a,5,0,18,34,12,0,0,0,0,0,5a,1,f3,15,0,0,0,0,14,79,8a,3,0,0,0,0,0   TimeStamp  :  62763       Distance  :  290

(PORT 1) : 6a,5,0,18,34,12,0,0,0,0,0,5c,1,f4,15,0,0,0,0,e8,5b,ee,d8,0,0,0,0,0   TimeStamp  :  63052       Distance  :  292

(PORT 1) : 6a,5,0,18,34,12,0,0,0,0,0,5c,1,f5,15,0,0,0,0,4d,c0,b2,6,0,0,0,0,0   TimeStamp  :  63340       Distance  :  292

(PORT 1) : 6a,5,0,18,34,12,0,0,0,0,0,5c,1,f6,15,0,0,0,0,1f,eb,2f,b8,0,0,0,0,0   TimeStamp  :  63628       Distance  :  292

(PORT 1) : 6a,5,0,18,34,12,0,0,0,0,0,5b,1,f7,15,0,0,0,0,56,d,2,a9,0,0,0,0,0   TimeStamp  :  63916       Distance  :  291

(PORT 1) : 6a,5,0,18,34,12,0,0,0,0,0,5a,1,f8,15,0,0,0,0,74,36,e4,bd,0,0,0,0,0   TimeStamp  :  64204       Distance  :  290

(PORT 1) : 6a,5,0,18,34,12,0,0,0,0,0,5b,1,f9,15,0,0,0,0,a9,99,bf,d0,0,0,0,0,0   TimeStamp  :  64491       Distance  :  291

(PORT 1) : 6a,5,0,18,34,12,0,0,0,0,0,5c,1,fa,15,0,0,0,0,f,a4,f8,39,0,0,0,0,0   TimeStamp  :  64780       Distance  :  292

(PORT 1) : 6a,5,0,18,34,12,0,0,0,0,0,5b,1,fb,15,0,0,0,0,80,1c,33,5f,0,0,0,0,0   TimeStamp  :  65068       Distance  :  291

(PORT 1) : 6a,5,0,18,34,12,0,0,0,0,0,5a,1,fc,15,0,0,0,0,d3,e9,b0,2f,0,0,0,0,0   TimeStamp  :  65356       Distance  :  290

(PORT 1) : 6a,5,0,18,34,12,0,0,0,0,0,5b,1,fd,15,0,0,0,0,f6,46,b1,ea,0,0,0,0,0   TimeStamp  :  65644       Distance  :  291

(PORT 1) : 6a,5,0,18,34,12,0,0,0,0,0,5c,1,fe,15,0,0,0,0,1d,ba,4,35,0,0,0,0,0   TimeStamp  :  65932       Distance  :  292

(PORT 1) : 6a,5,0,18,34,12,0,0,0,0,0,5a,1,ff,15,0,0,0,0,42,83,84,c4,0,0,0,0,0   TimeStamp  :  66219       Distance  :  290

(PORT 1) : 6a,5,0,18,34,12,0,0,0,0,0,5c,1,0,16,0,0,0,0,3b,ba,ed,c6,0,0,0,0,0   TimeStamp  :  66508       Distance  :  292

(PORT 1) : 6a,5,0,18,34,12,0,0,0,0,0,5b,1,1,16,0,0,0,0,ee,bd,60,b3,0,0,0,0,0   TimeStamp  :  66796       Distance  :  291

(PORT 1) : 6a,5,0,18,34,12,0,0,0,0,0,5c,1,2,16,0,0,0,0,b1,b8,70,f7,0,0,0,0,0   TimeStamp  :  67084       Distance  :  292

(PORT 1) : 6a,5,0,18,34,12,0,0,0,0,0,5c,1,3,16,0,0,0,0,92,6d,e5,57,0,0,0,0,0   TimeStamp  :  67371       Distance  :  292

(PORT 1) : 6a,5,0,18,34,12,0,0,0,0,0,5c,1,4,16,0,0,0,0,54,c0,2d,9a,0,0,0,0,0   TimeStamp  :  67660       Distance  :  292

(PORT 1) : 6a,5,0,18,34,12,0,0,0,0,0,5c,1,5,16,0,0,0,0,e4,a,29,8,0,0,0,0,0   TimeStamp  :  67948       Distance  :  292

(PORT 1) : 6a,5,0,18,34,12,0,0,0,0,0,5b,1,6,16,0,0,0,0,c,d5,6b,57,0,0,0,0,0   TimeStamp  :  68235       Distance  :  291

(PORT 1) : 6a,5,0,18,34,12,0,0,0,0,0,5b,1,7,16,0,0,0,0,85,da,15,c,0,0,0,0,0   TimeStamp  :  68523       Distance  :  291

(PORT 1) : 6a,5,0,18,34,12,0,0,0,0,0,5a,1,8,16,0,0,0,0,1e,ec,39,f4,0,0,0,0,0   TimeStamp  :  68811       Distance  :  290
