
(PORT 1) : 6a,5,0,18,34,12,0,0,0,0,0,67,1,98,16,0,0,0,0,b3,a1,32,6b,0,0,0,0,0   TimeStamp  :  110281       Distance  :  303

(PORT 1) : 6a,5,0,18,34,12,0,0,0,0,0,66,1,99,16,0,0,0,0,f0,1d,dd,6f,0,0,0,0,0   TimeStamp  :  110569       Distance  :  302

(PORT 1) : 6a,5,0,18,34,12,0,0,0,0,0,67,1,9a,16,0,0,0,0,40,54,51,fa,0,0,0,0,0   TimeStamp  :  110857       Distance  :  303

(PORT 1) : 6a,5,0,18,34,12,0,0,0,0,0,67,1,9b,16,0,0,0,0,e9,5e,25,33,0,0,0,0,0   TimeStamp  :  111145       Distance  :  303

(PORT 1) : 6a,5,0,18,34,12,0,0,0,0,0,66,1,9c,16,0,0,0,0,4d,f9,5a,a5,0,0,0,0,0   TimeStamp  :  272       Distance  :  302

(PORT 1) : 6a,5,0,18,34,12,0,0,0,0,0,66,1,9d,16,0,0,0,0,8b,8,4,f4,0,0,0,0,0   TimeStamp  :  562       Distance  :  302

(PORT 1) : 6a,5,0,18,34,12,0,0,0,0,0,5f,1,9e,16,0,0,0,0,8a,4b,b6,e3,0,0,0,0,0   TimeStamp  :  849       Distance  :  295

(PORT 1) : 6a,5,0,18,34,12,0,0,0,0,0,65,1,9f,16,0,0,0,0,98,40,42,7,0,0,0,0,0   TimeStamp  :  1137       Distance  :  301

(PORT 1) : 6a,5,0,18,34,12,0,0,0,0,0,67,1,a0,16,0,0,0,0,ef,ef,39,22,0,0,0,0,0   TimeStamp  :  1425       Distance  :  303

(PORT 1) : 6a,5,0,18,34,12,0,0,0,0,0,66,1,a1,16,0,0,0,0,d0,98,c2,ed,0,0,0,0,0   TimeStamp  :  1713       Distance  :  302

(PORT 1) : 6a,5,0,18,34,12,0,0,0,0,0,67,1,a2,16,0,0,0,0,5a,88,d9,17,0,0,0,0,0   TimeStamp  :  2001       Distance  :  303

(PORT 1) : 6a,5,0,18,34,12,0,0,0,0,0,65,1,a3,16,0,0,0,0,d9,6,a3,68,0,0,0,0,0   TimeStamp  :  2289       Distance  :  301

(PORT 1) : 6a,5,0,18,34,12,0,0,0,0,0,65,1,a4,16,0,0,0,0,2b,d1,1b,a2,0,0,0,0,0   TimeStamp  :  2577       Distance  :  301

(PORT 1) : 6a,5,0,18,34,12,0,0,0,0,0,66,1,a5,16,0,0,0,0,8c,9f,55,a1,0,0,0,0,0   TimeStamp  :  2865       Distance  :  302

(PORT 1) : 6a,5,0,18,34,12,0,0,0,0,0,69,1,a6,16,0,0,0,0,8c,ad,7c,97,0,0,0,0,0   TimeStamp  :  3153       Distance  :  305

(PORT 1) : 6a,5,0,18,34,12,0,0,0,0,0,67,1,a7,16,0,0,0,0,ae,37,c8,94,0,0,0,0,0   TimeStamp  :  3441       Distance  :  303

(PORT 1) : 6a,5,0,18,34,12,0,0,0,0,0,66,1,a8,16,0,0,0,0,5,9e,95,64,0,0,0,0,0   TimeStamp  :  3728       Distance  :  302

(PORT 1) : 6a,5,0,18,34,12,0,0,0,0,0,66,1,a9,16,0,0,0,0,4d,86,8f,be,0,0,0,0,0   TimeStamp  :  4016       Distance  :  302

(PORT 1) : 6a,5,0,18,34,12,0,0,0,0,0,67,1,aa,16,0,0,0,0,53,4a,58,a4,0,0,0,0,0   TimeStamp  :  4305       Distance  :  303

(PORT 1) : 6a,5,0,18,34,12,0,0,0,0,0,66,1,ab,16,0,0,0,0,87,99,bb,9f,0,0,0,0,0   TimeStamp  :  4593       Distance  :  302

(PORT 1) : 6a,5,0,18,34,12,0,0,0,0,0,66,1,ac,16,0,0,0,0,77,f5,3,ea,0,0,0,0,0   TimeStamp  :  4881       Distance  :  302

(PORT 1) : 6a,5,0,18,34,12,0,0,0,0,0,67,1,ad,16,0,0,0,0,d,71,6e,d6,0,0,0,0,0   TimeStamp  :  5169       Distance  :  303

(PORT 1) : 6a,5,0,18,34,12,0,0,0,0,0,66,1,ae,16,0,0,0,0,48,9d,29,38,0,0,0,0,0   TimeStamp  :  5457       Distance  :  302

(PORT 1) : 6a,5,0,18,34,12,0,0,0,0,0,65,1,af,16,0,0,0,0,61,c8,f2,9c,0,0,0,0,0   TimeStamp  :  5745       Distance  :  301

(PORT 1) : 6a,5,0,18,34,12,0,0,0,0,0,67,1,b0,16,0,0,0,0,2d,2c,29,cf,0,0,0,0,0   TimeStamp  :  6033       Distance  :  303

(PORT 1) : 6a,5,0,18,34,12,0,0,0,0,0,66,1,b1,16,0,0,0,0,a8,9d,d9,ce,0,0,0,0,0   TimeStamp  :  6321       Distance  :  302

(PORT 1) : 6a,5,0,18,34,12,0,0,0,0,0,65,1,b2,16,0,0,0,0,42,7f,dd,2a,0,0,0,0,0   TimeStamp  :  6608       Distance  :  301

(PORT 1) : 6a,5,0,18,34,12,0,0,0,0,0,66,1,b3,16,0,0,0,0,3f,95,19,a7,0,0,0,0,0   TimeStamp  :  6897       Distance  :  302

(PORT 1) : 6a,5,0,18,34,12,0,0,0,0,0,67,1,b4,16,0,0,0,0,65,5a,91,55,0,0,0,0,0   TimeStamp  :  7185       Distance  :  303

(PORT 1) : 6a,5,0,18,34,12,0,0,0,0,0,66,1,b5,16,0,0,0,0,4c,16,32,4,0,0,0,0,0   TimeStamp  :  7472       Distance  :  302

(PORT 1) : 6a,5,0,18,34,12,0,0,0,0,0,67,1,b6,16,0,0,0,0,cc,9,fd,7f,0,0,0,0,0   TimeStamp  :  7759       Distance  :  303

(PORT 1) : 6a,5,0,18,34,12,0,0,0,0,0,65,1,b7,16,0,0,0,0,e0,3,67,f9,0,0,0,0,0   TimeStamp  :  8048       Distance  :  301

(PORT 1) : 6a,5,0,18,34,12,0,0,0,0,0,67,1,b8,16,0,0,0,0,b6,1c,ab,3d,0,0,0,0,0   TimeStamp  :  8336       Distance  :  303

(PORT 1) : 6a,5,0,18,34,12,0,0,0,0,0,67,1,b9,16,0,0,0,0,6c,6e,e4,ab,0,0,0,0,0   TimeStamp  :  8625       Distance  :  303

(PORT 1) : 6a,5,0,18,34,12,0,0,0,0,0,68,1,ba,16,0,0,0,0,4c,28,24,0,0,0,0,0,0   TimeStamp  :  8912       Distance  :  304

(PORT 1) : 6a,5,0,18,34,12,0,0,0,0,0,65,1,bb,16,0,0,0,0,29,4d,80,4f,0,0,0,0,0   TimeStamp  :  9201       Distance  :  301

(PORT 1) : 6a,5,0,18,34,12,0,0,0,0,0,65,1,bc,16,0,0,0,0,cd,e1,13,47,0,0,0,0,0   TimeStamp  :  9488       Distance  :  301

(PORT 1) : 6a,5,0,18,34,12,0,0,0,0,0,66,1,bd,16,0,0,0,0,42,aa,30,fc,0,0,0,0,0   TimeStamp  :  9777       Distance  :  302

(PORT 1) : 6a,5,0,18,34,12,0,0,0,0,0,66,1,be,16,0,0,0,0,3e,5f,70,47,0,0,0,0,0   TimeStamp  :  10065       Distance  :  302

(PORT 1) : 6a,5,0,18,34,12,0,0,0,0,0,66,1,bf,16,0,0,0,0,ca,59,5a,58,0,0,0,0,0   TimeStamp  :  10353       Distance  :  302

(PORT 1) : 6a,5,0,18,34,12,0,0,0,0,0,65,1,c0,16,0,0,0,0,f0,11,80,29,0,0,0,0,0   TimeStamp  :  10640       Distance  :  301

(PORT 1) : 6a,5,0,18,34,12,0,0,0,0,0,66,1,c1,16,0,0,0,0,9,83,7,d2,0,0,0,0,0   TimeStamp  :  10929       Distance  :  302

(PORT 1) : 6a,5,0,18,34,12,0,0,0,0,0,6c,1,c2,16,0,0,0,0,61,b5,8a,b8,0,0,0,0,0   TimeStamp  :  11216       Distance  :  308

(PORT 1) : 6a,5,0,18,34,12,0,0,0,0,0,66,1,c3,16,0,0,0,0,f8,53,29,21,0,0,0,0,0   TimeStamp  :  11503       Distance  :  302

(PORT 1) : 6a,5,0,18,34,12,0,0,0,0,0,67,1,c4,16,0,0,0,0,fa,21,5a,92,0,0,0,0,0   TimeStamp  :  11792       Distance  :  303

(PORT 1) : 6a,5,0,18,34,12,0,0,0,0,0,66,1,c5,16,0,0,0,0,91,9f,ba,5e,0,0,0,0,0   TimeStamp  :  12081       Distance  :  302

(PORT 1) : 6a,5,0,18,34,12,0,0,0,0,0,67,1,c6,16,0,0,0,0,88,b8,b1,86,0,0,0,0,0   TimeStamp  :  12368       Distance  :  303

(PORT 1) : 6a,5,0,18,34,12,0,0,0,0,0,67,1,c7,16,0,0,0,0,68,30,54,a6,0,0,0,0,0   TimeStamp  :  12656       Distance  :  303

(PORT 1) : 6a,5,0,18,34,12,0,0,0,0,0,65,1,c8,16,0,0,0,0,11,8c,55,c7,0,0,0,0,0   TimeStamp  :  12945       Distance  :  301

(PORT 1) : 6a,5,0,18,34,12,0,0,0,0,0,67,1,c9,16,0,0,0,0,c8,d9,9a,35,0,0,0,0,0   TimeStamp  :  13233       Distance  :  303

(PORT 1) : 6a,5,0,18,34,12,0,0,0,0,0,65,1,ca,16,0,0,0,0,b6,b6,93,db,0,0,0,0,0   TimeStamp  :  13520       Distance  :  301

(PORT 1) : 6a,5,0,18,34,12,0,0,0,0,0,64,1,cb,16,0,0,0,0,da,6b,6e,f6,0,0,0,0,0   TimeStamp  :  13808       Distance  :  300

(PORT 1) : 6a,5,0,18,34,12,0,0,0,0,0,66,1,cc,16,0,0,0,0,8,16,9a,49,0,0,0,0,0   TimeStamp  :  14097       Distance  :  302

(PORT 1) : 6a,5,0,18,34,12,0,0,0,0,0,66,1,cd,16,0,0,0,0,c7,cd,4b,7,0,0,0,0,0   TimeStamp  :  14384       Distance  :  302

(PORT 1) : 6a,5,0,18,34,12,0,0,0,0,0,67,1,ce,16,0,0,0,0,bd,3e,35,b0,0,0,0,0,0   TimeStamp  :  14672       Distance  :  303

(PORT 1) : 6a,5,0,18,34,12,0,0,0,0,0,66,1,cf,16,0,0,0,0,69,c2,fd,50,0,0,0,0,0   TimeStamp  :  14960       Distance  :  302

(PORT 1) : 6a,5,0,18,34,12,0,0,0,0,0,66,1,d0,16,0,0,0,0,e0,70,46,26,0,0,0,0,0   TimeStamp  :  15248       Distance  :  302

(PORT 1) : 6a,5,0,18,34,12,0,0,0,0,0,65,1,d1,16,0,0,0,0,a5,46,26,b8,0,0,0,0,0   TimeStamp  :  15535       Distance  :  301

(PORT 1) : 6a,5,0,18,34,12,0,0,0,0,0,65,1,d2,16,0,0,0,0,1a,30,fd,5,0,0,0,0,0   TimeStamp  :  15824       Distance  :  301

(PORT 1) : 6a,5,0,18,34,12,0,0,0,0,0,66,1,d3,16,0,0,0,0,64,92,64,c1,0,0,0,0,0   TimeStamp  :  16112       Distance  :  302

(PORT 1) : 6a,5,0,18,34,12,0,0,0,0,0,66,1,d4,16,0,0,0,0,2,43,89,a6,0,0,0,0,0   TimeStamp  :  16400       Distance  :  302

(PORT 1) : 6a,5,0,18,34,12,0,0,0,0,0,66,1,d5,16,0,0,0,0,7c,d9,7b,51,0,0,0,0,0   TimeStamp  :  16688       Distance  :  302

(PORT 1) : 6a,5,0,18,34,12,0,0,0,0,0,67,1,d6,16,0,0,0,0,fc,a4,9c,a5,0,0,0,0,0   TimeStamp  :  16977       Distance  :  303

(PORT 1) : 6a,5,0,18,34,12,0,0,0,0,0,65,1,d7,16,0,0,0,0,65,9e,51,15,0,0,0,0,0   TimeStamp  :  17264       Distance  :  301

(PORT 1) : 6a,5,0,18,34,12,0,0,0,0,0,66,1,d8,16,0,0,0,0,4a,6e,2f,b3,0,0,0,0,0   TimeStamp  :  17552       Distance  :  302

(PORT 1) : 6a,5,0,18,34,12,0,0,0,0,0,65,1,d9,16,0,0,0,0,79,3b,71,2d,0,0,0,0,0   TimeStamp  :  17840       Distance  :  301

(PORT 1) : 6a,5,0,18,34,12,0,0,0,0,0,66,1,da,16,0,0,0,0,19,3d,65,54,0,0,0,0,0   TimeStamp  :  18128       Distance  :  302

(PORT 1) : 6a,5,0,18,34,12,0,0,0,0,0,66,1,db,16,0,0,0,0,6c,b4,7,4,0,0,0,0,0   TimeStamp  :  18416       Distance  :  302

(PORT 1) : 6a,5,0,18,34,12,0,0,0,0,0,66,1,dc,16,0,0,0,0,b9,60,6a,d5,0,0,0,0,0   TimeStamp  :  18704       Distance  :  302

(PORT 1) : 6a,5,0,18,34,12,0,0,0,0,0,65,1,dd,16,0,0,0,0,5d,97,a0,51,0,0,0,0,0   TimeStamp  :  18993       Distance  :  301

(PORT 1) : 6a,5,0,18,34,12,0,0,0,0,0,66,1,de,16,0,0,0,0,86,8,39,b9,0,0,0,0,0   TimeStamp  :  19280       Distance  :  302

(PORT 1) : 6a,5,0,18,34,12,0,0,0,0,0,67,1,df,16,0,0,0,0,43,80,ee,1a,0,0,0,0,0   TimeStamp  :  19567       Distance  :  303

(PORT 1) : 6a,5,0,18,34,12,0,0,0,0,0,65,1,e0,16,0,0,0,0,b1,c2,e7,62,0,0,0,0,0   TimeStamp  :  19856       Distance  :  301

(PORT 1) : 6a,5,0,18,34,12,0,0,0,0,0,67,1,e1,16,0,0,0,0,1b,a0,c6,b6,0,0,0,0,0   TimeStamp  :  20145       Distance  :  303

(PORT 1) : 6a,5,0,18,34,12,0,0,0,0,0,65,1,e2,16,0,0,0,0,c9,a8,e1,6d,0,0,0,0,0   TimeStamp  :  20431       Distance  :  301

(PORT 1) : 6a,5,0,18,34,12,0,0,0,0,0,66,1,e3,16,0,0,0,0,48,c0,bc,74,0,0,0,0,0   TimeStamp  :  20720       Distance  :  302

(PORT 1) : 6a,5,0,18,34,12,0,0,0,0,0,66,1,e4,16,0,0,0,0,18,b,bd,d1,0,0,0,0,0   TimeStamp  :  21008       Distance  :  302

(PORT 1) : 6a,5,0,18,34,12,0,0,0,0,0,66,1,e5,16,0,0,0,0,22,a7,d9,26,0,0,0,0,0   TimeStamp  :  21296       Distance  :  302

(PORT 1) : 6a,5,0,18,34,12,0,0,0,0,0,66,1,e6,16,0,0,0,0,d7,c9,5c,cc,0,0,0,0,0   TimeStamp  :  21584       Distance  :  302

(PORT 1) : 6a,5,0,18,34,12,0,0,0,0,0,65,1,e7,16,0,0,0,0,3a,65,bf,81,0,0,0,0,0   TimeStamp  :  21872       Distance  :  301

(PORT 1) : 6a,5,0,18,34,12,0,0,0,0,0,67,1,e8,16,0,0,0,0,8d,4,e3,28,0,0,0,0,0   TimeStamp  :  22160       Distance  :  303

(PORT 1) : 6a,5,0,18,34,12,0,0,0,0,0,66,1,e9,16,0,0,0,0,db,83,b4,c5,0,0,0,0,0   TimeStamp  :  22447       Distance  :  302

(PORT 1) : 6a,5,0,18,34,12,0,0,0,0,0,65,1,ea,16,0,0,0,0,5b,eb,4e,41,0,0,0,0,0   TimeStamp  :  22736       Distance  :  301

(PORT 1) : 6a,5,0,18,34,12,0,0,0,0,0,67,1,eb,16,0,0,0,0,50,d7,88,9a,0,0,0,0,0   TimeStamp  :  23023       Distance  :  303

(PORT 1) : 6a,5,0,18,34,12,0,0,0,0,0,66,1,ec,16,0,0,0,0,f4,67,ad,3a,0,0,0,0,0   TimeStamp  :  23312       Distance  :  302

(PORT 1) : 6a,5,0,18,34,12,0,0,0,0,0,67,1,ed,16,0,0,0,0,3b,13,e6,2a,0,0,0,0,0   TimeStamp  :  23600       Distance  :  303

(PORT 1) : 6a,5,0,18,34,12,0,0,0,0,0,66,1,ee,16,0,0,0,0,e5,d1,31,d4,0,0,0,0,0   TimeStamp  :  23888       Distance  :  302

(PORT 1) : 6a,5,0,18,34,12,0,0,0,0,0,67,1,ef,16,0,0,0,0,53,12,d3,40,0,0,0,0,0   TimeStamp  :  24176       Distance  :  303

(PORT 1) : 6a,5,0,18,34,12,0,0,0,0,0,67,1,f0,16,0,0,0,0,b0,a5,fe,86,0,0,0,0,0   TimeStamp  :  24464       Distance  :  303

(PORT 1) : 6a,5,0,18,34,12,0,0,0,0,0,65,1,f1,16,0,0,0,0,ba,57,96,a5,0,0,0,0,0   TimeStamp  :  24752       Distance  :  301

(PORT 1) : 6a,5,0,18,34,12,0,0,0,0,0,67,1,f2,16,0,0,0,0,42,d8,ac,f0,0,0,0,0,0   TimeStamp  :  25039       Distance  :  303

(PORT 1) : 6a,5,0,18,34,12,0,0,0,0,0,67,1,f3,16,0,0,0,0,1f,50,4a,90,0,0,0,0,0   TimeStamp  :  25328       Distance  :  303

(PORT 1) : 6a,5,0,18,34,12,0,0,0,0,0,68,1,f4,16,0,0,0,0,5,c3,8f,c0,0,0,0,0,0   TimeStamp  :  25616       Distance  :  304

(PORT 1) : 6a,5,0,18,34,12,0,0,0,0,0,67,1,f5,16,0,0,0,0,1c,bf,ad,2d,0,0,0,0,0   TimeStamp  :  25904       Distance  :  303

(PORT 1) : 6a,5,0,18,34,12,0,0,0,0,0,5d,1,f6,16,0,0,0,0,d,6f,39,e0,0,0,0,0,0   TimeStamp  :  26192       Distance  :  293

(PORT 1) : 6a,5,0,18,34,12,0,0,0,0,0,66,1,f7,16,0,0,0,0,f7,13,9b,6e,0,0,0,0,0   TimeStamp  :  26479       Distance  :  302

(PORT 1) : 6a,5,0,18,34,12,0,0,0,0,0,67,1,f8,16,0,0,0,0,2b,ad,eb,9b,0,0,0,0,0   TimeStamp  :  26768       Distance  :  303

(PORT 1) : 6a,5,0,18,34,12,0,0,0,0,0,66,1,f9,16,0,0,0,0,34,91,1,b8,0,0,0,0,0   TimeStamp  :  27056       Distance  :  302

(PORT 1) : 6a,5,0,18,34,12,0,0,0,0,0,66,1,fa,16,0,0,0,0,e9,ce,bd,2a,0,0,0,0,0   TimeStamp  :  27344       Distance  :  302

(PORT 1) : 6a,5,0,18,34,12,0,0,0,0,0,66,1,fb,16,0,0,0,0,45,fa,cc,70,0,0,0,0,0   TimeStamp  :  27632       Distance  :  302

(PORT 1) : 6a,5,0,18,34,12,0,0,0,0,0,65,1,fc,16,0,0,0,0,ac,68,6f,6f,0,0,0,0,0   TimeStamp  :  27920       Distance  :  301

(PORT 1) : 6a,5,0,18,34,12,0,0,0,0,0,65,1,fd,16,0,0,0,0,7c,c6,3,6e,0,0,0,0,0   TimeStamp  :  28208       Distance  :  301

(PORT 1) : 6a,5,0,18,34,12,0,0,0,0,0,67,1,fe,16,0,0,0,0,bb,d2,50,da,0,0,0,0,0   TimeStamp  :  28495       Distance  :  303

(PORT 1) : 6a,5,0,18,34,12,0,0,0,0,0,66,1,ff,16,0,0,0,0,c1,ff,f6,ce,0,0,0,0,0   TimeStamp  :  28783       Distance  :  302

(PORT 1) : 6a,5,0,18,34,12,0,0,0,0,0,66,1,0,17,0,0,0,0,9a,4a,29,a3,0,0,0,0,0   TimeStamp  :  29071       Distance  :  302

(PORT 1) : 6a,5,0,18,34,12,0,0,0,0,0,6a,1,1,17,0,0,0,0,c6,e5,35,b7,0,0,0,0,0   TimeStamp  :  29359       Distance  :  306

(PORT 1) : 6a,5,0,18,34,12,0,0,0,0,0,65,1,2,17,0,0,0,0,40,1b,af,72,0,0,0,0,0   TimeStamp  :  29647       Distance  :  301

(PORT 1) : 6a,5,0,18,34,12,0,0,0,0,0,64,1,3,17,0,0,0,0,27,86,9f,bf,0,0,0,0,0   TimeStamp  :  29935       Distance  :  300

(PORT 1) : 6a,5,0,18,34,12,0,0,0,0,0,66,1,4,17,0,0,0,0,82,3a,d,c4,0,0,0,0,0   TimeStamp  :  30224       Distance  :  302

(PORT 1) : 6a,5,0,18,34,12,0,0,0,0,0,65,1,5,17,0,0,0,0,ab,14,7e,1d,0,0,0,0,0   TimeStamp  :  30511       Distance  :  301

(PORT 1) : 6a,5,0,18,34,12,0,0,0,0,0,67,1,6,17,0,0,0,0,49,a9,9e,86,0,0,0,0,0   TimeStamp  :  30800       Distance  :  303

(PORT 1) : 6a,5,0,18,34,12,0,0,0,0,0,67,1,7,17,0,0,0,0,1e,c,f3,2d,0,0,0,0,0   TimeStamp  :  31087       Distance  :  303

(PORT 1) : 6a,5,0,18,34,12,0,0,0,0,0,67,1,8,17,0,0,0,0,6b,c,a4,85,0,0,0,0,0   TimeStamp  :  31376       Distance  :  303

(PORT 1) : 6a,5,0,18,34,12,0,0,0,0,0,66,1,9,17,0,0,0,0,a5,64,f7,e9,0,0,0,0,0   TimeStamp  :  31664       Distance  :  302

(PORT 1) : 6a,5,0,18,34,12,0,0,0,0,0,66,1,a,17,0,0,0,0,dc,4e,b,87,0,0,0,0,0   TimeStamp  :  31950       Distance  :  302

(PORT 1) : 6a,5,0,18,34,12,0,0,0,0,0,65,1,b,17,0,0,0,0,9b,a5,c2,32,0,0,0,0,0   TimeStamp  :  32240       Distance  :  301

(PORT 1) : 6a,5,0,18,34,12,0,0,0,0,0,67,1,c,17,0,0,0,0,b9,47,c7,f,0,0,0,0,0   TimeStamp  :  32527       Distance  :  303

(PORT 1) : 6a,5,0,18,34,12,0,0,0,0,0,67,1,d,17,0,0,0,0,2a,30,c5,3f,0,0,0,0,0   TimeStamp  :  32816       Distance  :  303

(PORT 1) : 6a,5,0,18,34,12,0,0,0,0,0,65,1,e,17,0,0,0,0,1c,cb,b0,a3,0,0,0,0,0   TimeStamp  :  33103       Distance  :  301

(PORT 1) : 6a,5,0,18,34,12,0,0,0,0,0,66,1,f,17,0,0,0,0,11,83,7f,4,0,0,0,0,0   TimeStamp  :  33390       Distance  :  302

(PORT 1) : 6a,5,0,18,34,12,0,0,0,0,0,67,1,10,17,0,0,0,0,f9,90,a8,97,0,0,0,0,0   TimeStamp  :  33679       Distance  :  303

(PORT 1) : 6a,5,0,18,34,12,0,0,0,0,0,66,1,11,17,0,0,0,0,8b,a6,d8,47,0,0,0,0,0   TimeStamp  :  33966       Distance  :  302

(PORT 1) : 6a,5,0,18,34,12,0,0,0,0,0,67,1,12,17,0,0,0,0,92,7b,7,aa,0,0,0,0,0   TimeStamp  :  34255       Distance  :  303

(PORT 1) : 6a,5,0,18,34,12,0,0,0,0,0,66,1,13,17,0,0,0,0,d4,36,3f,65,0,0,0,0,0   TimeStamp  :  34543       Distance  :  302

(PORT 1) : 6a,5,0,18,34,12,0,0,0,0,0,63,1,14,17,0,0,0,0,ce,40,97,f6,0,0,0,0,0   TimeStamp  :  34831       Distance  :  299

(PORT 1) : 6a,5,0,18,34,12,0,0,0,0,0,66,1,15,17,0,0,0,0,7f,b5,c4,49,0,0,0,0,0   TimeStamp  :  35119       Distance  :  302

(PORT 1) : 6a,5,0,18,34,12,0,0,0,0,0,66,1,16,17,0,0,0,0,88,fd,18,d1,0,0,0,0,0   TimeStamp  :  35407       Distance  :  302

(PORT 1) : 6a,5,0,18,34,12,0,0,0,0,0,66,1,17,17,0,0,0,0,9b,7c,c4,8e,0,0,0,0,0   TimeStamp  :  35695       Distance  :  302

(PORT 1) : 6a,5,0,18,34,12,0,0,0,0,0,67,1,18,17,0,0,0,0,dc,6b,12,8f,0,0,0,0,0   TimeStamp  :  35984       Distance  :  303

(PORT 1) : 6a,5,0,18,34,12,0,0,0,0,0,66,1,19,17,0,0,0,0,48,62,8e,14,0,0,0,0,0   TimeStamp  :  36271       Distance  :  302

(PORT 1) : 6a,5,0,18,34,12,0,0,0,0,0,71,1,1a,17,0,0,0,0,50,e0,7f,3a,0,0,0,0,0   TimeStamp  :  36559       Distance  :  313

(PORT 1) : 6a,5,0,18,34,12,0,0,0,0,0,66,1,1b,17,0,0,0,0,34,e4,f7,21,0,0,0,0,0   TimeStamp  :  36847       Distance  :  302

(PORT 1) : 6a,5,0,18,34,12,0,0,0,0,0,66,1,1c,17,0,0,0,0,53,93,b4,a,0,0,0,0,0   TimeStamp  :  37135       Distance  :  302

(PORT 1) : 6a,5,0,18,34,12,0,0,0,0,0,66,1,1d,17,0,0,0,0,bf,a3,d2,e8,0,0,0,0,0   TimeStamp  :  37423       Distance  :  302

(PORT 1) : 6a,5,0,18,34,12,0,0,0,0,0,66,1,1e,17,0,0,0,0,a,f5,1c,c4,0,0,0,0,0   TimeStamp  :  37710       Distance  :  302

(PORT 1) : 6a,5,0,18,34,12,0,0,0,0,0,5a,1,1f,17,0,0,0,0,be,44,35,68,0,0,0,0,0   TimeStamp  :  37998       Distance  :  290

(PORT 1) : 6a,5,0,18,34,12,0,0,0,0,0,66,1,20,17,0,0,0,0,8d,f7,8a,59,0,0,0,0,0   TimeStamp  :  38286       Distance  :  302

(PORT 1) : 6a,5,0,18,34,12,0,0,0,0,0,65,1,21,17,0,0,0,0,df,2c,a7,a1,0,0,0,0,0   TimeStamp  :  38575       Distance  :  301

(PORT 1) : 6a,5,0,18,34,12,0,0,0,0,0,66,1,22,17,0,0,0,0,83,95,22,e,0,0,0,0,0   TimeStamp  :  38863       Distance  :  302

(PORT 1) : 6a,5,0,18,34,12,0,0,0,0,0,65,1,23,17,0,0,0,0,3e,46,c9,6e,0,0,0,0,0   TimeStamp  :  39151       Distance  :  301

(PORT 1) : 6a,5,0,18,34,12,0,0,0,0,0,65,1,24,17,0,0,0,0,7c,5a,fc,e,0,0,0,0,0   TimeStamp  :  39439       Distance  :  301

(PORT 1) : 6a,5,0,18,34,12,0,0,0,0,0,66,1,25,17,0,0,0,0,d7,f5,fa,2e,0,0,0,0,0   TimeStamp  :  39726       Distance  :  302

(PORT 1) : 6a,5,0,18,34,12,0,0,0,0,0,66,1,26,17,0,0,0,0,6e,4,7b,97,0,0,0,0,0   TimeStamp  :  40015       Distance  :  302

(PORT 1) : 6a,5,0,18,34,12,0,0,0,0,0,67,1,27,17,0,0,0,0,a,65,2,40,0,0,0,0,0   TimeStamp  :  40303       Distance  :  303

(PORT 1) : 6a,5,0,18,34,12,0,0,0,0,0,64,1,28,17,0,0,0,0,87,e2,1d,29,0,0,0,0,0   TimeStamp  :  40591       Distance  :  300

(PORT 1) : 6a,5,0,18,34,12,0,0,0,0,0,67,1,29,17,0,0,0,0,87,d7,da,7b,0,0,0,0,0   TimeStamp  :  40879       Distance  :  303

(PORT 1) : 6a,5,0,18,34,12,0,0,0,0,0,67,1,2a,17,0,0,0,0,7a,5e,a4,f6,0,0,0,0,0   TimeStamp  :  41166       Distance  :  303

(PORT 1) : 6a,5,0,18,34,12,0,0,0,0,0,65,1,2b,17,0,0,0,0,10,f1,19,6c,0,0,0,0,0   TimeStamp  :  41456       Distance  :  301

(PORT 1) : 6a,5,0,18,34,12,0,0,0,0,0,66,1,2c,17,0,0,0,0,1e,48,47,88,0,0,0,0,0   TimeStamp  :  41743       Distance  :  302

(PORT 1) : 6a,5,0,18,34,12,0,0,0,0,0,66,1,2d,17,0,0,0,0,b1,60,cc,6e,0,0,0,0,0   TimeStamp  :  42031       Distance  :  302

(PORT 1) : 6a,5,0,18,34,12,0,0,0,0,0,67,1,2e,17,0,0,0,0,cb,6f,17,d8,0,0,0,0,0   TimeStamp  :  42319       Distance  :  303

(PORT 1) : 6a,5,0,18,34,12,0,0,0,0,0,67,1,2f,17,0,0,0,0,85,e0,5,1b,0,0,0,0,0   TimeStamp  :  42606       Distance  :  303

(PORT 1) : 6a,5,0,18,34,12,0,0,0,0,0,67,1,30,17,0,0,0,0,5d,32,33,4d,0,0,0,0,0   TimeStamp  :  42895       Distance  :  303

(PORT 1) : 6a,5,0,18,34,12,0,0,0,0,0,66,1,31,17,0,0,0,0,43,d3,19,1,0,0,0,0,0   TimeStamp  :  43183       Distance  :  302

(PORT 1) : 6a,5,0,18,34,12,0,0,0,0,0,67,1,32,17,0,0,0,0,a7,84,c0,4e,0,0,0,0,0   TimeStamp  :  43471       Distance  :  303

(PORT 1) : 6a,5,0,18,34,12,0,0,0,0,0,66,1,33,17,0,0,0,0,15,7,2c,10,0,0,0,0,0   TimeStamp  :  43758       Distance  :  302

(PORT 1) : 6a,5,0,18,34,12,0,0,0,0,0,67,1,34,17,0,0,0,0,d5,9c,8e,7f,0,0,0,0,0   TimeStamp  :  44047       Distance  :  303

(PORT 1) : 6a,5,0,18,34,12,0,0,0,0,0,67,1,35,17,0,0,0,0,44,7d,98,a8,0,0,0,0,0   TimeStamp  :  44335       Distance  :  303

(PORT 1) : 6a,5,0,18,34,12,0,0,0,0,0,66,1,36,17,0,0,0,0,90,97,a5,99,0,0,0,0,0   TimeStamp  :  44622       Distance  :  302

(PORT 1) : 6a,5,0,18,34,12,0,0,0,0,0,66,1,37,17,0,0,0,0,6d,fa,2d,86,0,0,0,0,0   TimeStamp  :  44911       Distance  :  302

(PORT 1) : 6a,5,0,18,34,12,0,0,0,0,0,66,1,38,17,0,0,0,0,22,a1,7d,cf,0,0,0,0,0   TimeStamp  :  45199       Distance  :  302

(PORT 1) : 6a,5,0,18,34,12,0,0,0,0,0,66,1,39,17,0,0,0,0,1e,c8,dd,fc,0,0,0,0,0   TimeStamp  :  45486       Distance  :  302

(PORT 1) : 6a,5,0,18,34,12,0,0,0,0,0,67,1,3a,17,0,0,0,0,b0,99,d5,b0,0,0,0,0,0   TimeStamp  :  45774       Distance  :  303

(PORT 1) : 6a,5,0,18,34,12,0,0,0,0,0,65,1,3b,17,0,0,0,0,f0,1b,61,46,0,0,0,0,0   TimeStamp  :  46062       Distance  :  301

(PORT 1) : 6a,5,0,18,34,12,0,0,0,0,0,66,1,3c,17,0,0,0,0,3f,b8,7e,a6,0,0,0,0,0   TimeStamp  :  46350       Distance  :  302

(PORT 1) : 6a,5,0,18,34,12,0,0,0,0,0,66,1,3d,17,0,0,0,0,97,1a,33,df,0,0,0,0,0   TimeStamp  :  46638       Distance  :  302

(PORT 1) : 6a,5,0,18,34,12,0,0,0,0,0,66,1,3e,17,0,0,0,0,ce,0,85,34,0,0,0,0,0   TimeStamp  :  46927       Distance  :  302

(PORT 1) : 6a,5,0,18,34,12,0,0,0,0,0,65,1,3f,17,0,0,0,0,ad,27,d6,70,0,0,0,0,0   TimeStamp  :  47215       Distance  :  301

(PORT 1) : 6a,5,0,18,34,12,0,0,0,0,0,66,1,40,17,0,0,0,0,c5,34,a4,23,0,0,0,0,0   TimeStamp  :  47503       Distance  :  302

(PORT 1) : 6a,5,0,18,34,12,0,0,0,0,0,65,1,41,17,0,0,0,0,20,95,d1,95,0,0,0,0,0   TimeStamp  :  47791       Distance  :  301

(PORT 1) : 6a,5,0,18,34,12,0,0,0,0,0,67,1,42,17,0,0,0,0,4b,e1,4f,b3,0,0,0,0,0   TimeStamp  :  48079       Distance  :  303

(PORT 1) : 6a,5,0,18,34,12,0,0,0,0,0,67,1,43,17,0,0,0,0,7d,a4,83,29,0,0,0,0,0   TimeStamp  :  48367       Distance  :  303

(PORT 1) : 6a,5,0,18,34,12,0,0,0,0,0,66,1,44,17,0,0,0,0,42,ea,e2,6b,0,0,0,0,0   TimeStamp  :  48655       Distance  :  302

(PORT 1) : 6a,5,0,18,34,12,0,0,0,0,0,65,1,45,17,0,0,0,0,43,90,14,b4,0,0,0,0,0   TimeStamp  :  48943       Distance  :  301

(PORT 1) : 6a,5,0,18,34,12,0,0,0,0,0,67,1,46,17,0,0,0,0,4c,c0,20,f7,0,0,0,0,0   TimeStamp  :  49231       Distance  :  303

(PORT 1) : 6a,5,0,18,34,12,0,0,0,0,0,67,1,47,17,0,0,0,0,7,4b,c,11,0,0,0,0,0   TimeStamp  :  49519       Distance  :  303

(PORT 1) : 6a,5,0,18,34,12,0,0,0,0,0,66,1,48,17,0,0,0,0,4d,f7,76,a9,0,0,0,0,0   TimeStamp  :  49807       Distance  :  302

(PORT 1) : 6a,5,0,18,34,12,0,0,0,0,0,66,1,49,17,0,0,0,0,86,2d,16,4b,0,0,0,0,0   TimeStamp  :  50095       Distance  :  302

(PORT 1) : 6a,5,0,18,34,12,0,0,0,0,0,66,1,4a,17,0,0,0,0,4c,23,d0,9a,0,0,0,0,0   TimeStamp  :  50383       Distance  :  302

(PORT 1) : 6a,5,0,18,34,12,0,0,0,0,0,66,1,4b,17,0,0,0,0,e6,9b,7b,37,0,0,0,0,0   TimeStamp  :  50670       Distance  :  302

(PORT 1) : 6a,5,0,18,34,12,0,0,0,0,0,66,1,4c,17,0,0,0,0,63,32,6e,b1,0,0,0,0,0   TimeStamp  :  50959       Distance  :  302

(PORT 1) : 6a,5,0,18,34,12,0,0,0,0,0,67,1,4d,17,0,0,0,0,a5,52,d4,79,0,0,0,0,0   TimeStamp  :  51247       Distance  :  303

(PORT 1) : 6a,5,0,18,34,12,0,0,0,0,0,65,1,4e,17,0,0,0,0,86,a9,5a,0,0,0,0,0,0   TimeStamp  :  51534       Distance  :  301

(PORT 1) : 6a,5,0,18,34,12,0,0,0,0,0,67,1,4f,17,0,0,0,0,71,ab,b1,22,0,0,0,0,0   TimeStamp  :  51823       Distance  :  303

(PORT 1) : 6a,5,0,18,34,12,0,0,0,0,0,65,1,50,17,0,0,0,0,e3,3c,1c,17,0,0,0,0,0   TimeStamp  :  52110       Distance  :  301

(PORT 1) : 6a,5,0,18,34,12,0,0,0,0,0,69,1,51,17,0,0,0,0,e,59,d5,85,0,0,0,0,0   TimeStamp  :  52399       Distance  :  305

(PORT 1) : 6a,5,0,18,34,12,0,0,0,0,0,66,1,52,17,0,0,0,0,52,56,2d,83,0,0,0,0,0   TimeStamp  :  52686       Distance  :  302

(PORT 1) : 6a,5,0,18,34,12,0,0,0,0,0,65,1,53,17,0,0,0,0,8a,6,1e,72,0,0,0,0,0   TimeStamp  :  52974       Distance  :  301

(PORT 1) : 6a,5,0,18,34,12,0,0,0,0,0,65,1,54,17,0,0,0,0,ce,3e,40,83,0,0,0,0,0   TimeStamp  :  53262       Distance  :  301

(PORT 1) : 6a,5,0,18,34,12,0,0,0,0,0,65,1,55,17,0,0,0,0,2f,54,d6,31,0,0,0,0,0   TimeStamp  :  53551       Distance  :  301

(PORT 1) : 6a,5,0,18,34,12,0,0,0,0,0,66,1,56,17,0,0,0,0,c7,72,72,f8,0,0,0,0,0   TimeStamp  :  53838       Distance  :  302

(PORT 1) : 6a,5,0,18,34,12,0,0,0,0,0,67,1,57,17,0,0,0,0,d0,e6,ad,e3,0,0,0,0,0   TimeStamp  :  54126       Distance  :  303

(PORT 1) : 6a,5,0,18,34,12,0,0,0,0,0,67,1,58,17,0,0,0,0,d7,98,83,d2,0,0,0,0,0   TimeStamp  :  54414       Distance  :  303

(PORT 1) : 6a,5,0,18,34,12,0,0,0,0,0,66,1,59,17,0,0,0,0,b8,3d,95,94,0,0,0,0,0   TimeStamp  :  54702       Distance  :  302

(PORT 1) : 6a,5,0,18,34,12,0,0,0,0,0,66,1,5a,17,0,0,0,0,6e,3d,3b,92,0,0,0,0,0   TimeStamp  :  54990       Distance  :  302

(PORT 1) : 6a,5,0,18,34,12,0,0,0,0,0,67,1,5b,17,0,0,0,0,a9,b1,89,f5,0,0,0,0,0   TimeStamp  :  55271       Distance  :  303

(PORT 1) : 6a,5,0,18,34,12,0,0,0,0,0,68,1,5c,17,0,0,0,0,d,e5,89,95,0,0,0,0,0   TimeStamp  :  55559       Distance  :  304

(PORT 1) : 6a,5,0,18,34,12,0,0,0,0,0,67,1,5d,17,0,0,0,0,48,dc,3b,94,0,0,0,0,0   TimeStamp  :  55847       Distance  :  303

(PORT 1) : 6a,5,0,18,34,12,0,0,0,0,0,66,1,5e,17,0,0,0,0,58,c5,50,c9,0,0,0,0,0   TimeStamp  :  56135       Distance  :  302

(PORT 1) : 6a,5,0,18,34,12,0,0,0,0,0,65,1,5f,17,0,0,0,0,db,97,6c,68,0,0,0,0,0   TimeStamp  :  56423       Distance  :  301

(PORT 1) : 6a,5,0,18,34,12,0,0,0,0,0,66,1,60,17,0,0,0,0,90,de,f2,10,0,0,0,0,0   TimeStamp  :  56710       Distance  :  302

(PORT 1) : 6a,5,0,18,34,12,0,0,0,0,0,66,1,61,17,0,0,0,0,9e,4f,fe,d2,0,0,0,0,0   TimeStamp  :  56999       Distance  :  302

(PORT 1) : 6a,5,0,18,34,12,0,0,0,0,0,66,1,62,17,0,0,0,0,2b,12,ae,76,0,0,0,0,0   TimeStamp  :  57311       Distance  :  302

(PORT 1) : 6a,5,0,18,34,12,0,0,0,0,0,65,1,63,17,0,0,0,0,fc,2,95,86,0,0,0,0,0   TimeStamp  :  57576       Distance  :  301

(PORT 1) : 6a,5,0,18,34,12,0,0,0,0,0,65,1,64,17,0,0,0,0,ff,fc,5b,c9,0,0,0,0,0   TimeStamp  :  57863       Distance  :  301

(PORT 1) : 6a,5,0,18,34,12,0,0,0,0,0,66,1,65,17,0,0,0,0,d,30,e6,f3,0,0,0,0,0   TimeStamp  :  58150       Distance  :  302

(PORT 1) : 6a,5,0,18,34,12,0,0,0,0,0,66,1,66,17,0,0,0,0,47,f0,37,47,0,0,0,0,0   TimeStamp  :  58438       Distance  :  302

(PORT 1) : 6a,5,0,18,34,12,0,0,0,0,0,67,1,67,17,0,0,0,0,9b,2d,be,66,0,0,0,0,0   TimeStamp  :  58727       Distance  :  303

(PORT 1) : 6a,5,0,18,34,12,0,0,0,0,0,67,1,68,17,0,0,0,0,1a,69,0,f0,0,0,0,0,0   TimeStamp  :  59014       Distance  :  303

(PORT 1) : 6a,5,0,18,34,12,0,0,0,0,0,66,1,69,17,0,0,0,0,ed,1c,5c,1b,0,0,0,0,0   TimeStamp  :  59302       Distance  :  302

(PORT 1) : 6a,5,0,18,34,12,0,0,0,0,0,67,1,6a,17,0,0,0,0,3b,be,d8,b9,0,0,0,0,0   TimeStamp  :  59591       Distance  :  303

(PORT 1) : 6a,5,0,18,34,12,0,0,0,0,0,65,1,6b,17,0,0,0,0,a9,af,cf,7a,0,0,0,0,0   TimeStamp  :  59878       Distance  :  301

(PORT 1) : 6a,5,0,18,34,12,0,0,0,0,0,65,1,6c,17,0,0,0,0,b1,44,af,78,0,0,0,0,0   TimeStamp  :  60166       Distance  :  301

(PORT 1) : 6a,5,0,18,34,12,0,0,0,0,0,67,1,6d,17,0,0,0,0,45,2b,c9,32,0,0,0,0,0   TimeStamp  :  60454       Distance  :  303

(PORT 1) : 6a,5,0,18,34,12,0,0,0,0,0,66,1,6e,17,0,0,0,0,3c,8d,89,7c,0,0,0,0,0   TimeStamp  :  60741       Distance  :  302

(PORT 1) : 6a,5,0,18,34,12,0,0,0,0,0,65,1,6f,17,0,0,0,0,e7,8,83,b1,0,0,0,0,0   TimeStamp  :  61030       Distance  :  301

(PORT 1) : 6a,5,0,18,34,12,0,0,0,0,0,66,1,70,17,0,0,0,0,18,dc,9c,81,0,0,0,0,0   TimeStamp  :  61319       Distance  :  302

(PORT 1) : 6a,5,0,18,34,12,0,0,0,0,0,66,1,71,17,0,0,0,0,6e,a0,10,92,0,0,0,0,0   TimeStamp  :  61607       Distance  :  302

(PORT 1) : 6a,5,0,18,34,12,0,0,0,0,0,66,1,72,17,0,0,0,0,2,89,4f,a3,0,0,0,0,0   TimeStamp  :  61895       Distance  :  302

(PORT 1) : 6a,5,0,18,34,12,0,0,0,0,0,67,1,73,17,0,0,0,0,9,2b,e9,71,0,0,0,0,0   TimeStamp  :  62183       Distance  :  303

(PORT 1) : 6a,5,0,18,34,12,0,0,0,0,0,66,1,74,17,0,0,0,0,d1,ac,8b,17,0,0,0,0,0   TimeStamp  :  62470       Distance  :  302

(PORT 1) : 6a,5,0,18,34,12,0,0,0,0,0,61,1,75,17,0,0,0,0,cc,d7,c0,46,0,0,0,0,0   TimeStamp  :  62759       Distance  :  297

(PORT 1) : 6a,5,0,18,34,12,0,0,0,0,0,66,1,76,17,0,0,0,0,cb,f3,c9,b3,0,0,0,0,0   TimeStamp  :  63046       Distance  :  302

(PORT 1) : 6a,5,0,18,34,12,0,0,0,0,0,66,1,77,17,0,0,0,0,4b,c0,4e,82,0,0,0,0,0   TimeStamp  :  63333       Distance  :  302

(PORT 1) : 6a,5,0,18,34,12,0,0,0,0,0,67,1,78,17,0,0,0,0,5d,ee,d1,5c,0,0,0,0,0   TimeStamp  :  63622       Distance  :  303

(PORT 1) : 6a,5,0,18,34,12,0,0,0,0,0,66,1,79,17,0,0,0,0,78,53,93,72,0,0,0,0,0   TimeStamp  :  63911       Distance  :  302

(PORT 1) : 6a,5,0,18,34,12,0,0,0,0,0,67,1,7a,17,0,0,0,0,9,e6,e2,aa,0,0,0,0,0   TimeStamp  :  64198       Distance  :  303

(PORT 1) : 6a,5,0,18,34,12,0,0,0,0,0,67,1,7b,17,0,0,0,0,31,93,3c,f7,0,0,0,0,0   TimeStamp  :  64485       Distance  :  303

(PORT 1) : 6a,5,0,18,34,12,0,0,0,0,0,65,1,7c,17,0,0,0,0,25,b5,72,4a,0,0,0,0,0   TimeStamp  :  64774       Distance  :  301

(PORT 1) : 6a,5,0,18,34,12,0,0,0,0,0,67,1,7d,17,0,0,0,0,e9,bd,e3,2a,0,0,0,0,0   TimeStamp  :  65062       Distance  :  303

(PORT 1) : 6a,5,0,18,34,12,0,0,0,0,0,67,1,7e,17,0,0,0,0,cc,73,4f,9b,0,0,0,0,0   TimeStamp  :  65350       Distance  :  303

(PORT 1) : 6a,5,0,18,34,12,0,0,0,0,0,67,1,7f,17,0,0,0,0,73,f6,19,55,0,0,0,0,0   TimeStamp  :  65638       Distance  :  303

(PORT 1) : 6a,5,0,18,34,12,0,0,0,0,0,67,1,80,17,0,0,0,0,73,8f,58,c8,0,0,0,0,0   TimeStamp  :  65926       Distance  :  303

(PORT 1) : 6a,5,0,18,34,12,0,0,0,0,0,67,1,81,17,0,0,0,0,7f,be,53,ec,0,0,0,0,0   TimeStamp  :  66214       Distance  :  303

(PORT 1) : 6a,5,0,18,34,12,0,0,0,0,0,67,1,82,17,0,0,0,0,3c,70,5b,b0,0,0,0,0,0   TimeStamp  :  66503       Distance  :  303

(PORT 1) : 6a,5,0,18,34,12,0,0,0,0,0,67,1,83,17,0,0,0,0,ff,a8,64,78,0,0,0,0,0   TimeStamp  :  66791       Distance  :  303

(PORT 1) : 6a,5,0,18,34,12,0,0,0,0,0,66,1,84,17,0,0,0,0,97,e2,48,6f,0,0,0,0,0   TimeStamp  :  67077       Distance  :  302

(PORT 1) : 6a,5,0,18,34,12,0,0,0,0,0,66,1,85,17,0,0,0,0,90,92,31,47,0,0,0,0,0   TimeStamp  :  67366       Distance  :  302

(PORT 1) : 6a,5,0,18,34,12,0,0,0,0,0,67,1,86,17,0,0,0,0,6a,7c,1f,ac,0,0,0,0,0   TimeStamp  :  67654       Distance  :  303

(PORT 1) : 6a,5,0,18,34,12,0,0,0,0,0,6a,1,87,17,0,0,0,0,6e,70,42,10,0,0,0,0,0   TimeStamp  :  67942       Distance  :  306

(PORT 1) : 6a,5,0,18,34,12,0,0,0,0,0,66,1,88,17,0,0,0,0,b5,a4,7,27,0,0,0,0,0   TimeStamp  :  68230       Distance  :  302

(PORT 1) : 6a,5,0,18,34,12,0,0,0,0,0,66,1,89,17,0,0,0,0,47,5b,d7,89,0,0,0,0,0   TimeStamp  :  68517       Distance  :  302

(PORT 1) : 6a,5,0,18,34,12,0,0,0,0,0,67,1,8a,17,0,0,0,0,37,1b,e4,e7,0,0,0,0,0   TimeStamp  :  68805       Distance  :  303

(PORT 1) : 6a,5,0,18,34,12,0,0,0,0,0,67,1,8b,17,0,0,0,0,1a,44,16,69,0,0,0,0,0   TimeStamp  :  69094       Distance  :  303

(PORT 1) : 6a,5,0,18,34,12,0,0,0,0,0,66,1,8c,17,0,0,0,0,43,e8,6e,3a,0,0,0,0,0   TimeStamp  :  69382       Distance  :  302

(PORT 1) : 6a,5,0,18,34,12,0,0,0,0,0,66,1,8d,17,0,0,0,0,c7,58,cc,92,0,0,0,0,0   TimeStamp  :  69670       Distance  :  302

(PORT 1) : 6a,5,0,18,34,12,0,0,0,0,0,67,1,8e,17,0,0,0,0,45,97,75,c7,0,0,0,0,0   TimeStamp  :  69958       Distance  :  303

(PORT 1) : 6a,5,0,18,34,12,0,0,0,0,0,67,1,8f,17,0,0,0,0,27,a6,63,39,0,0,0,0,0   TimeStamp  :  70246       Distance  :  303

(PORT 1) : 6a,5,0,18,34,12,0,0,0,0,0,66,1,90,17,0,0,0,0,af,80,1d,19,0,0,0,0,0   TimeStamp  :  70535       Distance  :  302

(PORT 1) : 6a,5,0,18,34,12,0,0,0,0,0,66,1,91,17,0,0,0,0,c4,a0,9f,e3,0,0,0,0,0   TimeStamp  :  70822       Distance  :  302

(PORT 1) : 6a,5,0,18,34,12,0,0,0,0,0,67,1,92,17,0,0,0,0,be,ba,4d,d1,0,0,0,0,0   TimeStamp  :  71110       Distance  :  303

(PORT 1) : 6a,5,0,18,34,12,0,0,0,0,0,66,1,93,17,0,0,0,0,43,db,6b,90,0,0,0,0

(PORT 1) : 6a,5,0,18,34,12,0,0,0,0,0,66,1,94,17,0,0,0,0,b9,2a,99,b9,0,0,0,0,0   TimeStamp  :  71686       Distance  :  302

(PORT 1) : 6a,5,0,18,34,12,0,0,0,0,0,66,1,95,17,0,0,0,0,75,41,2,6f,0,0
