
(PORT 1) : 6a,5,0,18,34,12,0,0,0,0,0,7b,0,e6,3,0,0,0,0,34,a4,27,13,0,0,0,0,0   TimeStamp  :  123532       Distance  :  67

(PORT 1) : 6a,5,0,18,34,12,0,0,0,0,0,7b,0,e7,3,0,0,0,0,84,5c,c,e2,0,0,0,0,0   TimeStamp  :  123820       Distance  :  67

(PORT 1) : 6a,5,0,18,34,12,0,0,0,0,0,7b,0,e8,3,0,0,0,0,a4,8f,35,b9,0,0,0,0,0   TimeStamp  :  124107       Distance  :  67

(PORT 1) : 6a,5,0,18,34,12,0,0,0,0,0,79,0,e9,3,0,0,0,0,8e,2b,8f,39,0,0,0,0,0   TimeStamp  :  124395       Distance  :  65

(PORT 1) : 6a,5,0,18,34,12,0,0,0,0,0,78,0,ea,3,0,0,0,0,b,7b,ee,df,0,0,0,0,0   TimeStamp  :  124683       Distance  :  64

(PORT 1) : 6a,5,0,18,34,12,0,0,0,0,0,7b,0,eb,3,0,0,0,0,64,1c,58,e4,0,0,0,0,0   TimeStamp  :  124971       Distance  :  67

(PORT 1) : 6a,5,0,18,34,12,0,0,0,0,0,7a,0,ec,3,0,0,0,0,9a,48,95,f6,0,0,0,0,0   TimeStamp  :  125262       Distance  :  66

(PORT 1) : 6a,5,0,18,34,12,0,0,0,0,0,7b,0,ed,3,0,0,0,0,c1,d9,65,29,0,0,0,0,0   TimeStamp  :  125548       Distance  :  67

(PORT 1) : 6a,5,0,18,34,12,0,0,0,0,0,7c,0,ee,3,0,0,0,0,8a,c4,e6,49,0,0,0,0,0   TimeStamp  :  125836       Distance  :  68

(PORT 1) : 6a,5,0,18,34,12,0,0,0,0,0,7b,0,ef,3,0,0,0,0,53,c2,76,f4,0,0,0,0,0   TimeStamp  :  277       Distance  :  67

(PORT 1) : 6a,5,0,18,34,12,0,0,0,0,0,7b,0,f0,3,0,0,0,0,a7,12,39,be,0,0,0,0,0   TimeStamp  :  564       Distance  :  67

(PORT 1) : 6a,5,0,18,34,12,0,0,0,0,0,79,0,f1,3,0,0,0,0,ab,a3,86,68,0,0,0,0,0   TimeStamp  :  852       Distance  :  65

(PORT 1) : 6a,5,0,18,34,12,0,0,0,0,0,79,0,f2,3,0,0,0,0,3e,a5,2f,bf,0,0,0,0,0   TimeStamp  :  1140       Distance  :  65

(PORT 1) : 6a,5,0,18,34,12,0,0,0,0,0,7a,0,f3,3,0,0,0,0,31,31,35,c4,0,0,0,0,0   TimeStamp  :  1428       Distance  :  66

(PORT 1) : 6a,5,0,18,34,12,0,0,0,0,0,7a,0,f4,3,0,0,0,0,c2,49,2b,27,0,0,0,0,0   TimeStamp  :  1715       Distance  :  66

(PORT 1) : 6a,5,0,18,34,12,0,0,0,0,0,7b,0,f5,3,0,0,0,0,b1,2c,79,74,0,0,0,0,0   TimeStamp  :  2003       Distance  :  67

(PORT 1) : 6a,5,0,18,34,12,0,0,0,0,0,7c,0,f6,3,0,0,0,0,31,74,16,35,0,0,0,0,0   TimeStamp  :  2292       Distance  :  68

(PORT 1) : 6a,5,0,18,34,12,0,0,0,0,0,7c,0,f7,3,0,0,0,0,89,48,49,4a,0,0,0,0,0   TimeStamp  :  2579       Distance  :  68

(PORT 1) : 6a,5,0,18,34,12,0,0,0,0,0,7a,0,f8,3,0,0,0,0,b7,94,ae,e7,0,0,0,0,0   TimeStamp  :  2867       Distance  :  66

(PORT 1) : 6a,5,0,18,34,12,0,0,0,0,0,7b,0,f9,3,0,0,0,0,ff,8d,e8,e6,0,0,0,0,0   TimeStamp  :  3155       Distance  :  67

(PORT 1) : 6a,5,0,18,34,12,0,0,0,0,0,7a,0,fa,3,0,0,0,0,50,89,60,a1,0,0,0,0,0   TimeStamp  :  3444       Distance  :  66

(PORT 1) : 6a,5,0,18,34,12,0,0,0,0,0,7b,0,fb,3,0,0,0,0,d9,21,92,76,0,0,0,0,0   TimeStamp  :  3731       Distance  :  67

(PORT 1) : 6a,5,0,18,34,12,0,0,0,0,0,7a,0,fc,3,0,0,0,0,23,50,af,1c,0,0,0,0,0   TimeStamp  :  4019       Distance  :  66

(PORT 1) : 6a,5,0,18,34,12,0,0,0,0,0,79,0,fd,3,0,0,0,0,c8,1,f2,98,0,0,0,0,0   TimeStamp  :  4307       Distance  :  65

(PORT 1) : 6a,5,0,18,34,12,0,0,0,0,0,7b,0,fe,3,0,0,0,0,ed,6d,c0,a,0,0,0,0,0   TimeStamp  :  4596       Distance  :  67

(PORT 1) : 6a,5,0,18,34,12,0,0,0,0,0,7b,0,ff,3,0,0,0,0,f2,3f,9d,bd,0,0,0,0,0   TimeStamp  :  4883       Distance  :  67

(PORT 1) : 6a,5,0,18,34,12,0,0,0,0,0,7a,0,0,4,0,0,0,0,5e,98,14,7e,0,0,0,0,0   TimeStamp  :  5171       Distance  :  66

(PORT 1) : 6a,5,0,18,34,12,0,0,0,0,0,7c,0,1,4,0,0,0,0,4d,1d,d2,17,0,0,0,0,0   TimeStamp  :  5459       Distance  :  68

(PORT 1) : 6a,5,0,18,34,12,0,0,0,0,0,7c,0,2,4,0,0,0,0,15,57,e5,a0,0,0,0,0,0   TimeStamp  :  5747       Distance  :  68

(PORT 1) : 6a,5,0,18,34,12,0,0,0,0,0,7b,0,3,4,0,0,0,0,ed,f7,64,c8,0,0,0,0,0   TimeStamp  :  6035       Distance  :  67

(PORT 1) : 6a,5,0,18,34,12,0,0,0,0,0,7b,0,4,4,0,0,0,0,15,b5,4a,4f,0,0,0,0,0   TimeStamp  :  6323       Distance  :  67

(PORT 1) : 6a,5,0,18,34,12,0,0,0,0,0,7b,0,5,4,0,0,0,0,fd,8f,94,e,0,0,0,0,0   TimeStamp  :  6611       Distance  :  67

(PORT 1) : 6a,5,0,18,34,12,0,0,0,0,0,7b,0,6,4,0,0,0,0,ab,6b,d3,31,0,0,0,0,0   TimeStamp  :  6899       Distance  :  67

(PORT 1) : 6a,5,0,18,34,12,0,0,0,0,0,7a,0,7,4,0,0,0,0,19,db,cb,a5,0,0,0,0,0   TimeStamp  :  7187       Distance  :  66

(PORT 1) : 6a,5,0,18,34,12,0,0,0,0,0,7a,0,8,4,0,0,0,0,23,fc,5,86,0,0,0,0,0   TimeStamp  :  7475       Distance  :  66

(PORT 1) : 6a,5,0,18,34,12,0,0,0,0,0,7c,0,9,4,0,0,0,0,e,99,a9,49,0,0,0,0,0   TimeStamp  :  7763       Distance  :  68

(PORT 1) : 6a,5,0,18,34,12,0,0,0,0,0,7b,0,a,4,0,0,0,0,56,4f,b6,f4,0,0,0,0,0   TimeStamp  :  8051       Distance  :  67

(PORT 1) : 6a,5,0,18,34,12,0,0,0,0,0,80,0,b,4,0,0,0,0,41,30,91,90,0,0,0,0,0   TimeStamp  :  8339       Distance  :  72

(PORT 1) : 6a,5,0,18,34,12,0,0,0,0,0,7b,0,c,4,0,0,0,0,1f,7f,c7,aa,0,0,0,0,0   TimeStamp  :  8627       Distance  :  67

(PORT 1) : 6a,5,0,18,34,12,0,0,0,0,0,7b,0,d,4,0,0,0,0,f,a9,34,7f,0,0,0,0,0   TimeStamp  :  8915       Distance  :  67

(PORT 1) : 6a,5,0,18,34,12,0,0,0,0,0,7a,0,e,4,0,0,0,0,56,fa,ae,1,0,0,0,0,0   TimeStamp  :  9203       Distance  :  66

(PORT 1) : 6a,5,0,18,34,12,0,0,0,0,0,7b,0,f,4,0,0,0,0,4d,18,c7,de,0,0,0,0,0   TimeStamp  :  9492       Distance  :  67

(PORT 1) : 6a,5,0,18,34,12,0,0,0,0,0,7b,0,10,4,0,0,0,0,b8,ad,e0,f3,0,0,0,0,0   TimeStamp  :  9778       Distance  :  67

(PORT 1) : 6a,5,0,18,34,12,0,0,0,0,0,7b,0,11,4,0,0,0,0,4e,c2,51,b1,0,0,0,0,0   TimeStamp  :  10067       Distance  :  67

(PORT 1) : 6a,5,0,18,34,12,0,0,0,0,0,7b,0,12,4,0,0,0,0,c0,a8,fb,72,0,0,0,0,0   TimeStamp  :  10355       Distance  :  67

(PORT 1) : 6a,5,0,18,34,12,0,0,0,0,0,79,0,13,4,0,0,0,0,ec,a9,f8,52,0,0,0,0,0   TimeStamp  :  10643       Distance  :  65

(PORT 1) : 6a,5,0,18,34,12,0,0,0,0,0,7b,0,14,4,0,0,0,0,27,e0,a2,d,0,0,0,0,0   TimeStamp  :  10931       Distance  :  67

(PORT 1) : 6a,5,0,18,34,12,0,0,0,0,0,7b,0,15,4,0,0,0,0,78,17,da,a7,0,0,0,0,0   TimeStamp  :  11219       Distance  :  67

(PORT 1) : 6a,5,0,18,34,12,0,0,0,0,0,7a,0,16,4,0,0,0,0,49,c9,fc,4d,0,0,0,0,0   TimeStamp  :  11507       Distance  :  66

(PORT 1) : 6a,5,0,18,34,12,0,0,0,0,0,7c,0,17,4,0,0,0,0,cc,4d,c9,d,0,0,0,0,0   TimeStamp  :  11794       Distance  :  68

(PORT 1) : 6a,5,0,18,34,12,0,0,0,0,0,7a,0,18,4,0,0,0,0,aa,60,bc,8e,0,0,0,0,0   TimeStamp  :  12083       Distance  :  66

(PORT 1) : 6a,5,0,18,34,12,0,0,0,0,0,7a,0,19,4,0,0,0,0,c,e9,58,b1,0,0,0,0,0   TimeStamp  :  12370       Distance  :  66

(PORT 1) : 6a,5,0,18,34,12,0,0,0,0,0,7a,0,1a,4,0,0,0,0,1d,c8,57,9c,0,0,0,0,0   TimeStamp  :  12660       Distance  :  66

(PORT 1) : 6a,5,0,18,34,12,0,0,0,0,0,7b,0,1b,4,0,0,0,0,2f,1e,23,22,0,0,0,0,0   TimeStamp  :  12947       Distance  :  67

(PORT 1) : 6a,5,0,18,34,12,0,0,0,0,0,7c,0,1c,4,0,0,0,0,dc,da,3d,78,0,0,0,0,0   TimeStamp  :  13235       Distance  :  68

(PORT 1) : 6a,5,0,18,34,12,0,0,0,0,0,7a,0,1d,4,0,0,0,0,b6,ff,a7,15,0,0,0,0,0   TimeStamp  :  13522       Distance  :  66

(PORT 1) : 6a,5,0,18,34,12,0,0,0,0,0,7b,0,1e,4,0,0,0,0,75,6e,61,23,0,0,0,0,0   TimeStamp  :  13811       Distance  :  67

(PORT 1) : 6a,5,0,18,34,12,0,0,0,0,0,7b,0,1f,4,0,0,0,0,d,61,36,0,0,0,0,0,0   TimeStamp  :  14098       Distance  :  67

(PORT 1) : 6a,5,0,18,34,12,0,0,0,0,0,7b,0,20,4,0,0,0,0,7b,65,7f,10,0,0,0,0,0   TimeStamp  :  14387       Distance  :  67

(PORT 1) : 6a,5,0,18,34,12,0,0,0,0,0,7b,0,21,4,0,0,0,0,d2,72,57,50,0,0,0,0,0   TimeStamp  :  14676       Distance  :  67

(PORT 1) : 6a,5,0,18,34,12,0,0,0,0,0,7a,0,22,4,0,0,0,0,4a,1b,6b,6e,0,0,0,0,0   TimeStamp  :  14963       Distance  :  66

(PORT 1) : 6a,5,0,18,34,12,0,0,0,0,0,7c,0,23,4,0,0,0,0,82,f2,89,70,0,0,0,0,0   TimeStamp  :  15251       Distance  :  68

(PORT 1) : 6a,5,0,18,34,12,0,0,0,0,0,7c,0,24,4,0,0,0,0,23,96,e2,d0,0,0,0,0,0   TimeStamp  :  15538       Distance  :  68

(PORT 1) : 6a,5,0,18,34,12,0,0,0,0,0,7c,0,25,4,0,0,0,0,f0,8,f7,2d,0,0,0,0,0   TimeStamp  :  15826       Distance  :  68

(PORT 1) : 6a,5,0,18,34,12,0,0,0,0,0,7b,0,26,4,0,0,0,0,52,f4,41,18,0,0,0,0,0   TimeStamp  :  16114       Distance  :  67

(PORT 1) : 6a,5,0,18,34,12,0,0,0,0,0,7b,0,27,4,0,0,0,0,c3,d5,2c,ea,0,0,0,0,0   TimeStamp  :  16402       Distance  :  67

(PORT 1) : 6a,5,0,18,34,12,0,0,0,0,0,7b,0,28,4,0,0,0,0,d9,76,3a,e3,0,0,0,0,0   TimeStamp  :  16690       Distance  :  67

(PORT 1) : 6a,5,0,18,34,12,0,0,0,0,0,7c,0,29,4,0,0,0,0,43,dd,46,bc,0,0,0,0,0   TimeStamp  :  16978       Distance  :  68

(PORT 1) : 6a,5,0,18,34,12,0,0,0,0,0,7a,0,2a,4,0,0,0,0,7f,4,62,db,0,0,0,0,0   TimeStamp  :  17267       Distance  :  66

(PORT 1) : 6a,5,0,18,34,12,0,0,0,0,0,7a,0,2b,4,0,0,0,0,e7,2b,9f,59,0,0,0,0,0   TimeStamp  :  17554       Distance  :  66

(PORT 1) : 6a,5,0,18,34,12,0,0,0,0,0,7b,0,2c,4,0,0,0,0,b,9d,1b,70,0,0,0,0,0   TimeStamp  :  17843       Distance  :  67

(PORT 1) : 6a,5,0,18,34,12,0,0,0,0,0,7a,0,2d,4,0,0,0,0,87,ef,b9,c1,0,0,0,0,0   TimeStamp  :  18130       Distance  :  66

(PORT 1) : 6a,5,0,18,34,12,0,0,0,0,0,7b,0,2e,4,0,0,0,0,e1,f0,7d,2a,0,0,0,0,0   TimeStamp  :  18418       Distance  :  67

(PORT 1) : 6a,5,0,18,34,12,0,0,0,0,0,7b,0,2f,4,0,0,0,0,fe,88,3c,e6,0,0,0,0,0   TimeStamp  :  18706       Distance  :  67

(PORT 1) : 6a,5,0,18,34,12,0,0,0,0,0,79,0,30,4,0,0,0,0,a4,9d,f1,d6,0,0,0,0,0   TimeStamp  :  18994       Distance  :  65

(PORT 1) : 6a,5,0,18,34,12,0,0,0,0,0,7b,0,31,4,0,0,0,0,10,fd,bb,b0,0,0,0,0,0   TimeStamp  :  19282       Distance  :  67

(PORT 1) : 6a,5,0,18,34,12,0,0,0,0,0,7c,0,32,4,0,0,0,0,8d,3f,97,e7,0,0,0,0,0   TimeStamp  :  19570       Distance  :  68

(PORT 1) : 6a,5,0,18,34,12,0,0,0,0,0,79,0,33,4,0,0,0,0,59,30,56,b9,0,0,0,0,0   TimeStamp  :  19858       Distance  :  65

(PORT 1) : 6a,5,0,18,34,12,0,0,0,0,0,7a,0,34,4,0,0,0,0,8e,b7,9e,64,0,0,0,0,0   TimeStamp  :  20146       Distance  :  66

(PORT 1) : 6a,5,0,18,34,12,0,0,0,0,0,7a,0,35,4,0,0,0,0,12,c0,a4,b8,0,0,0,0,0   TimeStamp  :  20434       Distance  :  66

(PORT 1) : 6a,5,0,18,34,12,0,0,0,0,0,7b,0,36,4,0,0,0,0,a1,64,e9,a8,0,0,0,0,0   TimeStamp  :  20722       Distance  :  67

(PORT 1) : 6a,5,0,18,34,12,0,0,0,0,0,7b,0,37,4,0,0,0,0,bb,c0,46,b8,0,0,0,0,0   TimeStamp  :  21010       Distance  :  67

(PORT 1) : 6a,5,0,18,34,12,0,0,0,0,0,7a,0,38,4,0,0,0,0,43,a3,9a,48,0,0,0,0,0   TimeStamp  :  21298       Distance  :  66

(PORT 1) : 6a,5,0,18,34,12,0,0,0,0,0,7b,0,39,4,0,0,0,0,53,78,96,32,0,0,0,0,0   TimeStamp  :  21586       Distance  :  67

(PORT 1) : 6a,5,0,18,34,12,0,0,0,0,0,7b,0,3a,4,0,0,0,0,5e,9,3d,59,0,0,0,0,0   TimeStamp  :  21874       Distance  :  67

(PORT 1) : 6a,5,0,18,34,12,0,0,0,0,0,7b,0,3b,4,0,0,0,0,f6,ee,45,b9,0,0,0,0,0   TimeStamp  :  22162       Distance  :  67

(PORT 1) : 6a,5,0,18,34,12,0,0,0,0,0,7b,0,3c,4,0,0,0,0,b5,26,af,67,0,0,0,0,0   TimeStamp  :  22450       Distance  :  67

(PORT 1) : 6a,5,0,18,34,12,0,0,0,0,0,7b,0,3d,4,0,0,0,0,7e,92,2f,70,0,0,0,0,0   TimeStamp  :  22738       Distance  :  67

(PORT 1) : 6a,5,0,18,34,12,0,0,0,0,0,7a,0,3e,4,0,0,0,0,bb,36,7d,b0,0,0,0,0,0   TimeStamp  :  23026       Distance  :  66

(PORT 1) : 6a,5,0,18,34,12,0,0,0,0,0,7b,0,3f,4,0,0,0,0,5c,64,6e,55,0,0,0,0,0   TimeStamp  :  23314       Distance  :  67

(PORT 1) : 6a,5,0,18,34,12,0,0,0,0,0,7b,0,40,4,0,0,0,0,b2,b2,28,d0,0,0,0,0,0   TimeStamp  :  23602       Distance  :  67

(PORT 1) : 6a,5,0,18,34,12,0,0,0,0,0,7a,0,41,4,0,0,0,0,33,8,4b,a0,0,0,0,0,0   TimeStamp  :  23890       Distance  :  66

(PORT 1) : 6a,5,0,18,34,12,0,0,0,0,0,7b,0,42,4,0,0,0,0,64,18,8e,ff,0,0,0,0,0   TimeStamp  :  24178       Distance  :  67

(PORT 1) : 6a,5,0,18,34,12,0,0,0,0,0,7b,0,43,4,0,0,0,0,14,e8,72,81,0,0,0,0,0   TimeStamp  :  24466       Distance  :  67

(PORT 1) : 6a,5,0,18,34,12,0,0,0,0,0,7b,0,44,4,0,0,0,0,19,4e,7,87,0,0,0,0,0   TimeStamp  :  24754       Distance  :  67

(PORT 1) : 6a,5,0,18,34,12,0,0,0,0,0,7b,0,45,4,0,0,0,0,5,f7,87,24,0,0,0,0,0   TimeStamp  :  25042       Distance  :  67

(PORT 1) : 6a,5,0,18,34,12,0,0,0,0,0,7a,0,46,4,0,0,0,0,d,29,7,29,0,0,0,0,0   TimeStamp  :  25330       Distance  :  66

(PORT 1) : 6a,5,0,18,34,12,0,0,0,0,0,7b,0,47,4,0,0,0,0,9,82,51,56,0,0,0,0,0   TimeStamp  :  25618       Distance  :  67

(PORT 1) : 6a,5,0,18,34,12,0,0,0,0,0,7c,0,48,4,0,0,0,0,2,48,ef,93,0,0,0,0,0   TimeStamp  :  25906       Distance  :  68

(PORT 1) : 6a,5,0,18,34,12,0,0,0,0,0,7b,0,49,4,0,0,0,0,2b,7,a2,b8,0,0,0,0,0   TimeStamp  :  26194       Distance  :  67

(PORT 1) : 6a,5,0,18,34,12,0,0,0,0,0,7b,0,4a,4,0,0,0,0,be,16,f4,bd,0,0,0,0,0   TimeStamp  :  26482       Distance  :  67

(PORT 1) : 6a,5,0,18,34,12,0,0,0,0,0,7c,0,4b,4,0,0,0,0,62,17,7b,d2,0,0,0,0,0   TimeStamp  :  26770       Distance  :  68

(PORT 1) : 6a,5,0,18,34,12,0,0,0,0,0,81,0,4c,4,0,0,0,0,84,6d,63,89,0,0,0,0,0   TimeStamp  :  27058       Distance  :  73

(PORT 1) : 6a,5,0,18,34,12,0,0,0,0,0,7b,0,4d,4,0,0,0,0,36,4c,75,5,0,0,0,0,0   TimeStamp  :  27346       Distance  :  67

(PORT 1) : 6a,5,0,18,34,12,0,0,0,0,0,7b,0,4e,4,0,0,0,0,7b,61,df,6b,0,0,0,0,0   TimeStamp  :  27634       Distance  :  67

(PORT 1) : 6a,5,0,18,34,12,0,0,0,0,0,7c,0,4f,4,0,0,0,0,61,35,d8,5b,0,0,0,0,0   TimeStamp  :  27922       Distance  :  68

(PORT 1) : 6a,5,0,18,34,12,0,0,0,0,0,7b,0,50,4,0,0,0,0,8b,a6,2a,5a,0,0,0,0,0   TimeStamp  :  28210       Distance  :  67

(PORT 1) : 6a,5,0,18,34,12,0,0,0,0,0,7b,0,51,4,0,0,0,0,3c,8e,7,c9,0,0,0,0,0   TimeStamp  :  28498       Distance  :  67

(PORT 1) : 6a,5,0,18,34,12,0,0,0,0,0,7c,0,52,4,0,0,0,0,e1,5e,60,92,0,0,0,0,0   TimeStamp  :  28786       Distance  :  68

(PORT 1) : 6a,5,0,18,34,12,0,0,0,0,0,7a,0,53,4,0,0,0,0,5,5,fb,32,0,0,0,0,0   TimeStamp  :  29074       Distance  :  66

(PORT 1) : 6a,5,0,18,34,12,0,0,0,0,0,7b,0,54,4,0,0,0,0,cd,f4,2a,12,0,0,0,0,0   TimeStamp  :  29362       Distance  :  67

(PORT 1) : 6a,5,0,18,34,12,0,0,0,0,0,7b,0,55,4,0,0,0,0,77,71,5d,57,0,0,0,0,0   TimeStamp  :  29650       Distance  :  67

(PORT 1) : 6a,5,0,18,34,12,0,0,0,0,0,7b,0,56,4,0,0,0,0,20,5e,98,5f,0,0,0,0,0   TimeStamp  :  29938       Distance  :  67

(PORT 1) : 6a,5,0,18,34,12,0,0,0,0,0,7a,0,57,4,0,0,0,0,a4,f4,48,72,0,0,0,0,0   TimeStamp  :  30226       Distance  :  66

(PORT 1) : 6a,5,0,18,34,12,0,0,0,0,0,7a,0,58,4,0,0,0,0,62,1e,5f,e3,0,0,0,0,0   TimeStamp  :  30514       Distance  :  66

(PORT 1) : 6a,5,0,18,34,12,0,0,0,0,0,7c,0,59,4,0,0,0,0,51,27,e7,44,0,0,0,0,0   TimeStamp  :  30802       Distance  :  68

(PORT 1) : 6a,5,0,18,34,12,0,0,0,0,0,7a,0,5a,4,0,0,0,0,31,b6,db,24,0,0,0,0,0   TimeStamp  :  31090       Distance  :  66

(PORT 1) : 6a,5,0,18,34,12,0,0,0,0,0,7b,0,5b,4,0,0,0,0,69,b3,59,c2,0,0,0,0,0   TimeStamp  :  31378       Distance  :  67

(PORT 1) : 6a,5,0,18,34,12,0,0,0,0,0,7c,0,5c,4,0,0,0,0,fa,3c,dd,77,0,0,0,0,0   TimeStamp  :  31666       Distance  :  68

(PORT 1) : 6a,5,0,18,34,12,0,0,0,0,0,77,0,5d,4,0,0,0,0,c2,f,aa,dd,0,0,0,0,0   TimeStamp  :  31954       Distance  :  63

(PORT 1) : 6a,5,0,18,34,12,0,0,0,0,0,7a,0,5e,4,0,0,0,0,46,9a,1a,29,0,0,0,0,0   TimeStamp  :  32242       Distance  :  66

(PORT 1) : 6a,5,0,18,34,12,0,0,0,0,0,7b,0,5f,4,0,0,0,0,20,b1,7,60,0,0,0,0,0   TimeStamp  :  32529       Distance  :  67

(PORT 1) : 6a,5,0,18,34,12,0,0,0,0,0,7b,0,60,4,0,0,0,0,97,1f,71,fc,0,0,0,0,0   TimeStamp  :  32818       Distance  :  67

(PORT 1) : 6a,5,0,18,34,12,0,0,0,0,0,7c,0,61,4,0,0,0,0,b,7d,3e,df,0,0,0,0,0   TimeStamp  :  33106       Distance  :  68

(PORT 1) : 6a,5,0,18,34,12,0,0,0,0,0,7b,0,62,4,0,0,0,0,1d,59,70,f4,0,0,0,0,0   TimeStamp  :  33394       Distance  :  67

(PORT 1) : 6a,5,0,18,34,12,0,0,0,0,0,7b,0,63,4,0,0,0,0,7c,4c,3,1a,0,0,0,0,0   TimeStamp  :  33682       Distance  :  67

(PORT 1) : 6a,5,0,18,34,12,0,0,0,0,0,7c,0,64,4,0,0,0,0,d0,96,ab,b6,0,0,0,0,0   TimeStamp  :  33970       Distance  :  68

(PORT 1) : 6a,5,0,18,34,12,0,0,0,0,0,7a,0,65,4,0,0,0,0,bb,a3,94,f8,0,0,0,0,0   TimeStamp  :  34258       Distance  :  66

(PORT 1) : 6a,5,0,18,34,12,0,0,0,0,0,7b,0,66,4,0,0,0,0,35,d4,2,f,0,0,0,0,0   TimeStamp  :  34547       Distance  :  67

(PORT 1) : 6a,5,0,18,34,12,0,0,0,0,0,7b,0,67,4,0,0,0,0,98,67,3d,8f,0,0,0,0,0   TimeStamp  :  34834       Distance  :  67

(PORT 1) : 6a,5,0,18,34,12,0,0,0,0,0,7b,0,68,4,0,0,0,0,2f,1e,b6,fc,0,0,0,0,0   TimeStamp  :  35123       Distance  :  67

(PORT 1) : 6a,5,0,18,34,12,0,0,0,0,0,7b,0,69,4,0,0,0,0,90,c9,39,1c,0,0,0,0,0   TimeStamp  :  35410       Distance  :  67

(PORT 1) : 6a,5,0,18,34,12,0,0,0,0,0,7a,0,6a,4,0,0,0,0,c3,9b,ab,67,0,0,0,0,0   TimeStamp  :  35698       Distance  :  66

(PORT 1) : 6a,5,0,18,34,12,0,0,0,0,0,7c,0,6b,4,0,0,0,0,61,de,a,98,0,0,0,0,0   TimeStamp  :  35987       Distance  :  68

(PORT 1) : 6a,5,0,18,34,12,0,0,0,0,0,7b,0,6c,4,0,0,0,0,f9,ae,bf,6d,0,0,0,0,0   TimeStamp  :  36275       Distance  :  67

(PORT 1) : 6a,5,0,18,34,12,0,0,0,0,0,7b,0,6d,4,0,0,0,0,5b,98,9c,51,0,0,0,0,0   TimeStamp  :  36563       Distance  :  67

(PORT 1) : 6a,5,0,18,34,12,0,0,0,0,0,7b,0,6e,4,0,0,0,0,3f,b9,78,94,0,0,0,0,0   TimeStamp  :  36851       Distance  :  67

(PORT 1) : 6a,5,0,18,34,12,0,0,0,0,0,7b,0,6f,4,0,0,0,0,df,f6,7d,bc,0,0,0,0,0   TimeStamp  :  37138       Distance  :  67

(PORT 1) : 6a,5,0,18,34,12,0,0,0,0,0,7a,0,70,4,0,0,0,0,4,f7,5e,67,0,0,0,0,0   TimeStamp  :  37427       Distance  :  66

(PORT 1) : 6a,5,0,18,34,12,0,0,0,0,0,7b,0,71,4,0,0,0,0,d9,78,35,8e,0,0,0,0,0   TimeStamp  :  37715       Distance  :  67

(PORT 1) : 6a,5,0,18,34,12,0,0,0,0,0,7b,0,72,4,0,0,0,0,df,58,75,7b,0,0,0,0,0   TimeStamp  :  38003       Distance  :  67

(PORT 1) : 6a,5,0,18,34,12,0,0,0,0,0,7c,0,73,4,0,0,0,0,d6,ae,f,e4,0,0,0,0,0   TimeStamp  :  38291       Distance  :  68

(PORT 1) : 6a,5,0,18,34,12,0,0,0,0,0,7a,0,74,4,0,0,0,0,9c,cc,95,6f,0,0,0,0,0   TimeStamp  :  38579       Distance  :  66

(PORT 1) : 6a,5,0,18,34,12,0,0,0,0,0,7c,0,75,4,0,0,0,0,db,ae,a8,85,0,0,0,0,0   TimeStamp  :  38866       Distance  :  68

(PORT 1) : 6a,5,0,18,34,12,0,0,0,0,0,7c,0,76,4,0,0,0,0,c4,e,14,ac,0,0,0,0,0   TimeStamp  :  39155       Distance  :  68

(PORT 1) : 6a,5,0,18,34,12,0,0,0,0,0,7a,0,77,4,0,0,0,0,87,c7,6b,f2,0,0,0,0,0   TimeStamp  :  39443       Distance  :  66

(PORT 1) : 6a,5,0,18,34,12,0,0,0,0,0,7b,0,78,4,0,0,0,0,36,8a,2f,9e,0,0,0,0,0   TimeStamp  :  39731       Distance  :  67

(PORT 1) : 6a,5,0,18,34,12,0,0,0,0,0,7a,0,79,4,0,0,0,0,b,6a,3a,ff,0,0,0,0,0   TimeStamp  :  40019       Distance  :  66

(PORT 1) : 6a,5,0,18,34,12,0,0,0,0,0,7b,0,7a,4,0,0,0,0,d8,37,f6,6a,0,0,0,0,0   TimeStamp  :  40306       Distance  :  67

(PORT 1) : 6a,5,0,18,34,12,0,0,0,0,0,7b,0,7b,4,0,0,0,0,bb,85,53,73,0,0,0,0,0   TimeStamp  :  40595       Distance  :  67

(PORT 1) : 6a,5,0,18,34,12,0,0,0,0,0,7c,0,7c,4,0,0,0,0,42,a6,10,5,0,0,0,0,0   TimeStamp  :  40883       Distance  :  68

(PORT 1) : 6a,5,0,18,34,12,0,0,0,0,0,7b,0,7d,4,0,0,0,0,79,66,23,1d,0,0,0,0,0   TimeStamp  :  41171       Distance  :  67

(PORT 1) : 6a,5,0,18,34,12,0,0,0,0,0,7b,0,7e,4,0,0,0,0,8c,c8,ad,6f,0,0,0,0,0   TimeStamp  :  41459       Distance  :  67

(PORT 1) : 6a,5,0,18,34,12,0,0,0,0,0,7b,0,7f,4,0,0,0,0,f7,81,49,c8,0,0,0,0,0   TimeStamp  :  41746       Distance  :  67

(PORT 1) : 6a,5,0,18,34,12,0,0,0,0,0,7b,0,80,4,0,0,0,0,f4,81,1a,c9,0,0,0,0,0   TimeStamp  :  42034       Distance  :  67

(PORT 1) : 6a,5,0,18,34,12,0,0,0,0,0,7a,0,81,4,0,0,0,0,d2,f,7,3f,0,0,0,0,0   TimeStamp  :  42322       Distance  :  66

(PORT 1) : 6a,5,0,18,34,12,0,0,0,0,0,7b,0,82,4,0,0,0,0,34,3f,b1,4e,0,0,0,0,0   TimeStamp  :  42610       Distance  :  67

(PORT 1) : 6a,5,0,18,34,12,0,0,0,0,0,79,0,83,4,0,0,0,0,5c,b9,28,2b,0,0,0,0,0   TimeStamp  :  42898       Distance  :  65

(PORT 1) : 6a,5,0,18,34,12,0,0,0,0,0,7a,0,84,4,0,0,0,0,28,b9,34,f1,0,0,0,0,0   TimeStamp  :  43185       Distance  :  66

(PORT 1) : 6a,5,0,18,34,12,0,0,0,0,0,7b,0,85,4,0,0,0,0,4,9b,ab,92,0,0,0,0,0   TimeStamp  :  43474       Distance  :  67

(PORT 1) : 6a,5,0,18,34,12,0,0,0,0,0,7a,0,86,4,0,0,0,0,dd,8c,76,58,0,0,0,0,0   TimeStamp  :  43762       Distance  :  66

(PORT 1) : 6a,5,0,18,34,12,0,0,0,0,0,7b,0,87,4,0,0,0,0,c7,84,49,7b,0,0,0,0,0   TimeStamp  :  44051       Distance  :  67

(PORT 1) : 6a,5,0,18,34,12,0,0,0,0,0,7b,0,88,4,0,0,0,0,ad,8e,c1,4,0,0,0,0,0   TimeStamp  :  44338       Distance  :  67

(PORT 1) : 6a,5,0,18,34,12,0,0,0,0,0,7c,0,89,4,0,0,0,0,7a,da,23,85,0,0,0,0,0   TimeStamp  :  44626       Distance  :  68

(PORT 1) : 6a,5,0,18,34,12,0,0,0,0,0,7a,0,8a,4,0,0,0,0,54,b0,67,38,0,0,0,0,0   TimeStamp  :  44914       Distance  :  66

(PORT 1) : 6a,5,0,18,34,12,0,0,0,0,0,7b,0,8b,4,0,0,0,0,8e,c7,6b,c7,0,0,0,0,0   TimeStamp  :  45203       Distance  :  67

(PORT 1) : 6a,5,0,18,34,12,0,0,0,0,0,7c,0,8c,4,0,0,0,0,4a,ab,6,be,0,0,0,0,0   TimeStamp  :  45490       Distance  :  68

(PORT 1) : 6a,5,0,18,34,12,0,0,0,0,0,7c,0,8d,4,0,0,0,0,6c,61,b1,50,0,0,0,0,0   TimeStamp  :  45778       Distance  :  68

(PORT 1) : 6a,5,0,18,34,12,0,0,0,0,0,79,0,8e,4,0,0,0,0,3b,7b,57,c0,0,0,0,0,0   TimeStamp  :  46066       Distance  :  65

(PORT 1) : 6a,5,0,18,34,12,0,0,0,0,0,7a,0,8f,4,0,0,0,0,cf,50,49,0,0,0,0,0,0   TimeStamp  :  46354       Distance  :  66

(PORT 1) : 6a,5,0,18,34,12,0,0,0,0,0,7c,0,90,4,0,0,0,0,33,af,bb,22,0,0,0,0,0   TimeStamp  :  46642       Distance  :  68

(PORT 1) : 6a,5,0,18,34,12,0,0,0,0,0,7b,0,91,4,0,0,0,0,8a,90,f1,e9,0,0,0,0,0   TimeStamp  :  46930       Distance  :  67

(PORT 1) : 6a,5,0,18,34,12,0,0,0,0,0,7c,0,92,4,0,0,0,0,81,2d,30,9a,0,0,0,0,0   TimeStamp  :  47218       Distance  :  68

(PORT 1) : 6a,5,0,18,34,12,0,0,0,0,0,7b,0,93,4,0,0,0,0,ed,1b,a2,9d,0,0,0,0,0   TimeStamp  :  47506       Distance  :  67

(PORT 1) : 6a,5,0,18,34,12,0,0,0,0,0,7b,0,94,4,0,0,0,0,40,45,67,e2,0,0,0,0,0   TimeStamp  :  47794       Distance  :  67

(PORT 1) : 6a,5,0,18,34,12,0,0,0,0,0,7a,0,95,4,0,0,0,0,e0,59,76,a5,0,0,0,0,0   TimeStamp  :  48082       Distance  :  66

(PORT 1) : 6a,5,0,18,34,12,0,0,0,0,0,7b,0,96,4,0,0,0,0,28,b1,ba,7b,0,0,0,0,0   TimeStamp  :  48370       Distance  :  67

(PORT 1) : 6a,5,0,18,34,12,0,0,0,0,0,7a,0,97,4,0,0,0,0,99,84,86,99,0,0,0,0,0   TimeStamp  :  48659       Distance  :  66

(PORT 1) : 6a,5,0,18,34,12,0,0,0,0,0,7a,0,98,4,0,0,0,0,5e,89,41,f9,0,0,0,0,0   TimeStamp  :  48946       Distance  :  66

(PORT 1) : 6a,5,0,18,34,12,0,0,0,0,0,7b,0,99,4,0,0,0,0,34,8e,4d,e7,0,0,0,0,0   TimeStamp  :  49234       Distance  :  67

(PORT 1) : 6a,5,0,18,34,12,0,0,0,0,0,7c,0,9a,4,0,0,0,0,b,6b,e5,8a,0,0,0,0,0   TimeStamp  :  49522       Distance  :  68

(PORT 1) : 6a,5,0,18,34,12,0,0,0,0,0,7b,0,9b,4,0,0,0,0,a5,35,23,a0,0,0,0,0,0   TimeStamp  :  49810       Distance  :  67

(PORT 1) : 6a,5,0,18,34,12,0,0,0,0,0,7b,0,9c,4,0,0,0,0,39,ba,35,ee,0,0,0,0,0   TimeStamp  :  50098       Distance  :  67

(PORT 1) : 6a,5,0,18,34,12,0,0,0,0,0,7b,0,9d,4,0,0,0,0,d5,1d,ec,7e,0,0,0,0,0   TimeStamp  :  50386       Distance  :  67

(PORT 1) : 6a,5,0,18,34,12,0,0,0,0,0,7c,0,9e,4,0,0,0,0,c8,e,26,72,0,0,0,0,0   TimeStamp  :  50674       Distance  :  68

(PORT 1) : 6a,5,0,18,34,12,0,0,0,0,0,7c,0,9f,4,0,0,0,0,2,b8,80,5b,0,0,0,0,0   TimeStamp  :  50962       Distance  :  68

(PORT 1) : 6a,5,0,18,34,12,0,0,0,0,0,7b,0,a0,4,0,0,0,0,1d,8c,f7,68,0,0,0,0,0   TimeStamp  :  51250       Distance  :  67

(PORT 1) : 6a,5,0,18,34,12,0,0,0,0,0,7b,0,a1,4,0,0,0,0,24,de,2b,d,0,0,0,0,0   TimeStamp  :  51536       Distance  :  67

(PORT 1) : 6a,5,0,18,34,12,0,0,0,0,0,7b,0,a2,4,0,0,0,0,d3,c8,93,73,0,0,0,0,0   TimeStamp  :  51824       Distance  :  67

(PORT 1) : 6a,5,0,18,34,12,0,0,0,0,0,7b,0,a3,4,0,0,0,0,c1,f7,b5,31,0,0,0,0,0   TimeStamp  :  52112       Distance  :  67

(PORT 1) : 6a,5,0,18,34,12,0,0,0,0,0,7b,0,a4,4,0,0,0,0,ae,e3,63,9d,0,0,0,0,0   TimeStamp  :  52400       Distance  :  67

(PORT 1) : 6a,5,0,18,34,12,0,0,0,0,0,7b,0,a5,4,0,0,0,0,93,76,79,1d,0,0,0,0,0   TimeStamp  :  52687       Distance  :  67

(PORT 1) : 6a,5,0,18,34,12,0,0,0,0,0,7b,0,a6,4,0,0,0,0,34,56,3f,25,0,0,0,0,0   TimeStamp  :  52976       Distance  :  67

(PORT 1) : 6a,5,0,18,34,12,0,0,0,0,0,7b,0,a7,4,0,0,0,0,ef,e0,50,e1,0,0,0,0,0   TimeStamp  :  53264       Distance  :  67

(PORT 1) : 6a,5,0,18,34,12,0,0,0,0,0,7b,0,a8,4,0,0,0,0,de,b6,b8,a6,0,0,0,0,0   TimeStamp  :  53552       Distance  :  67

(PORT 1) : 6a,5,0,18,34,12,0,0,0,0,0,7a,0,a9,4,0,0,0,0,5a,fd,f0,73,0,0,0,0,0   TimeStamp  :  53840       Distance  :  66

(PORT 1) : 6a,5,0,18,34,12,0,0,0,0,0,7b,0,aa,4,0,0,0,0,b5,51,12,fc,0,0,0,0,0   TimeStamp  :  54128       Distance  :  67

(PORT 1) : 6a,5,0,18,34,12,0,0,0,0,0,7a,0,ab,4,0,0,0,0,46,97,7f,78,0,0,0,0,0   TimeStamp  :  54416       Distance  :  66

(PORT 1) : 6a,5,0,18,34,12,0,0,0,0,0,7b,0,ac,4,0,0,0,0,9e,ae,df,c5,0,0,0,0,0   TimeStamp  :  54703       Distance  :  67

(PORT 1) : 6a,5,0,18,34,12,0,0,0,0,0,7a,0,ad,4,0,0,0,0,61,50,6d,5e,0,0,0,0,0   TimeStamp  :  54992       Distance  :  66

(PORT 1) : 6a,5,0,18,34,12,0,0,0,0,0,7b,0,ae,4,0,0,0,0,e3,11,2a,83,0,0,0,0,0   TimeStamp  :  55280       Distance  :  67

(PORT 1) : 6a,5,0,18,34,12,0,0,0,0,0,7b,0,af,4,0,0,0,0,14,3d,e0,d0,0,0,0,0,0   TimeStamp  :  55568       Distance  :  67

(PORT 1) : 6a,5,0,18,34,12,0,0,0,0,0,7a,0,b0,4,0,0,0,0,4c,e,13,48,0,0,0,0,0   TimeStamp  :  55856       Distance  :  66

(PORT 1) : 6a,5,0,18,34,12,0,0,0,0,0,7b,0,b1,4,0,0,0,0,43,36,7d,ab,0,0,0,0,0   TimeStamp  :  56143       Distance  :  67

(PORT 1) : 6a,5,0,18,34,12,0,0,0,0,0,7b,0,b2,4,0,0,0,0,a6,ed,58,80,0,0,0,0,0   TimeStamp  :  56432       Distance  :  67

(PORT 1) : 6a,5,0,18,34,12,0,0,0,0,0,7c,0,b3,4,0,0,0,0,e0,ee,1d,cd,0,0,0,0,0   TimeStamp  :  56720       Distance  :  68

(PORT 1) : 6a,5,0,18,34,12,0,0,0,0,0,7a,0,b4,4,0,0,0,0,87,53,c4,c6,0,0,0,0,0   TimeStamp  :  57008       Distance  :  66

(PORT 1) : 6a,5,0,18,34,12,0,0,0,0,0,7c,0,b5,4,0,0,0,0,e4,df,16,c6,0,0,0,0,0   TimeStamp  :  57296       Distance  :  68

(PORT 1) : 6a,5,0,18,34,12,0,0,0,0,0,7a,0,b6,4,0,0,0,0,71,d6,fe,bf,0,0,0,0,0   TimeStamp  :  57584       Distance  :  66

(PORT 1) : 6a,5,0,18,34,12,0,0,0,0,0,7a,0,b7,4,0,0,0,0,b3,b1,e,73,0,0,0,0,0   TimeStamp  :  57872       Distance  :  66

(PORT 1) : 6a,5,0,18,34,12,0,0,0,0,0,7b,0,b8,4,0,0,0,0,92,85,f7,6e,0,0,0,0,0   TimeStamp  :  58160       Distance  :  67

(PORT 1) : 6a,5,0,18,34,12,0,0,0,0,0,7b,0,b9,4,0,0,0,0,c5,65,5c,36,0,0,0,0,0   TimeStamp  :  58448       Distance  :  67

(PORT 1) : 6a,5,0,18,34,12,0,0,0,0,0,7c,0,ba,4,0,0,0,0,7f,3d,75,b7,0,0,0,0,0   TimeStamp  :  58736       Distance  :  68

(PORT 1) : 6a,5,0,18,34,12,0,0,0,0,0,7b,0,bb,4,0,0,0,0,40,94,8,92,0,0,0,0,0   TimeStamp  :  59024       Distance  :  67

(PORT 1) : 6a,5,0,18,34,12,0,0,0,0,0,7b,0,bc,4,0,0,0,0,27,d4,43,4f,0,0,0,0,0   TimeStamp  :  59312       Distance  :  67

(PORT 1) : 6a,5,0,18,34,12,0,0,0,0,0,7b,0,bd,4,0,0,0,0,b6,a9,e4,72,0,0,0,0,0   TimeStamp  :  59600       Distance  :  67

(PORT 1) : 6a,5,0,18,34,12,0,0,0,0,0,7b,0,be,4,0,0,0,0,50,81,b2,80,0,0,0,0,0   TimeStamp  :  59887       Distance  :  67

(PORT 1) : 6a,5,0,18,34,12,0,0,0,0,0,7a,0,bf,4,0,0,0,0,26,ad,95,88,0,0,0,0,0   TimeStamp  :  60176       Distance  :  66

(PORT 1) : 6a,5,0,18,34,12,0,0,0,0,0,7b,0,c0,4,0,0,0,0,4b,c4,d6,de,0,0,0,0,0   TimeStamp  :  60462       Distance  :  67

(PORT 1) : 6a,5,0,18,34,12,0,0,0,0,0,7a,0,c1,4,0,0,0,0,70,8d,93,b2,0,0,0,0,0   TimeStamp  :  60751       Distance  :  66

(PORT 1) : 6a,5,0,18,34,12,0,0,0,0,0,7a,0,c2,4,0,0,0,0,ce,4d,0,5f,0,0,0,0,0   TimeStamp  :  61039       Distance  :  66

(PORT 1) : 6a,5,0,18,34,12,0,0,0,0,0,7b,0,c3,4,0,0,0,0,f4,e2,4d,2a,0,0,0,0,0   TimeStamp  :  61327       Distance  :  67

(PORT 1) : 6a,5,0,18,34,12,0,0,0,0,0,7c,0,c4,4,0,0,0,0,9b,1b,58,ef,0,0,0,0,0   TimeStamp  :  61614       Distance  :  68

(PORT 1) : 6a,5,0,18,34,12,0,0,0,0,0,7c,0,c5,4,0,0,0,0,c8,19,bb,57,0,0,0,0,0   TimeStamp  :  61904       Distance  :  68
