
(PORT 1) : 6a,5,0,18,34,12,0,0,0,0,0,8e,0,67,5,0,0,0,0,e3,ec,e,4c,0,0,0,0,0   TimeStamp  :  108556       Distance  :  86

(PORT 1) : 6a,5,0,18,34,12,0,0,0,0,0,90,0,68,5,0,0,0,0,55,60,a2,dd,0,0,0,0,0   TimeStamp  :  108845       Distance  :  88

(PORT 1) : 6a,5,0,18,34,12,0,0,0,0,0,8e,0,69,5,0,0,0,0,12,84,ac,18,0,0,0,0,0   TimeStamp  :  109133       Distance  :  86

(PORT 1) : 6a,5,0,18,34,12,0,0,0,0,0,8e,0,6a,5,0,0,0,0,82,4e,34,e3,0,0,0,0,0   TimeStamp  :  109426       Distance  :  86

(PORT 1) : 6a,5,0,18,34,12,0,0,0,0,0,8f,0,6b,5,0,0,0,0,5b,f2,26,79,0,0,0,0,0   TimeStamp  :  267       Distance  :  87

(PORT 1) : 6a,5,0,18,34,12,0,0,0,0,0,8f,0,6c,5,0,0,0,0,be,47,9f,fc,0,0,0,0,0   TimeStamp  :  557       Distance  :  87

(PORT 1) : 6a,5,0,18,34,12,0,0,0,0,0,8f,0,6d,5,0,0,0,0,89,1d,34,94,0,0,0,0,0   TimeStamp  :  846       Distance  :  87

(PORT 1) : 6a,5,0,18,34,12,0,0,0,0,0,8e,0,6e,5,0,0,0,0,79,48,59,bc,0,0,0,0,0   TimeStamp  :  1132       Distance  :  86

(PORT 1) : 6a,5,0,18,34,12,0,0,0,0,0,90,0,6f,5,0,0,0,0,d0,54,5d,f0,0,0,0,0,0   TimeStamp  :  1420       Distance  :  88

(PORT 1) : 6a,5,0,18,34,12,0,0,0,0,0,90,0,70,5,0,0,0,0,9a,28,c5,29,0,0,0,0,0   TimeStamp  :  1708       Distance  :  88

(PORT 1) : 6a,5,0,18,34,12,0,0,0,0,0,8e,0,71,5,0,0,0,0,63,f0,aa,5e,0,0,0,0,0   TimeStamp  :  1996       Distance  :  86

(PORT 1) : 6a,5,0,18,34,12,0,0,0,0,0,8e,0,72,5,0,0,0,0,85,22,d6,d5,0,0,0,0,0   TimeStamp  :  2286       Distance  :  86

(PORT 1) : 6a,5,0,18,34,12,0,0,0,0,0,8e,0,73,5,0,0,0,0,30,d2,89,d5,0,0,0,0,0   TimeStamp  :  2575       Distance  :  86

(PORT 1) : 6a,5,0,18,34,12,0,0,0,0,0,90,0,74,5,0,0,0,0,eb,3,f2,2b,0,0,0,0,0   TimeStamp  :  2863       Distance  :  88

(PORT 1) : 6a,5,0,18,34,12,0,0,0,0,0,8d,0,75,5,0,0,0,0,f4,bc,1a,66,0,0,0,0,0   TimeStamp  :  3150       Distance  :  85

(PORT 1) : 6a,5,0,18,34,12,0,0,0,0,0,8e,0,76,5,0,0,0,0,f2,a4,ab,56,0,0,0,0,0   TimeStamp  :  3438       Distance  :  86

(PORT 1) : 6a,5,0,18,34,12,0,0,0,0,0,90,0,77,5,0,0,0,0,f1,66,89,3f,0,0,0,0,0   TimeStamp  :  3725       Distance  :  88

(PORT 1) : 6a,5,0,18,34,12,0,0,0,0,0,8f,0,78,5,0,0,0,0,9,51,68,25,0,0,0,0,0   TimeStamp  :  4014       Distance  :  87

(PORT 1) : 6a,5,0,18,34,12,0,0,0,0,0,8e,0,79,5,0,0,0,0,75,5c,d3,54,0,0,0,0,0   TimeStamp  :  4302       Distance  :  86

(PORT 1) : 6a,5,0,18,34,12,0,0,0,0,0,8e,0,7a,5,0,0,0,0,4a,2a,d1,1d,0,0,0,0,0   TimeStamp  :  4590       Distance  :  86

(PORT 1) : 6a,5,0,18,34,12,0,0,0,0,0,8f,0,7b,5,0,0,0,0,67,5f,ed,30,0,0,0,0,0   TimeStamp  :  4878       Distance  :  87

(PORT 1) : 6a,5,0,18,34,12,0,0,0,0,0,96,0,7c,5,0,0,0,0,5d,19,ac,2f,0,0,0,0,0   TimeStamp  :  5167       Distance  :  94

(PORT 1) : 6a,5,0,18,34,12,0,0,0,0,0,90,0,7d,5,0,0,0,0,c3,d4,d7,d4,0,0,0,0,0   TimeStamp  :  5454       Distance  :  88

(PORT 1) : 6a,5,0,18,34,12,0,0,0,0,0,90,0,7e,5,0,0,0,0,4e,53,f6,5a,0,0,0,0,0   TimeStamp  :  5742       Distance  :  88

(PORT 1) : 6a,5,0,18,34,12,0,0,0,0,0,8f,0,7f,5,0,0,0,0,7f,23,9c,71,0,0,0,0,0   TimeStamp  :  6030       Distance  :  87

(PORT 1) : 6a,5,0,18,34,12,0,0,0,0,0,8f,0,80,5,0,0,0,0,51,a5,9b,59,0,0,0,0,0   TimeStamp  :  6318       Distance  :  87

(PORT 1) : 6a,5,0,18,34,12,0,0,0,0,0,8f,0,81,5,0,0,0,0,bf,52,b1,6a,0,0,0,0,0   TimeStamp  :  6606       Distance  :  87

(PORT 1) : 6a,5,0,18,34,12,0,0,0,0,0,90,0,82,5,0,0,0,0,d2,30,dc,27,0,0,0,0,0   TimeStamp  :  6894       Distance  :  88

(PORT 1) : 6a,5,0,18,34,12,0,0,0,0,0,8f,0,83,5,0,0,0,0,23,8d,13,7c,0,0,0,0,0   TimeStamp  :  7182       Distance  :  87

(PORT 1) : 6a,5,0,18,34,12,0,0,0,0,0,8e,0,84,5,0,0,0,0,7,9f,cb,ae,0,0,0,0,0   TimeStamp  :  7470       Distance  :  86

(PORT 1) : 6a,5,0,18,34,12,0,0,0,0,0,8e,0,85,5,0,0,0,0,ae,e8,90,d5,0,0,0,0,0   TimeStamp  :  7758       Distance  :  86

(PORT 1) : 6a,5,0,18,34,12,0,0,0,0,0,90,0,86,5,0,0,0,0,25,e4,ed,88,0,0,0,0,0   TimeStamp  :  8046       Distance  :  88

(PORT 1) : 6a,5,0,18,34,12,0,0,0,0,0,90,0,87,5,0,0,0,0,16,24,7f,54,0,0,0,0,0   TimeStamp  :  8334       Distance  :  88

(PORT 1) : 6a,5,0,18,34,12,0,0,0,0,0,8f,0,88,5,0,0,0,0,6a,4b,54,a3,0,0,0,0,0   TimeStamp  :  8622       Distance  :  87

(PORT 1) : 6a,5,0,18,34,12,0,0,0,0,0,8f,0,89,5,0,0,0,0,54,66,cc,2d,0,0,0,0,0   TimeStamp  :  8910       Distance  :  87

(PORT 1) : 6a,5,0,18,34,12,0,0,0,0,0,8e,0,8a,5,0,0,0,0,d6,a8,f9,ea,0,0,0,0,0   TimeStamp  :  9198       Distance  :  86

(PORT 1) : 6a,5,0,18,34,12,0,0,0,0,0,90,0,8b,5,0,0,0,0,7f,ad,87,ac,0,0,0,0,0   TimeStamp  :  9486       Distance  :  88

(PORT 1) : 6a,5,0,18,34,12,0,0,0,0,0,8e,0,8c,5,0,0,0,0,b2,ac,de,27,0,0,0,0,0   TimeStamp  :  9774       Distance  :  86

(PORT 1) : 6a,5,0,18,34,12,0,0,0,0,0,90,0,8d,5,0,0,0,0,a8,af,ed,19,0,0,0,0,0   TimeStamp  :  10062       Distance  :  88

(PORT 1) : 6a,5,0,18,34,12,0,0,0,0,0,8e,0,8e,5,0,0,0,0,f2,e5,7f,db,0,0,0,0,0   TimeStamp  :  10350       Distance  :  86

(PORT 1) : 6a,5,0,18,34,12,0,0,0,0,0,8e,0,8f,5,0,0,0,0,10,e5,e,43,0,0,0,0,0   TimeStamp  :  10638       Distance  :  86

(PORT 1) : 6a,5,0,18,34,12,0,0,0,0,0,90,0,90,5,0,0,0,0,ab,f,4a,1d,0,0,0,0,0   TimeStamp  :  10926       Distance  :  88

(PORT 1) : 6a,5,0,18,34,12,0,0,0,0,0,90,0,91,5,0,0,0,0,b9,44,f1,dd,0,0,0,0,0   TimeStamp  :  11214       Distance  :  88

(PORT 1) : 6a,5,0,18,34,12,0,0,0,0,0,90,0,92,5,0,0,0,0,f3,c,8b,7,0,0,0,0,0   TimeStamp  :  11502       Distance  :  88

(PORT 1) : 6a,5,0,18,34,12,0,0,0,0,0,90,0,93,5,0,0,0,0,fe,c6,5f,31,0,0,0,0,0   TimeStamp  :  11790       Distance  :  88

(PORT 1) : 6a,5,0,18,34,12,0,0,0,0,0,90,0,94,5,0,0,0,0,c1,ff,f2,91,0,0,0,0,0   TimeStamp  :  12078       Distance  :  88

(PORT 1) : 6a,5,0,18,34,12,0,0,0,0,0,8e,0,95,5,0,0,0,0,e,b9,7e,43,0,0,0,0,0   TimeStamp  :  12365       Distance  :  86

(PORT 1) : 6a,5,0,18,34,12,0,0,0,0,0,90,0,96,5,0,0,0,0,b4,7b,1e,50,0,0,0,0,0   TimeStamp  :  12654       Distance  :  88

(PORT 1) : 6a,5,0,18,34,12,0,0,0,0,0,8e,0,97,5,0,0,0,0,3,86,53,15,0,0,0,0,0   TimeStamp  :  12942       Distance  :  86

(PORT 1) : 6a,5,0,18,34,12,0,0,0,0,0,90,0,98,5,0,0,0,0,d1,5d,64,a8,0,0,0,0,0   TimeStamp  :  13229       Distance  :  88

(PORT 1) : 6a,5,0,18,34,12,0,0,0,0,0,8e,0,99,5,0,0,0,0,79,60,58,d7,0,0,0,0,0   TimeStamp  :  13518       Distance  :  86

(PORT 1) : 6a,5,0,18,34,12,0,0,0,0,0,8e,0,9a,5,0,0,0,0,a2,a0,10,53,0,0,0,0,0   TimeStamp  :  13806       Distance  :  86

(PORT 1) : 6a,5,0,18,34,12,0,0,0,0,0,8e,0,9b,5,0,0,0,0,44,13,27,32,0,0,0,0,0   TimeStamp  :  14094       Distance  :  86

(PORT 1) : 6a,5,0,18,34,12,0,0,0,0,0,8e,0,9c,5,0,0,0,0,a4,bb,e6,d,0,0,0,0,0   TimeStamp  :  14381       Distance  :  86

(PORT 1) : 6a,5,0,18,34,12,0,0,0,0,0,8e,0,9d,5,0,0,0,0,dc,d,3,46,0,0,0,0,0   TimeStamp  :  14670       Distance  :  86

(PORT 1) : 6a,5,0,18,34,12,0,0,0,0,0,8e,0,9e,5,0,0,0,0,e3,f2,6c,df,0,0,0,0,0   TimeStamp  :  14957       Distance  :  86

(PORT 1) : 6a,5,0,18,34,12,0,0,0,0,0,8e,0,9f,5,0,0,0,0,36,bf,c3,89,0,0,0,0,0   TimeStamp  :  15245       Distance  :  86

(PORT 1) : 6a,5,0,18,34,12,0,0,0,0,0,90,0,a0,5,0,0,0,0,17,6c,c1,7d,0,0,0,0,0   TimeStamp  :  15534       Distance  :  88

(PORT 1) : 6a,5,0,18,34,12,0,0,0,0,0,8f,0,a1,5,0,0,0,0,81,8e,96,83,0,0,0,0,0   TimeStamp  :  15822       Distance  :  87

(PORT 1) : 6a,5,0,18,34,12,0,0,0,0,0,8f,0,a2,5,0,0,0,0,c9,b7,34,d9,0,0,0,0,0   TimeStamp  :  16109       Distance  :  87

(PORT 1) : 6a,5,0,18,34,12,0,0,0,0,0,8e,0,a3,5,0,0,0,0,2f,c5,e9,67,0,0,0,0,0   TimeStamp  :  16398       Distance  :  86

(PORT 1) : 6a,5,0,18,34,12,0,0,0,0,0,8e,0,a4,5,0,0,0,0,3a,26,3a,d1,0,0,0,0,0   TimeStamp  :  16685       Distance  :  86

(PORT 1) : 6a,5,0,18,34,12,0,0,0,0,0,8e,0,a5,5,0,0,0,0,a,de,21,f3,0,0,0,0,0   TimeStamp  :  16972       Distance  :  86

(PORT 1) : 6a,5,0,18,34,12,0,0,0,0,0,8e,0,a6,5,0,0,0,0,96,77,c9,5f,0,0,0,0,0   TimeStamp  :  17261       Distance  :  86

(PORT 1) : 6a,5,0,18,34,12,0,0,0,0,0,92,0,a7,5,0,0,0,0,8f,ef,5e,98,0,0,0,0,0   TimeStamp  :  17550       Distance  :  90

(PORT 1) : 6a,5,0,18,34,12,0,0,0,0,0,8f,0,a8,5,0,0,0,0,d5,8c,b7,a2,0,0,0,0,0   TimeStamp  :  17837       Distance  :  87

(PORT 1) : 6a,5,0,18,34,12,0,0,0,0,0,90,0,a9,5,0,0,0,0,7f,6,5e,16,0,0,0,0,0   TimeStamp  :  18125       Distance  :  88

(PORT 1) : 6a,5,0,18,34,12,0,0,0,0,0,8f,0,aa,5,0,0,0,0,2f,5b,16,62,0,0,0,0,0   TimeStamp  :  18412       Distance  :  87

(PORT 1) : 6a,5,0,18,34,12,0,0,0,0,0,90,0,ab,5,0,0,0,0,ef,c7,9e,85,0,0,0,0,0   TimeStamp  :  18700       Distance  :  88

(PORT 1) : 6a,5,0,18,34,12,0,0,0,0,0,8e,0,ac,5,0,0,0,0,c,d0,19,1b,0,0,0,0,0   TimeStamp  :  18988       Distance  :  86

(PORT 1) : 6a,5,0,18,34,12,0,0,0,0,0,90,0,ad,5,0,0,0,0,ee,a9,e4,e8,0,0,0,0,0   TimeStamp  :  19276       Distance  :  88

(PORT 1) : 6a,5,0,18,34,12,0,0,0,0,0,8f,0,ae,5,0,0,0,0,6e,b6,4b,ed,0,0,0,0,0   TimeStamp  :  19565       Distance  :  87

(PORT 1) : 6a,5,0,18,34,12,0,0,0,0,0,8e,0,af,5,0,0,0,0,2d,b8,8d,a2,0,0,0,0,0   TimeStamp  :  19853       Distance  :  86

(PORT 1) : 6a,5,0,18,34,12,0,0,0,0,0,8e,0,b0,5,0,0,0,0,38,27,2f,c4,0,0,0,0,0   TimeStamp  :  20141       Distance  :  86

(PORT 1) : 6a,5,0,18,34,12,0,0,0,0,0,8e,0,b1,5,0,0,0,0,bd,26,79,9,0,0,0,0,0   TimeStamp  :  20428       Distance  :  86

(PORT 1) : 6a,5,0,18,34,12,0,0,0,0,0,8e,0,b2,5,0,0,0,0,d8,3b,bf,fe,0,0,0,0,0   TimeStamp  :  20716       Distance  :  86

(PORT 1) : 6a,5,0,18,34,12,0,0,0,0,0,90,0,b3,5,0,0,0,0,ec,c8,58,1d,0,0,0,0,0   TimeStamp  :  21005       Distance  :  88

(PORT 1) : 6a,5,0,18,34,12,0,0,0,0,0,8e,0,b4,5,0,0,0,0,78,21,cb,4d,0,0,0,0,0   TimeStamp  :  21293       Distance  :  86

(PORT 1) : 6a,5,0,18,34,12,0,0,0,0,0,90,0,b5,5,0,0,0,0,2c,1d,a3,b2,0,0,0,0,0   TimeStamp  :  21581       Distance  :  88

(PORT 1) : 6a,5,0,18,34,12,0,0,0,0,0,90,0,b6,5,0,0,0,0,2f,27,5b,c9,0,0,0,0,0   TimeStamp  :  21868       Distance  :  88

(PORT 1) : 6a,5,0,18,34,12,0,0,0,0,0,90,0,b7,5,0,0,0,0,ad,f5,4d,d3,0,0,0,0,0   TimeStamp  :  22157       Distance  :  88

(PORT 1) : 6a,5,0,18,34,12,0,0,0,0,0,8f,0,b8,5,0,0,0,0,31,d2,3d,33,0,0,0,0,0   TimeStamp  :  22445       Distance  :  87

(PORT 1) : 6a,5,0,18,34,12,0,0,0,0,0,8e,0,b9,5,0,0,0,0,e0,b,ed,ec,0,0,0,0,0   TimeStamp  :  22733       Distance  :  86

(PORT 1) : 6a,5,0,18,34,12,0,0,0,0,0,8f,0,ba,5,0,0,0,0,3b,be,a7,ba,0,0,0,0,0   TimeStamp  :  23021       Distance  :  87

(PORT 1) : 6a,5,0,18,34,12,0,0,0,0,0,90,0,bb,5,0,0,0,0,c7,42,db,bb,0,0,0,0,0   TimeStamp  :  23309       Distance  :  88

(PORT 1) : 6a,5,0,18,34,12,0,0,0,0,0,90,0,bc,5,0,0,0,0,aa,f7,8d,2f,0,0,0,0,0   TimeStamp  :  23597       Distance  :  88

(PORT 1) : 6a,5,0,18,34,12,0,0,0,0,0,90,0,bd,5,0,0,0,0,85,c8,e5,b,0,0,0,0,0   TimeStamp  :  23885       Distance  :  88

(PORT 1) : 6a,5,0,18,34,12,0,0,0,0,0,8f,0,be,5,0,0,0,0,9b,51,83,a4,0,0,0,0,0   TimeStamp  :  24173       Distance  :  87

(PORT 1) : 6a,5,0,18,34,12,0,0,0,0,0,90,0,bf,5,0,0,0,0,7f,1d,5,51,0,0,0,0,0   TimeStamp  :  24461       Distance  :  88

(PORT 1) : 6a,5,0,18,34,12,0,0,0,0,0,90,0,c0,5,0,0,0,0,a7,39,ed,99,0,0,0,0,0   TimeStamp  :  24749       Distance  :  88

(PORT 1) : 6a,5,0,18,34,12,0,0,0,0,0,8f,0,c1,5,0,0,0,0,37,1f,d9,d1,0,0,0,0,0   TimeStamp  :  25037       Distance  :  87

(PORT 1) : 6a,5,0,18,34,12,0,0,0,0,0,8e,0,c2,5,0,0,0,0,7d,14,2b,9d,0,0,0,0,0   TimeStamp  :  25325       Distance  :  86

(PORT 1) : 6a,5,0,18,34,12,0,0,0,0,0,8f,0,c3,5,0,0,0,0,d6,7e,b,27,0,0,0,0,0   TimeStamp  :  25613       Distance  :  87

(PORT 1) : 6a,5,0,18,34,12,0,0,0,0,0,8e,0,c4,5,0,0,0,0,c7,47,77,26,0,0,0,0,0   TimeStamp  :  25901       Distance  :  86

(PORT 1) : 6a,5,0,18,34,12,0,0,0,0,0,8e,0,c5,5,0,0,0,0,5e,ba,24,ca,0,0,0,0,0   TimeStamp  :  26189       Distance  :  86

(PORT 1) : 6a,5,0,18,34,12,0,0,0,0,0,8e,0,c6,5,0,0,0,0,d2,ef,83,89,0,0,0,0,0   TimeStamp  :  26477       Distance  :  86

(PORT 1) : 6a,5,0,18,34,12,0,0,0,0,0,90,0,c7,5,0,0,0,0,30,ce,8f,34,0,0,0,0,0   TimeStamp  :  26765       Distance  :  88

(PORT 1) : 6a,5,0,18,34,12,0,0,0,0,0,8f,0,c8,5,0,0,0,0,9,ac,aa,d9,0,0,0,0,0   TimeStamp  :  27053       Distance  :  87

(PORT 1) : 6a,5,0,18,34,12,0,0,0,0,0,90,0,c9,5,0,0,0,0,a1,b7,95,41,0,0,0,0,0   TimeStamp  :  27341       Distance  :  88

(PORT 1) : 6a,5,0,18,34,12,0,0,0,0,0,90,0,ca,5,0,0,0,0,a1,80,48,1d,0,0,0,0,0   TimeStamp  :  27629       Distance  :  88

(PORT 1) : 6a,5,0,18,34,12,0,0,0,0,0,90,0,cb,5,0,0,0,0,d6,b4,c6,b6,0,0,0,0,0   TimeStamp  :  27917       Distance  :  88

(PORT 1) : 6a,5,0,18,34,12,0,0,0,0,0,90,0,cc,5,0,0,0,0,2c,31,dc,76,0,0,0,0,0   TimeStamp  :  28205       Distance  :  88

(PORT 1) : 6a,5,0,18,34,12,0,0,0,0,0,8e,0,cd,5,0,0,0,0,21,b2,57,49,0,0,0,0,0   TimeStamp  :  28493       Distance  :  86

(PORT 1) : 6a,5,0,18,34,12,0,0,0,0,0,90,0,ce,5,0,0,0,0,7b,e2,78,93,0,0,0,0,0   TimeStamp  :  28781       Distance  :  88

(PORT 1) : 6a,5,0,18,34,12,0,0,0,0,0,90,0,cf,5,0,0,0,0,5d,a,6e,74,0,0,0,0,0   TimeStamp  :  29069       Distance  :  88

(PORT 1) : 6a,5,0,18,34,12,0,0,0,0,0,8f,0,d0,5,0,0,0,0,b0,6f,1,e6,0,0,0,0,0   TimeStamp  :  29357       Distance  :  87

(PORT 1) : 6a,5,0,18,34,12,0,0,0,0,0,90,0,d1,5,0,0,0,0,9e,2a,c0,5f,0,0,0,0,0   TimeStamp  :  29645       Distance  :  88

(PORT 1) : 6a,5,0,18,34,12,0,0,0,0,0,83,0,d2,5,0,0,0,0,e4,bf,4e,22,0,0,0,0,0   TimeStamp  :  29933       Distance  :  75

(PORT 1) : 6a,5,0,18,34,12,0,0,0,0,0,8e,0,d3,5,0,0,0,0,3d,29,d4,8e,0,0,0,0,0   TimeStamp  :  30220       Distance  :  86

(PORT 1) : 6a,5,0,18,34,12,0,0,0,0,0,8f,0,d4,5,0,0,0,0,f5,9b,6d,a5,0,0,0,0,0   TimeStamp  :  30508       Distance  :  87

(PORT 1) : 6a,5,0,18,34,12,0,0,0,0,0,90,0,d5,5,0,0,0,0,7a,e1,61,28,0,0,0,0,0   TimeStamp  :  30796       Distance  :  88

(PORT 1) : 6a,5,0,18,34,12,0,0,0,0,0,8f,0,d6,5,0,0,0,0,20,5e,eb,d1,0,0,0,0,0   TimeStamp  :  31084       Distance  :  87

(PORT 1) : 6a,5,0,18,34,12,0,0,0,0,0,8e,0,d7,5,0,0,0,0,64,b5,f3,6a,0,0,0,0,0   TimeStamp  :  31372       Distance  :  86

(PORT 1) : 6a,5,0,18,34,12,0,0,0,0,0,8f,0,d8,5,0,0,0,0,46,4,44,ee,0,0,0,0,0   TimeStamp  :  31661       Distance  :  87

(PORT 1) : 6a,5,0,18,34,12,0,0,0,0,0,8f,0,d9,5,0,0,0,0,33,f,7d,b,0,0,0,0,0   TimeStamp  :  31949       Distance  :  87

(PORT 1) : 6a,5,0,18,34,12,0,0,0,0,0,8f,0,da,5,0,0,0,0,92,d6,f,f0,0,0,0,0,0   TimeStamp  :  32237       Distance  :  87

(PORT 1) : 6a,5,0,18,34,12,0,0,0,0,0,90,0,db,5,0,0,0,0,84,9d,af,bf,0,0,0,0,0   TimeStamp  :  32524       Distance  :  88

(PORT 1) : 6a,5,0,18,34,12,0,0,0,0,0,8e,0,dc,5,0,0,0,0,19,be,27,ec,0,0,0,0,0   TimeStamp  :  32813       Distance  :  86

(PORT 1) : 6a,5,0,18,34,12,0,0,0,0,0,8c,0,dd,5,0,0,0,0,9d,2a,a5,47,0,0,0,0,0   TimeStamp  :  33100       Distance  :  84

(PORT 1) : 6a,5,0,18,34,12,0,0,0,0,0,8e,0,de,5,0,0,0,0,1c,31,dc,dd,0,0,0,0,0   TimeStamp  :  33389       Distance  :  86

(PORT 1) : 6a,5,0,18,34,12,0,0,0,0,0,91,0,df,5,0,0,0,0,e0,55,86,5d,0,0,0,0,0   TimeStamp  :  33677       Distance  :  89

(PORT 1) : 6a,5,0,18,34,12,0,0,0,0,0,8f,0,e0,5,0,0,0,0,c8,59,66,c7,0,0,0,0,0   TimeStamp  :  33964       Distance  :  87

(PORT 1) : 6a,5,0,18,34,12,0,0,0,0,0,8f,0,e1,5,0,0,0,0,81,33,f5,d3,0,0,0,0,0   TimeStamp  :  34253       Distance  :  87

(PORT 1) : 6a,5,0,18,34,12,0,0,0,0,0,8f,0,e2,5,0,0,0,0,f4,b7,fa,c4,0,0,0,0,0   TimeStamp  :  34541       Distance  :  87

(PORT 1) : 6a,5,0,18,34,12,0,0,0,0,0,8f,0,e3,5,0,0,0,0,e0,4a,57,f1,0,0,0,0,0   TimeStamp  :  34829       Distance  :  87

(PORT 1) : 6a,5,0,18,34,12,0,0,0,0,0,8e,0,e4,5,0,0,0,0,8a,e8,77,55,0,0,0,0,0   TimeStamp  :  35117       Distance  :  86

(PORT 1) : 6a,5,0,18,34,12,0,0,0,0,0,90,0,e5,5,0,0,0,0,f8,77,a4,32,0,0,0,0,0   TimeStamp  :  35404       Distance  :  88

(PORT 1) : 6a,5,0,18,34,12,0,0,0,0,0,8f,0,e6,5,0,0,0,0,98,5,ca,63,0,0,0,0,0   TimeStamp  :  35693       Distance  :  87

(PORT 1) : 6a,5,0,18,34,12,0,0,0,0,0,8f,0,e7,5,0,0,0,0,b7,32,b3,ae,0,0,0,0,0   TimeStamp  :  35981       Distance  :  87

(PORT 1) : 6a,5,0,18,34,12,0,0,0,0,0,90,0,e8,5,0,0,0,0,62,2c,ee,2c,0,0,0,0,0   TimeStamp  :  36269       Distance  :  88

(PORT 1) : 6a,5,0,18,34,12,0,0,0,0,0,90,0,e9,5,0,0,0,0,22,2f,9d,2f,0,0,0,0,0   TimeStamp  :  36557       Distance  :  88

(PORT 1) : 6a,5,0,18,34,12,0,0,0,0,0,90,0,ea,5,0,0,0,0,20,69,76,da,0,0,0,0,0   TimeStamp  :  36844       Distance  :  88

(PORT 1) : 6a,5,0,18,34,12,0,0,0,0,0,8e,0,eb,5,0,0,0,0,b0,10,58,1c,0,0,0,0,0   TimeStamp  :  37133       Distance  :  86

(PORT 1) : 6a,5,0,18,34,12,0,0,0,0,0,8f,0,ec,5,0,0,0,0,cd,70,42,4c,0,0,0,0,0   TimeStamp  :  37420       Distance  :  87

(PORT 1) : 6a,5,0,18,34,12,0,0,0,0,0,90,0,ed,5,0,0,0,0,57,81,43,7b,0,0,0,0,0   TimeStamp  :  37709       Distance  :  88

(PORT 1) : 6a,5,0,18,34,12,0,0,0,0,0,90,0,ee,5,0,0,0,0,9d,f9,71,ba,0,0,0,0,0   TimeStamp  :  37997       Distance  :  88

(PORT 1) : 6a,5,0,18,34,12,0,0,0,0,0,8f,0,ef,5,0,0,0,0,48,8c,ab,9e,0,0,0,0,0   TimeStamp  :  38284       Distance  :  87

(PORT 1) : 6a,5,0,18,34,12,0,0,0,0,0,8e,0,f0,5,0,0,0,0,6e,0,ea,c6,0,0,0,0,0   TimeStamp  :  38572       Distance  :  86

(PORT 1) : 6a,5,0,18,34,12,0,0,0,0,0,90,0,f1,5,0,0,0,0,fa,fe,ea,fe,0,0,0,0,0   TimeStamp  :  38861       Distance  :  88

(PORT 1) : 6a,5,0,18,34,12,0,0,0,0,0,8f,0,f2,5,0,0,0,0,b8,4,a7,d,0,0,0,0,0   TimeStamp  :  39148       Distance  :  87

(PORT 1) : 6a,5,0,18,34,12,0,0,0,0,0,90,0,f3,5,0,0,0,0,a6,83,9e,85,0,0,0,0,0   TimeStamp  :  39437       Distance  :  88

(PORT 1) : 6a,5,0,18,34,12,0,0,0,0,0,8f,0,f4,5,0,0,0,0,5,59,82,7a,0,0,0,0,0   TimeStamp  :  39725       Distance  :  87

(PORT 1) : 6a,5,0,18,34,12,0,0,0,0,0,8f,0,f5,5,0,0,0,0,21,16,8e,bf,0,0,0,0,0   TimeStamp  :  40013       Distance  :  87

(PORT 1) : 6a,5,0,18,34,12,0,0,0,0,0,8c,0,f6,5,0,0,0,0,e6,d4,fe,38,0,0,0,0,0   TimeStamp  :  40300       Distance  :  84

(PORT 1) : 6a,5,0,18,34,12,0,0,0,0,0,8f,0,f7,5,0,0,0,0,78,4,fb,6a,0,0,0,0,0   TimeStamp  :  40588       Distance  :  87

(PORT 1) : 6a,5,0,18,34,12,0,0,0,0,0,8f,0,f8,5,0,0,0,0,3f,6c,18,34,0,0,0,0,0   TimeStamp  :  40876       Distance  :  87

(PORT 1) : 6a,5,0,18,34,12,0,0,0,0,0,8e,0,f9,5,0,0,0,0,34,4e,c9,9f,0,0,0,0,0   TimeStamp  :  41165       Distance  :  86

(PORT 1) : 6a,5,0,18,34,12,0,0,0,0,0,8f,0,fa,5,0,0,0,0,d3,3c,cc,60,0,0,0,0,0   TimeStamp  :  41452       Distance  :  87

(PORT 1) : 6a,5,0,18,34,12,0,0,0,0,0,8e,0,fb,5,0,0,0,0,1f,b2,e0,5b,0,0,0,0,0   TimeStamp  :  41740       Distance  :  86

(PORT 1) : 6a,5,0,18,34,12,0,0,0,0,0,8f,0,fc,5,0,0,0,0,72,5f,6b,82,0,0,0,0,0   TimeStamp  :  42028       Distance  :  87

(PORT 1) : 6a,5,0,18,34,12,0,0,0,0,0,90,0,fd,5,0,0,0,0,46,fd,d7,75,0,0,0,0,0   TimeStamp  :  42315       Distance  :  88

(PORT 1) : 6a,5,0,18,34,12,0,0,0,0,0,90,0,fe,5,0,0,0,0,c,65,7c,12,0,0,0,0,0   TimeStamp  :  42604       Distance  :  88

(PORT 1) : 6a,5,0,18,34,12,0,0,0,0,0,90,0,ff,5,0,0,0,0,e3,da,2a,c0,0,0,0,0,0   TimeStamp  :  42892       Distance  :  88

(PORT 1) : 6a,5,0,18,34,12,0,0,0,0,0,90,0,0,6,0,0,0,0,15,d6,3f,e8,0,0,0,0,0   TimeStamp  :  43181       Distance  :  88

(PORT 1) : 6a,5,0,18,34,12,0,0,0,0,0,8c,0,1,6,0,0,0,0,dc,7d,24,f0,0,0,0,0,0   TimeStamp  :  43469       Distance  :  84

(PORT 1) : 6a,5,0,18,34,12,0,0,0,0,0,8e,0,2,6,0,0,0,0,28,3a,96,5e,0,0,0,0,0   TimeStamp  :  43756       Distance  :  86

(PORT 1) : 6a,5,0,18,34,12,0,0,0,0,0,90,0,3,6,0,0,0,0,7a,63,76,f7,0,0,0,0,0   TimeStamp  :  44044       Distance  :  88

(PORT 1) : 6a,5,0,18,34,12,0,0,0,0,0,8f,0,4,6,0,0,0,0,af,14,60,4a,0,0,0,0,0   TimeStamp  :  44331       Distance  :  87

(PORT 1) : 6a,5,0,18,34,12,0,0,0,0,0,90,0,5,6,0,0,0,0,72,c1,9c,ee,0,0,0,0,0   TimeStamp  :  44619       Distance  :  88

(PORT 1) : 6a,5,0,18,34,12,0,0,0,0,0,8f,0,6,6,0,0,0,0,b8,2,30,38,0,0,0,0,0   TimeStamp  :  44908       Distance  :  87

(PORT 1) : 6a,5,0,18,34,12,0,0,0,0,0,8f,0,7,6,0,0,0,0,43,8d,a4,8,0,0,0,0,0   TimeStamp  :  45196       Distance  :  87

(PORT 1) : 6a,5,0,18,34,12,0,0,0,0,0,8e,0,8,6,0,0,0,0,99,46,9b,49,0,0,0,0,0   TimeStamp  :  45483       Distance  :  86

(PORT 1) : 6a,5,0,18,34,12,0,0,0,0,0,8e,0,9,6,0,0,0,0,97,b3,af,7,0,0,0,0,0   TimeStamp  :  45772       Distance  :  86

(PORT 1) : 6a,5,0,18,34,12,0,0,0,0,0,8f,0,a,6,0,0,0,0,8d,71,aa,e,0,0,0,0,0   TimeStamp  :  46060       Distance  :  87

(PORT 1) : 6a,5,0,18,34,12,0,0,0,0,0,90,0,b,6,0,0,0,0,b2,13,8c,ef,0,0,0,0,0   TimeStamp  :  46349       Distance  :  88

(PORT 1) : 6a,5,0,18,34,12,0,0,0,0,0,8f,0,c,6,0,0,0,0,4a,20,bb,c1,0,0,0,0,0   TimeStamp  :  46636       Distance  :  87

(PORT 1) : 6a,5,0,18,34,12,0,0,0,0,0,90,0,d,6,0,0,0,0,f9,4a,68,94,0,0,0,0,0   TimeStamp  :  46924       Distance  :  88

(PORT 1) : 6a,5,0,18,34,12,0,0,0,0,0,8f,0,e,6,0,0,0,0,af,40,9b,39,0,0,0,0,0   TimeStamp  :  47212       Distance  :  87

(PORT 1) : 6a,5,0,18,34,12,0,0,0,0,0,90,0,f,6,0,0,0,0,d9,83,1f,18,0,0,0,0,0   TimeStamp  :  47500       Distance  :  88

(PORT 1) : 6a,5,0,18,34,12,0,0,0,0,0,8f,0,10,6,0,0,0,0,63,5b,2b,f2,0,0,0,0,0   TimeStamp  :  47788       Distance  :  87

(PORT 1) : 6a,5,0,18,34,12,0,0,0,0,0,90,0,11,6,0,0,0,0,f2,e4,5d,4,0,0,0,0,0   TimeStamp  :  48076       Distance  :  88

(PORT 1) : 6a,5,0,18,34,12,0,0,0,0,0,8f,0,12,6,0,0,0,0,e2,47,23,72,0,0,0,0,0   TimeStamp  :  48363       Distance  :  87

(PORT 1) : 6a,5,0,18,34,12,0,0,0,0,0,8e,0,13,6,0,0,0,0,2d,e3,f,47,0,0,0,0,0   TimeStamp  :  48652       Distance  :  86

(PORT 1) : 6a,5,0,18,34,12,0,0,0,0,0,9c,0,14,6,0,0,0,0,16,de,7b,a8,0,0,0,0,0   TimeStamp  :  48940       Distance  :  100

(PORT 1) : 6a,5,0,18,34,12,0,0,0,0,0,8e,0,15,6,0,0,0,0,b6,75,5d,fc,0,0,0,0,0   TimeStamp  :  49228       Distance  :  86

(PORT 1) : 6a,5,0,18,34,12,0,0,0,0,0,8f,0,16,6,0,0,0,0,7,a1,97,66,0,0,0,0,0   TimeStamp  :  49515       Distance  :  87

(PORT 1) : 6a,5,0,18,34,12,0,0,0,0,0,90,0,17,6,0,0,0,0,7a,df,f9,9f,0,0,0,0,0   TimeStamp  :  49804       Distance  :  88

(PORT 1) : 6a,5,0,18,34,12,0,0,0,0,0,90,0,18,6,0,0,0,0,dd,37,21,c1,0,0,0,0,0   TimeStamp  :  50092       Distance  :  88

(PORT 1) : 6a,5,0,18,34,12,0,0,0,0,0,90,0,19,6,0,0,0,0,66,7,30,21,0,0,0,0,0   TimeStamp  :  50380       Distance  :  88

(PORT 1) : 6a,5,0,18,34,12,0,0,0,0,0,8f,0,1a,6,0,0,0,0,f9,98,62,40,0,0,0,0,0   TimeStamp  :  50668       Distance  :  87

(PORT 1) : 6a,5,0,18,34,12,0,0,0,0,0,90,0,1b,6,0,0,0,0,2c,a4,a3,e9,0,0,0,0,0   TimeStamp  :  50955       Distance  :  88

(PORT 1) : 6a,5,0,18,34,12,0,0,0,0,0,8f,0,1c,6,0,0,0,0,c5,6f,f5,1f,0,0,0,0,0   TimeStamp  :  51243       Distance  :  87

(PORT 1) : 6a,5,0,18,34,12,0,0,0,0,0,90,0,1d,6,0,0,0,0,7b,ae,b3,8a,0,0,0,0,0   TimeStamp  :  51531       Distance  :  88

(PORT 1) : 6a,5,0,18,34,12,0,0,0,0,0,90,0,1e,6,0,0,0,0,9a,63,17,2c,0,0,0,0,0   TimeStamp  :  51820       Distance  :  88

(PORT 1) : 6a,5,0,18,34,12,0,0,0,0,0,8f,0,1f,6,0,0,0,0,8,ac,95,9d,0,0,0,0,0   TimeStamp  :  52108       Distance  :  87

(PORT 1) : 6a,5,0,18,34,12,0,0,0,0,0,90,0,20,6,0,0,0,0,2c,35,d9,7d,0,0,0,0,0   TimeStamp  :  52396       Distance  :  88

(PORT 1) : 6a,5,0,18,34,12,0,0,0,0,0,90,0,21,6,0,0,0,0,21,25,88,8f,0,0,0,0,0   TimeStamp  :  52684       Distance  :  88

(PORT 1) : 6a,5,0,18,34,12,0,0,0,0,0,8e,0,22,6,0,0,0,0,d5,49,76,e1,0,0,0,0,0   TimeStamp  :  52972       Distance  :  86

(PORT 1) : 6a,5,0,18,34,12,0,0,0,0,0,8f,0,23,6,0,0,0,0,c2,43,e9,3a,0,0,0,0,0   TimeStamp  :  53260       Distance  :  87

(PORT 1) : 6a,5,0,18,34,12,0,0,0,0,0,8f,0,24,6,0,0,0,0,93,d9,91,b2,0,0,0,0,0   TimeStamp  :  53548       Distance  :  87

(PORT 1) : 6a,5,0,18,34,12,0,0,0,0,0,90,0,25,6,0,0,0,0,c,63,6d,c,0,0,0,0,0   TimeStamp  :  53836       Distance  :  88

(PORT 1) : 6a,5,0,18,34,12,0,0,0,0,0,8f,0,26,6,0,0,0,0,93,2d,a0,f8,0,0,0,0,0   TimeStamp  :  54124       Distance  :  87

(PORT 1) : 6a,5,0,18,34,12,0,0,0,0,0,90,0,27,6,0,0,0,0,3c,d8,db,f2,0,0,0,0,0   TimeStamp  :  54412       Distance  :  88

(PORT 1) : 6a,5,0,18,34,12,0,0,0,0,0,8e,0,28,6,0,0,0,0,72,28,19,ff,0,0,0,0,0   TimeStamp  :  54700       Distance  :  86

(PORT 1) : 6a,5,0,18,34,12,0,0,0,0,0,8f,0,29,6,0,0,0,0,c4,a3,a5,b0,0,0,0,0,0   TimeStamp  :  54988       Distance  :  87

(PORT 1) : 6a,5,0,18,34,12,0,0,0,0,0,8f,0,2a,6,0,0,0,0,e9,dc,64,e1,0,0,0,0,0   TimeStamp  :  55276       Distance  :  87

(PORT 1) : 6a,5,0,18,34,12,0,0,0,0,0,8f,0,2b,6,0,0,0,0,cc,88,b0,4a,0,0,0,0,0   TimeStamp  :  55562       Distance  :  87

(PORT 1) : 6a,5,0,18,34,12,0,0,0,0,0,8f,0,2c,6,0,0,0,0,a6,11,6b,5e,0,0,0,0,0   TimeStamp  :  55850       Distance  :  87

(PORT 1) : 6a,5,0,18,34,12,0,0,0,0,0,8e,0,2d,6,0,0,0,0,67,d8,da,7b,0,0,0,0,0   TimeStamp  :  56139       Distance  :  86

(PORT 1) : 6a,5,0,18,34,12,0,0,0,0,0,8e,0,2e,6,0,0,0,0,40,45,c4,45,0,0,0,0,0   TimeStamp  :  56428       Distance  :  86

(PORT 1) : 6a,5,0,18,34,12,0,0,0,0,0,95,0,2f,6,0,0,0,0,27,0,9d,df,0,0,0,0,0   TimeStamp  :  56715       Distance  :  93

(PORT 1) : 6a,5,0,18,34,12,0,0,0,0,0,8d,0,30,6,0,0,0,0,71,e3,38,f8,0,0,0,0,0   TimeStamp  :  57004       Distance  :  85

(PORT 1) : 6a,5,0,18,34,12,0,0,0,0,0,90,0,31,6,0,0,0,0,1,4d,2c,31,0,0,0,0,0   TimeStamp  :  57291       Distance  :  88

(PORT 1) : 6a,5,0,18,34,12,0,0,0,0,0,8f,0,32,6,0,0,0,0,3c,a8,34,50,0,0,0,0,0   TimeStamp  :  57578       Distance  :  87

(PORT 1) : 6a,5,0,18,34,12,0,0,0,0,0,90,0,33,6,0,0,0,0,6e,e,a7,26,0,0,0,0,0   TimeStamp  :  57867       Distance  :  88

(PORT 1) : 6a,5,0,18,34,12,0,0,0,0,0,8f,0,34,6,0,0,0,0,5b,2a,1b,b1,0,0,0,0,0   TimeStamp  :  58156       Distance  :  87

(PORT 1) : 6a,5,0,18,34,12,0,0,0,0,0,90,0,35,6,0,0,0,0,6d,16,71,25,0,0,0,0,0   TimeStamp  :  58443       Distance  :  88

(PORT 1) : 6a,5,0,18,34,12,0,0,0,0,0,8d,0,36,6,0,0,0,0,b2,d3,de,b4,0,0,0,0,0   TimeStamp  :  58732       Distance  :  85

(PORT 1) : 6a,5,0,18,34,12,0,0,0,0,0,8f,0,37,6,0,0,0,0,ff,9c,71,3a,0,0,0,0,0   TimeStamp  :  59020       Distance  :  87

(PORT 1) : 6a,5,0,18,34,12,0,0,0,0,0,8f,0,38,6,0,0,0,0,d,af,7f,b9,0,0,0,0,0   TimeStamp  :  59307       Distance  :  87

(PORT 1) : 6a,5,0,18,34,12,0,0,0,0,0,90,0,39,6,0,0,0,0,b9,b,93,f1,0,0,0,0,0   TimeStamp  :  59596       Distance  :  88

(PORT 1) : 6a,5,0,18,34,12,0,0,0,0,0,8d,0,3a,6,0,0,0,0,89,30,17,7a,0,0,0,0,0   TimeStamp  :  59884       Distance  :  85

(PORT 1) : 6a,5,0,18,34,12,0,0,0,0,0,8c,0,3b,6,0,0,0,0,bc,e5,56,bd,0,0,0,0,0   TimeStamp  :  60171       Distance  :  84

(PORT 1) : 6a,5,0,18,34,12,0,0,0,0,0,8e,0,3c,6,0,0,0,0,50,7,1a,56,0,0,0,0,0   TimeStamp  :  60459       Distance  :  86

(PORT 1) : 6a,5,0,18,34,12,0,0,0,0,0,8e,0,3d,6,0,0,0,0,23,e,78,f,0,0,0,0,0   TimeStamp  :  60747       Distance  :  86

(PORT 1) : 6a,5,0,18,34,12,0,0,0,0,0,8e,0,3e,6,0,0,0,0,39,21,32,9f,0,0,0,0,0   TimeStamp  :  61041       Distance  :  86
