off-uci ntf
off-uci cmd_res
off-uci_config
off-uci_cmd
off-crypto_decoding
off-dk_log
>> SECURE:46 1D C5 9A 69 60 58 CC FF FF FF FF BF 7F FF FF 
>> RAD RESULT: Time Out
>> RAD RESULT: Time Out
>> RAD RESULT: Time Out
>> RAD RESULT: Time Out
>> RAD RESULT: Time Out
>> RAD RESULT: Time Out
>> RAD RESULT: Time Out
>> RAD RESULT:0.29m
>> RAD RESULT:0.29m
>> RAD RESULT:0.27m
>> RAD RESULT:0.25m
>> RAD RESULT:0.29m
>> RAD RESULT:0.29m
>> RAD RESULT:0.28m
>> RAD RESULT:0.31m
>> RAD RESULT:0.29m
>> RAD RESULT:0.29m
>> RAD RESULT:0.33m
>> RAD RESULT:0.28m
>> RAD RESULT:0.29m
>> RAD RESULT:0.31m
>> RAD RESULT:0.27m
>> RAD RESULT:0.27m
>> RAD RESULT:0.29m
>> RAD RESULT:0.30m
>> RAD RESULT:0.29m
>> RAD RESULT:0.30m
>> RAD RESULT:0.28m
>> RAD RESULT:0.28m
>> RAD RESULT:0.29m
>> RAD RESULT:0.28m
>> RAD RESULT:0.26m
>> RAD RESULT:0.28m
>> RAD RESULT:0.28m
>> RAD RESULT:0.29m
>> RAD RESULT:0.29m
>> RAD RESULT:0.29m
>> RAD RESULT:0.29m
>> RAD RESULT:0.28m
>> RAD RESULT:0.29m
>> RAD RESULT:0.29m
>> RAD RESULT:0.30m
>> RAD RESULT:0.30m
>> RAD RESULT:0.28m
>> RAD RESULT:0.32m
>> RAD RESULT:0.29m
>> RAD RESULT:0.30m
>> RAD RESULT:0.25m
>> RAD RESULT:0.27m
>> RAD RESULT:0.27m
>> RAD RESULT:0.28m
>> RAD RESULT:0.26m
>> RAD RESULT:0.29m
>> RAD RESULT:0.30m
>> RAD RESULT:0.29m
>> RAD RESULT:0.30m
>> RAD RESULT:0.30m
>> RAD RESULT:0.30m
>> RAD RESULT:0.30m
>> RAD RESULT:0.29m
>> RAD RESULT:0.25m
>> RAD RESULT:0.26m
>> RAD RESULT:0.29m
>> RAD RESULT:0.28m
>> RAD RESULT:0.29m
>> RAD RESULT:0.29m
>> RAD RESULT:0.29m
>> RAD RESULT:0.29m
>> RAD RESULT:0.28m
>> RAD RESULT:0.30m
>> RAD RESULT:0.26m
>> RAD RESULT:0.28m
>> RAD RESULT:0.31m
>> RAD RESULT:0.30m
>> RAD RESULT:0.29m
>> RAD RESULT:0.29m
>> RAD RESULT:0.29m
>> RAD RESULT:0.28m
>> RAD RESULT:0.25m
>> RAD RESULT:0.27m
>> RAD RESULT:0.28m
>> RAD RESULT:0.30m
>> RAD RESULT:0.29m
>> RAD RESULT:0.30m
>> RAD RESULT:0.27m
>> RAD RESULT:0.31m
>> RAD RESULT:0.31m
>> RAD RESULT:0.26m
>> RAD RESULT:0.27m
>> RAD RESULT:0.28m
>> RAD RESULT:0.29m
>> RAD RESULT:0.29m
>> RAD RESULT:0.27m
>> RAD RESULT:0.32m
>> RAD RESULT:0.29m
>> RAD RESULT:0.29m
>> RAD RESULT:0.30m
>> RAD RESULT:0.28m
>> RAD RESULT:0.28m
>> RAD RESULT:0.30m
>> RAD RESULT:0.30m
>> RAD RESULT:0.30m
>> RAD RESULT:0.29m
>> RAD RESULT:0.28m
>> RAD RESULT:0.31m
>> RAD RESULT:0.29m
>> RAD RESULT:0.28m
>> RAD RESULT:0.32m
>> RAD RESULT:0.29m
>> RAD RESULT:0.26m
>> RAD RESULT:0.26m
>> RAD RESULT:0.29m
>> RAD RESULT:0.28m
>> RAD RESULT:0.27m
>> RAD RESULT:0.31m
>> RAD RESULT:0.30m
>> RAD RESULT:0.28m
>> RAD RESULT:0.29m
>> RAD RESULT:0.28m
>> RAD RESULT:0.29m
>> RAD RESULT:0.30m
>> RAD RESULT:0.29m
>> RAD RESULT:0.29m
>> RAD RESULT:0.29m
>> RAD RESULT:0.27m
>> RAD RESULT:0.27m
>> RAD RESULT:0.28m
>> RAD RESULT:0.29m
>> RAD RESULT:0.29m
>> RAD RESULT:0.29m
>> RAD RESULT:0.30m
>> RAD RESULT:0.28m
>> RAD RESULT:0.29m
>> RAD RESULT:0.26m
>> RAD RESULT:0.29m
>> RAD RESULT:0.27m
>> RAD RESULT:0.29m
>> RAD RESULT:0.28m
>> RAD RESULT:0.29m
>> RAD RESULT:0.30m
>> RAD RESULT:0.29m
>> RAD RESULT:0.29m
>> RAD RESULT:0.32m
>> RAD RESULT:0.27m
>> RAD RESULT:0.29m
>> RAD RESULT:0.28m
>> RAD RESULT:0.31m
>> RAD RESULT:0.28m
>> RAD RESULT:0.29m
>> RAD RESULT:0.29m
>> RAD RESULT:0.28m
>> RAD RESULT:0.27m
>> RAD RESULT:0.27m
>> RAD RESULT:0.29m
>> RAD RESULT:0.29m
>> RAD RESULT:0.29m
>> RAD RESULT:0.27m
>> RAD RESULT:0.28m
>> RAD RESULT:0.30m
>> RAD RESULT:0.27m
>> RAD RESULT:0.28m
>> RAD RESULT:0.29m
>> RAD RESULT:0.29m
>> RAD RESULT:0.30m
>> RAD RESULT:0.29m
>> RAD RESULT:0.28m
>> RAD RESULT:0.28m
>> RAD RESULT:0.29m
>> RAD RESULT:0.29m
>> RAD RESULT:0.29m
>> RAD RESULT:0.28m
>> RAD RESULT:0.29m
>> RAD RESULT:0.29m
>> RAD RESULT:0.29m
>> RAD RESULT:0.32m
>> RAD RESULT:0.30m
>> RAD RESULT:0.27m
>> RAD RESULT:0.29m
>> RAD RESULT:0.29m
>> RAD RESULT:0.27m
>> RAD RESULT:0.28m
>> RAD RESULT:0.31m
>> RAD RESULT:0.27m
>> RAD RESULT:0.27m
>> RAD RESULT:0.27m
>> RAD RESULT:0.29m
>> RAD RESULT:0.29m
>> RAD RESULT:0.27m
>> RAD RESULT:0.29m
>> RAD RESULT:0.28m
>> RAD RESULT:0.31m
>> RAD RESULT:0.29m
>> RAD RESULT:0.29m
>> RAD RESULT:0.27m
>> RAD RESULT:0.28m
>> RAD RESULT:0.28m
>> RAD RESULT:0.29m
>> RAD RESULT:0.30m
>> RAD RESULT:0.24m
>> RAD RESULT:0.32m
>> RAD RESULT:0.23m
>> RAD RESULT:0.31m
>> RAD RESULT:0.28m
>> RAD RESULT:0.26m
>> RAD RESULT:0.26m
>> RAD RESULT:0.30m
>> RAD RESULT:0.32m
>> RAD RESULT:0.28m
>> RAD RESULT:0.29m
>> RAD RESULT:0.27m
>> RAD RESULT:0.30m
>> RAD RESULT:0.28m
>> RAD RESULT:0.33m
>> RAD RESULT:0.29m
>> RAD RESULT:0.29m
>> RAD RESULT:0.29m
>> RAD RESULT:0.29m
>> RAD RESULT:0.31m
>> RAD RESULT:0.30m
>> RAD RESULT:0.29m
>> RAD RESULT:0.32m
>> RAD RESULT:0.24m
>> RAD RESULT:0.29m
>> RAD RESULT:0.27m
>> RAD RESULT:0.27m
>> RAD RESULT:0.28m
>> RAD RESULT:0.28m
>> RAD RESULT:0.30m
>> RAD RESULT:0.28m
>> RAD RESULT:0.30m
>> RAD RESULT:0.30m
>> RAD RESULT:0.29m
>> RAD RESULT:0.28m
>> RAD RESULT:0.28m
>> RAD RESULT:0.29m
>> RAD RESULT:0.27m
>> RAD RESULT:0.29m
>> RAD RESULT:0.29m
>> RAD RESULT:0.25m
>> RAD RESULT:0.29m
>> RAD RESULT:0.29m
>> RAD RESULT:0.28m
>> RAD RESULT:0.29m
>> RAD RESULT:0.32m
>> RAD RESULT:0.30m
>> RAD RESULT:0.30m
>> RAD RESULT:0.30m
>> RAD RESULT:0.28m
>> RAD RESULT:0.29m
>> RAD RESULT:0.28m
>> RAD RESULT:0.29m
>> RAD RESULT:0.29m
>> RAD RESULT:0.26m
>> RAD RESULT:0.28m
>> RAD RESULT:0.29m
>> RAD RESULT:0.29m
>> RAD RESULT:0.32m
>> RAD RESULT:0.29m
>> RAD RESULT:0.28m
>> RAD RESULT:0.31m
>> RAD RESULT:0.30m
>> RAD RESULT:0.33m
>> RAD RESULT:0.28m
>> RAD RESULT:0.28m
>> RAD RESULT:0.32m
>> RAD RESULT:0.31m
>> RAD RESULT:0.30m
>> RAD RESULT:0.31m
>> RAD RESULT:0.27m
>> RAD RESULT:0.27m
>> RAD RESULT:0.29m
>> RAD RESULT:0.29m
>> RAD RESULT:0.30m
>> RAD RESULT:0.31m
>> RAD RESULT:0.29m
>> RAD RESULT:0.30m
>> RAD RESULT:0.30m
>> RAD RESULT:0.29m
>> RAD RESULT:0.28m
>> RAD RESULT:0.29m
>> RAD RESULT:0.30m
>> RAD RESULT:0.29m
>> RAD RESULT:0.28m
>> RAD RESULT:0.28m
>> RAD RESULT:0.27m
>> RAD RESULT:0.29m
>> RAD RESULT:0.31m
>> RAD RESULT:0.29m
>> RAD RESULT:0.29m
>> RAD RESULT:0.28m
>> RAD RESULT:0.27m
>> RAD RESULT:0.27m
>> RAD RESULT:0.28m
>> RAD RESULT:0.29m
>> RAD RESULT:0.27m
>> RAD RESULT:0.31m
>> RAD RESULT:0.29m
>> RAD RESULT:0.29m
>> RAD RESULT:0.29m
>> RAD RESULT:0.30m
>> RAD RESULT:0.28m
>> RAD RESULT:0.29m
>> RAD RESULT:0.27m
>> RAD RESULT:0.26m
>> RAD RESULT:0.28m
>> RAD RESULT:0.29m
>> RAD RESULT:0.29m
>> RAD RESULT:0.28m
>> RAD RESULT:0.31m
>> RAD RESULT:0.26m
>> RAD RESULT:0.26m
>> RAD RESULT:0.31m
>> RAD RESULT:0.31m
>> RAD RESULT:0.29m
>> RAD RESULT:0.29m
>> RAD RESULT:0.27m
>> RAD RESULT:0.29m
>> RAD RESULT:0.29m
>> RAD RESULT:0.29m
>> RAD RESULT:0.27m
>> RAD RESULT:0.31m
>> RAD RESULT:0.29m
>> RAD RESULT:0.29m
>> RAD RESULT:0.31m
>> RAD RESULT:0.33m
>> RAD RESULT:0.28m
>> RAD RESULT:0.28m
>> RAD RESULT:0.27m
>> RAD RESULT:0.29m
>> RAD RESULT:0.29m
>> RAD RESULT:0.29m
>> RAD RESULT:0.29m
>> RAD RESULT:0.29m
>> RAD RESULT:0.31m
>> RAD RESULT:0.26m
>> RAD RESULT:0.26m
>> RAD RESULT:0.29m
>> RAD RESULT:0.27m
>> RAD RESULT:0.29m
>> RAD RESULT:0.29m
>> RAD RESULT:0.29m
>> RAD RESULT:0.32m
>> RAD RESULT:0.28m
>> RAD RESULT:0.29m
>> RAD RESULT:0.26m
>> RAD RESULT:0.29m
>> RAD RESULT:0.30m
>> RAD RESULT:0.29m
>> RAD RESULT:0.29m
>> RAD RESULT:0.28m
>> RAD RESULT:0.27m
>> RAD RESULT:0.29m
>> RAD RESULT:0.29m
>> RAD RESULT:0.31m
>> RAD RESULT:0.29m
>> RAD RESULT:0.27m
>> RAD RESULT:0.26m
>> RAD RESULT:0.29m
>> RAD RESULT:0.29m
>> RAD RESULT:0.29m
>> RAD RESULT:0.25m
