
(PORT 1) : 6a,5,0,18,21,43,65,87,0,0,0,7e,0,1a,0,0,0,0,0,f,51,db,8b,0,0,0,0,0   TimeStamp  :  927646       Distance  :  126

(PORT 1) : 6a,5,0,18,21,43,65,87,0,0,0,88,0,1b,0,0,0,0,0,55,7c,32,d8,0,0,0,0,0   TimeStamp  :  76       Distance  :  136

(PORT 1) : 6a,5,0,18,21,43,65,87,0,0,0,89,0,1c,0,0,0,0,0,69,a,7c,19,0,0,0,0,0   TimeStamp  :  172       Distance  :  137

(PORT 1) : 6a,5,0,18,21,43,65,87,0,0,0,82,0,1d,0,0,0,0,0,ab,43,c,c0,0,0,0,0,0   TimeStamp  :  268       Distance  :  130

(PORT 1) : 6a,5,0,18,21,43,65,87,0,0,0,85,0,1e,0,0,0,0,0,b3,50,f7,8a,0,0,0,0,0   TimeStamp  :  364       Distance  :  133

(PORT 1) : 6a,5,0,18,21,43,65,87,0,0,0,84,0,1f,0,0,0,0,0,60,ef,e5,d9,0,0,0,0,0   TimeStamp  :  460       Distance  :  132

(PORT 1) : 6a,5,0,18,21,43,65,87,0,0,0,81,0,20,0,0,0,0,0,fa,13,49,47,0,0,0,0,0   TimeStamp  :  556       Distance  :  129

(PORT 1) : 6a,5,0,18,21,43,65,87,0,0,0,82,0,21,0,0,0,0,0,29,49,0,ac,0,0,0,0,0   TimeStamp  :  652       Distance  :  130

(PORT 1) : 6a,5,0,18,21,43,65,87,0,0,0,87,0,22,0,0,0,0,0,a6,b,c5,46,0,0,0,0,0   TimeStamp  :  748       Distance  :  135

(PORT 1) : 6a,5,0,18,21,43,65,87,0,0,0,85,0,23,0,0,0,0,0,2a,aa,1e,4a,0,0,0,0,0   TimeStamp  :  845       Distance  :  133

(PORT 1) : 6a,5,0,18,21,43,65,87,0,0,0,84,0,24,0,0,0,0,0,c1,9f,41,60,0,0,0,0,0   TimeStamp  :  940       Distance  :  132

(PORT 1) : 6a,5,0,18,21,43,65,87,0,0,0,7d,0,25,0,0,0,0,0,62,76,f4,49,0,0,0,0,0   TimeStamp  :  1037       Distance  :  125

(PORT 1) : 6a,5,0,18,21,43,65,87,0,0,0,87,0,26,0,0,0,0,0,cd,d3,66,6f,0,0,0,0,0   TimeStamp  :  1132       Distance  :  135

(PORT 1) : 6a,5,0,18,21,43,65,87,0,0,0,86,0,27,0,0,0,0,0,45,5a,6a,f7,0,0,0,0,0   TimeStamp  :  1229       Distance  :  134

(PORT 1) : 6a,5,0,18,21,43,65,87,0,0,0,81,0,28,0,0,0,0,0,aa,e,df,cd,0,0,0,0,0   TimeStamp  :  1324       Distance  :  129

(PORT 1) : 6a,5,0,18,21,43,65,87,0,0,0,85,0,29,0,0,0,0,0,b5,b8,6,f2,0,0,0,0,0   TimeStamp  :  1420       Distance  :  133

(PORT 1) : 6a,5,0,18,21,43,65,87,0,0,0,86,0,2a,0,0,0,0,0,41,17,9b,8f,0,0,0,0,0   TimeStamp  :  1515       Distance  :  134

(PORT 1) : 6a,5,0,18,21,43,65,87,0,0,0,87,0,2b,0,0,0,0,0,33,ed,43,d0,0,0,0,0,0   TimeStamp  :  1612       Distance  :  135

(PORT 1) : 6a,5,0,18,21,43,65,87,0,0,0,84,0,2c,0,0,0,0,0,9a,d3,7f,f6,0,0,0,0,0   TimeStamp  :  1709       Distance  :  132

(PORT 1) : 6a,5,0,18,21,43,65,87,0,0,0,83,0,2d,0,0,0,0,0,a8,7b,36,b3,0,0,0,0,0   TimeStamp  :  1804       Distance  :  131

(PORT 1) : 6a,5,0,18,21,43,65,87,0,0,0,81,0,2e,0,0,0,0,0,b6,65,d,68,0,0,0,0,0   TimeStamp  :  1900       Distance  :  129

(PORT 1) : 6a,5,0,18,21,43,65,87,0,0,0,83,0,2f,0,0,0,0,0,4b,bd,6d,b9,0,0,0,0,0   TimeStamp  :  1996       Distance  :  131

(PORT 1) : 6a,5,0,18,21,43,65,87,0,0,0,7f,0,30,0,0,0,0,0,82,3b,29,ff,0,0,0,0,0   TimeStamp  :  2093       Distance  :  127

(PORT 1) : 6a,5,0,18,21,43,65,87,0,0,0,7d,0,31,0,0,0,0,0,c5,ea,91,f2,0,0,0,0,0   TimeStamp  :  2188       Distance  :  125

(PORT 1) : 6a,5,0,18,21,43,65,87,0,0,0,7e,0,32,0,0,0,0,0,51,79,c8,59,0,0,0,0,0   TimeStamp  :  2284       Distance  :  126

(PORT 1) : 6a,5,0,18,21,43,65,87,0,0,0,83,0,33,0,0,0,0,0,43,14,9e,96,0,0,0,0,0   TimeStamp  :  2380       Distance  :  131

(PORT 1) : 6a,5,0,18,21,43,65,87,0,0,0,87,0,34,0,0,0,0,0,50,48,e9,59,0,0,0,0,0   TimeStamp  :  2477       Distance  :  135

(PORT 1) : 6a,5,0,18,21,43,65,87,0,0,0,86,0,35,0,0,0,0,0,96,7f,57,43,0,0,0,0,0   TimeStamp  :  2573       Distance  :  134

(PORT 1) : 6a,5,0,18,21,43,65,87,0,0,0,85,0,36,0,0,0,0,0,d2,60,9,a8,0,0,0,0,0   TimeStamp  :  2668       Distance  :  133

(PORT 1) : 6a,5,0,18,21,43,65,87,0,0,0,82,0,37,0,0,0,0,0,ec,15,e3,1b,0,0,0,0,0   TimeStamp  :  2764       Distance  :  130

(PORT 1) : 6a,5,0,18,21,43,65,87,0,0,0,88,0,38,0,0,0,0,0,99,a0,94,8b,0,0,0,0,0   TimeStamp  :  2861       Distance  :  136

(PORT 1) : 6a,5,0,18,21,43,65,87,0,0,0,88,0,39,0,0,0,0,0,9f,98,21,2e,0,0,0,0,0   TimeStamp  :  2956       Distance  :  136

(PORT 1) : 6a,5,0,18,21,43,65,87,0,0,0,88,0,3a,0,0,0,0,0,19,be,27,8c,0,0,0,0,0   TimeStamp  :  3052       Distance  :  136

(PORT 1) : 6a,5,0,18,21,43,65,87,0,0,0,7f,0,3b,0,0,0,0,0,38,d5,79,80,0,0,0,0,0   TimeStamp  :  3148       Distance  :  127

(PORT 1) : 6a,5,0,18,21,43,65,87,0,0,0,84,0,3c,0,0,0,0,0,57,19,1,1f,0,0,0,0,0   TimeStamp  :  3244       Distance  :  132

(PORT 1) : 6a,5,0,18,21,43,65,87,0,0,0,83,0,3d,0,0,0,0,0,bc,ed,66,3d,0,0,0,0,0   TimeStamp  :  3341       Distance  :  131

(PORT 1) : 6a,5,0,18,21,43,65,87,0,0,0,88,0,3e,0,0,0,0,0,7c,3,d9,2f,0,0,0,0,0   TimeStamp  :  3436       Distance  :  136

(PORT 1) : 6a,5,0,18,21,43,65,87,0,0,0,86,0,3f,0,0,0,0,0,c2,ff,5e,15,0,0,0,0,0   TimeStamp  :  3532       Distance  :  134

(PORT 1) : 6a,5,0,18,21,43,65,87,0,0,0,84,0,40,0,0,0,0,0,a8,da,b8,a3,0,0,0,0,0   TimeStamp  :  3628       Distance  :  132

(PORT 1) : 6a,5,0,18,21,43,65,87,0,0,0,80,0,41,0,0,0,0,0,4,3f,65,68,0,0,0,0,0   TimeStamp  :  3724       Distance  :  128

(PORT 1) : 6a,5,0,18,21,43,65,87,0,0,0,82,0,42,0,0,0,0,0,d6,d6,5,29,0,0,0,0,0   TimeStamp  :  3820       Distance  :  130

(PORT 1) : 6a,5,0,18,21,43,65,87,0,0,0,84,0,43,0,0,0,0,0,55,aa,d4,bd,0,0,0,0,0   TimeStamp  :  3916       Distance  :  132

(PORT 1) : 6a,5,0,18,21,43,65,87,0,0,0,7f,0,44,0,0,0,0,0,4b,8e,cf,56,0,0,0,0,0   TimeStamp  :  4013       Distance  :  127

(PORT 1) : 6a,5,0,18,21,43,65,87,0,0,0,86,0,45,0,0,0,0,0,b3,fc,f3,cd,0,0,0,0,0   TimeStamp  :  4108       Distance  :  134

(PORT 1) : 6a,5,0,18,21,43,65,87,0,0,0,81,0,46,0,0,0,0,0,62,9f,49,99,0,0,0,0,0   TimeStamp  :  4204       Distance  :  129

(PORT 1) : 6a,5,0,18,21,43,65,87,0,0,0,86,0,47,0,0,0,0,0,29,40,1e,d2,0,0,0,0,0   TimeStamp  :  4300       Distance  :  134

(PORT 1) : 6a,5,0,18,21,43,65,87,0,0,0,7c,0,48,0,0,0,0,0,91,0,cd,67,0,0,0,0,0   TimeStamp  :  4395       Distance  :  124

(PORT 1) : 6a,5,0,18,21,43,65,87,0,0,0,81,0,49,0,0,0,0,0,d3,e0,b0,79,0,0,0,0,0   TimeStamp  :  4493       Distance  :  129

(PORT 1) : 6a,5,0,18,21,43,65,87,0,0,0,86,0,4a,0,0,0,0,0,27,ee,2c,db,0,0,0,0,0   TimeStamp  :  4588       Distance  :  134

(PORT 1) : 6a,5,0,18,21,43,65,87,0,0,0,82,0,4b,0,0,0,0,0,7c,4f,46,30,0,0,0,0,0   TimeStamp  :  4684       Distance  :  130

(PORT 1) : 6a,5,0,18,21,43,65,87,0,0,0,86,0,4c,0,0,0,0,0,a1,0,5f,c7,0,0,0,0,0   TimeStamp  :  4780       Distance  :  134

(PORT 1) : 6a,5,0,18,21,43,65,87,0,0,0,82,0,4d,0,0,0,0,0,28,ac,7d,45,0,0,0,0,0   TimeStamp  :  4876       Distance  :  130

(PORT 1) : 6a,5,0,18,21,43,65,87,0,0,0,88,0,4e,0,0,0,0,0,57,8b,a6,c9,0,0,0,0,0   TimeStamp  :  4971       Distance  :  136

(PORT 1) : 6a,5,0,18,21,43,65,87,0,0,0,7f,0,4f,0,0,0,0,0,3e,e5,f4,16,0,0,0,0,0   TimeStamp  :  5068       Distance  :  127

(PORT 1) : 6a,5,0,18,21,43,65,87,0,0,0,85,0,50,0,0,0,0,0,4c,1e,45,98,0,0,0,0,0   TimeStamp  :  5164       Distance  :  133

(PORT 1) : 6a,5,0,18,21,43,65,87,0,0,0,7e,0,51,0,0,0,0,0,9f,df,ae,3d,0,0,0,0,0   TimeStamp  :  5260       Distance  :  126

(PORT 1) : 6a,5,0,18,21,43,65,87,0,0,0,84,0,52,0,0,0,0,0,94,f3,73,e8,0,0,0,0,0   TimeStamp  :  5356       Distance  :  132

(PORT 1) : 6a,5,0,18,21,43,65,87,0,0,0,85,0,53,0,0,0,0,0,fe,6,42,7c,0,0,0,0,0   TimeStamp  :  5452       Distance  :  133

(PORT 1) : 6a,5,0,18,21,43,65,87,0,0,0,87,0,54,0,0,0,0,0,fc,c6,3c,a0,0,0,0,0,0   TimeStamp  :  5549       Distance  :  135

(PORT 1) : 6a,5,0,18,21,43,65,87,0,0,0,87,0,55,0,0,0,0,0,fc,3b,39,e3,0,0,0,0,0   TimeStamp  :  5644       Distance  :  135

(PORT 1) : 6a,5,0,18,21,43,65,87,0,0,0,7f,0,56,0,0,0,0,0,11,d5,cc,a6,0,0,0,0,0   TimeStamp  :  5740       Distance  :  127

(PORT 1) : 6a,5,0,18,21,43,65,87,0,0,0,89,0,57,0,0,0,0,0,52,e0,98,8e,0,0,0,0,0   TimeStamp  :  5836       Distance  :  137

(PORT 1) : 6a,5,0,18,21,43,65,87,0,0,0,81,0,58,0,0,0,0,0,fe,53,f2,e,0,0,0,0,0   TimeStamp  :  5932       Distance  :  129

(PORT 1) : 6a,5,0,18,21,43,65,87,0,0,0,85,0,59,0,0,0,0,0,f4,92,b3,10,0,0,0,0,0   TimeStamp  :  6028       Distance  :  133

(PORT 1) : 6a,5,0,18,21,43,65,87,0,0,0,85,0,5a,0,0,0,0,0,d4,83,a6,7d,0,0,0,0,0   TimeStamp  :  6124       Distance  :  133

(PORT 1) : 6a,5,0,18,21,43,65,87,0,0,0,83,0,5b,0,0,0,0,0,d7,e5,17,37,0,0,0,0,0   TimeStamp  :  6219       Distance  :  131

(PORT 1) : 6a,5,0,18,21,43,65,87,0,0,0,84,0,5c,0,0,0,0,0,7e,9e,35,2f,0,0,0,0,0   TimeStamp  :  6317       Distance  :  132

(PORT 1) : 6a,5,0,18,21,43,65,87,0,0,0,86,0,5d,0,0,0,0,0,13,b4,be,fe,0,0,0,0,0   TimeStamp  :  6412       Distance  :  134

(PORT 1) : 6a,5,0,18,21,43,65,87,0,0,0,87,0,5e,0,0,0,0,0,79,95,d0,b6,0,0,0,0,0   TimeStamp  :  6508       Distance  :  135

(PORT 1) : 6a,5,0,18,21,43,65,87,0,0,0,82,0,5f,0,0,0,0,0,5a,1d,c8,df,0,0,0,0,0   TimeStamp  :  6604       Distance  :  130

(PORT 1) : 6a,5,0,18,21,43,65,87,0,0,0,85,0,60,0,0,0,0,0,9f,18,5,71,0,0,0,0,0   TimeStamp  :  6701       Distance  :  133

(PORT 1) : 6a,5,0,18,21,43,65,87,0,0,0,86,0,61,0,0,0,0,0,f8,9,f7,d2,0,0,0,0,0   TimeStamp  :  6796       Distance  :  134

(PORT 1) : 6a,5,0,18,21,43,65,87,0,0,0,88,0,62,0,0,0,0,0,1,23,a4,e7,0,0,0,0,0   TimeStamp  :  6892       Distance  :  136

(PORT 1) : 6a,5,0,18,21,43,65,87,0,0,0,86,0,63,0,0,0,0,0,32,79,6,b5,0,0,0,0,0   TimeStamp  :  6988       Distance  :  134

(PORT 1) : 6a,5,0,18,21,43,65,87,0,0,0,84,0,64,0,0,0,0,0,17,a2,6d,76,0,0,0,0,0   TimeStamp  :  7084       Distance  :  132

(PORT 1) : 6a,5,0,18,21,43,65,87,0,0,0,7f,0,65,0,0,0,0,0,2,68,ff,92,0,0,0,0,0   TimeStamp  :  7179       Distance  :  127

(PORT 1) : 6a,5,0,18,21,43,65,87,0,0,0,80,0,66,0,0,0,0,0,96,45,f,5e,0,0,0,0,0   TimeStamp  :  7276       Distance  :  128

(PORT 1) : 6a,5,0,18,21,43,65,87,0,0,0,86,0,67,0,0,0,0,0,6f,b0,df,eb,0,0,0,0,0   TimeStamp  :  7372       Distance  :  134

(PORT 1) : 6a,5,0,18,21,43,65,87,0,0,0,84,0,68,0,0,0,0,0,0,55,d1,24,0,0,0,0,0   TimeStamp  :  7467       Distance  :  132

(PORT 1) : 6a,5,0,18,21,43,65,87,0,0,0,87,0,69,0,0,0,0,0,2f,de,1e,d1,0,0,0,0,0   TimeStamp  :  7563       Distance  :  135

(PORT 1) : 6a,5,0,18,21,43,65,87,0,0,0,80,0,6a,0,0,0,0,0,76,4e,45,fd,0,0,0,0,0   TimeStamp  :  7660       Distance  :  128

(PORT 1) : 6a,5,0,18,21,43,65,87,0,0,0,85,0,6b,0,0,0,0,0,be,e1,46,87,0,0,0,0,0   TimeStamp  :  7756       Distance  :  133

(PORT 1) : 6a,5,0,18,21,43,65,87,0,0,0,88,0,6c,0,0,0,0,0,f9,3e,62,a1,0,0,0,0,0   TimeStamp  :  7852       Distance  :  136

(PORT 1) : 6a,5,0,18,21,43,65,87,0,0,0,87,0,6d,0,0,0,0,0,b3,66,16,1f,0,0,0,0,0   TimeStamp  :  7948       Distance  :  135

(PORT 1) : 6a,5,0,18,21,43,65,87,0,0,0,7f,0,6e,0,0,0,0,0,b6,8d,9c,54,0,0,0,0,0   TimeStamp  :  8044       Distance  :  127

(PORT 1) : 6a,5,0,18,21,43,65,87,0,0,0,82,0,6f,0,0,0,0,0,e2,d7,1,31,0,0,0,0,0   TimeStamp  :  8140       Distance  :  130

(PORT 1) : 6a,5,0,18,21,43,65,87,0,0,0,86,0,70,0,0,0,0,0,63,24,2,78,0,0,0,0,0   TimeStamp  :  8236       Distance  :  134

(PORT 1) : 6a,5,0,18,21,43,65,87,0,0,0,7d,0,71,0,0,0,0,0,36,a2,d3,56,0,0,0,0,0   TimeStamp  :  8331       Distance  :  125

(PORT 1) : 6a,5,0,18,21,43,65,87,0,0,0,81,0,72,0,0,0,0,0,88,4a,d0,7a,0,0,0,0,0   TimeStamp  :  8427       Distance  :  129

(PORT 1) : 6a,5,0,18,21,43,65,87,0,0,0,82,0,73,0,0,0,0,0,7a,1e,59,7c,0,0,0,0,0   TimeStamp  :  8524       Distance  :  130

(PORT 1) : 6a,5,0,18,21,43,65,87,0,0,0,86,0,74,0,0,0,0,0,22,65,e8,f6,0,0,0,0,0   TimeStamp  :  8619       Distance  :  134

(PORT 1) : 6a,5,0,18,21,43,65,87,0,0,0,84,0,75,0,0,0,0,0,b,66,9,d0,0,0,0,0,0   TimeStamp  :  8716       Distance  :  132

(PORT 1) : 6a,5,0,18,21,43,65,87,0,0,0,86,0,76,0,0,0,0,0,10,16,58,40,0,0,0,0,0   TimeStamp  :  8812       Distance  :  134

(PORT 1) : 6a,5,0,18,21,43,65,87,0,0,0,80,0,77,0,0,0,0,0,fe,42,4c,93,0,0,0,0,0   TimeStamp  :  8909       Distance  :  128

(PORT 1) : 6a,5,0,18,21,43,65,87,0,0,0,86,0,78,0,0,0,0,0,70,e2,8b,a5,0,0,0,0,0   TimeStamp  :  9004       Distance  :  134

(PORT 1) : 6a,5,0,18,21,43,65,87,0,0,0,7e,0,79,0,0,0,0,0,dd,c,7,e6,0,0,0,0,0   TimeStamp  :  9100       Distance  :  126

(PORT 1) : 6a,5,0,18,21,43,65,87,0,0,0,80,0,7a,0,0,0,0,0,68,be,2a,cc,0,0,0,0,0   TimeStamp  :  9195       Distance  :  128

(PORT 1) : 6a,5,0,18,21,43,65,87,0,0,0,7e,0,7b,0,0,0,0,0,b1,13,26,f4,0,0,0,0,0   TimeStamp  :  9292       Distance  :  126

(PORT 1) : 6a,5,0,18,21,43,65,87,0,0,0,82,0,7c,0,0,0,0,0,7d,34,18,d6,0,0,0,0,0   TimeStamp  :  9388       Distance  :  130

(PORT 1) : 6a,5,0,18,21,43,65,87,0,0,0,87,0,7d,0,0,0,0,0,29,8e,c5,4d,0,0,0,0,0   TimeStamp  :  9484       Distance  :  135

(PORT 1) : 6a,5,0,18,21,43,65,87,0,0,0,83,0,7e,0,0,0,0,0,4e,e9,19,ef,0,0,0,0,0   TimeStamp  :  9580       Distance  :  131

(PORT 1) : 6a,5,0,18,21,43,65,87,0,0,0,88,0,7f,0,0,0,0,0,eb,80,d6,23,0,0,0,0,0   TimeStamp  :  9675       Distance  :  136

(PORT 1) : 6a,5,0,18,21,43,65,87,0,0,0,85,0,80,0,0,0,0,0,93,9f,ce,c9,0,0,0,0,0   TimeStamp  :  9772       Distance  :  133

(PORT 1) : 6a,5,0,18,21,43,65,87,0,0,0,86,0,81,0,0,0,0,0,83,ce,3d,f5,0,0,0,0,0   TimeStamp  :  9868       Distance  :  134

(PORT 1) : 6a,5,0,18,21,43,65,87,0,0,0,86,0,82,0,0,0,0,0,17,fc,6c,8a,0,0,0,0,0   TimeStamp  :  9963       Distance  :  134

(PORT 1) : 6a,5,0,18,21,43,65,87,0,0,0,87,0,83,0,0,0,0,0,db,8,36,51,0,0,0,0,0   TimeStamp  :  10060       Distance  :  135

(PORT 1) : 6a,5,0,18,21,43,65,87,0,0,0,7e,0,84,0,0,0,0,0,43,db,23,8,0,0,0,0,0   TimeStamp  :  10155       Distance  :  126

(PORT 1) : 6a,5,0,18,21,43,65,87,0,0,0,88,0,85,0,0,0,0,0,de,1a,b0,ea,0,0,0,0,0   TimeStamp  :  10252       Distance  :  136

(PORT 1) : 6a,5,0,18,21,43,65,87,0,0,0,7f,0,86,0,0,0,0,0,ae,2a,e1,10,0,0,0,0,0   TimeStamp  :  10348       Distance  :  127

(PORT 1) : 6a,5,0,18,21,43,65,87,0,0,0,84,0,87,0,0,0,0,0,a0,1b,a1,65,0,0,0,0,0   TimeStamp  :  10444       Distance  :  132

(PORT 1) : 6a,5,0,18,21,43,65,87,0,0,0,86,0,88,0,0,0,0,0,b5,37,37,4,0,0,0,0,0   TimeStamp  :  10540       Distance  :  134

(PORT 1) : 6a,5,0,18,21,43,65,87,0,0,0,87,0,89,0,0,0,0,0,55,53,bf,27,0,0,0,0,0   TimeStamp  :  10635       Distance  :  135

(PORT 1) : 6a,5,0,18,21,43,65,87,0,4,0,72,0,8a,0,0,0,0,0,41,4d,a9,7,0,0,0,0,0   TimeStamp  :  10732       Distance  :  114

(PORT 1) : 6a,5,0,18,21,43,65,87,0,0,0,7d,0,8b,0,0,0,0,0,76,24,37,f8,0,0,0,0,0   TimeStamp  :  10828       Distance  :  125

(PORT 1) : 6a,5,0,18,21,43,65,87,0,0,0,85,0,8c,0,0,0,0,0,e5,60,c8,73,0,0,0,0,0   TimeStamp  :  10923       Distance  :  133

(PORT 1) : 6a,5,0,18,21,43,65,87,0,0,0,84,0,8d,0,0,0,0,0,66,55,d3,27,0,0,0,0,0   TimeStamp  :  11020       Distance  :  132

(PORT 1) : 6a,5,0,18,21,43,65,87,0,0,0,85,0,8e,0,0,0,0,0,22,e6,79,2a,0,0,0,0,0   TimeStamp  :  11115       Distance  :  133

(PORT 1) : 6a,5,0,18,21,43,65,87,0,0,0,86,0,8f,0,0,0,0,0,23,b2,2b,b5,0,0,0,0,0   TimeStamp  :  11212       Distance  :  134

(PORT 1) : 6a,5,0,18,21,43,65,87,0,0,0,88,0,90,0,0,0,0,0,fa,1b,df,3d,0,0,0,0,0   TimeStamp  :  11308       Distance  :  136

(PORT 1) : 6a,5,0,18,21,43,65,87,0,0,0,88,0,91,0,0,0,0,0,3d,cc,e4,a2,0,0,0,0,0   TimeStamp  :  11403       Distance  :  136

(PORT 1) : 6a,5,0,18,21,43,65,87,0,0,0,80,0,92,0,0,0,0,0,63,23,7d,e2,0,0,0,0,0   TimeStamp  :  11500       Distance  :  128

(PORT 1) : 6a,5,0,18,21,43,65,87,0,0,0,82,0,93,0,0,0,0,0,1d,19,2a,7e,0,0,0,0,0   TimeStamp  :  11595       Distance  :  130

(PORT 1) : 6a,5,0,18,21,43,65,87,0,0,0,85,0,94,0,0,0,0,0,c9,10,7b,4b,0,0,0,0,0   TimeStamp  :  11692       Distance  :  133

(PORT 1) : 6a,5,0,18,21,43,65,87,0,0,0,85,0,95,0,0,0,0,0,84,4,6a,a8,0,0,0,0,0   TimeStamp  :  11788       Distance  :  133

(PORT 1) : 6a,5,0,18,21,43,65,87,0,0,0,83,0,96,0,0,0,0,0,eb,c0,e4,c6,0,0,0,0,0   TimeStamp  :  11883       Distance  :  131

(PORT 1) : 6a,5,0,18,21,43,65,87,0,0,0,7f,0,97,0,0,0,0,0,46,94,75,99,0,0,0,0,0   TimeStamp  :  11979       Distance  :  127

(PORT 1) : 6a,5,0,18,21,43,65,87,0,0,0,82,0,98,0,0,0,0,0,62,3b,6a,aa,0,0,0,0,0   TimeStamp  :  12076       Distance  :  130

(PORT 1) : 6a,5,0,18,21,43,65,87,0,0,0,84,0,99,0,0,0,0,0,4f,da,c5,14,0,0,0,0,0   TimeStamp  :  12172       Distance  :  132

(PORT 1) : 6a,5,0,18,21,43,65,87,0,0,0,86,0,9a,0,0,0,0,0,3f,22,67,db,0,0,0,0,0   TimeStamp  :  12267       Distance  :  134

(PORT 1) : 6a,5,0,18,21,43,65,87,0,0,0,82,0,9b,0,0,0,0,0,34,9b,99,6e,0,0,0,0,0   TimeStamp  :  12364       Distance  :  130

(PORT 1) : 6a,5,0,18,21,43,65,87,0,0,0,82,0,9c,0,0,0,0,0,e6,b4,b5,fc,0,0,0,0,0   TimeStamp  :  12459       Distance  :  130

(PORT 1) : 6a,5,0,18,21,43,65,87,0,0,0,83,0,9d,0,0,0,0,0,f7,b,26,86,0,0,0,0,0   TimeStamp  :  12556       Distance  :  131

(PORT 1) : 6a,5,0,18,21,43,65,87,0,0,0,83,0,9e,0,0,0,0,0,8c,de,d7,fd,0,0,0,0,0   TimeStamp  :  12652       Distance  :  131

(PORT 1) : 6a,5,0,18,21,43,65,87,0,0,0,84,0,9f,0,0,0,0,0,d,b5,e3,4,0,0,0,0,0   TimeStamp  :  12748       Distance  :  132

(PORT 1) : 6a,5,0,18,21,43,65,87,0,0,0,87,0,a0,0,0,0,0,0,72,92,f,85,0,0,0,0,0   TimeStamp  :  12843       Distance  :  135

(PORT 1) : 6a,5,0,18,21,43,65,87,0,0,0,85,0,a1,0,0,0,0,0,e,89,20,3d,0,0,0,0,0   TimeStamp  :  12939       Distance  :  133

(PORT 1) : 6a,5,0,18,21,43,65,87,0,0,0,7d,0,a2,0,0,0,0,0,fa,0,2d,ea,0,0,0,0,0   TimeStamp  :  13036       Distance  :  125

(PORT 1) : 6a,5,0,18,21,43,65,87,0,0,0,86,0,a3,0,0,0,0,0,85,99,ca,b3,0,0,0,0,0   TimeStamp  :  13131       Distance  :  134

(PORT 1) : 6a,5,0,18,21,43,65,87,0,0,0,83,0,a4,0,0,0,0,0,f,81,c3,3c,0,0,0,0,0   TimeStamp  :  13228       Distance  :  131

(PORT 1) : 6a,5,0,18,21,43,65,87,0,0,0,7c,0,a5,0,0,0,0,0,cc,19,f7,ac,0,0,0,0,0   TimeStamp  :  13324       Distance  :  124

(PORT 1) : 6a,5,0,18,21,43,65,87,0,0,0,88,0,a6,0,0,0,0,0,df,9e,bb,69,0,0,0,0,0   TimeStamp  :  13420       Distance  :  136

(PORT 1) : 6a,5,0,18,21,43,65,87,0,0,0,87,0,a7,0,0,0,0,0,ad,50,e4,ed,0,0,0,0,0   TimeStamp  :  13516       Distance  :  135

(PORT 1) : 6a,5,0,18,21,43,65,87,0,0,0,85,0,a8,0,0,0,0,0,da,b9,e4,30,0,0,0,0,0   TimeStamp  :  13611       Distance  :  133

(PORT 1) : 6a,5,0,18,21,43,65,87,0,0,0,84,0,a9,0,0,0,0,0,1d,43,f1,f5,0,0,0,0,0   TimeStamp  :  13708       Distance  :  132

(PORT 1) : 6a,5,0,18,21,43,65,87,0,0,0,83,0,aa,0,0,0,0,0,ea,b7,98,ec,0,0,0,0,0   TimeStamp  :  13804       Distance  :  131

(PORT 1) : 6a,5,0,18,21,43,65,87,0,0,0,85,0,ab,0,0,0,0,0,c0,40,88,e4,0,0,0,0,0   TimeStamp  :  13900       Distance  :  133

(PORT 1) : 6a,5,0,18,21,43,65,87,0,0,0,81,0,ac,0,0,0,0,0,90,11,95,59,0,0,0,0,0   TimeStamp  :  13995       Distance  :  129

(PORT 1) : 6a,5,0,18,21,43,65,87,0,0,0,85,0,ad,0,0,0,0,0,d1,90,79,52,0,0,0,0,0   TimeStamp  :  14092       Distance  :  133

(PORT 1) : 6a,5,0,18,21,43,65,87,0,0,0,86,0,ae,0,0,0,0,0,70,a1,56,2e,0,0,0,0,0   TimeStamp  :  14188       Distance  :  134

(PORT 1) : 6a,5,0,18,21,43,65,87,0,0,0,85,0,af,0,0,0,0,0,c9,7e,c7,8a,0,0,0,0,0   TimeStamp  :  14284       Distance  :  133

(PORT 1) : 6a,5,0,18,21,43,65,87,0,0,0,87,0,b0,0,0,0,0,0,56,a4,ce,13,0,0,0,0,0   TimeStamp  :  14379       Distance  :  135

(PORT 1) : 6a,5,0,18,21,43,65,87,0,0,0,87,0,b1,0,0,0,0,0,6c,e7,c5,9f,0,0,0,0,0   TimeStamp  :  14475       Distance  :  135

(PORT 1) : 6a,5,0,18,21,43,65,87,0,0,0,86,0,b2,0,0,0,0,0,c6,df,75,37,0,0,0,0,0   TimeStamp  :  14572       Distance  :  134

(PORT 1) : 6a,5,0,18,21,43,65,87,0,0,0,84,0,b3,0,0,0,0,0,a9,d5,e5,1f,0,0,0,0,0   TimeStamp  :  14667       Distance  :  132

(PORT 1) : 6a,5,0,18,21,43,65,87,0,0,0,81,0,b4,0,0,0,0,0,b0,6,d1,bd,0,0,0,0,0   TimeStamp  :  14764       Distance  :  129

(PORT 1) : 6a,5,0,18,21,43,65,87,0,0,0,83,0,b5,0,0,0,0,0,c4,49,18,1d,0,0,0,0,0   TimeStamp  :  14860       Distance  :  131

(PORT 1) : 6a,5,0,18,21,43,65,87,0,0,0,7e,0,b6,0,0,0,0,0,14,32,82,f7,0,0,0,0,0   TimeStamp  :  14955       Distance  :  126

(PORT 1) : 6a,5,0,18,21,43,65,87,0,0,0,86,0,b7,0,0,0,0,0,da,34,74,ec,0,0,0,0,0   TimeStamp  :  15052       Distance  :  134

(PORT 1) : 6a,5,0,18,21,43,65,87,0,0,0,83,0,b8,0,0,0,0,0,59,c2,59,d2,0,0,0,0,0   TimeStamp  :  15148       Distance  :  131

(PORT 1) : 6a,5,0,18,21,43,65,87,0,0,0,85,0,b9,0,0,0,0,0,cc,85,eb,e1,0,0,0,0,0   TimeStamp  :  15244       Distance  :  133

(PORT 1) : 6a,5,0,18,21,43,65,87,0,0,0,89,0,ba,0,0,0,0,0,dd,1d,3f,c4,0,0,0,0,0   TimeStamp  :  15339       Distance  :  137

(PORT 1) : 6a,5,0,18,21,43,65,87,0,0,0,88,0,bb,0,0,0,0,0,7f,93,12,5e,0,0,0,0,0   TimeStamp  :  15435       Distance  :  136

(PORT 1) : 6a,5,0,18,21,43,65,87,0,0,0,87,0,bc,0,0,0,0,0,70,99,79,48,0,0,0,0,0   TimeStamp  :  15530       Distance  :  135

(PORT 1) : 6a,5,0,18,21,43,65,87,0,0,0,85,0,bd,0,0,0,0,0,48,a6,ee,73,0,0,0,0,0   TimeStamp  :  15627       Distance  :  133

(PORT 1) : 6a,5,0,18,21,43,65,87,0,0,0,83,0,be,0,0,0,0,0,52,7,14,65,0,0,0,0,0   TimeStamp  :  15722       Distance  :  131

(PORT 1) : 6a,5,0,18,21,43,65,87,0,0,0,86,0,bf,0,0,0,0,0,a2,fa,53,1f,0,0,0,0,0   TimeStamp  :  15819       Distance  :  134

(PORT 1) : 6a,5,0,18,21,43,65,87,0,0,0,81,0,c0,0,0,0,0,0,ff,bb,f9,e2,0,0,0,0,0   TimeStamp  :  15914       Distance  :  129

(PORT 1) : 6a,5,0,18,21,43,65,87,0,0,0,80,0,c1,0,0,0,0,0,cc,90,bf,e4,0,0,0,0,0   TimeStamp  :  16011       Distance  :  128

(PORT 1) : 6a,5,0,18,21,43,65,87,0,0,0,88,0,c2,0,0,0,0,0,80,5f,2f,9,0,0,0,0,0   TimeStamp  :  16107       Distance  :  136

(PORT 1) : 6a,5,0,18,21,43,65,87,0,0,0,81,0,c3,0,0,0,0,0,99,be,4b,56,0,0,0,0,0   TimeStamp  :  16203       Distance  :  129

(PORT 1) : 6a,5,0,18,21,43,65,87,0,0,0,89,0,c4,0,0,0,0,0,94,e8,16,b3,0,0,0,0,0   TimeStamp  :  16299       Distance  :  137

(PORT 1) : 6a,5,0,18,21,43,65,87,0,0,0,87,0,c5,0,0,0,0,0,ea,75,bb,2a,0,0,0,0,0   TimeStamp  :  16394       Distance  :  135

(PORT 1) : 6a,5,0,18,21,43,65,87,0,0,0,89,0,c6,0,0,0,0,0,79,8c,86,2a,0,0,0,0,0   TimeStamp  :  16491       Distance  :  137

(PORT 1) : 6a,5,0,18,21,43,65,87,0,0,0,83,0,c7,0,0,0,0,0,2f,40,d3,46,0,0,0,0,0   TimeStamp  :  16587       Distance  :  131

(PORT 1) : 6a,5,0,18,21,43,65,87,0,0,0,85,0,c8,0,0,0,0,0,ed,5c,82,f,0,0,0,0,0   TimeStamp  :  16683       Distance  :  133

(PORT 1) : 6a,5,0,18,21,43,65,87,0,0,0,81,0,c9,0,0,0,0,0,1e,30,37,47,0,0,0,0,0   TimeStamp  :  16779       Distance  :  129

(PORT 1) : 6a,5,0,18,21,43,65,87,0,0,0,86,0,ca,0,0,0,0,0,14,8b,d8,b2,0,0,0,0,0   TimeStamp  :  16875       Distance  :  134

(PORT 1) : 6a,5,0,18,21,43,65,87,0,0,0,85,0,cb,0,0,0,0,0,fb,3b,f6,68,0,0,0,0,0   TimeStamp  :  16971       Distance  :  133

(PORT 1) : 6a,5,0,18,21,43,65,87,0,0,0,81,0,cc,0,0,0,0,0,25,4f,56,c,0,0,0,0,0   TimeStamp  :  17067       Distance  :  129

(PORT 1) : 6a,5,0,18,21,43,65,87,0,0,0,8a,0,cd,0,0,0,0,0,4f,40,58,50,0,0,0,0,0   TimeStamp  :  17164       Distance  :  138

(PORT 1) : 6a,5,0,18,21,43,65,87,0,0,0,82,0,ce,0,0,0,0,0,8e,8e,4d,11,0,0,0,0,0   TimeStamp  :  17259       Distance  :  130

(PORT 1) : 6a,5,0,18,21,43,65,87,0,0,0,86,0,cf,0,0,0,0,0,b8,f,17,8d,0,0,0,0,0   TimeStamp  :  17356       Distance  :  134

(PORT 1) : 6a,5,0,18,21,43,65,87,0,0,0,87,0,d0,0,0,0,0,0,61,c3,d5,16,0,0,0,0,0   TimeStamp  :  17452       Distance  :  135

(PORT 1) : 6a,5,0,18,21,43,65,87,0,0,0,82,0,d1,0,0,0,0,0,41,b2,16,7d,0,0,0,0,0   TimeStamp  :  17548       Distance  :  130

(PORT 1) : 6a,5,0,18,21,43,65,87,0,0,0,81,0,d2,0,0,0,0,0,6d,a3,9,a6,0,0,0,0,0   TimeStamp  :  17643       Distance  :  129

(PORT 1) : 6a,5,0,18,21,43,65,87,0,0,0,88,0,d3,0,0,0,0,0,d1,81,4d,e3,0,0,0,0,0   TimeStamp  :  17739       Distance  :  136

(PORT 1) : 6a,5,0,18,21,43,65,87,0,0,0,84,0,d4,0,0,0,0,0,5,fe,ee,e,0,0,0,0,0   TimeStamp  :  17836       Distance  :  132

(PORT 1) : 6a,5,0,18,21,43,65,87,0,0,0,88,0,d5,0,0,0,0,0,ca,bb,9,a3,0,0,0,0,0   TimeStamp  :  17932       Distance  :  136

(PORT 1) : 6a,5,0,18,21,43,65,87,0,0,0,83,0,d6,0,0,0,0,0,ea,bf,4d,78,0,0,0,0,0   TimeStamp  :  18027       Distance  :  131

(PORT 1) : 6a,5,0,18,21,43,65,87,0,0,0,87,0,d7,0,0,0,0,0,bb,bd,2,3f,0,0,0,0,0   TimeStamp  :  18124       Distance  :  135

(PORT 1) : 6a,5,0,18,21,43,65,87,0,0,0,83,0,d8,0,0,0,0,0,20,7b,d6,3,0,0,0,0,0   TimeStamp  :  18219       Distance  :  131

(PORT 1) : 6a,5,0,18,21,43,65,87,0,0,0,81,0,d9,0,0,0,0,0,6,52,37,9f,0,0,0,0,0   TimeStamp  :  18315       Distance  :  129

(PORT 1) : 6a,5,0,18,21,43,65,87,0,0,0,85,0,da,0,0,0,0,0,c,a6,c5,c4,0,0,0,0,0   TimeStamp  :  18411       Distance  :  133

(PORT 1) : 6a,5,0,18,21,43,65,87,0,0,0,66,0,db,0,0,0,0,0,af,df,a5,8d,0,0,0,0,0   TimeStamp  :  18508       Distance  :  102

(PORT 1) : 6a,5,0,18,21,43,65,87,0,0,0,86,0,dc,0,0,0,0,0,63,68,48,75,0,0,0,0,0   TimeStamp  :  18603       Distance  :  134

(PORT 1) : 6a,5,0,18,21,43,65,87,0,0,0,7e,0,dd,0,0,0,0,0,fc,76,aa,a9,0,0,0,0,0   TimeStamp  :  18699       Distance  :  126

(PORT 1) : 6a,5,0,18,21,43,65,87,0,0,0,80,0,de,0,0,0,0,0,74,2f,a,c3,0,0,0,0,0   TimeStamp  :  18795       Distance  :  128

(PORT 1) : 6a,5,0,18,21,43,65,87,0,0,0,86,0,df,0,0,0,0,0,98,be,2a,4d,0,0,0,0,0   TimeStamp  :  18892       Distance  :  134

(PORT 1) : 6a,5,0,18,21,43,65,87,0,0,0,87,0,e0,0,0,0,0,0,ef,37,c2,d,0,0,0,0,0   TimeStamp  :  18987       Distance  :  135

(PORT 1) : 6a,5,0,18,21,43,65,87,0,0,0,83,0,e1,0,0,0,0,0,41,9f,42,47,0,0,0,0,0   TimeStamp  :  19083       Distance  :  131

(PORT 1) : 6a,5,0,18,21,43,65,87,0,0,0,7f,0,e2,0,0,0,0,0,ed,9a,24,eb,0,0,0,0,0   TimeStamp  :  19179       Distance  :  127

(PORT 1) : 6a,5,0,18,21,43,65,87,0,0,0,88,0,e3,0,0,0,0,0,88,2f,46,58,0,0,0,0,0   TimeStamp  :  19276       Distance  :  136

(PORT 1) : 6a,5,0,18,21,43,65,87,0,0,0,88,0,e4,0,0,0,0,0,d3,9a,a8,24,0,0,0,0,0   TimeStamp  :  19372       Distance  :  136

(PORT 1) : 6a,5,0,18,21,43,65,87,0,0,0,82,0,e5,0,0,0,0,0,bd,d5,5,14,0,0,0,0,0   TimeStamp  :  19467       Distance  :  130

(PORT 1) : 6a,5,0,18,21,43,65,87,0,0,0,83,0,e6,0,0,0,0,0,94,15,ee,e6,0,0,0,0,0   TimeStamp  :  19563       Distance  :  131

(PORT 1) : 6a,5,0,18,21,43,65,87,0,0,0,7e,0,e7,0,0,0,0,0,28,95,ea,8,0,0,0,0,0   TimeStamp  :  19660       Distance  :  126

(PORT 1) : 6a,5,0,18,21,43,65,87,0,0,0,7f,0,e8,0,0,0,0,0,1e,a9,65,88,0,0,0,0,0   TimeStamp  :  19755       Distance  :  127

(PORT 1) : 6a,5,0,18,21,43,65,87,0,0,0,7f,0,e9,0,0,0,0,0,c4,21,11,dc,0,0,0,0,0   TimeStamp  :  19851       Distance  :  127

(PORT 1) : 6a,5,0,18,21,43,65,87,0,0,0,87,0,ea,0,0,0,0,0,e7,57,8c,78,0,0,0,0,0   TimeStamp  :  19947       Distance  :  135

(PORT 1) : 6a,5,0,18,21,43,65,87,0,0,0,87,0,eb,0,0,0,0,0,f6,e0,f3,28,0,0,0,0,0   TimeStamp  :  20044       Distance  :  135

(PORT 1) : 6a,5,0,18,21,43,65,87,0,0,0,86,0,ec,0,0,0,0,0,75,84,72,66,0,0,0,0,0   TimeStamp  :  20139       Distance  :  134

(PORT 1) : 6a,5,0,18,21,43,65,87,0,0,0,81,0,ed,0,0,0,0,0,46,4e,64,6e,0,0,0,0,0   TimeStamp  :  20235       Distance  :  129

(PORT 1) : 6a,5,0,18,21,43,65,87,0,0,0,83,0,ee,0,0,0,0,0,35,55,19,ae,0,0,0,0,0   TimeStamp  :  20332       Distance  :  131

(PORT 1) : 6a,5,0,18,21,43,65,87,0,0,0,81,0,ef,0,0,0,0,0,ac,fd,ed,ad,0,0,0,0,0   TimeStamp  :  20427       Distance  :  129

(PORT 1) : 6a,5,0,18,21,43,65,87,0,0,0,80,0,f0,0,0,0,0,0,90,74,47,15,0,0,0,0,0   TimeStamp  :  20523       Distance  :  128

(PORT 1) : 6a,5,0,18,21,43,65,87,0,0,0,87,0,f1,0,0,0,0,0,41,51,2,f6,0,0,0,0,0   TimeStamp  :  20619       Distance  :  135

(PORT 1) : 6a,5,0,18,21,43,65,87,0,0,0,81,0,f2,0,0,0,0,0,d1,c3,77,e3,0,0,0,0,0   TimeStamp  :  20715       Distance  :  129

(PORT 1) : 6a,5,0,18,21,43,65,87,0,0,0,84,0,f3,0,0,0,0,0,16,ee,e8,a,0,0,0,0,0   TimeStamp  :  20810       Distance  :  132

(PORT 1) : 6a,5,0,18,21,43,65,87,0,0,0,80,0,f4,0,0,0,0,0,6d,c7,b4,2e,0,0,0,0,0   TimeStamp  :  20908       Distance  :  128

(PORT 1) : 6a,5,0,18,21,43,65,87,0,0,0,81,0,f5,0,0,0,0,0,50,43,4b,b4,0,0,0,0,0   TimeStamp  :  21003       Distance  :  129

(PORT 1) : 6a,5,0,18,21,43,65,87,0,0,0,81,0,f6,0,0,0,0,0,f5,1b,6f,58,0,0,0,0,0   TimeStamp  :  21100       Distance  :  129

(PORT 1) : 6a,5,0,18,21,43,65,87,0,3,0,85,0,f7,0,0,0,0,0,4c,d,c7,dc,0,0,0,0,0   TimeStamp  :  21195       Distance  :  133

(PORT 1) : 6a,5,0,18,21,43,65,87,0,0,0,88,0,f8,0,0,0,0,0,25,38,f9,7c,0,0,0,0,0   TimeStamp  :  21292       Distance  :  136

(PORT 1) : 6a,5,0,18,21,43,65,87,0,0,0,7c,0,f9,0,0,0,0,0,4c,1c,2d,39,0,0,0,0,0   TimeStamp  :  21387       Distance  :  124

(PORT 1) : 6a,5,0,18,21,43,65,87,0,0,0,82,0,fa,0,0,0,0,0,47,e4,a4,17,0,0,0,0,0   TimeStamp  :  21483       Distance  :  130

(PORT 1) : 6a,5,0,18,21,43,65,87,0,0,0,85,0,fb,0,0,0,0,0,3b,15,28,cd,0,0,0,0,0   TimeStamp  :  21579       Distance  :  133

(PORT 1) : 6a,5,0,18,21,43,65,87,0,0,0,80,0,fc,0,0,0,0,0,ee,31,ec,50,0,0,0,0,0   TimeStamp  :  21675       Distance  :  128

(PORT 1) : 6a,5,0,18,21,43,65,87,0,0,0,83,0,fd,0,0,0,0,0,be,12,ad,3b,0,0,0,0,0   TimeStamp  :  21771       Distance  :  131

(PORT 1) : 6a,5,0,18,21,43,65,87,0,0,0,83,0,fe,0,0,0,0,0,7f,bc,f8,ed,0,0,0,0,0   TimeStamp  :  21867       Distance  :  131

(PORT 1) : 6a,5,0,18,21,43,65,87,0,0,0,83,0,ff,0,0,0,0,0,ca,6,71,5d,0,0,0,0,0   TimeStamp  :  21963       Distance  :  131

(PORT 1) : 6a,5,0,18,21,43,65,87,0,0,0,7f,0,0,1,0,0,0,0,d2,34,9a,e1,0,0,0,0,0   TimeStamp  :  22060       Distance  :  127

(PORT 1) : 6a,5,0,18,21,43,65,87,0,0,0,86,0,1,1,0,0,0,0,60,eb,3f,59,0,0,0,0,0   TimeStamp  :  22156       Distance  :  134

(PORT 1) : 6a,5,0,18,21,43,65,87,0,0,0,86,0,2,1,0,0,0,0,30,bf,ed,bc,0,0,0,0,0   TimeStamp  :  22251       Distance  :  134

(PORT 1) : 6a,5,0,18,21,43,65,87,0,0,0,88,0,3,1,0,0,0,0,89,5,56,13,0,0,0,0,0   TimeStamp  :  22347       Distance  :  136

(PORT 1) : 6a,5,0,18,21,43,65,87,0,0,0,80,0,4,1,0,0,0,0,d9,fb,d6,d6,0,0,0,0,0   TimeStamp  :  22444       Distance  :  128

(PORT 1) : 6a,5,0,18,21,43,65,87,0,0,0,84,0,5,1,0,0,0,0,ca,e7,b,19,0,0,0,0,0   TimeStamp  :  22539       Distance  :  132

(PORT 1) : 6a,5,0,18,21,43,65,87,0,0,0,88,0,6,1,0,0,0,0,1e,f5,6a,e2,0,0,0,0,0   TimeStamp  :  22635       Distance  :  136

(PORT 1) : 6a,5,0,18,21,43,65,87,0,0,0,7e,0,7,1,0,0,0,0,e2,cd,a8,68,0,0,0,0,0   TimeStamp  :  22731       Distance  :  126

(PORT 1) : 6a,5,0,18,21,43,65,87,0,0,0,81,0,8,1,0,0,0,0,21,43,ff,9d,0,0,0,0,0   TimeStamp  :  22827       Distance  :  129

(PORT 1) : 6a,5,0,18,21,43,65,87,0,0,0,83,0,9,1,0,0,0,0,30,71,a7,40,0,0,0,0,0   TimeStamp  :  22923       Distance  :  131

(PORT 1) : 6a,5,0,18,21,43,65,87,0,0,0,86,0,a,1,0,0,0,0,ab,b2,ed,27,0,0,0,0,0   TimeStamp  :  23019       Distance  :  134

(PORT 1) : 6a,5,0,18,21,43,65,87,0,0,0,86,0,b,1,0,0,0,0,ed,cc,b5,f3,0,0,0,0,0   TimeStamp  :  23115       Distance  :  134

(PORT 1) : 6a,5,0,18,21,43,65,87,0,0,0,86,0,c,1,0,0,0,0,6e,f9,d5,b9,0,0,0,0,0   TimeStamp  :  23211       Distance  :  134

(PORT 1) : 6a,5,0,18,21,43,65,87,0,0,0,86,0,d,1,0,0,0,0,4e,a3,2,c7,0,0,0,0,0   TimeStamp  :  23307       Distance  :  134

(PORT 1) : 6a,5,0,18,21,43,65,87,0,0,0,88,0,e,1,0,0,0,0,70,fb,61,a1,0,0,0,0,0   TimeStamp  :  23403       Distance  :  136

(PORT 1) : 6a,5,0,18,21,43,65,87,0,0,0,83,0,f,1,0,0,0,0,b6,68,9a,11,0,0,0,0,0   TimeStamp  :  23499       Distance  :  131

(PORT 1) : 6a,5,0,18,21,43,65,87,0,4,0,83,0,10,1,0,0,0,0,d4,14,11,bd,0,0,0,0,0   TimeStamp  :  23594       Distance  :  131

(PORT 1) : 6a,5,0,18,21,43,65,87,0,0,0,85,0,11,1,0,0,0,0,39,a6,e1,45,0,0,0,0,0   TimeStamp  :  23691       Distance  :  133

(PORT 1) : 6a,5,0,18,21,43,65,87,0,0,0,89,0,12,1,0,0,0,0,16,64,49,47,0,0,0,0,0   TimeStamp  :  23786       Distance  :  137

(PORT 1) : 6a,5,0,18,21,43,65,87,0,0,0,83,0,13,1,0,0,0,0,a9,be,4d,51,0,0,0,0,0   TimeStamp  :  23883       Distance  :  131

(PORT 1) : 6a,5,0,18,21,43,65,87,0,0,0,85,0,14,1,0,0,0,0,19,f8,fa,3a,0,0,0,0,0   TimeStamp  :  23979       Distance  :  133

(PORT 1) : 6a,5,0,18,21,43,65,87,0,0,0,80,0,15,1,0,0,0,0,60,8c,f1,5a,0,0,0,0,0   TimeStamp  :  24075       Distance  :  128

(PORT 1) : 6a,5,0,18,21,43,65,87,0,0,0,84,0,16,1,0,0,0,0,c9,c8,2c,47,0,0,0,0,0   TimeStamp  :  24171       Distance  :  132

(PORT 1) : 6a,5,0,18,21,43,65,87,0,0,0,89,0,17,1,0,0,0,0,d6,4c,98,ab,0,0,0,0,0   TimeStamp  :  24267       Distance  :  137

(PORT 1) : 6a,5,0,18,21,43,65,87,0,0,0,81,0,18,1,0,0,0,0,f2,4f,54,50,0,0,0,0,0   TimeStamp  :  24364       Distance  :  129

(PORT 1) : 6a,5,0,18,21,43,65,87,0,0,0,86,0,19,1,0,0,0,0,a2,73,0,6b,0,0,0,0,0   TimeStamp  :  24460       Distance  :  134

(PORT 1) : 6a,5,0,18,21,43,65,87,0,0,0,83,0,1a,1,0,0,0,0,2c,d6,a5,8b,0,0,0,0,0   TimeStamp  :  24555       Distance  :  131

(PORT 1) : 6a,5,0,18,21,43,65,87,0,0,0,87,0,1b,1,0,0,0,0,22,fa,bf,26,0,0,0,0,0   TimeStamp  :  24651       Distance  :  135

(PORT 1) : 6a,5,0,18,21,43,65,87,0,0,0,7f,0,1c,1,0,0,0,0,4e,36,57,82,0,0,0,0,0   TimeStamp  :  24746       Distance  :  127

(PORT 1) : 6a,5,0,18,21,43,65,87,0,0,0,84,0,1d,1,0,0,0,0,1f,30,a7,9e,0,0,0,0,0   TimeStamp  :  24843       Distance  :  132

(PORT 1) : 6a,5,0,18,21,43,65,87,0,0,0,84,0,1e,1,0,0,0,0,81,49,9,b,0,0,0,0,0   TimeStamp  :  24939       Distance  :  132

(PORT 1) : 6a,5,0,18,21,43,65,87,0,0,0,82,0,1f,1,0,0,0,0,0,8a,df,4f,0,0,0,0,0   TimeStamp  :  25035       Distance  :  130

(PORT 1) : 6a,5,0,18,21,43,65,87,0,0,0,7c,0,20,1,0,0,0,0,f9,5a,33,bf,0,0,0,0,0   TimeStamp  :  25131       Distance  :  124

(PORT 1) : 6a,5,0,18,21,43,65,87,0,0,0,88,0,21,1,0,0,0,0,fd,14,95,29,0,0,0,0,0   TimeStamp  :  25227       Distance  :  136

(PORT 1) : 6a,5,0,18,21,43,65,87,0,0,0,87,0,22,1,0,0,0,0,97,67,1f,e9,0,0,0,0,0   TimeStamp  :  25323       Distance  :  135

(PORT 1) : 6a,5,0,18,21,43,65,87,0,0,0,85,0,23,1,0,0,0,0,9c,94,50,9b,0,0,0,0,0   TimeStamp  :  25419       Distance  :  133

(PORT 1) : 6a,5,0,18,21,43,65,87,0,0,0,80,0,24,1,0,0,0,0,1e,5,9e,aa,0,0,0,0,0   TimeStamp  :  25515       Distance  :  128

(PORT 1) : 6a,5,0,18,21,43,65,87,0,0,0,82,0,25,1,0,0,0,0,37,94,ad,ec,0,0,0,0,0   TimeStamp  :  25610       Distance  :  130

(PORT 1) : 6a,5,0,18,21,43,65,87,0,0,0,85,0,26,1,0,0,0,0,e5,91,52,65,0,0,0,0,0   TimeStamp  :  25707       Distance  :  133

(PORT 1) : 6a,5,0,18,21,43,65,87,0,0,0,81,0,27,1,0,0,0,0,f5,5b,b0,83,0,0,0,0,0   TimeStamp  :  25803       Distance  :  129

(PORT 1) : 6a,5,0,18,21,43,65,87,0,0,0,85,0,28,1,0,0,0,0,11,36,91,5a,0,0,0,0,0   TimeStamp  :  25899       Distance  :  133

(PORT 1) : 6a,5,0,18,21,43,65,87,0,0,0,84,0,29,1,0,0,0,0,cd,c5,1e,93,0,0,0,0,0   TimeStamp  :  25995       Distance  :  132

(PORT 1) : 6a,5,0,18,21,43,65,87,0,0,0,81,0,2a,1,0,0,0,0,c,e3,aa,35,0,0,0,0,0   TimeStamp  :  26091       Distance  :  129

(PORT 1) : 6a,5,0,18,21,43,65,87,0,0,0,88,0,2b,1,0,0,0,0,eb,d9,fb,99,0,0,0,0,0   TimeStamp  :  26188       Distance  :  136

(PORT 1) : 6a,5,0,18,21,43,65,87,0,0,0,81,0,2c,1,0,0,0,0,64,ef,f8,dd,0,0,0,0,0   TimeStamp  :  26283       Distance  :  129

(PORT 1) : 6a,5,0,18,21,43,65,87,0,0,0,82,0,2d,1,0,0,0,0,e4,7a,ff,59,0,0,0,0,0   TimeStamp  :  26379       Distance  :  130

(PORT 1) : 6a,5,0,18,21,43,65,87,0,0,0,82,0,2e,1,0,0,0,0,45,e4,28,ab,0,0,0,0,0   TimeStamp  :  26475       Distance  :  130

(PORT 1) : 6a,5,0,18,21,43,65,87,0,0,0,85,0,2f,1,0,0,0,0,a1,79,2a,8c,0,0,0,0,0   TimeStamp  :  26571       Distance  :  133

(PORT 1) : 6a,5,0,18,21,43,65,87,0,0,0,80,0,30,1,0,0,0,0,ce,4,74,b3,0,0,0,0,0   TimeStamp  :  26667       Distance  :  128

(PORT 1) : 6a,5,0,18,21,43,65,87,0,0,0,81,0,31,1,0,0,0,0,76,ac,a1,1e,0,0,0,0,0   TimeStamp  :  26763       Distance  :  129

(PORT 1) : 6a,5,0,18,21,43,65,87,0,0,0,81,0,32,1,0,0,0,0,21,7f,70,56,0,0,0,0,0   TimeStamp  :  26859       Distance  :  129

(PORT 1) : 6a,5,0,18,21,43,65,87,0,0,0,77,0,33,1,0,0,0,0,37,ab,39,52,0,0,0,0,0   TimeStamp  :  26955       Distance  :  119

(PORT 1) : 6a,5,0,18,21,43,65,87,0,0,0,80,0,34,1,0,0,0,0,a,33,fe,52,0,0,0,0,0   TimeStamp  :  27051       Distance  :  128

(PORT 1) : 6a,5,0,18,21,43,65,87,0,0,0,84,0,35,1,0,0,0,0,23,6d,a7,c3,0,0,0,0,0   TimeStamp  :  27147       Distance  :  132

(PORT 1) : 6a,5,0,18,21,43,65,87,0,0,0,7e,0,36,1,0,0,0,0,3d,a7,a5,f1,0,0,0,0,0   TimeStamp  :  27244       Distance  :  126

(PORT 1) : 6a,5,0,18,21,43,65,87,0,0,0,81,0,37,1,0,0,0,0,ad,a5,c9,15,0,0,0,0,0   TimeStamp  :  27339       Distance  :  129

(PORT 1) : 6a,5,0,18,21,43,65,87,0,0,0,7f,0,38,1,0,0,0,0,f3,8f,c2,5e,0,0,0,0,0   TimeStamp  :  27435       Distance  :  127

(PORT 1) : 6a,5,0,18,21,43,65,87,0,0,0,88,0,39,1,0,0,0,0,ec,dd,3d,d7,0,0,0,0,0   TimeStamp  :  27531       Distance  :  136

(PORT 1) : 6a,5,0,18,21,43,65,87,0,0,0,7f,0,3a,1,0,0,0,0,b2,ad,33,9f,0,0,0,0,0   TimeStamp  :  27626       Distance  :  127

(PORT 1) : 6a,5,0,18,21,43,65,87,0,0,0,7d,0,3b,1,0,0,0,0,b2,f,41,80,0,0,0,0,0   TimeStamp  :  27724       Distance  :  125

(PORT 1) : 6a,5,0,18,21,43,65,87,0,0,0,8a,0,3c,1,0,0,0,0,15,c5,b9,af,0,0,0,0,0   TimeStamp  :  27819       Distance  :  138

(PORT 1) : 6a,5,0,18,21,43,65,87,0,0,0,7e,0,3d,1,0,0,0,0,86,47,83,ab,0,0,0,0,0   TimeStamp  :  27914       Distance  :  126

(PORT 1) : 6a,5,0,18,21,43,65,87,0,0,0,84,0,3e,1,0,0,0,0,86,97,98,e,0,0,0,0,0   TimeStamp  :  28010       Distance  :  132

(PORT 1) : 6a,5,0,18,21,43,65,87,0,0,0,82,0,3f,1,0,0,0,0,20,35,d8,8a,0,0,0,0,0   TimeStamp  :  28107       Distance  :  130

(PORT 1) : 6a,5,0,18,21,43,65,87,0,0,0,86,0,40,1,0,0,0,0,ab,9a,45,8d,0,0,0,0,0   TimeStamp  :  28202       Distance  :  134

(PORT 1) : 6a,5,0,18,21,43,65,87,0,0,0,85,0,41,1,0,0,0,0,e2,4a,81,9e,0,0,0,0,0   TimeStamp  :  28298       Distance  :  133

(PORT 1) : 6a,5,0,18,21,43,65,87,0,0,0,87,0,42,1,0,0,0,0,52,90,91,b1,0,0,0,0,0   TimeStamp  :  28395       Distance  :  135

(PORT 1) : 6a,5,0,18,21,43,65,87,0,0,0,87,0,43,1,0,0,0,0,6e,ea,f3,b5,0,0,0,0,0   TimeStamp  :  28491       Distance  :  135

(PORT 1) : 6a,5,0,18,21,43,65,87,0,0,0,85,0,44,1,0,0,0,0,2e,df,59,2e,0,0,0,0,0   TimeStamp  :  28587       Distance  :  133

(PORT 1) : 6a,5,0,18,21,43,65,87,0,0,0,88,0,45,1,0,0,0,0,49,dc,f5,5b,0,0,0,0,0   TimeStamp  :  28683       Distance  :  136

(PORT 1) : 6a,5,0,18,21,43,65,87,0,0,0,83,0,46,1,0,0,0,0,2f,3,bf,2f,0,0,0,0,0   TimeStamp  :  28779       Distance  :  131

(PORT 1) : 6a,5,0,18,21,43,65,87,0,0,0,7f,0,47,1,0,0,0,0,27,fa,48,6e,0,0,0,0,0   TimeStamp  :  28875       Distance  :  127

(PORT 1) : 6a,5,0,18,21,43,65,87,0,0,0,81,0,48,1,0,0,0,0,7e,a9,53,40,0,0,0,0,0   TimeStamp  :  28971       Distance  :  129

(PORT 1) : 6a,5,0,18,21,43,65,87,0,0,0,84,0,49,1,0,0,0,0,b5,a1,f4,f5,0,0,0,0,0   TimeStamp  :  29067       Distance  :  132

(PORT 1) : 6a,5,0,18,21,43,65,87,0,0,0,84,0,4a,1,0,0,0,0,e9,94,76,e7,0,0,0,0,0   TimeStamp  :  29163       Distance  :  132

(PORT 1) : 6a,5,0,18,21,43,65,87,0,0,0,82,0,4b,1,0,0,0,0,70,e3,2d,95,0,0,0,0,0   TimeStamp  :  29259       Distance  :  130

(PORT 1) : 6a,5,0,18,21,43,65,87,0,0,0,7e,0,4c,1,0,0,0,0,c7,4b,77,82,0,0,0,0,0   TimeStamp  :  29355       Distance  :  126

(PORT 1) : 6a,5,0,18,21,43,65,87,0,0,0,85,0,4d,1,0,0,0,0,2,bd,ac,49,0,0,0,0,0   TimeStamp  :  29451       Distance  :  133

(PORT 1) : 6a,5,0,18,21,43,65,87,0,0,0,7e,0,4e,1,0,0,0,0,6c,6f,9e,f3,0,0,0,0,0   TimeStamp  :  29547       Distance  :  126

(PORT 1) : 6a,5,0,18,21,43,65,87,0,0,0,88,0,4f,1,0,0,0,0,bd,9a,9e,55,0,0,0,0,0   TimeStamp  :  29643       Distance  :  136

(PORT 1) : 6a,5,0,18,21,43,65,87,0,0,0,7a,0,50,1,0,0,0,0,92,61,19,7e,0,0,0,0,0   TimeStamp  :  29739       Distance  :  122

(PORT 1) : 6a,5,0,18,21,43,65,87,0,0,0,7f,0,51,1,0,0,0,0,a0,b6,75,37,0,0,0,0,0   TimeStamp  :  29835       Distance  :  127

(PORT 1) : 6a,5,0,18,21,43,65,87,0,0,0,81,0,52,1,0,0,0,0,96,39,d1,5,0,0,0,0,0   TimeStamp  :  29931       Distance  :  129

(PORT 1) : 6a,5,0,18,21,43,65,87,0,0,0,83,0,53,1,0,0,0,0,39,8e,4,9c,0,0,0,0,0   TimeStamp  :  30027       Distance  :  131

(PORT 1) : 6a,5,0,18,21,43,65,87,0,0,0,86,0,54,1,0,0,0,0,83,52,3e,5,0,0,0,0,0   TimeStamp  :  30123       Distance  :  134

(PORT 1) : 6a,5,0,18,21,43,65,87,0,0,0,82,0,55,1,0,0,0,0,5e,13,22,83,0,0,0,0,0   TimeStamp  :  30219       Distance  :  130

(PORT 1) : 6a,5,0,18,21,43,65,87,0,0,0,85,0,56,1,0,0,0,0,ec,63,af,88,0,0,0,0,0   TimeStamp  :  30315       Distance  :  133

(PORT 1) : 6a,5,0,18,21,43,65,87,0,0,0,80,0,57,1,0,0,0,0,1c,c3,ea,2e,0,0,0,0,0   TimeStamp  :  30411       Distance  :  128

(PORT 1) : 6a,5,0,18,21,43,65,87,0,0,0,86,0,58,1,0,0,0,0,dd,38,c6,0,0,0,0,0,0   TimeStamp  :  30506       Distance  :  134

(PORT 1) : 6a,5,0,18,21,43,65,87,0,0,0,89,0,59,1,0,0,0,0,4,83,9e,c9,0,0,0,0,0   TimeStamp  :  30603       Distance  :  137

(PORT 1) : 6a,5,0,18,21,43,65,87,0,0,0,85,0,5a,1,0,0,0,0,a9,35,a0,bc,0,0,0,0,0   TimeStamp  :  30699       Distance  :  133

(PORT 1) : 6a,5,0,18,21,43,65,87,0,0,0,81,0,5b,1,0,0,0,0,4b,8b,d2,84,0,0,0,0,0   TimeStamp  :  30795       Distance  :  129

(PORT 1) : 6a,5,0,18,21,43,65,87,0,0,0,85,0,5c,1,0,0,0,0,bc,a9,4f,f9,0,0,0,0,0   TimeStamp  :  30891       Distance  :  133

(PORT 1) : 6a,5,0,18,21,43,65,87,0,0,0,82,0,5d,1,0,0,0,0,3,e3,8,65,0,0,0,0,0   TimeStamp  :  30986       Distance  :  130

(PORT 1) : 6a,5,0,18,21,43,65,87,0,0,0,85,0,5e,1,0,0,0,0,7e,17,74,7d,0,0,0,0,0   TimeStamp  :  31083       Distance  :  133

(PORT 1) : 6a,5,0,18,21,43,65,87,0,0,0,80,0,5f,1,0,0,0,0,d0,61,a6,33,0,0,0,0,0   TimeStamp  :  31179       Distance  :  128

(PORT 1) : 6a,5,0,18,21,43,65,87,0,0,0,83,0,60,1,0,0,0,0,8c,a8,b6,1,0,0,0,0,0   TimeStamp  :  31275       Distance  :  131

(PORT 1) : 6a,5,0,18,21,43,65,87,0,0,0,83,0,61,1,0,0,0,0,b,5,87,37,0,0,0,0,0   TimeStamp  :  31371       Distance  :  131

(PORT 1) : 6a,5,0,18,21,43,65,87,0,0,0,86,0,62,1,0,0,0,0,9f,3f,7c,14,0,0,0,0,0   TimeStamp  :  31467       Distance  :  134

(PORT 1) : 6a,5,0,18,21,43,65,87,0,0,0,86,0,63,1,0,0,0,0,98,6,22,64,0,0,0,0,0   TimeStamp  :  31563       Distance  :  134

(PORT 1) : 6a,5,0,18,21,43,65,87,0,0,0,86,0,64,1,0,0,0,0,39,d4,d3,aa,0,0,0,0,0   TimeStamp  :  31659       Distance  :  134

(PORT 1) : 6a,5,0,18,21,43,65,87,0,0,0,83,0,65,1,0,0,0,0,2a,b4,97,9,0,0,0,0,0   TimeStamp  :  31755       Distance  :  131

(PORT 1) : 6a,5,0,18,21,43,65,87,0,0,0,82,0,66,1,0,0,0,0,4e,90,2a,86,0,0,0,0,0   TimeStamp  :  31850       Distance  :  130

(PORT 1) : 6a,5,0,18,21,43,65,87,0,0,0,85,0,67,1,0,0,0,0,8a,4d,3d,57,0,0,0,0,0   TimeStamp  :  31947       Distance  :  133

(PORT 1) : 6a,5,0,18,21,43,65,87,0,0,0,85,0,68,1,0,0,0,0,d6,b6,66,37,0,0,0,0,0   TimeStamp  :  32043       Distance  :  133

(PORT 1) : 6a,5,0,18,21,43,65,87,0,0,0,80,0,69,1,0,0,0,0,bd,dd,12,77,0,0,0,0,0   TimeStamp  :  32139       Distance  :  128

(PORT 1) : 6a,5,0,18,21,43,65,87,0,0,0,88,0,6a,1,0,0,0,0,e4,52,ba,aa,0,0,0,0,0   TimeStamp  :  32235       Distance  :  136

(PORT 1) : 6a,5,0,18,21,43,65,87,0,0,0,84,0,6b,1,0,0,0,0,fb,60,29,f2,0,0,0,0,0   TimeStamp  :  32331       Distance  :  132

(PORT 1) : 6a,5,0,18,21,43,65,87,0,0,0,84,0,6c,1,0,0,0,0,9a,41,3,3e,0,0,0,0,0   TimeStamp  :  32427       Distance  :  132

(PORT 1) : 6a,5,0,18,21,43,65,87,0,0,0,88,0,6d,1,0,0,0,0,34,da,b5,4c,0,0,0,0,0   TimeStamp  :  32523       Distance  :  136

(PORT 1) : 6a,5,0,18,21,43,65,87,0,0,0,85,0,6e,1,0,0,0,0,23,d4,ac,6,0,0,0,0,0   TimeStamp  :  32619       Distance  :  133

(PORT 1) : 6a,5,0,18,21,43,65,87,0,0,0,80,0,6f,1,0,0,0,0,29,30,de,f,0,0,0,0,0   TimeStamp  :  32715       Distance  :  128

(PORT 1) : 6a,5,0,18,21,43,65,87,0,0,0,88,0,70,1,0,0,0,0,33,d1,47,b6,0,0,0,0,0   TimeStamp  :  32811       Distance  :  136

(PORT 1) : 6a,5,0,18,21,43,65,87,0,0,0,88,0,71,1,0,0,0,0,c5,a,a5,77,0,0,0,0,0   TimeStamp  :  32907       Distance  :  136

(PORT 1) : 6a,5,0,18,21,43,65,87,0,0,0,8a,0,72,1,0,0,0,0,a2,dc,b,25,0,0,0,0,0   TimeStamp  :  33002       Distance  :  138

(PORT 1) : 6a,5,0,18,21,43,65,87,0,0,0,83,0,73,1,0,0,0,0,40,b7,57,21,0,0,0,0,0   TimeStamp  :  33099       Distance  :  131

(PORT 1) : 6a,5,0,18,21,43,65,87,0,0,0,87,0,74,1,0,0,0,0,16,7d,7c,e2,0,0,0,0,0   TimeStamp  :  33195       Distance  :  135

(PORT 1) : 6a,5,0,18,21,43,65,87,0,0,0,81,0,75,1,0,0,0,0,9a,55,7d,c3,0,0,0,0,0   TimeStamp  :  33290       Distance  :  129

(PORT 1) : 6a,5,0,18,21,43,65,87,0,0,0,81,0,76,1,0,0,0,0,62,c1,c,99,0,0,0,0,0   TimeStamp  :  33387       Distance  :  129

(PORT 1) : 6a,5,0,18,21,43,65,87,0,0,0,7d,0,77,1,0,0,0,0,76,2b,11,47,0,0,0,0,0   TimeStamp  :  33483       Distance  :  125

(PORT 1) : 6a,5,0,18,21,43,65,87,0,0,0,80,0,78,1,0,0,0,0,43,fb,fc,e2,0,0,0,0,0   TimeStamp  :  33579       Distance  :  128

(PORT 1) : 6a,5,0,18,21,43,65,87,0,0,0,85,0,79,1,0,0,0,0,25,24,3f,2a,0,0,0,0,0   TimeStamp  :  33675       Distance  :  133

(PORT 1) : 6a,5,0,18,21,43,65,87,0,0,0,80,0,7a,1,0,0,0,0,13,db,b0,ef,0,0,0,0,0   TimeStamp  :  33770       Distance  :  128

(PORT 1) : 6a,5,0,18,21,43,65,87,0,0,0,80,0,7b,1,0,0,0,0,56,29,48,e3,0,0,0,0,0   TimeStamp  :  33867       Distance  :  128

(PORT 1) : 6a,5,0,18,21,43,65,87,0,0,0,86,0,7c,1,0,0,0,0,e4,dc,c9,ed,0,0,0,0,0   TimeStamp  :  33962       Distance  :  134

(PORT 1) : 6a,5,0,18,21,43,65,87,0,0,0,87,0,7d,1,0,0,0,0,8f,cf,3b,78,0,0,0,0,0   TimeStamp  :  34059       Distance  :  135

(PORT 1) : 6a,5,0,18,21,43,65,87,0,0,0,81,0,7e,1,0,0,0,0,9c,3c,5d,28,0,0,0,0,0   TimeStamp  :  34155       Distance  :  129

(PORT 1) : 6a,5,0,18,21,43,65,87,0,0,0,86,0,7f,1,0,0,0,0,ea,f7,4c,99,0,0,0,0,0   TimeStamp  :  34251       Distance  :  134

(PORT 1) : 6a,5,0,18,21,43,65,87,0,0,0,84,0,80,1,0,0,0,0,6b,ee,2f,65,0,0,0,0,0   TimeStamp  :  34347       Distance  :  132

(PORT 1) : 6a,5,0,18,21,43,65,87,0,0,0,7f,0,81,1,0,0,0,0,97,c4,79,dd,0,0,0,0,0   TimeStamp  :  34444       Distance  :  127

(PORT 1) : 6a,5,0,18,21,43,65,87,0,0,0,86,0,82,1,0,0,0,0,e0,25,e5,e6,0,0,0,0,0   TimeStamp  :  34539       Distance  :  134

(PORT 1) : 6a,5,0,18,21,43,65,87,0,0,0,88,0,83,1,0,0,0,0,12,58,2b,11,0,0,0,0,0   TimeStamp  :  34635       Distance  :  136

(PORT 1) : 6a,5,0,18,21,43,65,87,0,0,0,87,0,84,1,0,0,0,0,e4,62,bf,54,0,0,0,0,0   TimeStamp  :  34731       Distance  :  135

(PORT 1) : 6a,5,0,18,21,43,65,87,0,0,0,7e,0,85,1,0,0,0,0,2f,6a,97,96,0,0,0,0,0   TimeStamp  :  34826       Distance  :  126

(PORT 1) : 6a,5,0,18,21,43,65,87,0,0,0,7e,0,86,1,0,0,0,0,41,52,ae,96,0,0,0,0,0   TimeStamp  :  34923       Distance  :  126

(PORT 1) : 6a,5,0,18,21,43,65,87,0,0,0,7e,0,87,1,0,0,0,0,20,8b,c8,6a,0,0,0,0,0   TimeStamp  :  35019       Distance  :  126

(PORT 1) : 6a,5,0,18,21,43,65,87,0,0,0,84,0,88,1,0,0,0,0,8,e2,7a,38,0,0,0,0,0   TimeStamp  :  35114       Distance  :  132

(PORT 1) : 6a,5,0,18,21,43,65,87,0,0,0,7e,0,89,1,0,0,0,0,62,4a,bc,de,0,0,0,0,0   TimeStamp  :  35210       Distance  :  126

(PORT 1) : 6a,5,0,18,21,43,65,87,0,0,0,86,0,8a,1,0,0,0,0,4c,93,1c,73,0,0,0,0,0   TimeStamp  :  35307       Distance  :  134

(PORT 1) : 6a,5,0,18,21,43,65,87,0,0,0,85,0,8b,1,0,0,0,0,6,da,5,f0,0,0,0,0,0   TimeStamp  :  35403       Distance  :  133

(PORT 1) : 6a,5,0,18,21,43,65,87,0,0,0,85,0,8c,1,0,0,0,0,ab,c3,26,8c,0,0,0,0,0   TimeStamp  :  35499       Distance  :  133

(PORT 1) : 6a,5,0,18,21,43,65,87,0,0,0,87,0,8d,1,0,0,0,0,1,d6,8f,8e,0,0,0,0,0   TimeStamp  :  35594       Distance  :  135

(PORT 1) : 6a,5,0,18,21,43,65,87,0,0,0,7c,0,8e,1,0,0,0,0,44,ec,59,ca,0,0,0,0,0   TimeStamp  :  35691       Distance  :  124

(PORT 1) : 6a,5,0,18,21,43,65,87,0,0,0,7f,0,8f,1,0,0,0,0,c4,95,c3,22,0,0,0,0,0   TimeStamp  :  35787       Distance  :  127

(PORT 1) : 6a,5,0,18,21,43,65,87,0,0,0,82,0,90,1,0,0,0,0,44,67,56,94,0,0,0,0,0   TimeStamp  :  35883       Distance  :  130

(PORT 1) : 6a,5,0,18,21,43,65,87,0,0,0,87,0,91,1,0,0,0,0,c2,80,40,e7,0,0,0,0,0   TimeStamp  :  35978       Distance  :  135

(PORT 1) : 6a,5,0,18,21,43,65,87,0,0,0,87,0,92,1,0,0,0,0,34,42,35,94,0,0,0,0,0   TimeStamp  :  36074       Distance  :  135

(PORT 1) : 6a,5,0,18,21,43,65,87,0,0,0,81,0,93,1,0,0,0,0,b1,7f,61,61,0,0,0,0,0   TimeStamp  :  36171       Distance  :  129

(PORT 1) : 6a,5,0,18,21,43,65,87,0,0,0,83,0,94,1,0,0,0,0,d8,6d,30,9b,0,0,0,0,0   TimeStamp  :  36266       Distance  :  131

(PORT 1) : 6a,5,0,18,21,43,65,87,0,0,0,82,0,95,1,0,0,0,0,85,7a,10,65,0,0,0,0,0   TimeStamp  :  36362       Distance  :  130

(PORT 1) : 6a,5,0,18,21,43,65,87,0,0,0,81,0,96,1,0,0,0,0,c2,57,da,16,0,0,0,0,0   TimeStamp  :  36458       Distance  :  129

(PORT 1) : 6a,5,0,18,21,43,65,87,0,0,0,87,0,97,1,0,0,0,0,da,2d,51,20,0,0,0,0,0   TimeStamp  :  36555       Distance  :  135

(PORT 1) : 6a,5,0,18,21,43,65,87,0,0,0,80,0,98,1,0,0,0,0,e5,8f,a0,2a,0,0,0,0,0   TimeStamp  :  36650       Distance  :  128

(PORT 1) : 6a,5,0,18,21,43,65,87,0,0,0,87,0,99,1,0,0,0,0,b9,f9,c7,98,0,0,0,0,0   TimeStamp  :  36747       Distance  :  135

(PORT 1) : 6a,5,0,18,21,43,65,87,0,0,0,7f,0,9a,1,0,0,0,0,33,a9,40,54,0,0,0,0,0   TimeStamp  :  36843       Distance  :  127

(PORT 1) : 6a,5,0,18,21,43,65,87,0,0,0,7e,0,9b,1,0,0,0,0,ac,6a,82,8,0,0,0,0,0   TimeStamp  :  36938       Distance  :  126

(PORT 1) : 6a,5,0,18,21,43,65,87,0,0,0,87,0,9c,1,0,0,0,0,e,3,6,ab,0,0,0,0,0   TimeStamp  :  37035       Distance  :  135

(PORT 1) : 6a,5,0,18,21,43,65,87,0,0,0,83,0,9d,1,0,0,0,0,8d,33,fe,20,0,0,0,0,0   TimeStamp  :  37130       Distance  :  131

(PORT 1) : 6a,5,0,18,21,43,65,87,0,0,0,85,0,9e,1,0,0,0,0,71,e4,a,c7,0,0,0,0,0   TimeStamp  :  37227       Distance  :  133

(PORT 1) : 6a,5,0,18,21,43,65,87,0,0,0,85,0,9f,1,0,0,0,0,26,a,6e,ed,0,0,0,0,0   TimeStamp  :  37322       Distance  :  133

(PORT 1) : 6a,5,0,18,21,43,65,87,0,0,0,81,0,a0,1,0,0,0,0,56,47,3d,b9,0,0,0,0,0   TimeStamp  :  37419       Distance  :  129

(PORT 1) : 6a,5,0,18,21,43,65,87,0,0,0,87,0,a1,1,0,0,0,0,6f,e7,b5,c8,0,0,0,0,0   TimeStamp  :  37514       Distance  :  135

(PORT 1) : 6a,5,0,18,21,43,65,87,0,0,0,8a,0,a2,1,0,0,0,0,b2,8c,c3,9a,0,0,0,0,0   TimeStamp  :  37610       Distance  :  138

(PORT 1) : 6a,5,0,18,21,43,65,87,0,0,0,84,0,a3,1,0,0,0,0,fd,d1,4f,78,0,0,0,0,0   TimeStamp  :  37707       Distance  :  132

(PORT 1) : 6a,5,0,18,21,43,65,87,0,0,0,87,0,a4,1,0,0,0,0,f2,f4,72,f6,0,0,0,0,0   TimeStamp  :  37802       Distance  :  135

(PORT 1) : 6a,5,0,18,21,43,65,87,0,0,0,81,0,a5,1,0,0,0,0,8e,2e,72,d7,0,0,0,0,0   TimeStamp  :  37899       Distance  :  129

(PORT 1) : 6a,5,0,18,21,43,65,87,0,0,0,86,0,a6,1,0,0,0,0,c8,33,cd,76,0,0,0,0,0   TimeStamp  :  37994       Distance  :  134

(PORT 1) : 6a,5,0,18,21,43,65,87,0,0,0,84,0,a7,1,0,0,0,0,94,bb,77,66,0,0,0,0,0   TimeStamp  :  38090       Distance  :  132

(PORT 1) : 6a,5,0,18,21,43,65,87,0,0,0,88,0,a8,1,0,0,0,0,2e,1d,20,d0,0,0,0,0,0   TimeStamp  :  38186       Distance  :  136

(PORT 1) : 6a,5,0,18,21,43,65,87,0,0,0,82,0,a9,1,0,0,0,0,c5,df,c9,a3,0,0,0,0,0   TimeStamp  :  38283       Distance  :  130

(PORT 1) : 6a,5,0,18,21,43,65,87,0,0,0,87,0,aa,1,0,0,0,0,3e,4b,70,cf,0,0,0,0,0   TimeStamp  :  38378       Distance  :  135

(PORT 1) : 6a,5,0,18,21,43,65,87,0,0,0,84,0,ab,1,0,0,0,0,68,77,e2,93,0,0,0,0,0   TimeStamp  :  38475       Distance  :  132

(PORT 1) : 6a,5,0,18,21,43,65,87,0,0,0,80,0,ac,1,0,0,0,0,1a,4b,5c,48,0,0,0,0,0   TimeStamp  :  38570       Distance  :  128

(PORT 1) : 6a,5,0,18,21,43,65,87,0,0,0,83,0,ad,1,0,0,0,0,e9,d0,97,23,0,0,0,0,0   TimeStamp  :  38667       Distance  :  131

(PORT 1) : 6a,5,0,18,21,43,65,87,0,0,0,86,0,ae,1,0,0,0,0,48,ee,4e,ab,0,0,0,0,0   TimeStamp  :  38763       Distance  :  134

(PORT 1) : 6a,5,0,18,21,43,65,87,0,0,0,87,0,af,1,0,0,0,0,af,3,ea,1,0,0,0,0,0   TimeStamp  :  38858       Distance  :  135

(PORT 1) : 6a,5,0,18,21,43,65,87,0,0,0,88,0,b0,1,0,0,0,0,3,84,ed,36,0,0,0,0,0   TimeStamp  :  38954       Distance  :  136

(PORT 1) : 6a,5,0,18,21,43,65,87,0,0,0,83,0,b1,1,0,0,0,0,86,98,48,8f,0,0,0,0,0   TimeStamp  :  39050       Distance  :  131

(PORT 1) : 6a,5,0,18,21,43,65,87,0,0,0,7e,0,b2,1,0,0,0,0,e0,be,af,7d,0,0,0,0,0   TimeStamp  :  39146       Distance  :  126

(PORT 1) : 6a,5,0,18,21,43,65,87,0,0,0,89,0,b3,1,0,0,0,0,a3,52,ee,86,0,0,0,0,0   TimeStamp  :  39244       Distance  :  137

(PORT 1) : 6a,5,0,18,21,43,65,87,0,0,0,87,0,b4,1,0,0,0,0,33,ba,e4,25,0,0,0,0,0   TimeStamp  :  39339       Distance  :  135

(PORT 1) : 6a,5,0,18,21,43,65,87,0,0,0,81,0,b5,1,0,0,0,0,fb,d8,b7,92,0,0,0,0,0   TimeStamp  :  39435       Distance  :  129

(PORT 1) : 6a,5,0,18,21,43,65,87,0,0,0,86,0,b6,1,0,0,0,0,a2,fb,20,e0,0,0,0,0,0   TimeStamp  :  39530       Distance  :  134

(PORT 1) : 6a,5,0,18,21,43,65,87,0,0,0,81,0,b7,1,0,0,0,0,33,8b,de,c2,0,0,0,0,0   TimeStamp  :  39626       Distance  :  129

(PORT 1) : 6a,5,0,18,21,43,65,87,0,0,0,88,0,b8,1,0,0,0,0,50,23,45,c6,0,0,0,0,0   TimeStamp  :  39722       Distance  :  136

(PORT 1) : 6a,5,0,18,21,43,65,87,0,0,0,83,0,b9,1,0,0,0,0,3f,4b,ff,ea,0,0,0,0,0   TimeStamp  :  39819       Distance  :  131

(PORT 1) : 6a,5,0,18,21,43,65,87,0,0,0,7f,0,ba,1,0,0,0,0,39,bf,4f,ec,0,0,0,0,0   TimeStamp  :  39915       Distance  :  127

(PORT 1) : 6a,5,0,18,21,43,65,87,0,0,0,88,0,bb,1,0,0,0,0,2f,3c,7d,e1,0,0,0,0,0   TimeStamp  :  40011       Distance  :  136

(PORT 1) : 6a,5,0,18,21,43,65,87,0,0,0,86,0,bc,1,0,0,0,0,b7,ac,eb,47,0,0,0,0,0   TimeStamp  :  40106       Distance  :  134

(PORT 1) : 6a,5,0,18,21,43,65,87,0,0,0,87,0,bd,1,0,0,0,0,80,60,50,b1,0,0,0,0,0   TimeStamp  :  40203       Distance  :  135

(PORT 1) : 6a,5,0,18,21,43,65,87,0,0,0,80,0,be,1,0,0,0,0,2b,2f,53,3a,0,0,0,0,0   TimeStamp  :  40299       Distance  :  128

(PORT 1) : 6a,5,0,18,21,43,65,87,0,0,0,82,0,bf,1,0,0,0,0,c,68,c9,8d,0,0,0,0,0   TimeStamp  :  40394       Distance  :  130

(PORT 1) : 6a,5,0,18,21,43,65,87,0,0,0,7e,0,c0,1,0,0,0,0,bd,b9,8e,bd,0,0,0,0,0   TimeStamp  :  40490       Distance  :  126

(PORT 1) : 6a,5,0,18,21,43,65,87,0,0,0,87,0,c1,1,0,0,0,0,75,e1,f,ed,0,0,0,0,0   TimeStamp  :  40587       Distance  :  135

(PORT 1) : 6a,5,0,18,21,43,65,87,0,0,0,88,0,c2,1,0,0,0,0,ed,c4,e7,6c,0,0,0,0,0   TimeStamp  :  40682       Distance  :  136

(PORT 1) : 6a,5,0,18,21,43,65,87,0,0,0,82,0,c3,1,0,0,0,0,a2,22,d6,2b,0,0,0,0,0   TimeStamp  :  40778       Distance  :  130

(PORT 1) : 6a,5,0,18,21,43,65,87,0,0,0,85,0,c4,1,0,0,0,0,25,ad,a4,b9,0,0,0,0,0   TimeStamp  :  40875       Distance  :  133

(PORT 1) : 6a,5,0,18,21,43,65,87,0,0,0,82,0,c5,1,0,0,0,0,70,51,7a,bb,0,0,0,0,0   TimeStamp  :  40970       Distance  :  130

(PORT 1) : 6a,5,0,18,21,43,65,87,0,0,0,7e,0,c6,1,0,0,0,0,7,30,c6,64,0,0,0,0,0   TimeStamp  :  41067       Distance  :  126

(PORT 1) : 6a,5,0,18,21,43,65,87,0,0,0,86,0,c7,1,0,0,0,0,5,45,e5,c4,0,0,0,0,0   TimeStamp  :  41162       Distance  :  134

(PORT 1) : 6a,5,0,18,21,43,65,87,0,0,0,88,0,c8,1,0,0,0,0,14,36,40,aa,0,0,0,0,0   TimeStamp  :  41259       Distance  :  136

(PORT 1) : 6a,5,0,18,21,43,65,87,0,0,0,86,0,c9,1,0,0,0,0,7a,68,54,cb,0,0,0,0,0   TimeStamp  :  41354       Distance  :  134

(PORT 1) : 6a,5,0,18,21,43,65,87,0,0,0,88,0,ca,1,0,0,0,0,ac,62,26,35,0,0,0,0,0   TimeStamp  :  41451       Distance  :  136

(PORT 1) : 6a,5,0,18,21,43,65,87,0,0,0,7e,0,cb,1,0,0,0,0,a4,9b,41,83,0,0,0,0,0   TimeStamp  :  41547       Distance  :  126

(PORT 1) : 6a,5,0,18,21,43,65,87,0,0,0,7d,0,cc,1,0,0,0,0,59,a7,17,4b,0,0,0,0,0   TimeStamp  :  41642       Distance  :  125

(PORT 1) : 6a,5,0,18,21,43,65,87,0,0,0,87,0,cd,1,0,0,0,0,eb,b,14,cf,0,0,0,0,0   TimeStamp  :  41738       Distance  :  135

(PORT 1) : 6a,5,0,18,21,43,65,87,0,0,0,88,0,ce,1,0,0,0,0,19,47,4c,55,0,0,0,0,0   TimeStamp  :  41834       Distance  :  136

(PORT 1) : 6a,5,0,18,21,43,65,87,0,0,0,88,0,cf,1,0,0,0,0,55,57,34,8f,0,0,0,0,0   TimeStamp  :  41930       Distance  :  136

(PORT 1) : 6a,5,0,18,21,43,65,87,0,0,0,87,0,d0,1,0,0,0,0,77,5c,82,88,0,0,0,0,0   TimeStamp  :  42026       Distance  :  135

(PORT 1) : 6a,5,0,18,21,43,65,87,0,0,0,81,0,d1,1,0,0,0,0,1a,0,80,b9,0,0,0,0,0   TimeStamp  :  42123       Distance  :  129

(PORT 1) : 6a,5,0,18,21,43,65,87,0,0,0,88,0,d2,1,0,0,0,0,d0,9d,60,f2,0,0,0,0,0   TimeStamp  :  42218       Distance  :  136

(PORT 1) : 6a,5,0,18,21,43,65,87,0,0,0,7e,0,d3,1,0,0,0,0,f5,47,9,e4,0,0,0,0,0   TimeStamp  :  42315       Distance  :  126

(PORT 1) : 6a,5,0,18,21,43,65,87,0,0,0,88,0,d4,1,0,0,0,0,c8,bb,42,1f,0,0,0,0,0   TimeStamp  :  42410       Distance  :  136

(PORT 1) : 6a,5,0,18,21,43,65,87,0,0,0,86,0,d5,1,0,0,0,0,8f,f1,f9,8f,0,0,0,0,0   TimeStamp  :  42507       Distance  :  134

(PORT 1) : 6a,5,0,18,21,43,65,87,0,0,0,82,0,d6,1,0,0,0,0,4d,22,95,75,0,0,0,0,0   TimeStamp  :  42602       Distance  :  130

(PORT 1) : 6a,5,0,18,21,43,65,87,0,0,0,85,0,d7,1,0,0,0,0,79,48,75,8e,0,0,0,0,0   TimeStamp  :  42698       Distance  :  133

(PORT 1) : 6a,5,0,18,21,43,65,87,0,0,0,87,0,d8,1,0,0,0,0,33,80,af,1f,0,0,0,0,0   TimeStamp  :  42794       Distance  :  135

(PORT 1) : 6a,5,0,18,21,43,65,87,0,0,0,80,0,d9,1,0,0,0,0,82,3b,94,87,0,0,0,0,0   TimeStamp  :  42890       Distance  :  128

(PORT 1) : 6a,5,0,18,21,43,65,87,0,0,0,84,0,da,1,0,0,0,0,d0,4,df,91,0,0,0,0,0   TimeStamp  :  42986       Distance  :  132

(PORT 1) : 6a,5,0,18,21,43,65,87,0,0,0,86,0,db,1,0,0,0,0,af,a8,8f,a7,0,0,0,0,0   TimeStamp  :  43082       Distance  :  134

(PORT 1) : 6a,5,0,18,21,43,65,87,0,0,0,88,0,dc,1,0,0,0,0,e0,df,7b,30,0,0,0,0,0   TimeStamp  :  43179       Distance  :  136

(PORT 1) : 6a,5,0,18,21,43,65,87,0,0,0,87,0,dd,1,0,0,0,0,81,c1,fe,15,0,0,0,0,0   TimeStamp  :  43274       Distance  :  135

(PORT 1) : 6a,5,0,18,21,43,65,87,0,0,0,81,0,de,1,0,0,0,0,59,d6,e0,2c,0,0,0,0,0   TimeStamp  :  43370       Distance  :  129

(PORT 1) : 6a,5,0,18,21,43,65,87,0,0,0,88,0,df,1,0,0,0,0,37,47,70,43,0,0,0,0,0   TimeStamp  :  43467       Distance  :  136

(PORT 1) : 6a,5,0,18,21,43,65,87,0,0,0,85,0,e0,1,0,0,0,0,85,c1,ce,44,0,0,0,0,0   TimeStamp  :  43563       Distance  :  133

(PORT 1) : 6a,5,0,18,21,43,65,87,0,0,0,85,0,e1,1,0,0,0,0,4e,2c,1a,95,0,0,0,0,0   TimeStamp  :  43658       Distance  :  133

(PORT 1) : 6a,5,0,18,21,43,65,87,0,0,0,87,0,e2,1,0,0,0,0,37,ec,e,e3,0,0,0,0,0   TimeStamp  :  43754       Distance  :  135

(PORT 1) : 6a,5,0,18,21,43,65,87,0,0,0,88,0,e3,1,0,0,0,0,df,d9,a,aa,0,0,0,0,0   TimeStamp  :  43850       Distance  :  136

(PORT 1) : 6a,5,0,18,21,43,65,87,0,0,0,88,0,e4,1,0,0,0,0,ce,ae,9a,53,0,0,0,0,0   TimeStamp  :  43946       Distance  :  136

(PORT 1) : 6a,5,0,18,21,43,65,87,0,0,0,84,0,e5,1,0,0,0,0,23,34,21,f7,0,0,0,0,0   TimeStamp  :  44042       Distance  :  132

(PORT 1) : 6a,5,0,18,21,43,65,87,0,0,0,82,0,e6,1,0,0,0,0,f6,8,31,41,0,0,0,0,0   TimeStamp  :  44138       Distance  :  130

(PORT 1) : 6a,5,0,18,21,43,65,87,0,0,0,85,0,e7,1,0,0,0,0,e3,74,d2,92,0,0,0,0,0   TimeStamp  :  44235       Distance  :  133

(PORT 1) : 6a,5,0,18,21,43,65,87,0,0,0,83,0,e8,1,0,0,0,0,6f,ba,37,ea,0,0,0,0,0   TimeStamp  :  44330       Distance  :  131

(PORT 1) : 6a,5,0,18,21,43,65,87,0,0,0,87,0,e9,1,0,0,0,0,1f,f0,4f,9c,0,0,0,0,0   TimeStamp  :  44426       Distance  :  135

(PORT 1) : 6a,5,0,18,21,43,65,87,0,0,0,84,0,ea,1,0,0,0,0,48,d1,83,87,0,0,0,0,0   TimeStamp  :  44523       Distance  :  132

(PORT 1) : 6a,5,0,18,21,43,65,87,0,0,0,81,0,eb,1,0,0,0,0,f4,c3,26,5d,0,0,0,0,0   TimeStamp  :  44618       Distance  :  129

(PORT 1) : 6a,5,0,18,21,43,65,87,0,0,0,84,0,ec,1,0,0,0,0,4c,4d,42,b3,0,0,0,0,0   TimeStamp  :  44714       Distance  :  132

(PORT 1) : 6a,5,0,18,21,43,65,87,0,0,0,83,0,ed,1,0,0,0,0,5e,5f,c7,92,0,0,0,0,0   TimeStamp  :  44810       Distance  :  131

(PORT 1) : 6a,5,0,18,21,43,65,87,0,0,0,83,0,ee,1,0,0,0,0,b5,ff,9d,d9,0,0,0,0,0   TimeStamp  :  44906       Distance  :  131

(PORT 1) : 6a,5,0,18,21,43,65,87,0,0,0,7e,0,ef,1,0,0,0,0,a5,7d,cc,f2,0,0,0,0,0   TimeStamp  :  45002       Distance  :  126

(PORT 1) : 6a,5,0,18,21,43,65,87,0,0,0,86,0,f0,1,0,0,0,0,f2,9e,39,73,0,0,0,0,0   TimeStamp  :  45098       Distance  :  134

(PORT 1) : 6a,5,0,18,21,43,65,87,0,0,0,7c,0,f1,1,0,0,0,0,87,44,88,76,0,0,0,0,0   TimeStamp  :  45194       Distance  :  124

(PORT 1) : 6a,5,0,18,21,43,65,87,0,0,0,84,0,f2,1,0,0,0,0,5,17,da,33,0,0,0,0,0   TimeStamp  :  45290       Distance  :  132

(PORT 1) : 6a,5,0,18,21,43,65,87,0,0,0,84,0,f3,1,0,0,0,0,78,b,b1,39,0,0,0,0,0   TimeStamp  :  45386       Distance  :  132

(PORT 1) : 6a,5,0,18,21,43,65,87,0,0,0,82,0,f4,1,0,0,0,0,e8,cc,25,35,0,0,0,0,0   TimeStamp  :  45483       Distance  :  130

(PORT 1) : 6a,5,0,18,21,43,65,87,0,0,0,83,0,f5,1,0,0,0,0,f6,2c,28,4f,0,0,0,0,0   TimeStamp  :  45578       Distance  :  131

(PORT 1) : 6a,5,0,18,21,43,65,87,0,0,0,87,0,f6,1,0,0,0,0,fd,72,ef,5d,0,0,0,0,0   TimeStamp  :  45675       Distance  :  135

(PORT 1) : 6a,5,0,18,21,43,65,87,0,0,0,86,0,f7,1,0,0,0,0,30,bc,97,e1,0,0,0,0,0   TimeStamp  :  45771       Distance  :  134

(PORT 1) : 6a,5,0,18,21,43,65,87,0,0,0,82,0,f8,1,0,0,0,0,e9,2,95,44,0,0,0,0,0   TimeStamp  :  45866       Distance  :  130

(PORT 1) : 6a,5,0,18,21,43,65,87,0,0,0,87,0,f9,1,0,0,0,0,9d,df,ff,75,0,0,0,0,0   TimeStamp  :  45962       Distance  :  135

(PORT 1) : 6a,5,0,18,21,43,65,87,0,0,0,86,0,fa,1,0,0,0,0,fd,c6,7c,e3,0,0,0,0,0   TimeStamp  :  46058       Distance  :  134

(PORT 1) : 6a,5,0,18,21,43,65,87,0,0,0,84,0,fb,1,0,0,0,0,95,1d,59,65,0,0,0,0,0   TimeStamp  :  46154       Distance  :  132

(PORT 1) : 6a,5,0,18,21,43,65,87,0,0,0,7c,0,fc,1,0,0,0,0,35,ef,a1,e5,0,0,0,0,0   TimeStamp  :  46250       Distance  :  124

(PORT 1) : 6a,5,0,18,21,43,65,87,0,0,0,83,0,fd,1,0,0,0,0,7f,62,47,d6,0,0,0,0,0   TimeStamp  :  46346       Distance  :  131

(PORT 1) : 6a,5,0,18,21,43,65,87,0,0,0,84,0,fe,1,0,0,0,0,33,61,34,9f,0,0,0,0,0   TimeStamp  :  46442       Distance  :  132

(PORT 1) : 6a,5,0,18,21,43,65,87,0,0,0,7e,0,ff,1,0,0,0,0,c7,cc,6b,5f,0,0,0,0,0   TimeStamp  :  46539       Distance  :  126

(PORT 1) : 6a,5,0,18,21,43,65,87,0,0,0,82,0,0,2,0,0,0,0,29,1a,9e,fa,0,0,0,0,0   TimeStamp  :  46635       Distance  :  130

(PORT 1) : 6a,5,0,18,21,43,65,87,0,0,0,7e,0,1,2,0,0,0,0,32,1f,b2,db,0,0,0,0,0   TimeStamp  :  46730       Distance  :  126

(PORT 1) : 6a,5,0,18,21,43,65,87,0,0,0,86,0,2,2,0,0,0,0,30,15,70,cc,0,0,0,0,0   TimeStamp  :  46827       Distance  :  134

(PORT 1) : 6a,5,0,18,21,43,65,87,0,0,0,89,0,3,2,0,0,0,0,8d,85,fb,ad,0,0,0,0,0   TimeStamp  :  46922       Distance  :  137

(PORT 1) : 6a,5,0,18,21,43,65,87,0,0,0,84,0,4,2,0,0,0,0,56,a3,2d,46,0,0,0,0,0   TimeStamp  :  47018       Distance  :  132

(PORT 1) : 6a,5,0,18,21,43,65,87,0,0,0,85,0,5,2,0,0,0,0,f6,9f,d1,5e,0,0,0,0,0   TimeStamp  :  47114       Distance  :  133

(PORT 1) : 6a,5,0,18,21,43,65,87,0,0,0,83,0,6,2,0,0,0,0,ec,18,65,97,0,0,0,0,0   TimeStamp  :  47210       Distance  :  131

(PORT 1) : 6a,5,0,18,21,43,65,87,0,0,0,86,0,7,2,0,0,0,0,e9,e4,ed,f,0,0,0,0,0   TimeStamp  :  47306       Distance  :  134

(PORT 1) : 6a,5,0,18,21,43,65,87,0,0,0,85,0,8,2,0,0,0,0,6a,70,f,fb,0,0,0,0,0   TimeStamp  :  47403       Distance  :  133

(PORT 1) : 6a,5,0,18,21,43,65,87,0,0,0,88,0,9,2,0,0,0,0,4a,b,c8,50,0,0,0,0,0   TimeStamp  :  47498       Distance  :  136

(PORT 1) : 6a,5,0,18,21,43,65,87,0,0,0,84,0,a,2,0,0,0,0,e7,75,7f,6f,0,0,0,0,0   TimeStamp  :  47594       Distance  :  132

(PORT 1) : 6a,5,0,18,21,43,65,87,0,0,0,85,0,b,2,0,0,0,0,a1,de,ac,f2,0,0,0,0,0   TimeStamp  :  47690       Distance  :  133

(PORT 1) : 6a,5,0,18,21,43,65,87,0,0,0,87,0,c,2,0,0,0,0,8a,a6,78,1c,0,0,0,0,0   TimeStamp  :  47786       Distance  :  135

(PORT 1) : 6a,5,0,18,21,43,65,87,0,0,0,80,0,d,2,0,0,0,0,91,3f,75,54,0,0,0,0,0   TimeStamp  :  47882       Distance  :  128

(PORT 1) : 6a,5,0,18,21,43,65,87,0,0,0,88,0,e,2,0,0,0,0,3a,59,86,b9,0,0,0,0,0   TimeStamp  :  47978       Distance  :  136

(PORT 1) : 6a,5,0,18,21,43,65,87,0,0,0,86,0,f,2,0,0,0,0,9d,52,c3,c9,0,0,0,0,0   TimeStamp  :  48074       Distance  :  134

(PORT 1) : 6a,5,0,18,21,43,65,87,0,0,0,85,0,10,2,0,0,0,0,b6,b8,6a,a0,0,0,0,0,0   TimeStamp  :  48170       Distance  :  133

(PORT 1) : 6a,5,0,18,21,43,65,87,0,0,0,85,0,11,2,0,0,0,0,e1,27,47,60,0,0,0,0,0   TimeStamp  :  48267       Distance  :  133

(PORT 1) : 6a,5,0,18,21,43,65,87,0,0,0,81,0,12,2,0,0,0,0,a4,e4,6c,5c,0,0,0,0,0   TimeStamp  :  48362       Distance  :  129

(PORT 1) : 6a,5,0,18,21,43,65,87,0,0,0,81,0,13,2,0,0,0,0,c8,57,3d,51,0,0,0,0,0   TimeStamp  :  48458       Distance  :  129

(PORT 1) : 6a,5,0,18,21,43,65,87,0,0,0,86,0,14,2,0,0,0,0,f7,8e,e9,53,0,0,0,0,0   TimeStamp  :  48554       Distance  :  134

(PORT 1) : 6a,5,0,18,21,43,65,87,0,0,0,7c,0,15,2,0,0,0,0,70,42,4a,60,0,0,0,0,0   TimeStamp  :  48650       Distance  :  124

(PORT 1) : 6a,5,0,18,21,43,65,87,0,0,0,7f,0,16,2,0,0,0,0,63,bf,46,e3,0,0,0,0,0   TimeStamp  :  48746       Distance  :  127

(PORT 1) : 6a,5,0,18,21,43,65,87,0,0,0,83,0,17,2,0,0,0,0,7b,a4,1b,4d,0,0,0,0,0   TimeStamp  :  48842       Distance  :  131

(PORT 1) : 6a,5,0,18,21,43,65,87,0,0,0,83,0,18,2,0,0,0,0,8a,de,35,23,0,0,0,0,0   TimeStamp  :  48938       Distance  :  131

(PORT 1) : 6a,5,0,18,21,43,65,87,0,0,0,86,0,19,2,0,0,0,0,eb,66,dc,13,0,0,0,0,0   TimeStamp  :  49034       Distance  :  134

(PORT 1) : 6a,5,0,18,21,43,65,87,0,0,0,88,0,1a,2,0,0,0,0,77,25,a9,55,0,0,0,0,0   TimeStamp  :  49130       Distance  :  136

(PORT 1) : 6a,5,0,18,21,43,65,87,0,0,0,81,0,1b,2,0,0,0,0,c1,7b,d3,68,0,0,0,0,0   TimeStamp  :  49226       Distance  :  129

(PORT 1) : 6a,5,0,18,21,43,65,87,0,0,0,81,0,1c,2,0,0,0,0,25,d2,9a,a3,0,0,0,0,0   TimeStamp  :  49322       Distance  :  129

(PORT 1) : 6a,5,0,18,21,43,65,87,0,0,0,82,0,1d,2,0,0,0,0,3c,1f,e5,f1,0,0,0,0,0   TimeStamp  :  49418       Distance  :  130

(PORT 1) : 6a,5,0,18,21,43,65,87,0,0,0,82,0,1e,2,0,0,0,0,60,1b,0,90,0,0,0,0,0   TimeStamp  :  49514       Distance  :  130

(PORT 1) : 6a,5,0,18,21,43,65,87,0,0,0,86,0,1f,2,0,0,0,0,6c,37,cd,e1,0,0,0,0,0   TimeStamp  :  49610       Distance  :  134

(PORT 1) : 6a,5,0,18,21,43,65,87,0,0,0,83,0,20,2,0,0,0,0,96,96,56,2d,0,0,0,0,0   TimeStamp  :  49706       Distance  :  131

(PORT 1) : 6a,5,0,18,21,43,65,87,0,0,0,83,0,21,2,0,0,0,0,bf,1d,a7,3f,0,0,0,0,0   TimeStamp  :  49802       Distance  :  131

(PORT 1) : 6a,5,0,18,21,43,65,87,0,0,0,7c,0,22,2,0,0,0,0,d8,22,46,89,0,0,0,0,0   TimeStamp  :  49898       Distance  :  124

(PORT 1) : 6a,5,0,18,21,43,65,87,0,0,0,81,0,23,2,0,0,0,0,f8,bf,89,c2,0,0,0,0,0   TimeStamp  :  49994       Distance  :  129

(PORT 1) : 6a,5,0,18,21,43,65,87,0,0,0,85,0,24,2,0,0,0,0,9d,31,1a,77,0,0,0,0,0   TimeStamp  :  50090       Distance  :  133

(PORT 1) : 6a,5,0,18,21,43,65,87,0,0,0,86,0,25,2,0,0,0,0,fa,ff,fa,c,0,0,0,0,0   TimeStamp  :  50186       Distance  :  134

(PORT 1) : 6a,5,0,18,21,43,65,87,0,0,0,85,0,26,2,0,0,0,0,23,7f,3e,9c,0,0,0,0,0   TimeStamp  :  50282       Distance  :  133

(PORT 1) : 6a,5,0,18,21,43,65,87,0,0,0,82,0,27,2,0,0,0,0,42,3f,1c,ff,0,0,0,0,0   TimeStamp  :  50378       Distance  :  130

(PORT 1) : 6a,5,0,18,21,43,65,87,0,0,0,87,0,28,2,0,0,0,0,cd,4b,28,25,0,0,0,0,0   TimeStamp  :  50473       Distance  :  135

(PORT 1) : 6a,5,0,18,21,43,65,87,0,0,0,88,0,29,2,0,0,0,0,74,c5,89,3e,0,0,0,0,0   TimeStamp  :  50571       Distance  :  136

(PORT 1) : 6a,5,0,18,21,43,65,87,0,0,0,86,0,2a,2,0,0,0,0,6e,6,fc,cd,0,0,0,0,0   TimeStamp  :  50666       Distance  :  134

(PORT 1) : 6a,5,0,18,21,43,65,87,0,3,1,73,0,2b,2,0,0,0,0,c8,7,4d,cd,0,0,0,0,0   TimeStamp  :  50762       Distance  :  115

(PORT 1) : 6a,5,0,18,21,43,65,87,0,0,0,87,0,2c,2,0,0,0,0,2b,36,c7,77,0,0,0,0,0   TimeStamp  :  50859       Distance  :  135

(PORT 1) : 6a,5,0,18,21,43,65,87,0,0,0,82,0,2d,2,0,0,0,0,5a,e6,39,2c,0,0,0,0,0   TimeStamp  :  50954       Distance  :  130

(PORT 1) : 6a,5,0,18,21,43,65,87,0,0,0,84,0,2e,2,0,0,0,0,d9,88,47,ce,0,0,0,0,0   TimeStamp  :  51050       Distance  :  132

(PORT 1) : 6a,5,0,18,21,43,65,87,0,0,0,86,0,2f,2,0,0,0,0,2,f3,46,b1,0,0,0,0,0   TimeStamp  :  51146       Distance  :  134

(PORT 1) : 6a,5,0,18,21,43,65,87,0,0,0,86,0,30,2,0,0,0,0,c9,e2,31,7a,0,0,0,0,0   TimeStamp  :  51242       Distance  :  134

(PORT 1) : 6a,5,0,18,21,43,65,87,0,0,0,88,0,31,2,0,0,0,0,93,18,db,7c,0,0,0,0,0   TimeStamp  :  51338       Distance  :  136

(PORT 1) : 6a,5,0,18,21,43,65,87,0,0,0,7e,0,32,2,0,0,0,0,9c,f5,b5,2d,0,0,0,0,0   TimeStamp  :  51435       Distance  :  126

(PORT 1) : 6a,5,0,18,21,43,65,87,0,0,0,7e,0,33,2,0,0,0,0,24,1e,bf,f5,0,0,0,0,0   TimeStamp  :  51530       Distance  :  126

(PORT 1) : 6a,5,0,18,21,43,65,87,0,0,0,83,0,34,2,0,0,0,0,a7,2c,81,56,0,0,0,0,0   TimeStamp  :  51626       Distance  :  131

(PORT 1) : 6a,5,0,18,21,43,65,87,0,0,0,87,0,35,2,0,0,0,0,ae,59,54,d0,0,0,0,0,0   TimeStamp  :  51722       Distance  :  135

(PORT 1) : 6a,5,0,18,21,43,65,87,0,0,0,81,0,36,2,0,0,0,0,3b,f7,22,e8,0,0,0,0,0   TimeStamp  :  51818       Distance  :  129

(PORT 1) : 6a,5,0,18,21,43,65,87,0,0,0,7f,0,37,2,0,0,0,0,4b,24,ae,58,0,0,0,0,0   TimeStamp  :  51914       Distance  :  127

(PORT 1) : 6a,5,0,18,21,43,65,87,0,0,0,86,0,38,2,0,0,0,0,8c,54,ed,f7,0,0,0,0,0   TimeStamp  :  52011       Distance  :  134

(PORT 1) : 6a,5,0,18,21,43,65,87,0,0,0,85,0,39,2,0,0,0,0,94,1b,e2,b7,0,0,0,0,0   TimeStamp  :  52106       Distance  :  133

(PORT 1) : 6a,5,0,18,21,43,65,87,0,0,0,85,0,3a,2,0,0,0,0,b9,35,69,30,0,0,0,0,0   TimeStamp  :  52202       Distance  :  133

(PORT 1) : 6a,5,0,18,21,43,65,87,0,0,0,7f,0,3b,2,0,0,0,0,c7,d,c3,a0,0,0,0,0,0   TimeStamp  :  52298       Distance  :  127

(PORT 1) : 6a,5,0,18,21,43,65,87,0,0,0,87,0,3c,2,0,0,0,0,60,fc,48,e7,0,0,0,0,0   TimeStamp  :  52393       Distance  :  135

(PORT 1) : 6a,5,0,18,21,43,65,87,0,0,0,80,0,3d,2,0,0,0,0,d0,53,f7,d7,0,0,0,0,0   TimeStamp  :  52490       Distance  :  128

(PORT 1) : 6a,5,0,18,21,43,65,87,0,0,0,82,0,3e,2,0,0,0,0,8c,2,15,f7,0,0,0,0,0   TimeStamp  :  52586       Distance  :  130

(PORT 1) : 6a,5,0,18,21,43,65,87,0,0,0,88,0,3f,2,0,0,0,0,54,f6,64,af,0,0,0,0,0   TimeStamp  :  52683       Distance  :  136

(PORT 1) : 6a,5,0,18,21,43,65,87,0,0,0,7e,0,40,2,0,0,0,0,11,a0,3c,7f,0,0,0,0,0   TimeStamp  :  52778       Distance  :  126

(PORT 1) : 6a,5,0,18,21,43,65,87,0,0,0,87,0,41,2,0,0,0,0,7e,46,e1,e9,0,0,0,0,0   TimeStamp  :  52874       Distance  :  135

(PORT 1) : 6a,5,0,18,21,43,65,87,0,0,0,86,0,42,2,0,0,0,0,ff,94,c3,a7,0,0,0,0,0   TimeStamp  :  52970       Distance  :  134

(PORT 1) : 6a,5,0,18,21,43,65,87,0,0,0,83,0,43,2,0,0,0,0,8a,fb,67,9d,0,0,0,0,0   TimeStamp  :  53066       Distance  :  131

(PORT 1) : 6a,5,0,18,21,43,65,87,0,0,0,88,0,44,2,0,0,0,0,1c,51,8f,a1,0,0,0,0,0   TimeStamp  :  53162       Distance  :  136

(PORT 1) : 6a,5,0,18,21,43,65,87,0,0,0,87,0,45,2,0,0,0,0,62,c2,56,dc,0,0,0,0,0   TimeStamp  :  53258       Distance  :  135

(PORT 1) : 6a,5,0,18,21,43,65,87,0,0,0,7e,0,46,2,0,0,0,0,9f,ea,ef,ea,0,0,0,0,0   TimeStamp  :  53354       Distance  :  126

(PORT 1) : 6a,5,0,18,21,43,65,87,0,0,0,89,0,47,2,0,0,0,0,d2,d7,74,e9,0,0,0,0,0   TimeStamp  :  53450       Distance  :  137

(PORT 1) : 6a,5,0,18,21,43,65,87,0,0,0,7f,0,48,2,0,0,0,0,ad,ba,b1,db,0,0,0,0,0   TimeStamp  :  53546       Distance  :  127

(PORT 1) : 6a,5,0,18,21,43,65,87,0,0,0,86,0,49,2,0,0,0,0,b9,81,ee,f7,0,0,0,0,0   TimeStamp  :  53641       Distance  :  134

(PORT 1) : 6a,5,0,18,21,43,65,87,0,0,0,81,0,4a,2,0,0,0,0,ff,8f,ab,40,0,0,0,0,0   TimeStamp  :  53738       Distance  :  129

(PORT 1) : 6a,5,0,18,21,43,65,87,0,0,0,86,0,4b,2,0,0,0,0,df,fe,f3,37,0,0,0,0,0   TimeStamp  :  53834       Distance  :  134

(PORT 1) : 6a,5,0,18,21,43,65,87,0,0,0,87,0,4c,2,0,0,0,0,f1,a5,94,e,0,0,0,0,0   TimeStamp  :  53930       Distance  :  135

(PORT 1) : 6a,5,0,18,21,43,65,87,0,0,0,83,0,4d,2,0,0,0,0,10,f,4e,b5,0,0,0,0,0   TimeStamp  :  54026       Distance  :  131

(PORT 1) : 6a,5,0,18,21,43,65,87,0,0,0,80,0,4e,2,0,0,0,0,ef,51,42,0,0,0,0,0,0   TimeStamp  :  54122       Distance  :  128

(PORT 1) : 6a,5,0,18,21,43,65,87,0,0,0,88,0,4f,2,0,0,0,0,b8,3d,0,f5,0,0,0,0,0   TimeStamp  :  54218       Distance  :  136

(PORT 1) : 6a,5,0,18,21,43,65,87,0,0,0,84,0,50,2,0,0,0,0,7,d3,9d,18,0,0,0,0,0   TimeStamp  :  54315       Distance  :  132

(PORT 1) : 6a,5,0,18,21,43,65,87,0,0,0,86,0,51,2,0,0,0,0,5a,fd,3c,59,0,0,0,0,0   TimeStamp  :  54410       Distance  :  134

(PORT 1) : 6a,5,0,18,21,43,65,87,0,0,0,80,0,52,2,0,0,0,0,60,a5,e5,13,0,0,0,0,0   TimeStamp  :  54506       Distance  :  128

(PORT 1) : 6a,5,0,18,21,43,65,87,0,0,0,86,0,53,2,0,0,0,0,f4,8c,2e,80,0,0,0,0,0   TimeStamp  :  54602       Distance  :  134

(PORT 1) : 6a,5,0,18,21,43,65,87,0,0,0,84,0,54,2,0,0,0,0,c0,3a,cc,96,0,0,0,0,0   TimeStamp  :  54698       Distance  :  132

(PORT 1) : 6a,5,0,18,21,43,65,87,0,0,0,84,0,55,2,0,0,0,0,7b,ba,98,9c,0,0,0,0,0   TimeStamp  :  54794       Distance  :  132

(PORT 1) : 6a,5,0,18,21,43,65,87,0,0,0,84,0,56,2,0,0,0,0,ba,dd,16,eb,0,0,0,0,0   TimeStamp  :  54890       Distance  :  132

(PORT 1) : 6a,5,0,18,21,43,65,87,0,0,0,88,0,57,2,0,0,0,0,3d,3e,b9,79,0,0,0,0,0   TimeStamp  :  54986       Distance  :  136

(PORT 1) : 6a,5,0,18,21,43,65,87,0,0,0,86,0,58,2,0,0,0,0,e8,c8,98,17,0,0,0,0,0   TimeStamp  :  55082       Distance  :  134

(PORT 1) : 6a,5,0,18,21,43,65,87,0,0,0,81,0,59,2,0,0,0,0,ff,a3,51,61,0,0,0,0,0   TimeStamp  :  55177       Distance  :  129

(PORT 1) : 6a,5,0,18,21,43,65,87,0,0,0,88,0,5a,2,0,0,0,0,11,42,e6,f1,0,0,0,0,0   TimeStamp  :  55274       Distance  :  136

(PORT 1) : 6a,5,0,18,21,43,65,87,0,0,0,85,0,5b,2,0,0,0,0,c0,94,31,f0,0,0,0,0,0   TimeStamp  :  55370       Distance  :  133

(PORT 1) : 6a,5,0,18,21,43,65,87,0,0,0,7e,0,5c,2,0,0,0,0,f2,b1,56,54,0,0,0,0,0   TimeStamp  :  55465       Distance  :  126

(PORT 1) : 6a,5,0,18,21,43,65,87,0,0,0,81,0,5d,2,0,0,0,0,62,2a,4c,9d,0,0,0,0,0   TimeStamp  :  55562       Distance  :  129

(PORT 1) : 6a,5,0,18,21,43,65,87,0,0,0,85,0,5e,2,0,0,0,0,2b,ea,f,c2,0,0,0,0,0   TimeStamp  :  55657       Distance  :  133

(PORT 1) : 6a,5,0,18,21,43,65,87,0,0,0,85,0,5f,2,0,0,0,0,c3,7a,7d,e1,0,0,0,0,0   TimeStamp  :  55755       Distance  :  133

(PORT 1) : 6a,5,0,18,21,43,65,87,0,0,0,88,0,60,2,0,0,0,0,e5,84,b8,d6,0,0,0,0,0   TimeStamp  :  55850       Distance  :  136

(PORT 1) : 6a,5,0,18,21,43,65,87,0,0,0,82,0,61,2,0,0,0,0,8b,b8,67,ba,0,0,0,0,0   TimeStamp  :  55946       Distance  :  130

(PORT 1) : 6a,5,0,18,21,43,65,87,0,0,0,85,0,62,2,0,0,0,0,9a,83,70,e,0,0,0,0,0   TimeStamp  :  56042       Distance  :  133

(PORT 1) : 6a,5,0,18,21,43,65,87,0,0,0,88,0,63,2,0,0,0,0,f1,ad,19,cb,0,0,0,0,0   TimeStamp  :  56138       Distance  :  136

(PORT 1) : 6a,5,0,18,21,43,65,87,0,0,0,88,0,64,2,0,0,0,0,22,da,8f,43,0,0,0,0,0   TimeStamp  :  56234       Distance  :  136

(PORT 1) : 6a,5,0,18,21,43,65,87,0,0,0,85,0,65,2,0,0,0,0,32,70,c8,3,0,0,0,0,0   TimeStamp  :  56330       Distance  :  133

(PORT 1) : 6a,5,0,18,21,43,65,87,0,0,0,87,0,66,2,0,0,0,0,bd,20,0,9,0,0,0,0,0   TimeStamp  :  56426       Distance  :  135

(PORT 1) : 6a,5,0,18,21,43,65,87,0,0,0,86,0,67,2,0,0,0,0,ea,3c,9f,7b,0,0,0,0,0   TimeStamp  :  56522       Distance  :  134

(PORT 1) : 6a,5,0,18,21,43,65,87,0,0,0,87,0,68,2,0,0,0,0,8c,6a,be,83,0,0,0,0,0   TimeStamp  :  56618       Distance  :  135

(PORT 1) : 6a,5,0,18,21,43,65,87,0,0,0,84,0,69,2,0,0,0,0,80,ba,f4,fd,0,0,0,0,0   TimeStamp  :  56714       Distance  :  132

(PORT 1) : 6a,5,0,18,21,43,65,87,0,0,0,87,0,6a,2,0,0,0,0,94,16,af,e,0,0,0,0,0   TimeStamp  :  56810       Distance  :  135

(PORT 1) : 6a,5,0,18,21,43,65,87,0,0,0,83,0,6b,2,0,0,0,0,3f,49,5d,47,0,0,0,0,0   TimeStamp  :  56906       Distance  :  131

(PORT 1) : 6a,5,0,18,21,43,65,87,0,0,0,87,0,6c,2,0,0,0,0,47,6c,c1,1e,0,0,0,0,0   TimeStamp  :  57002       Distance  :  135

(PORT 1) : 6a,5,0,18,21,43,65,87,0,0,0,84,0,6d,2,0,0,0,0,37,4f,42,ae,0,0,0,0,0   TimeStamp  :  57098       Distance  :  132

(PORT 1) : 6a,5,0,18,21,43,65,87,0,0,0,86,0,6e,2,0,0,0,0,7a,75,14,e9,0,0,0,0,0   TimeStamp  :  57193       Distance  :  134

(PORT 1) : 6a,5,0,18,21,43,65,87,0,0,0,7e,0,6f,2,0,0,0,0,b7,2d,cb,71,0,0,0,0,0   TimeStamp  :  57290       Distance  :  126

(PORT 1) : 6a,5,0,18,21,43,65,87,0,0,0,85,0,70,2,0,0,0,0,6f,84,2e,3c,0,0,0,0,0   TimeStamp  :  57386       Distance  :  133

(PORT 1) : 6a,5,0,18,21,43,65,87,0,0,0,83,0,71,2,0,0,0,0,9b,3a,e5,b7,0,0,0,0,0   TimeStamp  :  57482       Distance  :  131

(PORT 1) : 6a,5,0,18,21,43,65,87,0,0,0,82,0,72,2,0,0,0,0,8b,d2,32,28,0,0,0,0,0   TimeStamp  :  57578       Distance  :  130

(PORT 1) : 6a,5,0,18,21,43,65,87,0,0,0,84,0,73,2,0,0,0,0,71,aa,5b,2b,0,0,0,0,0   TimeStamp  :  57675       Distance  :  132

(PORT 1) : 6a,5,0,18,21,43,65,87,0,0,0,84,0,74,2,0,0,0,0,d9,a5,a3,81,0,0,0,0,0   TimeStamp  :  57770       Distance  :  132

(PORT 1) : 6a,5,0,18,21,43,65,87,0,0,0,87,0,75,2,0,0,0,0,ae,d0,b2,0,0,0,0,0,0   TimeStamp  :  57866       Distance  :  135

(PORT 1) : 6a,5,0,18,21,43,65,87,0,0,0,81,0,76,2,0,0,0,0,21,54,9,da,0,0,0,0,0   TimeStamp  :  57962       Distance  :  129

(PORT 1) : 6a,5,0,18,21,43,65,87,0,0,0,7e,0,77,2,0,0,0,0,45,b3,f4,6f,0,0,0,0,0   TimeStamp  :  58059       Distance  :  126

(PORT 1) : 6a,5,0,18,21,43,65,87,0,0,0,84,0,78,2,0,0,0,0,64,db,5d,de,0,0,0,0,0   TimeStamp  :  58154       Distance  :  132

(PORT 1) : 6a,5,0,18,21,43,65,87,0,0,0,7d,0,79,2,0,0,0,0,5,c5,94,35,0,0,0,0,0   TimeStamp  :  58250       Distance  :  125

(PORT 1) : 6a,5,0,18,21,43,65,87,0,0,0,83,0,7a,2,0,0,0,0,b4,95,6a,17,0,0,0,0,0   TimeStamp  :  58347       Distance  :  131

(PORT 1) : 6a,5,0,18,21,43,65,87,0,0,0,7d,0,7b,2,0,0,0,0,53,a0,35,8a,0,0,0,0,0   TimeStamp  :  58442       Distance  :  125

(PORT 1) : 6a,5,0,18,21,43,65,87,0,0,0,88,0,7c,2,0,0,0,0,fe,38,99,f3,0,0,0,0,0   TimeStamp  :  58538       Distance  :  136

(PORT 1) : 6a,5,0,18,21,43,65,87,0,0,0,86,0,7d,2,0,0,0,0,55,54,3f,4f,0,0,0,0,0   TimeStamp  :  58634       Distance  :  134

(PORT 1) : 6a,5,0,18,21,43,65,87,0,0,0,88,0,7e,2,0,0,0,0,12,d6,74,55,0,0,0,0,0   TimeStamp  :  58730       Distance  :  136

(PORT 1) : 6a,5,0,18,21,43,65,87,0,0,0,85,0,7f,2,0,0,0,0,ce,81,ce,e9,0,0,0,0,0   TimeStamp  :  58826       Distance  :  133

(PORT 1) : 6a,5,0,18,21,43,65,87,0,0,0,7f,0,80,2,0,0,0,0,4a,63,db,25,0,0,0,0,0   TimeStamp  :  58922       Distance  :  127

(PORT 1) : 6a,5,0,18,21,43,65,87,0,0,0,84,0,81,2,0,0,0,0,60,6,8d,9d,0,0,0,0,0   TimeStamp  :  59018       Distance  :  132

(PORT 1) : 6a,5,0,18,21,43,65,87,0,0,0,81,0,82,2,0,0,0,0,1e,43,8a,67,0,0,0,0,0   TimeStamp  :  59113       Distance  :  129

(PORT 1) : 6a,5,0,18,21,43,65,87,0,0,0,85,0,83,2,0,0,0,0,7,8,91,68,0,0,0,0,0   TimeStamp  :  59210       Distance  :  133

(PORT 1) : 6a,5,0,18,21,43,65,87,0,0,0,7f,0,84,2,0,0,0,0,cd,cd,d4,b7,0,0,0,0,0   TimeStamp  :  59306       Distance  :  127

(PORT 1) : 6a,5,0,18,21,43,65,87,0,0,0,81,0,85,2,0,0,0,0,3c,48,f6,6c,0,0,0,0,0   TimeStamp  :  59402       Distance  :  129

(PORT 1) : 6a,5,0,18,21,43,65,87,0,0,0,85,0,86,2,0,0,0,0,ff,e6,4b,45,0,0,0,0,0   TimeStamp  :  59499       Distance  :  133

(PORT 1) : 6a,5,0,18,21,43,65,87,0,0,0,84,0,87,2,0,0,0,0,d0,c6,22,3c,0,0,0,0,0   TimeStamp  :  59593       Distance  :  132

(PORT 1) : 6a,5,0,18,21,43,65,87,0,0,0,87,0,88,2,0,0,0,0,99,13,56,76,0,0,0,0,0   TimeStamp  :  59690       Distance  :  135

(PORT 1) : 6a,5,0,18,21,43,65,87,0,0,0,82,0,89,2,0,0,0,0,bb,d7,a7,db,0,0,0,0,0   TimeStamp  :  59786       Distance  :  130

(PORT 1) : 6a,5,0,18,21,43,65,87,0,0,0,83,0,8a,2,0,0,0,0,a8,83,9a,23,0,0,0,0,0   TimeStamp  :  59882       Distance  :  131

(PORT 1) : 6a,5,0,18,21,43,65,87,0,0,0,7d,0,8b,2,0,0,0,0,76,9a,7,84,0,0,0,0,0   TimeStamp  :  59978       Distance  :  125

(PORT 1) : 6a,5,0,18,21,43,65,87,0,0,0,86,0,8c,2,0,0,0,0,f5,84,fb,a8,0,0,0,0,0   TimeStamp  :  60074       Distance  :  134

(PORT 1) : 6a,5,0,18,21,43,65,87,0,0,0,7e,0,8d,2,0,0,0,0,c9,1e,f2,51,0,0,0,0,0   TimeStamp  :  60170       Distance  :  126

(PORT 1) : 6a,5,0,18,21,43,65,87,0,0,0,82,0,8e,2,0,0,0,0,cd,d5,a9,36,0,0,0,0,0   TimeStamp  :  60266       Distance  :  130

(PORT 1) : 6a,5,0,18,21,43,65,87,0,0,0,81,0,8f,2,0,0,0,0,23,3,7c,87,0,0,0,0,0   TimeStamp  :  60361       Distance  :  129

(PORT 1) : 6a,5,0,18,21,43,65,87,0,0,0,83,0,90,2,0,0,0,0,bf,9b,cd,ab,0,0,0,0,0   TimeStamp  :  60458       Distance  :  131

(PORT 1) : 6a,5,0,18,21,43,65,87,0,0,0,80,0,91,2,0,0,0,0,60,f,30,eb,0,0,0,0,0   TimeStamp  :  60553       Distance  :  128

(PORT 1) : 6a,5,0,18,21,43,65,87,0,0,0,88,0,92,2,0,0,0,0,d6,8a,4f,d3,0,0,0,0,0   TimeStamp  :  60650       Distance  :  136

(PORT 1) : 6a,5,0,18,21,43,65,87,0,0,0,85,0,93,2,0,0,0,0,a2,3b,ef,b,0,0,0,0,0   TimeStamp  :  60745       Distance  :  133

(PORT 1) : 6a,5,0,18,21,43,65,87,0,0,0,83,0,94,2,0,0,0,0,65,b8,14,75,0,0,0,0,0   TimeStamp  :  60842       Distance  :  131

(PORT 1) : 6a,5,0,18,21,43,65,87,0,0,0,84,0,95,2,0,0,0,0,be,72,2a,35,0,0,0,0,0   TimeStamp  :  60938       Distance  :  132

(PORT 1) : 6a,5,0,18,21,43,65,87,0,0,0,84,0,96,2,0,0,0,0,b0,4d,64,e0,0,0,0,0,0   TimeStamp  :  61034       Distance  :  132

(PORT 1) : 6a,5,0,18,21,43,65,87,0,0,0,81,0,97,2,0,0,0,0,4b,c4,7a,ae,0,0,0,0,0   TimeStamp  :  61129       Distance  :  129

(PORT 1) : 6a,5,0,18,21,43,65,87,0,0,0,87,0,98,2,0,0,0,0,59,3a,c6,bb,0,0,0,0,0   TimeStamp  :  61226       Distance  :  135

(PORT 1) : 6a,5,0,18,21,43,65,87,0,0,0,83,0,99,2,0,0,0,0,4c,5,4c,ef,0,0,0,0,0   TimeStamp  :  61321       Distance  :  131

(PORT 1) : 6a,5,0,18,21,43,65,87,0,0,0,87,0,9a,2,0,0,0,0,e1,2b,ca,7f,0,0,0,0,0   TimeStamp  :  61418       Distance  :  135

(PORT 1) : 6a,5,0,18,21,43,65,87,0,0,0,87,0,9b,2,0,0,0,0,37,e8,b0,ce,0,0,0,0,0   TimeStamp  :  61514       Distance  :  135

(PORT 1) : 6a,5,0,18,21,43,65,87,0,0,0,88,0,9c,2,0,0,0,0,6f,9f,5e,9,0,0,0,0,0   TimeStamp  :  61610       Distance  :  136

(PORT 1) : 6a,5,0,18,21,43,65,87,0,0,0,87,0,9d,2,0,0,0,0,f2,15,c2,d1,0,0,0,0,0   TimeStamp  :  61706       Distance  :  135

(PORT 1) : 6a,5,0,18,21,43,65,87,0,0,0,7e,0,9e,2,0,0,0,0,f8,38,d1,7d,0,0,0,0,0   TimeStamp  :  61802       Distance  :  126

(PORT 1) : 6a,5,0,18,21,43,65,87,0,0,0,86,0,9f,2,0,0,0,0,8,2e,8b,33,0,0,0,0,0   TimeStamp  :  61898       Distance  :  134

(PORT 1) : 6a,5,0,18,21,43,65,87,0,0,0,80,0,a0,2,0,0,0,0,a5,4d,56,7e,0,0,0,0,0   TimeStamp  :  61994       Distance  :  128

(PORT 1) : 6a,5,0,18,21,43,65,87,0,0,0,88,0,a1,2,0,0,0,0,13,4b,63,87,0,0,0,0,0   TimeStamp  :  62090       Distance  :  136

(PORT 1) : 6a,5,0,18,21,43,65,87,0,0,0,80,0,a2,2,0,0,0,0,27,fa,c5,3d,0,0,0,0,0   TimeStamp  :  62185       Distance  :  128

(PORT 1) : 6a,5,0,18,21,43,65,87,0,0,0,7d,0,a3,2,0,0,0,0,6f,75,29,a,0,0,0,0,0   TimeStamp  :  62282       Distance  :  125

(PORT 1) : 6a,5,0,18,21,43,65,87,0,0,0,86,0,a4,2,0,0,0,0,d1,ca,43,f9,0,0,0,0,0   TimeStamp  :  62378       Distance  :  134

(PORT 1) : 6a,5,0,18,21,43,65,87,0,0,0,86,0,a5,2,0,0,0,0,4f,d9,71,b7,0,0,0,0,0   TimeStamp  :  62473       Distance  :  134

(PORT 1) : 6a,5,0,18,21,43,65,87,0,0,0,88,0,a6,2,0,0,0,0,69,d6,bd,6f,0,0,0,0,0   TimeStamp  :  62570       Distance  :  136

(PORT 1) : 6a,5,0,18,21,43,65,87,0,0,0,80,0,a7,2,0,0,0,0,c1,71,b6,31,0,0,0,0,0   TimeStamp  :  62666       Distance  :  128

(PORT 1) : 6a,5,0,18,21,43,65,87,0,0,0,83,0,a8,2,0,0,0,0,c8,f4,63,e9,0,0,0,0,0   TimeStamp  :  62761       Distance  :  131

(PORT 1) : 6a,5,0,18,21,43,65,87,0,0,0,88,0,a9,2,0,0,0,0,a8,46,f6,c0,0,0,0,0,0   TimeStamp  :  62858       Distance  :  136

(PORT 1) : 6a,5,0,18,21,43,65,87,0,0,0,86,0,aa,2,0,0,0,0,4c,9,a6,f1,0,0,0,0,0   TimeStamp  :  62954       Distance  :  134

(PORT 1) : 6a,5,0,18,21,43,65,87,0,0,0,83,0,ab,2,0,0,0,0,7f,1d,f2,5d,0,0,0,0,0   TimeStamp  :  63050       Distance  :  131

(PORT 1) : 6a,5,0,18,21,43,65,87,0,0,0,83,0,ac,2,0,0,0,0,16,c2,68,9d,0,0,0,0,0   TimeStamp  :  63146       Distance  :  131

(PORT 1) : 6a,5,0,18,21,43,65,87,0,0,0,86,0,ad,2,0,0,0,0,66,76,3e,8e,0,0,0,0,0   TimeStamp  :  63242       Distance  :  134

(PORT 1) : 6a,5,0,18,21,43,65,87,0,0,0,7e,0,ae,2,0,0,0,0,f1,fb,d2,e3,0,0,0,0,0   TimeStamp  :  63338       Distance  :  126

(PORT 1) : 6a,5,0,18,21,43,65,87,0,0,0,81,0,af,2,0,0,0,0,4d,5b,b0,8c,0,0,0,0,0   TimeStamp  :  63434       Distance  :  129

(PORT 1) : 6a,5,0,18,21,43,65,87,0,0,0,83,0,b0,2,0,0,0,0,ba,12,62,4c,0,0,0,0,0   TimeStamp  :  63530       Distance  :  131

(PORT 1) : 6a,5,0,18,21,43,65,87,0,0,0,83,0,b1,2,0,0,0,0,9b,d3,2b,a9,0,0,0,0,0   TimeStamp  :  63625       Distance  :  131

(PORT 1) : 6a,5,0,18,21,43,65,87,0,0,0,88,0,b2,2,0,0,0,0,e2,d7,75,2b,0,0,0,0,0   TimeStamp  :  63721       Distance  :  136

(PORT 1) : 6a,5,0,18,21,43,65,87,0,0,0,81,0,b3,2,0,0,0,0,c8,8f,49,61,0,0,0,0,0   TimeStamp  :  63818       Distance  :  129

(PORT 1) : 6a,5,0,18,21,43,65,87,0,0,0,83,0,b4,2,0,0,0,0,99,98,71,c6,0,0,0,0,0   TimeStamp  :  63914       Distance  :  131

(PORT 1) : 6a,5,0,18,21,43,65,87,0,0,0,85,0,b5,2,0,0,0,0,71,65,8a,7e,0,0,0,0,0   TimeStamp  :  64009       Distance  :  133

(PORT 1) : 6a,5,0,18,21,43,65,87,0,0,0,81,0,b6,2,0,0,0,0,a6,a1,be,8d,0,0,0,0,0   TimeStamp  :  64106       Distance  :  129

(PORT 1) : 6a,5,0,18,21,43,65,87,0,0,0,85,0,b7,2,0,0,0,0,10,8f,de,80,0,0,0,0,0   TimeStamp  :  64201       Distance  :  133

(PORT 1) : 6a,5,0,18,21,43,65,87,0,0,0,84,0,b8,2,0,0,0,0,98,f4,58,5c,0,0,0,0,0   TimeStamp  :  64298       Distance  :  132

(PORT 1) : 6a,5,0,18,21,43,65,87,0,0,0,87,0,b9,2,0,0,0,0,e8,29,fd,c6,0,0,0,0,0   TimeStamp  :  64394       Distance  :  135

(PORT 1) : 6a,5,0,18,21,43,65,87,0,0,0,85,0,ba,2,0,0,0,0,30,49,17,7,0,0,0,0,0   TimeStamp  :  64490       Distance  :  133

(PORT 1) : 6a,5,0,18,21,43,65,87,0,0,0,84,0,bb,2,0,0,0,0,bc,be,98,ef,0,0,0,0,0   TimeStamp  :  64586       Distance  :  132

(PORT 1) : 6a,5,0,18,21,43,65,87,0,0,0,84,0,bc,2,0,0,0,0,7c,1b,af,33,0,0,0,0,0   TimeStamp  :  64682       Distance  :  132

(PORT 1) : 6a,5,0,18,21,43,65,87,0,0,0,84,0,bd,2,0,0,0,0,c,21,97,d4,0,0,0,0,0   TimeStamp  :  64777       Distance  :  132

(PORT 1) : 6a,5,0,18,21,43,65,87,0,0,0,85,0,be,2,0,0,0,0,f3,59,7f,11,0,0,0,0,0   TimeStamp  :  64873       Distance  :  133

(PORT 1) : 6a,5,0,18,21,43,65,87,0,0,0,80,0,bf,2,0,0,0,0,e7,ad,63,b5,0,0,0,0,0   TimeStamp  :  64968       Distance  :  128

(PORT 1) : 6a,5,0,18,21,43,65,87,0,0,0,87,0,c0,2,0,0,0,0,23,b8,46,b5,0,0,0,0,0   TimeStamp  :  65065       Distance  :  135

(PORT 1) : 6a,5,0,18,21,43,65,87,0,0,0,7f,0,c1,2,0,0,0,0,ac,ea,29,48,0,0,0,0,0   TimeStamp  :  65160       Distance  :  127

(PORT 1) : 6a,5,0,18,21,43,65,87,0,0,0,7e,0,c2,2,0,0,0,0,41,dc,8,69,0,0,0,0,0   TimeStamp  :  65257       Distance  :  126

(PORT 1) : 6a,5,0,18,21,43,65,87,0,0,0,89,0,c3,2,0,0,0,0,31,cd,d0,e3,0,0,0,0,0   TimeStamp  :  65353       Distance  :  137

(PORT 1) : 6a,5,0,18,21,43,65,87,0,0,0,88,0,c4,2,0,0,0,0,64,59,12,2b,0,0,0,0,0   TimeStamp  :  65449       Distance  :  136

(PORT 1) : 6a,5,0,18,21,43,65,87,0,0,0,84,0,c5,2,0,0,0,0,29,bd,34,d,0,0,0,0,0   TimeStamp  :  65545       Distance  :  132

(PORT 1) : 6a,5,0,18,21,43,65,87,0,0,0,85,0,c6,2,0,0,0,0,54,2d,a6,de,0,0,0,0,0   TimeStamp  :  65641       Distance  :  133

(PORT 1) : 6a,5,0,18,21,43,65,87,0,0,0,7f,0,c7,2,0,0,0,0,2,dd,45,44,0,0,0,0,0   TimeStamp  :  65736       Distance  :  127

(PORT 1) : 6a,5,0,18,21,43,65,87,0,0,0,87,0,c8,2,0,0,0,0,fa,66,1f,81,0,0,0,0,0   TimeStamp  :  65832       Distance  :  135

(PORT 1) : 6a,5,0,18,21,43,65,87,0,0,0,86,0,c9,2,0,0,0,0,9c,a2,bf,de,0,0,0,0,0   TimeStamp  :  65928       Distance  :  134

(PORT 1) : 6a,5,0,18,21,43,65,87,0,0,0,85,0,ca,2,0,0,0,0,76,9e,e3,8d,0,0,0,0,0   TimeStamp  :  66024       Distance  :  133

(PORT 1) : 6a,5,0,18,21,43,65,87,0,0,0,84,0,cb,2,0,0,0,0,3a,75,a,78,0,0,0,0,0   TimeStamp  :  66121       Distance  :  132

(PORT 1) : 6a,5,0,18,21,43,65,87,0,0,0,86,0,cc,2,0,0,0,0,bc,22,b8,8f,0,0,0,0,0   TimeStamp  :  66216       Distance  :  134

(PORT 1) : 6a,5,0,18,21,43,65,87,0,0,0,88,0,cd,2,0,0,0,0,26,9f,e9,8b,0,0,0,0,0   TimeStamp  :  66312       Distance  :  136

(PORT 1) : 6a,5,0,18,21,43,65,87,0,0,0,82,0,ce,2,0,0,0,0,32,e1,f3,68,0,0,0,0,0   TimeStamp  :  66409       Distance  :  130

(PORT 1) : 6a,5,0,18,21,43,65,87,0,0,0,7f,0,cf,2,0,0,0,0,57,cb,c5,35,0,0,0,0,0   TimeStamp  :  66504       Distance  :  127

(PORT 1) : 6a,5,0,18,21,43,65,87,0,0,0,82,0,d0,2,0,0,0,0,42,99,dc,9b,0,0,0,0,0   TimeStamp  :  66600       Distance  :  130

(PORT 1) : 6a,5,0,18,21,43,65,87,0,0,0,87,0,d1,2,0,0,0,0,6a,12,87,c3,0,0,0,0,0   TimeStamp  :  66696       Distance  :  135

(PORT 1) : 6a,5,0,18,21,43,65,87,0,0,0,8b,0,d2,2,0,0,0,0,59,74,8d,ff,0,0,0,0,0   TimeStamp  :  66793       Distance  :  139

(PORT 1) : 6a,5,0,18,21,43,65,87,0,0,0,82,0,d3,2,0,0,0,0,6e,12,ce,da,0,0,0,0,0   TimeStamp  :  66888       Distance  :  130

(PORT 1) : 6a,5,0,18,21,43,65,87,0,0,0,85,0,d4,2,0,0,0,0,d2,e8,f6,32,0,0,0,0,0   TimeStamp  :  66984       Distance  :  133

(PORT 1) : 6a,5,0,18,21,43,65,87,0,0,0,84,0,d5,2,0,0,0,0,51,1f,8f,7d,0,0,0,0,0   TimeStamp  :  67081       Distance  :  132

(PORT 1) : 6a,5,0,18,21,43,65,87,0,0,0,86,0,d6,2,0,0,0,0,46,6c,c6,20,0,0,0,0,0   TimeStamp  :  67176       Distance  :  134

(PORT 1) : 6a,5,0,18,21,43,65,87,0,0,0,85,0,d7,2,0,0,0,0,df,fc,a,66,0,0,0,0,0   TimeStamp  :  67273       Distance  :  133

(PORT 1) : 6a,5,0,18,21,43,65,87,0,0,0,88,0,d8,2,0,0,0,0,e7,c5,2a,5c,0,0,0,0,0   TimeStamp  :  67368       Distance  :  136

(PORT 1) : 6a,5,0,18,21,43,65,87,0,0,0,83,0,d9,2,0,0,0,0,3c,a,3b,48,0,0,0,0,0   TimeStamp  :  67464       Distance  :  131

(PORT 1) : 6a,5,0,18,21,43,65,87,0,0,0,83,0,da,2,0,0,0,0,e8,3b,ae,b0,0,0,0,0,0   TimeStamp  :  67560       Distance  :  131

(PORT 1) : 6a,5,0,18,21,43,65,87,0,0,0,86,0,db,2,0,0,0,0,eb,2e,3e,1c,0,0,0,0,0   TimeStamp  :  67656       Distance  :  134

(PORT 1) : 6a,5,0,18,21,43,65,87,0,0,0,81,0,dc,2,0,0,0,0,8,a9,f5,d,0,0,0,0,0   TimeStamp  :  67752       Distance  :  129
