
(PORT 1) : 6a,5,0,18,34,12,0,0,0,0,0,cc,0,41,a,0,0,0,0,58,22,27,a2,0,0,0,0,0   TimeStamp  :  129002       Distance  :  148

(PORT 1) : 6a,5,0,18,34,12,0,0,0,0,0,cc,0,42,a,0,0,0,0,75,ef,2f,27,0,0,0,0,0   TimeStamp  :  129291       Distance  :  148

(PORT 1) : 6a,5,0,18,34,12,0,0,0,0,0,cc,0,43,a,0,0,0,0,c5,79,40,cb,0,0,0,0,0   TimeStamp  :  129579       Distance  :  148

(PORT 1) : 6a,5,0,18,34,12,0,0,0,0,0,cc,0,44,a,0,0,0,0,72,8d,94,2f,0,0,0,0,0   TimeStamp  :  129866       Distance  :  148

(PORT 1) : 6a,5,0,18,34,12,0,0,0,0,0,cc,0,45,a,0,0,0,0,8d,45,24,25,0,0,0,0,0   TimeStamp  :  130156       Distance  :  148

(PORT 1) : 6a,5,0,18,34,12,0,0,0,0,0,cd,0,46,a,0,0,0,0,68,51,96,5a,0,0,0,0,0   TimeStamp  :  275       Distance  :  149

(PORT 1) : 6a,5,0,18,34,12,0,0,0,0,0,cc,0,47,a,0,0,0,0,bc,dd,1b,6d,0,0,0,0,0   TimeStamp  :  564       Distance  :  148

(PORT 1) : 6a,5,0,18,34,12,0,0,0,0,0,cc,0,48,a,0,0,0,0,bd,2c,1f,e,0,0,0,0,0   TimeStamp  :  852       Distance  :  148

(PORT 1) : 6a,5,0,18,34,12,0,0,0,0,0,cc,0,49,a,0,0,0,0,7f,f,73,3f,0,0,0,0,0   TimeStamp  :  1140       Distance  :  148

(PORT 1) : 6a,5,0,18,34,12,0,0,0,0,0,cc,0,4a,a,0,0,0,0,62,f9,48,8,0,0,0,0,0   TimeStamp  :  1428       Distance  :  148

(PORT 1) : 6a,5,0,18,34,12,0,0,0,0,0,ca,0,4b,a,0,0,0,0,d9,fb,bb,d3,0,0,0,0,0   TimeStamp  :  1716       Distance  :  146

(PORT 1) : 6a,5,0,18,34,12,0,0,0,0,0,cc,0,4c,a,0,0,0,0,f5,ce,22,9b,0,0,0,0,0   TimeStamp  :  2004       Distance  :  148

(PORT 1) : 6a,5,0,18,34,12,0,0,0,0,0,cc,0,4d,a,0,0,0,0,a9,cc,b5,6b,0,0,0,0,0   TimeStamp  :  2292       Distance  :  148

(PORT 1) : 6a,5,0,18,34,12,0,0,0,0,0,cd,0,4e,a,0,0,0,0,31,14,cf,52,0,0,0,0,0   TimeStamp  :  2580       Distance  :  149

(PORT 1) : 6a,5,0,18,34,12,0,0,0,0,0,cc,0,4f,a,0,0,0,0,6,4b,23,ac,0,0,0,0,0   TimeStamp  :  2868       Distance  :  148

(PORT 1) : 6a,5,0,18,34,12,0,0,0,0,0,cc,0,50,a,0,0,0,0,a0,8c,a7,3e,0,0,0,0,0   TimeStamp  :  3157       Distance  :  148

(PORT 1) : 6a,5,0,18,34,12,0,0,0,0,0,c8,0,51,a,0,0,0,0,67,99,fa,6d,0,0,0,0,0   TimeStamp  :  3443       Distance  :  144

(PORT 1) : 6a,5,0,18,34,12,0,0,0,0,0,cc,0,52,a,0,0,0,0,a5,64,a6,9c,0,0,0,0,0   TimeStamp  :  3732       Distance  :  148

(PORT 1) : 6a,5,0,18,34,12,0,0,0,0,0,cc,0,53,a,0,0,0,0,d3,9a,8,74,0,0,0,0,0   TimeStamp  :  4020       Distance  :  148

(PORT 1) : 6a,5,0,18,34,12,0,0,0,0,0,cc,0,54,a,0,0,0,0,d6,df,43,2a,0,0,0,0,0   TimeStamp  :  4304       Distance  :  148

(PORT 1) : 6a,5,0,18,34,12,0,0,0,0,0,cc,0,55,a,0,0,0,0,ea,82,a9,d9,0,0,0,0,0   TimeStamp  :  4592       Distance  :  148

(PORT 1) : 6a,5,0,18,34,12,0,0,0,0,0,c2,0,56,a,0,0,0,0,cf,3f,29,7f,0,0,0,0,0   TimeStamp  :  4880       Distance  :  138

(PORT 1) : 6a,5,0,18,34,12,0,0,0,0,0,cc,0,57,a,0,0,0,0,b8,26,5a,b6,0,0,0,0,0   TimeStamp  :  5168       Distance  :  148

(PORT 1) : 6a,5,0,18,34,12,0,0,0,0,0,cc,0,58,a,0,0,0,0,7,dd,7f,52,0,0,0,0,0   TimeStamp  :  5456       Distance  :  148

(PORT 1) : 6a,5,0,18,34,12,0,0,0,0,0,cc,0,59,a,0,0,0,0,77,bb,9,1d,0,0,0,0,0   TimeStamp  :  5743       Distance  :  148

(PORT 1) : 6a,5,0,18,34,12,0,0,0,0,0,cc,0,5a,a,0,0,0,0,9a,7,26,fb,0,0,0,0,0   TimeStamp  :  6032       Distance  :  148

(PORT 1) : 6a,5,0,18,34,12,0,0,0,0,0,cc,0,5b,a,0,0,0,0,41,f6,20,5d,0,0,0,0,0   TimeStamp  :  6319       Distance  :  148

(PORT 1) : 6a,5,0,18,34,12,0,0,0,0,0,cc,0,5c,a,0,0,0,0,21,66,9b,42,0,0,0,0,0   TimeStamp  :  6607       Distance  :  148

(PORT 1) : 6a,5,0,18,34,12,0,0,0,0,0,cc,0,5d,a,0,0,0,0,d7,5f,37,ce,0,0,0,0,0   TimeStamp  :  6896       Distance  :  148

(PORT 1) : 6a,5,0,18,34,12,0,0,0,0,0,cc,0,5e,a,0,0,0,0,f7,8b,c9,33,0,0,0,0,0   TimeStamp  :  7184       Distance  :  148

(PORT 1) : 6a,5,0,18,34,12,0,0,0,0,0,cc,0,5f,a,0,0,0,0,a4,67,da,d0,0,0,0,0,0   TimeStamp  :  7472       Distance  :  148

(PORT 1) : 6a,5,0,18,34,12,0,0,0,0,0,cc,0,60,a,0,0,0,0,5d,e4,bb,57,0,0,0,0,0   TimeStamp  :  7760       Distance  :  148

(PORT 1) : 6a,5,0,18,34,12,0,0,0,0,0,cc,0,61,a,0,0,0,0,e8,1e,76,4f,0,0,0,0,0   TimeStamp  :  8048       Distance  :  148

(PORT 1) : 6a,5,0,18,34,12,0,0,0,0,0,cc,0,62,a,0,0,0,0,3,1d,ad,7e,0,0,0,0,0   TimeStamp  :  8336       Distance  :  148

(PORT 1) : 6a,5,0,18,34,12,0,0,0,0,0,cd,0,63,a,0,0,0,0,24,7f,e8,e9,0,0,0,0,0   TimeStamp  :  8624       Distance  :  149

(PORT 1) : 6a,5,0,18,34,12,0,0,0,0,0,ce,0,64,a,0,0,0,0,dd,b8,4e,47,0,0,0,0,0   TimeStamp  :  8911       Distance  :  150

(PORT 1) : 6a,5,0,18,34,12,0,0,0,0,0,cc,0,65,a,0,0,0,0,76,d0,b8,b9,0,0,0,0,0   TimeStamp  :  9200       Distance  :  148

(PORT 1) : 6a,5,0,18,34,12,0,0,0,0,0,cc,0,66,a,0,0,0,0,9e,da,a0,56,0,0,0,0,0   TimeStamp  :  9488       Distance  :  148

(PORT 1) : 6a,5,0,18,34,12,0,0,0,0,0,cc,0,67,a,0,0,0,0,2f,d9,4,87,0,0,0,0,0   TimeStamp  :  9776       Distance  :  148

(PORT 1) : 6a,5,0,18,34,12,0,0,0,0,0,cd,0,68,a,0,0,0,0,91,bf,66,61,0,0,0,0,0   TimeStamp  :  10064       Distance  :  149

(PORT 1) : 6a,5,0,18,34,12,0,0,0,0,0,cc,0,69,a,0,0,0,0,80,d2,2a,fd,0,0,0,0,0   TimeStamp  :  10352       Distance  :  148

(PORT 1) : 6a,5,0,18,34,12,0,0,0,0,0,cc,0,6a,a,0,0,0,0,0,da,9d,a,0,0,0,0,0   TimeStamp  :  10640       Distance  :  148

(PORT 1) : 6a,5,0,18,34,12,0,0,0,0,0,cc,0,6b,a,0,0,0,0,e3,31,5c,83,0,0,0,0,0   TimeStamp  :  10928       Distance  :  148

(PORT 1) : 6a,5,0,18,34,12,0,0,0,0,0,cd,0,6c,a,0,0,0,0,64,e,d5,aa,0,0,0,0,0   TimeStamp  :  11216       Distance  :  149

(PORT 1) : 6a,5,0,18,34,12,0,0,0,0,0,cc,0,6d,a,0,0,0,0,20,98,64,37,0,0,0,0,0   TimeStamp  :  11503       Distance  :  148

(PORT 1) : 6a,5,0,18,34,12,0,0,0,0,0,cc,0,6e,a,0,0,0,0,e5,1a,12,ef,0,0,0,0,0   TimeStamp  :  11792       Distance  :  148

(PORT 1) : 6a,5,0,18,34,12,0,0,0,0,0,cc,0,6f,a,0,0,0,0,29,f5,a,3d,0,0,0,0,0   TimeStamp  :  12080       Distance  :  148

(PORT 1) : 6a,5,0,18,34,12,0,0,0,0,0,cc,0,70,a,0,0,0,0,e8,b4,b6,ec,0,0,0,0,0   TimeStamp  :  12368       Distance  :  148

(PORT 1) : 6a,5,0,18,34,12,0,0,0,0,0,cc,0,71,a,0,0,0,0,b,16,1a,48,0,0,0,0,0   TimeStamp  :  12655       Distance  :  148

(PORT 1) : 6a,5,0,18,34,12,0,0,0,0,0,cc,0,72,a,0,0,0,0,9,37,25,de,0,0,0,0,0   TimeStamp  :  12943       Distance  :  148

(PORT 1) : 6a,5,0,18,34,12,0,0,0,0,0,cc,0,73,a,0,0,0,0,6e,f9,17,bc,0,0,0,0,0   TimeStamp  :  13230       Distance  :  148

(PORT 1) : 6a,5,0,18,34,12,0,0,0,0,0,cc,0,74,a,0,0,0,0,55,24,1d,9a,0,0,0,0,0   TimeStamp  :  13518       Distance  :  148

(PORT 1) : 6a,5,0,18,34,12,0,0,0,0,0,cc,0,75,a,0,0,0,0,57,e7,bc,4,0,0,0,0,0   TimeStamp  :  13807       Distance  :  148

(PORT 1) : 6a,5,0,18,34,12,0,0,0,0,0,cd,0,76,a,0,0,0,0,ba,63,91,4,0,0,0,0,0   TimeStamp  :  14094       Distance  :  149

(PORT 1) : 6a,5,0,18,34,12,0,0,0,0,0,cc,0,77,a,0,0,0,0,4b,14,4,2c,0,0,0,0,0   TimeStamp  :  14383       Distance  :  148

(PORT 1) : 6a,5,0,18,34,12,0,0,0,0,0,cc,0,78,a,0,0,0,0,42,aa,b4,13,0,0,0,0,0   TimeStamp  :  14671       Distance  :  148

(PORT 1) : 6a,5,0,18,34,12,0,0,0,0,0,cb,0,79,a,0,0,0,0,a,74,46,48,0,0,0,0,0   TimeStamp  :  14959       Distance  :  147

(PORT 1) : 6a,5,0,18,34,12,0,0,0,0,0,cc,0,7a,a,0,0,0,0,5d,66,76,4f,0,0,0,0,0   TimeStamp  :  15247       Distance  :  148

(PORT 1) : 6a,5,0,18,34,12,0,0,0,0,0,cc,0,7b,a,0,0,0,0,a6,eb,74,f9,0,0,0,0,0   TimeStamp  :  15536       Distance  :  148

(PORT 1) : 6a,5,0,18,34,12,0,0,0,0,0,cc,0,7c,a,0,0,0,0,49,d2,f2,b6,0,0,0,0,0   TimeStamp  :  15823       Distance  :  148

(PORT 1) : 6a,5,0,18,34,12,0,0,0,0,0,cc,0,7d,a,0,0,0,0,69,f3,33,e8,0,0,0,0,0   TimeStamp  :  16112       Distance  :  148

(PORT 1) : 6a,5,0,18,34,12,0,0,0,0,0,cc,0,7e,a,0,0,0,0,b5,32,9e,27,0,0,0,0,0   TimeStamp  :  16399       Distance  :  148

(PORT 1) : 6a,5,0,18,34,12,0,0,0,0,0,cc,0,7f,a,0,0,0,0,5,c6,1e,fe,0,0,0,0,0   TimeStamp  :  16687       Distance  :  148

(PORT 1) : 6a,5,0,18,34,12,0,0,0,0,0,cc,0,80,a,0,0,0,0,90,1d,ec,ff,0,0,0,0,0   TimeStamp  :  16974       Distance  :  148

(PORT 1) : 6a,5,0,18,34,12,0,0,0,0,0,cc,0,81,a,0,0,0,0,b,d3,e1,4d,0,0,0,0,0   TimeStamp  :  17264       Distance  :  148

(PORT 1) : 6a,5,0,18,34,12,0,0,0,0,0,cc,0,82,a,0,0,0,0,49,7f,15,a2,0,0,0,0,0   TimeStamp  :  17552       Distance  :  148

(PORT 1) : 6a,5,0,18,34,12,0,0,0,0,0,cc,0,83,a,0,0,0,0,c0,2c,f0,7a,0,0,0,0,0   TimeStamp  :  17839       Distance  :  148

(PORT 1) : 6a,5,0,18,34,12,0,0,0,0,0,cc,0,84,a,0,0,0,0,16,8d,c9,a7,0,0,0,0,0   TimeStamp  :  18127       Distance  :  148

(PORT 1) : 6a,5,0,18,34,12,0,0,0,0,0,cc,0,85,a,0,0,0,0,7e,6a,7d,b8,0,0,0,0,0   TimeStamp  :  18415       Distance  :  148

(PORT 1) : 6a,5,0,18,34,12,0,0,0,0,0,cc,0,86,a,0,0,0,0,f6,c0,50,3a,0,0,0,0,0   TimeStamp  :  18704       Distance  :  148

(PORT 1) : 6a,5,0,18,34,12,0,0,0,0,0,cc,0,87,a,0,0,0,0,f4,20,ba,f0,0,0,0,0,0   TimeStamp  :  18991       Distance  :  148

(PORT 1) : 6a,5,0,18,34,12,0,0,0,0,0,cc,0,88,a,0,0,0,0,f9,54,a4,d,0,0,0,0,0   TimeStamp  :  19280       Distance  :  148

(PORT 1) : 6a,5,0,18,34,12,0,0,0,0,0,cc,0,89,a,0,0,0,0,fb,39,42,8c,0,0,0,0,0   TimeStamp  :  19567       Distance  :  148

(PORT 1) : 6a,5,0,18,34,12,0,0,0,0,0,cc,0,8a,a,0,0,0,0,c8,3b,71,6d,0,0,0,0,0   TimeStamp  :  19855       Distance  :  148

(PORT 1) : 6a,5,0,18,34,12,0,0,0,0,0,cc,0,8b,a,0,0,0,0,b1,85,f0,28,0,0,0,0,0   TimeStamp  :  20144       Distance  :  148

(PORT 1) : 6a,5,0,18,34,12,0,0,0,0,0,cb,0,8c,a,0,0,0,0,b9,84,13,7,0,0,0,0,0   TimeStamp  :  20431       Distance  :  147

(PORT 1) : 6a,5,0,18,34,12,0,0,0,0,0,cc,0,8d,a,0,0,0,0,33,63,22,9a,0,0,0,0,0   TimeStamp  :  20719       Distance  :  148

(PORT 1) : 6a,5,0,18,34,12,0,0,0,0,0,cc,0,8e,a,0,0,0,0,d3,a1,65,ff,0,0,0,0,0   TimeStamp  :  21007       Distance  :  148

(PORT 1) : 6a,5,0,18,34,12,0,0,0,0,0,cc,0,8f,a,0,0,0,0,8b,65,55,b1,0,0,0,0,0   TimeStamp  :  21295       Distance  :  148

(PORT 1) : 6a,5,0,18,34,12,0,0,0,0,0,cc,0,90,a,0,0,0,0,a6,a6,16,53,0,0,0,0,0   TimeStamp  :  21583       Distance  :  148

(PORT 1) : 6a,5,0,18,34,12,0,0,0,0,0,cc,0,91,a,0,0,0,0,90,42,ae,2c,0,0,0,0,0   TimeStamp  :  21871       Distance  :  148

(PORT 1) : 6a,5,0,18,34,12,0,0,0,0,0,ca,0,92,a,0,0,0,0,73,aa,7,fb,0,0,0,0,0   TimeStamp  :  22160       Distance  :  146

(PORT 1) : 6a,5,0,18,34,12,0,0,0,0,0,d3,0,93,a,0,0,0,0,31,28,a5,9,0,0,0,0,0   TimeStamp  :  22447       Distance  :  155

(PORT 1) : 6a,5,0,18,34,12,0,0,0,0,0,cc,0,94,a,0,0,0,0,25,ff,89,72,0,0,0,0,0   TimeStamp  :  22735       Distance  :  148

(PORT 1) : 6a,5,0,18,34,12,0,0,0,0,0,cc,0,95,a,0,0,0,0,cd,7a,4c,79,0,0,0,0,0   TimeStamp  :  23023       Distance  :  148

(PORT 1) : 6a,5,0,18,34,12,0,0,0,0,0,cc,0,96,a,0,0,0,0,a4,f7,5,b6,0,0,0,0,0   TimeStamp  :  23310       Distance  :  148

(PORT 1) : 6a,5,0,18,34,12,0,0,0,0,0,cc,0,97,a,0,0,0,0,b8,8e,d9,54,0,0,0,0,0   TimeStamp  :  23599       Distance  :  148

(PORT 1) : 6a,5,0,18,34,12,0,0,0,0,0,cd,0,98,a,0,0,0,0,73,92,53,58,0,0,0,0,0   TimeStamp  :  23886       Distance  :  149

(PORT 1) : 6a,5,0,18,34,12,0,0,0,0,0,cc,0,99,a,0,0,0,0,d3,fc,8b,1c,0,0,0,0,0   TimeStamp  :  24175       Distance  :  148

(PORT 1) : 6a,5,0,18,34,12,0,0,0,0,0,cd,0,9a,a,0,0,0,0,db,93,37,28,0,0,0,0,0   TimeStamp  :  24466       Distance  :  149

(PORT 1) : 6a,5,0,18,34,12,0,0,0,0,0,cc,0,9b,a,0,0,0,0,fe,3f,92,92,0,0,0,0,0   TimeStamp  :  24750       Distance  :  148

(PORT 1) : 6a,5,0,18,34,12,0,0,0,0,0,cc,0,9c,a,0,0,0,0,3a,fe,2c,76,0,0,0,0,0   TimeStamp  :  25039       Distance  :  148

(PORT 1) : 6a,5,0,18,34,12,0,0,0,0,0,cc,0,9d,a,0,0,0,0,2,fb,ee,50,0,0,0,0,0   TimeStamp  :  25326       Distance  :  148

(PORT 1) : 6a,5,0,18,34,12,0,0,0,0,0,cc,0,9e,a,0,0,0,0,fc,1,a2,13,0,0,0,0,0   TimeStamp  :  25615       Distance  :  148

(PORT 1) : 6a,5,0,18,34,12,0,0,0,0,0,cb,0,9f,a,0,0,0,0,7,6c,9b,5f,0,0,0,0,0   TimeStamp  :  25903       Distance  :  147

(PORT 1) : 6a,5,0,18,34,12,0,0,0,0,0,cc,0,a0,a,0,0,0,0,e3,4a,11,ff,0,0,0,0,0   TimeStamp  :  26191       Distance  :  148

(PORT 1) : 6a,5,0,18,34,12,0,0,0,0,0,cb,0,a1,a,0,0,0,0,8,63,6c,8f,0,0,0,0,0   TimeStamp  :  26481       Distance  :  147

(PORT 1) : 6a,5,0,18,34,12,0,0,0,0,0,cc,0,a2,a,0,0,0,0,a1,a8,36,96,0,0,0,0,0   TimeStamp  :  26766       Distance  :  148

(PORT 1) : 6a,5,0,18,34,12,0,0,0,0,0,cc,0,a3,a,0,0,0,0,0,6b,eb,a5,0,0,0,0,0   TimeStamp  :  27054       Distance  :  148

(PORT 1) : 6a,5,0,18,34,12,0,0,0,0,0,cc,0,a4,a,0,0,0,0,82,d,b7,a5,0,0,0,0,0   TimeStamp  :  27342       Distance  :  148

(PORT 1) : 6a,5,0,18,34,12,0,0,0,0,0,cc,0,a5,a,0,0,0,0,1b,f5,ea,9b,0,0,0,0,0   TimeStamp  :  27632       Distance  :  148

(PORT 1) : 6a,5,0,18,34,12,0,0,0,0,0,cc,0,a6,a,0,0,0,0,10,be,9e,cd,0,0,0,0,0   TimeStamp  :  27918       Distance  :  148

(PORT 1) : 6a,5,0,18,34,12,0,0,0,0,0,cc,0,a7,a,0,0,0,0,e7,98,82,ab,0,0,0,0,0   TimeStamp  :  28206       Distance  :  148

(PORT 1) : 6a,5,0,18,34,12,0,0,0,0,0,cd,0,a8,a,0,0,0,0,f3,ec,fc,a1,0,0,0,0,0   TimeStamp  :  28499       Distance  :  149

(PORT 1) : 6a,5,0,18,34,12,0,0,0,0,0,cc,0,a9,a,0,0,0,0,82,43,f6,4f,0,0,0,0,0   TimeStamp  :  28783       Distance  :  148

(PORT 1) : 6a,5,0,18,34,12,0,0,0,0,0,cc,0,aa,a,0,0,0,0,35,2c,73,ad,0,0,0,0,0   TimeStamp  :  29070       Distance  :  148

(PORT 1) : 6a,5,0,18,34,12,0,0,0,0,0,cc,0,ab,a,0,0,0,0,58,4e,72,ad,0,0,0,0,0   TimeStamp  :  29359       Distance  :  148

(PORT 1) : 6a,5,0,18,34,12,0,0,0,0,0,cc,0,ac,a,0,0,0,0,80,15,c0,fd,0,0,0,0,0   TimeStamp  :  29647       Distance  :  148

(PORT 1) : 6a,5,0,18,34,12,0,0,0,0,0,cc,0,ad,a,0,0,0,0,89,d1,0,fe,0,0,0,0,0   TimeStamp  :  29933       Distance  :  148

(PORT 1) : 6a,5,0,18,34,12,0,0,0,0,0,cd,0,ae,a,0,0,0,0,23,52,4f,be,0,0,0,0,0   TimeStamp  :  30222       Distance  :  149

(PORT 1) : 6a,5,0,18,34,12,0,0,0,0,0,cc,0,af,a,0,0,0,0,36,cc,43,91,0,0,0,0,0   TimeStamp  :  30525       Distance  :  148

(PORT 1) : 6a,5,0,18,34,12,0,0,0,0,0,cc,0,b0,a,0,0,0,0,30,f0,77,3f,0,0,0,0,0   TimeStamp  :  30800       Distance  :  148

(PORT 1) : 6a,5,0,18,34,12,0,0,0,0,0,cc,0,b1,a,0,0,0,0,88,e1,dc,ba,0,0,0,0,0   TimeStamp  :  31086       Distance  :  148

(PORT 1) : 6a,5,0,18,34,12,0,0,0,0,0,cc,0,b2,a,0,0,0,0,fb,42,a4,bb,0,0,0,0,0   TimeStamp  :  31374       Distance  :  148

(PORT 1) : 6a,5,0,18,34,12,0,0,0,0,0,cc,0,b3,a,0,0,0,0,87,1b,5c,c1,0,0,0,0,0   TimeStamp  :  31666       Distance  :  148

(PORT 1) : 6a,5,0,18,34,12,0,0,0,0,0,cc,0,b4,a,0,0,0,0,30,ec,a4,1,0,0,0,0,0   TimeStamp  :  31950       Distance  :  148

(PORT 1) : 6a,5,0,18,34,12,0,0,0,0,0,d0,0,b5,a,0,0,0,0,a8,48,15,b,0,0,0,0,0   TimeStamp  :  32238       Distance  :  152

(PORT 1) : 6a,5,0,18,34,12,0,0,0,0,0,cc,0,b6,a,0,0,0,0,39,9a,f0,ca,0,0,0,0,0   TimeStamp  :  32525       Distance  :  148

(PORT 1) : 6a,5,0,18,34,12,0,0,0,0,0,cc,0,b7,a,0,0,0,0,3a,95,5b,bc,0,0,0,0,0   TimeStamp  :  32814       Distance  :  148

(PORT 1) : 6a,5,0,18,34,12,0,0,0,0,0,cc,0,b8,a,0,0,0,0,64,d9,ea,28,0,0,0,0,0   TimeStamp  :  33102       Distance  :  148

(PORT 1) : 6a,5,0,18,34,12,0,0,0,0,0,cc,0,b9,a,0,0,0,0,85,a1,45,39,0,0,0,0,0   TimeStamp  :  33390       Distance  :  148

(PORT 1) : 6a,5,0,18,34,12,0,0,0,0,0,cc,0,ba,a,0,0,0,0,e5,12,ac,9d,0,0,0,0,0   TimeStamp  :  33679       Distance  :  148

(PORT 1) : 6a,5,0,18,34,12,0,0,0,0,0,cc,0,bb,a,0,0,0,0,2f,e,8e,12,0,0,0,0,0   TimeStamp  :  33966       Distance  :  148

(PORT 1) : 6a,5,0,18,34,12,0,0,0,0,0,cc,0,bc,a,0,0,0,0,e4,b0,df,fd,0,0,0,0,0   TimeStamp  :  34255       Distance  :  148

(PORT 1) : 6a,5,0,18,34,12,0,0,0,0,0,cc,0,bd,a,0,0,0,0,ea,78,c1,e6,0,0,0,0,0   TimeStamp  :  34542       Distance  :  148

(PORT 1) : 6a,5,0,18,34,12,0,0,0,0,0,cc,0,be,a,0,0,0,0,33,94,20,bb,0,0,0,0,0   TimeStamp  :  34830       Distance  :  148

(PORT 1) : 6a,5,0,18,34,12,0,0,0,0,0,cc,0,bf,a,0,0,0,0,b6,a8,56,bb,0,0,0,0,0   TimeStamp  :  35117       Distance  :  148

(PORT 1) : 6a,5,0,18,34,12,0,0,0,0,0,cc,0,c0,a,0,0,0,0,bb,46,e8,9a,0,0,0,0,0   TimeStamp  :  35406       Distance  :  148

(PORT 1) : 6a,5,0,18,34,12,0,0,0,0,0,cd,0,c1,a,0,0,0,0,df,ff,28,4f,0,0,0,0,0   TimeStamp  :  35694       Distance  :  149

(PORT 1) : 6a,5,0,18,34,12,0,0,0,0,0,cc,0,c2,a,0,0,0,0,76,19,66,94,0,0,0,0,0   TimeStamp  :  35982       Distance  :  148

(PORT 1) : 6a,5,0,18,34,12,0,0,0,0,0,cc,0,c3,a,0,0,0,0,91,40,31,b4,0,0,0,0,0   TimeStamp  :  36271       Distance  :  148

(PORT 1) : 6a,5,0,18,34,12,0,0,0,0,0,cc,0,c4,a,0,0,0,0,9,be,3d,16,0,0,0,0,0   TimeStamp  :  36558       Distance  :  148

(PORT 1) : 6a,5,0,18,34,12,0,0,0,0,0,cc,0,c5,a,0,0,0,0,1f,e,49,5d,0,0,0,0,0   TimeStamp  :  36846       Distance  :  148

(PORT 1) : 6a,5,0,18,34,12,0,0,0,0,0,cc,0,c6,a,0,0,0,0,3a,ad,34,fc,0,0,0,0,0   TimeStamp  :  37135       Distance  :  148

(PORT 1) : 6a,5,0,18,34,12,0,0,0,0,0,cc,0,c7,a,0,0,0,0,ee,7f,6f,e6,0,0,0,0,0   TimeStamp  :  37423       Distance  :  148

(PORT 1) : 6a,5,0,18,34,12,0,0,0,0,0,cc,0,c8,a,0,0,0,0,3d,9f,de,70,0,0,0,0,0   TimeStamp  :  37709       Distance  :  148

(PORT 1) : 6a,5,0,18,34,12,0,0,0,0,0,cc,0,c9,a,0,0,0,0,71,2c,9c,a0,0,0,0,0,0   TimeStamp  :  37998       Distance  :  148

(PORT 1) : 6a,5,0,18,34,12,0,0,0,0,0,cc,0,ca,a,0,0,0,0,12,b6,e3,8e,0,0,0,0,0   TimeStamp  :  38285       Distance  :  148

(PORT 1) : 6a,5,0,18,34,12,0,0,0,0,0,d1,0,cb,a,0,0,0,0,87,e3,81,29,0,0,0,0,0   TimeStamp  :  38574       Distance  :  153

(PORT 1) : 6a,5,0,18,34,12,0,0,0,0,0,cc,0,cc,a,0,0,0,0,9d,ed,ce,3f,0,0,0,0,0   TimeStamp  :  38861       Distance  :  148

(PORT 1) : 6a,5,0,18,34,12,0,0,0,0,0,cc,0,cd,a,0,0,0,0,c3,ff,1a,6f,0,0,0,0,0   TimeStamp  :  39149       Distance  :  148

(PORT 1) : 6a,5,0,18,34,12,0,0,0,0,0,cc,0,ce,a,0,0,0,0,e0,51,c5,ab,0,0,0,0,0   TimeStamp  :  39438       Distance  :  148

(PORT 1) : 6a,5,0,18,34,12,0,0,0,0,0,cb,0,cf,a,0,0,0,0,74,f8,14,cc,0,0,0,0,0   TimeStamp  :  39726       Distance  :  147

(PORT 1) : 6a,5,0,18,34,12,0,0,0,0,0,cc,0,d0,a,0,0,0,0,36,63,52,9e,0,0,0,0,0   TimeStamp  :  40014       Distance  :  148

(PORT 1) : 6a,5,0,18,34,12,0,0,0,0,0,cc,0,d1,a,0,0,0,0,b6,d0,2a,0,0,0,0,0,0   TimeStamp  :  40303       Distance  :  148

(PORT 1) : 6a,5,0,18,34,12,0,0,0,0,0,c3,0,d2,a,0,0,0,0,5a,2,aa,21,0,0,0,0,0   TimeStamp  :  40590       Distance  :  139

(PORT 1) : 6a,5,0,18,34,12,0,0,0,0,0,cd,0,d3,a,0,0,0,0,63,20,7c,6b,0,0,0,0,0   TimeStamp  :  40878       Distance  :  149

(PORT 1) : 6a,5,0,18,34,12,0,0,0,0,0,cc,0,d4,a,0,0,0,0,c,25,b,c5,0,0,0,0,0   TimeStamp  :  41166       Distance  :  148

(PORT 1) : 6a,5,0,18,34,12,0,0,0,0,0,cf,0,d5,a,0,0,0,0,de,b3,6f,9,0,0,0,0,0   TimeStamp  :  41455       Distance  :  151

(PORT 1) : 6a,5,0,18,34,12,0,0,0,0,0,cc,0,d6,a,0,0,0,0,29,c5,c9,c3,0,0,0,0,0   TimeStamp  :  41742       Distance  :  148

(PORT 1) : 6a,5,0,18,34,12,0,0,0,0,0,cc,0,d7,a,0,0,0,0,29,6c,af,7d,0,0,0,0,0   TimeStamp  :  42030       Distance  :  148

(PORT 1) : 6a,5,0,18,34,12,0,0,0,0,0,cd,0,d8,a,0,0,0,0,bc,7f,13,e3,0,0,0,0,0   TimeStamp  :  42319       Distance  :  149

(PORT 1) : 6a,5,0,18,34,12,0,0,0,0,0,cc,0,d9,a,0,0,0,0,f7,ac,8f,86,0,0,0,0,0   TimeStamp  :  42607       Distance  :  148

(PORT 1) : 6a,5,0,18,34,12,0,0,0,0,0,cc,0,da,a,0,0,0,0,71,45,cc,94,0,0,0,0,0   TimeStamp  :  42894       Distance  :  148

(PORT 1) : 6a,5,0,18,34,12,0,0,0,0,0,cc,0,db,a,0,0,0,0,ea,83,7b,fd,0,0,0,0,0   TimeStamp  :  43182       Distance  :  148

(PORT 1) : 6a,5,0,18,34,12,0,0,0,0,0,cc,0,dc,a,0,0,0,0,ae,8,89,6,0,0,0,0,0   TimeStamp  :  43470       Distance  :  148

(PORT 1) : 6a,5,0,18,34,12,0,0,0,0,0,cc,0,dd,a,0,0,0,0,4f,3f,d7,55,0,0,0,0,0   TimeStamp  :  43758       Distance  :  148

(PORT 1) : 6a,5,0,18,34,12,0,0,0,0,0,cc,0,de,a,0,0,0,0,18,d,f1,d1,0,0,0,0,0   TimeStamp  :  44046       Distance  :  148

(PORT 1) : 6a,5,0,18,34,12,0,0,0,0,0,cc,0,df,a,0,0,0,0,50,34,bb,e7,0,0,0,0,0   TimeStamp  :  44334       Distance  :  148

(PORT 1) : 6a,5,0,18,34,12,0,0,0,0,0,cc,0,e0,a,0,0,0,0,87,39,ba,20,0,0,0,0,0   TimeStamp  :  44621       Distance  :  148

(PORT 1) : 6a,5,0,18,34,12,0,0,0,0,0,cc,0,e1,a,0,0,0,0,a8,92,c9,7b,0,0,0,0,0   TimeStamp  :  44910       Distance  :  148

(PORT 1) : 6a,5,0,18,34,12,0,0,0,0,0,cc,0,e2,a,0,0,0,0,20,3b,ae,d6,0,0,0,0,0   TimeStamp  :  45197       Distance  :  148

(PORT 1) : 6a,5,0,18,34,12,0,0,0,0,0,cc,0,e3,a,0,0,0,0,eb,4e,a4,5d,0,0,0,0,0   TimeStamp  :  45485       Distance  :  148

(PORT 1) : 6a,5,0,18,34,12,0,0,0,0,0,cc,0,e4,a,0,0,0,0,0,d6,c9,c5,0,0,0,0,0   TimeStamp  :  45773       Distance  :  148

(PORT 1) : 6a,5,0,18,34,12,0,0,0,0,0,cc,0,e5,a,0,0,0,0,a7,b6,25,f0,0,0,0,0,0   TimeStamp  :  46062       Distance  :  148

(PORT 1) : 6a,5,0,18,34,12,0,0,0,0,0,cc,0,e6,a,0,0,0,0,a2,d7,46,c1,0,0,0,0,0   TimeStamp  :  46349       Distance  :  148

(PORT 1) : 6a,5,0,18,34,12,0,0,0,0,0,cc,0,e7,a,0,0,0,0,79,fb,71,1e,0,0,0,0,0   TimeStamp  :  46638       Distance  :  148

(PORT 1) : 6a,5,0,18,34,12,0,0,0,0,0,cc,0,e8,a,0,0,0,0,e7,93,7d,e0,0,0,0,0,0   TimeStamp  :  46926       Distance  :  148

(PORT 1) : 6a,5,0,18,34,12,0,0,0,0,0,cc,0,e9,a,0,0,0,0,1e,d5,24,10,0,0,0,0,0   TimeStamp  :  47214       Distance  :  148

(PORT 1) : 6a,5,0,18,34,12,0,0,0,0,0,cc,0,ea,a,0,0,0,0,41,35,8a,5a,0,0,0,0,0   TimeStamp  :  47502       Distance  :  148

(PORT 1) : 6a,5,0,18,34,12,0,0,0,0,0,cc,0,eb,a,0,0,0,0,fb,42,ea,5c,0,0,0,0,0   TimeStamp  :  47790       Distance  :  148

(PORT 1) : 6a,5,0,18,34,12,0,0,0,0,0,cc,0,ec,a,0,0,0,0,6,45,d,2a,0,0,0,0,0   TimeStamp  :  48078       Distance  :  148

(PORT 1) : 6a,5,0,18,34,12,0,0,0,0,0,cc,0,ed,a,0,0,0,0,85,72,d,f4,0,0,0,0,0   TimeStamp  :  48366       Distance  :  148

(PORT 1) : 6a,5,0,18,34,12,0,0,0,0,0,cc,0,ee,a,0,0,0,0,e7,1d,84,e,0,0,0,0,0   TimeStamp  :  48654       Distance  :  148

(PORT 1) : 6a,5,0,18,34,12,0,0,0,0,0,cc,0,ef,a,0,0,0,0,39,19,4d,b0,0,0,0,0,0   TimeStamp  :  48942       Distance  :  148

(PORT 1) : 6a,5,0,18,34,12,0,0,0,0,0,cd,0,f0,a,0,0,0,0,ab,2,a1,92,0,0,0,0,0   TimeStamp  :  49230       Distance  :  149

(PORT 1) : 6a,5,0,18,34,12,0,0,0,0,0,cd,0,f1,a,0,0,0,0,eb,ff,93,a0,0,0,0,0,0   TimeStamp  :  49518       Distance  :  149

(PORT 1) : 6a,5,0,18,34,12,0,0,0,0,0,cc,0,f2,a,0,0,0,0,ab,ce,26,7b,0,0,0,0,0   TimeStamp  :  49806       Distance  :  148

(PORT 1) : 6a,5,0,18,34,12,0,0,0,0,0,cc,0,f3,a,0,0,0,0,cf,bd,3f,a6,0,0,0,0,0   TimeStamp  :  50094       Distance  :  148

(PORT 1) : 6a,5,0,18,34,12,0,0,0,0,0,cc,0,f4,a,0,0,0,0,35,a0,b2,7f,0,0,0,0,0   TimeStamp  :  50382       Distance  :  148

(PORT 1) : 6a,5,0,18,34,12,0,0,0,0,0,cc,0,f5,a,0,0,0,0,b8,5b,85,fa,0,0,0,0,0   TimeStamp  :  50670       Distance  :  148

(PORT 1) : 6a,5,0,18,34,12,0,0,0,0,0,cd,0,f6,a,0,0,0,0,45,a8,5,a1,0,0,0,0,0   TimeStamp  :  50958       Distance  :  149

(PORT 1) : 6a,5,0,18,34,12,0,0,0,0,0,cc,0,f7,a,0,0,0,0,99,34,57,a5,0,0,0,0,0   TimeStamp  :  51246       Distance  :  148

(PORT 1) : 6a,5,0,18,34,12,0,0,0,0,0,cc,0,f8,a,0,0,0,0,a4,6d,7b,49,0,0,0,0,0   TimeStamp  :  51533       Distance  :  148

(PORT 1) : 6a,5,0,18,34,12,0,0,0,0,0,ca,0,f9,a,0,0,0,0,48,a8,35,b,0,0,0,0,0   TimeStamp  :  51822       Distance  :  146

(PORT 1) : 6a,5,0,18,34,12,0,0,0,0,0,cc,0,fa,a,0,0,0,0,d6,be,a4,e7,0,0,0,0,0   TimeStamp  :  52110       Distance  :  148

(PORT 1) : 6a,5,0,18,34,12,0,0,0,0,0,cc,0,fb,a,0,0,0,0,ee,b2,67,da,0,0,0,0,0   TimeStamp  :  52398       Distance  :  148

(PORT 1) : 6a,5,0,18,34,12,0,0,0,0,0,cc,0,fc,a,0,0,0,0,82,3d,42,9f,0,0,0,0,0   TimeStamp  :  52686       Distance  :  148

(PORT 1) : 6a,5,0,18,34,12,0,0,0,0,0,cc,0,fd,a,0,0,0,0,27,3c,e9,aa,0,0,0,0,0   TimeStamp  :  52974       Distance  :  148

(PORT 1) : 6a,5,0,18,34,12,0,0,0,0,0,cc,0,fe,a,0,0,0,0,6e,27,c0,c1,0,0,0,0,0   TimeStamp  :  53262       Distance  :  148

(PORT 1) : 6a,5,0,18,34,12,0,0,0,0,0,cc,0,ff,a,0,0,0,0,af,2f,f6,2c,0,0,0,0,0   TimeStamp  :  53550       Distance  :  148

(PORT 1) : 6a,5,0,18,34,12,0,0,0,0,0,cc,0,0,b,0,0,0,0,ba,40,77,58,0,0,0,0,0   TimeStamp  :  53838       Distance  :  148

(PORT 1) : 6a,5,0,18,34,12,0,0,0,0,0,cc,0,1,b,0,0,0,0,80,46,df,41,0,0,0,0,0   TimeStamp  :  54126       Distance  :  148

(PORT 1) : 6a,5,0,18,34,12,0,0,0,0,0,cc,0,2,b,0,0,0,0,c1,8b,fe,6f,0,0,0,0,0   TimeStamp  :  54413       Distance  :  148

(PORT 1) : 6a,5,0,18,34,12,0,0,0,0,0,cc,0,3,b,0,0,0,0,b1,1b,bf,b6,0,0,0,0,0   TimeStamp  :  54701       Distance  :  148

(PORT 1) : 6a,5,0,18,34,12,0,0,0,0,0,cc,0,4,b,0,0,0,0,86,59,3,1f,0,0,0,0,0   TimeStamp  :  54990       Distance  :  148

(PORT 1) : 6a,5,0,18,34,12,0,0,0,0,0,cc,0,5,b,0,0,0,0,e2,74,9d,77,0,0,0,0,0   TimeStamp  :  55277       Distance  :  148

(PORT 1) : 6a,5,0,18,34,12,0,0,0,0,0,cc,0,6,b,0,0,0,0,d2,19,cc,e6,0,0,0,0,0   TimeStamp  :  55566       Distance  :  148

(PORT 1) : 6a,5,0,18,34,12,0,0,0,0,0,cc,0,7,b,0,0,0,0,73,ca,97,29,0,0,0,0,0   TimeStamp  :  55853       Distance  :  148

(PORT 1) : 6a,5,0,18,34,12,0,0,0,0,0,cc,0,8,b,0,0,0,0,60,c8,81,40,0,0,0,0,0   TimeStamp  :  56141       Distance  :  148

(PORT 1) : 6a,5,0,18,34,12,0,0,0,0,0,d0,0,9,b,0,0,0,0,8a,6c,58,57,0,0,0,0,0   TimeStamp  :  56429       Distance  :  152

(PORT 1) : 6a,5,0,18,34,12,0,0,0,0,0,cc,0,a,b,0,0,0,0,d8,d4,2a,47,0,0,0,0,0   TimeStamp  :  56717       Distance  :  148

(PORT 1) : 6a,5,0,18,34,12,0,0,0,0,0,cc,0,b,b,0,0,0,0,59,24,0,89,0,0,0,0,0   TimeStamp  :  57006       Distance  :  148

(PORT 1) : 6a,5,0,18,34,12,0,0,0,0,0,cc,0,c,b,0,0,0,0,4a,fe,6,ad,0,0,0,0,0   TimeStamp  :  57294       Distance  :  148

(PORT 1) : 6a,5,0,18,34,12,0,0,0,0,0,cc,0,d,b,0,0,0,0,87,e1,de,5d,0,0,0,0,0   TimeStamp  :  57582       Distance  :  148

(PORT 1) : 6a,5,0,18,34,12,0,0,0,0,0,cc,0,e,b,0,0,0,0,6d,a4,50,79,0,0,0,0,0   TimeStamp  :  57870       Distance  :  148

(PORT 1) : 6a,5,0,18,34,12,0,0,0,0,0,cc,0,f,b,0,0,0,0,6,ba,ec,fe,0,0,0,0,0   TimeStamp  :  58158       Distance  :  148

(PORT 1) : 6a,5,0,18,34,12,0,0,0,0,0,cc,0,10,b,0,0,0,0,9,62,9e,77,0,0,0,0,0   TimeStamp  :  58445       Distance  :  148

(PORT 1) : 6a,5,0,18,34,12,0,0,0,0,0,cc,0,11,b,0,0,0,0,bc,e2,d6,2f,0,0,0,0,0   TimeStamp  :  58734       Distance  :  148

(PORT 1) : 6a,5,0,18,34,12,0,0,0,0,0,cc,0,12,b,0,0,0,0,bd,5d,2d,3a,0,0,0,0,0   TimeStamp  :  59022       Distance  :  148

(PORT 1) : 6a,5,0,18,34,12,0,0,0,0,0,cc,0,13,b,0,0,0,0,a7,57,4c,54,0,0,0,0,0   TimeStamp  :  59310       Distance  :  148

(PORT 1) : 6a,5,0,18,34,12,0,0,0,0,0,cc,0,14,b,0,0,0,0,d0,63,70,95,0,0,0,0,0   TimeStamp  :  59597       Distance  :  148

(PORT 1) : 6a,5,0,18,34,12,0,0,0,0,0,cc,0,15,b,0,0,0,0,1d,7f,97,43,0,0,0,0,0   TimeStamp  :  59886       Distance  :  148

(PORT 1) : 6a,5,0,18,34,12,0,0,0,0,0,cc,0,16,b,0,0,0,0,c6,6b,cc,d1,0,0,0,0,0   TimeStamp  :  60172       Distance  :  148

(PORT 1) : 6a,5,0,18,34,12,0,0,0,0,0,cc,0,17,b,0,0,0,0,9d,44,97,21,0,0,0,0,0   TimeStamp  :  60460       Distance  :  148

(PORT 1) : 6a,5,0,18,34,12,0,0,0,0,0,cc,0,18,b,0,0,0,0,98,1,c6,95,0,0,0,0,0   TimeStamp  :  60753       Distance  :  148

(PORT 1) : 6a,5,0,18,34,12,0,0,0,0,0,cc,0,19,b,0,0,0,0,fd,b,41,7f,0,0,0,0,0   TimeStamp  :  61037       Distance  :  148

(PORT 1) : 6a,5,0,18,34,12,0,0,0,0,0,cc,0,1a,b,0,0,0,0,1a,89,c9,5b,0,0,0,0,0   TimeStamp  :  61325       Distance  :  148

(PORT 1) : 6a,5,0,18,34,12,0,0,0,0,0,cc,0,1b,b,0,0,0,0,9d,1b,c,f3,0,0,0,0,0   TimeStamp  :  61613       Distance  :  148

(PORT 1) : 6a,5,0,18,34,12,0,0,0,0,0,cc,0,1c,b,0,0,0,0,1f,fc,91,7f,0,0,0,0,0   TimeStamp  :  61901       Distance  :  148
