
(PORT 1) : 6a,5,0,18,34,12,0,0,0,0,0,e1,0,db,b,0,0,0,0,12,bb,cd,ba,0,0,0,0,0   TimeStamp  :  116927       Distance  :  169

(PORT 1) : 6a,5,0,18,34,12,0,0,0,0,0,e6,0,dc,b,0,0,0,0,f9,fd,d0,46,0,0,0,0,0   TimeStamp  :  117216       Distance  :  174

(PORT 1) : 6a,5,0,18,34,12,0,0,0,0,0,e1,0,dd,b,0,0,0,0,68,87,a4,c3,0,0,0,0,0   TimeStamp  :  117504       Distance  :  169

(PORT 1) : 6a,5,0,18,34,12,0,0,0,0,0,e1,0,de,b,0,0,0,0,ae,c2,d1,80,0,0,0,0,0   TimeStamp  :  117792       Distance  :  169

(PORT 1) : 6a,5,0,18,34,12,0,0,0,0,0,e0,0,df,b,0,0,0,0,dd,b,40,95,0,0,0,0,0   TimeStamp  :  118080       Distance  :  168

(PORT 1) : 6a,5,0,18,34,12,0,0,0,0,0,e0,0,e0,b,0,0,0,0,24,ff,da,87,0,0,0,0,0   TimeStamp  :  278       Distance  :  168

(PORT 1) : 6a,5,0,18,34,12,0,0,0,0,0,e1,0,e1,b,0,0,0,0,3b,c8,38,c0,0,0,0,0,0   TimeStamp  :  566       Distance  :  169

(PORT 1) : 6a,5,0,18,34,12,0,0,0,0,0,e0,0,e2,b,0,0,0,0,f4,8f,b0,21,0,0,0,0,0   TimeStamp  :  854       Distance  :  168

(PORT 1) : 6a,5,0,18,34,12,0,0,0,0,0,e1,0,e3,b,0,0,0,0,36,81,f5,f8,0,0,0,0,0   TimeStamp  :  1142       Distance  :  169

(PORT 1) : 6a,5,0,18,34,12,0,0,0,0,0,e1,0,e4,b,0,0,0,0,60,3d,8f,d6,0,0,0,0,0   TimeStamp  :  1430       Distance  :  169

(PORT 1) : 6a,5,0,18,34,12,0,0,0,0,0,e0,0,e5,b,0,0,0,0,3a,3d,ea,42,0,0,0,0,0   TimeStamp  :  1718       Distance  :  168

(PORT 1) : 6a,5,0,18,34,12,0,0,0,0,0,e2,0,e6,b,0,0,0,0,36,cc,41,75,0,0,0,0,0   TimeStamp  :  2006       Distance  :  170

(PORT 1) : 6a,5,0,18,34,12,0,0,0,0,0,e1,0,e7,b,0,0,0,0,11,b7,f0,27,0,0,0,0,0   TimeStamp  :  2294       Distance  :  169

(PORT 1) : 6a,5,0,18,34,12,0,0,0,0,0,e0,0,e8,b,0,0,0,0,f6,14,54,1f,0,0,0,0,0   TimeStamp  :  2582       Distance  :  168

(PORT 1) : 6a,5,0,18,34,12,0,0,0,1,0,ff,ff,e9,b,0,0,0,0,c4,99,9d,87,8b,0,0,0,0   TimeStamp  :  2870       Distance  :  65535

(PORT 1) : 6a,5,0,18,34,12,0,0,0,0,0,e1,0,ea,b,0,0,0,0,2,5f,62,af,0,0,0,0,0   TimeStamp  :  3158       Distance  :  169

(PORT 1) : 6a,5,0,18,34,12,0,0,0,0,0,e1,0,eb,b,0,0,0,0,20,30,fe,35,0,0,0,0,0   TimeStamp  :  3446       Distance  :  169

(PORT 1) : 6a,5,0,18,34,12,0,0,0,0,0,e1,0,ec,b,0,0,0,0,c,6b,50,77,0,0,0,0,0   TimeStamp  :  3734       Distance  :  169

(PORT 1) : 6a,5,0,18,34,12,0,0,0,0,0,e0,0,ed,b,0,0,0,0,28,9a,5c,f1,0,0,0,0,0   TimeStamp  :  4022       Distance  :  168

(PORT 1) : 6a,5,0,18,34,12,0,0,0,0,0,e1,0,ee,b,0,0,0,0,8a,df,41,8b,0,0,0,0,0   TimeStamp  :  4310       Distance  :  169

(PORT 1) : 6a,5,0,18,34,12,0,0,0,0,0,df,0,ef,b,0,0,0,0,88,99,a1,f8,0,0,0,0,0   TimeStamp  :  4598       Distance  :  167

(PORT 1) : 6a,5,0,18,34,12,0,0,0,0,0,e0,0,f0,b,0,0,0,0,db,21,5c,a3,0,0,0,0,0   TimeStamp  :  4886       Distance  :  168

(PORT 1) : 6a,5,0,18,34,12,0,0,0,0,0,e0,0,f1,b,0,0,0,0,2a,b7,7b,76,0,0,0,0,0   TimeStamp  :  5173       Distance  :  168

(PORT 1) : 6a,5,0,18,34,12,0,0,0,0,0,e1,0,f2,b,0,0,0,0,5c,16,51,7a,0,0,0,0,0   TimeStamp  :  5462       Distance  :  169

(PORT 1) : 6a,5,0,18,34,12,0,0,0,0,0,e1,0,f3,b,0,0,0,0,f3,44,cd,d5,0,0,0,0,0   TimeStamp  :  5750       Distance  :  169

(PORT 1) : 6a,5,0,18,34,12,0,0,0,0,0,e1,0,f4,b,0,0,0,0,f5,bc,7e,b4,0,0,0,0,0   TimeStamp  :  6038       Distance  :  169

(PORT 1) : 6a,5,0,18,34,12,0,0,0,0,0,e1,0,f5,b,0,0,0,0,a6,36,df,68,0,0,0,0,0   TimeStamp  :  6326       Distance  :  169

(PORT 1) : 6a,5,0,18,34,12,0,0,0,0,0,e1,0,f6,b,0,0,0,0,14,e0,d1,31,0,0,0,0,0   TimeStamp  :  6614       Distance  :  169

(PORT 1) : 6a,5,0,18,34,12,0,0,0,0,0,e0,0,f7,b,0,0,0,0,d2,34,64,f5,0,0,0,0,0   TimeStamp  :  6903       Distance  :  168

(PORT 1) : 6a,5,0,18,34,12,0,0,0,0,0,e1,0,f8,b,0,0,0,0,24,bc,7f,bc,0,0,0,0,0   TimeStamp  :  7190       Distance  :  169

(PORT 1) : 6a,5,0,18,34,12,0,0,0,0,0,e1,0,f9,b,0,0,0,0,1c,14,5,d9,0,0,0,0,0   TimeStamp  :  7479       Distance  :  169

(PORT 1) : 6a,5,0,18,34,12,0,0,0,0,0,e0,0,fa,b,0,0,0,0,4f,52,2b,84,0,0,0,0,0   TimeStamp  :  7767       Distance  :  168

(PORT 1) : 6a,5,0,18,34,12,0,0,0,0,0,de,0,fb,b,0,0,0,0,3c,87,d3,4b,0,0,0,0,0   TimeStamp  :  8054       Distance  :  166

(PORT 1) : 6a,5,0,18,34,12,0,0,0,0,0,e1,0,fc,b,0,0,0,0,28,c3,48,90,0,0,0,0,0   TimeStamp  :  8343       Distance  :  169

(PORT 1) : 6a,5,0,18,34,12,0,0,0,0,0,e0,0,fd,b,0,0,0,0,9f,b5,3,a2,0,0,0,0,0   TimeStamp  :  8630       Distance  :  168

(PORT 1) : 6a,5,0,18,34,12,0,0,0,0,0,de,0,fe,b,0,0,0,0,8f,a1,95,87,0,0,0,0,0   TimeStamp  :  8917       Distance  :  166

(PORT 1) : 6a,5,0,18,34,12,0,0,0,0,0,e2,0,ff,b,0,0,0,0,bc,cf,27,61,0,0,0,0,0   TimeStamp  :  9207       Distance  :  170

(PORT 1) : 6a,5,0,18,34,12,0,0,0,0,0,e0,0,0,c,0,0,0,0,80,58,a0,f6,0,0,0,0,0   TimeStamp  :  9494       Distance  :  168

(PORT 1) : 6a,5,0,18,34,12,0,0,0,0,0,e1,0,1,c,0,0,0,0,84,b3,82,d3,0,0,0,0,0   TimeStamp  :  9782       Distance  :  169

(PORT 1) : 6a,5,0,18,34,12,0,0,0,0,0,e1,0,2,c,0,0,0,0,56,dc,18,68,0,0,0,0,0   TimeStamp  :  10070       Distance  :  169

(PORT 1) : 6a,5,0,18,34,12,0,0,0,0,0,e1,0,3,c,0,0,0,0,5,5a,d7,1c,0,0,0,0,0   TimeStamp  :  10359       Distance  :  169

(PORT 1) : 6a,5,0,18,34,12,0,0,0,0,0,e2,0,4,c,0,0,0,0,66,7e,ec,34,0,0,0,0,0   TimeStamp  :  10646       Distance  :  170

(PORT 1) : 6a,5,0,18,34,12,0,0,0,0,0,e2,0,5,c,0,0,0,0,bf,e3,d0,77,0,0,0,0,0   TimeStamp  :  10933       Distance  :  170

(PORT 1) : 6a,5,0,18,34,12,0,0,0,0,0,e0,0,6,c,0,0,0,0,b1,f2,47,5d,0,0,0,0,0   TimeStamp  :  11222       Distance  :  168

(PORT 1) : 6a,5,0,18,34,12,0,0,0,0,0,e0,0,7,c,0,0,0,0,5d,23,6e,cf,0,0,0,0,0   TimeStamp  :  11510       Distance  :  168

(PORT 1) : 6a,5,0,18,34,12,0,0,0,0,0,e1,0,8,c,0,0,0,0,5c,9d,df,9f,0,0,0,0,0   TimeStamp  :  11798       Distance  :  169

(PORT 1) : 6a,5,0,18,34,12,0,0,0,0,0,e1,0,9,c,0,0,0,0,c6,f7,c0,cf,0,0,0,0,0   TimeStamp  :  12086       Distance  :  169

(PORT 1) : 6a,5,0,18,34,12,0,0,0,0,0,e1,0,a,c,0,0,0,0,d4,a3,58,6f,0,0,0,0,0   TimeStamp  :  12374       Distance  :  169

(PORT 1) : 6a,5,0,18,34,12,0,0,0,0,0,e0,0,b,c,0,0,0,0,64,f7,a9,f6,0,0,0,0,0   TimeStamp  :  12662       Distance  :  168

(PORT 1) : 6a,5,0,18,34,12,0,0,0,0,0,e0,0,c,c,0,0,0,0,59,c8,8a,4e,0,0,0,0,0   TimeStamp  :  12949       Distance  :  168

(PORT 1) : 6a,5,0,18,34,12,0,0,0,0,0,e1,0,d,c,0,0,0,0,20,85,87,62,0,0,0,0,0   TimeStamp  :  13238       Distance  :  169

(PORT 1) : 6a,5,0,18,34,12,0,0,0,0,0,e0,0,e,c,0,0,0,0,c8,e9,32,88,0,0,0,0,0   TimeStamp  :  13526       Distance  :  168

(PORT 1) : 6a,5,0,18,34,12,0,0,0,0,0,e0,0,f,c,0,0,0,0,b7,cd,6e,7a,0,0,0,0,0   TimeStamp  :  13814       Distance  :  168

(PORT 1) : 6a,5,0,18,34,12,0,0,0,0,0,df,0,10,c,0,0,0,0,7c,41,9a,32,0,0,0,0,0   TimeStamp  :  14101       Distance  :  167

(PORT 1) : 6a,5,0,18,34,12,0,0,0,0,0,df,0,11,c,0,0,0,0,9a,49,f4,4d,0,0,0,0,0   TimeStamp  :  14390       Distance  :  167

(PORT 1) : 6a,5,0,18,34,12,0,0,0,0,0,e1,0,12,c,0,0,0,0,ec,5b,73,ad,0,0,0,0,0   TimeStamp  :  14678       Distance  :  169

(PORT 1) : 6a,5,0,18,34,12,0,0,0,0,0,e2,0,13,c,0,0,0,0,d1,8f,b4,d2,0,0,0,0,0   TimeStamp  :  14966       Distance  :  170

(PORT 1) : 6a,5,0,18,34,12,0,0,0,0,0,e1,0,14,c,0,0,0,0,2c,e,b0,e3,0,0,0,0,0   TimeStamp  :  15254       Distance  :  169

(PORT 1) : 6a,5,0,18,34,12,0,0,0,0,0,e4,0,15,c,0,0,0,0,b4,5e,ae,a4,0,0,0,0,0   TimeStamp  :  15542       Distance  :  172

(PORT 1) : 6a,5,0,18,34,12,0,0,0,0,0,e0,0,16,c,0,0,0,0,7c,8f,b0,25,0,0,0,0,0   TimeStamp  :  15830       Distance  :  168

(PORT 1) : 6a,5,0,18,34,12,0,0,0,0,0,e1,0,17,c,0,0,0,0,96,18,b9,f2,0,0,0,0,0   TimeStamp  :  16118       Distance  :  169

(PORT 1) : 6a,5,0,18,34,12,0,0,0,0,0,e1,0,18,c,0,0,0,0,c4,48,af,13,0,0,0,0,0   TimeStamp  :  16406       Distance  :  169

(PORT 1) : 6a,5,0,18,34,12,0,0,0,0,0,e0,0,19,c,0,0,0,0,30,17,9,e4,0,0,0,0,0   TimeStamp  :  16694       Distance  :  168

(PORT 1) : 6a,5,0,18,34,12,0,0,0,0,0,e1,0,1a,c,0,0,0,0,72,51,36,83,0,0,0,0,0   TimeStamp  :  16982       Distance  :  169

(PORT 1) : 6a,5,0,18,34,12,0,0,0,0,0,e1,0,1b,c,0,0,0,0,7b,be,f9,48,0,0,0,0,0   TimeStamp  :  17270       Distance  :  169

(PORT 1) : 6a,5,0,18,34,12,0,0,0,0,0,e0,0,1c,c,0,0,0,0,0,d2,5a,28,0,0,0,0,0   TimeStamp  :  17558       Distance  :  168

(PORT 1) : 6a,5,0,18,34,12,0,0,0,0,0,e1,0,1d,c,0,0,0,0,40,50,cc,18,0,0,0,0,0   TimeStamp  :  17846       Distance  :  169

(PORT 1) : 6a,5,0,18,34,12,0,0,0,0,0,e1,0,1e,c,0,0,0,0,b,de,2c,21,0,0,0,0,0   TimeStamp  :  18134       Distance  :  169

(PORT 1) : 6a,5,0,18,34,12,0,0,0,0,0,e0,0,1f,c,0,0,0,0,8a,bb,6e,2b,0,0,0,0,0   TimeStamp  :  18422       Distance  :  168

(PORT 1) : 6a,5,0,18,34,12,0,0,0,0,0,e0,0,20,c,0,0,0,0,af,99,61,53,0,0,0,0,0   TimeStamp  :  18709       Distance  :  168

(PORT 1) : 6a,5,0,18,34,12,0,0,0,0,0,e1,0,21,c,0,0,0,0,b2,e,d,7e,0,0,0,0,0   TimeStamp  :  18998       Distance  :  169

(PORT 1) : 6a,5,0,18,34,12,0,0,0,0,0,df,0,22,c,0,0,0,0,49,4f,ff,f5,0,0,0,0,0   TimeStamp  :  19286       Distance  :  167

(PORT 1) : 6a,5,0,18,34,12,0,0,0,0,0,e2,0,23,c,0,0,0,0,d0,f9,5,2a,0,0,0,0,0   TimeStamp  :  19574       Distance  :  170

(PORT 1) : 6a,5,0,18,34,12,0,0,0,0,0,df,0,24,c,0,0,0,0,a8,1b,c2,c2,0,0,0,0,0   TimeStamp  :  19861       Distance  :  167

(PORT 1) : 6a,5,0,18,34,12,0,0,0,0,0,e1,0,25,c,0,0,0,0,3,a0,23,67,0,0,0,0,0   TimeStamp  :  20150       Distance  :  169

(PORT 1) : 6a,5,0,18,34,12,0,0,0,0,0,e1,0,26,c,0,0,0,0,8e,17,91,87,0,0,0,0,0   TimeStamp  :  20438       Distance  :  169

(PORT 1) : 6a,5,0,18,34,12,0,0,0,0,0,e0,0,27,c,0,0,0,0,a8,6c,eb,bb,0,0,0,0,0   TimeStamp  :  20726       Distance  :  168

(PORT 1) : 6a,5,0,18,34,12,0,0,0,0,0,e1,0,28,c,0,0,0,0,9e,2a,f9,90,0,0,0,0,0   TimeStamp  :  21013       Distance  :  169

(PORT 1) : 6a,5,0,18,34,12,0,0,0,0,0,e1,0,29,c,0,0,0,0,47,3,bd,d3,0,0,0,0,0   TimeStamp  :  21302       Distance  :  169

(PORT 1) : 6a,5,0,18,34,12,0,0,0,0,0,e0,0,2a,c,0,0,0,0,a2,87,8,5f,0,0,0,0,0   TimeStamp  :  21590       Distance  :  168

(PORT 1) : 6a,5,0,18,34,12,0,0,0,0,0,e0,0,2b,c,0,0,0,0,8d,a4,c0,11,0,0,0,0,0   TimeStamp  :  21878       Distance  :  168

(PORT 1) : 6a,5,0,18,34,12,0,0,0,0,0,ee,0,2c,c,0,0,0,0,aa,16,eb,af,0,0,0,0,0   TimeStamp  :  22166       Distance  :  182

(PORT 1) : 6a,5,0,18,34,12,0,0,0,0,0,e0,0,2d,c,0,0,0,0,fe,c8,1c,53,0,0,0,0,0   TimeStamp  :  22454       Distance  :  168

(PORT 1) : 6a,5,0,18,34,12,0,0,0,0,0,e1,0,2e,c,0,0,0,0,e9,6b,3d,57,0,0,0,0,0   TimeStamp  :  22741       Distance  :  169

(PORT 1) : 6a,5,0,18,34,12,0,0,0,0,0,df,0,2f,c,0,0,0,0,64,71,be,c2,0,0,0,0,0   TimeStamp  :  23029       Distance  :  167

(PORT 1) : 6a,5,0,18,34,12,0,0,0,0,0,e0,0,30,c,0,0,0,0,72,24,1d,f3,0,0,0,0,0   TimeStamp  :  23317       Distance  :  168

(PORT 1) : 6a,5,0,18,34,12,0,0,0,0,0,e1,0,31,c,0,0,0,0,2,84,dd,bd,0,0,0,0,0   TimeStamp  :  23608       Distance  :  169

(PORT 1) : 6a,5,0,18,34,12,0,0,0,0,0,e1,0,32,c,0,0,0,0,24,13,a3,c8,0,0,0,0,0   TimeStamp  :  23893       Distance  :  169

(PORT 1) : 6a,5,0,18,34,12,0,0,0,0,0,df,0,33,c,0,0,0,0,da,c8,bc,cf,0,0,0,0,0   TimeStamp  :  24181       Distance  :  167

(PORT 1) : 6a,5,0,18,34,12,0,0,0,0,0,e2,0,34,c,0,0,0,0,32,c7,5,81,0,0,0,0,0   TimeStamp  :  24469       Distance  :  170

(PORT 1) : 6a,5,0,18,34,12,0,0,0,0,0,e0,0,35,c,0,0,0,0,f3,d9,e9,cc,0,0,0,0,0   TimeStamp  :  24758       Distance  :  168

(PORT 1) : 6a,5,0,18,34,12,0,0,0,0,0,e1,0,36,c,0,0,0,0,92,6c,9b,45,0,0,0,0,0   TimeStamp  :  25045       Distance  :  169

(PORT 1) : 6a,5,0,18,34,12,0,0,0,0,0,e1,0,37,c,0,0,0,0,9b,1d,f7,71,0,0,0,0,0   TimeStamp  :  25333       Distance  :  169

(PORT 1) : 6a,5,0,18,34,12,0,0,0,0,0,e0,0,38,c,0,0,0,0,1a,fd,d6,60,0,0,0,0,0   TimeStamp  :  25621       Distance  :  168

(PORT 1) : 6a,5,0,18,34,12,0,0,0,0,0,d6,0,39,c,0,0,0,0,13,41,b8,aa,0,0,0,0,0   TimeStamp  :  25909       Distance  :  158

(PORT 1) : 6a,5,0,18,34,12,0,0,0,0,0,e2,0,3a,c,0,0,0,0,50,82,3c,fd,0,0,0,0,0   TimeStamp  :  26197       Distance  :  170

(PORT 1) : 6a,5,0,18,34,12,0,0,0,0,0,e1,0,3b,c,0,0,0,0,ae,c7,77,82,0,0,0,0,0   TimeStamp  :  26485       Distance  :  169

(PORT 1) : 6a,5,0,18,34,12,0,0,0,0,0,e4,0,3c,c,0,0,0,0,9a,74,cd,af,0,0,0,0,0   TimeStamp  :  26773       Distance  :  172

(PORT 1) : 6a,5,0,18,34,12,0,0,0,0,0,e1,0,3d,c,0,0,0,0,57,89,e8,33,0,0,0,0,0   TimeStamp  :  27061       Distance  :  169

(PORT 1) : 6a,5,0,18,34,12,0,0,0,0,0,df,0,3e,c,0,0,0,0,7a,84,9b,24,0,0,0,0,0   TimeStamp  :  27348       Distance  :  167

(PORT 1) : 6a,5,0,18,34,12,0,0,0,0,0,e1,0,3f,c,0,0,0,0,53,b4,49,f7,0,0,0,0,0   TimeStamp  :  27637       Distance  :  169

(PORT 1) : 6a,5,0,18,34,12,0,0,0,0,0,e0,0,40,c,0,0,0,0,3c,c2,b2,e1,0,0,0,0,0   TimeStamp  :  27924       Distance  :  168

(PORT 1) : 6a,5,0,18,34,12,0,0,0,0,0,e0,0,41,c,0,0,0,0,87,91,f,34,0,0,0,0,0   TimeStamp  :  28212       Distance  :  168

(PORT 1) : 6a,5,0,18,34,12,0,0,0,0,0,e2,0,42,c,0,0,0,0,fa,ad,d1,79,0,0,0,0,0   TimeStamp  :  28501       Distance  :  170

(PORT 1) : 6a,5,0,18,34,12,0,0,0,0,0,e1,0,43,c,0,0,0,0,c0,7b,4,3f,0,0,0,0,0   TimeStamp  :  28791       Distance  :  169

(PORT 1) : 6a,5,0,18,34,12,0,0,0,0,0,e1,0,44,c,0,0,0,0,4c,36,26,23,0,0,0,0,0   TimeStamp  :  29076       Distance  :  169

(PORT 1) : 6a,5,0,18,34,12,0,0,0,0,0,e1,0,45,c,0,0,0,0,c3,37,79,0,0,0,0,0,0   TimeStamp  :  29365       Distance  :  169

(PORT 1) : 6a,5,0,18,34,12,0,0,0,0,0,e2,0,46,c,0,0,0,0,35,d7,74,ab,0,0,0,0,0   TimeStamp  :  29652       Distance  :  170

(PORT 1) : 6a,5,0,18,34,12,0,0,0,0,0,e0,0,47,c,0,0,0,0,7a,c5,ac,a7,0,0,0,0,0   TimeStamp  :  29941       Distance  :  168

(PORT 1) : 6a,5,0,18,34,12,0,0,0,0,0,e1,0,48,c,0,0,0,0,da,cd,97,e7,0,0,0,0,0   TimeStamp  :  30228       Distance  :  169

(PORT 1) : 6a,5,0,18,34,12,0,0,0,0,0,e1,0,49,c,0,0,0,0,52,62,f4,56,0,0,0,0,0   TimeStamp  :  30516       Distance  :  169

(PORT 1) : 6a,5,0,18,34,12,0,0,0,0,0,e1,0,4a,c,0,0,0,0,a0,7,9e,38,0,0,0,0,0   TimeStamp  :  30807       Distance  :  169

(PORT 1) : 6a,5,0,18,34,12,0,0,0,0,0,e0,0,4b,c,0,0,0,0,6f,26,81,0,0,0,0,0,0   TimeStamp  :  31092       Distance  :  168

(PORT 1) : 6a,5,0,18,34,12,0,0,0,0,0,e0,0,4c,c,0,0,0,0,e2,84,3c,26,0,0,0,0,0   TimeStamp  :  31380       Distance  :  168

(PORT 1) : 6a,5,0,18,34,12,0,0,0,0,0,e1,0,4d,c,0,0,0,0,a,81,b5,f1,0,0,0,0,0   TimeStamp  :  31668       Distance  :  169

(PORT 1) : 6a,5,0,18,34,12,0,0,0,0,0,e0,0,4e,c,0,0,0,0,48,5c,82,b7,0,0,0,0,0   TimeStamp  :  31957       Distance  :  168

(PORT 1) : 6a,5,0,18,34,12,0,0,0,0,0,e1,0,4f,c,0,0,0,0,86,8c,e0,6e,0,0,0,0,0   TimeStamp  :  32244       Distance  :  169

(PORT 1) : 6a,5,0,18,34,12,0,0,0,0,0,e1,0,50,c,0,0,0,0,f5,4,ed,b7,0,0,0,0,0   TimeStamp  :  32533       Distance  :  169

(PORT 1) : 6a,5,0,18,34,12,0,0,0,0,0,e1,0,51,c,0,0,0,0,aa,5f,ea,14,0,0,0,0,0   TimeStamp  :  32821       Distance  :  169

(PORT 1) : 6a,5,0,18,34,12,0,0,0,0,0,e0,0,52,c,0,0,0,0,f8,1a,e9,f,0,0,0,0,0   TimeStamp  :  33109       Distance  :  168

(PORT 1) : 6a,5,0,18,34,12,0,0,0,0,0,e2,0,53,c,0,0,0,0,ba,6,7e,5e,0,0,0,0,0   TimeStamp  :  33397       Distance  :  170

(PORT 1) : 6a,5,0,18,34,12,0,0,0,0,0,e0,0,54,c,0,0,0,0,47,d4,94,b5,0,0,0,0,0   TimeStamp  :  33685       Distance  :  168

(PORT 1) : 6a,5,0,18,34,12,0,0,0,0,0,e0,0,55,c,0,0,0,0,30,91,e,b0,0,0,0,0,0   TimeStamp  :  33973       Distance  :  168

(PORT 1) : 6a,5,0,18,34,12,0,0,0,0,0,e1,0,56,c,0,0,0,0,36,98,b7,82,0,0,0,0,0   TimeStamp  :  34261       Distance  :  169

(PORT 1) : 6a,5,0,18,34,12,0,0,0,0,0,e0,0,57,c,0,0,0,0,ee,c4,11,7f,0,0,0,0,0   TimeStamp  :  34549       Distance  :  168

(PORT 1) : 6a,5,0,18,34,12,0,0,0,0,0,e1,0,58,c,0,0,0,0,e3,f8,4,64,0,0,0,0,0   TimeStamp  :  34836       Distance  :  169

(PORT 1) : 6a,5,0,18,34,12,0,0,0,0,0,e1,0,59,c,0,0,0,0,6f,83,42,92,0,0,0,0,0   TimeStamp  :  35125       Distance  :  169

(PORT 1) : 6a,5,0,18,34,12,0,0,0,0,0,e2,0,5a,c,0,0,0,0,71,80,5a,6a,0,0,0,0,0   TimeStamp  :  35413       Distance  :  170

(PORT 1) : 6a,5,0,18,34,12,0,0,0,0,0,e0,0,5b,c,0,0,0,0,b9,26,91,b4,0,0,0,0,0   TimeStamp  :  35701       Distance  :  168

(PORT 1) : 6a,5,0,18,34,12,0,0,0,0,0,e0,0,5c,c,0,0,0,0,be,25,8e,27,0,0,0,0,0   TimeStamp  :  35989       Distance  :  168

(PORT 1) : 6a,5,0,18,34,12,0,0,0,0,0,e1,0,5d,c,0,0,0,0,fc,51,bc,b1,0,0,0,0,0   TimeStamp  :  36277       Distance  :  169

(PORT 1) : 6a,5,0,18,34,12,0,0,0,0,0,e1,0,5e,c,0,0,0,0,b9,a9,61,e9,0,0,0,0,0   TimeStamp  :  36565       Distance  :  169

(PORT 1) : 6a,5,0,18,34,12,0,0,0,0,0,e1,0,5f,c,0,0,0,0,87,8e,ae,2c,0,0,0,0,0   TimeStamp  :  36853       Distance  :  169

(PORT 1) : 6a,5,0,18,34,12,0,0,0,0,0,e1,0,60,c,0,0,0,0,a4,97,df,c6,0,0,0,0,0   TimeStamp  :  37141       Distance  :  169

(PORT 1) : 6a,5,0,18,34,12,0,0,0,0,0,df,0,61,c,0,0,0,0,ea,7d,4,62,0,0,0,0,0   TimeStamp  :  37429       Distance  :  167

(PORT 1) : 6a,5,0,18,34,12,0,0,0,0,0,e6,0,62,c,0,0,0,0,99,28,c3,db,0,0,0,0,0   TimeStamp  :  37717       Distance  :  174

(PORT 1) : 6a,5,0,18,34,12,0,0,0,0,0,e1,0,63,c,0,0,0,0,fe,17,3e,7d,0,0,0,0,0   TimeStamp  :  38005       Distance  :  169

(PORT 1) : 6a,5,0,18,34,12,0,0,0,0,0,e0,0,64,c,0,0,0,0,9,dc,b1,10,0,0,0,0,0   TimeStamp  :  38293       Distance  :  168

(PORT 1) : 6a,5,0,18,34,12,0,0,0,0,0,e3,0,65,c,0,0,0,0,d3,2f,d1,b0,0,0,0,0,0   TimeStamp  :  38581       Distance  :  171

(PORT 1) : 6a,5,0,18,34,12,0,0,0,0,0,e0,0,66,c,0,0,0,0,8e,6,f3,a0,0,0,0,0,0   TimeStamp  :  38869       Distance  :  168

(PORT 1) : 6a,5,0,18,34,12,0,0,0,0,0,e1,0,67,c,0,0,0,0,c1,8e,41,d2,0,0,0,0,0   TimeStamp  :  39156       Distance  :  169

(PORT 1) : 6a,5,0,18,34,12,0,0,0,0,0,e1,0,68,c,0,0,0,0,d,c4,e,2a,0,0,0,0,0   TimeStamp  :  39445       Distance  :  169

(PORT 1) : 6a,5,0,18,34,12,0,0,0,0,0,df,0,69,c,0,0,0,0,6d,ea,bb,1,0,0,0,0,0   TimeStamp  :  39732       Distance  :  167

(PORT 1) : 6a,5,0,18,34,12,0,0,0,0,0,e0,0,6a,c,0,0,0,0,28,6b,34,79,0,0,0,0,0   TimeStamp  :  40021       Distance  :  168

(PORT 1) : 6a,5,0,18,34,12,0,0,0,0,0,e1,0,6b,c,0,0,0,0,c4,fa,a6,e2,0,0,0,0,0   TimeStamp  :  40309       Distance  :  169

(PORT 1) : 6a,5,0,18,34,12,0,0,0,0,0,e0,0,6c,c,0,0,0,0,9d,18,e,22,0,0,0,0,0   TimeStamp  :  40597       Distance  :  168

(PORT 1) : 6a,5,0,18,34,12,0,0,0,0,0,e0,0,6d,c,0,0,0,0,e6,35,f3,a4,0,0,0,0,0   TimeStamp  :  40884       Distance  :  168

(PORT 1) : 6a,5,0,18,34,12,0,0,0,0,0,e1,0,6e,c,0,0,0,0,8b,25,13,47,0,0,0,0,0   TimeStamp  :  41173       Distance  :  169

(PORT 1) : 6a,5,0,18,34,12,0,0,0,0,0,e4,0,6f,c,0,0,0,0,d7,22,e7,8,0,0,0,0,0   TimeStamp  :  41461       Distance  :  172

(PORT 1) : 6a,5,0,18,34,12,0,0,0,0,0,e0,0,70,c,0,0,0,0,bc,d1,c0,d4,0,0,0,0,0   TimeStamp  :  41749       Distance  :  168

(PORT 1) : 6a,5,0,18,34,12,0,0,0,0,0,e1,0,71,c,0,0,0,0,10,9,a9,3a,0,0,0,0,0   TimeStamp  :  42036       Distance  :  169

(PORT 1) : 6a,5,0,18,34,12,0,0,0,0,0,e2,0,72,c,0,0,0,0,91,37,76,9e,0,0,0,0,0   TimeStamp  :  42325       Distance  :  170

(PORT 1) : 6a,5,0,18,34,12,0,0,0,0,0,e1,0,73,c,0,0,0,0,ca,42,dc,18,0,0,0,0,0   TimeStamp  :  42613       Distance  :  169

(PORT 1) : 6a,5,0,18,34,12,0,0,0,0,0,e1,0,74,c,0,0,0,0,83,7a,d1,fb,0,0,0,0,0   TimeStamp  :  42899       Distance  :  169

(PORT 1) : 6a,5,0,18,34,12,0,0,0,0,0,e0,0,75,c,0,0,0,0,f7,1e,90,b6,0,0,0,0,0   TimeStamp  :  43188       Distance  :  168

(PORT 1) : 6a,5,0,18,34,12,0,0,0,0,0,e0,0,76,c,0,0,0,0,e9,6a,7d,49,0,0,0,0,0   TimeStamp  :  43476       Distance  :  168

(PORT 1) : 6a,5,0,18,34,12,0,0,0,0,0,e1,0,77,c,0,0,0,0,3a,15,cb,c9,0,0,0,0,0   TimeStamp  :  43764       Distance  :  169

(PORT 1) : 6a,5,0,18,34,12,0,0,0,0,0,e1,0,78,c,0,0,0,0,e7,a7,ed,b3,0,0,0,0,0   TimeStamp  :  44052       Distance  :  169

(PORT 1) : 6a,5,0,18,34,12,0,0,0,0,0,e0,0,79,c,0,0,0,0,f3,57,8e,90,0,0,0,0,0   TimeStamp  :  44341       Distance  :  168

(PORT 1) : 6a,5,0,18,34,12,0,0,0,0,0,e1,0,7a,c,0,0,0,0,d3,10,b7,7f,0,0,0,0,0   TimeStamp  :  44628       Distance  :  169

(PORT 1) : 6a,5,0,18,34,12,0,0,0,0,0,e1,0,7b,c,0,0,0,0,54,ea,78,c8,0,0,0,0,0   TimeStamp  :  44916       Distance  :  169

(PORT 1) : 6a,5,0,18,34,12,0,0,0,0,0,e2,0,7c,c,0,0,0,0,e,b2,70,63,0,0,0,0,0   TimeStamp  :  45204       Distance  :  170

(PORT 1) : 6a,5,0,18,34,12,0,0,0,0,0,e1,0,7d,c,0,0,0,0,9a,22,e5,3,0,0,0,0,0   TimeStamp  :  45493       Distance  :  169

(PORT 1) : 6a,5,0,18,34,12,0,0,0,0,0,e1,0,7e,c,0,0,0,0,fd,5e,29,92,0,0,0,0,0   TimeStamp  :  45781       Distance  :  169

(PORT 1) : 6a,5,0,18,34,12,0,0,0,0,0,e4,0,7f,c,0,0,0,0,3b,c8,eb,ae,0,0,0,0,0   TimeStamp  :  46068       Distance  :  172

(PORT 1) : 6a,5,0,18,34,12,0,0,0,0,0,e1,0,80,c,0,0,0,0,be,84,21,b0,0,0,0,0,0   TimeStamp  :  46356       Distance  :  169

(PORT 1) : 6a,5,0,18,34,12,0,0,0,0,0,e0,0,81,c,0,0,0,0,e1,52,29,c0,0,0,0,0,0   TimeStamp  :  46645       Distance  :  168

(PORT 1) : 6a,5,0,18,34,12,0,0,0,0,0,e2,0,82,c,0,0,0,0,65,25,b,35,0,0,0,0,0   TimeStamp  :  46933       Distance  :  170

(PORT 1) : 6a,5,0,18,34,12,0,0,0,0,0,e1,0,83,c,0,0,0,0,5a,8,4e,fa,0,0,0,0,0   TimeStamp  :  47221       Distance  :  169

(PORT 1) : 6a,5,0,18,34,12,0,0,0,0,0,e0,0,84,c,0,0,0,0,aa,8a,4,f3,0,0,0,0,0   TimeStamp  :  47508       Distance  :  168

(PORT 1) : 6a,5,0,18,34,12,0,0,0,0,0,e2,0,85,c,0,0,0,0,ef,96,21,cf,0,0,0,0,0   TimeStamp  :  47797       Distance  :  170

(PORT 1) : 6a,5,0,18,34,12,0,0,0,0,0,e1,0,86,c,0,0,0,0,81,80,78,60,0,0,0,0,0   TimeStamp  :  48084       Distance  :  169

(PORT 1) : 6a,5,0,18,34,12,0,0,0,0,0,e1,0,87,c,0,0,0,0,8a,1a,a0,c0,0,0,0,0,0   TimeStamp  :  48373       Distance  :  169

(PORT 1) : 6a,5,0,18,34,12,0,0,0,0,0,e4,0,88,c,0,0,0,0,74,11,1f,bc,0,0,0,0,0   TimeStamp  :  48660       Distance  :  172

(PORT 1) : 6a,5,0,18,34,12,0,0,0,0,0,e1,0,89,c,0,0,0,0,7d,13,a3,e2,0,0,0,0,0   TimeStamp  :  48948       Distance  :  169

(PORT 1) : 6a,5,0,18,34,12,0,0,0,0,0,e1,0,8a,c,0,0,0,0,8a,70,12,b5,0,0,0,0,0   TimeStamp  :  49236       Distance  :  169

(PORT 1) : 6a,5,0,18,34,12,0,0,0,0,0,e1,0,8b,c,0,0,0,0,dd,52,ae,5b,0,0,0,0,0   TimeStamp  :  49524       Distance  :  169

(PORT 1) : 6a,5,0,18,34,12,0,0,0,0,0,e4,0,8c,c,0,0,0,0,ba,ee,a1,a5,0,0,0,0,0   TimeStamp  :  49812       Distance  :  172

(PORT 1) : 6a,5,0,18,34,12,0,0,0,0,0,e0,0,8d,c,0,0,0,0,2,11,80,27,0,0,0,0,0   TimeStamp  :  50100       Distance  :  168

(PORT 1) : 6a,5,0,18,34,12,0,0,0,0,0,e2,0,8e,c,0,0,0,0,30,5d,16,8d,0,0,0,0,0   TimeStamp  :  50389       Distance  :  170

(PORT 1) : 6a,5,0,18,34,12,0,0,0,0,0,e1,0,8f,c,0,0,0,0,21,d1,90,f1,0,0,0,0,0   TimeStamp  :  50676       Distance  :  169

(PORT 1) : 6a,5,0,18,34,12,0,0,0,0,0,e1,0,90,c,0,0,0,0,63,8d,c4,ae,0,0,0,0,0   TimeStamp  :  50964       Distance  :  169

(PORT 1) : 6a,5,0,18,34,12,0,0,0,0,0,e1,0,91,c,0,0,0,0,24,4,89,b6,0,0,0,0,0   TimeStamp  :  51252       Distance  :  169

(PORT 1) : 6a,5,0,18,34,12,0,0,0,0,0,e0,0,92,c,0,0,0,0,c1,24,a2,19,0,0,0,0,0   TimeStamp  :  51540       Distance  :  168

(PORT 1) : 6a,5,0,18,34,12,0,0,0,0,0,e5,0,93,c,0,0,0,0,da,3d,2f,d7,0,0,0,0,0   TimeStamp  :  51828       Distance  :  173

(PORT 1) : 6a,5,0,18,34,12,0,0,0,0,0,e1,0,94,c,0,0,0,0,19,24,ac,4a,0,0,0,0,0   TimeStamp  :  52116       Distance  :  169

(PORT 1) : 6a,5,0,18,34,12,0,0,0,0,0,e3,0,95,c,0,0,0,0,86,b8,f0,d6,0,0,0,0,0   TimeStamp  :  52405       Distance  :  171

(PORT 1) : 6a,5,0,18,34,12,0,0,0,0,0,e1,0,96,c,0,0,0,0,b2,be,a0,46,0,0,0,0,0   TimeStamp  :  52693       Distance  :  169

(PORT 1) : 6a,5,0,18,34,12,0,0,0,0,0,e1,0,97,c,0,0,0,0,31,9b,84,36,0,0,0,0,0   TimeStamp  :  52979       Distance  :  169

(PORT 1) : 6a,5,0,18,34,12,0,0,0,0,0,e0,0,98,c,0,0,0,0,67,49,27,3c,0,0,0,0,0   TimeStamp  :  53268       Distance  :  168

(PORT 1) : 6a,5,0,18,34,12,0,0,0,0,0,f1,0,99,c,0,0,0,0,4d,8b,d,f4,0,0,0,0,0   TimeStamp  :  53556       Distance  :  185

(PORT 1) : 6a,5,0,18,34,12,0,0,0,0,0,e1,0,9a,c,0,0,0,0,b7,40,d2,8d,0,0,0,0,0   TimeStamp  :  53844       Distance  :  169

(PORT 1) : 6a,5,0,18,34,12,0,0,0,0,0,e0,0,9b,c,0,0,0,0,85,47,cf,de,0,0,0,0,0   TimeStamp  :  54132       Distance  :  168

(PORT 1) : 6a,5,0,18,34,12,0,0,0,0,0,e0,0,9c,c,0,0,0,0,a7,52,7a,dc,0,0,0,0,0   TimeStamp  :  54420       Distance  :  168

(PORT 1) : 6a,5,0,18,34,12,0,0,0,0,0,e2,0,9d,c,0,0,0,0,15,c,e7,ad,0,0,0,0,0   TimeStamp  :  54707       Distance  :  170

(PORT 1) : 6a,5,0,18,34,12,0,0,0,0,0,e0,0,9e,c,0,0,0,0,31,72,ee,f8,0,0,0,0,0   TimeStamp  :  54996       Distance  :  168

(PORT 1) : 6a,5,0,18,34,12,0,0,0,0,0,e0,0,9f,c,0,0,0,0,fa,4,df,d1,0,0,0,0,0   TimeStamp  :  55284       Distance  :  168

(PORT 1) : 6a,5,0,18,34,12,0,0,0,0,0,e0,0,a0,c,0,0,0,0,b2,b9,66,31,0,0,0,0,0   TimeStamp  :  55572       Distance  :  168

(PORT 1) : 6a,5,0,18,34,12,0,0,0,0,0,df,0,a1,c,0,0,0,0,c1,1c,b9,4a,0,0,0,0,0   TimeStamp  :  55859       Distance  :  167

(PORT 1) : 6a,5,0,18,34,12,0,0,0,0,0,e9,0,a2,c,0,0,0,0,e1,eb,e4,90,0,0,0,0,0   TimeStamp  :  56148       Distance  :  177

(PORT 1) : 6a,5,0,18,34,12,0,0,0,0,0,e1,0,a3,c,0,0,0,0,2b,e6,32,64,0,0,0,0,0   TimeStamp  :  56436       Distance  :  169

(PORT 1) : 6a,5,0,18,34,12,0,0,0,0,0,e1,0,a4,c,0,0,0,0,15,8a,95,45,0,0,0,0,0   TimeStamp  :  56724       Distance  :  169

(PORT 1) : 6a,5,0,18,34,12,0,0,0,0,0,e0,0,a5,c,0,0,0,0,a5,7f,c3,9d,0,0,0,0,0   TimeStamp  :  57011       Distance  :  168

(PORT 1) : 6a,5,0,18,34,12,0,0,0,0,0,e3,0,a6,c,0,0,0,0,8f,26,42,9d,0,0,0,0,0   TimeStamp  :  57300       Distance  :  171

(PORT 1) : 6a,5,0,18,34,12,0,0,0,0,0,e0,0,a7,c,0,0,0,0,17,39,5c,d6,0,0,0,0,0   TimeStamp  :  57589       Distance  :  168

(PORT 1) : 6a,5,0,18,34,12,0,0,0,0,0,e2,0,a8,c,0,0,0,0,66,54,5,88,0,0,0,0,0   TimeStamp  :  57876       Distance  :  170

(PORT 1) : 6a,5,0,18,34,12,0,0,0,0,0,e1,0,a9,c,0,0,0,0,27,ed,49,67,0,0,0,0,0   TimeStamp  :  58164       Distance  :  169

(PORT 1) : 6a,5,0,18,34,12,0,0,0,0,0,e1,0,aa,c,0,0,0,0,96,69,3d,4c,0,0,0,0,0   TimeStamp  :  58452       Distance  :  169

(PORT 1) : 6a,5,0,18,34,12,0,0,0,0,0,df,0,ab,c,0,0,0,0,6f,8c,2,83,0,0,0,0,0   TimeStamp  :  58740       Distance  :  167

(PORT 1) : 6a,5,0,18,34,12,0,0,0,0,0,df,0,ac,c,0,0,0,0,14,d5,f5,b3,0,0,0,0,0   TimeStamp  :  59028       Distance  :  167

(PORT 1) : 6a,5,0,18,34,12,0,0,0,0,0,e0,0,ad,c,0,0,0,0,65,c0,13,18,0,0,0,0,0   TimeStamp  :  59316       Distance  :  168

(PORT 1) : 6a,5,0,18,34,12,0,0,0,0,0,e1,0,ae,c,0,0,0,0,71,b8,20,27,0,0,0,0,0   TimeStamp  :  59604       Distance  :  169

(PORT 1) : 6a,5,0,18,34,12,0,0,0,0,0,e2,0,af,c,0,0,0,0,c8,a,a7,1c,0,0,0,0,0   TimeStamp  :  59892       Distance  :  170

(PORT 1) : 6a,5,0,18,34,12,0,0,0,0,0,e0,0,b0,c,0,0,0,0,9b,4e,40,85,0,0,0,0,0   TimeStamp  :  60180       Distance  :  168

(PORT 1) : 6a,5,0,18,34,12,0,0,0,0,0,e0,0,b1,c,0,0,0,0,f,2a,81,b5,0,0,0,0,0   TimeStamp  :  60467       Distance  :  168

(PORT 1) : 6a,5,0,18,34,12,0,0,0,0,0,df,0,b2,c,0,0,0,0,a4,93,ae,7e,0,0,0,0,0   TimeStamp  :  60756       Distance  :  167

(PORT 1) : 6a,5,0,18,34,12,0,0,0,0,0,e1,0,b3,c,0,0,0,0,e7,9b,cc,44,0,0,0,0,0   TimeStamp  :  61043       Distance  :  169

(PORT 1) : 6a,5,0,18,34,12,0,0,0,0,0,e1,0,b4,c,0,0,0,0,89,df,a1,a3,0,0,0,0,0   TimeStamp  :  61331       Distance  :  169

(PORT 1) : 6a,5,0,18,34,12,0,0,0,0,0,e0,0,b5,c,0,0,0,0,42,a3,c8,a5,0,0,0,0,0   TimeStamp  :  61620       Distance  :  168

(PORT 1) : 6a,5,0,18,34,12,0,0,0,0,0,e1,0,b6,c,0,0,0,0,5a,84,8a,64,0,0,0,0,0   TimeStamp  :  61907       Distance  :  169

(PORT 1) : 6a,5,0,18,34,12,0,0,0,0,0,df,0,b7,c,0,0,0,0,38,74,24,2,0,0,0,0,0   TimeStamp  :  62196       Distance  :  167
