
(PORT 1) : 6a,5,0,18,34,12,0,0,0,0,0,f4,0,44,d,0,0,0,0,af,a6,99,f5,0,0,0,0,0   TimeStamp  :  102802       Distance  :  188

(PORT 1) : 6a,5,0,18,34,12,0,0,0,0,0,f5,0,45,d,0,0,0,0,15,e,d1,1,0,0,0,0,0   TimeStamp  :  103090       Distance  :  189

(PORT 1) : 6a,5,0,18,34,12,0,0,0,0,0,f6,0,46,d,0,0,0,0,ba,52,cf,2,0,0,0,0,0   TimeStamp  :  103378       Distance  :  190

(PORT 1) : 6a,5,0,18,34,12,0,0,0,0,0,f7,0,47,d,0,0,0,0,ee,24,29,d9,0,0,0,0,0   TimeStamp  :  103667       Distance  :  191

(PORT 1) : 6a,5,0,18,34,12,0,0,0,0,0,f5,0,48,d,0,0,0,0,ac,2b,ff,8d,0,0,0,0,0   TimeStamp  :  103954       Distance  :  189

(PORT 1) : 6a,5,0,18,34,12,0,0,0,0,0,f6,0,49,d,0,0,0,0,c0,cb,e9,64,0,0,0,0,0   TimeStamp  :  272       Distance  :  190

(PORT 1) : 6a,5,0,18,34,12,0,0,0,0,0,f5,0,4a,d,0,0,0,0,4a,c4,1a,cd,0,0,0,0,0   TimeStamp  :  559       Distance  :  189

(PORT 1) : 6a,5,0,18,34,12,0,0,0,0,0,f6,0,4b,d,0,0,0,0,b4,1c,81,52,0,0,0,0,0   TimeStamp  :  847       Distance  :  190

(PORT 1) : 6a,5,0,18,34,12,0,0,0,0,0,f6,0,4c,d,0,0,0,0,b4,36,f9,f3,0,0,0,0,0   TimeStamp  :  1135       Distance  :  190

(PORT 1) : 6a,5,0,18,34,12,0,0,0,0,0,f8,0,4d,d,0,0,0,0,35,ab,f9,da,0,0,0,0,0   TimeStamp  :  1424       Distance  :  192

(PORT 1) : 6a,5,0,18,34,12,0,0,0,0,0,f5,0,4e,d,0,0,0,0,d5,2c,2e,af,0,0,0,0,0   TimeStamp  :  1712       Distance  :  189

(PORT 1) : 6a,5,0,18,34,12,0,0,0,0,0,f7,0,4f,d,0,0,0,0,eb,2a,7c,b7,0,0,0,0,0   TimeStamp  :  2000       Distance  :  191

(PORT 1) : 6a,5,0,18,34,12,0,0,0,0,0,f5,0,50,d,0,0,0,0,b1,61,4c,cb,0,0,0,0,0   TimeStamp  :  2287       Distance  :  189

(PORT 1) : 6a,5,0,18,34,12,0,0,0,0,0,f4,0,51,d,0,0,0,0,72,df,22,ad,0,0,0,0,0   TimeStamp  :  2576       Distance  :  188

(PORT 1) : 6a,5,0,18,34,12,0,0,0,0,0,f3,0,52,d,0,0,0,0,10,c1,56,3b,0,0,0,0,0   TimeStamp  :  2864       Distance  :  187

(PORT 1) : 6a,5,0,18,34,12,0,0,0,0,0,f4,0,53,d,0,0,0,0,b4,bd,51,59,0,0,0,0,0   TimeStamp  :  3152       Distance  :  188

(PORT 1) : 6a,5,0,18,34,12,0,0,0,0,0,fe,0,54,d,0,0,0,0,99,35,3,fb,0,0,0,0,0   TimeStamp  :  3440       Distance  :  198

(PORT 1) : 6a,5,0,18,34,12,0,0,0,0,0,f5,0,55,d,0,0,0,0,cb,1c,14,e5,0,0,0,0,0   TimeStamp  :  3727       Distance  :  189

(PORT 1) : 6a,5,0,18,34,12,0,0,0,0,0,f3,0,56,d,0,0,0,0,3e,65,a1,7c,0,0,0,0,0   TimeStamp  :  4015       Distance  :  187

(PORT 1) : 6a,5,0,18,34,12,0,0,0,0,0,f4,0,57,d,0,0,0,0,66,89,22,91,0,0,0,0,0   TimeStamp  :  4305       Distance  :  188

(PORT 1) : 6a,5,0,18,34,12,0,0,0,0,0,f5,0,58,d,0,0,0,0,7,fc,e0,ca,0,0,0,0,0   TimeStamp  :  4592       Distance  :  189

(PORT 1) : 6a,5,0,18,34,12,0,0,0,0,0,f5,0,59,d,0,0,0,0,b0,47,dd,24,0,0,0,0,0   TimeStamp  :  4879       Distance  :  189

(PORT 1) : 6a,5,0,18,34,12,0,0,0,0,0,f6,0,5a,d,0,0,0,0,fb,65,59,36,0,0,0,0,0   TimeStamp  :  5168       Distance  :  190

(PORT 1) : 6a,5,0,18,34,12,0,0,0,0,0,f5,0,5b,d,0,0,0,0,4c,f8,fa,26,0,0,0,0,0   TimeStamp  :  5456       Distance  :  189

(PORT 1) : 6a,5,0,18,34,12,0,0,0,0,0,f5,0,5c,d,0,0,0,0,8a,58,e8,36,0,0,0,0,0   TimeStamp  :  5744       Distance  :  189

(PORT 1) : 6a,5,0,18,34,12,0,0,0,0,0,f6,0,5d,d,0,0,0,0,7e,c,3a,1d,0,0,0,0,0   TimeStamp  :  6031       Distance  :  190

(PORT 1) : 6a,5,0,18,34,12,0,0,0,0,0,0,1,5e,d,0,0,0,0,c0,c6,5d,a,0,0,0,0,0   TimeStamp  :  6319       Distance  :  200

(PORT 1) : 6a,5,0,18,34,12,0,0,0,0,0,f6,0,5f,d,0,0,0,0,fd,50,fc,a7,0,0,0,0,0   TimeStamp  :  6608       Distance  :  190

(PORT 1) : 6a,5,0,18,34,12,0,0,0,0,0,f6,0,60,d,0,0,0,0,89,55,9f,3b,0,0,0,0,0   TimeStamp  :  6895       Distance  :  190

(PORT 1) : 6a,5,0,18,34,12,0,0,0,0,0,f5,0,61,d,0,0,0,0,4e,a4,d9,fb,0,0,0,0,0   TimeStamp  :  7183       Distance  :  189

(PORT 1) : 6a,5,0,18,34,12,0,0,0,0,0,f4,0,62,d,0,0,0,0,b1,df,7e,b,0,0,0,0,0   TimeStamp  :  7472       Distance  :  188

(PORT 1) : 6a,5,0,18,34,12,0,0,0,0,0,f5,0,63,d,0,0,0,0,4d,1,b2,2d,0,0,0,0,0   TimeStamp  :  7759       Distance  :  189

(PORT 1) : 6a,5,0,18,34,12,0,0,0,0,0,f5,0,64,d,0,0,0,0,3b,6e,fb,8a,0,0,0,0,0   TimeStamp  :  8049       Distance  :  189

(PORT 1) : 6a,5,0,18,34,12,0,0,0,0,0,f6,0,65,d,0,0,0,0,31,e5,b5,4d,0,0,0,0,0   TimeStamp  :  8336       Distance  :  190

(PORT 1) : 6a,5,0,18,34,12,0,0,0,0,0,f3,0,66,d,0,0,0,0,11,e,6f,a4,0,0,0,0,0   TimeStamp  :  8623       Distance  :  187

(PORT 1) : 6a,5,0,18,34,12,0,0,0,0,0,f6,0,67,d,0,0,0,0,e3,fa,e,46,0,0,0,0,0   TimeStamp  :  8912       Distance  :  190

(PORT 1) : 6a,5,0,18,34,12,0,0,0,0,0,f4,0,68,d,0,0,0,0,75,2c,e,b2,0,0,0,0,0   TimeStamp  :  9199       Distance  :  188

(PORT 1) : 6a,5,0,18,34,12,0,0,0,0,0,f6,0,69,d,0,0,0,0,95,ac,d9,87,0,0,0,0,0   TimeStamp  :  9487       Distance  :  190

(PORT 1) : 6a,5,0,18,34,12,0,0,0,0,0,f5,0,6a,d,0,0,0,0,87,f9,e6,a4,0,0,0,0,0   TimeStamp  :  9775       Distance  :  189

(PORT 1) : 6a,5,0,18,34,12,0,0,0,0,0,f5,0,6b,d,0,0,0,0,2a,e8,b4,4a,0,0,0,0,0   TimeStamp  :  10063       Distance  :  189

(PORT 1) : 6a,5,0,18,34,12,0,0,0,0,0,f6,0,6c,d,0,0,0,0,27,ec,df,64,0,0,0,0,0   TimeStamp  :  10351       Distance  :  190

(PORT 1) : 6a,5,0,18,34,12,0,0,0,0,0,f6,0,6d,d,0,0,0,0,67,2d,cd,fc,0,0,0,0,0   TimeStamp  :  10640       Distance  :  190

(PORT 1) : 6a,5,0,18,34,12,0,0,0,0,0,f7,0,6e,d,0,0,0,0,c7,1c,42,3b,0,0,0,0,0   TimeStamp  :  10927       Distance  :  191

(PORT 1) : 6a,5,0,18,34,12,0,0,0,0,0,f5,0,6f,d,0,0,0,0,b1,7a,cf,a3,0,0,0,0,0   TimeStamp  :  11217       Distance  :  189

(PORT 1) : 6a,5,0,18,34,12,0,0,0,0,0,f5,0,70,d,0,0,0,0,e6,45,2a,78,0,0,0,0,0   TimeStamp  :  11504       Distance  :  189

(PORT 1) : 6a,5,0,18,34,12,0,0,0,0,0,fa,0,71,d,0,0,0,0,78,96,78,b4,0,0,0,0,0   TimeStamp  :  11792       Distance  :  194

(PORT 1) : 6a,5,0,18,34,12,0,0,0,0,0,f6,0,72,d,0,0,0,0,12,b2,35,2b,0,0,0,0,0   TimeStamp  :  12080       Distance  :  190

(PORT 1) : 6a,5,0,18,34,12,0,0,0,0,0,f6,0,73,d,0,0,0,0,46,e7,1b,52,0,0,0,0,0   TimeStamp  :  12368       Distance  :  190

(PORT 1) : 6a,5,0,18,34,12,0,0,0,0,0,f4,0,74,d,0,0,0,0,20,94,9,61,0,0,0,0,0   TimeStamp  :  12655       Distance  :  188

(PORT 1) : 6a,5,0,18,34,12,0,0,0,0,0,f4,0,75,d,0,0,0,0,ce,ff,28,dd,0,0,0,0,0   TimeStamp  :  12943       Distance  :  188

(PORT 1) : 6a,5,0,18,34,12,0,0,0,0,0,f5,0,76,d,0,0,0,0,86,90,fb,35,0,0,0,0,0   TimeStamp  :  13232       Distance  :  189

(PORT 1) : 6a,5,0,18,34,12,0,0,0,0,0,f5,0,77,d,0,0,0,0,b8,bc,70,30,0,0,0,0,0   TimeStamp  :  13519       Distance  :  189

(PORT 1) : 6a,5,0,18,34,12,0,0,0,0,0,f6,0,78,d,0,0,0,0,52,b5,a1,48,0,0,0,0,0   TimeStamp  :  13808       Distance  :  190

(PORT 1) : 6a,5,0,18,34,12,0,0,0,0,0,f5,0,79,d,0,0,0,0,38,91,40,44,0,0,0,0,0   TimeStamp  :  14095       Distance  :  189

(PORT 1) : 6a,5,0,18,34,12,0,0,0,0,0,f6,0,7a,d,0,0,0,0,99,70,a,d,0,0,0,0,0   TimeStamp  :  14383       Distance  :  190

(PORT 1) : 6a,5,0,18,34,12,0,0,0,0,0,f6,0,7b,d,0,0,0,0,4a,dc,6e,9e,0,0,0,0,0   TimeStamp  :  14672       Distance  :  190

(PORT 1) : 6a,5,0,18,34,12,0,0,0,0,0,f5,0,7c,d,0,0,0,0,44,36,9d,ae,0,0,0,0,0   TimeStamp  :  14960       Distance  :  189

(PORT 1) : 6a,5,0,18,34,12,0,0,0,0,0,f4,0,7d,d,0,0,0,0,78,1d,1e,7c,0,0,0,0,0   TimeStamp  :  15250       Distance  :  188

(PORT 1) : 6a,5,0,18,34,12,0,0,0,0,0,f6,0,7e,d,0,0,0,0,c2,21,e2,94,0,0,0,0,0   TimeStamp  :  15535       Distance  :  190

(PORT 1) : 6a,5,0,18,34,12,0,0,0,0,0,f5,0,7f,d,0,0,0,0,90,34,fb,b4,0,0,0,0,0   TimeStamp  :  15823       Distance  :  189

(PORT 1) : 6a,5,0,18,34,12,0,0,0,0,0,f4,0,80,d,0,0,0,0,a,87,8a,bf,0,0,0,0,0   TimeStamp  :  16111       Distance  :  188

(PORT 1) : 6a,5,0,18,34,12,0,0,0,0,0,f3,0,81,d,0,0,0,0,14,4a,78,63,0,0,0,0,0   TimeStamp  :  16399       Distance  :  187

(PORT 1) : 6a,5,0,18,34,12,0,0,0,0,0,f5,0,82,d,0,0,0,0,3,8,9d,46,0,0,0,0,0   TimeStamp  :  16688       Distance  :  189

(PORT 1) : 6a,5,0,18,34,12,0,0,0,0,0,f5,0,83,d,0,0,0,0,93,17,fc,e,0,0,0,0,0   TimeStamp  :  16974       Distance  :  189

(PORT 1) : 6a,5,0,18,34,12,0,0,0,0,0,f5,0,84,d,0,0,0,0,d0,b3,ca,2c,0,0,0,0,0   TimeStamp  :  17263       Distance  :  189

(PORT 1) : 6a,5,0,18,34,12,0,0,0,0,0,f5,0,85,d,0,0,0,0,4,20,4e,97,0,0,0,0,0   TimeStamp  :  17551       Distance  :  189

(PORT 1) : 6a,5,0,18,34,12,0,0,0,0,0,f5,0,86,d,0,0,0,0,9b,aa,48,29,0,0,0,0,0   TimeStamp  :  17838       Distance  :  189

(PORT 1) : 6a,5,0,18,34,12,0,0,0,0,0,f4,0,87,d,0,0,0,0,96,b5,f2,b1,0,0,0,0,0   TimeStamp  :  18127       Distance  :  188

(PORT 1) : 6a,5,0,18,34,12,0,0,0,0,0,f4,0,88,d,0,0,0,0,f5,9f,23,ae,0,0,0,0,0   TimeStamp  :  18416       Distance  :  188

(PORT 1) : 6a,5,0,18,34,12,0,0,0,0,0,f7,0,89,d,0,0,0,0,bb,9e,88,4e,0,0,0,0,0   TimeStamp  :  18703       Distance  :  191

(PORT 1) : 6a,5,0,18,34,12,0,0,0,0,0,f9,0,8a,d,0,0,0,0,cf,70,59,d2,0,0,0,0,0   TimeStamp  :  18992       Distance  :  193

(PORT 1) : 6a,5,0,18,34,12,0,0,0,0,0,f7,0,8b,d,0,0,0,0,ac,c0,a1,a5,0,0,0,0,0   TimeStamp  :  19279       Distance  :  191

(PORT 1) : 6a,5,0,18,34,12,0,0,0,0,0,f5,0,8c,d,0,0,0,0,59,c7,a,59,0,0,0,0,0   TimeStamp  :  19568       Distance  :  189

(PORT 1) : 6a,5,0,18,34,12,0,0,0,0,0,f4,0,8d,d,0,0,0,0,26,c,42,d3,0,0,0,0,0   TimeStamp  :  19855       Distance  :  188

(PORT 1) : 6a,5,0,18,34,12,0,0,0,0,0,f7,0,8e,d,0,0,0,0,eb,a3,9e,8f,0,0,0,0,0   TimeStamp  :  20144       Distance  :  191

(PORT 1) : 6a,5,0,18,34,12,0,0,0,0,0,f4,0,8f,d,0,0,0,0,a2,b4,f,87,0,0,0,0,0   TimeStamp  :  20431       Distance  :  188

(PORT 1) : 6a,5,0,18,34,12,0,0,0,0,0,f4,0,90,d,0,0,0,0,11,9a,b4,6d,0,0,0,0,0   TimeStamp  :  20719       Distance  :  188

(PORT 1) : 6a,5,0,18,34,12,0,0,0,0,0,f5,0,91,d,0,0,0,0,b8,df,90,7f,0,0,0,0,0   TimeStamp  :  21007       Distance  :  189

(PORT 1) : 6a,5,0,18,34,12,0,0,0,0,0,f4,0,92,d,0,0,0,0,d7,b7,8e,17,0,0,0,0,0   TimeStamp  :  21295       Distance  :  188

(PORT 1) : 6a,5,0,18,34,12,0,0,0,0,0,f5,0,93,d,0,0,0,0,9d,ab,5a,67,0,0,0,0,0   TimeStamp  :  21583       Distance  :  189

(PORT 1) : 6a,5,0,18,34,12,0,0,0,0,0,f7,0,94,d,0,0,0,0,88,22,bf,db,0,0,0,0,0   TimeStamp  :  21871       Distance  :  191

(PORT 1) : 6a,5,0,18,34,12,0,0,0,0,0,f2,0,95,d,0,0,0,0,9b,a6,10,66,0,0,0,0,0   TimeStamp  :  22159       Distance  :  186

(PORT 1) : 6a,5,0,18,34,12,0,0,0,0,0,f8,0,96,d,0,0,0,0,99,e9,d0,8d,0,0,0,0,0   TimeStamp  :  22448       Distance  :  192

(PORT 1) : 6a,5,0,18,34,12,0,0,0,0,0,f4,0,97,d,0,0,0,0,33,c4,6e,6f,0,0,0,0,0   TimeStamp  :  22736       Distance  :  188

(PORT 1) : 6a,5,0,18,34,12,0,0,0,0,0,f5,0,98,d,0,0,0,0,2,cf,8d,e0,0,0,0,0,0   TimeStamp  :  23024       Distance  :  189

(PORT 1) : 6a,5,0,18,34,12,0,0,0,0,0,f4,0,99,d,0,0,0,0,ec,d,69,91,0,0,0,0,0   TimeStamp  :  23312       Distance  :  188

(PORT 1) : 6a,5,0,18,34,12,0,0,0,0,0,f6,0,9a,d,0,0,0,0,ec,b1,e4,42,0,0,0,0,0   TimeStamp  :  23600       Distance  :  190

(PORT 1) : 6a,5,0,18,34,12,0,0,0,0,0,f5,0,9b,d,0,0,0,0,5f,43,71,a,0,0,0,0,0   TimeStamp  :  23888       Distance  :  189

(PORT 1) : 6a,5,0,18,34,12,0,0,0,0,0,f6,0,9c,d,0,0,0,0,f5,75,bf,55,0,0,0,0,0   TimeStamp  :  24176       Distance  :  190

(PORT 1) : 6a,5,0,18,34,12,0,0,0,0,0,f5,0,9d,d,0,0,0,0,6,fc,c,c0,0,0,0,0,0   TimeStamp  :  24462       Distance  :  189

(PORT 1) : 6a,5,0,18,34,12,0,0,0,0,0,f2,0,9e,d,0,0,0,0,2c,0,f6,97,0,0,0,0,0   TimeStamp  :  24750       Distance  :  186

(PORT 1) : 6a,5,0,18,34,12,0,0,0,0,0,f3,0,9f,d,0,0,0,0,8f,94,ea,64,0,0,0,0,0   TimeStamp  :  25039       Distance  :  187

(PORT 1) : 6a,5,0,18,34,12,0,0,0,0,0,f5,0,a0,d,0,0,0,0,34,6a,c1,be,0,0,0,0,0   TimeStamp  :  25326       Distance  :  189

(PORT 1) : 6a,5,0,18,34,12,0,0,0,0,0,f4,0,a1,d,0,0,0,0,8f,2c,4e,f1,0,0,0,0,0   TimeStamp  :  25616       Distance  :  188

(PORT 1) : 6a,5,0,18,34,12,0,0,0,0,0,f4,0,a2,d,0,0,0,0,82,f1,a4,fa,0,0,0,0,0   TimeStamp  :  25903       Distance  :  188

(PORT 1) : 6a,5,0,18,34,12,0,0,0,0,0,f5,0,a3,d,0,0,0,0,81,fe,6f,52,0,0,0,0,0   TimeStamp  :  26190       Distance  :  189

(PORT 1) : 6a,5,0,18,34,12,0,0,0,0,0,f5,0,a4,d,0,0,0,0,28,5,a7,b,0,0,0,0,0   TimeStamp  :  26480       Distance  :  189

(PORT 1) : 6a,5,0,18,34,12,0,0,0,0,0,f6,0,a5,d,0,0,0,0,ef,b2,f1,77,0,0,0,0,0   TimeStamp  :  26768       Distance  :  190

(PORT 1) : 6a,5,0,18,34,12,0,0,0,0,0,f5,0,a6,d,0,0,0,0,de,36,90,df,0,0,0,0,0   TimeStamp  :  27055       Distance  :  189

(PORT 1) : 6a,5,0,18,34,12,0,0,0,0,0,f6,0,a7,d,0,0,0,0,6a,ba,79,1,0,0,0,0,0   TimeStamp  :  27344       Distance  :  190

(PORT 1) : 6a,5,0,18,34,12,0,0,0,0,0,f4,0,a8,d,0,0,0,0,43,49,54,1f,0,0,0,0,0   TimeStamp  :  27631       Distance  :  188

(PORT 1) : 6a,5,0,18,34,12,0,0,0,0,0,f6,0,a9,d,0,0,0,0,76,30,fc,7b,0,0,0,0,0   TimeStamp  :  27920       Distance  :  190

(PORT 1) : 6a,5,0,18,34,12,0,0,0,0,0,f5,0,aa,d,0,0,0,0,99,f8,c5,94,0,0,0,0,0   TimeStamp  :  28208       Distance  :  189

(PORT 1) : 6a,5,0,18,34,12,0,0,0,0,0,f6,0,ab,d,0,0,0,0,7d,8c,19,28,0,0,0,0,0   TimeStamp  :  28494       Distance  :  190

(PORT 1) : 6a,5,0,18,34,12,0,0,0,0,0,f7,0,ac,d,0,0,0,0,d9,d4,ea,4e,0,0,0,0,0   TimeStamp  :  28783       Distance  :  191

(PORT 1) : 6a,5,0,18,34,12,0,0,0,0,0,f5,0,ad,d,0,0,0,0,52,59,82,e6,0,0,0,0,0   TimeStamp  :  29071       Distance  :  189

(PORT 1) : 6a,5,0,18,34,12,0,0,0,0,0,f5,0,ae,d,0,0,0,0,81,cc,39,fd,0,0,0,0,0   TimeStamp  :  29358       Distance  :  189

(PORT 1) : 6a,5,0,18,34,12,0,0,0,0,0,f6,0,af,d,0,0,0,0,9c,bf,b1,69,0,0,0,0,0   TimeStamp  :  29647       Distance  :  190

(PORT 1) : 6a,5,0,18,34,12,0,0,0,0,0,f5,0,b0,d,0,0,0,0,a3,b4,78,b,0,0,0,0,0   TimeStamp  :  29935       Distance  :  189

(PORT 1) : 6a,5,0,18,34,12,0,0,0,0,0,f5,0,b1,d,0,0,0,0,6,57,e1,f3,0,0,0,0,0   TimeStamp  :  30222       Distance  :  189

(PORT 1) : 6a,5,0,18,34,12,0,0,0,0,0,e9,0,b2,d,0,0,0,0,c6,7a,f,e6,0,0,0,0,0   TimeStamp  :  30511       Distance  :  177

(PORT 1) : 6a,5,0,18,34,12,0,0,0,0,0,eb,0,b3,d,0,0,0,0,d6,4e,7a,a5,0,0,0,0,0   TimeStamp  :  30798       Distance  :  179

(PORT 1) : 6a,5,0,18,34,12,0,0,0,0,0,f5,0,b4,d,0,0,0,0,81,cd,19,fc,0,0,0,0,0   TimeStamp  :  31086       Distance  :  189

(PORT 1) : 6a,5,0,18,34,12,0,0,0,0,0,f6,0,b5,d,0,0,0,0,82,22,d3,ba,0,0,0,0,0   TimeStamp  :  31374       Distance  :  190

(PORT 1) : 6a,5,0,18,34,12,0,0,0,0,0,f5,0,b6,d,0,0,0,0,64,e0,9e,38,0,0,0,0,0   TimeStamp  :  31662       Distance  :  189

(PORT 1) : 6a,5,0,18,34,12,0,0,0,0,0,f6,0,b7,d,0,0,0,0,29,64,3e,b2,0,0,0,0,0   TimeStamp  :  31950       Distance  :  190

(PORT 1) : 6a,5,0,18,34,12,0,0,0,0,0,f4,0,b8,d,0,0,0,0,eb,b7,e4,e7,0,0,0,0,0   TimeStamp  :  32239       Distance  :  188

(PORT 1) : 6a,5,0,18,34,12,0,0,0,0,0,fe,0,b9,d,0,0,0,0,cc,21,ca,1d,0,0,0,0,0   TimeStamp  :  32527       Distance  :  198

(PORT 1) : 6a,5,0,18,34,12,0,0,0,0,0,f5,0,ba,d,0,0,0,0,31,97,e8,c2,0,0,0,0,0   TimeStamp  :  32815       Distance  :  189

(PORT 1) : 6a,5,0,18,34,12,0,0,0,0,0,f4,0,bb,d,0,0,0,0,b2,ef,b9,2,0,0,0,0,0   TimeStamp  :  33102       Distance  :  188

(PORT 1) : 6a,5,0,18,34,12,0,0,0,0,0,f5,0,bc,d,0,0,0,0,6c,44,d1,e5,0,0,0,0,0   TimeStamp  :  33391       Distance  :  189

(PORT 1) : 6a,5,0,18,34,12,0,0,0,0,0,f6,0,bd,d,0,0,0,0,ee,6c,38,f8,0,0,0,0,0   TimeStamp  :  33678       Distance  :  190

(PORT 1) : 6a,5,0,18,34,12,0,0,0,0,0,f5,0,be,d,0,0,0,0,1d,74,3f,35,0,0,0,0,0   TimeStamp  :  33966       Distance  :  189

(PORT 1) : 6a,5,0,18,34,12,0,0,0,0,0,f6,0,bf,d,0,0,0,0,8c,c,79,1f,0,0,0,0,0   TimeStamp  :  34254       Distance  :  190

(PORT 1) : 6a,5,0,18,34,12,0,0,0,0,0,f5,0,c0,d,0,0,0,0,c8,7e,0,91,0,0,0,0,0   TimeStamp  :  34542       Distance  :  189

(PORT 1) : 6a,5,0,18,34,12,0,0,0,0,0,f2,0,c1,d,0,0,0,0,af,3,d4,4b,0,0,0,0,0   TimeStamp  :  34831       Distance  :  186

(PORT 1) : 6a,5,0,18,34,12,0,0,0,0,0,f4,0,c2,d,0,0,0,0,62,ec,ec,72,0,0,0,0,0   TimeStamp  :  35118       Distance  :  188

(PORT 1) : 6a,5,0,18,34,12,0,0,0,0,0,f5,0,c3,d,0,0,0,0,a6,9a,85,d2,0,0,0,0,0   TimeStamp  :  35406       Distance  :  189

(PORT 1) : 6a,5,0,18,34,12,0,0,0,0,0,f4,0,c4,d,0,0,0,0,af,3c,4b,d9,0,0,0,0,0   TimeStamp  :  35694       Distance  :  188

(PORT 1) : 6a,5,0,18,34,12,0,0,0,0,0,f9,0,c5,d,0,0,0,0,6b,bb,26,d6,0,0,0,0,0   TimeStamp  :  35982       Distance  :  193

(PORT 1) : 6a,5,0,18,34,12,0,0,0,0,0,f8,0,c6,d,0,0,0,0,10,7c,7c,dc,0,0,0,0,0   TimeStamp  :  36270       Distance  :  192

(PORT 1) : 6a,5,0,18,34,12,0,0,0,0,0,f4,0,c7,d,0,0,0,0,73,4f,ce,e7,0,0,0,0,0   TimeStamp  :  36558       Distance  :  188

(PORT 1) : 6a,5,0,18,34,12,0,0,0,0,0,f5,0,c8,d,0,0,0,0,44,5f,5,a,0,0,0,0,0   TimeStamp  :  36846       Distance  :  189

(PORT 1) : 6a,5,0,18,34,12,0,0,0,0,0,f6,0,c9,d,0,0,0,0,e8,af,55,15,0,0,0,0,0   TimeStamp  :  37134       Distance  :  190

(PORT 1) : 6a,5,0,18,34,12,0,0,0,0,0,f5,0,ca,d,0,0,0,0,15,19,5c,d6,0,0,0,0,0   TimeStamp  :  37422       Distance  :  189

(PORT 1) : 6a,5,0,18,34,12,0,0,0,0,0,f6,0,cb,d,0,0,0,0,2e,97,20,f9,0,0,0,0,0   TimeStamp  :  37710       Distance  :  190

(PORT 1) : 6a,5,0,18,34,12,0,0,0,0,0,f6,0,cc,d,0,0,0,0,ac,9b,f,53,0,0,0,0,0   TimeStamp  :  37999       Distance  :  190

(PORT 1) : 6a,5,0,18,34,12,0,0,0,0,0,f5,0,cd,d,0,0,0,0,db,cd,0,8d,0,0,0,0,0   TimeStamp  :  38286       Distance  :  189

(PORT 1) : 6a,5,0,18,34,12,0,0,0,0,0,f5,0,ce,d,0,0,0,0,c6,c9,83,6f,0,0,0,0,0   TimeStamp  :  38574       Distance  :  189

(PORT 1) : 6a,5,0,18,34,12,0,0,0,0,0,f5,0,cf,d,0,0,0,0,8,a2,17,1d,0,0,0,0,0   TimeStamp  :  38862       Distance  :  189

(PORT 1) : 6a,5,0,18,34,12,0,0,0,0,0,f5,0,d0,d,0,0,0,0,e4,8d,a0,e9,0,0,0,0,0   TimeStamp  :  39150       Distance  :  189

(PORT 1) : 6a,5,0,18,34,12,0,0,0,0,0,f9,0,d1,d,0,0,0,0,73,e1,77,6d,0,0,0,0,0   TimeStamp  :  39438       Distance  :  193

(PORT 1) : 6a,5,0,18,34,12,0,0,0,0,0,f5,0,d2,d,0,0,0,0,bf,d5,4d,1f,0,0,0,0,0   TimeStamp  :  39726       Distance  :  189

(PORT 1) : 6a,5,0,18,34,12,0,0,0,0,0,f6,0,d3,d,0,0,0,0,44,82,76,d2,0,0,0,0,0   TimeStamp  :  40014       Distance  :  190

(PORT 1) : 6a,5,0,18,34,12,0,0,0,0,0,f6,0,d4,d,0,0,0,0,81,4,8,ad,0,0,0,0,0   TimeStamp  :  40303       Distance  :  190

(PORT 1) : 6a,5,0,18,34,12,0,0,0,0,0,f5,0,d5,d,0,0,0,0,ac,95,7,6,0,0,0,0,0   TimeStamp  :  40590       Distance  :  189

(PORT 1) : 6a,5,0,18,34,12,0,0,0,0,0,f6,0,d6,d,0,0,0,0,99,55,b9,39,0,0,0,0,0   TimeStamp  :  40878       Distance  :  190

(PORT 1) : 6a,5,0,18,34,12,0,0,0,0,0,f5,0,d7,d,0,0,0,0,ca,d4,2f,6a,0,0,0,0,0   TimeStamp  :  41167       Distance  :  189

(PORT 1) : 6a,5,0,18,34,12,0,0,0,0,0,f5,0,d8,d,0,0,0,0,63,d0,3e,6d,0,0,0,0,0   TimeStamp  :  41455       Distance  :  189

(PORT 1) : 6a,5,0,18,34,12,0,0,0,0,0,f6,0,d9,d,0,0,0,0,44,b3,5,a2,0,0,0,0,0   TimeStamp  :  41742       Distance  :  190

(PORT 1) : 6a,5,0,18,34,12,0,0,0,0,0,f7,0,da,d,0,0,0,0,f8,55,e3,45,0,0,0,0,0   TimeStamp  :  42030       Distance  :  191

(PORT 1) : 6a,5,0,18,34,12,0,0,0,0,0,f5,0,db,d,0,0,0,0,24,e4,37,4b,0,0,0,0,0   TimeStamp  :  42319       Distance  :  189

(PORT 1) : 6a,5,0,18,34,12,0,0,0,0,0,f6,0,dc,d,0,0,0,0,e7,ea,12,b3,0,0,0,0,0   TimeStamp  :  42607       Distance  :  190

(PORT 1) : 6a,5,0,18,34,12,0,0,0,0,0,f5,0,dd,d,0,0,0,0,40,b7,4c,1e,0,0,0,0,0   TimeStamp  :  42895       Distance  :  189

(PORT 1) : 6a,5,0,18,34,12,0,0,0,0,0,f4,0,de,d,0,0,0,0,2,b4,8a,ab,0,0,0,0,0   TimeStamp  :  43182       Distance  :  188

(PORT 1) : 6a,5,0,18,34,12,0,0,0,0,0,f6,0,df,d,0,0,0,0,32,66,38,ae,0,0,0,0,0   TimeStamp  :  43471       Distance  :  190

(PORT 1) : 6a,5,0,18,34,12,0,0,0,0,0,f6,0,e0,d,0,0,0,0,a3,5b,8c,b7,0,0,0,0,0   TimeStamp  :  43757       Distance  :  190

(PORT 1) : 6a,5,0,18,34,12,0,0,0,0,0,f5,0,e1,d,0,0,0,0,c2,97,36,53,0,0,0,0,0   TimeStamp  :  44046       Distance  :  189

(PORT 1) : 6a,5,0,18,34,12,0,0,0,0,0,f5,0,e2,d,0,0,0,0,47,59,8,4f,0,0,0,0,0   TimeStamp  :  44333       Distance  :  189

(PORT 1) : 6a,5,0,18,34,12,0,0,0,0,0,f5,0,e3,d,0,0,0,0,a6,4f,c7,c1,0,0,0,0,0   TimeStamp  :  44622       Distance  :  189

(PORT 1) : 6a,5,0,18,34,12,0,0,0,0,0,f6,0,e4,d,0,0,0,0,f8,ab,22,b7,0,0,0,0,0   TimeStamp  :  44910       Distance  :  190

(PORT 1) : 6a,5,0,18,34,12,0,0,0,0,0,f6,0,e5,d,0,0,0,0,3,f,b3,19,0,0,0,0,0   TimeStamp  :  45198       Distance  :  190

(PORT 1) : 6a,5,0,18,34,12,0,0,0,0,0,f6,0,e6,d,0,0,0,0,1,c1,72,fb,0,0,0,0,0   TimeStamp  :  45486       Distance  :  190

(PORT 1) : 6a,5,0,18,34,12,0,0,0,0,0,f8,0,e7,d,0,0,0,0,a4,55,13,19,0,0,0,0,0   TimeStamp  :  45774       Distance  :  192

(PORT 1) : 6a,5,0,18,34,12,0,0,0,0,0,f5,0,e8,d,0,0,0,0,42,9d,23,35,0,0,0,0,0   TimeStamp  :  46062       Distance  :  189

(PORT 1) : 6a,5,0,18,34,12,0,0,0,0,0,f9,0,e9,d,0,0,0,0,b7,3d,18,af,0,0,0,0,0   TimeStamp  :  46350       Distance  :  193

(PORT 1) : 6a,5,0,18,34,12,0,0,0,0,0,f6,0,ea,d,0,0,0,0,b1,b,1d,7f,0,0,0,0,0   TimeStamp  :  46638       Distance  :  190

(PORT 1) : 6a,5,0,18,34,12,0,0,0,0,0,f5,0,eb,d,0,0,0,0,b6,ea,b1,51,0,0,0,0,0   TimeStamp  :  46926       Distance  :  189

(PORT 1) : 6a,5,0,18,34,12,0,0,0,0,0,f4,0,ec,d,0,0,0,0,19,2f,30,b7,0,0,0,0,0   TimeStamp  :  47214       Distance  :  188

(PORT 1) : 6a,5,0,18,34,12,0,0,0,0,0,f5,0,ed,d,0,0,0,0,82,f6,84,28,0,0,0,0,0   TimeStamp  :  47502       Distance  :  189

(PORT 1) : 6a,5,0,18,34,12,0,0,0,0,0,f4,0,ee,d,0,0,0,0,d7,fd,32,e9,0,0,0,0,0   TimeStamp  :  47790       Distance  :  188

(PORT 1) : 6a,5,0,18,34,12,0,0,0,0,0,f6,0,ef,d,0,0,0,0,de,66,39,fa,0,0,0,0,0   TimeStamp  :  48077       Distance  :  190

(PORT 1) : 6a,5,0,18,34,12,0,0,0,0,0,f6,0,f0,d,0,0,0,0,9b,ff,40,d5,0,0,0,0,0   TimeStamp  :  48366       Distance  :  190

(PORT 1) : 6a,5,0,18,34,12,0,0,0,0,0,f5,0,f1,d,0,0,0,0,4b,ab,ec,1d,0,0,0,0,0   TimeStamp  :  48653       Distance  :  189

(PORT 1) : 6a,5,0,18,34,12,0,0,0,0,0,f5,0,f2,d,0,0,0,0,f,ae,53,97,0,0,0,0,0   TimeStamp  :  48942       Distance  :  189

(PORT 1) : 6a,5,0,18,34,12,0,0,0,0,0,f5,0,f3,d,0,0,0,0,b7,b1,3a,4c,0,0,0,0,0   TimeStamp  :  49229       Distance  :  189

(PORT 1) : 6a,5,0,18,34,12,0,0,0,0,0,f4,0,f4,d,0,0,0,0,59,a5,c4,c8,0,0,0,0,0   TimeStamp  :  49517       Distance  :  188

(PORT 1) : 6a,5,0,18,34,12,0,0,0,0,0,f4,0,f5,d,0,0,0,0,31,ca,ac,1a,0,0,0,0,0   TimeStamp  :  49805       Distance  :  188

(PORT 1) : 6a,5,0,18,34,12,0,0,0,0,0,f4,0,f6,d,0,0,0,0,42,d8,7b,88,0,0,0,0,0   TimeStamp  :  50093       Distance  :  188

(PORT 1) : 6a,5,0,18,34,12,0,0,0,0,0,f6,0,f7,d,0,0,0,0,c8,b6,3a,a3,0,0,0,0,0   TimeStamp  :  50381       Distance  :  190

(PORT 1) : 6a,5,0,18,34,12,0,0,0,0,0,f5,0,f8,d,0,0,0,0,93,b6,b6,7b,0,0,0,0,0   TimeStamp  :  50669       Distance  :  189

(PORT 1) : 6a,5,0,18,34,12,0,0,0,0,0,f5,0,f9,d,0,0,0,0,78,1b,82,78,0,0,0,0,0   TimeStamp  :  50957       Distance  :  189

(PORT 1) : 6a,5,0,18,34,12,0,0,0,0,0,f5,0,fa,d,0,0,0,0,1b,25,fa,70,0,0,0,0,0   TimeStamp  :  51245       Distance  :  189

(PORT 1) : 6a,5,0,18,34,12,0,0,0,0,0,f5,0,fb,d,0,0,0,0,4a,d2,a0,fd,0,0,0,0,0   TimeStamp  :  51533       Distance  :  189

(PORT 1) : 6a,5,0,18,34,12,0,0,0,0,0,f4,0,fc,d,0,0,0,0,8f,6b,46,5d,0,0,0,0,0   TimeStamp  :  51821       Distance  :  188

(PORT 1) : 6a,5,0,18,34,12,0,0,0,0,0,f5,0,fd,d,0,0,0,0,eb,74,fa,dc,0,0,0,0,0   TimeStamp  :  52109       Distance  :  189

(PORT 1) : 6a,5,0,18,34,12,0,0,0,0,0,f5,0,fe,d,0,0,0,0,2e,8f,1d,b3,0,0,0,0,0   TimeStamp  :  52398       Distance  :  189

(PORT 1) : 6a,5,0,18,34,12,0,0,0,0,0,f5,0,ff,d,0,0,0,0,70,6c,5d,0,0,0,0,0,0   TimeStamp  :  52685       Distance  :  189

(PORT 1) : 6a,5,0,18,34,12,0,0,0,0,0,f4,0,0,e,0,0,0,0,c3,c9,f7,74,0,0,0,0,0   TimeStamp  :  52974       Distance  :  188

(PORT 1) : 6a,5,0,18,34,12,0,0,0,0,0,f6,0,1,e,0,0,0,0,53,a4,b9,e6,0,0,0,0,0   TimeStamp  :  53262       Distance  :  190

(PORT 1) : 6a,5,0,18,34,12,0,0,0,0,0,ef,0,2,e,0,0,0,0,76,33,f2,9a,0,0,0,0,0   TimeStamp  :  53549       Distance  :  183

(PORT 1) : 6a,5,0,18,34,12,0,0,0,0,0,f2,0,3,e,0,0,0,0,26,23,eb,4f,0,0,0,0,0   TimeStamp  :  53837       Distance  :  186

(PORT 1) : 6a,5,0,18,34,12,0,0,0,0,0,f6,0,4,e,0,0,0,0,b3,41,80,e0,0,0,0,0,0   TimeStamp  :  54125       Distance  :  190

(PORT 1) : 6a,5,0,18,34,12,0,0,0,0,0,f4,0,5,e,0,0,0,0,5,2c,1e,2b,0,0,0,0,0   TimeStamp  :  54414       Distance  :  188

(PORT 1) : 6a,5,0,18,34,12,0,0,0,0,0,f5,0,6,e,0,0,0,0,57,45,f5,e6,0,0,0,0,0   TimeStamp  :  54702       Distance  :  189

(PORT 1) : 6a,5,0,18,34,12,0,0,0,0,0,f5,0,7,e,0,0,0,0,e6,6f,cd,21,0,0,0,0,0   TimeStamp  :  54990       Distance  :  189

(PORT 1) : 6a,5,0,18,34,12,0,0,0,0,0,f5,0,8,e,0,0,0,0,39,ea,1f,e,0,0,0,0,0   TimeStamp  :  55277       Distance  :  189

(PORT 1) : 6a,5,0,18,34,12,0,0,0,0,0,f6,0,9,e,0,0,0,0,b,32,8c,e7,0,0,0,0,0   TimeStamp  :  55566       Distance  :  190

(PORT 1) : 6a,5,0,18,34,12,0,0,0,0,0,f3,0,a,e,0,0,0,0,8a,ba,2c,1,0,0,0,0,0   TimeStamp  :  55854       Distance  :  187

(PORT 1) : 6a,5,0,18,34,12,0,0,0,0,0,f4,0,b,e,0,0,0,0,fb,99,ce,81,0,0,0,0,0   TimeStamp  :  56142       Distance  :  188

(PORT 1) : 6a,5,0,18,34,12,0,0,0,0,0,f6,0,c,e,0,0,0,0,f7,97,20,c4,0,0,0,0,0   TimeStamp  :  56430       Distance  :  190

(PORT 1) : 6a,5,0,18,34,12,0,0,0,0,0,f5,0,d,e,0,0,0,0,e0,69,5,2f,0,0,0,0,0   TimeStamp  :  56718       Distance  :  189

(PORT 1) : 6a,5,0,18,34,12,0,0,0,0,0,f5,0,e,e,0,0,0,0,af,33,2b,f9,0,0,0,0,0   TimeStamp  :  57006       Distance  :  189

(PORT 1) : 6a,5,0,18,34,12,0,0,0,0,0,f6,0,f,e,0,0,0,0,c5,2f,19,f4,0,0,0,0,0   TimeStamp  :  57293       Distance  :  190

(PORT 1) : 6a,5,0,18,34,12,0,0,0,0,0,f5,0,10,e,0,0,0,0,e8,d7,78,ab,0,0,0,0,0   TimeStamp  :  57582       Distance  :  189

(PORT 1) : 6a,5,0,18,34,12,0,0,0,0,0,f5,0,11,e,0,0,0,0,b4,54,5c,d5,0,0,0,0,0   TimeStamp  :  57870       Distance  :  189

(PORT 1) : 6a,5,0,18,34,12,0,0,0,0,0,f5,0,12,e,0,0,0,0,61,48,f9,b7,0,0,0,0,0   TimeStamp  :  58158       Distance  :  189

(PORT 1) : 6a,5,0,18,34,12,0,0,0,0,0,ec,0,13,e,0,0,0,0,79,49,b1,8,0,0,0,0,0   TimeStamp  :  58446       Distance  :  180

(PORT 1) : 6a,5,0,18,34,12,0,0,0,0,0,f3,0,14,e,0,0,0,0,24,29,2f,eb,0,0,0,0,0   TimeStamp  :  58734       Distance  :  187

(PORT 1) : 6a,5,0,18,34,12,0,0,0,0,0,f7,0,15,e,0,0,0,0,57,a7,d5,3f,0,0,0,0,0   TimeStamp  :  59022       Distance  :  191

(PORT 1) : 6a,5,0,18,34,12,0,0,0,0,0,f5,0,16,e,0,0,0,0,9,d2,af,d,0,0,0,0,0   TimeStamp  :  59310       Distance  :  189

(PORT 1) : 6a,5,0,18,34,12,0,0,0,0,0,f6,0,17,e,0,0,0,0,e9,9d,f2,27,0,0,0,0,0   TimeStamp  :  59598       Distance  :  190

(PORT 1) : 6a,5,0,18,34,12,0,0,0,0,0,f8,0,18,e,0,0,0,0,21,ac,f6,99,0,0,0,0,0   TimeStamp  :  59886       Distance  :  192

(PORT 1) : 6a,5,0,18,34,12,0,0,0,0,0,ed,0,19,e,0,0,0,0,b7,ad,d0,c2,0,0,0,0,0   TimeStamp  :  60174       Distance  :  181

(PORT 1) : 6a,5,0,18,34,12,0,0,0,0,0,f6,0,1a,e,0,0,0,0,cf,6d,1d,5f,0,0,0,0,0   TimeStamp  :  60462       Distance  :  190

(PORT 1) : 6a,5,0,18,34,12,0,0,0,0,0,f6,0,1b,e,0,0,0,0,e2,3a,af,55,0,0,0,0,0   TimeStamp  :  60750       Distance  :  190

(PORT 1) : 6a,5,0,18,34,12,0,0,0,0,0,f6,0,1c,e,0,0,0,0,22,fd,84,56,0,0,0,0,0   TimeStamp  :  61038       Distance  :  190

(PORT 1) : 6a,5,0,18,34,12,0,0,0,0,0,f3,0,1d,e,0,0,0,0,7b,a0,49,7e,0,0,0,0,0   TimeStamp  :  61325       Distance  :  187

(PORT 1) : 6a,5,0,18,34,12,0,0,0,0,0,f6,0,1e,e,0,0,0,0,2e,49,ae,99,0,0,0,0,0   TimeStamp  :  61613       Distance  :  190

(PORT 1) : 6a,5,0,18,34,12,0,0,0,0,0,f4,0,1f,e,0,0,0,0,d4,41,b8,15,0,0,0,0,0   TimeStamp  :  61900       Distance  :  188

(PORT 1) : 6a,5,0,18,34,12,0,0,0,0,0,f5,0,20,e,0,0,0,0,49,8d,e0,7a,0,0,0,0,0   TimeStamp  :  62189       Distance  :  189

(PORT 1) : 6a,5,0,18,34,12,0,0,0,0,0,f5,0,21,e,0,0,0,0,3a,b8,81,d3,0,0,0,0,0   TimeStamp  :  62478       Distance  :  189

(PORT 1) : 6a,5,0,18,34,12,0,0,0,0,0,f5,0,22,e,0,0,0,0,77,3,d5,6d,0,0,0,0,0   TimeStamp  :  62768       Distance  :  189

(PORT 1) : 6a,5,0,18,34,12,0,0,0,0,0,f5,0,23,e,0,0,0,0,bd,2d,74,61,0,0,0,0,0   TimeStamp  :  63053       Distance  :  189

(PORT 1) : 6a,5,0,18,34,12,0,0,0,0,0,f5,0,24,e,0,0,0,0,7b,99,63,80,0,0,0,0,0   TimeStamp  :  63341       Distance  :  189

(PORT 1) : 6a,5,0,18,34,12,0,0,0,0,0,f5,0,25,e,0,0,0,0,b8,7,de,15,0,0,0,0,0   TimeStamp  :  63630       Distance  :  189

(PORT 1) : 6a,5,0,18,34,12,0,0,0,0,0,f5,0,26,e,0,0,0,0,15,c4,9e,2f,0,0,0,0,0   TimeStamp  :  63917       Distance  :  189

(PORT 1) : 6a,5,0,18,34,12,0,0,0,0,0,f4,0,27,e,0,0,0,0,94,b9,5c,52,0,0,0,0,0   TimeStamp  :  64206       Distance  :  188

(PORT 1) : 6a,5,0,18,34,12,0,0,0,0,0,f7,0,28,e,0,0,0,0,c3,90,ee,3a,0,0,0,0,0   TimeStamp  :  64494       Distance  :  191
