
(PORT 1) : 6a,5,0,18,21,43,65,87,0,0,0,f0,0,25,0,0,0,0,0,5a,c1,78,a2,0,0,0,0,0   TimeStamp  :  264387       Distance  :  240

(PORT 1) : 6a,5,0,18,21,43,65,87,0,5,1,c4,0,26,0,0,0,0,0,b2,2d,d,c1,0,0,0,0,0   TimeStamp  :  82       Distance  :  196

(PORT 1) : 6a,5,0,18,21,43,65,87,0,0,0,ef,0,27,0,0,0,0,0,e1,aa,74,89,0,0,0,0,0   TimeStamp  :  178       Distance  :  239

(PORT 1) : 6a,5,0,18,21,43,65,87,0,0,0,f0,0,28,0,0,0,0,0,8c,49,eb,4c,0,0,0,0,0   TimeStamp  :  274       Distance  :  240

(PORT 1) : 6a,5,0,18,21,43,65,87,0,0,0,f1,0,29,0,0,0,0,0,31,11,62,44,0,0,0,0,0   TimeStamp  :  371       Distance  :  241

(PORT 1) : 6a,5,0,18,21,43,65,87,0,0,0,d6,0,2a,0,0,0,0,0,79,3a,19,53,0,0,0,0,0   TimeStamp  :  465       Distance  :  214

(PORT 1) : 6a,5,0,18,21,43,65,87,0,0,0,f2,0,2b,0,0,0,0,0,30,f,ef,54,0,0,0,0,0   TimeStamp  :  561       Distance  :  242

(PORT 1) : 6a,5,0,18,21,43,65,87,0,0,0,f1,0,2c,0,0,0,0,0,2b,82,99,84,0,0,0,0,0   TimeStamp  :  658       Distance  :  241

(PORT 1) : 6a,5,0,18,21,43,65,87,0,0,0,ed,0,2d,0,0,0,0,0,9c,ba,49,af,0,0,0,0,0   TimeStamp  :  753       Distance  :  237

(PORT 1) : 6a,5,0,18,21,43,65,87,0,0,0,ed,0,2e,0,0,0,0,0,e3,ce,d7,70,0,0,0,0,0   TimeStamp  :  849       Distance  :  237

(PORT 1) : 6a,5,0,18,21,43,65,87,0,0,0,ef,0,2f,0,0,0,0,0,e8,5a,ed,ba,0,0,0,0,0   TimeStamp  :  945       Distance  :  239

(PORT 1) : 6a,5,0,18,21,43,65,87,0,0,0,ee,0,30,0,0,0,0,0,25,67,7b,fc,0,0,0,0,0   TimeStamp  :  1041       Distance  :  238

(PORT 1) : 6a,5,0,18,21,43,65,87,0,3,1,be,0,31,0,0,0,0,0,55,36,b0,3e,0,0,0,0,0   TimeStamp  :  1138       Distance  :  190

(PORT 1) : 6a,5,0,18,21,43,65,87,0,0,0,ef,0,32,0,0,0,0,0,29,25,82,72,0,0,0,0,0   TimeStamp  :  1235       Distance  :  239

(PORT 1) : 6a,5,0,18,21,43,65,87,0,0,0,ea,0,33,0,0,0,0,0,5c,cf,c6,18,0,0,0,0,0   TimeStamp  :  1329       Distance  :  234

(PORT 1) : 6a,5,0,18,21,43,65,87,0,4,0,d7,0,34,0,0,0,0,0,ac,86,c3,c8,0,0,0,0,0   TimeStamp  :  1426       Distance  :  215

(PORT 1) : 6a,5,0,18,21,43,65,87,0,0,0,d5,0,35,0,0,0,0,0,da,4a,3a,de,0,0,0,0,0   TimeStamp  :  1522       Distance  :  213

(PORT 1) : 6a,5,0,18,21,43,65,87,0,0,0,eb,0,36,0,0,0,0,0,9,13,0,69,0,0,0,0,0   TimeStamp  :  1618       Distance  :  235

(PORT 1) : 6a,5,0,18,21,43,65,87,0,0,0,f1,0,37,0,0,0,0,0,bb,12,6a,f8,0,0,0,0,0   TimeStamp  :  1714       Distance  :  241

(PORT 1) : 6a,5,0,18,21,43,65,87,0,0,0,ec,0,38,0,0,0,0,0,88,b1,a7,33,0,0,0,0,0   TimeStamp  :  1809       Distance  :  236

(PORT 1) : 6a,5,0,18,21,43,65,87,0,0,1,d7,0,39,0,0,0,0,0,6f,82,df,7e,0,0,0,0,0   TimeStamp  :  1906       Distance  :  215

(PORT 1) : 6a,5,0,18,21,43,65,87,0,0,0,ef,0,3a,0,0,0,0,0,60,26,44,76,0,0,0,0,0   TimeStamp  :  2001       Distance  :  239

(PORT 1) : 6a,5,0,18,21,43,65,87,0,0,0,f1,0,3b,0,0,0,0,0,59,15,f9,c8,0,0,0,0,0   TimeStamp  :  2098       Distance  :  241

(PORT 1) : 6a,5,0,18,21,43,65,87,0,0,0,eb,0,3c,0,0,0,0,0,36,a2,25,98,0,0,0,0,0   TimeStamp  :  2194       Distance  :  235

(PORT 1) : 6a,5,0,18,21,43,65,87,0,0,0,f1,0,3d,0,0,0,0,0,7c,aa,1e,bf,0,0,0,0,0   TimeStamp  :  2289       Distance  :  241

(PORT 1) : 6a,5,0,18,21,43,65,87,0,0,0,ee,0,3e,0,0,0,0,0,a9,ee,25,1a,0,0,0,0,0   TimeStamp  :  2386       Distance  :  238

(PORT 1) : 6a,5,0,18,21,43,65,87,0,0,0,f1,0,3f,0,0,0,0,0,d4,cb,bc,c8,0,0,0,0,0   TimeStamp  :  2482       Distance  :  241

(PORT 1) : 6a,5,0,18,21,43,65,87,0,0,0,ed,0,40,0,0,0,0,0,d2,ab,9,a3,0,0,0,0,0   TimeStamp  :  2578       Distance  :  237

(PORT 1) : 6a,5,0,18,21,43,65,87,0,0,0,ee,0,41,0,0,0,0,0,be,90,8a,57,0,0,0,0,0   TimeStamp  :  2674       Distance  :  238

(PORT 1) : 6a,5,0,18,21,43,65,87,0,0,0,ed,0,42,0,0,0,0,0,2c,20,f0,8d,0,0,0,0,0   TimeStamp  :  2769       Distance  :  237

(PORT 1) : 6a,5,0,18,21,43,65,87,0,3,1,d8,0,43,0,0,0,0,0,cc,8f,f7,51,0,0,0,0,0   TimeStamp  :  2865       Distance  :  216

(PORT 1) : 6a,5,0,18,21,43,65,87,0,0,1,be,0,44,0,0,0,0,0,2f,42,c5,cb,0,0,0,0,0   TimeStamp  :  2961       Distance  :  190

(PORT 1) : 6a,5,0,18,21,43,65,87,0,0,0,f0,0,45,0,0,0,0,0,97,7c,45,37,0,0,0,0,0   TimeStamp  :  3057       Distance  :  240

(PORT 1) : 6a,5,0,18,21,43,65,87,0,0,0,f2,0,46,0,0,0,0,0,54,40,6d,8c,0,0,0,0,0   TimeStamp  :  3153       Distance  :  242

(PORT 1) : 6a,5,0,18,21,43,65,87,0,0,0,ed,0,47,0,0,0,0,0,cd,9c,fc,6b,0,0,0,0,0   TimeStamp  :  3249       Distance  :  237

(PORT 1) : 6a,5,0,18,21,43,65,87,0,0,0,eb,0,48,0,0,0,0,0,c0,db,69,d9,0,0,0,0,0   TimeStamp  :  3346       Distance  :  235

(PORT 1) : 6a,5,0,18,21,43,65,87,0,0,0,ed,0,49,0,0,0,0,0,80,d4,d3,e7,0,0,0,0,0   TimeStamp  :  3441       Distance  :  237

(PORT 1) : 6a,5,0,18,21,43,65,87,0,0,0,ec,0,4a,0,0,0,0,0,d8,77,bd,87,0,0,0,0,0   TimeStamp  :  3537       Distance  :  236

(PORT 1) : 6a,5,0,18,21,43,65,87,0,0,0,e5,0,4b,0,0,0,0,0,e7,c,f8,f1,0,0,0,0,0   TimeStamp  :  3634       Distance  :  229

(PORT 1) : 6a,5,0,18,21,43,65,87,0,0,0,f2,0,4c,0,0,0,0,0,52,d4,ac,21,0,0,0,0,0   TimeStamp  :  3730       Distance  :  242

(PORT 1) : 6a,5,0,18,21,43,65,87,0,0,0,ed,0,4d,0,0,0,0,0,6d,11,f6,73,0,0,0,0,0   TimeStamp  :  3826       Distance  :  237

(PORT 1) : 6a,5,0,18,21,43,65,87,0,0,0,ee,0,4e,0,0,0,0,0,b9,6a,bb,52,0,0,0,0,0   TimeStamp  :  3921       Distance  :  238

(PORT 1) : 6a,5,0,18,21,43,65,87,0,0,0,ec,0,4f,0,0,0,0,0,e0,9b,a1,6a,0,0,0,0,0   TimeStamp  :  4018       Distance  :  236

(PORT 1) : 6a,5,0,18,21,43,65,87,0,0,0,ef,0,50,0,0,0,0,0,b9,6b,9e,a0,0,0,0,0,0   TimeStamp  :  4114       Distance  :  239

(PORT 1) : 6a,5,0,18,21,43,65,87,0,0,0,f0,0,51,0,0,0,0,0,9,60,82,81,0,0,0,0,0   TimeStamp  :  4210       Distance  :  240

(PORT 1) : 6a,5,0,18,21,43,65,87,0,0,0,f0,0,52,0,0,0,0,0,6a,46,c2,81,0,0,0,0,0   TimeStamp  :  4306       Distance  :  240

(PORT 1) : 6a,5,0,18,21,43,65,87,0,0,0,f0,0,53,0,0,0,0,0,c,72,20,74,0,0,0,0,0   TimeStamp  :  4402       Distance  :  240

(PORT 1) : 6a,5,0,18,21,43,65,87,0,0,0,f0,0,54,0,0,0,0,0,4f,2e,1,37,0,0,0,0,0   TimeStamp  :  4497       Distance  :  240

(PORT 1) : 6a,5,0,18,21,43,65,87,0,0,0,ec,0,55,0,0,0,0,0,af,3a,1,ce,0,0,0,0,0   TimeStamp  :  4595       Distance  :  236

(PORT 1) : 6a,5,0,18,21,43,65,87,0,0,0,f0,0,56,0,0,0,0,0,51,73,65,87,0,0,0,0,0   TimeStamp  :  4690       Distance  :  240

(PORT 1) : 6a,5,0,18,21,43,65,87,0,0,0,ee,0,57,0,0,0,0,0,9a,6b,46,f6,0,0,0,0,0   TimeStamp  :  4786       Distance  :  238

(PORT 1) : 6a,5,0,18,21,43,65,87,0,4,0,da,0,58,0,0,0,0,0,31,6e,6c,8a,0,0,0,0,0   TimeStamp  :  4882       Distance  :  218

(PORT 1) : 6a,5,0,18,21,43,65,87,0,3,1,bf,0,59,0,0,0,0,0,48,9,e6,ec,0,0,0,0,0   TimeStamp  :  4978       Distance  :  191

(PORT 1) : 6a,5,0,18,21,43,65,87,0,0,1,be,0,5a,0,0,0,0,0,c,6c,46,97,0,0,0,0,0   TimeStamp  :  5075       Distance  :  190

(PORT 1) : 6a,5,0,18,21,43,65,87,0,0,1,d5,0,5b,0,0,0,0,0,83,68,f3,9c,0,0,0,0,0   TimeStamp  :  5170       Distance  :  213

(PORT 1) : 6a,5,0,18,21,43,65,87,0,0,0,ee,0,5c,0,0,0,0,0,cc,3a,67,43,0,0,0,0,0   TimeStamp  :  5266       Distance  :  238

(PORT 1) : 6a,5,0,18,21,43,65,87,0,0,0,ee,0,5d,0,0,0,0,0,12,ed,45,82,0,0,0,0,0   TimeStamp  :  5362       Distance  :  238

(PORT 1) : 6a,5,0,18,21,43,65,87,0,0,0,eb,0,5e,0,0,0,0,0,14,53,e7,a5,0,0,0,0,0   TimeStamp  :  5459       Distance  :  235

(PORT 1) : 6a,5,0,18,21,43,65,87,0,0,0,eb,0,5f,0,0,0,0,0,e9,d5,f,3f,0,0,0,0,0   TimeStamp  :  5554       Distance  :  235

(PORT 1) : 6a,5,0,18,21,43,65,87,0,0,0,f0,0,60,0,0,0,0,0,69,bf,52,e6,0,0,0,0,0   TimeStamp  :  5650       Distance  :  240

(PORT 1) : 6a,5,0,18,21,43,65,87,0,0,0,ee,0,61,0,0,0,0,0,24,e9,cc,1b,0,0,0,0,0   TimeStamp  :  5746       Distance  :  238

(PORT 1) : 6a,5,0,18,21,43,65,87,0,0,0,ee,0,62,0,0,0,0,0,21,8a,9d,86,0,0,0,0,0   TimeStamp  :  5842       Distance  :  238

(PORT 1) : 6a,5,0,18,21,43,65,87,0,0,0,ef,0,63,0,0,0,0,0,68,be,af,e3,0,0,0,0,0   TimeStamp  :  5938       Distance  :  239

(PORT 1) : 6a,5,0,18,21,43,65,87,0,0,0,ec,0,64,0,0,0,0,0,2a,b6,4e,c0,0,0,0,0,0   TimeStamp  :  6033       Distance  :  236

(PORT 1) : 6a,5,0,18,21,43,65,87,0,0,0,ed,0,65,0,0,0,0,0,5f,ed,bf,cd,0,0,0,0,0   TimeStamp  :  6130       Distance  :  237

(PORT 1) : 6a,5,0,18,21,43,65,87,0,0,1,d5,0,66,0,0,0,0,0,c3,14,35,d3,0,0,0,0,0   TimeStamp  :  6226       Distance  :  213

(PORT 1) : 6a,5,0,18,21,43,65,87,0,0,0,ee,0,67,0,0,0,0,0,84,9d,6d,34,0,0,0,0,0   TimeStamp  :  6323       Distance  :  238

(PORT 1) : 6a,5,0,18,21,43,65,87,0,0,0,ee,0,68,0,0,0,0,0,6d,50,5a,5b,0,0,0,0,0   TimeStamp  :  6418       Distance  :  238

(PORT 1) : 6a,5,0,18,21,43,65,87,0,0,0,ef,0,69,0,0,0,0,0,a4,1d,c1,96,0,0,0,0,0   TimeStamp  :  6515       Distance  :  239

(PORT 1) : 6a,5,0,18,21,43,65,87,0,0,0,d6,0,6a,0,0,0,0,0,73,4a,de,84,0,0,0,0,0   TimeStamp  :  6610       Distance  :  214

(PORT 1) : 6a,5,0,18,21,43,65,87,0,0,0,d4,0,6b,0,0,0,0,0,49,25,aa,7f,0,0,0,0,0   TimeStamp  :  6706       Distance  :  212

(PORT 1) : 6a,5,0,18,21,43,65,87,0,0,0,ed,0,6c,0,0,0,0,0,9c,fb,70,60,0,0,0,0,0   TimeStamp  :  6801       Distance  :  237

(PORT 1) : 6a,5,0,18,21,43,65,87,0,0,0,f0,0,6d,0,0,0,0,0,6c,53,ba,62,0,0,0,0,0   TimeStamp  :  6898       Distance  :  240

(PORT 1) : 6a,5,0,18,21,43,65,87,0,0,0,ec,0,6e,0,0,0,0,0,7,d5,71,3e,0,0,0,0,0   TimeStamp  :  6994       Distance  :  236

(PORT 1) : 6a,5,0,18,21,43,65,87,0,0,0,ef,0,6f,0,0,0,0,0,51,5d,83,d4,0,0,0,0,0   TimeStamp  :  7090       Distance  :  239

(PORT 1) : 6a,5,0,18,21,43,65,87,0,0,0,f1,0,70,0,0,0,0,0,f8,15,30,c5,0,0,0,0,0   TimeStamp  :  7185       Distance  :  241

(PORT 1) : 6a,5,0,18,21,43,65,87,0,0,0,ed,0,71,0,0,0,0,0,2b,8e,90,4c,0,0,0,0,0   TimeStamp  :  7282       Distance  :  237

(PORT 1) : 6a,5,0,18,21,43,65,87,0,0,0,f1,0,72,0,0,0,0,0,5f,18,30,c2,0,0,0,0,0   TimeStamp  :  7378       Distance  :  241

(PORT 1) : 6a,5,0,18,21,43,65,87,0,0,0,d6,0,73,0,0,0,0,0,c6,32,86,cf,0,0,0,0,0   TimeStamp  :  7474       Distance  :  214

(PORT 1) : 6a,5,0,18,21,43,65,87,0,0,0,ef,0,74,0,0,0,0,0,b6,8f,8f,a5,0,0,0,0,0   TimeStamp  :  7569       Distance  :  239

(PORT 1) : 6a,5,0,18,21,43,65,87,0,0,0,f1,0,75,0,0,0,0,0,23,66,10,f8,0,0,0,0,0   TimeStamp  :  7666       Distance  :  241

(PORT 1) : 6a,5,0,18,21,43,65,87,0,0,1,c0,0,76,0,0,0,0,0,35,c,cb,cf,0,0,0,0,0   TimeStamp  :  7762       Distance  :  192

(PORT 1) : 6a,5,0,18,21,43,65,87,0,0,0,eb,0,77,0,0,0,0,0,f0,e1,86,cd,0,0,0,0,0   TimeStamp  :  7858       Distance  :  235

(PORT 1) : 6a,5,0,18,21,43,65,87,0,0,0,f0,0,78,0,0,0,0,0,95,f0,a5,10,0,0,0,0,0   TimeStamp  :  7954       Distance  :  240

(PORT 1) : 6a,5,0,18,21,43,65,87,0,0,0,ed,0,79,0,0,0,0,0,17,6d,ba,f7,0,0,0,0,0   TimeStamp  :  8050       Distance  :  237

(PORT 1) : 6a,5,0,18,21,43,65,87,0,4,0,d6,0,7a,0,0,0,0,0,c3,35,7b,8,0,0,0,0,0   TimeStamp  :  8145       Distance  :  214

(PORT 1) : 6a,5,0,18,21,43,65,87,0,0,0,ef,0,7b,0,0,0,0,0,d8,59,de,45,0,0,0,0,0   TimeStamp  :  8243       Distance  :  239

(PORT 1) : 6a,5,0,18,21,43,65,87,0,0,0,ee,0,7c,0,0,0,0,0,9d,f,ff,cd,0,0,0,0,0   TimeStamp  :  8338       Distance  :  238

(PORT 1) : 6a,5,0,18,21,43,65,87,0,0,0,d3,0,7d,0,0,0,0,0,58,56,d7,9d,0,0,0,0,0   TimeStamp  :  8434       Distance  :  211

(PORT 1) : 6a,5,0,18,21,43,65,87,0,0,0,f1,0,7e,0,0,0,0,0,37,d9,c1,56,0,0,0,0,0   TimeStamp  :  8530       Distance  :  241

(PORT 1) : 6a,5,0,18,21,43,65,87,0,0,0,ef,0,7f,0,0,0,0,0,77,4f,18,34,0,0,0,0,0   TimeStamp  :  8625       Distance  :  239

(PORT 1) : 6a,5,0,18,21,43,65,87,0,0,0,eb,0,80,0,0,0,0,0,2c,90,43,6f,0,0,0,0,0   TimeStamp  :  8722       Distance  :  235

(PORT 1) : 6a,5,0,18,21,43,65,87,0,0,1,b9,0,81,0,0,0,0,0,8d,8a,97,c1,0,0,0,0,0   TimeStamp  :  8818       Distance  :  185

(PORT 1) : 6a,5,0,18,21,43,65,87,0,0,0,f0,0,82,0,0,0,0,0,df,56,8,41,0,0,0,0,0   TimeStamp  :  8914       Distance  :  240

(PORT 1) : 6a,5,0,18,21,43,65,87,0,0,1,b9,0,83,0,0,0,0,0,bf,8f,bb,60,0,0,0,0,0   TimeStamp  :  9009       Distance  :  185

(PORT 1) : 6a,5,0,18,21,43,65,87,0,0,0,ec,0,84,0,0,0,0,0,ce,5e,b,1d,0,0,0,0,0   TimeStamp  :  9106       Distance  :  236

(PORT 1) : 6a,5,0,18,21,43,65,87,0,0,0,ee,0,85,0,0,0,0,0,32,9a,e8,c9,0,0,0,0,0   TimeStamp  :  9202       Distance  :  238

(PORT 1) : 6a,5,0,18,21,43,65,87,0,0,0,ef,0,86,0,0,0,0,0,6,4d,94,e0,0,0,0,0,0   TimeStamp  :  9298       Distance  :  239

(PORT 1) : 6a,5,0,18,21,43,65,87,0,0,1,d7,0,87,0,0,0,0,0,b1,ea,73,3c,0,0,0,0,0   TimeStamp  :  9394       Distance  :  215

(PORT 1) : 6a,5,0,18,21,43,65,87,0,0,0,ee,0,88,0,0,0,0,0,4c,48,84,8b,0,0,0,0,0   TimeStamp  :  9490       Distance  :  238

(PORT 1) : 6a,5,0,18,21,43,65,87,0,0,0,f2,0,89,0,0,0,0,0,dc,b0,23,95,0,0,0,0,0   TimeStamp  :  9586       Distance  :  242

(PORT 1) : 6a,5,0,18,21,43,65,87,0,0,0,ed,0,8a,0,0,0,0,0,92,59,6d,75,0,0,0,0,0   TimeStamp  :  9682       Distance  :  237

(PORT 1) : 6a,5,0,18,21,43,65,87,0,0,0,eb,0,8b,0,0,0,0,0,42,88,26,bb,0,0,0,0,0   TimeStamp  :  9778       Distance  :  235

(PORT 1) : 6a,5,0,18,21,43,65,87,0,0,0,ea,0,8c,0,0,0,0,0,9a,2e,23,2a,0,0,0,0,0   TimeStamp  :  9875       Distance  :  234

(PORT 1) : 6a,5,0,18,21,43,65,87,0,0,0,f1,0,8d,0,0,0,0,0,66,9a,f1,cd,0,0,0,0,0   TimeStamp  :  9969       Distance  :  241

(PORT 1) : 6a,5,0,18,21,43,65,87,0,0,0,ee,0,8e,0,0,0,0,0,37,b,f2,99,0,0,0,0,0   TimeStamp  :  10066       Distance  :  238

(PORT 1) : 6a,5,0,18,21,43,65,87,0,0,0,ef,0,8f,0,0,0,0,0,67,e6,24,93,0,0,0,0,0   TimeStamp  :  10162       Distance  :  239

(PORT 1) : 6a,5,0,18,21,43,65,87,0,0,0,ee,0,90,0,0,0,0,0,bb,55,df,20,0,0,0,0,0   TimeStamp  :  10258       Distance  :  238

(PORT 1) : 6a,5,0,18,21,43,65,87,0,0,0,d5,0,91,0,0,0,0,0,8d,1c,9c,4,0,0,0,0,0   TimeStamp  :  10353       Distance  :  213

(PORT 1) : 6a,5,0,18,21,43,65,87,0,0,0,ef,0,92,0,0,0,0,0,f4,91,87,e0,0,0,0,0,0   TimeStamp  :  10450       Distance  :  239

(PORT 1) : 6a,5,0,18,21,43,65,87,0,0,1,d6,0,93,0,0,0,0,0,42,91,29,3e,0,0,0,0,0   TimeStamp  :  10546       Distance  :  214

(PORT 1) : 6a,5,0,18,21,43,65,87,0,0,0,ee,0,94,0,0,0,0,0,36,69,6e,b0,0,0,0,0,0   TimeStamp  :  10641       Distance  :  238

(PORT 1) : 6a,5,0,18,21,43,65,87,0,0,1,bf,0,95,0,0,0,0,0,1b,e0,d2,b1,0,0,0,0,0   TimeStamp  :  10737       Distance  :  191

(PORT 1) : 6a,5,0,18,21,43,65,87,0,0,0,f1,0,96,0,0,0,0,0,90,3e,21,27,0,0,0,0,0   TimeStamp  :  10833       Distance  :  241

(PORT 1) : 6a,5,0,18,21,43,65,87,0,0,0,ec,0,97,0,0,0,0,0,23,59,33,87,0,0,0,0,0   TimeStamp  :  10929       Distance  :  236

(PORT 1) : 6a,5,0,18,21,43,65,87,0,0,0,ef,0,98,0,0,0,0,0,22,5a,a6,a4,0,0,0,0,0   TimeStamp  :  11025       Distance  :  239

(PORT 1) : 6a,5,0,18,21,43,65,87,0,0,0,f0,0,99,0,0,0,0,0,3c,98,c9,d,0,0,0,0,0   TimeStamp  :  11122       Distance  :  240

(PORT 1) : 6a,5,0,18,21,43,65,87,0,0,0,ec,0,9a,0,0,0,0,0,a2,c3,9a,d0,0,0,0,0,0   TimeStamp  :  11218       Distance  :  236

(PORT 1) : 6a,5,0,18,21,43,65,87,0,0,0,ec,0,9b,0,0,0,0,0,da,b5,53,b9,0,0,0,0,0   TimeStamp  :  11313       Distance  :  236

(PORT 1) : 6a,5,0,18,21,43,65,87,0,0,0,ee,0,9c,0,0,0,0,0,5c,aa,6b,98,0,0,0,0,0   TimeStamp  :  11409       Distance  :  238

(PORT 1) : 6a,5,0,18,21,43,65,87,0,0,0,ee,0,9d,0,0,0,0,0,9a,cd,b9,28,0,0,0,0,0   TimeStamp  :  11506       Distance  :  238

(PORT 1) : 6a,5,0,18,21,43,65,87,0,0,0,eb,0,9e,0,0,0,0,0,a1,fc,16,d6,0,0,0,0,0   TimeStamp  :  11600       Distance  :  235

(PORT 1) : 6a,5,0,18,21,43,65,87,0,0,0,ef,0,9f,0,0,0,0,0,b2,43,18,ce,0,0,0,0,0   TimeStamp  :  11697       Distance  :  239

(PORT 1) : 6a,5,0,18,21,43,65,87,0,0,0,f0,0,a0,0,0,0,0,0,b1,96,2f,36,0,0,0,0,0   TimeStamp  :  11792       Distance  :  240

(PORT 1) : 6a,5,0,18,21,43,65,87,0,0,0,ee,0,a1,0,0,0,0,0,1a,2b,cf,9b,0,0,0,0,0   TimeStamp  :  11889       Distance  :  238

(PORT 1) : 6a,5,0,18,21,43,65,87,0,0,0,ef,0,a2,0,0,0,0,0,1d,97,c5,2b,0,0,0,0,0   TimeStamp  :  11984       Distance  :  239

(PORT 1) : 6a,5,0,18,21,43,65,87,0,0,0,ef,0,a3,0,0,0,0,0,f4,d0,cb,62,0,0,0,0,0   TimeStamp  :  12080       Distance  :  239

(PORT 1) : 6a,5,0,18,21,43,65,87,0,0,0,d3,0,a4,0,0,0,0,0,e6,ed,f7,23,0,0,0,0,0   TimeStamp  :  12176       Distance  :  211

(PORT 1) : 6a,5,0,18,21,43,65,87,0,0,0,ef,0,a5,0,0,0,0,0,58,bc,94,c8,0,0,0,0,0   TimeStamp  :  12273       Distance  :  239

(PORT 1) : 6a,5,0,18,21,43,65,87,0,0,0,ed,0,a6,0,0,0,0,0,1f,3b,7b,12,0,0,0,0,0   TimeStamp  :  12368       Distance  :  237

(PORT 1) : 6a,5,0,18,21,43,65,87,0,0,0,f0,0,a7,0,0,0,0,0,17,d3,59,c6,0,0,0,0,0   TimeStamp  :  12465       Distance  :  240

(PORT 1) : 6a,5,0,18,21,43,65,87,0,0,0,ef,0,a8,0,0,0,0,0,51,6d,82,5b,0,0,0,0,0   TimeStamp  :  12561       Distance  :  239

(PORT 1) : 6a,5,0,18,21,43,65,87,0,0,0,ee,0,a9,0,0,0,0,0,11,a1,5a,bb,0,0,0,0,0   TimeStamp  :  12656       Distance  :  238

(PORT 1) : 6a,5,0,18,21,43,65,87,0,0,0,ed,0,aa,0,0,0,0,0,b8,46,e3,2e,0,0,0,0,0   TimeStamp  :  12753       Distance  :  237

(PORT 1) : 6a,5,0,18,21,43,65,87,0,0,1,d8,0,ab,0,0,0,0,0,1e,66,ab,1,0,0,0,0,0   TimeStamp  :  12849       Distance  :  216

(PORT 1) : 6a,5,0,18,21,43,65,87,0,0,0,ef,0,ac,0,0,0,0,0,7f,8c,b1,12,0,0,0,0,0   TimeStamp  :  12946       Distance  :  239

(PORT 1) : 6a,5,0,18,21,43,65,87,0,0,0,ee,0,ad,0,0,0,0,0,52,96,16,83,0,0,0,0,0   TimeStamp  :  13042       Distance  :  238

(PORT 1) : 6a,5,0,18,21,43,65,87,0,0,0,ee,0,ae,0,0,0,0,0,88,8c,b7,47,0,0,0,0,0   TimeStamp  :  13137       Distance  :  238

(PORT 1) : 6a,5,0,18,21,43,65,87,0,0,0,f0,0,af,0,0,0,0,0,e8,d7,d3,3e,0,0,0,0,0   TimeStamp  :  13234       Distance  :  240

(PORT 1) : 6a,5,0,18,21,43,65,87,0,0,0,d6,0,b0,0,0,0,0,0,9e,7,f1,35,0,0,0,0,0   TimeStamp  :  13330       Distance  :  214

(PORT 1) : 6a,5,0,18,21,43,65,87,0,0,0,f2,0,b1,0,0,0,0,0,c6,5c,22,be,0,0,0,0,0   TimeStamp  :  13426       Distance  :  242

(PORT 1) : 6a,5,0,18,21,43,65,87,0,0,0,ee,0,b2,0,0,0,0,0,6e,b1,4e,de,0,0,0,0,0   TimeStamp  :  13522       Distance  :  238

(PORT 1) : 6a,5,0,18,21,43,65,87,0,0,0,ec,0,b3,0,0,0,0,0,e4,f1,94,b6,0,0,0,0,0   TimeStamp  :  13617       Distance  :  236

(PORT 1) : 6a,5,0,18,21,43,65,87,0,0,0,ec,0,b4,0,0,0,0,0,0,ff,5f,a5,0,0,0,0,0   TimeStamp  :  13713       Distance  :  236

(PORT 1) : 6a,5,0,18,21,43,65,87,0,3,1,d8,0,b5,0,0,0,0,0,e7,b2,c1,d6,0,0,0,0,0   TimeStamp  :  13809       Distance  :  216

(PORT 1) : 6a,5,0,18,21,43,65,87,0,0,0,ec,0,b6,0,0,0,0,0,13,46,34,2a,0,0,0,0,0   TimeStamp  :  13906       Distance  :  236

(PORT 1) : 6a,5,0,18,21,43,65,87,0,0,0,ef,0,b7,0,0,0,0,0,33,4,46,90,0,0,0,0,0   TimeStamp  :  14001       Distance  :  239

(PORT 1) : 6a,5,0,18,21,43,65,87,0,0,1,d4,0,b8,0,0,0,0,0,b,7f,c2,f2,0,0,0,0,0   TimeStamp  :  14098       Distance  :  212

(PORT 1) : 6a,5,0,18,21,43,65,87,0,0,0,ec,0,b9,0,0,0,0,0,13,ce,15,12,0,0,0,0,0   TimeStamp  :  14194       Distance  :  236

(PORT 1) : 6a,5,0,18,21,43,65,87,0,0,0,f0,0,ba,0,0,0,0,0,9c,4e,ab,36,0,0,0,0,0   TimeStamp  :  14289       Distance  :  240

(PORT 1) : 6a,5,0,18,21,43,65,87,0,0,0,ef,0,bb,0,0,0,0,0,4e,cf,e,a3,0,0,0,0,0   TimeStamp  :  14385       Distance  :  239

(PORT 1) : 6a,5,0,18,21,43,65,87,0,0,0,ef,0,bc,0,0,0,0,0,a6,c9,67,e6,0,0,0,0,0   TimeStamp  :  14482       Distance  :  239

(PORT 1) : 6a,5,0,18,21,43,65,87,0,0,0,ee,0,bd,0,0,0,0,0,56,74,f,fb,0,0,0,0,0   TimeStamp  :  14577       Distance  :  238

(PORT 1) : 6a,5,0,18,21,43,65,87,0,0,0,ee,0,be,0,0,0,0,0,a,46,53,88,0,0,0,0,0   TimeStamp  :  14674       Distance  :  238

(PORT 1) : 6a,5,0,18,21,43,65,87,0,0,0,ef,0,bf,0,0,0,0,0,58,16,4c,14,0,0,0,0,0   TimeStamp  :  14770       Distance  :  239

(PORT 1) : 6a,5,0,18,21,43,65,87,0,0,0,ed,0,c0,0,0,0,0,0,bb,c9,8c,98,0,0,0,0,0   TimeStamp  :  14866       Distance  :  237

(PORT 1) : 6a,5,0,18,21,43,65,87,0,0,0,ee,0,c1,0,0,0,0,0,42,21,fe,d6,0,0,0,0,0   TimeStamp  :  14962       Distance  :  238

(PORT 1) : 6a,5,0,18,21,43,65,87,0,0,0,d6,0,c2,0,0,0,0,0,4a,f0,15,ab,0,0,0,0,0   TimeStamp  :  15057       Distance  :  214

(PORT 1) : 6a,5,0,18,21,43,65,87,0,0,0,ec,0,c3,0,0,0,0,0,dc,3d,59,d4,0,0,0,0,0   TimeStamp  :  15153       Distance  :  236

(PORT 1) : 6a,5,0,18,21,43,65,87,0,0,0,ee,0,c4,0,0,0,0,0,85,49,a8,25,0,0,0,0,0   TimeStamp  :  15250       Distance  :  238

(PORT 1) : 6a,5,0,18,21,43,65,87,0,0,0,d7,0,c5,0,0,0,0,0,f5,bc,18,da,0,0,0,0,0   TimeStamp  :  15346       Distance  :  215

(PORT 1) : 6a,5,0,18,21,43,65,87,0,0,1,d4,0,c6,0,0,0,0,0,ec,ba,dd,1f,0,0,0,0,0   TimeStamp  :  15442       Distance  :  212

(PORT 1) : 6a,5,0,18,21,43,65,87,0,0,0,ed,0,c7,0,0,0,0,0,b0,98,bd,3c,0,0,0,0,0   TimeStamp  :  15537       Distance  :  237

(PORT 1) : 6a,5,0,18,21,43,65,87,0,0,0,f2,0,c8,0,0,0,0,0,b4,5d,84,5b,0,0,0,0,0   TimeStamp  :  15635       Distance  :  242

(PORT 1) : 6a,5,0,18,21,43,65,87,0,0,0,ef,0,c9,0,0,0,0,0,bd,8e,79,30,0,0,0,0,0   TimeStamp  :  15730       Distance  :  239

(PORT 1) : 6a,5,0,18,21,43,65,87,0,0,1,d4,0,ca,0,0,0,0,0,a1,9c,e8,f0,0,0,0,0,0   TimeStamp  :  15826       Distance  :  212

(PORT 1) : 6a,5,0,18,21,43,65,87,0,0,0,f2,0,cb,0,0,0,0,0,61,18,a2,5b,0,0,0,0,0   TimeStamp  :  15921       Distance  :  242

(PORT 1) : 6a,5,0,18,21,43,65,87,0,0,0,f2,0,cc,0,0,0,0,0,c2,ac,ee,dc,0,0,0,0,0   TimeStamp  :  16018       Distance  :  242

(PORT 1) : 6a,5,0,18,21,43,65,87,0,0,0,eb,0,cd,0,0,0,0,0,5d,b2,c9,64,0,0,0,0,0   TimeStamp  :  16113       Distance  :  235

(PORT 1) : 6a,5,0,18,21,43,65,87,0,0,1,d4,0,ce,0,0,0,0,0,23,f0,8a,6b,0,0,0,0,0   TimeStamp  :  16210       Distance  :  212

(PORT 1) : 6a,5,0,18,21,43,65,87,0,0,0,eb,0,cf,0,0,0,0,0,6e,7b,9f,53,0,0,0,0,0   TimeStamp  :  16305       Distance  :  235

(PORT 1) : 6a,5,0,18,21,43,65,87,0,0,0,ec,0,d0,0,0,0,0,0,36,88,84,48,0,0,0,0,0   TimeStamp  :  16402       Distance  :  236

(PORT 1) : 6a,5,0,18,21,43,65,87,0,0,0,db,0,d1,0,0,0,0,0,29,45,56,2e,0,0,0,0,0   TimeStamp  :  16497       Distance  :  219

(PORT 1) : 6a,5,0,18,21,43,65,87,0,0,0,f0,0,d2,0,0,0,0,0,6c,11,45,f2,0,0,0,0,0   TimeStamp  :  16593       Distance  :  240

(PORT 1) : 6a,5,0,18,21,43,65,87,0,0,0,f0,0,d3,0,0,0,0,0,9,3f,1e,c4,0,0,0,0,0   TimeStamp  :  16689       Distance  :  240

(PORT 1) : 6a,5,0,18,21,43,65,87,0,0,0,eb,0,d4,0,0,0,0,0,9b,14,52,7a,0,0,0,0,0   TimeStamp  :  16785       Distance  :  235

(PORT 1) : 6a,5,0,18,21,43,65,87,0,0,0,f0,0,d5,0,0,0,0,0,92,c1,84,1b,0,0,0,0,0   TimeStamp  :  16882       Distance  :  240

(PORT 1) : 6a,5,0,18,21,43,65,87,0,0,1,d6,0,d6,0,0,0,0,0,5b,2f,d0,9c,0,0,0,0,0   TimeStamp  :  16978       Distance  :  214

(PORT 1) : 6a,5,0,18,21,43,65,87,0,0,0,f0,0,d7,0,0,0,0,0,e4,cc,4f,c5,0,0,0,0,0   TimeStamp  :  17074       Distance  :  240

(PORT 1) : 6a,5,0,18,21,43,65,87,0,0,0,ed,0,d8,0,0,0,0,0,ba,e4,ba,aa,0,0,0,0,0   TimeStamp  :  17170       Distance  :  237

(PORT 1) : 6a,5,0,18,21,43,65,87,0,0,0,ef,0,d9,0,0,0,0,0,c4,9b,24,3b,0,0,0,0,0   TimeStamp  :  17265       Distance  :  239

(PORT 1) : 6a,5,0,18,21,43,65,87,0,0,0,ee,0,da,0,0,0,0,0,a3,21,bd,1f,0,0,0,0,0   TimeStamp  :  17361       Distance  :  238

(PORT 1) : 6a,5,0,18,21,43,65,87,0,0,0,f1,0,db,0,0,0,0,0,d8,7d,af,26,0,0,0,0,0   TimeStamp  :  17457       Distance  :  241

(PORT 1) : 6a,5,0,18,21,43,65,87,0,0,0,ee,0,dc,0,0,0,0,0,4b,27,da,6e,0,0,0,0,0   TimeStamp  :  17553       Distance  :  238

(PORT 1) : 6a,5,0,18,21,43,65,87,0,0,0,f2,0,dd,0,0,0,0,0,45,86,f1,5d,0,0,0,0,0   TimeStamp  :  17650       Distance  :  242

(PORT 1) : 6a,5,0,18,21,43,65,87,0,0,1,c0,0,de,0,0,0,0,0,74,13,98,53,0,0,0,0,0   TimeStamp  :  17745       Distance  :  192

(PORT 1) : 6a,5,0,18,21,43,65,87,0,0,0,eb,0,df,0,0,0,0,0,8b,47,2,ea,0,0,0,0,0   TimeStamp  :  17842       Distance  :  235

(PORT 1) : 6a,5,0,18,21,43,65,87,0,0,0,d3,0,e0,0,0,0,0,0,f0,54,62,a3,0,0,0,0,0   TimeStamp  :  17936       Distance  :  211

(PORT 1) : 6a,5,0,18,21,43,65,87,0,0,0,f0,0,e1,0,0,0,0,0,dc,69,19,b9,0,0,0,0,0   TimeStamp  :  18034       Distance  :  240

(PORT 1) : 6a,5,0,18,21,43,65,87,0,0,0,ee,0,e2,0,0,0,0,0,cb,6b,97,b3,0,0,0,0,0   TimeStamp  :  18130       Distance  :  238

(PORT 1) : 6a,5,0,18,21,43,65,87,0,0,0,ee,0,e3,0,0,0,0,0,14,74,52,45,0,0,0,0,0   TimeStamp  :  18225       Distance  :  238

(PORT 1) : 6a,5,0,18,21,43,65,87,0,0,0,ed,0,e4,0,0,0,0,0,ec,81,8d,8f,0,0,0,0,0   TimeStamp  :  18322       Distance  :  237

(PORT 1) : 6a,5,0,18,21,43,65,87,0,3,1,d7,0,e5,0,0,0,0,0,8d,38,1a,aa,0,0,0,0,0   TimeStamp  :  18417       Distance  :  215

(PORT 1) : 6a,5,0,18,21,43,65,87,0,0,0,ed,0,e6,0,0,0,0,0,f5,b5,a0,84,0,0,0,0,0   TimeStamp  :  18514       Distance  :  237

(PORT 1) : 6a,5,0,18,21,43,65,87,0,0,1,d4,0,e7,0,0,0,0,0,55,b7,8a,35,0,0,0,0,0   TimeStamp  :  18609       Distance  :  212

(PORT 1) : 6a,5,0,18,21,43,65,87,0,0,0,ea,0,e8,0,0,0,0,0,54,79,94,81,0,0,0,0,0   TimeStamp  :  18705       Distance  :  234

(PORT 1) : 6a,5,0,18,21,43,65,87,0,0,0,f0,0,e9,0,0,0,0,0,a,6,51,a0,0,0,0,0,0   TimeStamp  :  18802       Distance  :  240

(PORT 1) : 6a,5,0,18,21,43,65,87,0,0,0,f0,0,ea,0,0,0,0,0,a2,d7,94,45,0,0,0,0,0   TimeStamp  :  18898       Distance  :  240

(PORT 1) : 6a,5,0,18,21,43,65,87,0,0,0,eb,0,eb,0,0,0,0,0,5f,72,bd,94,0,0,0,0,0   TimeStamp  :  18993       Distance  :  235

(PORT 1) : 6a,5,0,18,21,43,65,87,0,0,0,f0,0,ec,0,0,0,0,0,bf,ba,bd,1f,0,0,0,0,0   TimeStamp  :  19089       Distance  :  240

(PORT 1) : 6a,5,0,18,21,43,65,87,0,0,0,ed,0,ed,0,0,0,0,0,d0,dd,47,d,0,0,0,0,0   TimeStamp  :  19186       Distance  :  237

(PORT 1) : 6a,5,0,18,21,43,65,87,0,0,0,ee,0,ee,0,0,0,0,0,1c,a0,55,fb,0,0,0,0,0   TimeStamp  :  19282       Distance  :  238

(PORT 1) : 6a,5,0,18,21,43,65,87,0,0,0,eb,0,ef,0,0,0,0,0,db,b4,97,29,0,0,0,0,0   TimeStamp  :  19377       Distance  :  235

(PORT 1) : 6a,5,0,18,21,43,65,87,0,4,0,d6,0,f0,0,0,0,0,0,fb,c,7,4,0,0,0,0,0   TimeStamp  :  19474       Distance  :  214

(PORT 1) : 6a,5,0,18,21,43,65,87,0,0,0,d9,0,f1,0,0,0,0,0,26,c,4f,bb,0,0,0,0,0   TimeStamp  :  19570       Distance  :  217

(PORT 1) : 6a,5,0,18,21,43,65,87,0,3,1,dc,0,f2,0,0,0,0,0,7d,1c,10,9f,0,0,0,0,0   TimeStamp  :  19665       Distance  :  220

(PORT 1) : 6a,5,0,18,21,43,65,87,0,0,0,f0,0,f3,0,0,0,0,0,42,79,cd,84,0,0,0,0,0   TimeStamp  :  19762       Distance  :  240

(PORT 1) : 6a,5,0,18,21,43,65,87,0,0,0,ef,0,f4,0,0,0,0,0,1e,ea,76,d5,0,0,0,0,0   TimeStamp  :  19857       Distance  :  239

(PORT 1) : 6a,5,0,18,21,43,65,87,0,0,0,ec,0,f5,0,0,0,0,0,72,d0,d0,11,0,0,0,0,0   TimeStamp  :  19953       Distance  :  236

(PORT 1) : 6a,5,0,18,21,43,65,87,0,0,0,ec,0,f6,0,0,0,0,0,e4,18,81,2f,0,0,0,0,0   TimeStamp  :  20050       Distance  :  236

(PORT 1) : 6a,5,0,18,21,43,65,87,0,0,0,ee,0,f7,0,0,0,0,0,7a,be,50,37,0,0,0,0,0   TimeStamp  :  20146       Distance  :  238

(PORT 1) : 6a,5,0,18,21,43,65,87,0,0,0,eb,0,f8,0,0,0,0,0,ad,b7,ff,61,0,0,0,0,0   TimeStamp  :  20242       Distance  :  235

(PORT 1) : 6a,5,0,18,21,43,65,87,0,0,0,e9,0,f9,0,0,0,0,0,a6,b1,1,fa,0,0,0,0,0   TimeStamp  :  20337       Distance  :  233

(PORT 1) : 6a,5,0,18,21,43,65,87,0,0,0,ec,0,fa,0,0,0,0,0,dc,bd,4a,7f,0,0,0,0,0   TimeStamp  :  20434       Distance  :  236

(PORT 1) : 6a,5,0,18,21,43,65,87,0,0,1,be,0,fb,0,0,0,0,0,9a,2f,a3,94,0,0,0,0,0   TimeStamp  :  20529       Distance  :  190

(PORT 1) : 6a,5,0,18,21,43,65,87,0,0,0,ed,0,fc,0,0,0,0,0,5e,83,22,73,0,0,0,0,0   TimeStamp  :  20625       Distance  :  237

(PORT 1) : 6a,5,0,18,21,43,65,87,0,0,0,ef,0,fd,0,0,0,0,0,ae,11,7a,a9,0,0,0,0,0   TimeStamp  :  20721       Distance  :  239

(PORT 1) : 6a,5,0,18,21,43,65,87,0,0,0,ec,0,fe,0,0,0,0,0,e5,9f,f5,f9,0,0,0,0,0   TimeStamp  :  20817       Distance  :  236

(PORT 1) : 6a,5,0,18,21,43,65,87,0,0,0,ed,0,ff,0,0,0,0,0,77,10,99,6e,0,0,0,0,0   TimeStamp  :  20913       Distance  :  237

(PORT 1) : 6a,5,0,18,21,43,65,87,0,0,1,d3,0,0,1,0,0,0,0,f7,20,ac,7c,0,0,0,0,0   TimeStamp  :  21009       Distance  :  211

(PORT 1) : 6a,5,0,18,21,43,65,87,0,0,0,d3,0,1,1,0,0,0,0,54,e3,91,f8,0,0,0,0,0   TimeStamp  :  21105       Distance  :  211

(PORT 1) : 6a,5,0,18,21,43,65,87,0,3,1,d6,0,2,1,0,0,0,0,89,84,4d,ed,0,0,0,0,0   TimeStamp  :  21201       Distance  :  214

(PORT 1) : 6a,5,0,18,21,43,65,87,0,0,0,ea,0,3,1,0,0,0,0,58,ce,6c,e4,0,0,0,0,0   TimeStamp  :  21297       Distance  :  234

(PORT 1) : 6a,5,0,18,21,43,65,87,0,0,0,ee,0,4,1,0,0,0,0,fa,1d,70,25,0,0,0,0,0   TimeStamp  :  21393       Distance  :  238

(PORT 1) : 6a,5,0,18,21,43,65,87,0,0,0,ed,0,5,1,0,0,0,0,a9,b4,23,c1,0,0,0,0,0   TimeStamp  :  21489       Distance  :  237

(PORT 1) : 6a,5,0,18,21,43,65,87,0,3,1,d6,0,6,1,0,0,0,0,5c,68,7c,84,0,0,0,0,0   TimeStamp  :  21586       Distance  :  214

(PORT 1) : 6a,5,0,18,21,43,65,87,0,0,0,ed,0,7,1,0,0,0,0,5a,17,ee,c0,0,0,0,0,0   TimeStamp  :  21682       Distance  :  237

(PORT 1) : 6a,5,0,18,21,43,65,87,0,0,0,ec,0,8,1,0,0,0,0,c5,a4,89,9d,0,0,0,0,0   TimeStamp  :  21777       Distance  :  236

(PORT 1) : 6a,5,0,18,21,43,65,87,0,0,0,f0,0,9,1,0,0,0,0,f5,f9,cf,5,0,0,0,0,0   TimeStamp  :  21873       Distance  :  240

(PORT 1) : 6a,5,0,18,21,43,65,87,0,5,1,c0,0,a,1,0,0,0,0,11,d4,4e,77,0,0,0,0,0   TimeStamp  :  21969       Distance  :  192

(PORT 1) : 6a,5,0,18,21,43,65,87,0,0,0,f1,0,b,1,0,0,0,0,6,10,50,63,0,0,0,0,0   TimeStamp  :  22065       Distance  :  241

(PORT 1) : 6a,5,0,18,21,43,65,87,0,0,0,ee,0,c,1,0,0,0,0,b4,5f,da,63,0,0,0,0,0   TimeStamp  :  22161       Distance  :  238

(PORT 1) : 6a,5,0,18,21,43,65,87,0,0,1,d6,0,d,1,0,0,0,0,6d,63,ee,d0,0,0,0,0,0   TimeStamp  :  22258       Distance  :  214

(PORT 1) : 6a,5,0,18,21,43,65,87,0,0,0,eb,0,e,1,0,0,0,0,9a,43,2,4b,0,0,0,0,0   TimeStamp  :  22353       Distance  :  235

(PORT 1) : 6a,5,0,18,21,43,65,87,0,0,0,f0,0,f,1,0,0,0,0,65,27,e1,7a,0,0,0,0,0   TimeStamp  :  22449       Distance  :  240

(PORT 1) : 6a,5,0,18,21,43,65,87,0,0,0,d4,0,10,1,0,0,0,0,36,b1,77,d7,0,0,0,0,0   TimeStamp  :  22545       Distance  :  212

(PORT 1) : 6a,5,0,18,21,43,65,87,0,3,1,d7,0,11,1,0,0,0,0,5f,e5,f7,8f,0,0,0,0,0   TimeStamp  :  22641       Distance  :  215

(PORT 1) : 6a,5,0,18,21,43,65,87,0,0,0,ec,0,12,1,0,0,0,0,9b,6f,25,c,0,0,0,0,0   TimeStamp  :  22737       Distance  :  236

(PORT 1) : 6a,5,0,18,21,43,65,87,0,0,0,ed,0,13,1,0,0,0,0,ce,ea,15,6,0,0,0,0,0   TimeStamp  :  22833       Distance  :  237

(PORT 1) : 6a,5,0,18,21,43,65,87,0,0,1,bf,0,14,1,0,0,0,0,64,86,5c,90,0,0,0,0,0   TimeStamp  :  22929       Distance  :  191

(PORT 1) : 6a,5,0,18,21,43,65,87,0,0,0,f0,0,15,1,0,0,0,0,93,3a,e8,1b,0,0,0,0,0   TimeStamp  :  23026       Distance  :  240

(PORT 1) : 6a,5,0,18,21,43,65,87,0,0,0,ed,0,16,1,0,0,0,0,ac,ac,9f,7f,0,0,0,0,0   TimeStamp  :  23121       Distance  :  237

(PORT 1) : 6a,5,0,18,21,43,65,87,0,4,0,da,0,17,1,0,0,0,0,8c,7a,f0,83,0,0,0,0,0   TimeStamp  :  23216       Distance  :  218

(PORT 1) : 6a,5,0,18,21,43,65,87,0,0,0,ed,0,18,1,0,0,0,0,11,4,f9,32,0,0,0,0,0   TimeStamp  :  23313       Distance  :  237

(PORT 1) : 6a,5,0,18,21,43,65,87,0,3,1,d7,0,19,1,0,0,0,0,4d,77,c3,85,0,0,0,0,0   TimeStamp  :  23409       Distance  :  215

(PORT 1) : 6a,5,0,18,21,43,65,87,0,0,0,eb,0,1a,1,0,0,0,0,70,cb,d6,74,0,0,0,0,0   TimeStamp  :  23505       Distance  :  235

(PORT 1) : 6a,5,0,18,21,43,65,87,0,0,1,d6,0,1b,1,0,0,0,0,f4,41,8e,26,0,0,0,0,0   TimeStamp  :  23601       Distance  :  214

(PORT 1) : 6a,5,0,18,21,43,65,87,0,0,0,ef,0,1c,1,0,0,0,0,29,50,e3,bd,0,0,0,0,0   TimeStamp  :  23697       Distance  :  239

(PORT 1) : 6a,5,0,18,21,43,65,87,0,0,0,f1,0,1d,1,0,0,0,0,f1,6a,44,9,0,0,0,0,0   TimeStamp  :  23793       Distance  :  241

(PORT 1) : 6a,5,0,18,21,43,65,87,0,0,0,f1,0,1e,1,0,0,0,0,9f,ca,60,16,0,0,0,0,0   TimeStamp  :  23889       Distance  :  241

(PORT 1) : 6a,5,0,18,21,43,65,87,0,0,0,ed,0,1f,1,0,0,0,0,48,e8,2a,20,0,0,0,0,0   TimeStamp  :  23986       Distance  :  237

(PORT 1) : 6a,5,0,18,21,43,65,87,0,3,1,e1,0,20,1,0,0,0,0,9e,ff,3,f5,0,0,0,0,0   TimeStamp  :  24081       Distance  :  225

(PORT 1) : 6a,5,0,18,21,43,65,87,0,0,0,ee,0,21,1,0,0,0,0,a5,bf,59,8b,0,0,0,0,0   TimeStamp  :  24178       Distance  :  238

(PORT 1) : 6a,5,0,18,21,43,65,87,0,0,0,ef,0,22,1,0,0,0,0,c3,41,32,5a,0,0,0,0,0   TimeStamp  :  24273       Distance  :  239

(PORT 1) : 6a,5,0,18,21,43,65,87,0,0,0,f0,0,23,1,0,0,0,0,a4,2b,f8,fa,0,0,0,0,0   TimeStamp  :  24369       Distance  :  240

(PORT 1) : 6a,5,0,18,21,43,65,87,0,0,0,ec,0,24,1,0,0,0,0,f4,e4,a1,97,0,0,0,0,0   TimeStamp  :  24466       Distance  :  236

(PORT 1) : 6a,5,0,18,21,43,65,87,0,0,0,ee,0,25,1,0,0,0,0,f,bd,9f,bb,0,0,0,0,0   TimeStamp  :  24561       Distance  :  238

(PORT 1) : 6a,5,0,18,21,43,65,87,0,4,0,d7,0,26,1,0,0,0,0,4,3,63,b1,0,0,0,0,0   TimeStamp  :  24657       Distance  :  215

(PORT 1) : 6a,5,0,18,21,43,65,87,0,0,0,ee,0,27,1,0,0,0,0,ab,21,6f,a4,0,0,0,0,0   TimeStamp  :  24752       Distance  :  238

(PORT 1) : 6a,5,0,18,21,43,65,87,0,3,1,db,0,28,1,0,0,0,0,2c,a7,bb,34,0,0,0,0,0   TimeStamp  :  24849       Distance  :  219

(PORT 1) : 6a,5,0,18,21,43,65,87,0,0,0,ec,0,29,1,0,0,0,0,6c,1f,d7,cc,0,0,0,0,0   TimeStamp  :  24945       Distance  :  236

(PORT 1) : 6a,5,0,18,21,43,65,87,0,0,0,f0,0,2a,1,0,0,0,0,5b,50,79,24,0,0,0,0,0   TimeStamp  :  25041       Distance  :  240

(PORT 1) : 6a,5,0,18,21,43,65,87,0,4,0,ef,0,2b,1,0,0,0,0,11,a7,b7,76,0,0,0,0,0   TimeStamp  :  25137       Distance  :  239

(PORT 1) : 6a,5,0,18,21,43,65,87,0,0,0,ef,0,2c,1,0,0,0,0,e1,ba,b0,c9,0,0,0,0,0   TimeStamp  :  25233       Distance  :  239

(PORT 1) : 6a,5,0,18,21,43,65,87,0,0,0,ec,0,2d,1,0,0,0,0,5d,dc,4d,29,0,0,0,0,0   TimeStamp  :  25329       Distance  :  236

(PORT 1) : 6a,5,0,18,21,43,65,87,0,0,0,ed,0,2e,1,0,0,0,0,ab,fd,13,4f,0,0,0,0,0   TimeStamp  :  25425       Distance  :  237

(PORT 1) : 6a,5,0,18,21,43,65,87,0,4,0,da,0,2f,1,0,0,0,0,76,38,9c,a,0,0,0,0,0   TimeStamp  :  25522       Distance  :  218

(PORT 1) : 6a,5,0,18,21,43,65,87,0,0,0,ef,0,30,1,0,0,0,0,df,89,62,b5,0,0,0,0,0   TimeStamp  :  25618       Distance  :  239

(PORT 1) : 6a,5,0,18,21,43,65,87,0,0,0,f0,0,31,1,0,0,0,0,33,63,c8,c8,0,0,0,0,0   TimeStamp  :  25713       Distance  :  240

(PORT 1) : 6a,5,0,18,21,43,65,87,0,0,0,f1,0,32,1,0,0,0,0,f0,4c,1e,82,0,0,0,0,0   TimeStamp  :  25810       Distance  :  241

(PORT 1) : 6a,5,0,18,21,43,65,87,0,0,0,f0,0,33,1,0,0,0,0,ff,f,a,88,0,0,0,0,0   TimeStamp  :  25905       Distance  :  240

(PORT 1) : 6a,5,0,18,21,43,65,87,0,0,0,e5,0,34,1,0,0,0,0,d9,ba,4d,ca,0,0,0,0,0   TimeStamp  :  26001       Distance  :  229

(PORT 1) : 6a,5,0,18,21,43,65,87,0,0,0,ec,0,35,1,0,0,0,0,df,60,b9,68,0,0,0,0,0   TimeStamp  :  26097       Distance  :  236

(PORT 1) : 6a,5,0,18,21,43,65,87,0,0,0,ed,0,36,1,0,0,0,0,43,fa,2e,72,0,0,0,0,0   TimeStamp  :  26193       Distance  :  237

(PORT 1) : 6a,5,0,18,21,43,65,87,0,0,0,ec,0,37,1,0,0,0,0,c0,a5,a1,d0,0,0,0,0,0   TimeStamp  :  26289       Distance  :  236

(PORT 1) : 6a,5,0,18,21,43,65,87,0,0,1,d3,0,38,1,0,0,0,0,29,d0,47,1d,0,0,0,0,0   TimeStamp  :  26385       Distance  :  211

(PORT 1) : 6a,5,0,18,21,43,65,87,0,0,0,ec,0,39,1,0,0,0,0,66,f6,a,e7,0,0,0,0,0   TimeStamp  :  26481       Distance  :  236

(PORT 1) : 6a,5,0,18,21,43,65,87,0,0,0,ef,0,3a,1,0,0,0,0,10,d4,41,9f,0,0,0,0,0   TimeStamp  :  26577       Distance  :  239

(PORT 1) : 6a,5,0,18,21,43,65,87,0,0,0,ed,0,3b,1,0,0,0,0,96,5e,2c,ed,0,0,0,0,0   TimeStamp  :  26673       Distance  :  237

(PORT 1) : 6a,5,0,18,21,43,65,87,0,0,0,f0,0,3c,1,0,0,0,0,6f,72,9c,8c,0,0,0,0,0   TimeStamp  :  26769       Distance  :  240

(PORT 1) : 6a,5,0,18,21,43,65,87,0,0,0,f0,0,3d,1,0,0,0,0,86,4b,fc,ce,0,0,0,0,0   TimeStamp  :  26865       Distance  :  240

(PORT 1) : 6a,5,0,18,21,43,65,87,0,0,0,ef,0,3e,1,0,0,0,0,2a,71,6c,a7,0,0,0,0,0   TimeStamp  :  26961       Distance  :  239

(PORT 1) : 6a,5,0,18,21,43,65,87,0,3,1,d7,0,3f,1,0,0,0,0,a,8b,eb,77,0,0,0,0,0   TimeStamp  :  27058       Distance  :  215

(PORT 1) : 6a,5,0,18,21,43,65,87,0,0,0,f0,0,40,1,0,0,0,0,10,32,96,67,0,0,0,0,0   TimeStamp  :  27153       Distance  :  240

(PORT 1) : 6a,5,0,18,21,43,65,87,0,0,0,f0,0,41,1,0,0,0,0,48,36,28,a8,0,0,0,0,0   TimeStamp  :  27249       Distance  :  240

(PORT 1) : 6a,5,0,18,21,43,65,87,0,0,0,f2,0,42,1,0,0,0,0,22,8c,ec,e1,0,0,0,0,0   TimeStamp  :  27345       Distance  :  242

(PORT 1) : 6a,5,0,18,21,43,65,87,0,0,0,e9,0,43,1,0,0,0,0,1c,99,14,c5,0,0,0,0,0   TimeStamp  :  27441       Distance  :  233

(PORT 1) : 6a,5,0,18,21,43,65,87,0,0,0,ec,0,44,1,0,0,0,0,35,89,bf,5d,0,0,0,0,0   TimeStamp  :  27537       Distance  :  236

(PORT 1) : 6a,5,0,18,21,43,65,87,0,0,1,d4,0,45,1,0,0,0,0,82,ab,5c,95,0,0,0,0,0   TimeStamp  :  27633       Distance  :  212

(PORT 1) : 6a,5,0,18,21,43,65,87,0,0,0,ec,0,46,1,0,0,0,0,2a,d5,9a,5,0,0,0,0,0   TimeStamp  :  27729       Distance  :  236

(PORT 1) : 6a,5,0,18,21,43,65,87,0,0,0,e8,0,47,1,0,0,0,0,93,7f,9f,c8,0,0,0,0,0   TimeStamp  :  27825       Distance  :  232

(PORT 1) : 6a,5,0,18,21,43,65,87,0,0,0,ec,0,48,1,0,0,0,0,fc,d0,d3,7a,0,0,0,0,0   TimeStamp  :  27921       Distance  :  236

(PORT 1) : 6a,5,0,18,21,43,65,87,0,0,0,ec,0,49,1,0,0,0,0,88,f1,c8,a5,0,0,0,0,0   TimeStamp  :  28017       Distance  :  236

(PORT 1) : 6a,5,0,18,21,43,65,87,0,0,1,bf,0,4a,1,0,0,0,0,6,4a,9,94,0,0,0,0,0   TimeStamp  :  28113       Distance  :  191

(PORT 1) : 6a,5,0,18,21,43,65,87,0,0,1,d3,0,4b,1,0,0,0,0,cf,15,8,bd,0,0,0,0,0   TimeStamp  :  28209       Distance  :  211

(PORT 1) : 6a,5,0,18,21,43,65,87,0,0,0,ed,0,4c,1,0,0,0,0,b3,f1,87,fb,0,0,0,0,0   TimeStamp  :  28305       Distance  :  237

(PORT 1) : 6a,5,0,18,21,43,65,87,0,0,0,eb,0,4d,1,0,0,0,0,88,8e,1c,cc,0,0,0,0,0   TimeStamp  :  28400       Distance  :  235

(PORT 1) : 6a,5,0,18,21,43,65,87,0,0,0,ec,0,4e,1,0,0,0,0,fd,92,80,4a,0,0,0,0,0   TimeStamp  :  28497       Distance  :  236

(PORT 1) : 6a,5,0,18,21,43,65,87,0,0,0,f0,0,4f,1,0,0,0,0,fc,ae,8a,be,0,0,0,0,0   TimeStamp  :  28593       Distance  :  240

(PORT 1) : 6a,5,0,18,21,43,65,87,0,0,0,f2,0,50,1,0,0,0,0,3d,33,37,f,0,0,0,0,0   TimeStamp  :  28689       Distance  :  242

(PORT 1) : 6a,5,0,18,21,43,65,87,0,0,0,ed,0,51,1,0,0,0,0,fc,4a,f5,94,0,0,0,0,0   TimeStamp  :  28785       Distance  :  237

(PORT 1) : 6a,5,0,18,21,43,65,87,0,0,0,ed,0,52,1,0,0,0,0,e8,b3,d2,57,0,0,0,0,0   TimeStamp  :  28881       Distance  :  237

(PORT 1) : 6a,5,0,18,21,43,65,87,0,3,1,da,0,53,1,0,0,0,0,26,5f,8e,3e,0,0,0,0,0   TimeStamp  :  28976       Distance  :  218

(PORT 1) : 6a,5,0,18,21,43,65,87,0,0,0,ed,0,54,1,0,0,0,0,98,55,b,d9,0,0,0,0,0   TimeStamp  :  29073       Distance  :  237

(PORT 1) : 6a,5,0,18,21,43,65,87,0,4,0,d5,0,55,1,0,0,0,0,a5,af,30,1,0,0,0,0,0   TimeStamp  :  29169       Distance  :  213

(PORT 1) : 6a,5,0,18,21,43,65,87,0,3,1,db,0,56,1,0,0,0,0,80,a2,4b,f9,0,0,0,0,0   TimeStamp  :  29265       Distance  :  219

(PORT 1) : 6a,5,0,18,21,43,65,87,0,0,0,ee,0,57,1,0,0,0,0,dd,ba,47,d2,0,0,0,0,0   TimeStamp  :  29361       Distance  :  238

(PORT 1) : 6a,5,0,18,21,43,65,87,0,0,0,ef,0,58,1,0,0,0,0,83,f6,9e,78,0,0,0,0,0   TimeStamp  :  29457       Distance  :  239

(PORT 1) : 6a,5,0,18,21,43,65,87,0,0,0,ef,0,59,1,0,0,0,0,b0,19,53,19,0,0,0,0,0   TimeStamp  :  29552       Distance  :  239

(PORT 1) : 6a,5,0,18,21,43,65,87,0,0,0,ea,0,5a,1,0,0,0,0,da,76,19,fc,0,0,0,0,0   TimeStamp  :  29649       Distance  :  234

(PORT 1) : 6a,5,0,18,21,43,65,87,0,0,0,ee,0,5b,1,0,0,0,0,46,30,a5,42,0,0,0,0,0   TimeStamp  :  29745       Distance  :  238

(PORT 1) : 6a,5,0,18,21,43,65,87,0,0,0,ee,0,5c,1,0,0,0,0,64,21,e9,4e,0,0,0,0,0   TimeStamp  :  29841       Distance  :  238

(PORT 1) : 6a,5,0,18,21,43,65,87,0,0,0,ee,0,5d,1,0,0,0,0,70,1d,b0,73,0,0,0,0,0   TimeStamp  :  29937       Distance  :  238

(PORT 1) : 6a,5,0,18,21,43,65,87,0,0,0,ed,0,5e,1,0,0,0,0,f2,2f,91,c5,0,0,0,0,0   TimeStamp  :  30033       Distance  :  237

(PORT 1) : 6a,5,0,18,21,43,65,87,0,0,0,ef,0,5f,1,0,0,0,0,67,9f,d8,d0,0,0,0,0,0   TimeStamp  :  30129       Distance  :  239

(PORT 1) : 6a,5,0,18,21,43,65,87,0,3,0,f1,0,60,1,0,0,0,0,1b,90,b2,9f,0,0,0,0,0   TimeStamp  :  30224       Distance  :  241

(PORT 1) : 6a,5,0,18,21,43,65,87,0,0,0,ec,0,61,1,0,0,0,0,2b,ae,75,ae,0,0,0,0,0   TimeStamp  :  30321       Distance  :  236

(PORT 1) : 6a,5,0,18,21,43,65,87,0,0,0,d2,0,62,1,0,0,0,0,21,2a,82,85,0,0,0,0,0   TimeStamp  :  30417       Distance  :  210

(PORT 1) : 6a,5,0,18,21,43,65,87,0,0,0,d3,0,63,1,0,0,0,0,35,2c,3b,90,0,0,0,0,0   TimeStamp  :  30513       Distance  :  211

(PORT 1) : 6a,5,0,18,21,43,65,87,0,0,1,d6,0,64,1,0,0,0,0,83,82,dd,1c,0,0,0,0,0   TimeStamp  :  30609       Distance  :  214

(PORT 1) : 6a,5,0,18,21,43,65,87,0,0,0,f0,0,65,1,0,0,0,0,df,3,bf,21,0,0,0,0,0   TimeStamp  :  30705       Distance  :  240

(PORT 1) : 6a,5,0,18,21,43,65,87,0,0,0,ee,0,66,1,0,0,0,0,82,44,f6,6a,0,0,0,0,0   TimeStamp  :  30801       Distance  :  238

(PORT 1) : 6a,5,0,18,21,43,65,87,0,0,0,f0,0,67,1,0,0,0,0,9e,ee,19,b1,0,0,0,0,0   TimeStamp  :  30897       Distance  :  240

(PORT 1) : 6a,5,0,18,21,43,65,87,0,0,0,f0,0,68,1,0,0,0,0,a2,2c,b,a0,0,0,0,0,0   TimeStamp  :  30992       Distance  :  240

(PORT 1) : 6a,5,0,18,21,43,65,87,0,0,0,eb,0,69,1,0,0,0,0,13,b4,ff,29,0,0,0,0,0   TimeStamp  :  31088       Distance  :  235

(PORT 1) : 6a,5,0,18,21,43,65,87,0,0,0,ec,0,6a,1,0,0,0,0,1a,55,6b,79,0,0,0,0,0   TimeStamp  :  31184       Distance  :  236

(PORT 1) : 6a,5,0,18,21,43,65,87,0,4,0,d6,0,6b,1,0,0,0,0,f4,4e,28,b9,0,0,0,0,0   TimeStamp  :  31281       Distance  :  214

(PORT 1) : 6a,5,0,18,21,43,65,87,0,0,0,ef,0,6c,1,0,0,0,0,22,b0,aa,f9,0,0,0,0,0   TimeStamp  :  31377       Distance  :  239

(PORT 1) : 6a,5,0,18,21,43,65,87,0,0,0,f0,0,6d,1,0,0,0,0,df,e5,c,50,0,0,0,0,0   TimeStamp  :  31473       Distance  :  240

(PORT 1) : 6a,5,0,18,21,43,65,87,0,0,0,ef,0,6e,1,0,0,0,0,68,c5,be,ae,0,0,0,0,0   TimeStamp  :  31568       Distance  :  239

(PORT 1) : 6a,5,0,18,21,43,65,87,0,0,0,ef,0,6f,1,0,0,0,0,ee,aa,b0,fc,0,0,0,0,0   TimeStamp  :  31665       Distance  :  239

(PORT 1) : 6a,5,0,18,21,43,65,87,0,0,0,d6,0,70,1,0,0,0,0,1e,f0,a8,69,0,0,0,0,0   TimeStamp  :  31761       Distance  :  214

(PORT 1) : 6a,5,0,18,21,43,65,87,0,0,0,ef,0,71,1,0,0,0,0,89,7b,35,44,0,0,0,0,0   TimeStamp  :  31857       Distance  :  239

(PORT 1) : 6a,5,0,18,21,43,65,87,0,0,0,f1,0,72,1,0,0,0,0,98,ee,68,ab,0,0,0,0,0   TimeStamp  :  31952       Distance  :  241

(PORT 1) : 6a,5,0,18,21,43,65,87,0,0,0,f0,0,73,1,0,0,0,0,47,d4,63,c7,0,0,0,0,0   TimeStamp  :  32049       Distance  :  240

(PORT 1) : 6a,5,0,18,21,43,65,87,0,0,1,d4,0,74,1,0,0,0,0,c9,bd,2,80,0,0,0,0,0   TimeStamp  :  32144       Distance  :  212

(PORT 1) : 6a,5,0,18,21,43,65,87,0,0,0,ef,0,75,1,0,0,0,0,c5,62,13,fc,0,0,0,0,0   TimeStamp  :  32241       Distance  :  239

(PORT 1) : 6a,5,0,18,21,43,65,87,0,0,0,ec,0,76,1,0,0,0,0,fc,82,c0,90,0,0,0,0,0   TimeStamp  :  32336       Distance  :  236

(PORT 1) : 6a,5,0,18,21,43,65,87,0,0,0,f0,0,77,1,0,0,0,0,50,89,b1,16,0,0,0,0,0   TimeStamp  :  32433       Distance  :  240

(PORT 1) : 6a,5,0,18,21,43,65,87,0,0,1,d3,0,78,1,0,0,0,0,d0,5f,21,b2,0,0,0,0,0   TimeStamp  :  32528       Distance  :  211

(PORT 1) : 6a,5,0,18,21,43,65,87,0,0,1,d6,0,79,1,0,0,0,0,80,40,7f,b6,0,0,0,0,0   TimeStamp  :  32625       Distance  :  214

(PORT 1) : 6a,5,0,18,21,43,65,87,0,0,0,ee,0,7a,1,0,0,0,0,2d,75,15,b3,0,0,0,0,0   TimeStamp  :  32721       Distance  :  238

(PORT 1) : 6a,5,0,18,21,43,65,87,0,0,0,ee,0,7b,1,0,0,0,0,ab,96,1f,c9,0,0,0,0,0   TimeStamp  :  32817       Distance  :  238

(PORT 1) : 6a,5,0,18,21,43,65,87,0,0,0,e7,0,7c,1,0,0,0,0,67,27,1a,5f,0,0,0,0,0   TimeStamp  :  32913       Distance  :  231

(PORT 1) : 6a,5,0,18,21,43,65,87,0,3,1,da,0,7d,1,0,0,0,0,46,10,19,69,0,0,0,0,0   TimeStamp  :  33009       Distance  :  218

(PORT 1) : 6a,5,0,18,21,43,65,87,0,0,0,eb,0,7e,1,0,0,0,0,7a,8c,35,5c,0,0,0,0,0   TimeStamp  :  33105       Distance  :  235

(PORT 1) : 6a,5,0,18,21,43,65,87,0,0,0,ee,0,7f,1,0,0,0,0,39,60,27,96,0,0,0,0,0   TimeStamp  :  33201       Distance  :  238

(PORT 1) : 6a,5,0,18,21,43,65,87,0,0,0,f1,0,80,1,0,0,0,0,8e,5,72,14,0,0,0,0,0   TimeStamp  :  33297       Distance  :  241

(PORT 1) : 6a,5,0,18,21,43,65,87,0,0,0,f0,0,81,1,0,0,0,0,67,92,d7,1b,0,0,0,0,0   TimeStamp  :  33393       Distance  :  240

(PORT 1) : 6a,5,0,18,21,43,65,87,0,0,0,ee,0,82,1,0,0,0,0,14,20,f0,c6,0,0,0,0,0   TimeStamp  :  33489       Distance  :  238

(PORT 1) : 6a,5,0,18,21,43,65,87,0,0,0,ed,0,83,1,0,0,0,0,74,f7,29,49,0,0,0,0,0   TimeStamp  :  33585       Distance  :  237

(PORT 1) : 6a,5,0,18,21,43,65,87,0,0,0,ec,0,84,1,0,0,0,0,a7,c4,65,27,0,0,0,0,0   TimeStamp  :  33681       Distance  :  236

(PORT 1) : 6a,5,0,18,21,43,65,87,0,0,0,eb,0,85,1,0,0,0,0,5a,58,d5,bc,0,0,0,0,0   TimeStamp  :  33776       Distance  :  235

(PORT 1) : 6a,5,0,18,21,43,65,87,0,0,1,d2,0,86,1,0,0,0,0,d0,89,5a,6,0,0,0,0,0   TimeStamp  :  33872       Distance  :  210

(PORT 1) : 6a,5,0,18,21,43,65,87,0,0,0,eb,0,87,1,0,0,0,0,e2,b3,35,39,0,0,0,0,0   TimeStamp  :  33969       Distance  :  235

(PORT 1) : 6a,5,0,18,21,43,65,87,0,0,0,f1,0,88,1,0,0,0,0,5a,65,37,a,0,0,0,0,0   TimeStamp  :  34064       Distance  :  241

(PORT 1) : 6a,5,0,18,21,43,65,87,0,0,1,be,0,89,1,0,0,0,0,ad,11,8,28,0,0,0,0,0   TimeStamp  :  34160       Distance  :  190

(PORT 1) : 6a,5,0,18,21,43,65,87,0,0,0,ed,0,8a,1,0,0,0,0,d6,6d,fe,1f,0,0,0,0,0   TimeStamp  :  34257       Distance  :  237

(PORT 1) : 6a,5,0,18,21,43,65,87,0,0,0,f0,0,8b,1,0,0,0,0,6,4b,d5,3f,0,0,0,0,0   TimeStamp  :  34352       Distance  :  240

(PORT 1) : 6a,5,0,18,21,43,65,87,0,0,0,d5,0,8c,1,0,0,0,0,d7,24,61,b7,0,0,0,0,0   TimeStamp  :  34449       Distance  :  213

(PORT 1) : 6a,5,0,18,21,43,65,87,0,0,0,ef,0,8d,1,0,0,0,0,aa,35,19,90,0,0,0,0,0   TimeStamp  :  34544       Distance  :  239

(PORT 1) : 6a,5,0,18,21,43,65,87,0,0,0,ed,0,8e,1,0,0,0,0,3d,82,50,9e,0,0,0,0,0   TimeStamp  :  34640       Distance  :  237

(PORT 1) : 6a,5,0,18,21,43,65,87,0,0,0,f0,0,8f,1,0,0,0,0,2,d,ac,5c,0,0,0,0,0   TimeStamp  :  34737       Distance  :  240

(PORT 1) : 6a,5,0,18,21,43,65,87,0,0,0,ee,0,90,1,0,0,0,0,d8,ce,a,4b,0,0,0,0,0   TimeStamp  :  34832       Distance  :  238

(PORT 1) : 6a,5,0,18,21,43,65,87,0,0,0,d5,0,91,1,0,0,0,0,5c,a9,c4,be,0,0,0,0,0   TimeStamp  :  34929       Distance  :  213

(PORT 1) : 6a,5,0,18,21,43,65,87,0,0,0,eb,0,92,1,0,0,0,0,70,a8,a6,e,0,0,0,0,0   TimeStamp  :  35025       Distance  :  235

(PORT 1) : 6a,5,0,18,21,43,65,87,0,4,0,ed,0,93,1,0,0,0,0,1,ca,55,6d,0,0,0,0,0   TimeStamp  :  35120       Distance  :  237

(PORT 1) : 6a,5,0,18,21,43,65,87,0,0,1,d6,0,94,1,0,0,0,0,b8,dc,8,9f,0,0,0,0,0   TimeStamp  :  35218       Distance  :  214

(PORT 1) : 6a,5,0,18,21,43,65,87,0,0,0,f0,0,95,1,0,0,0,0,c2,58,81,b9,0,0,0,0,0   TimeStamp  :  35312       Distance  :  240

(PORT 1) : 6a,5,0,18,21,43,65,87,0,0,0,ee,0,96,1,0,0,0,0,70,4e,8a,4a,0,0,0,0,0   TimeStamp  :  35408       Distance  :  238

(PORT 1) : 6a,5,0,18,21,43,65,87,0,0,1,da,0,97,1,0,0,0,0,89,a,76,5e,0,0,0,0,0   TimeStamp  :  35505       Distance  :  218

(PORT 1) : 6a,5,0,18,21,43,65,87,0,0,0,f1,0,98,1,0,0,0,0,3e,c8,cf,bd,0,0,0,0,0   TimeStamp  :  35601       Distance  :  241

(PORT 1) : 6a,5,0,18,21,43,65,87,0,0,0,ed,0,99,1,0,0,0,0,fc,7a,43,c4,0,0,0,0,0   TimeStamp  :  35696       Distance  :  237

(PORT 1) : 6a,5,0,18,21,43,65,87,0,0,0,ec,0,9a,1,0,0,0,0,13,f9,cb,a3,0,0,0,0,0   TimeStamp  :  35792       Distance  :  236

(PORT 1) : 6a,5,0,18,21,43,65,87,0,0,0,ed,0,9b,1,0,0,0,0,9d,3b,d5,4d,0,0,0,0,0   TimeStamp  :  35889       Distance  :  237

(PORT 1) : 6a,5,0,18,21,43,65,87,0,0,0,ed,0,9c,1,0,0,0,0,8c,e0,c7,0,0,0,0,0,0   TimeStamp  :  35984       Distance  :  237

(PORT 1) : 6a,5,0,18,21,43,65,87,0,0,0,ee,0,9d,1,0,0,0,0,d9,19,dd,b1,0,0,0,0,0   TimeStamp  :  36081       Distance  :  238

(PORT 1) : 6a,5,0,18,21,43,65,87,0,0,0,ee,0,9e,1,0,0,0,0,13,7c,6a,9a,0,0,0,0,0   TimeStamp  :  36177       Distance  :  238

(PORT 1) : 6a,5,0,18,21,43,65,87,0,0,1,d6,0,9f,1,0,0,0,0,4c,6c,d8,c9,0,0,0,0,0   TimeStamp  :  36272       Distance  :  214

(PORT 1) : 6a,5,0,18,21,43,65,87,0,0,0,ef,0,a0,1,0,0,0,0,5,45,3a,1,0,0,0,0,0   TimeStamp  :  36369       Distance  :  239

(PORT 1) : 6a,5,0,18,21,43,65,87,0,0,0,ec,0,a1,1,0,0,0,0,e9,1c,b7,79,0,0,0,0,0   TimeStamp  :  36465       Distance  :  236

(PORT 1) : 6a,5,0,18,21,43,65,87,0,0,0,ef,0,a2,1,0,0,0,0,84,4,db,7e,0,0,0,0,0   TimeStamp  :  36561       Distance  :  239

(PORT 1) : 6a,5,0,18,21,43,65,87,0,0,0,ed,0,a3,1,0,0,0,0,2a,c4,58,9e,0,0,0,0,0   TimeStamp  :  36657       Distance  :  237

(PORT 1) : 6a,5,0,18,21,43,65,87,0,0,0,f0,0,a4,1,0,0,0,0,3f,9d,9d,12,0,0,0,0,0   TimeStamp  :  36753       Distance  :  240

(PORT 1) : 6a,5,0,18,21,43,65,87,0,0,0,ef,0,a5,1,0,0,0,0,77,97,d9,63,0,0,0,0,0   TimeStamp  :  36849       Distance  :  239

(PORT 1) : 6a,5,0,18,21,43,65,87,0,0,0,ef,0,a6,1,0,0,0,0,45,b3,c0,fe,0,0,0,0,0   TimeStamp  :  36945       Distance  :  239

(PORT 1) : 6a,5,0,18,21,43,65,87,0,0,0,ec,0,a7,1,0,0,0,0,95,1b,d0,e6,0,0,0,0,0   TimeStamp  :  37040       Distance  :  236

(PORT 1) : 6a,5,0,18,21,43,65,87,0,0,0,ef,0,a8,1,0,0,0,0,5d,1b,d5,75,0,0,0,0,0   TimeStamp  :  37137       Distance  :  239

(PORT 1) : 6a,5,0,18,21,43,65,87,0,0,0,f0,0,a9,1,0,0,0,0,6e,55,60,9,0,0,0,0,0   TimeStamp  :  37233       Distance  :  240

(PORT 1) : 6a,5,0,18,21,43,65,87,0,0,0,f0,0,aa,1,0,0,0,0,6d,74,dd,17,0,0,0,0,0   TimeStamp  :  37329       Distance  :  240

(PORT 1) : 6a,5,0,18,21,43,65,87,0,0,0,ee,0,ab,1,0,0,0,0,69,ac,55,7c,0,0,0,0,0   TimeStamp  :  37425       Distance  :  238

(PORT 1) : 6a,5,0,18,21,43,65,87,0,0,0,eb,0,ac,1,0,0,0,0,8d,c1,1b,63,0,0,0,0,0   TimeStamp  :  37521       Distance  :  235

(PORT 1) : 6a,5,0,18,21,43,65,87,0,0,0,ef,0,ad,1,0,0,0,0,f4,45,7f,c3,0,0,0,0,0   TimeStamp  :  37617       Distance  :  239

(PORT 1) : 6a,5,0,18,21,43,65,87,0,0,0,ef,0,ae,1,0,0,0,0,2f,3e,3e,7c,0,0,0,0,0   TimeStamp  :  37713       Distance  :  239

(PORT 1) : 6a,5,0,18,21,43,65,87,0,0,0,ed,0,af,1,0,0,0,0,a7,97,f9,f9,0,0,0,0,0   TimeStamp  :  37808       Distance  :  237

(PORT 1) : 6a,5,0,18,21,43,65,87,0,0,0,ed,0,b0,1,0,0,0,0,5d,65,da,23,0,0,0,0,0   TimeStamp  :  37905       Distance  :  237

(PORT 1) : 6a,5,0,18,21,43,65,87,0,4,0,d5,0,b1,1,0,0,0,0,f2,35,54,81,0,0,0,0,0   TimeStamp  :  38001       Distance  :  213

(PORT 1) : 6a,5,0,18,21,43,65,87,0,0,0,ee,0,b2,1,0,0,0,0,19,d5,ca,9d,0,0,0,0,0   TimeStamp  :  38097       Distance  :  238

(PORT 1) : 6a,5,0,18,21,43,65,87,0,0,0,ed,0,b3,1,0,0,0,0,2e,c9,41,ef,0,0,0,0,0   TimeStamp  :  38192       Distance  :  237

(PORT 1) : 6a,5,0,18,21,43,65,87,0,0,0,eb,0,b4,1,0,0,0,0,e0,a6,6c,19,0,0,0,0,0   TimeStamp  :  38289       Distance  :  235

(PORT 1) : 6a,5,0,18,21,43,65,87,0,0,1,d6,0,b5,1,0,0,0,0,d4,61,81,2,0,0,0,0,0   TimeStamp  :  38385       Distance  :  214

(PORT 1) : 6a,5,0,18,21,43,65,87,0,0,0,ef,0,b6,1,0,0,0,0,48,e1,e3,ab,0,0,0,0,0   TimeStamp  :  38480       Distance  :  239

(PORT 1) : 6a,5,0,18,21,43,65,87,0,0,0,eb,0,b7,1,0,0,0,0,5b,b2,40,e4,0,0,0,0,0   TimeStamp  :  38576       Distance  :  235

(PORT 1) : 6a,5,0,18,21,43,65,87,0,0,1,d5,0,b8,1,0,0,0,0,54,47,1c,2d,0,0,0,0,0   TimeStamp  :  38672       Distance  :  213

(PORT 1) : 6a,5,0,18,21,43,65,87,0,0,0,ed,0,b9,1,0,0,0,0,66,b2,3a,c1,0,0,0,0,0   TimeStamp  :  38768       Distance  :  237

(PORT 1) : 6a,5,0,18,21,43,65,87,0,0,0,ee,0,ba,1,0,0,0,0,36,4a,af,b0,0,0,0,0,0   TimeStamp  :  38865       Distance  :  238

(PORT 1) : 6a,5,0,18,21,43,65,87,0,0,0,ef,0,bb,1,0,0,0,0,e7,ff,4b,34,0,0,0,0,0   TimeStamp  :  38961       Distance  :  239

(PORT 1) : 6a,5,0,18,21,43,65,87,0,4,0,d9,0,bc,1,0,0,0,0,4a,64,a9,50,0,0,0,0,0   TimeStamp  :  39057       Distance  :  217

(PORT 1) : 6a,5,0,18,21,43,65,87,0,0,0,ee,0,bd,1,0,0,0,0,a2,ed,43,c7,0,0,0,0,0   TimeStamp  :  39153       Distance  :  238

(PORT 1) : 6a,5,0,18,21,43,65,87,0,0,0,f0,0,be,1,0,0,0,0,2e,b0,53,72,0,0,0,0,0   TimeStamp  :  39248       Distance  :  240

(PORT 1) : 6a,5,0,18,21,43,65,87,0,0,1,d1,0,bf,1,0,0,0,0,9f,f6,ca,70,0,0,0,0,0   TimeStamp  :  39345       Distance  :  209

(PORT 1) : 6a,5,0,18,21,43,65,87,0,0,0,ef,0,c0,1,0,0,0,0,69,64,7f,72,0,0,0,0,0   TimeStamp  :  39441       Distance  :  239

(PORT 1) : 6a,5,0,18,21,43,65,87,0,0,0,f0,0,c1,1,0,0,0,0,d5,97,e1,33,0,0,0,0,0   TimeStamp  :  39536       Distance  :  240

(PORT 1) : 6a,5,0,18,21,43,65,87,0,0,0,eb,0,c2,1,0,0,0,0,53,7,dc,76,0,0,0,0,0   TimeStamp  :  39633       Distance  :  235

(PORT 1) : 6a,5,0,18,21,43,65,87,0,0,0,d6,0,c3,1,0,0,0,0,a2,26,d,d0,0,0,0,0,0   TimeStamp  :  39728       Distance  :  214

(PORT 1) : 6a,5,0,18,21,43,65,87,0,0,0,ef,0,c4,1,0,0,0,0,e,f9,7d,93,0,0,0,0,0   TimeStamp  :  39825       Distance  :  239

(PORT 1) : 6a,5,0,18,21,43,65,87,0,0,0,f1,0,c5,1,0,0,0,0,4,f,0,ab,0,0,0,0,0   TimeStamp  :  39921       Distance  :  241

(PORT 1) : 6a,5,0,18,21,43,65,87,0,0,0,ee,0,c6,1,0,0,0,0,75,5f,70,4,0,0,0,0,0   TimeStamp  :  40016       Distance  :  238

(PORT 1) : 6a,5,0,18,21,43,65,87,0,0,0,d3,0,c7,1,0,0,0,0,3d,52,1c,c0,0,0,0,0,0   TimeStamp  :  40113       Distance  :  211

(PORT 1) : 6a,5,0,18,21,43,65,87,0,0,0,eb,0,c8,1,0,0,0,0,cb,8e,1c,b,0,0,0,0,0   TimeStamp  :  40209       Distance  :  235

(PORT 1) : 6a,5,0,18,21,43,65,87,0,0,1,d5,0,c9,1,0,0,0,0,cf,80,23,e4,0,0,0,0,0   TimeStamp  :  40304       Distance  :  213

(PORT 1) : 6a,5,0,18,21,43,65,87,0,0,0,ef,0,ca,1,0,0,0,0,ec,c4,2d,1,0,0,0,0,0   TimeStamp  :  40400       Distance  :  239

(PORT 1) : 6a,5,0,18,21,43,65,87,0,0,0,ee,0,cb,1,0,0,0,0,33,c2,59,ad,0,0,0,0,0   TimeStamp  :  40496       Distance  :  238

(PORT 1) : 6a,5,0,18,21,43,65,87,0,0,0,ee,0,cc,1,0,0,0,0,cf,a6,50,9f,0,0,0,0,0   TimeStamp  :  40593       Distance  :  238

(PORT 1) : 6a,5,0,18,21,43,65,87,0,0,1,d2,0,cd,1,0,0,0,0,97,6,24,74,0,0,0,0,0   TimeStamp  :  40688       Distance  :  210

(PORT 1) : 6a,5,0,18,21,43,65,87,0,0,0,ee,0,ce,1,0,0,0,0,97,e5,c8,56,0,0,0,0,0   TimeStamp  :  40784       Distance  :  238

(PORT 1) : 6a,5,0,18,21,43,65,87,0,0,0,f0,0,cf,1,0,0,0,0,60,18,35,26,0,0,0,0,0   TimeStamp  :  40880       Distance  :  240

(PORT 1) : 6a,5,0,18,21,43,65,87,0,0,0,ed,0,d0,1,0,0,0,0,e6,ce,36,ab,0,0,0,0,0   TimeStamp  :  40976       Distance  :  237

(PORT 1) : 6a,5,0,18,21,43,65,87,0,0,0,ed,0,d1,1,0,0,0,0,83,bb,c7,67,0,0,0,0,0   TimeStamp  :  41072       Distance  :  237

(PORT 1) : 6a,5,0,18,21,43,65,87,0,0,0,ee,0,d2,1,0,0,0,0,74,e4,59,47,0,0,0,0,0   TimeStamp  :  41169       Distance  :  238

(PORT 1) : 6a,5,0,18,21,43,65,87,0,0,0,d5,0,d3,1,0,0,0,0,b5,44,eb,24,0,0,0,0,0   TimeStamp  :  41264       Distance  :  213

(PORT 1) : 6a,5,0,18,21,43,65,87,0,0,0,d7,0,d4,1,0,0,0,0,3a,f5,5f,58,0,0,0,0,0   TimeStamp  :  41361       Distance  :  215

(PORT 1) : 6a,5,0,18,21,43,65,87,0,4,0,d6,0,d5,1,0,0,0,0,c8,4c,11,e9,0,0,0,0,0   TimeStamp  :  41457       Distance  :  214

(PORT 1) : 6a,5,0,18,21,43,65,87,0,0,0,ef,0,d6,1,0,0,0,0,c2,8a,e2,8b,0,0,0,0,0   TimeStamp  :  41553       Distance  :  239

(PORT 1) : 6a,5,0,18,21,43,65,87,0,0,0,ee,0,d7,1,0,0,0,0,90,cd,76,3,0,0,0,0,0   TimeStamp  :  41648       Distance  :  238

(PORT 1) : 6a,5,0,18,21,43,65,87,0,0,0,ee,0,d8,1,0,0,0,0,ba,d7,f4,59,0,0,0,0,0   TimeStamp  :  41744       Distance  :  238

(PORT 1) : 6a,5,0,18,21,43,65,87,0,0,0,ed,0,d9,1,0,0,0,0,aa,2d,4d,80,0,0,0,0,0   TimeStamp  :  41841       Distance  :  237

(PORT 1) : 6a,5,0,18,21,43,65,87,0,0,0,ed,0,da,1,0,0,0,0,77,56,7e,4,0,0,0,0,0   TimeStamp  :  41937       Distance  :  237

(PORT 1) : 6a,5,0,18,21,43,65,87,0,0,0,ef,0,db,1,0,0,0,0,2c,e8,42,7c,0,0,0,0,0   TimeStamp  :  42033       Distance  :  239

(PORT 1) : 6a,5,0,18,21,43,65,87,0,0,0,ee,0,dc,1,0,0,0,0,94,53,bf,4b,0,0,0,0,0   TimeStamp  :  42128       Distance  :  238

(PORT 1) : 6a,5,0,18,21,43,65,87,0,0,0,e5,0,dd,1,0,0,0,0,1e,27,d8,19,0,0,0,0,0   TimeStamp  :  42224       Distance  :  229

(PORT 1) : 6a,5,0,18,21,43,65,87,0,0,0,ed,0,de,1,0,0,0,0,7f,d7,a8,f0,0,0,0,0,0   TimeStamp  :  42321       Distance  :  237

(PORT 1) : 6a,5,0,18,21,43,65,87,0,0,0,ee,0,df,1,0,0,0,0,66,c1,fd,c,0,0,0,0,0   TimeStamp  :  42417       Distance  :  238

(PORT 1) : 6a,5,0,18,21,43,65,87,0,0,0,f1,0,e0,1,0,0,0,0,c4,c1,8f,d0,0,0,0,0,0   TimeStamp  :  42512       Distance  :  241

(PORT 1) : 6a,5,0,18,21,43,65,87,0,3,0,eb,0,e1,1,0,0,0,0,ce,c4,4c,2e,0,0,0,0,0   TimeStamp  :  42609       Distance  :  235

(PORT 1) : 6a,5,0,18,21,43,65,87,0,0,0,ef,0,e2,1,0,0,0,0,84,33,69,ae,0,0,0,0,0   TimeStamp  :  42705       Distance  :  239

(PORT 1) : 6a,5,0,18,21,43,65,87,0,0,0,ec,0,e3,1,0,0,0,0,98,2c,23,e1,0,0,0,0,0   TimeStamp  :  42801       Distance  :  236

(PORT 1) : 6a,5,0,18,21,43,65,87,0,0,0,ec,0,e4,1,0,0,0,0,91,a6,22,18,0,0,0,0,0   TimeStamp  :  42896       Distance  :  236

(PORT 1) : 6a,5,0,18,21,43,65,87,0,0,0,ed,0,e5,1,0,0,0,0,b4,b1,be,ff,0,0,0,0,0   TimeStamp  :  42993       Distance  :  237

(PORT 1) : 6a,5,0,18,21,43,65,87,0,0,0,ef,0,e6,1,0,0,0,0,74,99,84,2f,0,0,0,0,0   TimeStamp  :  43088       Distance  :  239

(PORT 1) : 6a,5,0,18,21,43,65,87,0,0,0,eb,0,e7,1,0,0,0,0,75,f3,1d,de,0,0,0,0,0   TimeStamp  :  43185       Distance  :  235

(PORT 1) : 6a,5,0,18,21,43,65,87,0,0,1,d6,0,e8,1,0,0,0,0,9,47,ea,9,0,0,0,0,0   TimeStamp  :  43280       Distance  :  214

(PORT 1) : 6a,5,0,18,21,43,65,87,0,0,1,bf,0,e9,1,0,0,0,0,53,10,8f,88,0,0,0,0,0   TimeStamp  :  43377       Distance  :  191

(PORT 1) : 6a,5,0,18,21,43,65,87,0,0,0,ed,0,ea,1,0,0,0,0,22,1b,31,91,0,0,0,0,0   TimeStamp  :  43473       Distance  :  237

(PORT 1) : 6a,5,0,18,21,43,65,87,0,0,0,ee,0,eb,1,0,0,0,0,b0,27,95,59,0,0,0,0,0   TimeStamp  :  43568       Distance  :  238

(PORT 1) : 6a,5,0,18,21,43,65,87,0,0,0,f0,0,ec,1,0,0,0,0,18,74,58,18,0,0,0,0,0   TimeStamp  :  43664       Distance  :  240

(PORT 1) : 6a,5,0,18,21,43,65,87,0,0,0,f0,0,ed,1,0,0,0,0,ee,9a,7f,dc,0,0,0,0,0   TimeStamp  :  43760       Distance  :  240

(PORT 1) : 6a,5,0,18,21,43,65,87,0,0,0,ef,0,ee,1,0,0,0,0,4e,f5,48,54,0,0,0,0,0   TimeStamp  :  43856       Distance  :  239

(PORT 1) : 6a,5,0,18,21,43,65,87,0,0,0,ed,0,ef,1,0,0,0,0,8a,19,60,33,0,0,0,0,0   TimeStamp  :  43952       Distance  :  237

(PORT 1) : 6a,5,0,18,21,43,65,87,0,0,0,f1,0,f0,1,0,0,0,0,ec,ee,4a,e,0,0,0,0,0   TimeStamp  :  44048       Distance  :  241

(PORT 1) : 6a,5,0,18,21,43,65,87,0,0,0,f1,0,f1,1,0,0,0,0,13,22,7,1a,0,0,0,0,0   TimeStamp  :  44144       Distance  :  241

(PORT 1) : 6a,5,0,18,21,43,65,87,0,0,0,ec,0,f2,1,0,0,0,0,64,b6,e8,4,0,0,0,0,0   TimeStamp  :  44240       Distance  :  236

(PORT 1) : 6a,5,0,18,21,43,65,87,0,0,0,eb,0,f3,1,0,0,0,0,81,fb,44,68,0,0,0,0,0   TimeStamp  :  44336       Distance  :  235

(PORT 1) : 6a,5,0,18,21,43,65,87,0,0,0,ec,0,f4,1,0,0,0,0,15,3,89,42,0,0,0,0,0   TimeStamp  :  44432       Distance  :  236

(PORT 1) : 6a,5,0,18,21,43,65,87,0,0,0,ed,0,f5,1,0,0,0,0,70,c0,60,3e,0,0,0,0,0   TimeStamp  :  44529       Distance  :  237

(PORT 1) : 6a,5,0,18,21,43,65,87,0,0,0,ee,0,f6,1,0,0,0,0,84,96,63,9d,0,0,0,0,0   TimeStamp  :  44624       Distance  :  238

(PORT 1) : 6a,5,0,18,21,43,65,87,0,0,0,ee,0,f7,1,0,0,0,0,b0,b5,6a,23,0,0,0,0,0   TimeStamp  :  44720       Distance  :  238

(PORT 1) : 6a,5,0,18,21,43,65,87,0,0,0,ed,0,f8,1,0,0,0,0,6a,f5,c5,bf,0,0,0,0,0   TimeStamp  :  44817       Distance  :  237

(PORT 1) : 6a,5,0,18,21,43,65,87,0,0,0,f0,0,f9,1,0,0,0,0,47,85,fb,a7,0,0,0,0,0   TimeStamp  :  44912       Distance  :  240

(PORT 1) : 6a,5,0,18,21,43,65,87,0,0,1,d2,0,fa,1,0,0,0,0,52,b,39,cd,0,0,0,0,0   TimeStamp  :  45008       Distance  :  210

(PORT 1) : 6a,5,0,18,21,43,65,87,0,0,0,ef,0,fb,1,0,0,0,0,47,ed,81,bb,0,0,0,0,0   TimeStamp  :  45104       Distance  :  239

(PORT 1) : 6a,5,0,18,21,43,65,87,0,0,0,ed,0,fc,1,0,0,0,0,3f,0,39,7b,0,0,0,0,0   TimeStamp  :  45200       Distance  :  237

(PORT 1) : 6a,5,0,18,21,43,65,87,0,0,1,d3,0,fd,1,0,0,0,0,12,26,7a,bf,0,0,0,0,0   TimeStamp  :  45296       Distance  :  211

(PORT 1) : 6a,5,0,18,21,43,65,87,0,0,0,d3,0,fe,1,0,0,0,0,24,d6,e9,52,0,0,0,0,0   TimeStamp  :  45392       Distance  :  211

(PORT 1) : 6a,5,0,18,21,43,65,87,0,0,0,ed,0,ff,1,0,0,0,0,ca,64,4d,35,0,0,0,0,0   TimeStamp  :  45488       Distance  :  237

(PORT 1) : 6a,5,0,18,21,43,65,87,0,0,0,f0,0,0,2,0,0,0,0,0,8f,f9,c9,0,0,0,0,0   TimeStamp  :  45584       Distance  :  240

(PORT 1) : 6a,5,0,18,21,43,65,87,0,0,0,f0,0,1,2,0,0,0,0,e9,a6,c2,3f,0,0,0,0,0   TimeStamp  :  45680       Distance  :  240

(PORT 1) : 6a,5,0,18,21,43,65,87,0,0,0,e8,0,2,2,0,0,0,0,d1,ec,7,94,0,0,0,0,0   TimeStamp  :  45776       Distance  :  232

(PORT 1) : 6a,5,0,18,21,43,65,87,0,0,0,ee,0,3,2,0,0,0,0,47,21,cb,92,0,0,0,0,0   TimeStamp  :  45872       Distance  :  238

(PORT 1) : 6a,5,0,18,21,43,65,87,0,0,0,f0,0,4,2,0,0,0,0,45,62,81,3c,0,0,0,0,0   TimeStamp  :  45968       Distance  :  240

(PORT 1) : 6a,5,0,18,21,43,65,87,0,0,0,ee,0,5,2,0,0,0,0,31,69,fc,b9,0,0,0,0,0   TimeStamp  :  46064       Distance  :  238

(PORT 1) : 6a,5,0,18,21,43,65,87,0,0,0,f1,0,6,2,0,0,0,0,3a,d6,7e,74,0,0,0,0,0   TimeStamp  :  46160       Distance  :  241

(PORT 1) : 6a,5,0,18,21,43,65,87,0,0,0,ed,0,7,2,0,0,0,0,f4,bc,e4,6e,0,0,0,0,0   TimeStamp  :  46257       Distance  :  237

(PORT 1) : 6a,5,0,18,21,43,65,87,0,0,1,d4,0,8,2,0,0,0,0,1c,6e,86,12,0,0,0,0,0   TimeStamp  :  46352       Distance  :  212

(PORT 1) : 6a,5,0,18,21,43,65,87,0,0,1,b8,0,9,2,0,0,0,0,f6,b5,d9,42,0,0,0,0,0   TimeStamp  :  46448       Distance  :  184

(PORT 1) : 6a,5,0,18,21,43,65,87,0,0,0,ef,0,a,2,0,0,0,0,79,f6,f2,cf,0,0,0,0,0   TimeStamp  :  46545       Distance  :  239

(PORT 1) : 6a,5,0,18,21,43,65,87,0,0,0,ee,0,b,2,0,0,0,0,a,48,dc,e5,0,0,0,0,0   TimeStamp  :  46640       Distance  :  238

(PORT 1) : 6a,5,0,18,21,43,65,87,0,0,0,ee,0,c,2,0,0,0,0,cc,3f,45,ef,0,0,0,0,0   TimeStamp  :  46736       Distance  :  238

(PORT 1) : 6a,5,0,18,21,43,65,87,0,0,0,ec,0,d,2,0,0,0,0,18,f0,5b,9e,0,0,0,0,0   TimeStamp  :  46832       Distance  :  236

(PORT 1) : 6a,5,0,18,21,43,65,87,0,4,0,ef,0,e,2,0,0,0,0,bd,a0,a8,8f,0,0,0,0,0   TimeStamp  :  46928       Distance  :  239

(PORT 1) : 6a,5,0,18,21,43,65,87,0,0,0,d4,0,f,2,0,0,0,0,c3,43,51,a2,0,0,0,0,0   TimeStamp  :  47025       Distance  :  212

(PORT 1) : 6a,5,0,18,21,43,65,87,0,0,0,d7,0,10,2,0,0,0,0,d6,9d,97,c6,0,0,0,0,0   TimeStamp  :  47119       Distance  :  215

(PORT 1) : 6a,5,0,18,21,43,65,87,0,0,0,ec,0,11,2,0,0,0,0,22,3f,56,1a,0,0,0,0,0   TimeStamp  :  47216       Distance  :  236

(PORT 1) : 6a,5,0,18,21,43,65,87,0,0,0,f0,0,12,2,0,0,0,0,94,1e,31,4f,0,0,0,0,0   TimeStamp  :  47312       Distance  :  240

(PORT 1) : 6a,5,0,18,21,43,65,87,0,0,0,eb,0,13,2,0,0,0,0,9a,80,69,96,0,0,0,0,0   TimeStamp  :  47408       Distance  :  235

(PORT 1) : 6a,5,0,18,21,43,65,87,0,3,0,f0,0,14,2,0,0,0,0,22,67,87,1b,0,0,0,0,0   TimeStamp  :  47504       Distance  :  240

(PORT 1) : 6a,5,0,18,21,43,65,87,0,0,0,d7,0,15,2,0,0,0,0,98,c3,17,27,0,0,0,0,0   TimeStamp  :  47601       Distance  :  215

(PORT 1) : 6a,5,0,18,21,43,65,87,0,3,1,da,0,16,2,0,0,0,0,eb,5b,62,70,0,0,0,0,0   TimeStamp  :  47696       Distance  :  218

(PORT 1) : 6a,5,0,18,21,43,65,87,0,0,0,ee,0,17,2,0,0,0,0,7d,61,33,3,0,0,0,0,0   TimeStamp  :  47792       Distance  :  238

(PORT 1) : 6a,5,0,18,21,43,65,87,0,0,0,f1,0,18,2,0,0,0,0,ab,b1,a2,48,0,0,0,0,0   TimeStamp  :  47888       Distance  :  241

(PORT 1) : 6a,5,0,18,21,43,65,87,0,0,0,ee,0,19,2,0,0,0,0,6,25,eb,f7,0,0,0,0,0   TimeStamp  :  47984       Distance  :  238

(PORT 1) : 6a,5,0,18,21,43,65,87,0,0,1,d5,0,1a,2,0,0,0,0,c8,af,ba,1a,0,0,0,0,0   TimeStamp  :  48080       Distance  :  213

(PORT 1) : 6a,5,0,18,21,43,65,87,0,0,0,eb,0,1b,2,0,0,0,0,9a,f2,64,a,0,0,0,0,0   TimeStamp  :  48176       Distance  :  235

(PORT 1) : 6a,5,0,18,21,43,65,87,0,0,0,ee,0,1c,2,0,0,0,0,da,ca,44,fc,0,0,0,0,0   TimeStamp  :  48272       Distance  :  238

(PORT 1) : 6a,5,0,18,21,43,65,87,0,0,0,ee,0,1d,2,0,0,0,0,55,a9,1b,1e,0,0,0,0,0   TimeStamp  :  48369       Distance  :  238

(PORT 1) : 6a,5,0,18,21,43,65,87,0,0,0,ee,0,1e,2,0,0,0,0,5,ec,ec,10,0,0,0,0,0   TimeStamp  :  48464       Distance  :  238

(PORT 1) : 6a,5,0,18,21,43,65,87,0,0,1,d3,0,1f,2,0,0,0,0,48,fd,1,15,0,0,0,0,0   TimeStamp  :  48560       Distance  :  211

(PORT 1) : 6a,5,0,18,21,43,65,87,0,0,0,f1,0,20,2,0,0,0,0,61,bc,cc,e6,0,0,0,0,0   TimeStamp  :  48656       Distance  :  241

(PORT 1) : 6a,5,0,18,21,43,65,87,0,0,0,f1,0,21,2,0,0,0,0,f0,7,5f,30,0,0,0,0,0   TimeStamp  :  48752       Distance  :  241

(PORT 1) : 6a,5,0,18,21,43,65,87,0,0,0,f1,0,22,2,0,0,0,0,d6,f4,50,bb,0,0,0,0,0   TimeStamp  :  48848       Distance  :  241

(PORT 1) : 6a,5,0,18,21,43,65,87,0,0,0,ed,0,23,2,0,0,0,0,e2,7e,f5,92,0,0,0,0,0   TimeStamp  :  48944       Distance  :  237

(PORT 1) : 6a,5,0,18,21,43,65,87,0,0,1,c2,0,24,2,0,0,0,0,e7,94,dd,21,0,0,0,0,0   TimeStamp  :  49040       Distance  :  194

(PORT 1) : 6a,5,0,18,21,43,65,87,0,0,0,ed,0,25,2,0,0,0,0,f2,cc,2f,3f,0,0,0,0,0   TimeStamp  :  49136       Distance  :  237

(PORT 1) : 6a,5,0,18,21,43,65,87,0,0,0,ee,0,26,2,0,0,0,0,62,45,4c,59,0,0,0,0,0   TimeStamp  :  49232       Distance  :  238

(PORT 1) : 6a,5,0,18,21,43,65,87,0,0,0,ed,0,27,2,0,0,0,0,29,e0,5d,26,0,0,0,0,0   TimeStamp  :  49328       Distance  :  237

(PORT 1) : 6a,5,0,18,21,43,65,87,0,0,0,ed,0,28,2,0,0,0,0,12,1e,c8,c5,0,0,0,0,0   TimeStamp  :  49424       Distance  :  237

(PORT 1) : 6a,5,0,18,21,43,65,87,0,0,0,f0,0,29,2,0,0,0,0,14,9b,b2,87,0,0,0,0,0   TimeStamp  :  49520       Distance  :  240

(PORT 1) : 6a,5,0,18,21,43,65,87,0,0,0,ef,0,2a,2,0,0,0,0,47,18,30,1f,0,0,0,0,0   TimeStamp  :  49616       Distance  :  239

(PORT 1) : 6a,5,0,18,21,43,65,87,0,0,0,f1,0,2b,2,0,0,0,0,63,c9,89,46,0,0,0,0,0   TimeStamp  :  49712       Distance  :  241

(PORT 1) : 6a,5,0,18,21,43,65,87,0,0,0,ed,0,2c,2,0,0,0,0,2b,11,70,f3,0,0,0,0,0   TimeStamp  :  49808       Distance  :  237

(PORT 1) : 6a,5,0,18,21,43,65,87,0,0,0,ef,0,2d,2,0,0,0,0,19,86,4e,81,0,0,0,0,0   TimeStamp  :  49903       Distance  :  239

(PORT 1) : 6a,5,0,18,21,43,65,87,0,0,0,ef,0,2e,2,0,0,0,0,63,8c,4,ee,0,0,0,0,0   TimeStamp  :  50000       Distance  :  239

(PORT 1) : 6a,5,0,18,21,43,65,87,0,0,0,ee,0,2f,2,0,0,0,0,9f,c8,56,81,0,0,0,0,0   TimeStamp  :  50096       Distance  :  238

(PORT 1) : 6a,5,0,18,21,43,65,87,0,0,0,d6,0,30,2,0,0,0,0,25,1b,f4,3e,0,0,0,0,0   TimeStamp  :  50193       Distance  :  214

(PORT 1) : 6a,5,0,18,21,43,65,87,0,0,0,ee,0,31,2,0,0,0,0,32,5d,d2,59,0,0,0,0,0   TimeStamp  :  50289       Distance  :  238

(PORT 1) : 6a,5,0,18,21,43,65,87,0,0,0,ec,0,32,2,0,0,0,0,7e,b2,6e,b5,0,0,0,0,0   TimeStamp  :  50384       Distance  :  236

(PORT 1) : 6a,5,0,18,21,43,65,87,0,0,0,ed,0,33,2,0,0,0,0,f,df,8d,1f,0,0,0,0,0   TimeStamp  :  50480       Distance  :  237

(PORT 1) : 6a,5,0,18,21,43,65,87,0,0,0,ed,0,34,2,0,0,0,0,91,77,ab,85,0,0,0,0,0   TimeStamp  :  50576       Distance  :  237

(PORT 1) : 6a,5,0,18,21,43,65,87,0,0,0,ef,0,35,2,0,0,0,0,a0,86,ad,7,0,0,0,0,0   TimeStamp  :  50672       Distance  :  239

(PORT 1) : 6a,5,0,18,21,43,65,87,0,0,0,f0,0,36,2,0,0,0,0,fd,bf,77,82,0,0,0,0,0   TimeStamp  :  50768       Distance  :  240

(PORT 1) : 6a,5,0,18,21,43,65,87,0,0,0,eb,0,37,2,0,0,0,0,e6,14,3,57,0,0,0,0,0   TimeStamp  :  50864       Distance  :  235

(PORT 1) : 6a,5,0,18,21,43,65,87,0,0,0,ed,0,38,2,0,0,0,0,3d,75,5c,dd,0,0,0,0,0   TimeStamp  :  50960       Distance  :  237

(PORT 1) : 6a,5,0,18,21,43,65,87,0,0,0,d6,0,39,2,0,0,0,0,ed,f9,2b,b4,0,0,0,0,0   TimeStamp  :  51056       Distance  :  214

(PORT 1) : 6a,5,0,18,21,43,65,87,0,0,0,ef,0,3a,2,0,0,0,0,d0,f,6c,29,0,0,0,0,0   TimeStamp  :  51152       Distance  :  239

(PORT 1) : 6a,5,0,18,21,43,65,87,0,0,0,ee,0,3b,2,0,0,0,0,b2,6f,e1,47,0,0,0,0,0   TimeStamp  :  51248       Distance  :  238

(PORT 1) : 6a,5,0,18,21,43,65,87,0,0,0,d7,0,3c,2,0,0,0,0,8e,9f,19,96,0,0,0,0,0   TimeStamp  :  51344       Distance  :  215

(PORT 1) : 6a,5,0,18,21,43,65,87,0,0,0,f1,0,3d,2,0,0,0,0,2f,59,9f,d7,0,0,0,0,0   TimeStamp  :  51440       Distance  :  241

(PORT 1) : 6a,5,0,18,21,43,65,87,0,0,0,eb,0,3e,2,0,0,0,0,c4,a6,ed,e,0,0,0,0,0   TimeStamp  :  51536       Distance  :  235

(PORT 1) : 6a,5,0,18,21,43,65,87,0,0,0,f1,0,3f,2,0,0,0,0,dd,39,46,53,0,0,0,0,0   TimeStamp  :  51632       Distance  :  241

(PORT 1) : 6a,5,0,18,21,43,65,87,0,0,0,f0,0,40,2,0,0,0,0,ac,66,74,1,0,0,0,0,0   TimeStamp  :  51728       Distance  :  240

(PORT 1) : 6a,5,0,18,21,43,65,87,0,0,0,f0,0,41,2,0,0,0,0,73,c4,66,48,0,0,0,0,0   TimeStamp  :  51824       Distance  :  240

(PORT 1) : 6a,5,0,18,21,43,65,87,0,0,1,d7,0,42,2,0,0,0,0,c5,15,39,88,0,0,0,0,0   TimeStamp  :  51920       Distance  :  215

(PORT 1) : 6a,5,0,18,21,43,65,87,0,0,0,ef,0,43,2,0,0,0,0,8d,bd,70,1b,0,0,0,0,0   TimeStamp  :  52016       Distance  :  239

(PORT 1) : 6a,5,0,18,21,43,65,87,0,0,1,d6,0,44,2,0,0,0,0,55,69,4a,36,0,0,0,0,0   TimeStamp  :  52112       Distance  :  214

(PORT 1) : 6a,5,0,18,21,43,65,87,0,0,0,ef,0,45,2,0,0,0,0,cf,83,e9,9a,0,0,0,0,0   TimeStamp  :  52208       Distance  :  239

(PORT 1) : 6a,5,0,18,21,43,65,87,0,3,0,f2,0,46,2,0,0,0,0,5f,e3,de,47,0,0,0,0,0   TimeStamp  :  52304       Distance  :  242

(PORT 1) : 6a,5,0,18,21,43,65,87,0,0,1,ba,0,47,2,0,0,0,0,66,13,df,c4,0,0,0,0,0   TimeStamp  :  52399       Distance  :  186

(PORT 1) : 6a,5,0,18,21,43,65,87,0,0,0,f1,0,48,2,0,0,0,0,ab,b3,dc,a9,0,0,0,0,0   TimeStamp  :  52497       Distance  :  241

(PORT 1) : 6a,5,0,18,21,43,65,87,0,0,0,ed,0,49,2,0,0,0,0,c6,92,c4,eb,0,0,0,0,0   TimeStamp  :  52592       Distance  :  237

(PORT 1) : 6a,5,0,18,21,43,65,87,0,0,0,f0,0,4a,2,0,0,0,0,b8,15,ae,15,0,0,0,0,0   TimeStamp  :  52688       Distance  :  240

(PORT 1) : 6a,5,0,18,21,43,65,87,0,0,0,ec,0,4b,2,0,0,0,0,dc,88,71,3d,0,0,0,0,0   TimeStamp  :  52784       Distance  :  236

(PORT 1) : 6a,5,0,18,21,43,65,87,0,4,1,c3,0,4c,2,0,0,0,0,1a,62,bc,4,0,0,0,0,0   TimeStamp  :  52880       Distance  :  195

(PORT 1) : 6a,5,0,18,21,43,65,87,0,0,0,ee,0,4d,2,0,0,0,0,c8,51,eb,e,0,0,0,0,0   TimeStamp  :  52976       Distance  :  238

(PORT 1) : 6a,5,0,18,21,43,65,87,0,0,1,d6,0,4e,2,0,0,0,0,5d,9f,4b,83,0,0,0,0,0   TimeStamp  :  53072       Distance  :  214

(PORT 1) : 6a,5,0,18,21,43,65,87,0,0,0,eb,0,4f,2,0,0,0,0,a5,82,55,80,0,0,0,0,0   TimeStamp  :  53168       Distance  :  235

(PORT 1) : 6a,5,0,18,21,43,65,87,0,0,0,d6,0,50,2,0,0,0,0,a1,d1,4c,78,0,0,0,0,0   TimeStamp  :  53264       Distance  :  214

(PORT 1) : 6a,5,0,18,21,43,65,87,0,0,0,ef,0,51,2,0,0,0,0,6f,4a,2f,b4,0,0,0,0,0   TimeStamp  :  53360       Distance  :  239

(PORT 1) : 6a,5,0,18,21,43,65,87,0,3,1,d8,0,52,2,0,0,0,0,6b,9a,94,96,0,0,0,0,0   TimeStamp  :  53456       Distance  :  216

(PORT 1) : 6a,5,0,18,21,43,65,87,0,0,0,ee,0,53,2,0,0,0,0,2c,33,db,94,0,0,0,0,0   TimeStamp  :  53552       Distance  :  238

(PORT 1) : 6a,5,0,18,21,43,65,87,0,0,0,ee,0,54,2,0,0,0,0,db,a4,d0,b,0,0,0,0,0   TimeStamp  :  53648       Distance  :  238

(PORT 1) : 6a,5,0,18,21,43,65,87,0,0,0,ee,0,55,2,0,0,0,0,6d,dc,a9,da,0,0,0,0,0   TimeStamp  :  53744       Distance  :  238

(PORT 1) : 6a,5,0,18,21,43,65,87,0,0,1,d6,0,56,2,0,0,0,0,6a,3b,6c,b1,0,0,0,0,0   TimeStamp  :  53840       Distance  :  214

(PORT 1) : 6a,5,0,18,21,43,65,87,0,4,0,eb,0,57,2,0,0,0,0,9b,b5,3e,3a,0,0,0,0,0   TimeStamp  :  53936       Distance  :  235

(PORT 1) : 6a,5,0,18,21,43,65,87,0,0,0,ed,0,58,2,0,0,0,0,c,f2,f8,c3,0,0,0,0,0   TimeStamp  :  54032       Distance  :  237

(PORT 1) : 6a,5,0,18,21,43,65,87,0,0,0,ef,0,59,2,0,0,0,0,5,df,70,2f,0,0,0,0,0   TimeStamp  :  54128       Distance  :  239

(PORT 1) : 6a,5,0,18,21,43,65,87,0,0,0,ee,0,5a,2,0,0,0,0,5d,c4,2d,e,0,0,0,0,0   TimeStamp  :  54224       Distance  :  238

(PORT 1) : 6a,5,0,18,21,43,65,87,0,0,0,ee,0,5b,2,0,0,0,0,87,af,ba,4b,0,0,0,0,0   TimeStamp  :  54320       Distance  :  238

(PORT 1) : 6a,5,0,18,21,43,65,87,0,0,0,ee,0,5c,2,0,0,0,0,4f,d1,d8,66,0,0,0,0,0   TimeStamp  :  54416       Distance  :  238

(PORT 1) : 6a,5,0,18,21,43,65,87,0,0,0,ef,0,5d,2,0,0,0,0,50,90,c5,ef,0,0,0,0,0   TimeStamp  :  54512       Distance  :  239

(PORT 1) : 6a,5,0,18,21,43,65,87,0,0,0,eb,0,5e,2,0,0,0,0,b4,7c,28,9b,0,0,0,0,0   TimeStamp  :  54608       Distance  :  235

(PORT 1) : 6a,5,0,18,21,43,65,87,0,0,0,f0,0,5f,2,0,0,0,0,4e,d1,57,41,0,0,0,0,0   TimeStamp  :  54704       Distance  :  240

(PORT 1) : 6a,5,0,18,21,43,65,87,0,0,0,ed,0,60,2,0,0,0,0,eb,33,18,b9,0,0,0,0,0   TimeStamp  :  54800       Distance  :  237

(PORT 1) : 6a,5,0,18,21,43,65,87,0,0,0,f0,0,61,2,0,0,0,0,56,e5,4,42,0,0,0,0,0   TimeStamp  :  54896       Distance  :  240

(PORT 1) : 6a,5,0,18,21,43,65,87,0,0,0,ee,0,62,2,0,0,0,0,84,3a,76,e8,0,0,0,0,0   TimeStamp  :  54992       Distance  :  238

(PORT 1) : 6a,5,0,18,21,43,65,87,0,0,0,ec,0,63,2,0,0,0,0,bb,b4,3e,73,0,0,0,0,0   TimeStamp  :  55087       Distance  :  236

(PORT 1) : 6a,5,0,18,21,43,65,87,0,0,0,ee,0,64,2,0,0,0,0,d3,56,1e,94,0,0,0,0,0   TimeStamp  :  55184       Distance  :  238

(PORT 1) : 6a,5,0,18,21,43,65,87,0,0,0,eb,0,65,2,0,0,0,0,6b,c6,31,4d,0,0,0,0,0   TimeStamp  :  55280       Distance  :  235

(PORT 1) : 6a,5,0,18,21,43,65,87,0,0,0,f0,0,66,2,0,0,0,0,6c,21,54,47,0,0,0,0,0   TimeStamp  :  55376       Distance  :  240

(PORT 1) : 6a,5,0,18,21,43,65,87,0,0,0,ee,0,67,2,0,0,0,0,f1,9a,7f,e6,0,0,0,0,0   TimeStamp  :  55472       Distance  :  238

(PORT 1) : 6a,5,0,18,21,43,65,87,0,0,0,ed,0,68,2,0,0,0,0,b5,79,8b,6f,0,0,0,0,0   TimeStamp  :  55568       Distance  :  237

(PORT 1) : 6a,5,0,18,21,43,65,87,0,0,0,f0,0,69,2,0,0,0,0,6c,aa,d,e,0,0,0,0,0   TimeStamp  :  55664       Distance  :  240

(PORT 1) : 6a,5,0,18,21,43,65,87,0,0,0,d7,0,6a,2,0,0,0,0,a7,be,35,ab,0,0,0,0,0   TimeStamp  :  55760       Distance  :  215

(PORT 1) : 6a,5,0,18,21,43,65,87,0,0,0,ee,0,6b,2,0,0,0,0,29,29,2f,b1,0,0,0,0,0   TimeStamp  :  55857       Distance  :  238

(PORT 1) : 6a,5,0,18,21,43,65,87,0,3,1,db,0,6c,2,0,0,0,0,f0,45,45,59,0,0,0,0,0   TimeStamp  :  55951       Distance  :  219

(PORT 1) : 6a,5,0,18,21,43,65,87,0,0,0,ef,0,6d,2,0,0,0,0,2c,8a,3c,2d,0,0,0,0,0   TimeStamp  :  56048       Distance  :  239

(PORT 1) : 6a,5,0,18,21,43,65,87,0,0,0,ed,0,6e,2,0,0,0,0,6,ff,3a,ec,0,0,0,0,0   TimeStamp  :  56144       Distance  :  237

(PORT 1) : 6a,5,0,18,21,43,65,87,0,0,0,d7,0,6f,2,0,0,0,0,f2,2,e4,9f,0,0,0,0,0   TimeStamp  :  56240       Distance  :  215

(PORT 1) : 6a,5,0,18,21,43,65,87,0,0,0,ee,0,70,2,0,0,0,0,1,e2,a9,8d,0,0,0,0,0   TimeStamp  :  56336       Distance  :  238

(PORT 1) : 6a,5,0,18,21,43,65,87,0,0,0,f0,0,71,2,0,0,0,0,aa,9e,49,78,0,0,0,0,0   TimeStamp  :  56432       Distance  :  240

(PORT 1) : 6a,5,0,18,21,43,65,87,0,0,0,d3,0,72,2,0,0,0,0,ab,27,f2,4d,0,0,0,0,0   TimeStamp  :  56528       Distance  :  211

(PORT 1) : 6a,5,0,18,21,43,65,87,0,0,0,ef,0,73,2,0,0,0,0,34,e2,f3,2b,0,0,0,0,0   TimeStamp  :  56624       Distance  :  239

(PORT 1) : 6a,5,0,18,21,43,65,87,0,4,0,d7,0,74,2,0,0,0,0,86,70,cb,30,0,0,0,0,0   TimeStamp  :  56720       Distance  :  215

(PORT 1) : 6a,5,0,18,21,43,65,87,0,0,0,ef,0,75,2,0,0,0,0,3e,9b,df,36,0,0,0,0,0   TimeStamp  :  56816       Distance  :  239

(PORT 1) : 6a,5,0,18,21,43,65,87,0,0,0,f2,0,76,2,0,0,0,0,10,66,9,85,0,0,0,0,0   TimeStamp  :  56912       Distance  :  242

(PORT 1) : 6a,5,0,18,21,43,65,87,0,0,0,d8,0,77,2,0,0,0,0,8f,74,8b,41,0,0,0,0,0   TimeStamp  :  57008       Distance  :  216

(PORT 1) : 6a,5,0,18,21,43,65,87,0,0,0,ee,0,78,2,0,0,0,0,7f,fa,88,b,0,0,0,0,0   TimeStamp  :  57103       Distance  :  238

(PORT 1) : 6a,5,0,18,21,43,65,87,0,0,0,ee,0,79,2,0,0,0,0,4d,fd,e0,ea,0,0,0,0,0   TimeStamp  :  57199       Distance  :  238

(PORT 1) : 6a,5,0,18,21,43,65,87,0,0,0,d7,0,7a,2,0,0,0,0,3,f7,4a,82,0,0,0,0,0   TimeStamp  :  57296       Distance  :  215

(PORT 1) : 6a,5,0,18,21,43,65,87,0,0,0,ef,0,7b,2,0,0,0,0,75,28,a3,8d,0,0,0,0,0   TimeStamp  :  57392       Distance  :  239

(PORT 1) : 6a,5,0,18,21,43,65,87,0,0,0,f1,0,7c,2,0,0,0,0,a1,8b,91,26,0,0,0,0,0   TimeStamp  :  57488       Distance  :  241

(PORT 1) : 6a,5,0,18,21,43,65,87,0,0,0,ed,0,7d,2,0,0,0,0,ef,81,3,52,0,0,0,0,0   TimeStamp  :  57584       Distance  :  237

(PORT 1) : 6a,5,0,18,21,43,65,87,0,0,0,ed,0,7e,2,0,0,0,0,cc,9d,4a,1,0,0,0,0,0   TimeStamp  :  57680       Distance  :  237

(PORT 1) : 6a,5,0,18,21,43,65,87,0,0,1,d7,0,7f,2,0,0,0,0,ff,2c,88,f9,0,0,0,0,0   TimeStamp  :  57775       Distance  :  215

(PORT 1) : 6a,5,0,18,21,43,65,87,0,0,0,ef,0,80,2,0,0,0,0,44,57,60,71,0,0,0,0,0   TimeStamp  :  57871       Distance  :  239

(PORT 1) : 6a,5,0,18,21,43,65,87,0,0,0,ee,0,81,2,0,0,0,0,41,c4,e9,b9,0,0,0,0,0   TimeStamp  :  57967       Distance  :  238

(PORT 1) : 6a,5,0,18,21,43,65,87,0,3,1,d7,0,82,2,0,0,0,0,57,9e,c0,d5,0,0,0,0,0   TimeStamp  :  58063       Distance  :  215

(PORT 1) : 6a,5,0,18,21,43,65,87,0,0,0,eb,0,83,2,0,0,0,0,5,fe,12,a3,0,0,0,0,0   TimeStamp  :  58160       Distance  :  235

(PORT 1) : 6a,5,0,18,21,43,65,87,0,0,0,ef,0,84,2,0,0,0,0,2f,f6,cc,a1,0,0,0,0,0   TimeStamp  :  58255       Distance  :  239

(PORT 1) : 6a,5,0,18,21,43,65,87,0,4,1,bd,0,85,2,0,0,0,0,8e,af,fc,f7,0,0,0,0,0   TimeStamp  :  58351       Distance  :  189

(PORT 1) : 6a,5,0,18,21,43,65,87,0,0,0,ef,0,86,2,0,0,0,0,88,ec,91,9e,0,0,0,0,0   TimeStamp  :  58446       Distance  :  239

(PORT 1) : 6a,5,0,18,21,43,65,87,0,0,0,ed,0,87,2,0,0,0,0,41,c3,97,f6,0,0,0,0,0   TimeStamp  :  58542       Distance  :  237

(PORT 1) : 6a,5,0,18,21,43,65,87,0,0,0,ee,0,88,2,0,0,0,0,1e,bc,b,f5,0,0,0,0,0   TimeStamp  :  58639       Distance  :  238

(PORT 1) : 6a,5,0,18,21,43,65,87,0,0,0,ec,0,89,2,0,0,0,0,6c,6b,ac,e8,0,0,0,0,0   TimeStamp  :  58734       Distance  :  236

(PORT 1) : 6a,5,0,18,21,43,65,87,0,0,0,f1,0,8a,2,0,0,0,0,e7,5d,4a,21,0,0,0,0,0   TimeStamp  :  58831       Distance  :  241

(PORT 1) : 6a,5,0,18,21,43,65,87,0,0,1,d3,0,8b,2,0,0,0,0,fd,60,56,c0,0,0,0,0,0   TimeStamp  :  58926       Distance  :  211

(PORT 1) : 6a,5,0,18,21,43,65,87,0,0,0,ef,0,8c,2,0,0,0,0,82,70,8a,8,0,0,0,0,0   TimeStamp  :  59023       Distance  :  239

(PORT 1) : 6a,5,0,18,21,43,65,87,0,0,0,ed,0,8d,2,0,0,0,0,79,8b,de,88,0,0,0,0,0   TimeStamp  :  59118       Distance  :  237

(PORT 1) : 6a,5,0,18,21,43,65,87,0,0,0,d6,0,8e,2,0,0,0,0,1f,ca,f8,2e,0,0,0,0,0   TimeStamp  :  59215       Distance  :  214

(PORT 1) : 6a,5,0,18,21,43,65,87,0,0,0,ee,0,8f,2,0,0,0,0,78,c8,b6,6a,0,0,0,0,0   TimeStamp  :  59310       Distance  :  238

(PORT 1) : 6a,5,0,18,21,43,65,87,0,0,0,f0,0,90,2,0,0,0,0,cc,be,37,45,0,0,0,0,0   TimeStamp  :  59407       Distance  :  240

(PORT 1) : 6a,5,0,18,21,43,65,87,0,0,0,f1,0,91,2,0,0,0,0,95,59,9c,e4,0,0,0,0,0   TimeStamp  :  59503       Distance  :  241

(PORT 1) : 6a,5,0,18,21,43,65,87,0,0,0,ef,0,92,2,0,0,0,0,20,90,a1,4e,0,0,0,0,0   TimeStamp  :  59599       Distance  :  239

(PORT 1) : 6a,5,0,18,21,43,65,87,0,4,1,c0,0,93,2,0,0,0,0,43,3b,db,6,0,0,0,0,0   TimeStamp  :  59695       Distance  :  192

(PORT 1) : 6a,5,0,18,21,43,65,87,0,0,0,d4,0,94,2,0,0,0,0,7e,77,89,2a,0,0,0,0,0   TimeStamp  :  59790       Distance  :  212

(PORT 1) : 6a,5,0,18,21,43,65,87,0,0,0,f0,0,95,2,0,0,0,0,62,f8,4d,cb,0,0,0,0,0   TimeStamp  :  59887       Distance  :  240

(PORT 1) : 6a,5,0,18,21,43,65,87,0,0,0,ef,0,96,2,0,0,0,0,6f,ae,60,47,0,0,0,0,0   TimeStamp  :  59983       Distance  :  239

(PORT 1) : 6a,5,0,18,21,43,65,87,0,0,0,ed,0,97,2,0,0,0,0,44,7a,7a,69,0,0,0,0,0   TimeStamp  :  60079       Distance  :  237

(PORT 1) : 6a,5,0,18,21,43,65,87,0,0,1,db,0,98,2,0,0,0,0,dc,16,d8,31,0,0,0,0,0   TimeStamp  :  60175       Distance  :  219

(PORT 1) : 6a,5,0,18,21,43,65,87,0,0,0,f0,0,99,2,0,0,0,0,86,ef,4d,64,0,0,0,0,0   TimeStamp  :  60270       Distance  :  240

(PORT 1) : 6a,5,0,18,21,43,65,87,0,0,0,ee,0,9a,2,0,0,0,0,97,9f,8,39,0,0,0,0,0   TimeStamp  :  60368       Distance  :  238

(PORT 1) : 6a,5,0,18,21,43,65,87,0,0,0,f1,0,9b,2,0,0,0,0,c8,86,43,67,0,0,0,0,0   TimeStamp  :  60463       Distance  :  241

(PORT 1) : 6a,5,0,18,21,43,65,87,0,0,0,eb,0,9c,2,0,0,0,0,dd,bb,dc,4d,0,0,0,0,0   TimeStamp  :  60559       Distance  :  235

(PORT 1) : 6a,5,0,18,21,43,65,87,0,0,0,d7,0,9d,2,0,0,0,0,eb,18,ff,2,0,0,0,0,0   TimeStamp  :  60655       Distance  :  215

(PORT 1) : 6a,5,0,18,21,43,65,87,0,0,0,ef,0,9e,2,0,0,0,0,c3,e5,18,43,0,0,0,0,0   TimeStamp  :  60750       Distance  :  239

(PORT 1) : 6a,5,0,18,21,43,65,87,0,0,0,ef,0,9f,2,0,0,0,0,29,8a,af,15,0,0,0,0,0   TimeStamp  :  60847       Distance  :  239

(PORT 1) : 6a,5,0,18,21,43,65,87,0,0,0,f1,0,a0,2,0,0,0,0,e6,be,75,c6,0,0,0,0,0   TimeStamp  :  60943       Distance  :  241

(PORT 1) : 6a,5,0,18,21,43,65,87,0,0,1,d6,0,a1,2,0,0,0,0,27,cf,db,ef,0,0,0,0,0   TimeStamp  :  61039       Distance  :  214

(PORT 1) : 6a,5,0,18,21,43,65,87,0,0,0,f2,0,a2,2,0,0,0,0,87,77,5a,2d,0,0,0,0,0   TimeStamp  :  61135       Distance  :  242

(PORT 1) : 6a,5,0,18,21,43,65,87,0,0,0,ed,0,a3,2,0,0,0,0,8f,b9,58,af,0,0,0,0,0   TimeStamp  :  61231       Distance  :  237

(PORT 1) : 6a,5,0,18,21,43,65,87,0,0,0,f1,0,a4,2,0,0,0,0,ca,31,a1,35,0,0,0,0,0   TimeStamp  :  61327       Distance  :  241

(PORT 1) : 6a,5,0,18,21,43,65,87,0,0,0,f0,0,a5,2,0,0,0,0,31,26,4a,2c,0,0,0,0,0   TimeStamp  :  61423       Distance  :  240

(PORT 1) : 6a,5,0,18,21,43,65,87,0,0,0,f0,0,a6,2,0,0,0,0,6c,72,67,61,0,0,0,0,0   TimeStamp  :  61519       Distance  :  240

(PORT 1) : 6a,5,0,18,21,43,65,87,0,0,1,dc,0,a7,2,0,0,0,0,f4,60,8a,b8,0,0,0,0,0   TimeStamp  :  61615       Distance  :  220

(PORT 1) : 6a,5,0,18,21,43,65,87,0,0,0,e3,0,a8,2,0,0,0,0,0,c3,f8,63,0,0,0,0,0   TimeStamp  :  61710       Distance  :  227

(PORT 1) : 6a,5,0,18,21,43,65,87,0,0,0,ef,0,a9,2,0,0,0,0,2a,1a,fb,62,0,0,0,0,0   TimeStamp  :  61807       Distance  :  239

(PORT 1) : 6a,5,0,18,21,43,65,87,0,0,0,ec,0,aa,2,0,0,0,0,e0,8f,31,61,0,0,0,0,0   TimeStamp  :  61903       Distance  :  236

(PORT 1) : 6a,5,0,18,21,43,65,87,0,0,0,ec,0,ab,2,0,0,0,0,c9,f3,39,56,0,0,0,0,0   TimeStamp  :  61999       Distance  :  236

(PORT 1) : 6a,5,0,18,21,43,65,87,0,0,0,f0,0,ac,2,0,0,0,0,44,a7,3d,82,0,0,0,0,0   TimeStamp  :  62095       Distance  :  240

(PORT 1) : 6a,5,0,18,21,43,65,87,0,0,0,ed,0,ad,2,0,0,0,0,74,d2,ea,4d,0,0,0,0,0   TimeStamp  :  62191       Distance  :  237

(PORT 1) : 6a,5,0,18,21,43,65,87,0,0,0,ec,0,ae,2,0,0,0,0,49,23,2d,c9,0,0,0,0,0   TimeStamp  :  62286       Distance  :  236

(PORT 1) : 6a,5,0,18,21,43,65,87,0,0,0,ec,0,af,2,0,0,0,0,a3,ed,2,e0,0,0,0,0,0   TimeStamp  :  62382       Distance  :  236

(PORT 1) : 6a,5,0,18,21,43,65,87,0,0,0,ed,0,b0,2,0,0,0,0,21,43,2,f3,0,0,0,0,0   TimeStamp  :  62479       Distance  :  237

(PORT 1) : 6a,5,0,18,21,43,65,87,0,0,0,f1,0,b1,2,0,0,0,0,65,78,ff,6f,0,0,0,0,0   TimeStamp  :  62575       Distance  :  241

(PORT 1) : 6a,5,0,18,21,43,65,87,0,0,0,ee,0,b2,2,0,0,0,0,88,87,ca,a9,0,0,0,0,0   TimeStamp  :  62670       Distance  :  238

(PORT 1) : 6a,5,0,18,21,43,65,87,0,0,0,f1,0,b3,2,0,0,0,0,c8,53,c,25,0,0,0,0,0   TimeStamp  :  62767       Distance  :  241

(PORT 1) : 6a,5,0,18,21,43,65,87,0,0,1,d7,0,b4,2,0,0,0,0,c6,69,9f,71,0,0,0,0,0   TimeStamp  :  62863       Distance  :  215

(PORT 1) : 6a,5,0,18,21,43,65,87,0,0,0,f1,0,b5,2,0,0,0,0,f1,c3,fd,fa,0,0,0,0,0   TimeStamp  :  62959       Distance  :  241

(PORT 1) : 6a,5,0,18,21,43,65,87,0,0,0,ef,0,b6,2,0,0,0,0,f3,16,26,7a,0,0,0,0,0   TimeStamp  :  63055       Distance  :  239

(PORT 1) : 6a,5,0,18,21,43,65,87,0,0,0,eb,0,b7,2,0,0,0,0,f7,6f,db,38,0,0,0,0,0   TimeStamp  :  63151       Distance  :  235

(PORT 1) : 6a,5,0,18,21,43,65,87,0,0,0,eb,0,b8,2,0,0,0,0,10,20,8e,3,0,0,0,0,0   TimeStamp  :  63247       Distance  :  235

(PORT 1) : 6a,5,0,18,21,43,65,87,0,0,0,f0,0,b9,2,0,0,0,0,83,bb,f5,5b,0,0,0,0,0   TimeStamp  :  63343       Distance  :  240

(PORT 1) : 6a,5,0,18,21,43,65,87,0,0,0,ec,0,ba,2,0,0,0,0,ec,bd,a4,f3,0,0,0,0,0   TimeStamp  :  63439       Distance  :  236

(PORT 1) : 6a,5,0,18,21,43,65,87,0,0,0,ec,0,bb,2,0,0,0,0,cc,db,5e,7e,0,0,0,0,0   TimeStamp  :  63535       Distance  :  236

(PORT 1) : 6a,5,0,18,21,43,65,87,0,0,0,ee,0,bc,2,0,0,0,0,55,e,61,e7,0,0,0,0,0   TimeStamp  :  63631       Distance  :  238

(PORT 1) : 6a,5,0,18,21,43,65,87,0,0,0,ed,0,bd,2,0,0,0,0,7e,a2,7b,2f,0,0,0,0,0   TimeStamp  :  63727       Distance  :  237

(PORT 1) : 6a,5,0,18,21,43,65,87,0,0,0,ee,0,be,2,0,0,0,0,b1,83,61,34,0,0,0,0,0   TimeStamp  :  63823       Distance  :  238

(PORT 1) : 6a,5,0,18,21,43,65,87,0,0,0,f0,0,bf,2,0,0,0,0,6e,48,aa,e9,0,0,0,0,0   TimeStamp  :  63918       Distance  :  240
