
(PORT 1) : 6a,5,0,18,34,12,0,0,0,0,0,41,1,8c,13,0,0,0,0,e9,1c,5a,b4,0,0,0,0,0   TimeStamp  :  106824       Distance  :  265

(PORT 1) : 6a,5,0,18,34,12,0,0,0,0,0,40,1,8d,13,0,0,0,0,d0,81,87,c9,0,0,0,0,0   TimeStamp  :  107107       Distance  :  264

(PORT 1) : 6a,5,0,18,34,12,0,0,0,0,0,41,1,8e,13,0,0,0,0,2a,77,33,32,0,0,0,0,0   TimeStamp  :  107395       Distance  :  265

(PORT 1) : 6a,5,0,18,34,12,0,0,0,0,0,40,1,8f,13,0,0,0,0,88,98,25,e4,0,0,0,0,0   TimeStamp  :  107684       Distance  :  264

(PORT 1) : 6a,5,0,18,34,12,0,0,0,0,0,42,1,90,13,0,0,0,0,14,9e,47,ca,0,0,0,0,0   TimeStamp  :  107973       Distance  :  266

(PORT 1) : 6a,5,0,18,34,12,0,0,0,0,0,41,1,91,13,0,0,0,0,cd,8b,4f,94,0,0,0,0,0   TimeStamp  :  108259       Distance  :  265

(PORT 1) : 6a,5,0,18,34,12,0,0,0,0,0,3e,1,92,13,0,0,0,0,84,c,12,5c,0,0,0,0,0   TimeStamp  :  274       Distance  :  262

(PORT 1) : 6a,5,0,18,34,12,0,0,0,0,0,41,1,93,13,0,0,0,0,d9,9a,13,d0,0,0,0,0,0   TimeStamp  :  563       Distance  :  265

(PORT 1) : 6a,5,0,18,34,12,0,0,0,0,0,4d,1,94,13,0,0,0,0,95,e,18,a5,0,0,0,0,0   TimeStamp  :  850       Distance  :  277

(PORT 1) : 6a,5,0,18,34,12,0,0,0,0,0,40,1,95,13,0,0,0,0,89,ac,16,35,0,0,0,0,0   TimeStamp  :  1139       Distance  :  264

(PORT 1) : 6a,5,0,18,34,12,0,0,0,0,0,51,1,96,13,0,0,0,0,e9,83,0,1,0,0,0,0,0   TimeStamp  :  1427       Distance  :  281

(PORT 1) : 6a,5,0,18,34,12,0,0,0,0,0,41,1,97,13,0,0,0,0,84,6d,96,46,0,0,0,0,0   TimeStamp  :  1715       Distance  :  265

(PORT 1) : 6a,5,0,18,34,12,0,0,0,0,0,42,1,98,13,0,0,0,0,46,95,3,d4,0,0,0,0,0   TimeStamp  :  2003       Distance  :  266

(PORT 1) : 6a,5,0,18,34,12,0,0,0,0,0,41,1,99,13,0,0,0,0,17,32,8,a1,0,0,0,0,0   TimeStamp  :  2290       Distance  :  265

(PORT 1) : 6a,5,0,18,34,12,0,0,0,0,0,40,1,9a,13,0,0,0,0,a0,44,67,c7,0,0,0,0,0   TimeStamp  :  2579       Distance  :  264

(PORT 1) : 6a,5,0,18,34,12,0,0,0,0,0,40,1,9b,13,0,0,0,0,d6,39,ad,2d,0,0,0,0,0   TimeStamp  :  2866       Distance  :  264

(PORT 1) : 6a,5,0,18,34,12,0,0,0,0,0,3f,1,9c,13,0,0,0,0,a4,4b,6,d5,0,0,0,0,0   TimeStamp  :  3155       Distance  :  263

(PORT 1) : 6a,5,0,18,34,12,0,0,0,0,0,40,1,9d,13,0,0,0,0,6a,dd,64,f0,0,0,0,0,0   TimeStamp  :  3441       Distance  :  264

(PORT 1) : 6a,5,0,18,34,12,0,0,0,0,0,40,1,9e,13,0,0,0,0,9f,15,33,d,0,0,0,0,0   TimeStamp  :  3731       Distance  :  264

(PORT 1) : 6a,5,0,18,34,12,0,0,0,0,0,41,1,9f,13,0,0,0,0,66,56,99,ae,0,0,0,0,0   TimeStamp  :  4019       Distance  :  265

(PORT 1) : 6a,5,0,18,34,12,0,0,0,0,0,41,1,a0,13,0,0,0,0,91,9f,30,7,0,0,0,0,0   TimeStamp  :  4307       Distance  :  265

(PORT 1) : 6a,5,0,18,34,12,0,0,0,0,0,42,1,a1,13,0,0,0,0,99,66,f5,c,0,0,0,0,0   TimeStamp  :  4594       Distance  :  266

(PORT 1) : 6a,5,0,18,34,12,0,0,0,0,0,41,1,a2,13,0,0,0,0,3,ec,46,70,0,0,0,0,0   TimeStamp  :  4882       Distance  :  265

(PORT 1) : 6a,5,0,18,34,12,0,0,0,0,0,40,1,a3,13,0,0,0,0,cf,f7,2e,53,0,0,0,0,0   TimeStamp  :  5171       Distance  :  264

(PORT 1) : 6a,5,0,18,34,12,0,0,0,0,0,40,1,a4,13,0,0,0,0,59,2e,c0,e7,0,0,0,0,0   TimeStamp  :  5458       Distance  :  264

(PORT 1) : 6a,5,0,18,34,12,0,0,0,0,0,41,1,a5,13,0,0,0,0,41,8,36,8,0,0,0,0,0   TimeStamp  :  5745       Distance  :  265

(PORT 1) : 6a,5,0,18,34,12,0,0,0,0,0,4c,1,a6,13,0,0,0,0,f4,a9,f1,e5,0,0,0,0,0   TimeStamp  :  6035       Distance  :  276

(PORT 1) : 6a,5,0,18,34,12,0,0,0,0,0,41,1,a7,13,0,0,0,0,77,4c,c6,fc,0,0,0,0,0   TimeStamp  :  6323       Distance  :  265

(PORT 1) : 6a,5,0,18,34,12,0,0,0,0,0,41,1,a8,13,0,0,0,0,66,64,4f,d1,0,0,0,0,0   TimeStamp  :  6611       Distance  :  265

(PORT 1) : 6a,5,0,18,34,12,0,0,0,0,0,40,1,a9,13,0,0,0,0,14,66,b6,dd,0,0,0,0,0   TimeStamp  :  6898       Distance  :  264

(PORT 1) : 6a,5,0,18,34,12,0,0,0,0,0,40,1,aa,13,0,0,0,0,ed,cf,ab,3f,0,0,0,0,0   TimeStamp  :  7186       Distance  :  264

(PORT 1) : 6a,5,0,18,34,12,0,0,0,0,0,41,1,ab,13,0,0,0,0,51,d5,f9,3,0,0,0,0,0   TimeStamp  :  7473       Distance  :  265

(PORT 1) : 6a,5,0,18,34,12,0,0,0,0,0,3f,1,ac,13,0,0,0,0,31,c2,93,6a,0,0,0,0,0   TimeStamp  :  7762       Distance  :  263

(PORT 1) : 6a,5,0,18,34,12,0,0,0,0,0,40,1,ad,13,0,0,0,0,aa,45,dc,5c,0,0,0,0,0   TimeStamp  :  8049       Distance  :  264

(PORT 1) : 6a,5,0,18,34,12,0,0,0,0,0,41,1,ae,13,0,0,0,0,a5,d3,37,8d,0,0,0,0,0   TimeStamp  :  8338       Distance  :  265

(PORT 1) : 6a,5,0,18,34,12,0,0,0,0,0,3f,1,af,13,0,0,0,0,4d,cf,ca,d9,0,0,0,0,0   TimeStamp  :  8626       Distance  :  263

(PORT 1) : 6a,5,0,18,34,12,0,0,0,0,0,41,1,b0,13,0,0,0,0,1c,9c,6,6c,0,0,0,0,0   TimeStamp  :  8915       Distance  :  265

(PORT 1) : 6a,5,0,18,34,12,0,0,0,0,0,41,1,b1,13,0,0,0,0,a7,bc,30,52,0,0,0,0,0   TimeStamp  :  9201       Distance  :  265

(PORT 1) : 6a,5,0,18,34,12,0,0,0,0,0,3f,1,b2,13,0,0,0,0,9a,64,74,91,0,0,0,0,0   TimeStamp  :  9490       Distance  :  263

(PORT 1) : 6a,5,0,18,34,12,0,0,0,0,0,41,1,b3,13,0,0,0,0,61,77,98,69,0,0,0,0,0   TimeStamp  :  9778       Distance  :  265

(PORT 1) : 6a,5,0,18,34,12,0,0,0,0,0,40,1,b4,13,0,0,0,0,98,77,6a,cd,0,0,0,0,0   TimeStamp  :  10065       Distance  :  264

(PORT 1) : 6a,5,0,18,34,12,0,0,0,0,0,41,1,b5,13,0,0,0,0,ea,81,fa,3f,0,0,0,0,0   TimeStamp  :  10354       Distance  :  265

(PORT 1) : 6a,5,0,18,34,12,0,0,0,0,0,41,1,b6,13,0,0,0,0,d4,af,68,66,0,0,0,0,0   TimeStamp  :  10642       Distance  :  265

(PORT 1) : 6a,5,0,18,34,12,0,0,0,0,0,40,1,b7,13,0,0,0,0,a0,b7,9b,79,0,0,0,0,0   TimeStamp  :  10929       Distance  :  264

(PORT 1) : 6a,5,0,18,34,12,0,0,0,0,0,40,1,b8,13,0,0,0,0,ad,23,1a,94,0,0,0,0,0   TimeStamp  :  11217       Distance  :  264

(PORT 1) : 6a,5,0,18,34,12,0,0,0,0,0,40,1,b9,13,0,0,0,0,80,2a,5f,75,0,0,0,0,0   TimeStamp  :  11506       Distance  :  264

(PORT 1) : 6a,5,0,18,34,12,0,0,0,0,0,40,1,ba,13,0,0,0,0,64,10,c6,5,0,0,0,0,0   TimeStamp  :  11794       Distance  :  264

(PORT 1) : 6a,5,0,18,34,12,0,0,0,0,0,3f,1,bb,13,0,0,0,0,39,4b,80,f9,0,0,0,0,0   TimeStamp  :  12081       Distance  :  263

(PORT 1) : 6a,5,0,18,34,12,0,0,0,0,0,40,1,bc,13,0,0,0,0,52,38,98,79,0,0,0,0,0   TimeStamp  :  12370       Distance  :  264

(PORT 1) : 6a,5,0,18,34,12,0,0,0,0,0,40,1,bd,13,0,0,0,0,61,15,82,20,0,0,0,0,0   TimeStamp  :  12657       Distance  :  264

(PORT 1) : 6a,5,0,18,34,12,0,0,0,0,0,41,1,be,13,0,0,0,0,14,7e,12,95,0,0,0,0,0   TimeStamp  :  12946       Distance  :  265

(PORT 1) : 6a,5,0,18,34,12,0,0,0,0,0,41,1,bf,13,0,0,0,0,f6,c5,51,b6,0,0,0,0,0   TimeStamp  :  13233       Distance  :  265

(PORT 1) : 6a,5,0,18,34,12,0,0,0,0,0,40,1,c0,13,0,0,0,0,7e,7c,eb,f5,0,0,0,0,0   TimeStamp  :  13521       Distance  :  264

(PORT 1) : 6a,5,0,18,34,12,0,0,0,0,0,40,1,c1,13,0,0,0,0,77,f,ee,70,0,0,0,0,0   TimeStamp  :  13809       Distance  :  264

(PORT 1) : 6a,5,0,18,34,12,0,0,0,0,0,41,1,c2,13,0,0,0,0,a0,fd,9e,ce,0,0,0,0,0   TimeStamp  :  14097       Distance  :  265

(PORT 1) : 6a,5,0,18,34,12,0,0,0,0,0,3f,1,c3,13,0,0,0,0,1e,8,69,25,0,0,0,0,0   TimeStamp  :  14386       Distance  :  263

(PORT 1) : 6a,5,0,18,34,12,0,0,0,0,0,40,1,c4,13,0,0,0,0,0,8f,94,eb,0,0,0,0,0   TimeStamp  :  14674       Distance  :  264

(PORT 1) : 6a,5,0,18,34,12,0,0,0,0,0,40,1,c5,13,0,0,0,0,96,b1,b9,14,0,0,0,0,0   TimeStamp  :  14961       Distance  :  264

(PORT 1) : 6a,5,0,18,34,12,0,0,0,0,0,3f,1,c6,13,0,0,0,0,7c,c6,c6,24,0,0,0,0,0   TimeStamp  :  15250       Distance  :  263

(PORT 1) : 6a,5,0,18,34,12,0,0,0,0,0,41,1,c7,13,0,0,0,0,9f,1c,ee,30,0,0,0,0,0   TimeStamp  :  15538       Distance  :  265

(PORT 1) : 6a,5,0,18,34,12,0,0,0,0,0,3f,1,c8,13,0,0,0,0,70,b5,b6,81,0,0,0,0,0   TimeStamp  :  15826       Distance  :  263

(PORT 1) : 6a,5,0,18,34,12,0,0,0,0,0,40,1,c9,13,0,0,0,0,89,60,43,51,0,0,0,0,0   TimeStamp  :  16114       Distance  :  264

(PORT 1) : 6a,5,0,18,34,12,0,0,0,0,0,40,1,ca,13,0,0,0,0,29,7c,7c,43,0,0,0,0,0   TimeStamp  :  16402       Distance  :  264

(PORT 1) : 6a,5,0,18,34,12,0,0,0,0,0,40,1,cb,13,0,0,0,0,36,e6,82,66,0,0,0,0,0   TimeStamp  :  16690       Distance  :  264

(PORT 1) : 6a,5,0,18,34,12,0,0,0,0,0,40,1,cc,13,0,0,0,0,e8,2,aa,5,0,0,0,0,0   TimeStamp  :  16978       Distance  :  264

(PORT 1) : 6a,5,0,18,34,12,0,0,0,0,0,41,1,cd,13,0,0,0,0,be,ff,95,61,0,0,0,0,0   TimeStamp  :  17266       Distance  :  265

(PORT 1) : 6a,5,0,18,34,12,0,0,0,0,0,40,1,ce,13,0,0,0,0,55,6d,6f,86,0,0,0,0,0   TimeStamp  :  17554       Distance  :  264

(PORT 1) : 6a,5,0,18,34,12,0,0,0,0,0,40,1,cf,13,0,0,0,0,de,33,1c,5c,0,0,0,0,0   TimeStamp  :  17842       Distance  :  264

(PORT 1) : 6a,5,0,18,34,12,0,0,0,0,0,41,1,d0,13,0,0,0,0,68,63,76,22,0,0,0,0,0   TimeStamp  :  18130       Distance  :  265

(PORT 1) : 6a,5,0,18,34,12,0,0,0,0,0,40,1,d1,13,0,0,0,0,4f,1f,63,10,0,0,0,0,0   TimeStamp  :  18418       Distance  :  264

(PORT 1) : 6a,5,0,18,34,12,0,0,0,0,0,3f,1,d2,13,0,0,0,0,64,aa,89,ce,0,0,0,0,0   TimeStamp  :  18706       Distance  :  263

(PORT 1) : 6a,5,0,18,34,12,0,0,0,0,0,3e,1,d3,13,0,0,0,0,2b,5e,68,9e,0,0,0,0,0   TimeStamp  :  18994       Distance  :  262

(PORT 1) : 6a,5,0,18,34,12,0,0,0,0,0,3f,1,d4,13,0,0,0,0,ed,9,a1,9b,0,0,0,0,0   TimeStamp  :  19282       Distance  :  263

(PORT 1) : 6a,5,0,18,34,12,0,0,0,0,0,40,1,d5,13,0,0,0,0,42,90,dc,fa,0,0,0,0,0   TimeStamp  :  19570       Distance  :  264

(PORT 1) : 6a,5,0,18,34,12,0,0,0,0,0,40,1,d6,13,0,0,0,0,f0,d4,93,55,0,0,0,0,0   TimeStamp  :  19858       Distance  :  264

(PORT 1) : 6a,5,0,18,34,12,0,0,0,0,0,3f,1,d7,13,0,0,0,0,e0,9,ce,15,0,0,0,0,0   TimeStamp  :  20146       Distance  :  263

(PORT 1) : 6a,5,0,18,34,12,0,0,0,0,0,3f,1,d8,13,0,0,0,0,39,10,6b,ff,0,0,0,0,0   TimeStamp  :  20434       Distance  :  263

(PORT 1) : 6a,5,0,18,34,12,0,0,0,0,0,3f,1,d9,13,0,0,0,0,2e,bb,f1,1c,0,0,0,0,0   TimeStamp  :  20721       Distance  :  263

(PORT 1) : 6a,5,0,18,34,12,0,0,0,0,0,40,1,da,13,0,0,0,0,c2,67,5d,87,0,0,0,0,0   TimeStamp  :  21010       Distance  :  264

(PORT 1) : 6a,5,0,18,34,12,0,0,0,0,0,40,1,db,13,0,0,0,0,c5,36,69,27,0,0,0,0,0   TimeStamp  :  21298       Distance  :  264

(PORT 1) : 6a,5,0,18,34,12,0,0,0,0,0,40,1,dc,13,0,0,0,0,31,50,17,57,0,0,0,0,0   TimeStamp  :  21584       Distance  :  264

(PORT 1) : 6a,5,0,18,34,12,0,0,0,0,0,41,1,dd,13,0,0,0,0,0,33,9a,f6,0,0,0,0,0   TimeStamp  :  21874       Distance  :  265

(PORT 1) : 6a,5,0,18,34,12,0,0,0,0,0,40,1,de,13,0,0,0,0,81,fd,a8,f0,0,0,0,0,0   TimeStamp  :  22161       Distance  :  264

(PORT 1) : 6a,5,0,18,34,12,0,0,0,0,0,40,1,df,13,0,0,0,0,b3,35,ab,3,0,0,0,0,0   TimeStamp  :  22450       Distance  :  264

(PORT 1) : 6a,5,0,18,34,12,0,0,0,0,0,3f,1,e0,13,0,0,0,0,6b,ed,5,b7,0,0,0,0,0   TimeStamp  :  22737       Distance  :  263

(PORT 1) : 6a,5,0,18,34,12,0,0,0,0,0,40,1,e1,13,0,0,0,0,38,98,ea,59,0,0,0,0,0   TimeStamp  :  23025       Distance  :  264

(PORT 1) : 6a,5,0,18,34,12,0,0,0,0,0,3e,1,e2,13,0,0,0,0,ee,88,a6,47,0,0,0,0,0   TimeStamp  :  23313       Distance  :  262

(PORT 1) : 6a,5,0,18,34,12,0,0,0,0,0,3f,1,e3,13,0,0,0,0,32,e5,d2,e0,0,0,0,0,0   TimeStamp  :  23602       Distance  :  263

(PORT 1) : 6a,5,0,18,34,12,0,0,0,0,0,41,1,e4,13,0,0,0,0,f5,fd,94,ac,0,0,0,0,0   TimeStamp  :  23890       Distance  :  265

(PORT 1) : 6a,5,0,18,34,12,0,0,0,0,0,40,1,e5,13,0,0,0,0,53,68,9,20,0,0,0,0,0   TimeStamp  :  24178       Distance  :  264

(PORT 1) : 6a,5,0,18,34,12,0,0,0,0,0,3e,1,e6,13,0,0,0,0,c,6d,1e,88,0,0,0,0,0   TimeStamp  :  24466       Distance  :  262

(PORT 1) : 6a,5,0,18,34,12,0,0,0,0,0,41,1,e7,13,0,0,0,0,aa,b1,41,88,0,0,0,0,0   TimeStamp  :  24754       Distance  :  265

(PORT 1) : 6a,5,0,18,34,12,0,0,0,0,0,40,1,e8,13,0,0,0,0,ae,c4,22,3a,0,0,0,0,0   TimeStamp  :  25041       Distance  :  264

(PORT 1) : 6a,5,0,18,34,12,0,0,0,0,0,40,1,e9,13,0,0,0,0,9b,73,f2,18,0,0,0,0,0   TimeStamp  :  25329       Distance  :  264

(PORT 1) : 6a,5,0,18,34,12,0,0,0,0,0,3f,1,ea,13,0,0,0,0,c8,b9,64,6c,0,0,0,0,0   TimeStamp  :  25617       Distance  :  263

(PORT 1) : 6a,5,0,18,34,12,0,0,0,0,0,40,1,eb,13,0,0,0,0,7c,41,ff,64,0,0,0,0,0   TimeStamp  :  25905       Distance  :  264

(PORT 1) : 6a,5,0,18,34,12,0,0,0,0,0,41,1,ec,13,0,0,0,0,6b,9f,bf,90,0,0,0,0,0   TimeStamp  :  26193       Distance  :  265

(PORT 1) : 6a,5,0,18,34,12,0,0,0,0,0,40,1,ed,13,0,0,0,0,7e,8d,7a,21,0,0,0,0,0   TimeStamp  :  26482       Distance  :  264

(PORT 1) : 6a,5,0,18,34,12,0,0,0,0,0,40,1,ee,13,0,0,0,0,bc,10,f,5a,0,0,0,0,0   TimeStamp  :  26768       Distance  :  264

(PORT 1) : 6a,5,0,18,34,12,0,0,0,0,0,3f,1,ef,13,0,0,0,0,94,b2,5d,27,0,0,0,0,0   TimeStamp  :  27058       Distance  :  263

(PORT 1) : 6a,5,0,18,34,12,0,0,0,0,0,41,1,f0,13,0,0,0,0,94,11,68,a3,0,0,0,0,0   TimeStamp  :  27346       Distance  :  265

(PORT 1) : 6a,5,0,18,34,12,0,0,0,0,0,41,1,f1,13,0,0,0,0,3d,d5,18,63,0,0,0,0,0   TimeStamp  :  27634       Distance  :  265

(PORT 1) : 6a,5,0,18,34,12,0,0,0,0,0,3f,1,f2,13,0,0,0,0,5,79,2c,d2,0,0,0,0,0   TimeStamp  :  27922       Distance  :  263

(PORT 1) : 6a,5,0,18,34,12,0,0,0,0,0,40,1,f3,13,0,0,0,0,7e,d2,8,7,0,0,0,0,0   TimeStamp  :  28209       Distance  :  264

(PORT 1) : 6a,5,0,18,34,12,0,0,0,0,0,41,1,f4,13,0,0,0,0,b1,ce,e6,48,0,0,0,0,0   TimeStamp  :  28498       Distance  :  265

(PORT 1) : 6a,5,0,18,34,12,0,0,0,0,0,41,1,f5,13,0,0,0,0,f9,77,e0,b2,0,0,0,0,0   TimeStamp  :  28785       Distance  :  265

(PORT 1) : 6a,5,0,18,34,12,0,0,0,0,0,3f,1,f6,13,0,0,0,0,59,2d,a0,8a,0,0,0,0,0   TimeStamp  :  29073       Distance  :  263

(PORT 1) : 6a,5,0,18,34,12,0,0,0,0,0,41,1,f7,13,0,0,0,0,c2,44,8c,71,0,0,0,0,0   TimeStamp  :  29361       Distance  :  265

(PORT 1) : 6a,5,0,18,34,12,0,0,0,0,0,3d,1,f8,13,0,0,0,0,11,81,8c,13,0,0,0,0,0   TimeStamp  :  29649       Distance  :  261

(PORT 1) : 6a,5,0,18,34,12,0,0,0,0,0,41,1,f9,13,0,0,0,0,d2,a1,f8,1b,0,0,0,0,0   TimeStamp  :  29937       Distance  :  265

(PORT 1) : 6a,5,0,18,34,12,0,0,0,0,0,40,1,fa,13,0,0,0,0,89,9e,1a,37,0,0,0,0,0   TimeStamp  :  30225       Distance  :  264

(PORT 1) : 6a,5,0,18,34,12,0,0,0,0,0,40,1,fb,13,0,0,0,0,57,16,cc,23,0,0,0,0,0   TimeStamp  :  30513       Distance  :  264

(PORT 1) : 6a,5,0,18,34,12,0,0,0,0,0,40,1,fc,13,0,0,0,0,de,a4,aa,92,0,0,0,0,0   TimeStamp  :  30801       Distance  :  264

(PORT 1) : 6a,5,0,18,34,12,0,0,0,0,0,40,1,fd,13,0,0,0,0,2,e7,5f,6d,0,0,0,0,0   TimeStamp  :  31089       Distance  :  264

(PORT 1) : 6a,5,0,18,34,12,0,0,0,0,0,41,1,fe,13,0,0,0,0,5d,6e,42,3e,0,0,0,0,0   TimeStamp  :  31378       Distance  :  265

(PORT 1) : 6a,5,0,18,34,12,0,0,0,0,0,41,1,ff,13,0,0,0,0,ac,1,cb,5a,0,0,0,0,0   TimeStamp  :  31666       Distance  :  265

(PORT 1) : 6a,5,0,18,34,12,0,0,0,0,0,40,1,0,14,0,0,0,0,62,4c,b,84,0,0,0,0,0   TimeStamp  :  31954       Distance  :  264

(PORT 1) : 6a,5,0,18,34,12,0,0,0,0,0,40,1,1,14,0,0,0,0,f3,b9,de,fb,0,0,0,0,0   TimeStamp  :  32241       Distance  :  264

(PORT 1) : 6a,5,0,18,34,12,0,0,0,0,0,41,1,2,14,0,0,0,0,44,a0,bb,7,0,0,0,0,0   TimeStamp  :  32529       Distance  :  265

(PORT 1) : 6a,5,0,18,34,12,0,0,0,0,0,40,1,3,14,0,0,0,0,a6,bc,5b,ba,0,0,0,0,0   TimeStamp  :  32817       Distance  :  264

(PORT 1) : 6a,5,0,18,34,12,0,0,0,0,0,41,1,4,14,0,0,0,0,34,6e,d1,29,0,0,0,0,0   TimeStamp  :  33104       Distance  :  265

(PORT 1) : 6a,5,0,18,34,12,0,0,0,0,0,42,1,5,14,0,0,0,0,8a,5f,76,6a,0,0,0,0,0   TimeStamp  :  33394       Distance  :  266

(PORT 1) : 6a,5,0,18,34,12,0,0,0,0,0,41,1,6,14,0,0,0,0,30,94,70,28,0,0,0,0,0   TimeStamp  :  33681       Distance  :  265

(PORT 1) : 6a,5,0,18,34,12,0,0,0,0,0,41,1,7,14,0,0,0,0,bb,3b,aa,20,0,0,0,0,0   TimeStamp  :  33969       Distance  :  265

(PORT 1) : 6a,5,0,18,34,12,0,0,0,0,0,41,1,8,14,0,0,0,0,dd,d1,f8,19,0,0,0,0,0   TimeStamp  :  34258       Distance  :  265

(PORT 1) : 6a,5,0,18,34,12,0,0,0,0,0,40,1,9,14,0,0,0,0,2b,f4,16,fa,0,0,0,0,0   TimeStamp  :  34545       Distance  :  264

(PORT 1) : 6a,5,0,18,34,12,0,0,0,0,0,3f,1,a,14,0,0,0,0,d9,44,6d,7a,0,0,0,0,0   TimeStamp  :  34833       Distance  :  263

(PORT 1) : 6a,5,0,18,34,12,0,0,0,0,0,41,1,b,14,0,0,0,0,d,2e,1e,35,0,0,0,0,0   TimeStamp  :  35121       Distance  :  265

(PORT 1) : 6a,5,0,18,34,12,0,0,0,0,0,3f,1,c,14,0,0,0,0,77,24,54,48,0,0,0,0,0   TimeStamp  :  35409       Distance  :  263

(PORT 1) : 6a,5,0,18,34,12,0,0,0,0,0,3d,1,d,14,0,0,0,0,5,81,f9,7a,0,0,0,0,0   TimeStamp  :  35697       Distance  :  261

(PORT 1) : 6a,5,0,18,34,12,0,0,0,0,0,40,1,e,14,0,0,0,0,4f,7d,95,ac,0,0,0,0,0   TimeStamp  :  35984       Distance  :  264

(PORT 1) : 6a,5,0,18,34,12,0,0,0,0,0,46,1,f,14,0,0,0,0,50,34,2a,0,0,0,0,0,0   TimeStamp  :  36273       Distance  :  270

(PORT 1) : 6a,5,0,18,34,12,0,0,0,0,0,40,1,10,14,0,0,0,0,40,53,2f,cc,0,0,0,0,0   TimeStamp  :  36561       Distance  :  264

(PORT 1) : 6a,5,0,18,34,12,0,0,0,0,0,43,1,11,14,0,0,0,0,a8,8c,e5,aa,0,0,0,0,0   TimeStamp  :  36849       Distance  :  267

(PORT 1) : 6a,5,0,18,34,12,0,0,0,0,0,3a,1,12,14,0,0,0,0,1a,24,ce,f3,0,0,0,0,0   TimeStamp  :  37137       Distance  :  258

(PORT 1) : 6a,5,0,18,34,12,0,0,0,0,0,41,1,13,14,0,0,0,0,f8,f0,37,86,0,0,0,0,0   TimeStamp  :  37425       Distance  :  265

(PORT 1) : 6a,5,0,18,34,12,0,0,0,0,0,41,1,14,14,0,0,0,0,4e,96,b5,a,0,0,0,0,0   TimeStamp  :  37713       Distance  :  265

(PORT 1) : 6a,5,0,18,34,12,0,0,0,0,0,3f,1,15,14,0,0,0,0,ce,76,ac,de,0,0,0,0,0   TimeStamp  :  38001       Distance  :  263

(PORT 1) : 6a,5,0,18,34,12,0,0,0,0,0,40,1,16,14,0,0,0,0,40,b8,b2,ae,0,0,0,0,0   TimeStamp  :  38289       Distance  :  264

(PORT 1) : 6a,5,0,18,34,12,0,0,0,0,0,40,1,17,14,0,0,0,0,ed,b4,6c,4b,0,0,0,0,0   TimeStamp  :  38577       Distance  :  264

(PORT 1) : 6a,5,0,18,34,12,0,0,0,0,0,40,1,18,14,0,0,0,0,d5,77,b0,16,0,0,0,0,0   TimeStamp  :  38865       Distance  :  264

(PORT 1) : 6a,5,0,18,34,12,0,0,0,0,0,41,1,19,14,0,0,0,0,a7,fe,bf,93,0,0,0,0,0   TimeStamp  :  39153       Distance  :  265

(PORT 1) : 6a,5,0,18,34,12,0,0,0,0,0,40,1,1a,14,0,0,0,0,b5,7,99,dd,0,0,0,0,0   TimeStamp  :  39447       Distance  :  264

(PORT 1) : 6a,5,0,18,34,12,0,0,0,0,0,40,1,1b,14,0,0,0,0,ce,3d,6a,b0,0,0,0,0,0   TimeStamp  :  39735       Distance  :  264

(PORT 1) : 6a,5,0,18,34,12,0,0,0,0,0,43,1,1c,14,0,0,0,0,63,71,fb,cf,0,0,0,0,0   TimeStamp  :  40022       Distance  :  267

(PORT 1) : 6a,5,0,18,34,12,0,0,0,0,0,41,1,1d,14,0,0,0,0,37,b2,e3,cb,0,0,0,0,0   TimeStamp  :  40311       Distance  :  265

(PORT 1) : 6a,5,0,18,34,12,0,0,0,0,0,3f,1,1e,14,0,0,0,0,f9,9,e0,d9,0,0,0,0,0   TimeStamp  :  40598       Distance  :  263

(PORT 1) : 6a,5,0,18,34,12,0,0,0,0,0,40,1,1f,14,0,0,0,0,c4,77,bd,1,0,0,0,0,0   TimeStamp  :  40887       Distance  :  264

(PORT 1) : 6a,5,0,18,34,12,0,0,0,0,0,40,1,20,14,0,0,0,0,21,5,c9,26,0,0,0,0,0   TimeStamp  :  41175       Distance  :  264

(PORT 1) : 6a,5,0,18,34,12,0,0,0,0,0,41,1,21,14,0,0,0,0,33,36,76,f0,0,0,0,0,0   TimeStamp  :  41462       Distance  :  265

(PORT 1) : 6a,5,0,18,34,12,0,0,0,0,0,41,1,22,14,0,0,0,0,79,4b,51,a1,0,0,0,0,0   TimeStamp  :  41750       Distance  :  265

(PORT 1) : 6a,5,0,18,34,12,0,0,0,0,0,41,1,23,14,0,0,0,0,1,89,2c,95,0,0,0,0,0   TimeStamp  :  42038       Distance  :  265

(PORT 1) : 6a,5,0,18,34,12,0,0,0,0,0,3f,1,24,14,0,0,0,0,cf,72,91,dd,0,0,0,0,0   TimeStamp  :  42327       Distance  :  263

(PORT 1) : 6a,5,0,18,34,12,0,0,0,0,0,41,1,25,14,0,0,0,0,9c,de,b4,25,0,0,0,0,0   TimeStamp  :  42613       Distance  :  265

(PORT 1) : 6a,5,0,18,34,12,0,0,0,0,0,45,1,26,14,0,0,0,0,8d,bb,dc,11,0,0,0,0,0   TimeStamp  :  42902       Distance  :  269

(PORT 1) : 6a,5,0,18,34,12,0,0,0,0,0,40,1,27,14,0,0,0,0,a4,5e,bc,e7,0,0,0,0,0   TimeStamp  :  43190       Distance  :  264

(PORT 1) : 6a,5,0,18,34,12,0,0,0,0,0,41,1,28,14,0,0,0,0,9,44,e8,39,0,0,0,0,0   TimeStamp  :  43478       Distance  :  265

(PORT 1) : 6a,5,0,18,34,12,0,0,0,0,0,42,1,29,14,0,0,0,0,e,7d,dd,ab,0,0,0,0,0   TimeStamp  :  43766       Distance  :  266

(PORT 1) : 6a,5,0,18,34,12,0,0,0,0,0,41,1,2a,14,0,0,0,0,73,b7,e1,b2,0,0,0,0,0   TimeStamp  :  44054       Distance  :  265

(PORT 1) : 6a,5,0,18,34,12,0,0,0,0,0,3f,1,2b,14,0,0,0,0,b1,6,f1,89,0,0,0,0,0   TimeStamp  :  44342       Distance  :  263

(PORT 1) : 6a,5,0,18,34,12,0,0,0,0,0,41,1,2c,14,0,0,0,0,18,1d,24,c8,0,0,0,0,0   TimeStamp  :  44630       Distance  :  265

(PORT 1) : 6a,5,0,18,34,12,0,0,0,0,0,40,1,2d,14,0,0,0,0,3e,c9,36,10,0,0,0,0,0   TimeStamp  :  44918       Distance  :  264

(PORT 1) : 6a,5,0,18,34,12,0,0,0,0,0,40,1,2e,14,0,0,0,0,5f,cf,c9,d4,0,0,0,0,0   TimeStamp  :  45206       Distance  :  264

(PORT 1) : 6a,5,0,18,34,12,0,0,0,0,0,41,1,2f,14,0,0,0,0,20,5e,96,e3,0,0,0,0,0   TimeStamp  :  45494       Distance  :  265

(PORT 1) : 6a,5,0,18,34,12,0,0,0,0,0,40,1,30,14,0,0,0,0,de,c9,ed,39,0,0,0,0,0   TimeStamp  :  45782       Distance  :  264

(PORT 1) : 6a,5,0,18,34,12,0,0,0,0,0,42,1,31,14,0,0,0,0,60,40,7d,9f,0,0,0,0,0   TimeStamp  :  46070       Distance  :  266

(PORT 1) : 6a,5,0,18,34,12,0,0,0,0,0,41,1,32,14,0,0,0,0,cc,f8,80,6,0,0,0,0,0   TimeStamp  :  46359       Distance  :  265

(PORT 1) : 6a,5,0,18,34,12,0,0,0,0,0,41,1,33,14,0,0,0,0,b1,7,bc,f8,0,0,0,0,0   TimeStamp  :  46646       Distance  :  265

(PORT 1) : 6a,5,0,18,34,12,0,0,0,0,0,3e,1,34,14,0,0,0,0,31,7d,22,25,0,0,0,0,0   TimeStamp  :  46934       Distance  :  262

(PORT 1) : 6a,5,0,18,34,12,0,0,0,0,0,40,1,35,14,0,0,0,0,ff,74,91,96,0,0,0,0,0   TimeStamp  :  47222       Distance  :  264

(PORT 1) : 6a,5,0,18,34,12,0,0,0,0,0,3f,1,36,14,0,0,0,0,21,8e,d1,44,0,0,0,0,0   TimeStamp  :  47510       Distance  :  263

(PORT 1) : 6a,5,0,18,34,12,0,0,0,0,0,41,1,37,14,0,0,0,0,5d,e4,7b,74,0,0,0,0,0   TimeStamp  :  47798       Distance  :  265

(PORT 1) : 6a,5,0,18,34,12,0,0,0,0,0,41,1,38,14,0,0,0,0,6,b8,cd,5c,0,0,0,0,0   TimeStamp  :  48086       Distance  :  265

(PORT 1) : 6a,5,0,18,34,12,0,0,0,0,0,3c,1,39,14,0,0,0,0,86,23,77,d1,0,0,0,0,0   TimeStamp  :  48374       Distance  :  260

(PORT 1) : 6a,5,0,18,34,12,0,0,0,0,0,40,1,3a,14,0,0,0,0,41,60,3b,87,0,0,0,0,0   TimeStamp  :  48662       Distance  :  264

(PORT 1) : 6a,5,0,18,34,12,0,0,0,0,0,40,1,3b,14,0,0,0,0,de,31,65,7a,0,0,0,0,0   TimeStamp  :  48950       Distance  :  264

(PORT 1) : 6a,5,0,18,34,12,0,0,0,0,0,40,1,3c,14,0,0,0,0,24,de,a0,53,0,0,0,0,0   TimeStamp  :  49238       Distance  :  264

(PORT 1) : 6a,5,0,18,34,12,0,0,0,0,0,40,1,3d,14,0,0,0,0,8a,2c,d3,ba,0,0,0,0,0   TimeStamp  :  49526       Distance  :  264

(PORT 1) : 6a,5,0,18,34,12,0,0,0,0,0,40,1,3e,14,0,0,0,0,c6,ad,79,71,0,0,0,0,0   TimeStamp  :  49814       Distance  :  264

(PORT 1) : 6a,5,0,18,34,12,0,0,0,0,0,40,1,3f,14,0,0,0,0,14,ba,ed,cf,0,0,0,0,0   TimeStamp  :  50102       Distance  :  264

(PORT 1) : 6a,5,0,18,34,12,0,0,0,0,0,41,1,40,14,0,0,0,0,cf,c,e5,e9,0,0,0,0,0   TimeStamp  :  50390       Distance  :  265

(PORT 1) : 6a,5,0,18,34,12,0,0,0,0,0,3f,1,41,14,0,0,0,0,4f,f2,ce,18,0,0,0,0,0   TimeStamp  :  50678       Distance  :  263

(PORT 1) : 6a,5,0,18,34,12,0,0,0,0,0,3f,1,42,14,0,0,0,0,e5,74,2f,1c,0,0,0,0,0   TimeStamp  :  50966       Distance  :  263

(PORT 1) : 6a,5,0,18,34,12,0,0,0,0,0,40,1,43,14,0,0,0,0,22,48,95,1e,0,0,0,0,0   TimeStamp  :  51254       Distance  :  264

(PORT 1) : 6a,5,0,18,34,12,0,0,0,0,0,40,1,44,14,0,0,0,0,9d,f2,8b,4f,0,0,0,0,0   TimeStamp  :  51542       Distance  :  264

(PORT 1) : 6a,5,0,18,34,12,0,0,0,0,0,42,1,45,14,0,0,0,0,70,f8,72,44,0,0,0,0,0   TimeStamp  :  51830       Distance  :  266

(PORT 1) : 6a,5,0,18,34,12,0,0,0,0,0,40,1,46,14,0,0,0,0,e0,ee,35,a4,0,0,0,0,0   TimeStamp  :  52118       Distance  :  264

(PORT 1) : 6a,5,0,18,34,12,0,0,0,0,0,41,1,47,14,0,0,0,0,71,c4,13,10,0,0,0,0,0   TimeStamp  :  52406       Distance  :  265

(PORT 1) : 6a,5,0,18,34,12,0,0,0,0,0,40,1,48,14,0,0,0,0,dd,b9,4d,89,0,0,0,0,0   TimeStamp  :  52694       Distance  :  264

(PORT 1) : 6a,5,0,18,34,12,0,0,0,0,0,40,1,49,14,0,0,0,0,ce,16,b,6a,0,0,0,0,0   TimeStamp  :  52982       Distance  :  264

(PORT 1) : 6a,5,0,18,34,12,0,0,0,0,0,40,1,4a,14,0,0,0,0,da,f1,8a,97,0,0,0,0,0   TimeStamp  :  53269       Distance  :  264

(PORT 1) : 6a,5,0,18,34,12,0,0,0,0,0,41,1,4b,14,0,0,0,0,be,3a,df,c9,0,0,0,0,0   TimeStamp  :  53558       Distance  :  265

(PORT 1) : 6a,5,0,18,34,12,0,0,0,0,0,42,1,4c,14,0,0,0,0,a8,a,2,fe,0,0,0,0,0   TimeStamp  :  53846       Distance  :  266

(PORT 1) : 6a,5,0,18,34,12,0,0,0,0,0,41,1,4d,14,0,0,0,0,7a,e0,5f,89,0,0,0,0,0   TimeStamp  :  54134       Distance  :  265

(PORT 1) : 6a,5,0,18,34,12,0,0,0,0,0,41,1,4e,14,0,0,0,0,b7,a2,a4,59,0,0,0,0,0   TimeStamp  :  54422       Distance  :  265

(PORT 1) : 6a,5,0,18,34,12,0,0,0,0,0,40,1,4f,14,0,0,0,0,39,ca,b7,44,0,0,0,0,0   TimeStamp  :  54709       Distance  :  264

(PORT 1) : 6a,5,0,18,34,12,0,0,0,0,0,40,1,50,14,0,0,0,0,3,f4,91,c4,0,0,0,0,0   TimeStamp  :  54997       Distance  :  264

(PORT 1) : 6a,5,0,18,34,12,0,0,0,0,0,41,1,51,14,0,0,0,0,77,2b,3b,e9,0,0,0,0,0   TimeStamp  :  55285       Distance  :  265

(PORT 1) : 6a,5,0,18,34,12,0,0,0,0,0,40,1,52,14,0,0,0,0,8,6e,10,88,0,0,0,0,0   TimeStamp  :  55574       Distance  :  264

(PORT 1) : 6a,5,0,18,34,12,0,0,0,0,0,40,1,53,14,0,0,0,0,72,b,a3,e6,0,0,0,0,0   TimeStamp  :  55862       Distance  :  264

(PORT 1) : 6a,5,0,18,34,12,0,0,0,0,0,3f,1,54,14,0,0,0,0,6a,79,d7,b4,0,0,0,0,0   TimeStamp  :  56150       Distance  :  263

(PORT 1) : 6a,5,0,18,34,12,0,0,0,0,0,41,1,55,14,0,0,0,0,27,2d,e7,95,0,0,0,0,0   TimeStamp  :  56438       Distance  :  265

(PORT 1) : 6a,5,0,18,34,12,0,0,0,0,0,40,1,56,14,0,0,0,0,cb,7c,8,6b,0,0,0,0,0   TimeStamp  :  56726       Distance  :  264

(PORT 1) : 6a,5,0,18,34,12,0,0,0,0,0,40,1,57,14,0,0,0,0,d5,8e,18,2d,0,0,0,0,0   TimeStamp  :  57013       Distance  :  264

(PORT 1) : 6a,5,0,18,34,12,0,0,0,0,0,3f,1,58,14,0,0,0,0,6,7c,6d,e4,0,0,0,0,0   TimeStamp  :  57302       Distance  :  263

(PORT 1) : 6a,5,0,18,34,12,0,0,0,0,0,3f,1,59,14,0,0,0,0,29,3f,47,fd,0,0,0,0,0   TimeStamp  :  57590       Distance  :  263

(PORT 1) : 6a,5,0,18,34,12,0,0,0,0,0,41,1,5a,14,0,0,0,0,54,43,42,ac,0,0,0,0,0   TimeStamp  :  57878       Distance  :  265

(PORT 1) : 6a,5,0,18,34,12,0,0,0,0,0,41,1,5b,14,0,0,0,0,9a,88,c3,70,0,0,0,0,0   TimeStamp  :  58165       Distance  :  265

(PORT 1) : 6a,5,0,18,34,12,0,0,0,0,0,45,1,5c,14,0,0,0,0,3b,60,ed,e6,0,0,0,0,0   TimeStamp  :  58453       Distance  :  269

(PORT 1) : 6a,5,0,18,34,12,0,0,0,0,0,40,1,5d,14,0,0,0,0,ce,af,7d,c9,0,0,0,0,0   TimeStamp  :  58742       Distance  :  264

(PORT 1) : 6a,5,0,18,34,12,0,0,0,0,0,3f,1,5e,14,0,0,0,0,ab,ad,8,aa,0,0,0,0,0   TimeStamp  :  59030       Distance  :  263

(PORT 1) : 6a,5,0,18,34,12,0,0,0,0,0,45,1,5f,14,0,0,0,0,f9,65,4a,1,0,0,0,0,0   TimeStamp  :  59318       Distance  :  269

(PORT 1) : 6a,5,0,18,34,12,0,0,0,0,0,40,1,60,14,0,0,0,0,5d,87,d8,44,0,0,0,0,0   TimeStamp  :  59606       Distance  :  264

(PORT 1) : 6a,5,0,18,34,12,0,0,0,0,0,40,1,61,14,0,0,0,0,b3,5f,cc,1c,0,0,0,0,0   TimeStamp  :  59893       Distance  :  264

(PORT 1) : 6a,5,0,18,34,12,0,0,0,0,0,41,1,62,14,0,0,0,0,d6,b8,43,3f,0,0,0,0,0   TimeStamp  :  60182       Distance  :  265

(PORT 1) : 6a,5,0,18,34,12,0,0,0,0,0,40,1,63,14,0,0,0,0,25,3e,6,21,0,0,0,0,0   TimeStamp  :  60469       Distance  :  264

(PORT 1) : 6a,5,0,18,34,12,0,0,0,0,0,40,1,64,14,0,0,0,0,d0,1b,44,55,0,0,0,0,0   TimeStamp  :  60757       Distance  :  264

(PORT 1) : 6a,5,0,18,34,12,0,0,0,0,0,40,1,65,14,0,0,0,0,e,58,86,52,0,0,0,0,0   TimeStamp  :  61045       Distance  :  264

(PORT 1) : 6a,5,0,18,34,12,0,0,0,0,0,40,1,66,14,0,0,0,0,34,ef,1a,b7,0,0,0,0,0   TimeStamp  :  61334       Distance  :  264

(PORT 1) : 6a,5,0,18,34,12,0,0,0,0,0,3d,1,67,14,0,0,0,0,6d,1e,ba,f2,0,0,0,0,0   TimeStamp  :  61628       Distance  :  261

(PORT 1) : 6a,5,0,18,34,12,0,0,0,0,0,42,1,68,14,0,0,0,0,17,8d,29,99,0,0,0,0,0   TimeStamp  :  61909       Distance  :  266

(PORT 1) : 6a,5,0,18,34,12,0,0,0,0,0,3f,1,69,14,0,0,0,0,b4,bd,30,e8,0,0,0,0,0   TimeStamp  :  62197       Distance  :  263

(PORT 1) : 6a,5,0,18,34,12,0,0,0,0,0,40,1,6a,14,0,0,0,0,3e,bd,fc,8d,0,0,0,0,0   TimeStamp  :  62485       Distance  :  264

(PORT 1) : 6a,5,0,18,34,12,0,0,0,0,0,3f,1,6b,14,0,0,0,0,a8,c8,61,a0,0,0,0,0,0   TimeStamp  :  62773       Distance  :  263
