
(PORT 1) : 6a,5,0,18,21,43,65,87,0,0,0,52,1,13,3,0,0,0,0,1b,8f,f3,e8,0,0,0,0,0   TimeStamp  :  34420       Distance  :  338

(PORT 1) : 6a,5,0,18,21,43,65,87,0,0,0,50,1,14,3,0,0,0,0,9a,62,16,64,0,0,0,0,0   TimeStamp  :  62       Distance  :  336

(PORT 1) : 6a,5,0,18,21,43,65,87,0,0,0,51,1,15,3,0,0,0,0,65,a6,4f,6c,0,0,0,0,0   TimeStamp  :  159       Distance  :  337

(PORT 1) : 6a,5,0,18,21,43,65,87,0,0,0,50,1,16,3,0,0,0,0,8f,26,26,34,0,0,0,0,0   TimeStamp  :  255       Distance  :  336

(PORT 1) : 6a,5,0,18,21,43,65,87,0,0,0,51,1,17,3,0,0,0,0,b,ec,d3,57,0,0,0,0,0   TimeStamp  :  350       Distance  :  337

(PORT 1) : 6a,5,0,18,21,43,65,87,0,0,0,51,1,18,3,0,0,0,0,e1,fb,c,41,0,0,0,0,0   TimeStamp  :  446       Distance  :  337

(PORT 1) : 6a,5,0,18,21,43,65,87,0,0,0,50,1,19,3,0,0,0,0,bc,8d,a4,26,0,0,0,0,0   TimeStamp  :  543       Distance  :  336

(PORT 1) : 6a,5,0,18,21,43,65,87,0,0,0,52,1,1a,3,0,0,0,0,54,2,d1,36,0,0,0,0,0   TimeStamp  :  639       Distance  :  338

(PORT 1) : 6a,5,0,18,21,43,65,87,0,0,0,4e,1,1b,3,0,0,0,0,b0,aa,ac,6e,0,0,0,0,0   TimeStamp  :  735       Distance  :  334

(PORT 1) : 6a,5,0,18,21,43,65,87,0,0,0,52,1,1c,3,0,0,0,0,b1,94,25,82,0,0,0,0,0   TimeStamp  :  831       Distance  :  338

(PORT 1) : 6a,5,0,18,21,43,65,87,0,0,0,50,1,1d,3,0,0,0,0,eb,39,98,f2,0,0,0,0,0   TimeStamp  :  926       Distance  :  336

(PORT 1) : 6a,5,0,18,21,43,65,87,0,0,0,51,1,1e,3,0,0,0,0,9a,b5,e7,41,0,0,0,0,0   TimeStamp  :  1022       Distance  :  337

(PORT 1) : 6a,5,0,18,21,43,65,87,0,0,0,51,1,1f,3,0,0,0,0,3,3f,40,21,0,0,0,0,0   TimeStamp  :  1119       Distance  :  337

(PORT 1) : 6a,5,0,18,21,43,65,87,0,0,0,53,1,20,3,0,0,0,0,22,5c,b3,fc,0,0,0,0,0   TimeStamp  :  1214       Distance  :  339

(PORT 1) : 6a,5,0,18,21,43,65,87,0,0,0,52,1,21,3,0,0,0,0,e0,17,2d,2,0,0,0,0,0   TimeStamp  :  1311       Distance  :  338

(PORT 1) : 6a,5,0,18,21,43,65,87,0,0,0,53,1,22,3,0,0,0,0,d0,77,e4,63,0,0,0,0,0   TimeStamp  :  1407       Distance  :  339

(PORT 1) : 6a,5,0,18,21,43,65,87,0,4,0,50,1,23,3,0,0,0,0,c5,3f,c8,c1,0,0,0,0,0   TimeStamp  :  1505       Distance  :  336

(PORT 1) : 6a,5,0,18,21,43,65,87,0,0,0,3d,1,24,3,0,0,0,0,d,ad,35,6,0,0,0,0,0   TimeStamp  :  1599       Distance  :  317

(PORT 1) : 6a,5,0,18,21,43,65,87,0,0,0,52,1,25,3,0,0,0,0,79,71,e1,d3,0,0,0,0,0   TimeStamp  :  1708       Distance  :  338

(PORT 1) : 6a,5,0,18,21,43,65,87,0,0,0,50,1,26,3,0,0,0,0,6,d6,ff,e2,0,0,0,0,0   TimeStamp  :  1800       Distance  :  336

(PORT 1) : 6a,5,0,18,21,43,65,87,0,0,0,50,1,27,3,0,0,0,0,df,fe,45,1d,0,0,0,0,0   TimeStamp  :  1887       Distance  :  336

(PORT 1) : 6a,5,0,18,21,43,65,87,0,0,0,52,1,28,3,0,0,0,0,6,e7,1a,7a,0,0,0,0,0   TimeStamp  :  1983       Distance  :  338

(PORT 1) : 6a,5,0,18,21,43,65,87,0,0,0,51,1,29,3,0,0,0,0,dc,f6,af,c3,0,0,0,0,0   TimeStamp  :  2078       Distance  :  337

(PORT 1) : 6a,5,0,18,21,43,65,87,0,0,0,50,1,2a,3,0,0,0,0,5b,ae,10,3f,0,0,0,0,0   TimeStamp  :  2175       Distance  :  336

(PORT 1) : 6a,5,0,18,21,43,65,87,0,0,0,50,1,2b,3,0,0,0,0,64,c9,69,24,0,0,0,0,0   TimeStamp  :  2271       Distance  :  336

(PORT 1) : 6a,5,0,18,21,43,65,87,0,0,0,56,1,2c,3,0,0,0,0,3,1,81,37,0,0,0,0,0   TimeStamp  :  2366       Distance  :  342

(PORT 1) : 6a,5,0,18,21,43,65,87,0,0,0,52,1,2d,3,0,0,0,0,93,14,7,8,0,0,0,0,0   TimeStamp  :  2463       Distance  :  338

(PORT 1) : 6a,5,0,18,21,43,65,87,0,0,0,53,1,2e,3,0,0,0,0,98,52,7,fa,0,0,0,0,0   TimeStamp  :  2557       Distance  :  339

(PORT 1) : 6a,5,0,18,21,43,65,87,0,0,0,52,1,2f,3,0,0,0,0,8a,e2,3a,1e,0,0,0,0,0   TimeStamp  :  2655       Distance  :  338

(PORT 1) : 6a,5,0,18,21,43,65,87,0,0,0,52,1,30,3,0,0,0,0,38,40,bf,a,0,0,0,0,0   TimeStamp  :  2750       Distance  :  338

(PORT 1) : 6a,5,0,18,21,43,65,87,0,0,0,54,1,31,3,0,0,0,0,76,fd,b2,fe,0,0,0,0,0   TimeStamp  :  2855       Distance  :  340

(PORT 1) : 6a,5,0,18,21,43,65,87,0,0,0,51,1,32,3,0,0,0,0,cb,23,61,4c,0,0,0,0,0   TimeStamp  :  2947       Distance  :  337

(PORT 1) : 6a,5,0,18,21,43,65,87,0,0,0,51,1,33,3,0,0,0,0,77,df,9c,c9,0,0,0,0,0   TimeStamp  :  3039       Distance  :  337

(PORT 1) : 6a,5,0,18,21,43,65,87,0,0,0,52,1,34,3,0,0,0,0,8d,99,6d,34,0,0,0,0,0   TimeStamp  :  3141       Distance  :  338

(PORT 1) : 6a,5,0,18,21,43,65,87,0,0,0,50,1,35,3,0,0,0,0,9f,4d,b3,a,0,0,0,0,0   TimeStamp  :  3230       Distance  :  336

(PORT 1) : 6a,5,0,18,21,43,65,87,0,0,0,52,1,36,3,0,0,0,0,80,ba,c4,69,0,0,0,0,0   TimeStamp  :  3325       Distance  :  338

(PORT 1) : 6a,5,0,18,21,43,65,87,0,0,0,52,1,37,3,0,0,0,0,55,f8,28,1b,0,0,0,0,0   TimeStamp  :  3427       Distance  :  338

(PORT 1) : 6a,5,0,18,21,43,65,87,0,0,0,51,1,38,3,0,0,0,0,c0,21,f5,4c,0,0,0,0,0   TimeStamp  :  3518       Distance  :  337

(PORT 1) : 6a,5,0,18,21,43,65,87,0,0,0,50,1,39,3,0,0,0,0,ce,f5,2a,19,0,0,0,0,0   TimeStamp  :  3614       Distance  :  336

(PORT 1) : 6a,5,0,18,21,43,65,87,0,0,1,38,1,3a,3,0,0,0,0,a1,ba,3b,f5,0,0,0,0,0   TimeStamp  :  3710       Distance  :  312

(PORT 1) : 6a,5,0,18,21,43,65,87,0,0,0,50,1,3b,3,0,0,0,0,40,8b,13,58,0,0,0,0,0   TimeStamp  :  3811       Distance  :  336

(PORT 1) : 6a,5,0,18,21,43,65,87,0,0,0,52,1,3c,3,0,0,0,0,54,4d,6d,4e,0,0,0,0,0   TimeStamp  :  3904       Distance  :  338

(PORT 1) : 6a,5,0,18,21,43,65,87,0,0,0,52,1,3d,3,0,0,0,0,64,5,53,a0,0,0,0,0,0   TimeStamp  :  3998       Distance  :  338

(PORT 1) : 6a,5,0,18,21,43,65,87,0,0,0,50,1,3e,3,0,0,0,0,96,99,55,b2,0,0,0,0,0   TimeStamp  :  4094       Distance  :  336

(PORT 1) : 6a,5,0,18,21,43,65,87,0,0,0,53,1,3f,3,0,0,0,0,c,ca,e2,fd,0,0,0,0,0   TimeStamp  :  4191       Distance  :  339

(PORT 1) : 6a,5,0,18,21,43,65,87,0,0,0,51,1,40,3,0,0,0,0,c8,44,aa,bb,0,0,0,0,0   TimeStamp  :  4286       Distance  :  337

(PORT 1) : 6a,5,0,18,21,43,65,87,0,0,0,51,1,41,3,0,0,0,0,36,d6,c0,76,0,0,0,0,0   TimeStamp  :  4382       Distance  :  337

(PORT 1) : 6a,5,0,18,21,43,65,87,0,0,0,52,1,42,3,0,0,0,0,6c,f6,3d,4b,0,0,0,0,0   TimeStamp  :  4478       Distance  :  338

(PORT 1) : 6a,5,0,18,21,43,65,87,0,0,0,50,1,43,3,0,0,0,0,c8,72,56,c6,0,0,0,0,0   TimeStamp  :  4574       Distance  :  336

(PORT 1) : 6a,5,0,18,21,43,65,87,0,0,0,51,1,44,3,0,0,0,0,67,6c,9a,e8,0,0,0,0,0   TimeStamp  :  4670       Distance  :  337

(PORT 1) : 6a,5,0,18,21,43,65,87,0,0,0,51,1,45,3,0,0,0,0,ac,f8,fe,0,0,0,0,0,0   TimeStamp  :  4766       Distance  :  337

(PORT 1) : 6a,5,0,18,21,43,65,87,0,0,0,52,1,46,3,0,0,0,0,4,8b,5f,7a,0,0,0,0,0   TimeStamp  :  4863       Distance  :  338

(PORT 1) : 6a,5,0,18,21,43,65,87,0,0,0,51,1,47,3,0,0,0,0,90,66,a5,ac,0,0,0,0,0   TimeStamp  :  4959       Distance  :  337

(PORT 1) : 6a,5,0,18,21,43,65,87,0,0,1,38,1,48,3,0,0,0,0,7,55,e2,59,0,0,0,0,0   TimeStamp  :  5054       Distance  :  312

(PORT 1) : 6a,5,0,18,21,43,65,87,0,0,0,52,1,49,3,0,0,0,0,4e,83,70,42,0,0,0,0,0   TimeStamp  :  5151       Distance  :  338

(PORT 1) : 6a,5,0,18,21,43,65,87,0,0,0,54,1,4a,3,0,0,0,0,8d,b3,cf,a,0,0,0,0,0   TimeStamp  :  5246       Distance  :  340

(PORT 1) : 6a,5,0,18,21,43,65,87,0,0,0,51,1,4b,3,0,0,0,0,f8,81,3e,6b,0,0,0,0,0   TimeStamp  :  5342       Distance  :  337

(PORT 1) : 6a,5,0,18,21,43,65,87,0,4,0,52,1,4c,3,0,0,0,0,c0,51,fa,e5,0,0,0,0,0   TimeStamp  :  5439       Distance  :  338

(PORT 1) : 6a,5,0,18,21,43,65,87,0,0,0,52,1,4d,3,0,0,0,0,e5,d6,b1,3f,0,0,0,0,0   TimeStamp  :  5534       Distance  :  338

(PORT 1) : 6a,5,0,18,21,43,65,87,0,0,0,51,1,4e,3,0,0,0,0,e1,6b,93,7e,0,0,0,0,0   TimeStamp  :  5631       Distance  :  337

(PORT 1) : 6a,5,0,18,21,43,65,87,0,3,0,51,1,4f,3,0,0,0,0,88,57,98,6e,0,0,0,0,0   TimeStamp  :  5727       Distance  :  337

(PORT 1) : 6a,5,0,18,21,43,65,87,0,0,0,52,1,50,3,0,0,0,0,41,be,d6,67,0,0,0,0,0   TimeStamp  :  5822       Distance  :  338

(PORT 1) : 6a,5,0,18,21,43,65,87,0,0,0,52,1,51,3,0,0,0,0,c7,f,f,f4,0,0,0,0,0   TimeStamp  :  5918       Distance  :  338

(PORT 1) : 6a,5,0,18,21,43,65,87,0,0,0,50,1,52,3,0,0,0,0,fa,1a,3,44,0,0,0,0,0   TimeStamp  :  6015       Distance  :  336

(PORT 1) : 6a,5,0,18,21,43,65,87,0,0,0,50,1,53,3,0,0,0,0,c0,cc,c9,e5,0,0,0,0,0   TimeStamp  :  6111       Distance  :  336

(PORT 1) : 6a,5,0,18,21,43,65,87,0,0,0,55,1,54,3,0,0,0,0,95,de,84,fc,0,0,0,0,0   TimeStamp  :  6206       Distance  :  341

(PORT 1) : 6a,5,0,18,21,43,65,87,0,0,0,52,1,55,3,0,0,0,0,fe,4e,18,6d,0,0,0,0,0   TimeStamp  :  6303       Distance  :  338

(PORT 1) : 6a,5,0,18,21,43,65,87,0,0,0,50,1,56,3,0,0,0,0,ce,c7,f9,ca,0,0,0,0,0   TimeStamp  :  6398       Distance  :  336

(PORT 1) : 6a,5,0,18,21,43,65,87,0,0,0,51,1,57,3,0,0,0,0,15,5,d5,94,0,0,0,0,0   TimeStamp  :  6520       Distance  :  337

(PORT 1) : 6a,5,0,18,21,43,65,87,0,3,0,51,1,58,3,0,0,0,0,1e,3d,87,2f,0,0,0,0,0   TimeStamp  :  6597       Distance  :  337

(PORT 1) : 6a,5,0,18,21,43,65,87,0,0,0,52,1,59,3,0,0,0,0,43,3f,e4,e3,0,0,0,0,0   TimeStamp  :  6686       Distance  :  338

(PORT 1) : 6a,5,0,18,21,43,65,87,0,0,0,52,1,5a,3,0,0,0,0,28,17,f4,45,0,0,0,0,0   TimeStamp  :  6783       Distance  :  338

(PORT 1) : 6a,5,0,18,21,43,65,87,0,3,0,52,1,5b,3,0,0,0,0,82,4d,2d,be,0,0,0,0,0   TimeStamp  :  6877       Distance  :  338

(PORT 1) : 6a,5,0,18,21,43,65,87,0,0,0,51,1,5c,3,0,0,0,0,a,7d,c9,f7,0,0,0,0,0   TimeStamp  :  6973       Distance  :  337

(PORT 1) : 6a,5,0,18,21,43,65,87,0,0,0,51,1,5d,3,0,0,0,0,5e,12,75,bb,0,0,0,0,0   TimeStamp  :  7070       Distance  :  337

(PORT 1) : 6a,5,0,18,21,43,65,87,0,3,0,51,1,5e,3,0,0,0,0,f6,9f,d7,45,0,0,0,0,0   TimeStamp  :  7166       Distance  :  337

(PORT 1) : 6a,5,0,18,21,43,65,87,0,0,0,52,1,5f,3,0,0,0,0,20,25,41,c3,0,0,0,0,0   TimeStamp  :  7262       Distance  :  338

(PORT 1) : 6a,5,0,18,21,43,65,87,0,0,0,52,1,60,3,0,0,0,0,13,33,63,f9,0,0,0,0,0   TimeStamp  :  7358       Distance  :  338

(PORT 1) : 6a,5,0,18,21,43,65,87,0,0,0,51,1,61,3,0,0,0,0,8a,97,82,3f,0,0,0,0,0   TimeStamp  :  7454       Distance  :  337

(PORT 1) : 6a,5,0,18,21,43,65,87,0,0,0,52,1,62,3,0,0,0,0,15,d6,4e,24,0,0,0,0,0   TimeStamp  :  7549       Distance  :  338

(PORT 1) : 6a,5,0,18,21,43,65,87,0,0,0,50,1,63,3,0,0,0,0,35,2b,8,e1,0,0,0,0,0   TimeStamp  :  7645       Distance  :  336

(PORT 1) : 6a,5,0,18,21,43,65,87,0,0,0,50,1,64,3,0,0,0,0,bd,8c,80,6a,0,0,0,0,0   TimeStamp  :  7742       Distance  :  336

(PORT 1) : 6a,5,0,18,21,43,65,87,0,0,0,54,1,65,3,0,0,0,0,78,3c,91,68,0,0,0,0,0   TimeStamp  :  7838       Distance  :  340

(PORT 1) : 6a,5,0,18,21,43,65,87,0,0,0,51,1,66,3,0,0,0,0,72,3d,7c,34,0,0,0,0,0   TimeStamp  :  7935       Distance  :  337

(PORT 1) : 6a,5,0,18,21,43,65,87,0,0,0,56,1,67,3,0,0,0,0,53,41,ed,97,0,0,0,0,0   TimeStamp  :  8030       Distance  :  342

(PORT 1) : 6a,5,0,18,21,43,65,87,0,0,0,52,1,68,3,0,0,0,0,0,a,a8,e3,0,0,0,0,0   TimeStamp  :  8126       Distance  :  338

(PORT 1) : 6a,5,0,18,21,43,65,87,0,0,0,51,1,69,3,0,0,0,0,bf,e1,4f,b5,0,0,0,0,0   TimeStamp  :  8223       Distance  :  337

(PORT 1) : 6a,5,0,18,21,43,65,87,0,0,0,50,1,6a,3,0,0,0,0,e,bf,1e,e0,0,0,0,0,0   TimeStamp  :  8319       Distance  :  336

(PORT 1) : 6a,5,0,18,21,43,65,87,0,0,0,53,1,6b,3,0,0,0,0,cc,28,9b,b5,0,0,0,0,0   TimeStamp  :  8460       Distance  :  339

(PORT 1) : 6a,5,0,18,21,43,65,87,0,0,0,4f,1,6c,3,0,0,0,0,a0,5f,4e,22,0,0,0,0,0   TimeStamp  :  8537       Distance  :  335

(PORT 1) : 6a,5,0,18,21,43,65,87,0,0,0,51,1,6d,3,0,0,0,0,d4,d8,21,5c,0,0,0,0,0   TimeStamp  :  8623       Distance  :  337

(PORT 1) : 6a,5,0,18,21,43,65,87,0,0,0,51,1,6e,3,0,0,0,0,63,72,91,ff,0,0,0,0,0   TimeStamp  :  8708       Distance  :  337

(PORT 1) : 6a,5,0,18,21,43,65,87,0,0,0,4f,1,6f,3,0,0,0,0,4d,be,f0,80,0,0,0,0,0   TimeStamp  :  8798       Distance  :  335

(PORT 1) : 6a,5,0,18,21,43,65,87,0,0,0,52,1,70,3,0,0,0,0,30,8c,79,43,0,0,0,0,0   TimeStamp  :  8894       Distance  :  338

(PORT 1) : 6a,5,0,18,21,43,65,87,0,4,0,50,1,71,3,0,0,0,0,bb,d3,5b,b4,0,0,0,0,0   TimeStamp  :  8989       Distance  :  336

(PORT 1) : 6a,5,0,18,21,43,65,87,0,0,0,53,1,72,3,0,0,0,0,92,1,e8,59,0,0,0,0,0   TimeStamp  :  9087       Distance  :  339

(PORT 1) : 6a,5,0,18,21,43,65,87,0,0,0,4f,1,73,3,0,0,0,0,90,70,ab,e9,0,0,0,0,0   TimeStamp  :  9182       Distance  :  335

(PORT 1) : 6a,5,0,18,21,43,65,87,0,3,0,52,1,74,3,0,0,0,0,59,d6,2e,af,0,0,0,0,0   TimeStamp  :  9277       Distance  :  338

(PORT 1) : 6a,5,0,18,21,43,65,87,0,0,0,51,1,75,3,0,0,0,0,e8,ae,ce,ae,0,0,0,0,0   TimeStamp  :  9374       Distance  :  337

(PORT 1) : 6a,5,0,18,21,43,65,87,0,4,0,51,1,76,3,0,0,0,0,50,60,3e,fe,0,0,0,0,0   TimeStamp  :  9470       Distance  :  337

(PORT 1) : 6a,5,0,18,21,43,65,87,0,0,0,51,1,77,3,0,0,0,0,38,df,8,56,0,0,0,0,0   TimeStamp  :  9566       Distance  :  337

(PORT 1) : 6a,5,0,18,21,43,65,87,0,0,0,4f,1,78,3,0,0,0,0,cb,c3,e,26,0,0,0,0,0   TimeStamp  :  9662       Distance  :  335

(PORT 1) : 6a,5,0,18,21,43,65,87,0,0,0,50,1,79,3,0,0,0,0,43,a2,ca,2a,0,0,0,0,0   TimeStamp  :  9760       Distance  :  336

(PORT 1) : 6a,5,0,18,21,43,65,87,0,0,0,4e,1,7a,3,0,0,0,0,8c,8e,10,36,0,0,0,0,0   TimeStamp  :  9854       Distance  :  334

(PORT 1) : 6a,5,0,18,21,43,65,87,0,0,0,51,1,7b,3,0,0,0,0,74,a1,d3,12,0,0,0,0,0   TimeStamp  :  9950       Distance  :  337

(PORT 1) : 6a,5,0,18,21,43,65,87,0,0,0,50,1,7c,3,0,0,0,0,f4,57,db,93,0,0,0,0,0   TimeStamp  :  10046       Distance  :  336

(PORT 1) : 6a,5,0,18,21,43,65,87,0,0,0,53,1,7d,3,0,0,0,0,4a,85,56,ae,0,0,0,0,0   TimeStamp  :  10143       Distance  :  339

(PORT 1) : 6a,5,0,18,21,43,65,87,0,0,0,50,1,7e,3,0,0,0,0,9e,66,4f,ff,0,0,0,0,0   TimeStamp  :  10238       Distance  :  336

(PORT 1) : 6a,5,0,18,21,43,65,87,0,0,0,52,1,7f,3,0,0,0,0,25,4d,76,4a,0,0,0,0,0   TimeStamp  :  10334       Distance  :  338

(PORT 1) : 6a,5,0,18,21,43,65,87,0,0,0,52,1,80,3,0,0,0,0,d2,7f,24,b8,0,0,0,0,0   TimeStamp  :  10430       Distance  :  338

(PORT 1) : 6a,5,0,18,21,43,65,87,0,0,0,54,1,81,3,0,0,0,0,80,89,c6,14,0,0,0,0,0   TimeStamp  :  10526       Distance  :  340

(PORT 1) : 6a,5,0,18,21,43,65,87,0,0,0,54,1,82,3,0,0,0,0,79,68,15,f5,0,0,0,0,0   TimeStamp  :  10623       Distance  :  340

(PORT 1) : 6a,5,0,18,21,43,65,87,0,0,0,50,1,83,3,0,0,0,0,6f,c5,8,49,0,0,0,0,0   TimeStamp  :  10742       Distance  :  336

(PORT 1) : 6a,5,0,18,21,43,65,87,0,0,0,51,1,84,3,0,0,0,0,4d,c9,53,cf,0,0,0,0,0   TimeStamp  :  10821       Distance  :  337

(PORT 1) : 6a,5,0,18,21,43,65,87,0,0,0,51,1,85,3,0,0,0,0,3f,f4,df,47,0,0,0,0,0   TimeStamp  :  10909       Distance  :  337

(PORT 1) : 6a,5,0,18,21,43,65,87,0,0,0,53,1,86,3,0,0,0,0,43,22,c4,99,0,0,0,0,0   TimeStamp  :  11006       Distance  :  339

(PORT 1) : 6a,5,0,18,21,43,65,87,0,0,0,52,1,87,3,0,0,0,0,98,13,3a,41,0,0,0,0,0   TimeStamp  :  11102       Distance  :  338

(PORT 1) : 6a,5,0,18,21,43,65,87,0,0,0,52,1,88,3,0,0,0,0,91,df,fd,12,0,0,0,0,0   TimeStamp  :  11198       Distance  :  338

(PORT 1) : 6a,5,0,18,21,43,65,87,0,0,0,52,1,89,3,0,0,0,0,75,6b,20,3b,0,0,0,0,0   TimeStamp  :  11294       Distance  :  338

(PORT 1) : 6a,5,0,18,21,43,65,87,0,0,0,4f,1,8a,3,0,0,0,0,c3,9,ea,5,0,0,0,0,0   TimeStamp  :  11390       Distance  :  335

(PORT 1) : 6a,5,0,18,21,43,65,87,0,3,0,51,1,8b,3,0,0,0,0,72,b0,d2,1f,0,0,0,0,0   TimeStamp  :  11486       Distance  :  337

(PORT 1) : 6a,5,0,18,21,43,65,87,0,0,0,51,1,8c,3,0,0,0,0,72,b4,5,37,0,0,0,0,0   TimeStamp  :  11582       Distance  :  337

(PORT 1) : 6a,5,0,18,21,43,65,87,0,0,0,51,1,8d,3,0,0,0,0,9b,87,da,a1,0,0,0,0,0   TimeStamp  :  11678       Distance  :  337

(PORT 1) : 6a,5,0,18,21,43,65,87,0,0,0,50,1,8e,3,0,0,0,0,36,4e,f7,e,0,0,0,0,0   TimeStamp  :  11774       Distance  :  336

(PORT 1) : 6a,5,0,18,21,43,65,87,0,0,0,51,1,8f,3,0,0,0,0,8c,6d,82,8d,0,0,0,0,0   TimeStamp  :  11870       Distance  :  337

(PORT 1) : 6a,5,0,18,21,43,65,87,0,0,0,50,1,90,3,0,0,0,0,3b,8e,21,c0,0,0,0,0,0   TimeStamp  :  11965       Distance  :  336

(PORT 1) : 6a,5,0,18,21,43,65,87,0,3,0,50,1,91,3,0,0,0,0,f6,77,4,32,0,0,0,0,0   TimeStamp  :  12061       Distance  :  336

(PORT 1) : 6a,5,0,18,21,43,65,87,0,0,0,4f,1,92,3,0,0,0,0,65,60,e0,30,0,0,0,0,0   TimeStamp  :  12158       Distance  :  335

(PORT 1) : 6a,5,0,18,21,43,65,87,0,0,0,51,1,93,3,0,0,0,0,ba,5b,43,6b,0,0,0,0,0   TimeStamp  :  12255       Distance  :  337

(PORT 1) : 6a,5,0,18,21,43,65,87,0,4,0,52,1,94,3,0,0,0,0,f,82,99,a9,0,0,0,0,0   TimeStamp  :  12350       Distance  :  338

(PORT 1) : 6a,5,0,18,21,43,65,87,0,0,0,52,1,95,3,0,0,0,0,4e,1d,1f,c0,0,0,0,0,0   TimeStamp  :  12446       Distance  :  338

(PORT 1) : 6a,5,0,18,21,43,65,87,0,0,0,52,1,96,3,0,0,0,0,28,80,0,df,0,0,0,0,0   TimeStamp  :  12542       Distance  :  338

(PORT 1) : 6a,5,0,18,21,43,65,87,0,0,0,52,1,97,3,0,0,0,0,99,c8,a1,a6,0,0,0,0,0   TimeStamp  :  12638       Distance  :  338

(PORT 1) : 6a,5,0,18,21,43,65,87,0,0,0,51,1,98,3,0,0,0,0,bd,c5,a5,70,0,0,0,0,0   TimeStamp  :  12733       Distance  :  337

(PORT 1) : 6a,5,0,18,21,43,65,87,0,0,0,53,1,99,3,0,0,0,0,ba,0,6e,94,0,0,0,0,0   TimeStamp  :  12829       Distance  :  339

(PORT 1) : 6a,5,0,18,21,43,65,87,0,0,0,50,1,9a,3,0,0,0,0,a2,eb,5c,9a,0,0,0,0,0   TimeStamp  :  12931       Distance  :  336

(PORT 1) : 6a,5,0,18,21,43,65,87,0,0,0,51,1,9b,3,0,0,0,0,3d,16,91,d4,0,0,0,0,0   TimeStamp  :  13022       Distance  :  337

(PORT 1) : 6a,5,0,18,21,43,65,87,0,4,0,3d,1,9c,3,0,0,0,0,80,65,c3,ae,0,0,0,0,0   TimeStamp  :  13117       Distance  :  317

(PORT 1) : 6a,5,0,18,21,43,65,87,0,0,0,51,1,9d,3,0,0,0,0,a8,ed,f6,d2,0,0,0,0,0   TimeStamp  :  13215       Distance  :  337

(PORT 1) : 6a,5,0,18,21,43,65,87,0,0,0,51,1,9e,3,0,0,0,0,ca,75,82,64,0,0,0,0,0   TimeStamp  :  13309       Distance  :  337

(PORT 1) : 6a,5,0,18,21,43,65,87,0,0,0,52,1,9f,3,0,0,0,0,ec,ab,a1,a9,0,0,0,0,0   TimeStamp  :  13405       Distance  :  338

(PORT 1) : 6a,5,0,18,21,43,65,87,0,4,0,50,1,a0,3,0,0,0,0,1b,d,3a,25,0,0,0,0,0   TimeStamp  :  13502       Distance  :  336

(PORT 1) : 6a,5,0,18,21,43,65,87,0,0,0,53,1,a1,3,0,0,0,0,ec,17,b1,56,0,0,0,0,0   TimeStamp  :  13597       Distance  :  339

(PORT 1) : 6a,5,0,18,21,43,65,87,0,3,0,38,1,a2,3,0,0,0,0,af,e3,f6,7a,0,0,0,0,0   TimeStamp  :  13693       Distance  :  312

(PORT 1) : 6a,5,0,18,21,43,65,87,0,0,0,4e,1,a3,3,0,0,0,0,d9,2c,b9,33,0,0,0,0,0   TimeStamp  :  13789       Distance  :  334

(PORT 1) : 6a,5,0,18,21,43,65,87,0,0,0,53,1,a4,3,0,0,0,0,6f,c4,a3,a9,0,0,0,0,0   TimeStamp  :  13886       Distance  :  339

(PORT 1) : 6a,5,0,18,21,43,65,87,0,0,0,52,1,a5,3,0,0,0,0,49,c7,96,8c,0,0,0,0,0   TimeStamp  :  13982       Distance  :  338

(PORT 1) : 6a,5,0,18,21,43,65,87,0,0,0,51,1,a6,3,0,0,0,0,54,89,f6,b4,0,0,0,0,0   TimeStamp  :  14077       Distance  :  337

(PORT 1) : 6a,5,0,18,21,43,65,87,0,0,0,50,1,a7,3,0,0,0,0,27,ca,4a,10,0,0,0,0,0   TimeStamp  :  14173       Distance  :  336

(PORT 1) : 6a,5,0,18,21,43,65,87,0,0,0,52,1,a8,3,0,0,0,0,8,4d,fb,50,0,0,0,0,0   TimeStamp  :  14270       Distance  :  338

(PORT 1) : 6a,5,0,18,21,43,65,87,0,0,0,51,1,a9,3,0,0,0,0,d4,14,b1,db,0,0,0,0,0   TimeStamp  :  14372       Distance  :  337

(PORT 1) : 6a,5,0,18,21,43,65,87,0,0,0,39,1,aa,3,0,0,0,0,94,e8,1e,c1,0,0,0,0,0   TimeStamp  :  14466       Distance  :  313

(PORT 1) : 6a,5,0,18,21,43,65,87,0,0,0,51,1,ab,3,0,0,0,0,ff,48,60,70,0,0,0,0,0   TimeStamp  :  14558       Distance  :  337

(PORT 1) : 6a,5,0,18,21,43,65,87,0,0,0,54,1,ac,3,0,0,0,0,c,a4,39,8b,0,0,0,0,0   TimeStamp  :  14655       Distance  :  340

(PORT 1) : 6a,5,0,18,21,43,65,87,0,0,1,37,1,ad,3,0,0,0,0,8c,d2,83,d9,0,0,0,0,0   TimeStamp  :  14749       Distance  :  311

(PORT 1) : 6a,5,0,18,21,43,65,87,0,0,0,4f,1,ae,3,0,0,0,0,9d,ff,d4,cd,0,0,0,0,0   TimeStamp  :  14845       Distance  :  335

(PORT 1) : 6a,5,0,18,21,43,65,87,0,0,0,51,1,af,3,0,0,0,0,50,74,a1,c2,0,0,0,0,0   TimeStamp  :  14941       Distance  :  337

(PORT 1) : 6a,5,0,18,21,43,65,87,0,0,0,53,1,b0,3,0,0,0,0,4b,98,e,1c,0,0,0,0,0   TimeStamp  :  15038       Distance  :  339

(PORT 1) : 6a,5,0,18,21,43,65,87,0,0,0,37,1,b1,3,0,0,0,0,63,a2,2e,af,0,0,0,0,0   TimeStamp  :  15133       Distance  :  311

(PORT 1) : 6a,5,0,18,21,43,65,87,0,0,0,4f,1,b2,3,0,0,0,0,72,3d,3c,b0,0,0,0,0,0   TimeStamp  :  15230       Distance  :  335

(PORT 1) : 6a,5,0,18,21,43,65,87,0,0,0,52,1,b3,3,0,0,0,0,23,42,fe,fa,0,0,0,0,0   TimeStamp  :  15325       Distance  :  338

(PORT 1) : 6a,5,0,18,21,43,65,87,0,0,0,3a,1,b4,3,0,0,0,0,b,24,39,79,0,0,0,0,0   TimeStamp  :  15422       Distance  :  314

(PORT 1) : 6a,5,0,18,21,43,65,87,0,0,0,52,1,b5,3,0,0,0,0,39,a4,1d,48,0,0,0,0,0   TimeStamp  :  15519       Distance  :  338

(PORT 1) : 6a,5,0,18,21,43,65,87,0,0,0,52,1,b6,3,0,0,0,0,f7,84,54,10,0,0,0,0,0   TimeStamp  :  15613       Distance  :  338

(PORT 1) : 6a,5,0,18,21,43,65,87,0,0,0,53,1,b7,3,0,0,0,0,ad,4b,3,35,0,0,0,0,0   TimeStamp  :  15709       Distance  :  339

(PORT 1) : 6a,5,0,18,21,43,65,87,0,0,0,51,1,b8,3,0,0,0,0,7f,86,13,65,0,0,0,0,0   TimeStamp  :  15806       Distance  :  337

(PORT 1) : 6a,5,0,18,21,43,65,87,0,0,0,52,1,b9,3,0,0,0,0,2,5a,c,f6,0,0,0,0,0   TimeStamp  :  15902       Distance  :  338

(PORT 1) : 6a,5,0,18,21,43,65,87,0,0,0,52,1,ba,3,0,0,0,0,a8,4c,a0,8a,0,0,0,0,0   TimeStamp  :  15997       Distance  :  338

(PORT 1) : 6a,5,0,18,21,43,65,87,0,0,0,52,1,bb,3,0,0,0,0,5a,d,ad,2b,0,0,0,0,0   TimeStamp  :  16099       Distance  :  338

(PORT 1) : 6a,5,0,18,21,43,65,87,0,0,0,52,1,bc,3,0,0,0,0,81,d6,9b,9d,0,0,0,0,0   TimeStamp  :  16199       Distance  :  338

(PORT 1) : 6a,5,0,18,21,43,65,87,0,0,0,52,1,bd,3,0,0,0,0,af,62,10,5e,0,0,0,0,0   TimeStamp  :  16287       Distance  :  338

(PORT 1) : 6a,5,0,18,21,43,65,87,0,0,0,4f,1,be,3,0,0,0,0,c5,ff,1b,ec,0,0,0,0,0   TimeStamp  :  16381       Distance  :  335

(PORT 1) : 6a,5,0,18,21,43,65,87,0,0,0,50,1,bf,3,0,0,0,0,6e,73,3f,52,0,0,0,0,0   TimeStamp  :  16477       Distance  :  336

(PORT 1) : 6a,5,0,18,21,43,65,87,0,0,0,50,1,c0,3,0,0,0,0,ce,e9,52,14,0,0,0,0,0   TimeStamp  :  16574       Distance  :  336

(PORT 1) : 6a,5,0,18,21,43,65,87,0,0,0,53,1,c1,3,0,0,0,0,f5,3c,b,9f,0,0,0,0,0   TimeStamp  :  16670       Distance  :  339

(PORT 1) : 6a,5,0,18,21,43,65,87,0,0,0,50,1,c2,3,0,0,0,0,78,f5,e9,51,0,0,0,0,0   TimeStamp  :  16766       Distance  :  336

(PORT 1) : 6a,5,0,18,21,43,65,87,0,0,0,52,1,c3,3,0,0,0,0,5c,52,98,95,0,0,0,0,0   TimeStamp  :  16861       Distance  :  338

(PORT 1) : 6a,5,0,18,21,43,65,87,0,0,0,53,1,c4,3,0,0,0,0,f8,b8,59,de,0,0,0,0,0   TimeStamp  :  16958       Distance  :  339

(PORT 1) : 6a,5,0,18,21,43,65,87,0,0,0,51,1,c5,3,0,0,0,0,25,96,c9,f8,0,0,0,0,0   TimeStamp  :  17054       Distance  :  337

(PORT 1) : 6a,5,0,18,21,43,65,87,0,0,0,51,1,c6,3,0,0,0,0,e4,25,bf,c1,0,0,0,0,0   TimeStamp  :  17150       Distance  :  337

(PORT 1) : 6a,5,0,18,21,43,65,87,0,0,0,55,1,c7,3,0,0,0,0,77,af,1a,44,0,0,0,0,0   TimeStamp  :  17245       Distance  :  341

(PORT 1) : 6a,5,0,18,21,43,65,87,0,0,0,53,1,c8,3,0,0,0,0,9,44,68,87,0,0,0,0,0   TimeStamp  :  17341       Distance  :  339

(PORT 1) : 6a,5,0,18,21,43,65,87,0,0,0,52,1,c9,3,0,0,0,0,af,46,8c,57,0,0,0,0,0   TimeStamp  :  17438       Distance  :  338

(PORT 1) : 6a,5,0,18,21,43,65,87,0,4,0,3a,1,ca,3,0,0,0,0,d0,33,77,55,0,0,0,0,0   TimeStamp  :  17544       Distance  :  314

(PORT 1) : 6a,5,0,18,21,43,65,87,0,0,0,50,1,cb,3,0,0,0,0,7f,3e,ea,e3,0,0,0,0,0   TimeStamp  :  17636       Distance  :  336

(PORT 1) : 6a,5,0,18,21,43,65,87,0,0,0,51,1,cc,3,0,0,0,0,2b,36,fb,75,0,0,0,0,0   TimeStamp  :  17746       Distance  :  337

(PORT 1) : 6a,5,0,18,21,43,65,87,0,0,0,4f,1,cd,3,0,0,0,0,7,4b,3,af,0,0,0,0,0   TimeStamp  :  17847       Distance  :  335

(PORT 1) : 6a,5,0,18,21,43,65,87,0,4,0,51,1,ce,3,0,0,0,0,4f,dd,d7,4,0,0,0,0,0   TimeStamp  :  17955       Distance  :  337

(PORT 1) : 6a,5,0,18,21,43,65,87,0,0,0,4f,1,cf,3,0,0,0,0,40,4f,53,a7,0,0,0,0,0   TimeStamp  :  18021       Distance  :  335

(PORT 1) : 6a,5,0,18,21,43,65,87,0,0,0,56,1,d0,3,0,0,0,0,3e,97,54,a,0,0,0,0,0   TimeStamp  :  18115       Distance  :  342

(PORT 1) : 6a,5,0,18,21,43,65,87,0,0,0,52,1,d1,3,0,0,0,0,47,18,43,6b,0,0,0,0,0   TimeStamp  :  18206       Distance  :  338

(PORT 1) : 6a,5,0,18,21,43,65,87,0,0,0,52,1,d2,3,0,0,0,0,3,b8,5b,9f,0,0,0,0,0   TimeStamp  :  18302       Distance  :  338

(PORT 1) : 6a,5,0,18,21,43,65,87,0,0,0,55,1,d3,3,0,0,0,0,b6,f0,d,67,0,0,0,0,0   TimeStamp  :  18398       Distance  :  341

(PORT 1) : 6a,5,0,18,21,43,65,87,0,0,0,51,1,d4,3,0,0,0,0,a4,53,23,99,0,0,0,0,0   TimeStamp  :  18494       Distance  :  337

(PORT 1) : 6a,5,0,18,21,43,65,87,0,0,0,39,1,d5,3,0,0,0,0,58,fe,4a,aa,0,0,0,0,0   TimeStamp  :  18603       Distance  :  313

(PORT 1) : 6a,5,0,18,21,43,65,87,0,0,0,50,1,d6,3,0,0,0,0,cb,bd,2d,ab,0,0,0,0,0   TimeStamp  :  18688       Distance  :  336

(PORT 1) : 6a,5,0,18,21,43,65,87,0,0,0,51,1,d7,3,0,0,0,0,d5,ea,d1,5,0,0,0,0,0   TimeStamp  :  18797       Distance  :  337

(PORT 1) : 6a,5,0,18,21,43,65,87,0,0,0,51,1,d8,3,0,0,0,0,ba,21,b7,cc,0,0,0,0,0   TimeStamp  :  18887       Distance  :  337

(PORT 1) : 6a,5,0,18,21,43,65,87,0,3,0,51,1,d9,3,0,0,0,0,9f,36,74,da,0,0,0,0,0   TimeStamp  :  18989       Distance  :  337

(PORT 1) : 6a,5,0,18,21,43,65,87,0,0,0,50,1,da,3,0,0,0,0,3a,9c,47,95,0,0,0,0,0   TimeStamp  :  19069       Distance  :  336

(PORT 1) : 6a,5,0,18,21,43,65,87,0,0,0,53,1,db,3,0,0,0,0,44,f8,eb,a5,0,0,0,0,0   TimeStamp  :  19171       Distance  :  339

(PORT 1) : 6a,5,0,18,21,43,65,87,0,3,0,55,1,dc,3,0,0,0,0,6d,3b,99,8a,0,0,0,0,0   TimeStamp  :  19261       Distance  :  341

(PORT 1) : 6a,5,0,18,21,43,65,87,0,0,0,51,1,dd,3,0,0,0,0,67,97,12,ae,0,0,0,0,0   TimeStamp  :  19358       Distance  :  337

(PORT 1) : 6a,5,0,18,21,43,65,87,0,0,0,52,1,de,3,0,0,0,0,27,b,93,98,0,0,0,0,0   TimeStamp  :  19463       Distance  :  338

(PORT 1) : 6a,5,0,18,21,43,65,87,0,0,0,55,1,df,3,0,0,0,0,b3,74,3,a0,0,0,0,0,0   TimeStamp  :  19570       Distance  :  341

(PORT 1) : 6a,5,0,18,21,43,65,87,0,0,0,58,1,e0,3,0,0,0,0,9,67,2a,ab,0,0,0,0,0   TimeStamp  :  19677       Distance  :  344

(PORT 1) : 6a,5,0,18,21,43,65,87,0,0,0,53,1,e1,3,0,0,0,0,d5,41,9c,f,0,0,0,0,0   TimeStamp  :  19753       Distance  :  339

(PORT 1) : 6a,5,0,18,21,43,65,87,0,0,0,52,1,e2,3,0,0,0,0,99,6a,c9,6b,0,0,0,0,0   TimeStamp  :  19876       Distance  :  338

(PORT 1) : 6a,5,0,18,21,43,65,87,0,0,1,3d,1,e3,3,0,0,0,0,7d,37,63,81,0,0,0,0,0   TimeStamp  :  19963       Distance  :  317

(PORT 1) : 6a,5,0,18,21,43,65,87,0,0,0,51,1,e4,3,0,0,0,0,ce,82,ce,2c,0,0,0,0,0   TimeStamp  :  20040       Distance  :  337

(PORT 1) : 6a,5,0,18,21,43,65,87,0,4,0,38,1,e5,3,0,0,0,0,fa,7b,45,54,0,0,0,0,0   TimeStamp  :  20152       Distance  :  312

(PORT 1) : 6a,5,0,18,21,43,65,87,0,0,0,53,1,e6,3,0,0,0,0,80,4b,d4,e8,0,0,0,0,0   TimeStamp  :  20221       Distance  :  339

(PORT 1) : 6a,5,0,18,21,43,65,87,0,0,0,51,1,e7,3,0,0,0,0,a4,12,c3,de,0,0,0,0,0   TimeStamp  :  20321       Distance  :  337

(PORT 1) : 6a,5,0,18,21,43,65,87,0,0,0,53,1,e8,3,0,0,0,0,e6,15,cd,83,0,0,0,0,0   TimeStamp  :  20415       Distance  :  339

(PORT 1) : 6a,5,0,18,21,43,65,87,0,0,0,51,1,e9,3,0,0,0,0,eb,f5,16,9d,0,0,0,0,0   TimeStamp  :  20513       Distance  :  337

(PORT 1) : 6a,5,0,18,21,43,65,87,0,3,0,52,1,ea,3,0,0,0,0,67,e2,9f,51,0,0,0,0,0   TimeStamp  :  20609       Distance  :  338

(PORT 1) : 6a,5,0,18,21,43,65,87,0,0,0,52,1,eb,3,0,0,0,0,f6,7f,18,eb,0,0,0,0,0   TimeStamp  :  20706       Distance  :  338

(PORT 1) : 6a,5,0,18,21,43,65,87,0,0,0,51,1,ec,3,0,0,0,0,43,1c,22,7a,0,0,0,0,0   TimeStamp  :  20805       Distance  :  337

(PORT 1) : 6a,5,0,18,21,43,65,87,0,0,0,50,1,ed,3,0,0,0,0,20,d,67,c9,0,0,0,0,0   TimeStamp  :  20893       Distance  :  336

(PORT 1) : 6a,5,0,18,21,43,65,87,0,0,0,50,1,ee,3,0,0,0,0,39,67,c,93,0,0,0,0,0   TimeStamp  :  20990       Distance  :  336

(PORT 1) : 6a,5,0,18,21,43,65,87,0,0,0,51,1,ef,3,0,0,0,0,4f,66,61,dd,0,0,0,0,0   TimeStamp  :  21093       Distance  :  337

(PORT 1) : 6a,5,0,18,21,43,65,87,0,0,0,50,1,f0,3,0,0,0,0,73,c4,d7,d9,0,0,0,0,0   TimeStamp  :  21206       Distance  :  336

(PORT 1) : 6a,5,0,18,21,43,65,87,0,0,0,50,1,f1,3,0,0,0,0,80,37,a,61,0,0,0,0,0   TimeStamp  :  21305       Distance  :  336

(PORT 1) : 6a,5,0,18,21,43,65,87,0,0,0,53,1,f2,3,0,0,0,0,27,17,be,2e,0,0,0,0,0   TimeStamp  :  21394       Distance  :  339

(PORT 1) : 6a,5,0,18,21,43,65,87,0,0,0,52,1,f3,3,0,0,0,0,43,af,15,f7,0,0,0,0,0   TimeStamp  :  21478       Distance  :  338

(PORT 1) : 6a,5,0,18,21,43,65,87,0,0,0,50,1,f4,3,0,0,0,0,e9,6c,64,6c,0,0,0,0,0   TimeStamp  :  21567       Distance  :  336

(PORT 1) : 6a,5,0,18,21,43,65,87,0,0,0,52,1,f5,3,0,0,0,0,e2,73,ea,f6,0,0,0,0,0   TimeStamp  :  21691       Distance  :  338

(PORT 1) : 6a,5,0,18,21,43,65,87,0,0,0,50,1,f6,3,0,0,0,0,1b,bc,95,f6,0,0,0,0,0   TimeStamp  :  21772       Distance  :  336

(PORT 1) : 6a,5,0,18,21,43,65,87,0,0,0,56,1,f7,3,0,0,0,0,ea,fd,dc,62,0,0,0,0,0   TimeStamp  :  21874       Distance  :  342

(PORT 1) : 6a,5,0,18,21,43,65,87,0,0,0,52,1,f8,3,0,0,0,0,5e,ef,a0,fb,0,0,0,0,0   TimeStamp  :  21966       Distance  :  338

(PORT 1) : 6a,5,0,18,21,43,65,87,0,0,0,36,1,f9,3,0,0,0,0,7e,eb,a1,88,0,0,0,0,0   TimeStamp  :  22046       Distance  :  310

(PORT 1) : 6a,5,0,18,21,43,65,87,0,0,0,53,1,fa,3,0,0,0,0,b8,d9,8f,8c,0,0,0,0,0   TimeStamp  :  22142       Distance  :  339

(PORT 1) : 6a,5,0,18,21,43,65,87,0,0,0,52,1,fb,3,0,0,0,0,6a,f4,51,bf,0,0,0,0,0   TimeStamp  :  22239       Distance  :  338

(PORT 1) : 6a,5,0,18,21,43,65,87,0,4,0,52,1,fc,3,0,0,0,0,7d,3,26,a0,0,0,0,0,0   TimeStamp  :  22333       Distance  :  338

(PORT 1) : 6a,5,0,18,21,43,65,87,0,0,0,55,1,fd,3,0,0,0,0,a7,4d,d3,be,0,0,0,0,0   TimeStamp  :  22429       Distance  :  341

(PORT 1) : 6a,5,0,18,21,43,65,87,0,3,0,4f,1,fe,3,0,0,0,0,36,45,91,7f,0,0,0,0,0   TimeStamp  :  22525       Distance  :  335

(PORT 1) : 6a,5,0,18,21,43,65,87,0,4,0,52,1,ff,3,0,0,0,0,c7,da,e0,d5,0,0,0,0,0   TimeStamp  :  22621       Distance  :  338

(PORT 1) : 6a,5,0,18,21,43,65,87,0,0,0,51,1,0,4,0,0,0,0,b4,49,c,5b,0,0,0,0,0   TimeStamp  :  22718       Distance  :  337

(PORT 1) : 6a,5,0,18,21,43,65,87,0,0,0,50,1,1,4,0,0,0,0,e7,b7,89,cf,0,0,0,0,0   TimeStamp  :  22813       Distance  :  336

(PORT 1) : 6a,5,0,18,21,43,65,87,0,0,0,51,1,2,4,0,0,0,0,fd,89,a8,1c,0,0,0,0,0   TimeStamp  :  22911       Distance  :  337

(PORT 1) : 6a,5,0,18,21,43,65,87,0,0,0,51,1,3,4,0,0,0,0,45,98,13,17,0,0,0,0,0   TimeStamp  :  23007       Distance  :  337

(PORT 1) : 6a,5,0,18,21,43,65,87,0,0,0,52,1,4,4,0,0,0,0,d5,b4,eb,3c,0,0,0,0,0   TimeStamp  :  23101       Distance  :  338

(PORT 1) : 6a,5,0,18,21,43,65,87,0,0,0,4f,1,5,4,0,0,0,0,9b,32,44,be,0,0,0,0,0   TimeStamp  :  23197       Distance  :  335

(PORT 1) : 6a,5,0,18,21,43,65,87,0,0,0,53,1,6,4,0,0,0,0,f5,c8,ce,26,0,0,0,0,0   TimeStamp  :  23293       Distance  :  339

(PORT 1) : 6a,5,0,18,21,43,65,87,0,0,0,51,1,7,4,0,0,0,0,82,f9,96,45,0,0,0,0,0   TimeStamp  :  23390       Distance  :  337

(PORT 1) : 6a,5,0,18,21,43,65,87,0,0,0,50,1,8,4,0,0,0,0,3e,5d,cc,49,0,0,0,0,0   TimeStamp  :  23486       Distance  :  336

(PORT 1) : 6a,5,0,18,21,43,65,87,0,0,0,52,1,9,4,0,0,0,0,cb,df,f0,81,0,0,0,0,0   TimeStamp  :  23581       Distance  :  338

(PORT 1) : 6a,5,0,18,21,43,65,87,0,0,0,50,1,a,4,0,0,0,0,3e,16,69,b,0,0,0,0,0   TimeStamp  :  23678       Distance  :  336

(PORT 1) : 6a,5,0,18,21,43,65,87,0,3,1,3a,1,b,4,0,0,0,0,cf,3c,fd,4c,0,0,0,0,0   TimeStamp  :  23774       Distance  :  314

(PORT 1) : 6a,5,0,18,21,43,65,87,0,0,0,51,1,c,4,0,0,0,0,19,2,f5,d6,0,0,0,0,0   TimeStamp  :  23870       Distance  :  337

(PORT 1) : 6a,5,0,18,21,43,65,87,0,0,0,52,1,d,4,0,0,0,0,eb,fb,7,ab,0,0,0,0,0   TimeStamp  :  23966       Distance  :  338

(PORT 1) : 6a,5,0,18,21,43,65,87,0,0,0,50,1,e,4,0,0,0,0,2a,15,ca,2f,0,0,0,0,0   TimeStamp  :  24061       Distance  :  336

(PORT 1) : 6a,5,0,18,21,43,65,87,0,0,0,52,1,f,4,0,0,0,0,72,21,8a,be,0,0,0,0,0   TimeStamp  :  24157       Distance  :  338

(PORT 1) : 6a,5,0,18,21,43,65,87,0,0,0,54,1,10,4,0,0,0,0,73,86,89,98,0,0,0,0,0   TimeStamp  :  24254       Distance  :  340

(PORT 1) : 6a,5,0,18,21,43,65,87,0,0,0,50,1,11,4,0,0,0,0,eb,70,b3,d6,0,0,0,0,0   TimeStamp  :  24355       Distance  :  336

(PORT 1) : 6a,5,0,18,21,43,65,87,0,0,0,51,1,12,4,0,0,0,0,34,b9,cf,59,0,0,0,0,0   TimeStamp  :  24445       Distance  :  337

(PORT 1) : 6a,5,0,18,21,43,65,87,0,0,0,52,1,13,4,0,0,0,0,7e,bb,13,20,0,0,0,0,0   TimeStamp  :  24542       Distance  :  338

(PORT 1) : 6a,5,0,18,21,43,65,87,0,0,0,50,1,14,4,0,0,0,0,99,1c,22,e0,0,0,0,0,0   TimeStamp  :  24639       Distance  :  336

(PORT 1) : 6a,5,0,18,21,43,65,87,0,0,0,50,1,15,4,0,0,0,0,2c,4f,f7,52,0,0,0,0,0   TimeStamp  :  24734       Distance  :  336

(PORT 1) : 6a,5,0,18,21,43,65,87,0,0,0,4e,1,16,4,0,0,0,0,19,b,83,4,0,0,0,0,0   TimeStamp  :  24829       Distance  :  334

(PORT 1) : 6a,5,0,18,21,43,65,87,0,0,0,50,1,17,4,0,0,0,0,f8,3f,60,a1,0,0,0,0,0   TimeStamp  :  24925       Distance  :  336

(PORT 1) : 6a,5,0,18,21,43,65,87,0,0,0,50,1,18,4,0,0,0,0,79,dd,4a,9c,0,0,0,0,0   TimeStamp  :  25023       Distance  :  336

(PORT 1) : 6a,5,0,18,21,43,65,87,0,0,0,51,1,19,4,0,0,0,0,66,97,16,dd,0,0,0,0,0   TimeStamp  :  25118       Distance  :  337

(PORT 1) : 6a,5,0,18,21,43,65,87,0,0,0,51,1,1a,4,0,0,0,0,f5,a0,c7,f3,0,0,0,0,0   TimeStamp  :  25213       Distance  :  337

(PORT 1) : 6a,5,0,18,21,43,65,87,0,0,0,54,1,1b,4,0,0,0,0,3b,7e,d3,24,0,0,0,0,0   TimeStamp  :  25326       Distance  :  340

(PORT 1) : 6a,5,0,18,21,43,65,87,0,0,0,4e,1,1c,4,0,0,0,0,44,b2,6e,74,0,0,0,0,0   TimeStamp  :  25425       Distance  :  334

(PORT 1) : 6a,5,0,18,21,43,65,87,0,0,0,50,1,1d,4,0,0,0,0,36,24,4e,b5,0,0,0,0,0   TimeStamp  :  25533       Distance  :  336

(PORT 1) : 6a,5,0,18,21,43,65,87,0,0,0,50,1,1e,4,0,0,0,0,7d,3f,46,a0,0,0,0,0,0   TimeStamp  :  25648       Distance  :  336

(PORT 1) : 6a,5,0,18,21,43,65,87,0,0,0,52,1,1f,4,0,0,0,0,6a,73,fa,9,0,0,0,0,0   TimeStamp  :  25725       Distance  :  338

(PORT 1) : 6a,5,0,18,21,43,65,87,0,0,0,50,1,20,4,0,0,0,0,b0,29,2e,ca,0,0,0,0,0   TimeStamp  :  25794       Distance  :  336

(PORT 1) : 6a,5,0,18,21,43,65,87,0,0,0,51,1,21,4,0,0,0,0,61,2b,b9,c5,0,0,0,0,0   TimeStamp  :  25926       Distance  :  337

(PORT 1) : 6a,5,0,18,21,43,65,87,0,0,0,52,1,22,4,0,0,0,0,9a,1e,43,c4,0,0,0,0,0   TimeStamp  :  25985       Distance  :  338

(PORT 1) : 6a,5,0,18,21,43,65,87,0,0,0,4f,1,23,4,0,0,0,0,fd,c8,ec,fe,0,0,0,0,0   TimeStamp  :  26093       Distance  :  335

(PORT 1) : 6a,5,0,18,21,43,65,87,0,0,0,52,1,24,4,0,0,0,0,ae,1b,df,8a,0,0,0,0,0   TimeStamp  :  26218       Distance  :  338

(PORT 1) : 6a,5,0,18,21,43,65,87,0,0,0,4f,1,25,4,0,0,0,0,2f,6f,cd,5f,0,0,0,0,0   TimeStamp  :  26276       Distance  :  335

(PORT 1) : 6a,5,0,18,21,43,65,87,0,0,0,50,1,26,4,0,0,0,0,2d,38,a3,ca,0,0,0,0,0   TimeStamp  :  26396       Distance  :  336

(PORT 1) : 6a,5,0,18,21,43,65,87,0,0,0,52,1,27,4,0,0,0,0,81,68,72,6,0,0,0,0,0   TimeStamp  :  26492       Distance  :  338

(PORT 1) : 6a,5,0,18,21,43,65,87,0,0,0,55,1,28,4,0,0,0,0,8,3c,d7,e4,0,0,0,0,0   TimeStamp  :  26598       Distance  :  341

(PORT 1) : 6a,5,0,18,21,43,65,87,0,0,0,51,1,29,4,0,0,0,0,a5,4f,c6,f8,0,0,0,0,0   TimeStamp  :  26682       Distance  :  337

(PORT 1) : 6a,5,0,18,21,43,65,87,0,0,0,51,1,2a,4,0,0,0,0,6b,61,74,b,0,0,0,0,0   TimeStamp  :  26788       Distance  :  337

(PORT 1) : 6a,5,0,18,21,43,65,87,0,0,0,55,1,2b,4,0,0,0,0,7f,d3,73,71,0,0,0,0,0   TimeStamp  :  26850       Distance  :  341

(PORT 1) : 6a,5,0,18,21,43,65,87,0,0,0,52,1,2c,4,0,0,0,0,c0,59,e2,37,0,0,0,0,0   TimeStamp  :  26996       Distance  :  338

(PORT 1) : 6a,5,0,18,21,43,65,87,0,0,0,50,1,2d,4,0,0,0,0,5d,fc,6f,f2,0,0,0,0,0   TimeStamp  :  27057       Distance  :  336

(PORT 1) : 6a,5,0,18,21,43,65,87,0,0,0,51,1,2e,4,0,0,0,0,7c,7d,2e,f9,0,0,0,0,0   TimeStamp  :  27184       Distance  :  337

(PORT 1) : 6a,5,0,18,21,43,65,87,0,0,0,50,1,2f,4,0,0,0,0,4b,c6,16,15,0,0,0,0,0   TimeStamp  :  27236       Distance  :  336

(PORT 1) : 6a,5,0,18,21,43,65,87,0,0,0,4f,1,30,4,0,0,0,0,ba,56,e2,62,0,0,0,0,0   TimeStamp  :  27353       Distance  :  335

(PORT 1) : 6a,5,0,18,21,43,65,87,0,0,0,50,1,31,4,0,0,0,0,7,47,e4,e0,0,0,0,0,0   TimeStamp  :  27450       Distance  :  336

(PORT 1) : 6a,5,0,18,21,43,65,87,0,0,0,54,1,32,4,0,0,0,0,88,f4,d0,ef,0,0,0,0,0   TimeStamp  :  27551       Distance  :  340

(PORT 1) : 6a,5,0,18,21,43,65,87,0,0,0,51,1,33,4,0,0,0,0,20,5c,ee,b6,0,0,0,0,0   TimeStamp  :  27648       Distance  :  337

(PORT 1) : 6a,5,0,18,21,43,65,87,0,0,0,50,1,34,4,0,0,0,0,a,25,c4,fc,0,0,0,0,0   TimeStamp  :  27760       Distance  :  336

(PORT 1) : 6a,5,0,18,21,43,65,87,0,0,0,50,1,35,4,0,0,0,0,d1,b4,6e,7b,0,0,0,0,0   TimeStamp  :  27815       Distance  :  336

(PORT 1) : 6a,5,0,18,21,43,65,87,0,0,0,53,1,36,4,0,0,0,0,33,88,c3,ce,0,0,0,0,0   TimeStamp  :  27933       Distance  :  339

(PORT 1) : 6a,5,0,18,21,43,65,87,0,0,0,54,1,37,4,0,0,0,0,35,92,ca,b1,0,0,0,0,0   TimeStamp  :  28005       Distance  :  340

(PORT 1) : 6a,5,0,18,21,43,65,87,0,0,0,52,1,38,4,0,0,0,0,5b,32,3e,f4,0,0,0,0,0   TimeStamp  :  28122       Distance  :  338

(PORT 1) : 6a,5,0,18,21,43,65,87,0,0,0,52,1,39,4,0,0,0,0,a3,21,cf,75,0,0,0,0,0   TimeStamp  :  28210       Distance  :  338

(PORT 1) : 6a,5,0,18,21,43,65,87,0,4,0,52,1,3a,4,0,0,0,0,9c,21,c,2b,0,0,0,0,0   TimeStamp  :  28311       Distance  :  338

(PORT 1) : 6a,5,0,18,21,43,65,87,0,0,0,52,1,3b,4,0,0,0,0,5,b,fc,b,0,0,0,0,0   TimeStamp  :  28393       Distance  :  338

(PORT 1) : 6a,5,0,18,21,43,65,87,0,0,0,51,1,3c,4,0,0,0,0,7a,f6,74,65,0,0,0,0,0   TimeStamp  :  28480       Distance  :  337

(PORT 1) : 6a,5,0,18,21,43,65,87,0,0,0,51,1,3d,4,0,0,0,0,1,59,ea,f0,0,0,0,0,0   TimeStamp  :  28584       Distance  :  337

(PORT 1) : 6a,5,0,18,21,43,65,87,0,0,0,51,1,3e,4,0,0,0,0,3c,25,c9,77,0,0,0,0,0   TimeStamp  :  28687       Distance  :  337

(PORT 1) : 6a,5,0,18,21,43,65,87,0,0,0,4f,1,3f,4,0,0,0,0,93,d4,e9,bf,0,0,0,0,0   TimeStamp  :  28808       Distance  :  335

(PORT 1) : 6a,5,0,18,21,43,65,87,0,0,0,50,1,40,4,0,0,0,0,40,ee,ed,36,0,0,0,0,0   TimeStamp  :  28870       Distance  :  336

(PORT 1) : 6a,5,0,18,21,43,65,87,0,0,0,51,1,41,4,0,0,0,0,50,83,58,23,0,0,0,0,0   TimeStamp  :  28982       Distance  :  337

(PORT 1) : 6a,5,0,18,21,43,65,87,0,0,0,50,1,42,4,0,0,0,0,a4,ff,1b,40,0,0,0,0,0   TimeStamp  :  29094       Distance  :  336

(PORT 1) : 6a,5,0,18,21,43,65,87,0,0,0,51,1,43,4,0,0,0,0,ed,46,e2,34,0,0,0,0,0   TimeStamp  :  29187       Distance  :  337

(PORT 1) : 6a,5,0,18,21,43,65,87,0,0,0,51,1,44,4,0,0,0,0,91,5a,fa,5c,0,0,0,0,0   TimeStamp  :  29290       Distance  :  337

(PORT 1) : 6a,5,0,18,21,43,65,87,0,3,0,51,1,45,4,0,0,0,0,da,bb,76,ea,0,0,0,0,0   TimeStamp  :  29346       Distance  :  337

(PORT 1) : 6a,5,0,18,21,43,65,87,0,0,0,52,1,46,4,0,0,0,0,86,72,f7,ae,0,0,0,0,0   TimeStamp  :  29439       Distance  :  338

(PORT 1) : 6a,5,0,18,21,43,65,87,0,0,0,51,1,47,4,0,0,0,0,6f,a1,4a,17,0,0,0,0,0   TimeStamp  :  29555       Distance  :  337

(PORT 1) : 6a,5,0,18,21,43,65,87,0,0,0,50,1,48,4,0,0,0,0,28,95,b3,5,0,0,0,0,0   TimeStamp  :  29662       Distance  :  336

(PORT 1) : 6a,5,0,18,21,43,65,87,0,0,0,4e,1,49,4,0,0,0,0,bc,5d,a4,68,0,0,0,0,0   TimeStamp  :  29758       Distance  :  334

(PORT 1) : 6a,5,0,18,21,43,65,87,0,0,0,4f,1,4a,4,0,0,0,0,d1,31,fd,d7,0,0,0,0,0   TimeStamp  :  29861       Distance  :  335

(PORT 1) : 6a,5,0,18,21,43,65,87,0,0,0,50,1,4b,4,0,0,0,0,e6,f7,5f,8f,0,0,0,0,0   TimeStamp  :  29945       Distance  :  336

(PORT 1) : 6a,5,0,18,21,43,65,87,0,0,0,50,1,4c,4,0,0,0,0,23,2,42,9a,0,0,0,0,0   TimeStamp  :  30056       Distance  :  336

(PORT 1) : 6a,5,0,18,21,43,65,87,0,0,0,52,1,4d,4,0,0,0,0,5f,e,68,d2,0,0,0,0,0   TimeStamp  :  30110       Distance  :  338

(PORT 1) : 6a,5,0,18,21,43,65,87,0,0,0,52,1,4e,4,0,0,0,0,60,9c,19,80,0,0,0,0,0   TimeStamp  :  30230       Distance  :  338

(PORT 1) : 6a,5,0,18,21,43,65,87,0,0,0,51,1,4f,4,0,0,0,0,67,f8,8d,e5,0,0,0,0,0   TimeStamp  :  30326       Distance  :  337

(PORT 1) : 6a,5,0,18,21,43,65,87,0,0,0,50,1,50,4,0,0,0,0,65,b7,7d,e0,0,0,0,0,0   TimeStamp  :  30427       Distance  :  336

(PORT 1) : 6a,5,0,18,21,43,65,87,0,0,0,51,1,51,4,0,0,0,0,3f,93,51,71,0,0,0,0,0   TimeStamp  :  30523       Distance  :  337

(PORT 1) : 6a,5,0,18,21,43,65,87,0,0,0,52,1,52,4,0,0,0,0,d6,73,f3,3d,0,0,0,0,0   TimeStamp  :  30603       Distance  :  338

(PORT 1) : 6a,5,0,18,21,43,65,87,0,0,0,52,1,53,4,0,0,0,0,d4,43,b8,2f,0,0,0,0,0   TimeStamp  :  30734       Distance  :  338

(PORT 1) : 6a,5,0,18,21,43,65,87,0,4,0,52,1,54,4,0,0,0,0,c7,7c,50,f0,0,0,0,0,0   TimeStamp  :  30847       Distance  :  338

(PORT 1) : 6a,5,0,18,21,43,65,87,0,0,0,51,1,55,4,0,0,0,0,c6,de,63,d9,0,0,0,0,0   TimeStamp  :  30887       Distance  :  337

(PORT 1) : 6a,5,0,18,21,43,65,87,0,3,1,39,1,56,4,0,0,0,0,1a,ae,b4,84,0,0,0,0,0   TimeStamp  :  31011       Distance  :  313

(PORT 1) : 6a,5,0,18,21,43,65,87,0,0,0,50,1,57,4,0,0,0,0,72,db,3f,8,0,0,0,0,0   TimeStamp  :  31076       Distance  :  336

(PORT 1) : 6a,5,0,18,21,43,65,87,0,0,0,4f,1,58,4,0,0,0,0,e4,85,28,eb,0,0,0,0,0   TimeStamp  :  31204       Distance  :  335

(PORT 1) : 6a,5,0,18,21,43,65,87,0,0,0,51,1,59,4,0,0,0,0,20,ae,3d,43,0,0,0,0,0   TimeStamp  :  31303       Distance  :  337

(PORT 1) : 6a,5,0,18,21,43,65,87,0,0,0,50,1,5a,4,0,0,0,0,80,98,f5,f1,0,0,0,0,0   TimeStamp  :  31395       Distance  :  336

(PORT 1) : 6a,5,0,18,21,43,65,87,0,0,0,54,1,5b,4,0,0,0,0,73,2d,3c,ae,0,0,0,0,0   TimeStamp  :  31474       Distance  :  340

(PORT 1) : 6a,5,0,18,21,43,65,87,0,0,0,51,1,5c,4,0,0,0,0,41,d3,3c,13,0,0,0,0,0   TimeStamp  :  31570       Distance  :  337

(PORT 1) : 6a,5,0,18,21,43,65,87,0,0,0,53,1,5d,4,0,0,0,0,4f,44,66,ed,0,0,0,0,0   TimeStamp  :  31656       Distance  :  339

(PORT 1) : 6a,5,0,18,21,43,65,87,0,0,0,38,1,5e,4,0,0,0,0,b5,34,59,94,0,0,0,0,0   TimeStamp  :  31764       Distance  :  312

(PORT 1) : 6a,5,0,18,21,43,65,87,0,3,0,4e,1,5f,4,0,0,0,0,0,13,5,7d,0,0,0,0,0   TimeStamp  :  31868       Distance  :  334

(PORT 1) : 6a,5,0,18,21,43,65,87,0,0,0,4f,1,60,4,0,0,0,0,84,f0,30,a6,0,0,0,0,0   TimeStamp  :  31943       Distance  :  335

(PORT 1) : 6a,5,0,18,21,43,65,87,0,0,0,51,1,61,4,0,0,0,0,94,3,cf,d5,0,0,0,0,0   TimeStamp  :  32046       Distance  :  337

(PORT 1) : 6a,5,0,18,21,43,65,87,0,0,0,56,1,62,4,0,0,0,0,28,36,8d,76,0,0,0,0,0   TimeStamp  :  32152       Distance  :  342

(PORT 1) : 6a,5,0,18,21,43,65,87,0,0,0,52,1,63,4,0,0,0,0,4c,64,4b,bb,0,0,0,0,0   TimeStamp  :  32260       Distance  :  338

(PORT 1) : 6a,5,0,18,21,43,65,87,0,4,0,55,1,64,4,0,0,0,0,93,c5,37,76,0,0,0,0,0   TimeStamp  :  32342       Distance  :  341

(PORT 1) : 6a,5,0,18,21,43,65,87,0,0,0,38,1,65,4,0,0,0,0,a7,ff,8e,5a,0,0,0,0,0   TimeStamp  :  32465       Distance  :  312

(PORT 1) : 6a,5,0,18,21,43,65,87,0,0,0,53,1,66,4,0,0,0,0,4b,d1,27,d1,0,0,0,0,0   TimeStamp  :  32528       Distance  :  339

(PORT 1) : 6a,5,0,18,21,43,65,87,0,0,0,50,1,67,4,0,0,0,0,33,d8,c0,f,0,0,0,0,0   TimeStamp  :  32632       Distance  :  336

(PORT 1) : 6a,5,0,18,21,43,65,87,0,0,0,54,1,68,4,0,0,0,0,42,4c,c1,62,0,0,0,0,0   TimeStamp  :  32729       Distance  :  340

(PORT 1) : 6a,5,0,18,21,43,65,87,0,0,0,51,1,69,4,0,0,0,0,f7,9b,5f,90,0,0,0,0,0   TimeStamp  :  32817       Distance  :  337

(PORT 1) : 6a,5,0,18,21,43,65,87,0,0,0,52,1,6a,4,0,0,0,0,63,18,84,7d,0,0,0,0,0   TimeStamp  :  32905       Distance  :  338

(PORT 1) : 6a,5,0,18,21,43,65,87,0,0,0,50,1,6b,4,0,0,0,0,e7,1b,22,88,0,0,0,0,0   TimeStamp  :  33052       Distance  :  336

(PORT 1) : 6a,5,0,18,21,43,65,87,0,0,0,51,1,6c,4,0,0,0,0,56,c5,d4,a8,0,0,0,0,0   TimeStamp  :  33113       Distance  :  337

(PORT 1) : 6a,5,0,18,21,43,65,87,0,0,0,51,1,6d,4,0,0,0,0,a7,e3,28,d9,0,0,0,0,0   TimeStamp  :  33213       Distance  :  337

(PORT 1) : 6a,5,0,18,21,43,65,87,0,0,0,51,1,6e,4,0,0,0,0,f1,bd,3d,70,0,0,0,0,0   TimeStamp  :  33286       Distance  :  337

(PORT 1) : 6a,5,0,18,21,43,65,87,0,0,0,50,1,6f,4,0,0,0,0,2,f4,46,f2,0,0,0,0,0   TimeStamp  :  33383       Distance  :  336

(PORT 1) : 6a,5,0,18,21,43,65,87,0,0,1,3d,1,70,4,0,0,0,0,ad,a0,64,6,0,0,0,0,0   TimeStamp  :  33484       Distance  :  317

(PORT 1) : 6a,5,0,18,21,43,65,87,0,0,0,51,1,71,4,0,0,0,0,78,de,fd,55,0,0,0,0,0   TimeStamp  :  33610       Distance  :  337

(PORT 1) : 6a,5,0,18,21,43,65,87,0,0,0,51,1,72,4,0,0,0,0,bf,b,44,21,0,0,0,0,0   TimeStamp  :  33668       Distance  :  337

(PORT 1) : 6a,5,0,18,21,43,65,87,0,0,0,52,1,73,4,0,0,0,0,de,8,cb,fe,0,0,0,0,0   TimeStamp  :  33790       Distance  :  338

(PORT 1) : 6a,5,0,18,21,43,65,87,0,0,0,4f,1,74,4,0,0,0,0,57,fd,4,8a,0,0,0,0,0   TimeStamp  :  33889       Distance  :  335

(PORT 1) : 6a,5,0,18,21,43,65,87,0,0,0,52,1,75,4,0,0,0,0,4,1e,e0,e8,0,0,0,0,0   TimeStamp  :  33960       Distance  :  338

(PORT 1) : 6a,5,0,18,21,43,65,87,0,0,0,53,1,76,4,0,0,0,0,c1,27,79,f4,0,0,0,0,0   TimeStamp  :  34109       Distance  :  339

(PORT 1) : 6a,5,0,18,21,43,65,87,0,0,0,51,1,77,4,0,0,0,0,f7,a4,7f,c1,0,0,0,0,0   TimeStamp  :  34148       Distance  :  337

(PORT 1) : 6a,5,0,18,21,43,65,87,0,0,0,54,1,78,4,0,0,0,0,c9,88,67,9d,0,0,0,0,0   TimeStamp  :  34282       Distance  :  340

(PORT 1) : 6a,5,0,18,21,43,65,87,0,0,0,56,1,79,4,0,0,0,0,5a,14,2e,44,0,0,0,0,0   TimeStamp  :  34338       Distance  :  342

(PORT 1) : 6a,5,0,18,21,43,65,87,0,0,0,54,1,7a,4,0,0,0,0,d3,55,59,1,0,0,0,0,0   TimeStamp  :  34486       Distance  :  340

(PORT 1) : 6a,5,0,18,21,43,65,87,0,0,0,51,1,7b,4,0,0,0,0,98,7f,e,ff,0,0,0,0,0   TimeStamp  :  34545       Distance  :  337

(PORT 1) : 6a,5,0,18,21,43,65,87,0,0,0,51,1,7c,4,0,0,0,0,f0,f6,69,57,0,0,0,0,0   TimeStamp  :  34627       Distance  :  337

(PORT 1) : 6a,5,0,18,21,43,65,87,0,0,0,52,1,7d,4,0,0,0,0,30,25,f0,17,0,0,0,0,0   TimeStamp  :  34738       Distance  :  338

(PORT 1) : 6a,5,0,18,21,43,65,87,0,0,0,56,1,7e,4,0,0,0,0,1f,97,17,1e,0,0,0,0,0   TimeStamp  :  34862       Distance  :  342

(PORT 1) : 6a,5,0,18,21,43,65,87,0,0,0,51,1,7f,4,0,0,0,0,40,8d,66,bf,0,0,0,0,0   TimeStamp  :  34927       Distance  :  337

(PORT 1) : 6a,5,0,18,21,43,65,87,0,0,0,55,1,80,4,0,0,0,0,38,60,cb,fc,0,0,0,0,0   TimeStamp  :  35051       Distance  :  341

(PORT 1) : 6a,5,0,18,21,43,65,87,0,0,0,51,1,81,4,0,0,0,0,ad,45,b6,5d,0,0,0,0,0   TimeStamp  :  35111       Distance  :  337

(PORT 1) : 6a,5,0,18,21,43,65,87,0,0,0,50,1,82,4,0,0,0,0,f7,13,0,58,0,0,0,0,0   TimeStamp  :  35240       Distance  :  336

(PORT 1) : 6a,5,0,18,21,43,65,87,0,0,0,50,1,83,4,0,0,0,0,b7,a8,ef,d9,0,0,0,0,0   TimeStamp  :  35342       Distance  :  336

(PORT 1) : 6a,5,0,18,21,43,65,87,0,0,0,52,1,84,4,0,0,0,0,a,75,24,3a,0,0,0,0,0   TimeStamp  :  35416       Distance  :  338

(PORT 1) : 6a,5,0,18,21,43,65,87,0,0,0,52,1,85,4,0,0,0,0,4,a1,8f,a6,0,0,0,0,0   TimeStamp  :  35522       Distance  :  338

(PORT 1) : 6a,5,0,18,21,43,65,87,0,0,1,39,1,86,4,0,0,0,0,44,35,8a,f,0,0,0,0,0   TimeStamp  :  35615       Distance  :  313

(PORT 1) : 6a,5,0,18,21,43,65,87,0,0,0,52,1,87,4,0,0,0,0,98,34,ab,2d,0,0,0,0,0   TimeStamp  :  35721       Distance  :  338

(PORT 1) : 6a,5,0,18,21,43,65,87,0,0,0,50,1,88,4,0,0,0,0,4d,6c,63,de,0,0,0,0,0   TimeStamp  :  35783       Distance  :  336

(PORT 1) : 6a,5,0,18,21,43,65,87,0,0,0,51,1,89,4,0,0,0,0,8c,17,a5,69,0,0,0,0,0   TimeStamp  :  35902       Distance  :  337

(PORT 1) : 6a,5,0,18,21,43,65,87,0,0,0,53,1,8a,4,0,0,0,0,65,90,51,f6,0,0,0,0,0   TimeStamp  :  35983       Distance  :  339

(PORT 1) : 6a,5,0,18,21,43,65,87,0,0,0,51,1,8b,4,0,0,0,0,c6,e6,3d,da,0,0,0,0,0   TimeStamp  :  36110       Distance  :  337

(PORT 1) : 6a,5,0,18,21,43,65,87,0,0,0,53,1,8c,4,0,0,0,0,4f,ab,4f,69,0,0,0,0,0   TimeStamp  :  36179       Distance  :  339

(PORT 1) : 6a,5,0,18,21,43,65,87,0,0,0,51,1,8d,4,0,0,0,0,8e,12,27,b6,0,0,0,0,0   TimeStamp  :  36267       Distance  :  337

(PORT 1) : 6a,5,0,18,21,43,65,87,0,0,0,51,1,8e,4,0,0,0,0,4f,bb,7e,93,0,0,0,0,0   TimeStamp  :  36380       Distance  :  337

(PORT 1) : 6a,5,0,18,21,43,65,87,0,0,0,51,1,8f,4,0,0,0,0,0,1,fb,dd,0,0,0,0,0   TimeStamp  :  36487       Distance  :  337

(PORT 1) : 6a,5,0,18,21,43,65,87,0,0,0,52,1,90,4,0,0,0,0,19,2b,1a,68,0,0,0,0,0   TimeStamp  :  36541       Distance  :  338

(PORT 1) : 6a,5,0,18,21,43,65,87,0,0,0,52,1,91,4,0,0,0,0,a1,a,29,17,0,0,0,0,0   TimeStamp  :  36682       Distance  :  338

(PORT 1) : 6a,5,0,18,21,43,65,87,0,0,0,54,1,92,4,0,0,0,0,4f,32,b8,4a,0,0,0,0,0   TimeStamp  :  36759       Distance  :  340

(PORT 1) : 6a,5,0,18,21,43,65,87,0,0,0,53,1,93,4,0,0,0,0,d9,bf,c6,32,0,0,0,0,0   TimeStamp  :  36832       Distance  :  339

(PORT 1) : 6a,5,0,18,21,43,65,87,0,0,0,50,1,94,4,0,0,0,0,4f,e1,55,e8,0,0,0,0,0   TimeStamp  :  36988       Distance  :  336

(PORT 1) : 6a,5,0,18,21,43,65,87,0,0,0,51,1,95,4,0,0,0,0,62,7b,24,3a,0,0,0,0,0   TimeStamp  :  37045       Distance  :  337

(PORT 1) : 6a,5,0,18,21,43,65,87,0,0,0,52,1,96,4,0,0,0,0,1f,f7,31,bd,0,0,0,0,0   TimeStamp  :  37120       Distance  :  338

(PORT 1) : 6a,5,0,18,21,43,65,87,0,0,0,52,1,97,4,0,0,0,0,22,93,94,f6,0,0,0,0,0   TimeStamp  :  37221       Distance  :  338

(PORT 1) : 6a,5,0,18,21,43,65,87,0,0,0,51,1,98,4,0,0,0,0,2b,e9,7e,5,0,0,0,0,0   TimeStamp  :  37326       Distance  :  337

(PORT 1) : 6a,5,0,18,21,43,65,87,0,0,0,51,1,99,4,0,0,0,0,8b,8a,1f,c0,0,0,0,0,0   TimeStamp  :  37425       Distance  :  337

(PORT 1) : 6a,5,0,18,21,43,65,87,0,0,0,50,1,9a,4,0,0,0,0,e5,c3,5a,18,0,0,0,0,0   TimeStamp  :  37523       Distance  :  336

(PORT 1) : 6a,5,0,18,21,43,65,87,0,0,0,50,1,9b,4,0,0,0,0,a5,1a,67,cb,0,0,0,0,0   TimeStamp  :  37640       Distance  :  336

(PORT 1) : 6a,5,0,18,21,43,65,87,0,0,0,52,1,9c,4,0,0,0,0,8f,1c,3f,d2,0,0,0,0,0   TimeStamp  :  37703       Distance  :  338

(PORT 1) : 6a,5,0,18,21,43,65,87,0,0,0,51,1,9d,4,0,0,0,0,5c,d,5b,b5,0,0,0,0,0   TimeStamp  :  37829       Distance  :  337

(PORT 1) : 6a,5,0,18,21,43,65,87,0,0,0,50,1,9e,4,0,0,0,0,fe,48,f6,d3,0,0,0,0,0   TimeStamp  :  37938       Distance  :  336

(PORT 1) : 6a,5,0,18,21,43,65,87,0,0,0,51,1,9f,4,0,0,0,0,cc,a9,76,3f,0,0,0,0,0   TimeStamp  :  37981       Distance  :  337

(PORT 1) : 6a,5,0,18,21,43,65,87,0,4,0,52,1,a0,4,0,0,0,0,cf,a,a,cb,0,0,0,0,0   TimeStamp  :  38101       Distance  :  338

(PORT 1) : 6a,5,0,18,21,43,65,87,0,0,0,51,1,a1,4,0,0,0,0,cd,b1,98,9d,0,0,0,0,0   TimeStamp  :  38183       Distance  :  337

(PORT 1) : 6a,5,0,18,21,43,65,87,0,0,0,50,1,a2,4,0,0,0,0,2d,7e,58,85,0,0,0,0,0   TimeStamp  :  38288       Distance  :  336

(PORT 1) : 6a,5,0,18,21,43,65,87,0,0,0,51,1,a3,4,0,0,0,0,be,b4,40,d8,0,0,0,0,0   TimeStamp  :  38402       Distance  :  337

(PORT 1) : 6a,5,0,18,21,43,65,87,0,0,0,50,1,a4,4,0,0,0,0,31,1c,98,9f,0,0,0,0,0   TimeStamp  :  38467       Distance  :  336

(PORT 1) : 6a,5,0,18,21,43,65,87,0,0,0,51,1,a5,4,0,0,0,0,3f,d1,c8,b6,0,0,0,0,0   TimeStamp  :  38613       Distance  :  337

(PORT 1) : 6a,5,0,18,21,43,65,87,0,0,0,50,1,a6,4,0,0,0,0,f,b0,70,fb,0,0,0,0,0   TimeStamp  :  38660       Distance  :  336

(PORT 1) : 6a,5,0,18,21,43,65,87,0,0,0,55,1,a7,4,0,0,0,0,3f,ac,e3,77,0,0,0,0,0   TimeStamp  :  38814       Distance  :  341

(PORT 1) : 6a,5,0,18,21,43,65,87,0,0,0,50,1,a8,4,0,0,0,0,78,b6,b4,3c,0,0,0,0,0   TimeStamp  :  38866       Distance  :  336

(PORT 1) : 6a,5,0,18,21,43,65,87,0,0,0,52,1,a9,4,0,0,0,0,df,8c,e2,7e,0,0,0,0,0   TimeStamp  :  38964       Distance  :  338

(PORT 1) : 6a,5,0,18,21,43,65,87,0,0,0,54,1,aa,4,0,0,0,0,20,44,db,35,0,0,0,0,0   TimeStamp  :  39049       Distance  :  340

(PORT 1) : 6a,5,0,18,21,43,65,87,0,0,0,52,1,ab,4,0,0,0,0,b1,af,c4,65,0,0,0,0,0   TimeStamp  :  39147       Distance  :  338

(PORT 1) : 6a,5,0,18,21,43,65,87,0,0,0,50,1,ac,4,0,0,0,0,7f,14,9d,22,0,0,0,0,0   TimeStamp  :  39228       Distance  :  336

(PORT 1) : 6a,5,0,18,21,43,65,87,0,0,0,54,1,ad,4,0,0,0,0,40,58,5,fb,0,0,0,0,0   TimeStamp  :  39325       Distance  :  340

(PORT 1) : 6a,5,0,18,21,43,65,87,0,0,0,53,1,ae,4,0,0,0,0,c8,8a,ec,1,0,0,0,0,0   TimeStamp  :  39435       Distance  :  339

(PORT 1) : 6a,5,0,18,21,43,65,87,0,0,0,50,1,af,4,0,0,0,0,56,83,d3,3,0,0,0,0,0   TimeStamp  :  39533       Distance  :  336

(PORT 1) : 6a,5,0,18,21,43,65,87,0,0,0,51,1,b0,4,0,0,0,0,93,13,d8,54,0,0,0,0,0   TimeStamp  :  39620       Distance  :  337

(PORT 1) : 6a,5,0,18,21,43,65,87,0,3,1,3d,1,b1,4,0,0,0,0,71,52,89,d6,0,0,0,0,0   TimeStamp  :  39709       Distance  :  317

(PORT 1) : 6a,5,0,18,21,43,65,87,0,0,0,50,1,b2,4,0,0,0,0,fc,f5,b6,46,0,0,0,0,0   TimeStamp  :  39805       Distance  :  336

(PORT 1) : 6a,5,0,18,21,43,65,87,0,0,0,54,1,b3,4,0,0,0,0,d3,2c,c8,19,0,0,0,0,0   TimeStamp  :  39903       Distance  :  340

(PORT 1) : 6a,5,0,18,21,43,65,87,0,0,0,53,1,b4,4,0,0,0,0,5e,26,b1,6c,0,0,0,0,0   TimeStamp  :  39997       Distance  :  339

(PORT 1) : 6a,5,0,18,21,43,65,87,0,0,0,51,1,b5,4,0,0,0,0,ce,6c,8e,ad,0,0,0,0,0   TimeStamp  :  40100       Distance  :  337

(PORT 1) : 6a,5,0,18,21,43,65,87,0,0,0,4f,1,b6,4,0,0,0,0,75,bc,d0,12,0,0,0,0,0   TimeStamp  :  40188       Distance  :  335

(PORT 1) : 6a,5,0,18,21,43,65,87,0,0,0,50,1,b7,4,0,0,0,0,ff,9b,8b,c9,0,0,0,0,0   TimeStamp  :  40285       Distance  :  336

(PORT 1) : 6a,5,0,18,21,43,65,87,0,0,0,51,1,b8,4,0,0,0,0,b2,2c,f7,d6,0,0,0,0,0   TimeStamp  :  40380       Distance  :  337

(PORT 1) : 6a,5,0,18,21,43,65,87,0,0,0,52,1,b9,4,0,0,0,0,2f,3b,bb,8a,0,0,0,0,0   TimeStamp  :  40476       Distance  :  338

(PORT 1) : 6a,5,0,18,21,43,65,87,0,0,0,50,1,ba,4,0,0,0,0,7c,e3,32,d5,0,0,0,0,0   TimeStamp  :  40573       Distance  :  336

(PORT 1) : 6a,5,0,18,21,43,65,87,0,0,0,52,1,bb,4,0,0,0,0,c4,f3,61,61,0,0,0,0,0   TimeStamp  :  40669       Distance  :  338

(PORT 1) : 6a,5,0,18,21,43,65,87,0,0,0,52,1,bc,4,0,0,0,0,4e,20,64,88,0,0,0,0,0   TimeStamp  :  40771       Distance  :  338

(PORT 1) : 6a,5,0,18,21,43,65,87,0,0,0,53,1,bd,4,0,0,0,0,8c,c6,56,a3,0,0,0,0,0   TimeStamp  :  40861       Distance  :  339

(PORT 1) : 6a,5,0,18,21,43,65,87,0,0,0,53,1,be,4,0,0,0,0,e1,51,f,c2,0,0,0,0,0   TimeStamp  :  40963       Distance  :  339

(PORT 1) : 6a,5,0,18,21,43,65,87,0,0,0,50,1,bf,4,0,0,0,0,4a,d4,c0,fd,0,0,0,0,0   TimeStamp  :  41054       Distance  :  336

(PORT 1) : 6a,5,0,18,21,43,65,87,0,0,0,50,1,c0,4,0,0,0,0,58,dc,e,79,0,0,0,0,0   TimeStamp  :  41149       Distance  :  336

(PORT 1) : 6a,5,0,18,21,43,65,87,0,0,0,51,1,c1,4,0,0,0,0,c4,42,c8,97,0,0,0,0,0   TimeStamp  :  41244       Distance  :  337

(PORT 1) : 6a,5,0,18,21,43,65,87,0,0,0,52,1,c2,4,0,0,0,0,1d,cb,bd,3c,0,0,0,0,0   TimeStamp  :  41341       Distance  :  338

(PORT 1) : 6a,5,0,18,21,43,65,87,0,0,0,50,1,c3,4,0,0,0,0,c1,54,1a,6f,0,0,0,0,0   TimeStamp  :  41437       Distance  :  336

(PORT 1) : 6a,5,0,18,21,43,65,87,0,0,0,51,1,c4,4,0,0,0,0,ea,76,70,e2,0,0,0,0,0   TimeStamp  :  41533       Distance  :  337

(PORT 1) : 6a,5,0,18,21,43,65,87,0,0,0,52,1,c5,4,0,0,0,0,cc,98,db,6,0,0,0,0,0   TimeStamp  :  41632       Distance  :  338

(PORT 1) : 6a,5,0,18,21,43,65,87,0,0,0,50,1,c6,4,0,0,0,0,e,d4,8,9,0,0,0,0,0   TimeStamp  :  41724       Distance  :  336

(PORT 1) : 6a,5,0,18,21,43,65,87,0,0,0,51,1,c7,4,0,0,0,0,86,fc,71,4,0,0,0,0,0   TimeStamp  :  41821       Distance  :  337

(PORT 1) : 6a,5,0,18,21,43,65,87,0,0,0,52,1,c8,4,0,0,0,0,d9,26,f7,41,0,0,0,0,0   TimeStamp  :  41925       Distance  :  338

(PORT 1) : 6a,5,0,18,21,43,65,87,0,0,0,51,1,c9,4,0,0,0,0,55,65,2a,58,0,0,0,0,0   TimeStamp  :  42016       Distance  :  337

(PORT 1) : 6a,5,0,18,21,43,65,87,0,0,0,53,1,ca,4,0,0,0,0,1c,f6,6f,b8,0,0,0,0,0   TimeStamp  :  42109       Distance  :  339

(PORT 1) : 6a,5,0,18,21,43,65,87,0,0,0,51,1,cb,4,0,0,0,0,b1,a8,c7,b6,0,0,0,0,0   TimeStamp  :  42209       Distance  :  337

(PORT 1) : 6a,5,0,18,21,43,65,87,0,0,0,53,1,cc,4,0,0,0,0,68,f7,e3,7d,0,0,0,0,0   TimeStamp  :  42301       Distance  :  339

(PORT 1) : 6a,5,0,18,21,43,65,87,0,0,0,52,1,cd,4,0,0,0,0,7f,b0,9,ab,0,0,0,0,0   TimeStamp  :  42396       Distance  :  338

(PORT 1) : 6a,5,0,18,21,43,65,87,0,0,0,3a,1,ce,4,0,0,0,0,8,bd,b6,ed,0,0,0,0,0   TimeStamp  :  42499       Distance  :  314

(PORT 1) : 6a,5,0,18,21,43,65,87,0,0,0,55,1,cf,4,0,0,0,0,ba,f3,33,ed,0,0,0,0,0   TimeStamp  :  42589       Distance  :  341

(PORT 1) : 6a,5,0,18,21,43,65,87,0,0,0,50,1,d0,4,0,0,0,0,6b,b5,cd,4,0,0,0,0,0   TimeStamp  :  42689       Distance  :  336

(PORT 1) : 6a,5,0,18,21,43,65,87,0,0,1,3a,1,d1,4,0,0,0,0,5e,e8,e6,88,0,0,0,0,0   TimeStamp  :  42781       Distance  :  314

(PORT 1) : 6a,5,0,18,21,43,65,87,0,4,0,52,1,d2,4,0,0,0,0,8a,cf,f4,ff,0,0,0,0,0   TimeStamp  :  42884       Distance  :  338

(PORT 1) : 6a,5,0,18,21,43,65,87,0,0,0,50,1,d3,4,0,0,0,0,68,17,5b,2f,0,0,0,0,0   TimeStamp  :  42977       Distance  :  336

(PORT 1) : 6a,5,0,18,21,43,65,87,0,0,0,56,1,d4,4,0,0,0,0,31,63,91,cb,0,0,0,0,0   TimeStamp  :  43073       Distance  :  342

(PORT 1) : 6a,5,0,18,21,43,65,87,0,0,0,52,1,d5,4,0,0,0,0,20,97,61,2,0,0,0,0,0   TimeStamp  :  43164       Distance  :  338

(PORT 1) : 6a,5,0,18,21,43,65,87,0,0,0,51,1,d6,4,0,0,0,0,38,e,c5,6a,0,0,0,0,0   TimeStamp  :  43260       Distance  :  337

(PORT 1) : 6a,5,0,18,21,43,65,87,0,3,1,3b,1,d7,4,0,0,0,0,48,60,c5,7c,0,0,0,0,0   TimeStamp  :  43356       Distance  :  315

(PORT 1) : 6a,5,0,18,21,43,65,87,0,0,0,4f,1,d8,4,0,0,0,0,db,be,f1,ef,0,0,0,0,0   TimeStamp  :  43453       Distance  :  335

(PORT 1) : 6a,5,0,18,21,43,65,87,0,0,0,54,1,d9,4,0,0,0,0,d9,44,16,fe,0,0,0,0,0   TimeStamp  :  43554       Distance  :  340

(PORT 1) : 6a,5,0,18,21,43,65,87,0,0,0,54,1,da,4,0,0,0,0,6a,5b,ca,1f,0,0,0,0,0   TimeStamp  :  43655       Distance  :  340

(PORT 1) : 6a,5,0,18,21,43,65,87,0,0,0,52,1,db,4,0,0,0,0,a5,8b,c9,b0,0,0,0,0,0   TimeStamp  :  43748       Distance  :  338

(PORT 1) : 6a,5,0,18,21,43,65,87,0,0,0,4f,1,dc,4,0,0,0,0,fa,f2,bf,d9,0,0,0,0,0   TimeStamp  :  43850       Distance  :  335

(PORT 1) : 6a,5,0,18,21,43,65,87,0,0,0,50,1,dd,4,0,0,0,0,9a,cc,d4,e2,0,0,0,0,0   TimeStamp  :  43952       Distance  :  336

(PORT 1) : 6a,5,0,18,21,43,65,87,0,0,0,55,1,de,4,0,0,0,0,15,ce,63,14,0,0,0,0,0   TimeStamp  :  44045       Distance  :  341

(PORT 1) : 6a,5,0,18,21,43,65,87,0,0,0,52,1,df,4,0,0,0,0,7c,b4,ea,47,0,0,0,0,0   TimeStamp  :  44134       Distance  :  338

(PORT 1) : 6a,5,0,18,21,43,65,87,0,0,0,51,1,e0,4,0,0,0,0,83,8a,79,18,0,0,0,0,0   TimeStamp  :  44220       Distance  :  337

(PORT 1) : 6a,5,0,18,21,43,65,87,0,0,0,52,1,e1,4,0,0,0,0,6d,d0,8c,ef,0,0,0,0,0   TimeStamp  :  44316       Distance  :  338

(PORT 1) : 6a,5,0,18,21,43,65,87,0,0,0,50,1,e2,4,0,0,0,0,5a,6c,86,e5,0,0,0,0,0   TimeStamp  :  44412       Distance  :  336

(PORT 1) : 6a,5,0,18,21,43,65,87,0,0,0,51,1,e3,4,0,0,0,0,79,b3,a,e7,0,0,0,0,0   TimeStamp  :  44521       Distance  :  337

(PORT 1) : 6a,5,0,18,21,43,65,87,0,0,0,51,1,e4,4,0,0,0,0,f1,4b,72,7b,0,0,0,0,0   TimeStamp  :  44640       Distance  :  337

(PORT 1) : 6a,5,0,18,21,43,65,87,0,0,0,50,1,e5,4,0,0,0,0,64,64,d0,25,0,0,0,0,0   TimeStamp  :  44719       Distance  :  336

(PORT 1) : 6a,5,0,18,21,43,65,87,0,0,0,52,1,e6,4,0,0,0,0,6f,53,74,f2,0,0,0,0,0   TimeStamp  :  44808       Distance  :  338

(PORT 1) : 6a,5,0,18,21,43,65,87,0,0,0,52,1,e7,4,0,0,0,0,fc,58,91,c8,0,0,0,0,0   TimeStamp  :  44914       Distance  :  338

(PORT 1) : 6a,5,0,18,21,43,65,87,0,0,0,51,1,e8,4,0,0,0,0,91,b6,83,e5,0,0,0,0,0   TimeStamp  :  44997       Distance  :  337

(PORT 1) : 6a,5,0,18,21,43,65,87,0,0,0,51,1,e9,4,0,0,0,0,22,e6,db,dc,0,0,0,0,0   TimeStamp  :  45086       Distance  :  337

(PORT 1) : 6a,5,0,18,21,43,65,87,0,0,0,51,1,ea,4,0,0,0,0,9c,dc,a0,fe,0,0,0,0,0   TimeStamp  :  45188       Distance  :  337

(PORT 1) : 6a,5,0,18,21,43,65,87,0,0,0,53,1,eb,4,0,0,0,0,c6,78,37,11,0,0,0,0,0   TimeStamp  :  45277       Distance  :  339

(PORT 1) : 6a,5,0,18,21,43,65,87,0,0,0,51,1,ec,4,0,0,0,0,3d,7e,a4,c3,0,0,0,0,0   TimeStamp  :  45380       Distance  :  337

(PORT 1) : 6a,5,0,18,21,43,65,87,0,0,0,51,1,ed,4,0,0,0,0,cc,ee,fc,b5,0,0,0,0,0   TimeStamp  :  45482       Distance  :  337

(PORT 1) : 6a,5,0,18,21,43,65,87,0,0,0,51,1,ee,4,0,0,0,0,32,f3,89,8f,0,0,0,0,0   TimeStamp  :  45581       Distance  :  337

(PORT 1) : 6a,5,0,18,21,43,65,87,0,0,0,51,1,ef,4,0,0,0,0,a,4a,9f,9d,0,0,0,0,0   TimeStamp  :  45670       Distance  :  337

(PORT 1) : 6a,5,0,18,21,43,65,87,0,0,0,51,1,f0,4,0,0,0,0,79,15,33,7c,0,0,0,0,0   TimeStamp  :  45770       Distance  :  337

(PORT 1) : 6a,5,0,18,21,43,65,87,0,0,0,52,1,f1,4,0,0,0,0,d1,af,89,d3,0,0,0,0,0   TimeStamp  :  45872       Distance  :  338

(PORT 1) : 6a,5,0,18,21,43,65,87,0,0,0,52,1,f2,4,0,0,0,0,b2,f8,d7,44,0,0,0,0,0   TimeStamp  :  45978       Distance  :  338

(PORT 1) : 6a,5,0,18,21,43,65,87,0,0,0,50,1,f3,4,0,0,0,0,d7,5d,1,e0,0,0,0,0,0   TimeStamp  :  46070       Distance  :  336

(PORT 1) : 6a,5,0,18,21,43,65,87,0,0,0,52,1,f4,4,0,0,0,0,f7,56,c7,81,0,0,0,0,0   TimeStamp  :  46177       Distance  :  338

(PORT 1) : 6a,5,0,18,21,43,65,87,0,3,1,3a,1,f5,4,0,0,0,0,88,17,43,82,0,0,0,0,0   TimeStamp  :  46258       Distance  :  314

(PORT 1) : 6a,5,0,18,21,43,65,87,0,0,0,51,1,f6,4,0,0,0,0,3c,e3,e7,76,0,0,0,0,0   TimeStamp  :  46334       Distance  :  337

(PORT 1) : 6a,5,0,18,21,43,65,87,0,0,0,52,1,f7,4,0,0,0,0,a1,4b,ba,19,0,0,0,0,0   TimeStamp  :  46444       Distance  :  338

(PORT 1) : 6a,5,0,18,21,43,65,87,0,0,0,51,1,f8,4,0,0,0,0,c0,29,3d,34,0,0,0,0,0   TimeStamp  :  46548       Distance  :  337

(PORT 1) : 6a,5,0,18,21,43,65,87,0,0,0,50,1,f9,4,0,0,0,0,7f,17,77,a9,0,0,0,0,0   TimeStamp  :  46649       Distance  :  336

(PORT 1) : 6a,5,0,18,21,43,65,87,0,0,0,50,1,fa,4,0,0,0,0,2b,61,7d,2d,0,0,0,0,0   TimeStamp  :  46737       Distance  :  336

(PORT 1) : 6a,5,0,18,21,43,65,87,0,0,0,52,1,fb,4,0,0,0,0,67,32,a4,88,0,0,0,0,0   TimeStamp  :  46820       Distance  :  338

(PORT 1) : 6a,5,0,18,21,43,65,87,0,0,0,50,1,fc,4,0,0,0,0,f7,2c,2e,e1,0,0,0,0,0   TimeStamp  :  46921       Distance  :  336

(PORT 1) : 6a,5,0,18,21,43,65,87,0,0,0,51,1,fd,4,0,0,0,0,89,da,d1,88,0,0,0,0,0   TimeStamp  :  47012       Distance  :  337

(PORT 1) : 6a,5,0,18,21,43,65,87,0,0,0,51,1,fe,4,0,0,0,0,9,21,93,b5,0,0,0,0,0   TimeStamp  :  47107       Distance  :  337

(PORT 1) : 6a,5,0,18,21,43,65,87,0,0,0,53,1,ff,4,0,0,0,0,ee,5,2e,9f,0,0,0,0,0   TimeStamp  :  47203       Distance  :  339

(PORT 1) : 6a,5,0,18,21,43,65,87,0,0,0,53,1,0,5,0,0,0,0,db,bc,32,6a,0,0,0,0,0   TimeStamp  :  47312       Distance  :  339

(PORT 1) : 6a,5,0,18,21,43,65,87,0,0,0,56,1,1,5,0,0,0,0,69,2f,b0,f8,0,0,0,0,0   TimeStamp  :  47421       Distance  :  342

(PORT 1) : 6a,5,0,18,21,43,65,87,0,0,0,4f,1,2,5,0,0,0,0,58,8f,93,d,0,0,0,0,0   TimeStamp  :  47516       Distance  :  335

(PORT 1) : 6a,5,0,18,21,43,65,87,0,0,0,51,1,3,5,0,0,0,0,41,67,e7,57,0,0,0,0,0   TimeStamp  :  47604       Distance  :  337

(PORT 1) : 6a,5,0,18,21,43,65,87,0,3,0,50,1,4,5,0,0,0,0,d0,47,bf,aa,0,0,0,0,0   TimeStamp  :  47697       Distance  :  336

(PORT 1) : 6a,5,0,18,21,43,65,87,0,0,0,51,1,5,5,0,0,0,0,2e,6d,2e,4c,0,0,0,0,0   TimeStamp  :  47774       Distance  :  337

(PORT 1) : 6a,5,0,18,21,43,65,87,0,0,0,54,1,6,5,0,0,0,0,b6,63,56,d4,0,0,0,0,0   TimeStamp  :  47870       Distance  :  340

(PORT 1) : 6a,5,0,18,21,43,65,87,0,0,0,50,1,7,5,0,0,0,0,35,df,da,36,0,0,0,0,0   TimeStamp  :  47964       Distance  :  336

(PORT 1) : 6a,5,0,18,21,43,65,87,0,0,0,51,1,8,5,0,0,0,0,27,55,ff,3,0,0,0,0,0   TimeStamp  :  48066       Distance  :  337

(PORT 1) : 6a,5,0,18,21,43,65,87,0,0,0,50,1,9,5,0,0,0,0,aa,f8,c0,13,0,0,0,0,0   TimeStamp  :  48167       Distance  :  336

(PORT 1) : 6a,5,0,18,21,43,65,87,0,0,0,53,1,a,5,0,0,0,0,ad,75,90,d,0,0,0,0,0   TimeStamp  :  48262       Distance  :  339

(PORT 1) : 6a,5,0,18,21,43,65,87,0,0,0,55,1,b,5,0,0,0,0,fb,ce,33,a0,0,0,0,0,0   TimeStamp  :  48349       Distance  :  341

(PORT 1) : 6a,5,0,18,21,43,65,87,0,0,0,52,1,c,5,0,0,0,0,16,70,a9,e6,0,0,0,0,0   TimeStamp  :  48444       Distance  :  338

(PORT 1) : 6a,5,0,18,21,43,65,87,0,0,0,51,1,d,5,0,0,0,0,5a,1e,f7,17,0,0,0,0,0   TimeStamp  :  48545       Distance  :  337

(PORT 1) : 6a,5,0,18,21,43,65,87,0,0,0,51,1,e,5,0,0,0,0,31,a4,35,37,0,0,0,0,0   TimeStamp  :  48644       Distance  :  337

(PORT 1) : 6a,5,0,18,21,43,65,87,0,0,0,50,1,f,5,0,0,0,0,ef,75,bd,b2,0,0,0,0,0   TimeStamp  :  48744       Distance  :  336

(PORT 1) : 6a,5,0,18,21,43,65,87,0,0,1,3a,1,10,5,0,0,0,0,d3,f,77,10,0,0,0,0,0   TimeStamp  :  48837       Distance  :  314

(PORT 1) : 6a,5,0,18,21,43,65,87,0,0,0,51,1,11,5,0,0,0,0,a2,ac,c0,87,0,0,0,0,0   TimeStamp  :  48945       Distance  :  337

(PORT 1) : 6a,5,0,18,21,43,65,87,0,0,0,52,1,12,5,0,0,0,0,9c,a1,4,71,0,0,0,0,0   TimeStamp  :  49034       Distance  :  338

(PORT 1) : 6a,5,0,18,21,43,65,87,0,0,0,52,1,13,5,0,0,0,0,7f,4c,2,d,0,0,0,0,0   TimeStamp  :  49129       Distance  :  338

(PORT 1) : 6a,5,0,18,21,43,65,87,0,0,0,52,1,14,5,0,0,0,0,90,b7,a8,91,0,0,0,0,0   TimeStamp  :  49223       Distance  :  338

(PORT 1) : 6a,5,0,18,21,43,65,87,0,0,0,52,1,15,5,0,0,0,0,17,4d,ee,96,0,0,0,0,0   TimeStamp  :  49340       Distance  :  338

(PORT 1) : 6a,5,0,18,21,43,65,87,0,0,0,51,1,16,5,0,0,0,0,c1,2b,54,b2,0,0,0,0,0   TimeStamp  :  49437       Distance  :  337

(PORT 1) : 6a,5,0,18,21,43,65,87,0,0,0,50,1,17,5,0,0,0,0,9a,49,4a,94,0,0,0,0,0   TimeStamp  :  49511       Distance  :  336

(PORT 1) : 6a,5,0,18,21,43,65,87,0,0,0,52,1,18,5,0,0,0,0,af,d8,12,7b,0,0,0,0,0   TimeStamp  :  49621       Distance  :  338

(PORT 1) : 6a,5,0,18,21,43,65,87,0,0,0,50,1,19,5,0,0,0,0,96,3d,d6,fb,0,0,0,0,0   TimeStamp  :  49706       Distance  :  336

(PORT 1) : 6a,5,0,18,21,43,65,87,0,0,0,55,1,1a,5,0,0,0,0,71,f8,c7,3,0,0,0,0,0   TimeStamp  :  49811       Distance  :  341

(PORT 1) : 6a,5,0,18,21,43,65,87,0,0,0,51,1,1b,5,0,0,0,0,d5,fd,fe,14,0,0,0,0,0   TimeStamp  :  49921       Distance  :  337

(PORT 1) : 6a,5,0,18,21,43,65,87,0,0,0,54,1,1c,5,0,0,0,0,f9,32,f1,8a,0,0,0,0,0   TimeStamp  :  50019       Distance  :  340

(PORT 1) : 6a,5,0,18,21,43,65,87,0,0,0,51,1,1d,5,0,0,0,0,4,cb,4d,71,0,0,0,0,0   TimeStamp  :  50092       Distance  :  337

(PORT 1) : 6a,5,0,18,21,43,65,87,0,0,0,51,1,1e,5,0,0,0,0,fc,34,93,80,0,0,0,0,0   TimeStamp  :  50203       Distance  :  337

(PORT 1) : 6a,5,0,18,21,43,65,87,0,0,0,4f,1,1f,5,0,0,0,0,6e,1a,dd,57,0,0,0,0,0   TimeStamp  :  50285       Distance  :  335

(PORT 1) : 6a,5,0,18,21,43,65,87,0,0,0,51,1,20,5,0,0,0,0,82,36,d0,64,0,0,0,0,0   TimeStamp  :  50376       Distance  :  337

(PORT 1) : 6a,5,0,18,21,43,65,87,0,0,0,51,1,21,5,0,0,0,0,2a,71,53,1a,0,0,0,0,0   TimeStamp  :  50466       Distance  :  337

(PORT 1) : 6a,5,0,18,21,43,65,87,0,0,0,55,1,22,5,0,0,0,0,12,3c,44,bd,0,0,0,0,0   TimeStamp  :  50583       Distance  :  341

(PORT 1) : 6a,5,0,18,21,43,65,87,0,0,0,51,1,23,5,0,0,0,0,65,74,7a,40,0,0,0,0,0   TimeStamp  :  50664       Distance  :  337

(PORT 1) : 6a,5,0,18,21,43,65,87,0,0,0,51,1,24,5,0,0,0,0,8c,1a,42,fa,0,0,0,0,0   TimeStamp  :  50813       Distance  :  337

(PORT 1) : 6a,5,0,18,21,43,65,87,0,0,0,51,1,25,5,0,0,0,0,fb,a8,8e,76,0,0,0,0,0   TimeStamp  :  50853       Distance  :  337

(PORT 1) : 6a,5,0,18,21,43,65,87,0,0,0,50,1,26,5,0,0,0,0,b4,ff,af,bf,0,0,0,0,0   TimeStamp  :  50977       Distance  :  336

(PORT 1) : 6a,5,0,18,21,43,65,87,0,0,0,50,1,27,5,0,0,0,0,50,9f,2e,ca,0,0,0,0,0   TimeStamp  :  51050       Distance  :  336

(PORT 1) : 6a,5,0,18,21,43,65,87,0,0,0,51,1,28,5,0,0,0,0,f3,63,31,3,0,0,0,0,0   TimeStamp  :  51158       Distance  :  337

(PORT 1) : 6a,5,0,18,21,43,65,87,0,0,0,52,1,29,5,0,0,0,0,c2,ab,21,82,0,0,0,0,0   TimeStamp  :  51276       Distance  :  338

(PORT 1) : 6a,5,0,18,21,43,65,87,0,0,0,52,1,2a,5,0,0,0,0,c4,9f,1f,be,0,0,0,0,0   TimeStamp  :  51331       Distance  :  338

(PORT 1) : 6a,5,0,18,21,43,65,87,0,0,0,53,1,2b,5,0,0,0,0,f0,19,35,a8,0,0,0,0,0   TimeStamp  :  51420       Distance  :  339

(PORT 1) : 6a,5,0,18,21,43,65,87,0,0,1,39,1,2c,5,0,0,0,0,ea,6d,96,a7,0,0,0,0,0   TimeStamp  :  51516       Distance  :  313

(PORT 1) : 6a,5,0,18,21,43,65,87,0,0,0,56,1,2d,5,0,0,0,0,1d,99,f5,ae,0,0,0,0,0   TimeStamp  :  51612       Distance  :  342

(PORT 1) : 6a,5,0,18,21,43,65,87,0,0,0,51,1,2e,5,0,0,0,0,af,6,32,d,0,0,0,0,0   TimeStamp  :  51710       Distance  :  337

(PORT 1) : 6a,5,0,18,21,43,65,87,0,0,0,51,1,2f,5,0,0,0,0,81,53,40,5c,0,0,0,0,0   TimeStamp  :  51804       Distance  :  337

(PORT 1) : 6a,5,0,18,21,43,65,87,0,0,0,51,1,30,5,0,0,0,0,53,50,9b,8b,0,0,0,0,0   TimeStamp  :  51916       Distance  :  337

(PORT 1) : 6a,5,0,18,21,43,65,87,0,0,0,52,1,31,5,0,0,0,0,8a,c7,61,71,0,0,0,0,0   TimeStamp  :  52038       Distance  :  338

(PORT 1) : 6a,5,0,18,21,43,65,87,0,0,0,51,1,32,5,0,0,0,0,45,bd,b1,8e,0,0,0,0,0   TimeStamp  :  52101       Distance  :  337

(PORT 1) : 6a,5,0,18,21,43,65,87,0,0,0,51,1,33,5,0,0,0,0,b1,ba,c7,9d,0,0,0,0,0   TimeStamp  :  52225       Distance  :  337

(PORT 1) : 6a,5,0,18,21,43,65,87,0,0,0,51,1,34,5,0,0,0,0,ae,f8,9b,2b,0,0,0,0,0   TimeStamp  :  52288       Distance  :  337

(PORT 1) : 6a,5,0,18,21,43,65,87,0,0,0,52,1,35,5,0,0,0,0,8,5e,1f,89,0,0,0,0,0   TimeStamp  :  52380       Distance  :  338

(PORT 1) : 6a,5,0,18,21,43,65,87,0,0,0,51,1,36,5,0,0,0,0,4c,f5,f6,47,0,0,0,0,0   TimeStamp  :  52491       Distance  :  337

(PORT 1) : 6a,5,0,18,21,43,65,87,0,3,1,3b,1,37,5,0,0,0,0,88,99,c9,a0,0,0,0,0,0   TimeStamp  :  52584       Distance  :  315

(PORT 1) : 6a,5,0,18,21,43,65,87,0,0,0,51,1,38,5,0,0,0,0,80,1b,e2,2f,0,0,0,0,0   TimeStamp  :  52670       Distance  :  337

(PORT 1) : 6a,5,0,18,21,43,65,87,0,0,0,51,1,39,5,0,0,0,0,ca,c4,2d,83,0,0,0,0,0   TimeStamp  :  52765       Distance  :  337

(PORT 1) : 6a,5,0,18,21,43,65,87,0,0,0,52,1,3a,5,0,0,0,0,7c,11,6a,7f,0,0,0,0,0   TimeStamp  :  52865       Distance  :  338

(PORT 1) : 6a,5,0,18,21,43,65,87,0,0,0,51,1,3b,5,0,0,0,0,2a,68,1f,61,0,0,0,0,0   TimeStamp  :  52961       Distance  :  337

(PORT 1) : 6a,5,0,18,21,43,65,87,0,0,0,51,1,3c,5,0,0,0,0,9f,bf,61,74,0,0,0,0,0   TimeStamp  :  53073       Distance  :  337

(PORT 1) : 6a,5,0,18,21,43,65,87,0,3,1,3b,1,3d,5,0,0,0,0,ec,b2,9f,80,0,0,0,0,0   TimeStamp  :  53155       Distance  :  315

(PORT 1) : 6a,5,0,18,21,43,65,87,0,0,0,52,1,3e,5,0,0,0,0,b2,7a,cf,d6,0,0,0,0,0   TimeStamp  :  53250       Distance  :  338

(PORT 1) : 6a,5,0,18,21,43,65,87,0,0,0,51,1,3f,5,0,0,0,0,1f,76,da,9a,0,0,0,0,0   TimeStamp  :  53349       Distance  :  337

(PORT 1) : 6a,5,0,18,21,43,65,87,0,0,0,50,1,40,5,0,0,0,0,af,ff,f3,1d,0,0,0,0,0   TimeStamp  :  53445       Distance  :  336

(PORT 1) : 6a,5,0,18,21,43,65,87,0,0,0,51,1,41,5,0,0,0,0,c6,fa,2d,54,0,0,0,0,0   TimeStamp  :  53539       Distance  :  337

(PORT 1) : 6a,5,0,18,21,43,65,87,0,0,0,52,1,42,5,0,0,0,0,49,b5,a8,7c,0,0,0,0,0   TimeStamp  :  53649       Distance  :  338

(PORT 1) : 6a,5,0,18,21,43,65,87,0,0,0,52,1,43,5,0,0,0,0,e3,28,30,63,0,0,0,0,0   TimeStamp  :  53766       Distance  :  338

(PORT 1) : 6a,5,0,18,21,43,65,87,0,0,0,53,1,44,5,0,0,0,0,9d,24,af,fe,0,0,0,0,0   TimeStamp  :  53846       Distance  :  339

(PORT 1) : 6a,5,0,18,21,43,65,87,0,0,0,51,1,45,5,0,0,0,0,ed,d,8,d5,0,0,0,0,0   TimeStamp  :  53952       Distance  :  337

(PORT 1) : 6a,5,0,18,21,43,65,87,0,0,0,53,1,46,5,0,0,0,0,a1,50,db,d9,0,0,0,0,0   TimeStamp  :  54025       Distance  :  339

(PORT 1) : 6a,5,0,18,21,43,65,87,0,0,0,51,1,47,5,0,0,0,0,6d,6a,69,5f,0,0,0,0,0   TimeStamp  :  54175       Distance  :  337

(PORT 1) : 6a,5,0,18,21,43,65,87,0,0,0,52,1,48,5,0,0,0,0,94,75,33,25,0,0,0,0,0   TimeStamp  :  54225       Distance  :  338

(PORT 1) : 6a,5,0,18,21,43,65,87,0,0,0,53,1,49,5,0,0,0,0,73,80,a4,76,0,0,0,0,0   TimeStamp  :  54317       Distance  :  339

(PORT 1) : 6a,5,0,18,21,43,65,87,0,0,0,4f,1,4a,5,0,0,0,0,d2,3b,59,5f,0,0,0,0,0   TimeStamp  :  54416       Distance  :  335

(PORT 1) : 6a,5,0,18,21,43,65,87,0,4,0,50,1,4b,5,0,0,0,0,f1,5e,bc,7a,0,0,0,0,0   TimeStamp  :  54496       Distance  :  336

(PORT 1) : 6a,5,0,18,21,43,65,87,0,0,0,52,1,4c,5,0,0,0,0,13,90,8,c7,0,0,0,0,0   TimeStamp  :  54589       Distance  :  338

(PORT 1) : 6a,5,0,18,21,43,65,87,0,0,0,53,1,4d,5,0,0,0,0,f9,2b,bb,41,0,0,0,0,0   TimeStamp  :  54684       Distance  :  339

(PORT 1) : 6a,5,0,18,21,43,65,87,0,0,0,50,1,4e,5,0,0,0,0,95,38,b6,28,0,0,0,0,0   TimeStamp  :  54780       Distance  :  336

(PORT 1) : 6a,5,0,18,21,43,65,87,0,0,0,51,1,4f,5,0,0,0,0,ea,b2,59,6d,0,0,0,0,0   TimeStamp  :  54882       Distance  :  337

(PORT 1) : 6a,5,0,18,21,43,65,87,0,0,0,52,1,50,5,0,0,0,0,cf,d7,72,ae,0,0,0,0,0   TimeStamp  :  54995       Distance  :  338

(PORT 1) : 6a,5,0,18,21,43,65,87,0,0,0,51,1,51,5,0,0,0,0,d6,23,61,f2,0,0,0,0,0   TimeStamp  :  55091       Distance  :  337

(PORT 1) : 6a,5,0,18,21,43,65,87,0,0,0,50,1,52,5,0,0,0,0,6c,f5,7a,e3,0,0,0,0,0   TimeStamp  :  55170       Distance  :  336

(PORT 1) : 6a,5,0,18,21,43,65,87,0,4,0,3b,1,53,5,0,0,0,0,7d,92,f7,8,0,0,0,0,0   TimeStamp  :  55267       Distance  :  315

(PORT 1) : 6a,5,0,18,21,43,65,87,0,0,0,56,1,54,5,0,0,0,0,c9,eb,8a,63,0,0,0,0,0   TimeStamp  :  55356       Distance  :  342

(PORT 1) : 6a,5,0,18,21,43,65,87,0,0,0,52,1,55,5,0,0,0,0,cd,ff,59,7d,0,0,0,0,0   TimeStamp  :  55453       Distance  :  338

(PORT 1) : 6a,5,0,18,21,43,65,87,0,0,0,51,1,56,5,0,0,0,0,ad,2f,85,eb,0,0,0,0,0   TimeStamp  :  55558       Distance  :  337

(PORT 1) : 6a,5,0,18,21,43,65,87,0,0,0,50,1,57,5,0,0,0,0,7d,15,3f,32,0,0,0,0,0   TimeStamp  :  55653       Distance  :  336

(PORT 1) : 6a,5,0,18,21,43,65,87,0,0,0,55,1,58,5,0,0,0,0,16,31,90,23,0,0,0,0,0   TimeStamp  :  55754       Distance  :  341

(PORT 1) : 6a,5,0,18,21,43,65,87,0,0,0,52,1,59,5,0,0,0,0,b9,f5,27,6c,0,0,0,0,0   TimeStamp  :  55851       Distance  :  338

(PORT 1) : 6a,5,0,18,21,43,65,87,0,0,0,52,1,5a,5,0,0,0,0,9d,78,fd,48,0,0,0,0,0   TimeStamp  :  55942       Distance  :  338

(PORT 1) : 6a,5,0,18,21,43,65,87,0,0,0,53,1,5b,5,0,0,0,0,3,87,1a,c9,0,0,0,0,0   TimeStamp  :  56030       Distance  :  339

(PORT 1) : 6a,5,0,18,21,43,65,87,0,0,0,52,1,5c,5,0,0,0,0,4c,ed,12,46,0,0,0,0,0   TimeStamp  :  56124       Distance  :  338

(PORT 1) : 6a,5,0,18,21,43,65,87,0,0,0,50,1,5d,5,0,0,0,0,f3,8a,a1,cf,0,0,0,0,0   TimeStamp  :  56231       Distance  :  336

(PORT 1) : 6a,5,0,18,21,43,65,87,0,0,0,51,1,5e,5,0,0,0,0,b2,33,ff,ec,0,0,0,0,0   TimeStamp  :  56316       Distance  :  337

(PORT 1) : 6a,5,0,18,21,43,65,87,0,0,0,50,1,5f,5,0,0,0,0,d5,32,16,78,0,0,0,0,0   TimeStamp  :  56432       Distance  :  336

(PORT 1) : 6a,5,0,18,21,43,65,87,0,0,0,51,1,60,5,0,0,0,0,72,6,b1,9e,0,0,0,0,0   TimeStamp  :  56525       Distance  :  337

(PORT 1) : 6a,5,0,18,21,43,65,87,0,4,0,51,1,61,5,0,0,0,0,db,d1,b0,7d,0,0,0,0,0   TimeStamp  :  56628       Distance  :  337

(PORT 1) : 6a,5,0,18,21,43,65,87,0,0,0,53,1,62,5,0,0,0,0,38,27,62,28,0,0,0,0,0   TimeStamp  :  56701       Distance  :  339

(PORT 1) : 6a,5,0,18,21,43,65,87,0,0,0,51,1,63,5,0,0,0,0,2f,2,67,68,0,0,0,0,0   TimeStamp  :  56796       Distance  :  337

(PORT 1) : 6a,5,0,18,21,43,65,87,0,0,0,51,1,64,5,0,0,0,0,eb,ab,da,5c,0,0,0,0,0   TimeStamp  :  56906       Distance  :  337

(PORT 1) : 6a,5,0,18,21,43,65,87,0,0,0,52,1,65,5,0,0,0,0,da,a2,29,c4,0,0,0,0,0   TimeStamp  :  57024       Distance  :  338

(PORT 1) : 6a,5,0,18,21,43,65,87,0,0,0,51,1,66,5,0,0,0,0,46,d8,56,bb,0,0,0,0,0   TimeStamp  :  57097       Distance  :  337

(PORT 1) : 6a,5,0,18,21,43,65,87,0,0,0,50,1,67,5,0,0,0,0,20,2,56,b2,0,0,0,0,0   TimeStamp  :  57250       Distance  :  336

(PORT 1) : 6a,5,0,18,21,43,65,87,0,0,0,50,1,68,5,0,0,0,0,3a,40,41,16,0,0,0,0,0   TimeStamp  :  57295       Distance  :  336

(PORT 1) : 6a,5,0,18,21,43,65,87,0,0,0,51,1,69,5,0,0,0,0,e3,49,cd,fd,0,0,0,0,0   TimeStamp  :  57396       Distance  :  337

(PORT 1) : 6a,5,0,18,21,43,65,87,0,0,0,51,1,6a,5,0,0,0,0,67,6d,c2,34,0,0,0,0,0   TimeStamp  :  57521       Distance  :  337

(PORT 1) : 6a,5,0,18,21,43,65,87,0,0,0,51,1,6b,5,0,0,0,0,5d,93,53,12,0,0,0,0,0   TimeStamp  :  57586       Distance  :  337

(PORT 1) : 6a,5,0,18,21,43,65,87,0,0,0,56,1,6c,5,0,0,0,0,d,dd,f5,cd,0,0,0,0,0   TimeStamp  :  57676       Distance  :  342

(PORT 1) : 6a,5,0,18,21,43,65,87,0,0,0,51,1,6d,5,0,0,0,0,10,50,74,7e,0,0,0,0,0   TimeStamp  :  57769       Distance  :  337

(PORT 1) : 6a,5,0,18,21,43,65,87,0,0,0,54,1,6e,5,0,0,0,0,f7,ec,e4,67,0,0,0,0,0   TimeStamp  :  57879       Distance  :  340

(PORT 1) : 6a,5,0,18,21,43,65,87,0,0,0,4f,1,6f,5,0,0,0,0,ba,49,5b,88,0,0,0,0,0   TimeStamp  :  57956       Distance  :  335

(PORT 1) : 6a,5,0,18,21,43,65,87,0,0,0,51,1,70,5,0,0,0,0,cd,20,36,20,0,0,0,0,0   TimeStamp  :  58084       Distance  :  337

(PORT 1) : 6a,5,0,18,21,43,65,87,0,0,0,51,1,71,5,0,0,0,0,e5,b4,cd,33,0,0,0,0,0   TimeStamp  :  58149       Distance  :  337

(PORT 1) : 6a,5,0,18,21,43,65,87,0,0,0,50,1,72,5,0,0,0,0,83,6,2e,d3,0,0,0,0,0   TimeStamp  :  58241       Distance  :  336

(PORT 1) : 6a,5,0,18,21,43,65,87,0,0,0,52,1,73,5,0,0,0,0,8b,e7,be,b9,0,0,0,0,0   TimeStamp  :  58375       Distance  :  338

(PORT 1) : 6a,5,0,18,21,43,65,87,0,0,0,52,1,74,5,0,0,0,0,14,7c,fa,79,0,0,0,0,0   TimeStamp  :  58439       Distance  :  338

(PORT 1) : 6a,5,0,18,21,43,65,87,0,0,0,4f,1,75,5,0,0,0,0,a0,5e,8f,ec,0,0,0,0,0   TimeStamp  :  58529       Distance  :  335

(PORT 1) : 6a,5,0,18,21,43,65,87,0,0,1,37,1,76,5,0,0,0,0,40,5f,bc,22,0,0,0,0,0   TimeStamp  :  58620       Distance  :  311

(PORT 1) : 6a,5,0,18,21,43,65,87,0,0,0,52,1,77,5,0,0,0,0,4,d3,89,3e,0,0,0,0,0   TimeStamp  :  58728       Distance  :  338

(PORT 1) : 6a,5,0,18,21,43,65,87,0,0,0,50,1,78,5,0,0,0,0,b5,8f,ef,4d,0,0,0,0,0   TimeStamp  :  58842       Distance  :  336

(PORT 1) : 6a,5,0,18,21,43,65,87,0,0,0,50,1,79,5,0,0,0,0,f2,59,e0,e,0,0,0,0,0   TimeStamp  :  58911       Distance  :  336

(PORT 1) : 6a,5,0,18,21,43,65,87,0,0,0,50,1,7a,5,0,0,0,0,5f,49,4c,72,0,0,0,0,0   TimeStamp  :  59005       Distance  :  336

(PORT 1) : 6a,5,0,18,21,43,65,87,0,0,0,51,1,7b,5,0,0,0,0,c6,53,c7,6f,0,0,0,0,0   TimeStamp  :  59100       Distance  :  337

(PORT 1) : 6a,5,0,18,21,43,65,87,0,0,0,53,1,7c,5,0,0,0,0,75,57,61,63,0,0,0,0,0   TimeStamp  :  59211       Distance  :  339

(PORT 1) : 6a,5,0,18,21,43,65,87,0,0,0,4f,1,7d,5,0,0,0,0,26,1c,d,1,0,0,0,0,0   TimeStamp  :  59324       Distance  :  335

(PORT 1) : 6a,5,0,18,21,43,65,87,0,0,0,52,1,7e,5,0,0,0,0,15,29,a4,e6,0,0,0,0,0   TimeStamp  :  59406       Distance  :  338

(PORT 1) : 6a,5,0,18,21,43,65,87,0,0,0,51,1,7f,5,0,0,0,0,fc,e7,de,77,0,0,0,0,0   TimeStamp  :  59505       Distance  :  337

(PORT 1) : 6a,5,0,18,21,43,65,87,0,0,0,51,1,80,5,0,0,0,0,3a,ec,2c,73,0,0,0,0,0   TimeStamp  :  59594       Distance  :  337

(PORT 1) : 6a,5,0,18,21,43,65,87,0,0,0,50,1,81,5,0,0,0,0,8e,e,7a,9,0,0,0,0,0   TimeStamp  :  59689       Distance  :  336

(PORT 1) : 6a,5,0,18,21,43,65,87,0,0,0,50,1,82,5,0,0,0,0,69,34,6f,f5,0,0,0,0,0   TimeStamp  :  59794       Distance  :  336

(PORT 1) : 6a,5,0,18,21,43,65,87,0,0,0,51,1,83,5,0,0,0,0,ad,e2,46,b9,0,0,0,0,0   TimeStamp  :  59890       Distance  :  337

(PORT 1) : 6a,5,0,18,21,43,65,87,0,0,0,52,1,84,5,0,0,0,0,32,e8,5d,8f,0,0,0,0,0   TimeStamp  :  59997       Distance  :  338

(PORT 1) : 6a,5,0,18,21,43,65,87,0,0,0,51,1,85,5,0,0,0,0,20,79,3b,d3,0,0,0,0,0   TimeStamp  :  60102       Distance  :  337

(PORT 1) : 6a,5,0,18,21,43,65,87,0,0,0,55,1,86,5,0,0,0,0,3,3a,18,58,0,0,0,0,0   TimeStamp  :  60197       Distance  :  341

(PORT 1) : 6a,5,0,18,21,43,65,87,0,0,0,51,1,87,5,0,0,0,0,1e,87,4b,55,0,0,0,0,0   TimeStamp  :  60290       Distance  :  337

(PORT 1) : 6a,5,0,18,21,43,65,87,0,0,0,50,1,88,5,0,0,0,0,f,9e,70,c1,0,0,0,0,0   TimeStamp  :  60367       Distance  :  336

(PORT 1) : 6a,5,0,18,21,43,65,87,0,0,0,50,1,89,5,0,0,0,0,fd,d4,9c,ee,0,0,0,0,0   TimeStamp  :  60482       Distance  :  336

(PORT 1) : 6a,5,0,18,21,43,65,87,0,0,0,52,1,8a,5,0,0,0,0,70,6c,53,f9,0,0,0,0,0   TimeStamp  :  60598       Distance  :  338

(PORT 1) : 6a,5,0,18,21,43,65,87,0,0,0,51,1,8b,5,0,0,0,0,f4,48,a6,c8,0,0,0,0,0   TimeStamp  :  60655       Distance  :  337

(PORT 1) : 6a,5,0,18,21,43,65,87,0,0,0,51,1,8c,5,0,0,0,0,6b,6c,99,30,0,0,0,0,0   TimeStamp  :  60741       Distance  :  337

(PORT 1) : 6a,5,0,18,21,43,65,87,0,0,0,51,1,8d,5,0,0,0,0,a7,17,79,6b,0,0,0,0,0   TimeStamp  :  60849       Distance  :  337

(PORT 1) : 6a,5,0,18,21,43,65,87,0,0,0,50,1,8e,5,0,0,0,0,2d,c5,39,f0,0,0,0,0,0   TimeStamp  :  60927       Distance  :  336

(PORT 1) : 6a,5,0,18,21,43,65,87,0,0,0,52,1,8f,5,0,0,0,0,92,13,17,65,0,0,0,0,0   TimeStamp  :  61027       Distance  :  338

(PORT 1) : 6a,5,0,18,21,43,65,87,0,0,0,52,1,90,5,0,0,0,0,8e,bb,b1,5e,0,0,0,0,0   TimeStamp  :  61130       Distance  :  338

(PORT 1) : 6a,5,0,18,21,43,65,87,0,0,0,53,1,91,5,0,0,0,0,82,5f,31,df,0,0,0,0,0   TimeStamp  :  61226       Distance  :  339

(PORT 1) : 6a,5,0,18,21,43,65,87,0,0,0,52,1,92,5,0,0,0,0,3c,4c,7c,5,0,0,0,0,0   TimeStamp  :  61328       Distance  :  338

(PORT 1) : 6a,5,0,18,21,43,65,87,0,0,0,52,1,93,5,0,0,0,0,70,e7,63,a7,0,0,0,0,0   TimeStamp  :  61415       Distance  :  338

(PORT 1) : 6a,5,0,18,21,43,65,87,0,0,0,53,1,94,5,0,0,0,0,3,52,44,84,0,0,0,0,0   TimeStamp  :  61501       Distance  :  339

(PORT 1) : 6a,5,0,18,21,43,65,87,0,0,0,50,1,95,5,0,0,0,0,78,e9,d,30,0,0,0,0,0   TimeStamp  :  61606       Distance  :  336

(PORT 1) : 6a,5,0,18,21,43,65,87,0,0,0,51,1,96,5,0,0,0,0,5c,89,21,91,0,0,0,0,0   TimeStamp  :  61705       Distance  :  337

(PORT 1) : 6a,5,0,18,21,43,65,87,0,0,0,51,1,97,5,0,0,0,0,d5,d9,aa,a3,0,0,0,0,0   TimeStamp  :  61811       Distance  :  337

(PORT 1) : 6a,5,0,18,21,43,65,87,0,0,0,53,1,98,5,0,0,0,0,47,ef,54,62,0,0,0,0,0   TimeStamp  :  61922       Distance  :  339

(PORT 1) : 6a,5,0,18,21,43,65,87,0,0,0,52,1,99,5,0,0,0,0,58,59,52,f1,0,0,0,0,0   TimeStamp  :  61989       Distance  :  338

(PORT 1) : 6a,5,0,18,21,43,65,87,0,0,0,53,1,9a,5,0,0,0,0,3a,1,8c,65,0,0,0,0,0   TimeStamp  :  62123       Distance  :  339

(PORT 1) : 6a,5,0,18,21,43,65,87,0,0,0,51,1,9b,5,0,0,0,0,14,2a,1,2a,0,0,0,0,0   TimeStamp  :  62183       Distance  :  337

(PORT 1) : 6a,5,0,18,21,43,65,87,0,0,0,52,1,9c,5,0,0,0,0,11,56,3e,2b,0,0,0,0,0   TimeStamp  :  62314       Distance  :  338

(PORT 1) : 6a,5,0,18,21,43,65,87,0,0,0,54,1,9d,5,0,0,0,0,d6,fd,87,8d,0,0,0,0,0   TimeStamp  :  62373       Distance  :  340

(PORT 1) : 6a,5,0,18,21,43,65,87,0,0,0,38,1,9e,5,0,0,0,0,14,52,ae,79,0,0,0,0,0   TimeStamp  :  62491       Distance  :  312

(PORT 1) : 6a,5,0,18,21,43,65,87,0,0,0,51,1,9f,5,0,0,0,0,e2,8e,a6,13,0,0,0,0,0   TimeStamp  :  62587       Distance  :  337

(PORT 1) : 6a,5,0,18,21,43,65,87,0,0,0,55,1,a0,5,0,0,0,0,b9,d2,6e,61,0,0,0,0,0   TimeStamp  :  62700       Distance  :  341

(PORT 1) : 6a,5,0,18,21,43,65,87,0,0,0,51,1,a1,5,0,0,0,0,11,e2,ca,66,0,0,0,0,0   TimeStamp  :  62761       Distance  :  337

(PORT 1) : 6a,5,0,18,21,43,65,87,0,0,0,51,1,a2,5,0,0,0,0,e7,2a,e4,12,0,0,0,0,0   TimeStamp  :  62886       Distance  :  337

(PORT 1) : 6a,5,0,18,21,43,65,87,0,0,0,38,1,a3,5,0,0,0,0,bd,1b,77,65,0,0,0,0,0   TimeStamp  :  62964       Distance  :  312

(PORT 1) : 6a,5,0,18,21,43,65,87,0,0,0,52,1,a4,5,0,0,0,0,ef,ea,cd,ce,0,0,0,0,0   TimeStamp  :  63083       Distance  :  338

(PORT 1) : 6a,5,0,18,21,43,65,87,0,0,0,4f,1,a5,5,0,0,0,0,8f,2b,3d,95,0,0,0,0,0   TimeStamp  :  63156       Distance  :  335

(PORT 1) : 6a,5,0,18,21,43,65,87,0,0,0,50,1,a6,5,0,0,0,0,b0,d2,bd,b9,0,0,0,0,0   TimeStamp  :  63246       Distance  :  336

(PORT 1) : 6a,5,0,18,21,43,65,87,0,4,0,51,1,a7,5,0,0,0,0,4,27,1a,1f,0,0,0,0,0   TimeStamp  :  63334       Distance  :  337

(PORT 1) : 6a,5,0,18,21,43,65,87,0,4,0,53,1,a8,5,0,0,0,0,0,3b,6d,3d,0,0,0,0,0   TimeStamp  :  63472       Distance  :  339

(PORT 1) : 6a,5,0,18,21,43,65,87,0,0,0,51,1,a9,5,0,0,0,0,f1,19,98,8c,0,0,0,0,0   TimeStamp  :  63562       Distance  :  337

(PORT 1) : 6a,5,0,18,21,43,65,87,0,0,0,53,1,aa,5,0,0,0,0,b7,ec,77,8,0,0,0,0,0   TimeStamp  :  63648       Distance  :  339

(PORT 1) : 6a,5,0,18,21,43,65,87,0,0,0,51,1,ab,5,0,0,0,0,97,e8,6e,fc,0,0,0,0,0   TimeStamp  :  63750       Distance  :  337

(PORT 1) : 6a,5,0,18,21,43,65,87,0,0,0,51,1,ac,5,0,0,0,0,51,d5,81,f2,0,0,0,0,0   TimeStamp  :  63855       Distance  :  337

(PORT 1) : 6a,5,0,18,21,43,65,87,0,0,0,52,1,ad,5,0,0,0,0,32,84,1e,ca,0,0,0,0,0   TimeStamp  :  63939       Distance  :  338

(PORT 1) : 6a,5,0,18,21,43,65,87,0,0,0,50,1,ae,5,0,0,0,0,45,f1,56,da,0,0,0,0,0   TimeStamp  :  64032       Distance  :  336

(PORT 1) : 6a,5,0,18,21,43,65,87,0,0,0,53,1,af,5,0,0,0,0,8,ea,cb,a1,0,0,0,0,0   TimeStamp  :  64130       Distance  :  339

(PORT 1) : 6a,5,0,18,21,43,65,87,0,3,0,51,1,b0,5,0,0,0,0,52,65,48,c7,0,0,0,0,0   TimeStamp  :  64205       Distance  :  337

(PORT 1) : 6a,5,0,18,21,43,65,87,0,0,0,53,1,b1,5,0,0,0,0,d,12,c4,0,0,0,0,0,0   TimeStamp  :  64313       Distance  :  339

(PORT 1) : 6a,5,0,18,21,43,65,87,0,0,0,52,1,b2,5,0,0,0,0,ef,96,35,5a,0,0,0,0,0   TimeStamp  :  64396       Distance  :  338

(PORT 1) : 6a,5,0,18,21,43,65,87,0,0,0,51,1,b3,5,0,0,0,0,29,a2,49,e8,0,0,0,0,0   TimeStamp  :  64517       Distance  :  337

(PORT 1) : 6a,5,0,18,21,43,65,87,0,0,0,51,1,b4,5,0,0,0,0,f2,f7,f5,22,0,0,0,0,0   TimeStamp  :  64579       Distance  :  337

(PORT 1) : 6a,5,0,18,21,43,65,87,0,0,0,52,1,b5,5,0,0,0,0,10,54,a9,45,0,0,0,0,0   TimeStamp  :  64680       Distance  :  338

(PORT 1) : 6a,5,0,18,21,43,65,87,0,0,0,55,1,b6,5,0,0,0,0,28,77,db,70,0,0,0,0,0   TimeStamp  :  64812       Distance  :  341

(PORT 1) : 6a,5,0,18,21,43,65,87,0,0,0,50,1,b7,5,0,0,0,0,69,3b,b0,c3,0,0,0,0,0   TimeStamp  :  64870       Distance  :  336

(PORT 1) : 6a,5,0,18,21,43,65,87,0,0,0,51,1,b8,5,0,0,0,0,ab,d9,c7,ff,0,0,0,0,0   TimeStamp  :  64993       Distance  :  337

(PORT 1) : 6a,5,0,18,21,43,65,87,0,0,0,51,1,b9,5,0,0,0,0,d1,73,26,af,0,0,0,0,0   TimeStamp  :  65056       Distance  :  337

(PORT 1) : 6a,5,0,18,21,43,65,87,0,0,0,51,1,ba,5,0,0,0,0,3c,d4,c5,a,0,0,0,0,0   TimeStamp  :  65148       Distance  :  337

(PORT 1) : 6a,5,0,18,21,43,65,87,0,0,0,51,1,bb,5,0,0,0,0,e8,57,e2,30,0,0,0,0,0   TimeStamp  :  65244       Distance  :  337

(PORT 1) : 6a,5,0,18,21,43,65,87,0,0,0,51,1,bc,5,0,0,0,0,49,c7,a2,f1,0,0,0,0,0   TimeStamp  :  65340       Distance  :  337

(PORT 1) : 6a,5,0,18,21,43,65,87,0,0,0,50,1,bd,5,0,0,0,0,80,73,d,b1,0,0,0,0,0   TimeStamp  :  65438       Distance  :  336

(PORT 1) : 6a,5,0,18,21,43,65,87,0,0,0,50,1,be,5,0,0,0,0,18,12,3b,4a,0,0,0,0,0   TimeStamp  :  65548       Distance  :  336

(PORT 1) : 6a,5,0,18,21,43,65,87,0,0,0,51,1,bf,5,0,0,0,0,40,94,7e,7e,0,0,0,0,0   TimeStamp  :  65649       Distance  :  337

(PORT 1) : 6a,5,0,18,21,43,65,87,0,0,0,50,1,c0,5,0,0,0,0,b1,ce,7b,90,0,0,0,0,0   TimeStamp  :  65768       Distance  :  336

(PORT 1) : 6a,5,0,18,21,43,65,87,0,0,0,52,1,c1,5,0,0,0,0,11,db,d0,a6,0,0,0,0,0   TimeStamp  :  65827       Distance  :  338

(PORT 1) : 6a,5,0,18,21,43,65,87,0,0,0,4f,1,c2,5,0,0,0,0,25,f8,ab,11,0,0,0,0,0   TimeStamp  :  65958       Distance  :  335

(PORT 1) : 6a,5,0,18,21,43,65,87,0,5,0,3b,1,c3,5,0,0,0,0,6e,87,18,4c,0,0,0,0,0   TimeStamp  :  66017       Distance  :  315

(PORT 1) : 6a,5,0,18,21,43,65,87,0,0,0,51,1,c4,5,0,0,0,0,79,62,10,51,0,0,0,0,0   TimeStamp  :  66107       Distance  :  337

(PORT 1) : 6a,5,0,18,21,43,65,87,0,0,0,51,1,c5,5,0,0,0,0,b5,69,67,3c,0,0,0,0,0   TimeStamp  :  66206       Distance  :  337

(PORT 1) : 6a,5,0,18,21,43,65,87,0,0,0,53,1,c6,5,0,0,0,0,8b,8d,85,12,0,0,0,0,0   TimeStamp  :  66337       Distance  :  339

(PORT 1) : 6a,5,0,18,21,43,65,87,0,0,0,54,1,c7,5,0,0,0,0,40,25,2b,3d,0,0,0,0,0   TimeStamp  :  66404       Distance  :  340

(PORT 1) : 6a,5,0,18,21,43,65,87,0,0,0,50,1,c8,5,0,0,0,0,79,bb,73,c1,0,0,0,0,0   TimeStamp  :  66536       Distance  :  336

(PORT 1) : 6a,5,0,18,21,43,65,87,0,0,0,50,1,c9,5,0,0,0,0,68,4e,5e,e9,0,0,0,0,0   TimeStamp  :  66595       Distance  :  336

(PORT 1) : 6a,5,0,18,21,43,65,87,0,0,0,51,1,ca,5,0,0,0,0,d1,16,3b,3b,0,0,0,0,0   TimeStamp  :  66687       Distance  :  337

(PORT 1) : 6a,5,0,18,21,43,65,87,0,0,0,51,1,cb,5,0,0,0,0,db,f5,6c,78,0,0,0,0,0   TimeStamp  :  66789       Distance  :  337

(PORT 1) : 6a,5,0,18,21,43,65,87,0,0,0,51,1,cc,5,0,0,0,0,4a,52,6a,c4,0,0,0,0,0   TimeStamp  :  66896       Distance  :  337

(PORT 1) : 6a,5,0,18,21,43,65,87,0,0,0,52,1,cd,5,0,0,0,0,d3,93,53,c6,0,0,0,0,0   TimeStamp  :  67009       Distance  :  338

(PORT 1) : 6a,5,0,18,21,43,65,87,0,0,0,53,1,ce,5,0,0,0,0,cb,af,32,4f,0,0,0,0,0   TimeStamp  :  67073       Distance  :  339

(PORT 1) : 6a,5,0,18,21,43,65,87,0,0,0,50,1,cf,5,0,0,0,0,d6,6d,a5,4,0,0,0,0,0   TimeStamp  :  67209       Distance  :  336

(PORT 1) : 6a,5,0,18,21,43,65,87,0,0,0,50,1,d0,5,0,0,0,0,70,80,e8,3,0,0,0,0,0   TimeStamp  :  67269       Distance  :  336

(PORT 1) : 6a,5,0,18,21,43,65,87,0,0,0,51,1,d1,5,0,0,0,0,ce,49,e2,1,0,0,0,0,0   TimeStamp  :  67365       Distance  :  337

(PORT 1) : 6a,5,0,18,21,43,65,87,0,0,0,51,1,d2,5,0,0,0,0,53,b2,9c,2c,0,0,0,0,0   TimeStamp  :  67465       Distance  :  337

(PORT 1) : 6a,5,0,18,21,43,65,87,0,0,0,52,1,d3,5,0,0,0,0,78,b9,29,e3,0,0,0,0,0   TimeStamp  :  67562       Distance  :  338

(PORT 1) : 6a,5,0,18,21,43,65,87,0,0,0,51,1,d4,5,0,0,0,0,37,10,82,40,0,0,0,0,0   TimeStamp  :  67681       Distance  :  337

(PORT 1) : 6a,5,0,18,21,43,65,87,0,0,0,51,1,d5,5,0,0,0,0,2a,ab,cb,3,0,0,0,0,0   TimeStamp  :  67753       Distance  :  337

(PORT 1) : 6a,5,0,18,21,43,65,87,0,0,0,52,1,d6,5,0,0,0,0,4a,18,b6,ac,0,0,0,0,0   TimeStamp  :  67852       Distance  :  338

(PORT 1) : 6a,5,0,18,21,43,65,87,0,0,0,51,1,d7,5,0,0,0,0,8,88,15,46,0,0,0,0,0   TimeStamp  :  67959       Distance  :  337

(PORT 1) : 6a,5,0,18,21,43,65,87,0,0,0,51,1,d8,5,0,0,0,0,bf,87,a9,16,0,0,0,0,0   TimeStamp  :  68071       Distance  :  337

(PORT 1) : 6a,5,0,18,21,43,65,87,0,0,0,52,1,d9,5,0,0,0,0,3e,51,18,9,0,0,0,0,0   TimeStamp  :  68127       Distance  :  338

(PORT 1) : 6a,5,0,18,21,43,65,87,0,0,0,52,1,da,5,0,0,0,0,b0,41,cd,6d,0,0,0,0,0   TimeStamp  :  68259       Distance  :  338

(PORT 1) : 6a,5,0,18,21,43,65,87,0,0,0,52,1,db,5,0,0,0,0,eb,29,ed,90,0,0,0,0,0   TimeStamp  :  68337       Distance  :  338

(PORT 1) : 6a,5,0,18,21,43,65,87,0,0,0,50,1,dc,5,0,0,0,0,2e,2,32,63,0,0,0,0,0   TimeStamp  :  68425       Distance  :  336

(PORT 1) : 6a,5,0,18,21,43,65,87,0,0,0,51,1,dd,5,0,0,0,0,9f,8a,5e,31,0,0,0,0,0   TimeStamp  :  68533       Distance  :  337

(PORT 1) : 6a,5,0,18,21,43,65,87,0,0,0,4f,1,de,5,0,0,0,0,fc,3c,f5,c1,0,0,0,0,0   TimeStamp  :  68642       Distance  :  335

(PORT 1) : 6a,5,0,18,21,43,65,87,0,0,0,52,1,df,5,0,0,0,0,d1,60,81,9d,0,0,0,0,0   TimeStamp  :  68757       Distance  :  338

(PORT 1) : 6a,5,0,18,21,43,65,87,0,0,0,50,1,e0,5,0,0,0,0,1a,d3,ab,96,0,0,0,0,0   TimeStamp  :  68825       Distance  :  336

(PORT 1) : 6a,5,0,18,21,43,65,87,0,0,0,51,1,e1,5,0,0,0,0,41,f1,73,69,0,0,0,0,0   TimeStamp  :  68922       Distance  :  337

(PORT 1) : 6a,5,0,18,21,43,65,87,0,3,0,50,1,e2,5,0,0,0,0,d6,d5,67,7f,0,0,0,0,0   TimeStamp  :  69010       Distance  :  336

(PORT 1) : 6a,5,0,18,21,43,65,87,0,0,0,51,1,e3,5,0,0,0,0,d7,f7,af,ff,0,0,0,0,0   TimeStamp  :  69108       Distance  :  337

(PORT 1) : 6a,5,0,18,21,43,65,87,0,0,0,55,1,e4,5,0,0,0,0,19,3f,53,f4,0,0,0,0,0   TimeStamp  :  69218       Distance  :  341

(PORT 1) : 6a,5,0,18,21,43,65,87,0,0,0,53,1,e5,5,0,0,0,0,f4,8f,15,dc,0,0,0,0,0   TimeStamp  :  69311       Distance  :  339

(PORT 1) : 6a,5,0,18,21,43,65,87,0,0,0,50,1,e6,5,0,0,0,0,c4,3d,f1,b6,0,0,0,0,0   TimeStamp  :  69382       Distance  :  336

(PORT 1) : 6a,5,0,18,21,43,65,87,0,0,0,52,1,e7,5,0,0,0,0,ac,1e,78,bb,0,0,0,0,0   TimeStamp  :  69515       Distance  :  338

(PORT 1) : 6a,5,0,18,21,43,65,87,0,0,0,50,1,e8,5,0,0,0,0,8e,a9,9,75,0,0,0,0,0   TimeStamp  :  69586       Distance  :  336

(PORT 1) : 6a,5,0,18,21,43,65,87,0,0,0,51,1,e9,5,0,0,0,0,ac,cf,61,21,0,0,0,0,0   TimeStamp  :  69675       Distance  :  337

(PORT 1) : 6a,5,0,18,21,43,65,87,0,0,0,50,1,ea,5,0,0,0,0,a1,e3,da,d2,0,0,0,0,0   TimeStamp  :  69773       Distance  :  336

(PORT 1) : 6a,5,0,18,21,43,65,87,0,4,0,39,1,eb,5,0,0,0,0,88,a5,4d,ce,0,0,0,0,0   TimeStamp  :  69893       Distance  :  313

(PORT 1) : 6a,5,0,18,21,43,65,87,0,0,0,52,1,ec,5,0,0,0,0,f,e1,4f,a7,0,0,0,0,0   TimeStamp  :  70010       Distance  :  338

(PORT 1) : 6a,5,0,18,21,43,65,87,0,0,0,50,1,ed,5,0,0,0,0,72,bd,26,f1,0,0,0,0,0   TimeStamp  :  70077       Distance  :  336

(PORT 1) : 6a,5,0,18,21,43,65,87,0,0,0,51,1,ee,5,0,0,0,0,3b,b6,2e,c3,0,0,0,0,0   TimeStamp  :  70191       Distance  :  337

(PORT 1) : 6a,5,0,18,21,43,65,87,0,0,0,51,1,ef,5,0,0,0,0,20,e7,7c,e3,0,0,0,0,0   TimeStamp  :  70277       Distance  :  337

(PORT 1) : 6a,5,0,18,21,43,65,87,0,0,0,50,1,f0,5,0,0,0,0,46,ec,34,45,0,0,0,0,0   TimeStamp  :  70394       Distance  :  336

(PORT 1) : 6a,5,0,18,21,43,65,87,0,0,0,4f,1,f1,5,0,0,0,0,e1,74,f3,5,0,0,0,0,0   TimeStamp  :  70431       Distance  :  335

(PORT 1) : 6a,5,0,18,21,43,65,87,0,0,0,52,1,f2,5,0,0,0,0,bd,34,9c,da,0,0,0,0,0   TimeStamp  :  70550       Distance  :  338

(PORT 1) : 6a,5,0,18,21,43,65,87,0,0,0,51,1,f3,5,0,0,0,0,4f,a,f,8c,0,0,0,0,0   TimeStamp  :  70663       Distance  :  337

(PORT 1) : 6a,5,0,18,21,43,65,87,0,0,0,51,1,f4,5,0,0,0,0,17,54,22,54,0,0,0,0,0   TimeStamp  :  70843       Distance  :  337

(PORT 1) : 6a,5,0,18,21,43,65,87,0,0,0,51,1,f5,5,0,0,0,0,c3,be,8d,1c,0,0,0,0,0   TimeStamp  :  70927       Distance  :  337

(PORT 1) : 6a,5,0,18,21,43,65,87,0,0,0,51,1,f6,5,0,0,0,0,31,34,8a,bc,0,0,0,0,0   TimeStamp  :  71002       Distance  :  337

(PORT 1) : 6a,5,0,18,21,43,65,87,0,0,0,52,1,f7,5,0,0,0,0,48,da,11,8c,0,0,0,0,0   TimeStamp  :  71064       Distance  :  338

(PORT 1) : 6a,5,0,18,21,43,65,87,0,0,0,52,1,f8,5,0,0,0,0,e5,a3,4c,59,0,0,0,0,0   TimeStamp  :  71132       Distance  :  338

(PORT 1) : 6a,5,0,18,21,43,65,87,0,0,0,52,1,f9,5,0,0,0,0,d7,fe,b2,f6,0,0,0,0,0   TimeStamp  :  71235       Distance  :  338

(PORT 1) : 6a,5,0,18,21,43,65,87,0,0,0,53,1,fa,5,0,0,0,0,46,1d,19,2e,0,0,0,0,0   TimeStamp  :  71338       Distance  :  339

(PORT 1) : 6a,5,0,18,21,43,65,87,0,0,0,4f,1,fb,5,0,0,0,0,1,16,ff,c2,0,0,0,0,0   TimeStamp  :  71410       Distance  :  335

(PORT 1) : 6a,5,0,18,21,43,65,87,0,0,0,51,1,fc,5,0,0,0,0,a5,4c,fe,7b,0,0,0,0,0   TimeStamp  :  71537       Distance  :  337

(PORT 1) : 6a,5,0,18,21,43,65,87,0,0,0,51,1,fd,5,0,0,0,0,3e,12,c6,a2,0,0,0,0,0   TimeStamp  :  71597       Distance  :  337

(PORT 1) : 6a,5,0,18,21,43,65,87,0,0,0,51,1,fe,5,0,0,0,0,ee,a6,47,26,0,0,0,0,0   TimeStamp  :  71707       Distance  :  337

(PORT 1) : 6a,5,0,18,21,43,65,87,0,0,0,51,1,ff,5,0,0,0,0,61,c3,e1,63,0,0,0,0,0   TimeStamp  :  71799       Distance  :  337

(PORT 1) : 6a,5,0,18,21,43,65,87,0,0,0,51,1,0,6,0,0,0,0,43,c7,11,b,0,0,0,0,0   TimeStamp  :  71900       Distance  :  337

