
(PORT 1) : 6a,5,0,18,34,12,0,0,0,0,0,5e,0,34,2,0,0,0,0,a7,d5,5d,6,0,0,0,0,0   TimeStamp  :  123242       Distance  :  38

(PORT 1) : 6a,5,0,18,34,12,0,0,0,0,0,5e,0,35,2,0,0,0,0,b8,cb,67,ee,0,0,0,0,0   TimeStamp  :  123530       Distance  :  38

(PORT 1) : 6a,5,0,18,34,12,0,0,0,0,0,5d,0,36,2,0,0,0,0,48,9,89,d4,0,0,0,0,0   TimeStamp  :  123818       Distance  :  37

(PORT 1) : 6a,5,0,18,34,12,0,0,0,0,0,5d,0,37,2,0,0,0,0,7d,85,ad,de,0,0,0,0,0   TimeStamp  :  124106       Distance  :  37

(PORT 1) : 6a,5,0,18,34,12,0,0,0,0,0,5d,0,38,2,0,0,0,0,cc,52,94,73,0,0,0,0,0   TimeStamp  :  124397       Distance  :  37

(PORT 1) : 6a,5,0,18,34,12,0,0,0,0,0,60,0,39,2,0,0,0,0,54,79,d1,35,0,0,0,0,0   TimeStamp  :  124682       Distance  :  40

(PORT 1) : 6a,5,0,18,34,12,0,0,0,0,0,5d,0,3a,2,0,0,0,0,be,94,15,6a,0,0,0,0,0   TimeStamp  :  274       Distance  :  37

(PORT 1) : 6a,5,0,18,34,12,0,0,0,0,0,5e,0,3b,2,0,0,0,0,ce,f5,4e,ae,0,0,0,0,0   TimeStamp  :  561       Distance  :  38

(PORT 1) : 6a,5,0,18,34,12,0,0,0,0,0,5c,0,3c,2,0,0,0,0,48,40,13,18,0,0,0,0,0   TimeStamp  :  850       Distance  :  36

(PORT 1) : 6a,5,0,18,34,12,0,0,0,0,0,62,0,3d,2,0,0,0,0,1c,80,94,79,0,0,0,0,0   TimeStamp  :  1137       Distance  :  42

(PORT 1) : 6a,5,0,18,34,12,0,0,0,0,0,5d,0,3e,2,0,0,0,0,62,a7,51,e6,0,0,0,0,0   TimeStamp  :  1426       Distance  :  37

(PORT 1) : 6a,5,0,18,34,12,0,0,0,0,0,60,0,3f,2,0,0,0,0,b1,92,1e,40,0,0,0,0,0   TimeStamp  :  1713       Distance  :  40

(PORT 1) : 6a,5,0,18,34,12,0,0,0,0,0,5c,0,40,2,0,0,0,0,cb,7a,29,4a,0,0,0,0,0   TimeStamp  :  2002       Distance  :  36

(PORT 1) : 6a,5,0,18,34,12,0,0,0,0,0,5e,0,41,2,0,0,0,0,25,1e,2b,cd,0,0,0,0,0   TimeStamp  :  2290       Distance  :  38

(PORT 1) : 6a,5,0,18,34,12,0,0,0,0,0,5f,0,42,2,0,0,0,0,6f,1a,12,65,0,0,0,0,0   TimeStamp  :  2578       Distance  :  39

(PORT 1) : 6a,5,0,18,34,12,0,0,0,0,0,5d,0,43,2,0,0,0,0,9b,87,7f,ec,0,0,0,0,0   TimeStamp  :  2867       Distance  :  37

(PORT 1) : 6a,5,0,18,34,12,0,0,0,0,0,5d,0,44,2,0,0,0,0,4e,cb,c4,67,0,0,0,0,0   TimeStamp  :  3154       Distance  :  37

(PORT 1) : 6a,5,0,18,34,12,0,0,0,0,0,5e,0,45,2,0,0,0,0,f4,65,29,26,0,0,0,0,0   TimeStamp  :  3442       Distance  :  38

(PORT 1) : 6a,5,0,18,34,12,0,0,0,0,0,5d,0,46,2,0,0,0,0,e0,d0,0,78,0,0,0,0,0   TimeStamp  :  3730       Distance  :  37

(PORT 1) : 6a,5,0,18,34,12,0,0,0,0,0,5d,0,47,2,0,0,0,0,f6,58,88,e6,0,0,0,0,0   TimeStamp  :  4018       Distance  :  37

(PORT 1) : 6a,5,0,18,34,12,0,0,0,0,0,5f,0,48,2,0,0,0,0,a7,ae,b5,b1,0,0,0,0,0   TimeStamp  :  4305       Distance  :  39

(PORT 1) : 6a,5,0,18,34,12,0,0,0,0,0,5e,0,49,2,0,0,0,0,2f,33,2b,fe,0,0,0,0,0   TimeStamp  :  4593       Distance  :  38

(PORT 1) : 6a,5,0,18,34,12,0,0,0,0,0,5f,0,4a,2,0,0,0,0,e,df,38,70,0,0,0,0,0   TimeStamp  :  4884       Distance  :  39

(PORT 1) : 6a,5,0,18,34,12,0,0,0,0,0,5e,0,4b,2,0,0,0,0,3f,6a,32,c6,0,0,0,0,0   TimeStamp  :  5170       Distance  :  38

(PORT 1) : 6a,5,0,18,34,12,0,0,0,0,0,5f,0,4c,2,0,0,0,0,e8,7e,8a,bc,0,0,0,0,0   TimeStamp  :  5458       Distance  :  39

(PORT 1) : 6a,5,0,18,34,12,0,0,0,0,0,63,0,4d,2,0,0,0,0,b0,ce,ad,0,0,0,0,0,0   TimeStamp  :  5745       Distance  :  43

(PORT 1) : 6a,5,0,18,34,12,0,0,0,0,0,5e,0,4e,2,0,0,0,0,1d,da,b6,28,0,0,0,0,0   TimeStamp  :  6034       Distance  :  38

(PORT 1) : 6a,5,0,18,34,12,0,0,0,0,0,5c,0,4f,2,0,0,0,0,64,cb,42,6e,0,0,0,0,0   TimeStamp  :  6322       Distance  :  36

(PORT 1) : 6a,5,0,18,34,12,0,0,0,0,0,5e,0,50,2,0,0,0,0,af,e0,82,b0,0,0,0,0,0   TimeStamp  :  6609       Distance  :  38

(PORT 1) : 6a,5,0,18,34,12,0,0,0,0,0,5c,0,51,2,0,0,0,0,70,6,44,57,0,0,0,0,0   TimeStamp  :  6900       Distance  :  36

(PORT 1) : 6a,5,0,18,34,12,0,0,0,0,0,5f,0,52,2,0,0,0,0,d3,b7,33,1f,0,0,0,0,0   TimeStamp  :  7185       Distance  :  39

(PORT 1) : 6a,5,0,18,34,12,0,0,0,0,0,5e,0,53,2,0,0,0,0,80,31,cf,7d,0,0,0,0,0   TimeStamp  :  7473       Distance  :  38

(PORT 1) : 6a,5,0,18,34,12,0,0,0,0,0,5d,0,54,2,0,0,0,0,10,9a,92,f,0,0,0,0,0   TimeStamp  :  7761       Distance  :  37

(PORT 1) : 6a,5,0,18,34,12,0,0,0,0,0,5d,0,55,2,0,0,0,0,a9,d8,93,ae,0,0,0,0,0   TimeStamp  :  8051       Distance  :  37

(PORT 1) : 6a,5,0,18,34,12,0,0,0,0,0,5e,0,56,2,0,0,0,0,c8,1,cc,fc,0,0,0,0,0   TimeStamp  :  8337       Distance  :  38

(PORT 1) : 6a,5,0,18,34,12,0,0,0,0,0,5d,0,57,2,0,0,0,0,84,31,cf,4f,0,0,0,0,0   TimeStamp  :  8625       Distance  :  37

(PORT 1) : 6a,5,0,18,34,12,0,0,0,0,0,5e,0,58,2,0,0,0,0,92,56,95,4e,0,0,0,0,0   TimeStamp  :  8913       Distance  :  38

(PORT 1) : 6a,5,0,18,34,12,0,0,0,0,0,61,0,59,2,0,0,0,0,60,50,ed,d6,0,0,0,0,0   TimeStamp  :  9201       Distance  :  41

(PORT 1) : 6a,5,0,18,34,12,0,0,0,0,0,5e,0,5a,2,0,0,0,0,d6,57,42,f1,0,0,0,0,0   TimeStamp  :  9489       Distance  :  38

(PORT 1) : 6a,5,0,18,34,12,0,0,0,0,0,5f,0,5b,2,0,0,0,0,1b,e5,c9,25,0,0,0,0,0   TimeStamp  :  9777       Distance  :  39

(PORT 1) : 6a,5,0,18,34,12,0,0,0,0,0,5e,0,5c,2,0,0,0,0,fe,2a,d4,68,0,0,0,0,0   TimeStamp  :  10066       Distance  :  38

(PORT 1) : 6a,5,0,18,34,12,0,0,0,0,0,5e,0,5d,2,0,0,0,0,23,ee,eb,76,0,0,0,0,0   TimeStamp  :  10352       Distance  :  38

(PORT 1) : 6a,5,0,18,34,12,0,0,0,0,0,60,0,5e,2,0,0,0,0,58,81,38,b7,0,0,0,0,0   TimeStamp  :  10641       Distance  :  40

(PORT 1) : 6a,5,0,18,34,12,0,0,0,0,0,5e,0,5f,2,0,0,0,0,0,4d,5d,12,0,0,0,0,0   TimeStamp  :  10930       Distance  :  38

(PORT 1) : 6a,5,0,18,34,12,0,0,0,0,0,62,0,60,2,0,0,0,0,e5,c3,52,20,0,0,0,0,0   TimeStamp  :  11218       Distance  :  42

(PORT 1) : 6a,5,0,18,34,12,0,0,0,0,0,5e,0,61,2,0,0,0,0,e4,87,c4,59,0,0,0,0,0   TimeStamp  :  11506       Distance  :  38

(PORT 1) : 6a,5,0,18,34,12,0,0,0,0,0,5b,0,62,2,0,0,0,0,d3,59,36,d,0,0,0,0,0   TimeStamp  :  11794       Distance  :  35

(PORT 1) : 6a,5,0,18,34,12,0,0,0,0,0,5e,0,63,2,0,0,0,0,7d,c,80,87,0,0,0,0,0   TimeStamp  :  12082       Distance  :  38

(PORT 1) : 6a,5,0,18,34,12,0,0,0,0,0,5d,0,64,2,0,0,0,0,ab,10,ca,b5,0,0,0,0,0   TimeStamp  :  12370       Distance  :  37

(PORT 1) : 6a,5,0,18,34,12,0,0,0,0,0,61,0,65,2,0,0,0,0,5d,22,20,b1,0,0,0,0,0   TimeStamp  :  12658       Distance  :  41

(PORT 1) : 6a,5,0,18,34,12,0,0,0,0,0,61,0,66,2,0,0,0,0,6d,54,4c,6a,0,0,0,0,0   TimeStamp  :  12946       Distance  :  41

(PORT 1) : 6a,5,0,18,34,12,0,0,0,0,0,5c,0,67,2,0,0,0,0,18,71,e6,38,0,0,0,0,0   TimeStamp  :  13233       Distance  :  36

(PORT 1) : 6a,5,0,18,34,12,0,0,0,0,0,5c,0,68,2,0,0,0,0,64,63,e9,4b,0,0,0,0,0   TimeStamp  :  13522       Distance  :  36

(PORT 1) : 6a,5,0,18,34,12,0,0,0,0,0,5e,0,69,2,0,0,0,0,c6,d,3d,fe,0,0,0,0,0   TimeStamp  :  13810       Distance  :  38

(PORT 1) : 6a,5,0,18,34,12,0,0,0,0,0,60,0,6a,2,0,0,0,0,92,37,20,6c,0,0,0,0,0   TimeStamp  :  14098       Distance  :  40

(PORT 1) : 6a,5,0,18,34,12,0,0,0,0,0,5c,0,6b,2,0,0,0,0,e2,ff,7b,84,0,0,0,0,0   TimeStamp  :  14386       Distance  :  36

(PORT 1) : 6a,5,0,18,34,12,0,0,0,0,0,5e,0,6c,2,0,0,0,0,fd,3c,ff,31,0,0,0,0,0   TimeStamp  :  14674       Distance  :  38

(PORT 1) : 6a,5,0,18,34,12,0,0,0,0,0,5f,0,6d,2,0,0,0,0,95,4e,e8,5e,0,0,0,0,0   TimeStamp  :  14961       Distance  :  39

(PORT 1) : 6a,5,0,18,34,12,0,0,0,0,0,5e,0,6e,2,0,0,0,0,a9,f0,de,9,0,0,0,0,0   TimeStamp  :  15250       Distance  :  38

(PORT 1) : 6a,5,0,18,34,12,0,0,0,0,0,61,0,6f,2,0,0,0,0,b3,75,8b,33,0,0,0,0,0   TimeStamp  :  15537       Distance  :  41

(PORT 1) : 6a,5,0,18,34,12,0,0,0,0,0,5e,0,70,2,0,0,0,0,a8,6b,1,c3,0,0,0,0,0   TimeStamp  :  15825       Distance  :  38

(PORT 1) : 6a,5,0,18,34,12,0,0,0,0,0,5e,0,71,2,0,0,0,0,f9,53,8,ff,0,0,0,0,0   TimeStamp  :  16114       Distance  :  38

(PORT 1) : 6a,5,0,18,34,12,0,0,0,0,0,5c,0,72,2,0,0,0,0,f5,6a,f1,6a,0,0,0,0,0   TimeStamp  :  16401       Distance  :  36

(PORT 1) : 6a,5,0,18,34,12,0,0,0,0,0,5e,0,73,2,0,0,0,0,32,54,6f,64,0,0,0,0,0   TimeStamp  :  16690       Distance  :  38

(PORT 1) : 6a,5,0,18,34,12,0,0,0,0,0,5e,0,74,2,0,0,0,0,aa,66,96,fc,0,0,0,0,0   TimeStamp  :  16977       Distance  :  38

(PORT 1) : 6a,5,0,18,34,12,0,0,0,0,0,5f,0,75,2,0,0,0,0,fa,40,4a,2,0,0,0,0,0   TimeStamp  :  17265       Distance  :  39

(PORT 1) : 6a,5,0,18,34,12,0,0,0,0,0,60,0,76,2,0,0,0,0,11,aa,cc,5f,0,0,0,0,0   TimeStamp  :  17554       Distance  :  40

(PORT 1) : 6a,5,0,18,34,12,0,0,0,0,0,5b,0,77,2,0,0,0,0,81,5a,7,d0,0,0,0,0,0   TimeStamp  :  17842       Distance  :  35

(PORT 1) : 6a,5,0,18,34,12,0,0,0,0,0,60,0,78,2,0,0,0,0,8a,9b,49,4a,0,0,0,0,0   TimeStamp  :  18129       Distance  :  40

(PORT 1) : 6a,5,0,18,34,12,0,0,0,0,0,60,0,79,2,0,0,0,0,32,1a,b8,b3,0,0,0,0,0   TimeStamp  :  18416       Distance  :  40

(PORT 1) : 6a,5,0,18,34,12,0,0,0,0,0,62,0,7a,2,0,0,0,0,e2,6d,6a,98,0,0,0,0,0   TimeStamp  :  18704       Distance  :  42

(PORT 1) : 6a,5,0,18,34,12,0,0,0,0,0,5e,0,7b,2,0,0,0,0,f9,bc,53,5c,0,0,0,0,0   TimeStamp  :  18993       Distance  :  38

(PORT 1) : 6a,5,0,18,34,12,0,0,0,0,0,5f,0,7c,2,0,0,0,0,ed,55,a1,49,0,0,0,0,0   TimeStamp  :  19280       Distance  :  39

(PORT 1) : 6a,5,0,18,34,12,0,0,0,0,0,5e,0,7d,2,0,0,0,0,76,79,e7,b5,0,0,0,0,0   TimeStamp  :  19568       Distance  :  38

(PORT 1) : 6a,5,0,18,34,12,0,0,0,0,0,60,0,7e,2,0,0,0,0,b,1,55,f0,0,0,0,0,0   TimeStamp  :  19857       Distance  :  40

(PORT 1) : 6a,5,0,18,34,12,0,0,0,0,0,5c,0,7f,2,0,0,0,0,7b,1c,7c,65,0,0,0,0,0   TimeStamp  :  20145       Distance  :  36

(PORT 1) : 6a,5,0,18,34,12,0,0,0,0,0,5d,0,80,2,0,0,0,0,f0,75,28,41,0,0,0,0,0   TimeStamp  :  20433       Distance  :  37

(PORT 1) : 6a,5,0,18,34,12,0,0,0,0,0,5e,0,81,2,0,0,0,0,ea,79,c6,66,0,0,0,0,0   TimeStamp  :  20722       Distance  :  38

(PORT 1) : 6a,5,0,18,34,12,0,0,0,0,0,5f,0,82,2,0,0,0,0,9f,62,81,f8,0,0,0,0,0   TimeStamp  :  21009       Distance  :  39

(PORT 1) : 6a,5,0,18,34,12,0,0,0,0,0,5d,0,83,2,0,0,0,0,da,9,a0,c5,0,0,0,0,0   TimeStamp  :  21296       Distance  :  37

(PORT 1) : 6a,5,0,18,34,12,0,0,0,0,0,5e,0,84,2,0,0,0,0,44,aa,49,71,0,0,0,0,0   TimeStamp  :  21584       Distance  :  38

(PORT 1) : 6a,5,0,18,34,12,0,0,0,0,0,5e,0,85,2,0,0,0,0,ae,4d,74,1e,0,0,0,0,0   TimeStamp  :  21873       Distance  :  38

(PORT 1) : 6a,5,0,18,34,12,0,0,0,0,0,60,0,86,2,0,0,0,0,7,f6,c3,a5,0,0,0,0,0   TimeStamp  :  22160       Distance  :  40

(PORT 1) : 6a,5,0,18,34,12,0,0,0,0,0,64,0,87,2,0,0,0,0,e9,e6,e,a2,0,0,0,0,0   TimeStamp  :  22448       Distance  :  44

(PORT 1) : 6a,5,0,18,34,12,0,0,0,0,0,5f,0,88,2,0,0,0,0,29,3a,6f,30,0,0,0,0,0   TimeStamp  :  22737       Distance  :  39

(PORT 1) : 6a,5,0,18,34,12,0,0,0,0,0,5e,0,89,2,0,0,0,0,b4,4c,74,ae,0,0,0,0,0   TimeStamp  :  23026       Distance  :  38

(PORT 1) : 6a,5,0,18,34,12,0,0,0,0,0,5d,0,8a,2,0,0,0,0,68,a6,7d,4a,0,0,0,0,0   TimeStamp  :  23312       Distance  :  37

(PORT 1) : 6a,5,0,18,34,12,0,0,0,0,0,5c,0,8b,2,0,0,0,0,4c,66,4b,e0,0,0,0,0,0   TimeStamp  :  23601       Distance  :  36

(PORT 1) : 6a,5,0,18,34,12,0,0,0,0,0,5c,0,8c,2,0,0,0,0,92,dc,fb,9f,0,0,0,0,0   TimeStamp  :  23889       Distance  :  36

(PORT 1) : 6a,5,0,18,34,12,0,0,0,0,0,5e,0,8d,2,0,0,0,0,8c,fc,cd,34,0,0,0,0,0   TimeStamp  :  24177       Distance  :  38

(PORT 1) : 6a,5,0,18,34,12,0,0,0,0,0,5d,0,8e,2,0,0,0,0,4e,8d,1f,2,0,0,0,0,0   TimeStamp  :  24465       Distance  :  37

(PORT 1) : 6a,5,0,18,34,12,0,0,0,0,0,5f,0,8f,2,0,0,0,0,94,aa,be,38,0,0,0,0,0   TimeStamp  :  24753       Distance  :  39

(PORT 1) : 6a,5,0,18,34,12,0,0,0,0,0,5d,0,90,2,0,0,0,0,a8,73,93,61,0,0,0,0,0   TimeStamp  :  25041       Distance  :  37

(PORT 1) : 6a,5,0,18,34,12,0,0,0,0,0,5c,0,91,2,0,0,0,0,34,52,4e,e8,0,0,0,0,0   TimeStamp  :  25329       Distance  :  36

(PORT 1) : 6a,5,0,18,34,12,0,0,0,0,0,5d,0,92,2,0,0,0,0,9b,3,72,1b,0,0,0,0,0   TimeStamp  :  25617       Distance  :  37

(PORT 1) : 6a,5,0,18,34,12,0,0,0,0,0,5b,0,93,2,0,0,0,0,72,d6,e6,e8,0,0,0,0,0   TimeStamp  :  25905       Distance  :  35

(PORT 1) : 6a,5,0,18,34,12,0,0,0,0,0,5e,0,94,2,0,0,0,0,42,91,de,4c,0,0,0,0,0   TimeStamp  :  26193       Distance  :  38

(PORT 1) : 6a,5,0,18,34,12,0,0,0,0,0,5f,0,95,2,0,0,0,0,af,80,c9,99,0,0,0,0,0   TimeStamp  :  26481       Distance  :  39

(PORT 1) : 6a,5,0,18,34,12,0,0,0,0,0,5e,0,96,2,0,0,0,0,d1,e1,51,ef,0,0,0,0,0   TimeStamp  :  26769       Distance  :  38

(PORT 1) : 6a,5,0,18,34,12,0,0,0,0,0,5b,0,97,2,0,0,0,0,66,51,70,63,0,0,0,0,0   TimeStamp  :  27057       Distance  :  35

(PORT 1) : 6a,5,0,18,34,12,0,0,0,0,0,5e,0,98,2,0,0,0,0,35,61,e,46,0,0,0,0,0   TimeStamp  :  27345       Distance  :  38

(PORT 1) : 6a,5,0,18,34,12,0,0,0,0,0,5f,0,99,2,0,0,0,0,59,e0,8a,2,0,0,0,0,0   TimeStamp  :  27633       Distance  :  39

(PORT 1) : 6a,5,0,18,34,12,0,0,0,0,0,5e,0,9a,2,0,0,0,0,1a,a4,f9,be,0,0,0,0,0   TimeStamp  :  27920       Distance  :  38

(PORT 1) : 6a,5,0,18,34,12,0,0,0,0,0,5e,0,9b,2,0,0,0,0,a9,fe,e6,e3,0,0,0,0,0   TimeStamp  :  28208       Distance  :  38

(PORT 1) : 6a,5,0,18,34,12,0,0,0,0,0,5d,0,9c,2,0,0,0,0,7a,52,44,5c,0,0,0,0,0   TimeStamp  :  28497       Distance  :  37

(PORT 1) : 6a,5,0,18,34,12,0,0,0,0,0,5c,0,9d,2,0,0,0,0,b4,c6,ee,67,0,0,0,0,0   TimeStamp  :  28785       Distance  :  36

(PORT 1) : 6a,5,0,18,34,12,0,0,0,0,0,5e,0,9e,2,0,0,0,0,d0,17,6e,78,0,0,0,0,0   TimeStamp  :  29073       Distance  :  38

(PORT 1) : 6a,5,0,18,34,12,0,0,0,0,0,5d,0,9f,2,0,0,0,0,c3,e2,64,44,0,0,0,0,0   TimeStamp  :  29361       Distance  :  37

(PORT 1) : 6a,5,0,18,34,12,0,0,0,0,0,5e,0,a0,2,0,0,0,0,7c,ef,1,3a,0,0,0,0,0   TimeStamp  :  29649       Distance  :  38

(PORT 1) : 6a,5,0,18,34,12,0,0,0,0,0,5e,0,a1,2,0,0,0,0,5a,33,8d,35,0,0,0,0,0   TimeStamp  :  29937       Distance  :  38

(PORT 1) : 6a,5,0,18,34,12,0,0,0,0,0,5c,0,a2,2,0,0,0,0,dc,aa,9f,84,0,0,0,0,0   TimeStamp  :  30225       Distance  :  36

(PORT 1) : 6a,5,0,18,34,12,0,0,0,0,0,5d,0,a3,2,0,0,0,0,1a,f0,32,84,0,0,0,0,0   TimeStamp  :  30512       Distance  :  37

(PORT 1) : 6a,5,0,18,34,12,0,0,0,0,0,5e,0,a4,2,0,0,0,0,62,a2,ea,4d,0,0,0,0,0   TimeStamp  :  30801       Distance  :  38

(PORT 1) : 6a,5,0,18,34,12,0,0,0,0,0,5f,0,a5,2,0,0,0,0,24,34,fd,9e,0,0,0,0,0   TimeStamp  :  31088       Distance  :  39

(PORT 1) : 6a,5,0,18,34,12,0,0,0,0,0,5c,0,a6,2,0,0,0,0,bd,ba,cb,35,0,0,0,0,0   TimeStamp  :  31377       Distance  :  36

(PORT 1) : 6a,5,0,18,34,12,0,0,0,0,0,62,0,a7,2,0,0,0,0,92,2,2d,eb,0,0,0,0,0   TimeStamp  :  31664       Distance  :  42

(PORT 1) : 6a,5,0,18,34,12,0,0,0,0,0,5e,0,a8,2,0,0,0,0,81,89,69,e1,0,0,0,0,0   TimeStamp  :  31953       Distance  :  38

(PORT 1) : 6a,5,0,18,34,12,0,0,0,0,0,5f,0,a9,2,0,0,0,0,9b,d5,7e,6c,0,0,0,0,0   TimeStamp  :  32240       Distance  :  39

(PORT 1) : 6a,5,0,18,34,12,0,0,0,0,0,5e,0,aa,2,0,0,0,0,19,8c,c5,e4,0,0,0,0,0   TimeStamp  :  32529       Distance  :  38

(PORT 1) : 6a,5,0,18,34,12,0,0,0,0,0,5d,0,ab,2,0,0,0,0,3b,e0,25,cc,0,0,0,0,0   TimeStamp  :  32817       Distance  :  37

(PORT 1) : 6a,5,0,18,34,12,0,0,0,0,0,5e,0,ac,2,0,0,0,0,72,90,a9,4b,0,0,0,0,0   TimeStamp  :  33105       Distance  :  38

(PORT 1) : 6a,5,0,18,34,12,0,0,0,0,0,5d,0,ad,2,0,0,0,0,49,1e,65,5b,0,0,0,0,0   TimeStamp  :  33393       Distance  :  37

(PORT 1) : 6a,5,0,18,34,12,0,0,0,0,0,60,0,ae,2,0,0,0,0,3a,6,9e,b7,0,0,0,0,0   TimeStamp  :  33681       Distance  :  40

(PORT 1) : 6a,5,0,18,34,12,0,0,0,0,0,62,0,af,2,0,0,0,0,85,f8,db,95,0,0,0,0,0   TimeStamp  :  33969       Distance  :  42

(PORT 1) : 6a,5,0,18,34,12,0,0,0,0,0,5d,0,b0,2,0,0,0,0,69,22,e0,72,0,0,0,0,0   TimeStamp  :  34257       Distance  :  37

(PORT 1) : 6a,5,0,18,34,12,0,0,0,0,0,5d,0,b1,2,0,0,0,0,fb,19,d9,37,0,0,0,0,0   TimeStamp  :  34544       Distance  :  37

(PORT 1) : 6a,5,0,18,34,12,0,0,0,0,0,5f,0,b2,2,0,0,0,0,f9,8c,d3,59,0,0,0,0,0   TimeStamp  :  34833       Distance  :  39

(PORT 1) : 6a,5,0,18,34,12,0,0,0,0,0,62,0,b3,2,0,0,0,0,81,cf,42,93,0,0,0,0,0   TimeStamp  :  35120       Distance  :  42

(PORT 1) : 6a,5,0,18,34,12,0,0,0,0,0,63,0,b4,2,0,0,0,0,1,a6,e7,30,0,0,0,0,0   TimeStamp  :  35409       Distance  :  43

(PORT 1) : 6a,5,0,18,34,12,0,0,0,0,0,5d,0,b5,2,0,0,0,0,b8,d7,53,2,0,0,0,0,0   TimeStamp  :  35697       Distance  :  37

(PORT 1) : 6a,5,0,18,34,12,0,0,0,0,0,5d,0,b6,2,0,0,0,0,64,f0,aa,30,0,0,0,0,0   TimeStamp  :  35985       Distance  :  37

(PORT 1) : 6a,5,0,18,34,12,0,0,0,0,0,5f,0,b7,2,0,0,0,0,38,9c,42,e1,0,0,0,0,0   TimeStamp  :  36272       Distance  :  39

(PORT 1) : 6a,5,0,18,34,12,0,0,0,0,0,5c,0,b8,2,0,0,0,0,70,62,8b,33,0,0,0,0,0   TimeStamp  :  36560       Distance  :  36

(PORT 1) : 6a,5,0,18,34,12,0,0,0,0,0,62,0,b9,2,0,0,0,0,69,ad,49,62,0,0,0,0,0   TimeStamp  :  36849       Distance  :  42

(PORT 1) : 6a,5,0,18,34,12,0,0,0,0,0,5e,0,ba,2,0,0,0,0,49,39,af,db,0,0,0,0,0   TimeStamp  :  37136       Distance  :  38

(PORT 1) : 6a,5,0,18,34,12,0,0,0,0,0,5c,0,bb,2,0,0,0,0,f3,64,cf,10,0,0,0,0,0   TimeStamp  :  37425       Distance  :  36

(PORT 1) : 6a,5,0,18,34,12,0,0,0,0,0,5d,0,bc,2,0,0,0,0,af,26,25,a6,0,0,0,0,0   TimeStamp  :  37712       Distance  :  37

(PORT 1) : 6a,5,0,18,34,12,0,0,0,0,0,5f,0,bd,2,0,0,0,0,3f,bb,2,69,0,0,0,0,0   TimeStamp  :  38001       Distance  :  39

(PORT 1) : 6a,5,0,18,34,12,0,0,0,0,0,5e,0,be,2,0,0,0,0,41,11,4,66,0,0,0,0,0   TimeStamp  :  38288       Distance  :  38

(PORT 1) : 6a,5,0,18,34,12,0,0,0,0,0,5b,0,bf,2,0,0,0,0,b,e0,13,46,0,0,0,0,0   TimeStamp  :  38577       Distance  :  35

(PORT 1) : 6a,5,0,18,34,12,0,0,0,0,0,5f,0,c0,2,0,0,0,0,98,2,91,34,0,0,0,0,0   TimeStamp  :  38864       Distance  :  39

(PORT 1) : 6a,5,0,18,34,12,0,0,0,0,0,61,0,c1,2,0,0,0,0,88,5b,2d,ec,0,0,0,0,0   TimeStamp  :  39152       Distance  :  41

(PORT 1) : 6a,5,0,18,34,12,0,0,0,0,0,5c,0,c2,2,0,0,0,0,e4,68,e5,ee,0,0,0,0,0   TimeStamp  :  39440       Distance  :  36

(PORT 1) : 6a,5,0,18,34,12,0,0,0,0,0,5d,0,c3,2,0,0,0,0,9c,70,2a,b,0,0,0,0,0   TimeStamp  :  39728       Distance  :  37

(PORT 1) : 6a,5,0,18,34,12,0,0,0,0,0,5e,0,c4,2,0,0,0,0,c2,a,b1,65,0,0,0,0,0   TimeStamp  :  40016       Distance  :  38

(PORT 1) : 6a,5,0,18,34,12,0,0,0,0,0,5e,0,c5,2,0,0,0,0,f5,33,20,6f,0,0,0,0,0   TimeStamp  :  40305       Distance  :  38

(PORT 1) : 6a,5,0,18,34,12,0,0,0,0,0,5b,0,c6,2,0,0,0,0,d1,85,4f,a0,0,0,0,0,0   TimeStamp  :  40592       Distance  :  35

(PORT 1) : 6a,5,0,18,34,12,0,0,0,0,0,5e,0,c7,2,0,0,0,0,70,3e,4a,f9,0,0,0,0,0   TimeStamp  :  40880       Distance  :  38

(PORT 1) : 6a,5,0,18,34,12,0,0,0,0,0,60,0,c8,2,0,0,0,0,4b,1,44,f0,0,0,0,0,0   TimeStamp  :  41168       Distance  :  40

(PORT 1) : 6a,5,0,18,34,12,0,0,0,0,0,5c,0,c9,2,0,0,0,0,e4,5a,6d,b2,0,0,0,0,0   TimeStamp  :  41456       Distance  :  36

(PORT 1) : 6a,5,0,18,34,12,0,0,0,0,0,5e,0,ca,2,0,0,0,0,f4,66,5,b3,0,0,0,0,0   TimeStamp  :  41744       Distance  :  38

(PORT 1) : 6a,5,0,18,34,12,0,0,0,0,0,60,0,cb,2,0,0,0,0,49,1b,8c,f1,0,0,0,0,0   TimeStamp  :  42033       Distance  :  40

(PORT 1) : 6a,5,0,18,34,12,0,0,0,0,0,5e,0,cc,2,0,0,0,0,cd,d7,84,62,0,0,0,0,0   TimeStamp  :  42319       Distance  :  38

(PORT 1) : 6a,5,0,18,34,12,0,0,0,0,0,62,0,cd,2,0,0,0,0,89,a0,a0,6a,0,0,0,0,0   TimeStamp  :  42608       Distance  :  42

(PORT 1) : 6a,5,0,18,34,12,0,0,0,0,0,62,0,ce,2,0,0,0,0,43,d3,41,a9,0,0,0,0,0   TimeStamp  :  42896       Distance  :  42

(PORT 1) : 6a,5,0,18,34,12,0,0,0,0,0,5e,0,cf,2,0,0,0,0,b0,33,4a,8a,0,0,0,0,0   TimeStamp  :  43184       Distance  :  38

(PORT 1) : 6a,5,0,18,34,12,0,0,0,0,0,5e,0,d0,2,0,0,0,0,cb,ed,27,9,0,0,0,0,0   TimeStamp  :  43472       Distance  :  38

(PORT 1) : 6a,5,0,18,34,12,0,0,0,0,0,62,0,d1,2,0,0,0,0,47,a,20,12,0,0,0,0,0   TimeStamp  :  43760       Distance  :  42

(PORT 1) : 6a,5,0,18,34,12,0,0,0,0,0,5f,0,d2,2,0,0,0,0,58,b7,9c,fe,0,0,0,0,0   TimeStamp  :  44048       Distance  :  39

(PORT 1) : 6a,5,0,18,34,12,0,0,0,0,0,5f,0,d3,2,0,0,0,0,8c,cc,df,a4,0,0,0,0,0   TimeStamp  :  44336       Distance  :  39

(PORT 1) : 6a,5,0,18,34,12,0,0,0,0,0,5e,0,d4,2,0,0,0,0,49,3d,14,6f,0,0,0,0,0   TimeStamp  :  44624       Distance  :  38

(PORT 1) : 6a,5,0,18,34,12,0,0,0,0,0,60,0,d5,2,0,0,0,0,9b,af,f2,54,0,0,0,0,0   TimeStamp  :  44912       Distance  :  40

(PORT 1) : 6a,5,0,18,34,12,0,0,0,0,0,5b,0,d6,2,0,0,0,0,8c,b8,6f,2b,0,0,0,0,0   TimeStamp  :  45200       Distance  :  35

(PORT 1) : 6a,5,0,18,34,12,0,0,0,0,0,5d,0,d7,2,0,0,0,0,ad,b8,b8,d6,0,0,0,0,0   TimeStamp  :  45488       Distance  :  37

(PORT 1) : 6a,5,0,18,34,12,0,0,0,0,0,5b,0,d8,2,0,0,0,0,8c,5d,10,9d,0,0,0,0,0   TimeStamp  :  45776       Distance  :  35

(PORT 1) : 6a,5,0,18,34,12,0,0,0,0,0,5d,0,d9,2,0,0,0,0,f8,66,f1,3b,0,0,0,0,0   TimeStamp  :  46064       Distance  :  37

(PORT 1) : 6a,5,0,18,34,12,0,0,0,0,0,5e,0,da,2,0,0,0,0,90,a8,a7,d6,0,0,0,0,0   TimeStamp  :  46352       Distance  :  38

(PORT 1) : 6a,5,0,18,34,12,0,0,0,0,0,5e,0,db,2,0,0,0,0,48,95,58,86,0,0,0,0,0   TimeStamp  :  46640       Distance  :  38

(PORT 1) : 6a,5,0,18,34,12,0,0,0,0,0,5e,0,dc,2,0,0,0,0,6,bd,a1,85,0,0,0,0,0   TimeStamp  :  46928       Distance  :  38

(PORT 1) : 6a,5,0,18,34,12,0,0,0,0,0,5d,0,dd,2,0,0,0,0,aa,d,b3,80,0,0,0,0,0   TimeStamp  :  47215       Distance  :  37

(PORT 1) : 6a,5,0,18,34,12,0,0,0,0,0,5e,0,de,2,0,0,0,0,3e,e7,6c,a,0,0,0,0,0   TimeStamp  :  47504       Distance  :  38

(PORT 1) : 6a,5,0,18,34,12,0,0,0,0,0,5d,0,df,2,0,0,0,0,ff,2d,e,4c,0,0,0,0,0   TimeStamp  :  47792       Distance  :  37

(PORT 1) : 6a,5,0,18,34,12,0,0,0,0,0,62,0,e0,2,0,0,0,0,fe,dc,10,d2,0,0,0,0,0   TimeStamp  :  48080       Distance  :  42

(PORT 1) : 6a,5,0,18,34,12,0,0,0,0,0,5f,0,e1,2,0,0,0,0,f0,ff,4a,8d,0,0,0,0,0   TimeStamp  :  48368       Distance  :  39

(PORT 1) : 6a,5,0,18,34,12,0,0,0,0,0,5d,0,e2,2,0,0,0,0,bc,53,76,93,0,0,0,0,0   TimeStamp  :  48656       Distance  :  37

(PORT 1) : 6a,5,0,18,34,12,0,0,0,0,0,5e,0,e3,2,0,0,0,0,7,99,30,8f,0,0,0,0,0   TimeStamp  :  48944       Distance  :  38

(PORT 1) : 6a,5,0,18,34,12,0,0,0,0,0,5c,0,e4,2,0,0,0,0,c1,20,10,cd,0,0,0,0,0   TimeStamp  :  49232       Distance  :  36

(PORT 1) : 6a,5,0,18,34,12,0,0,0,0,0,5d,0,e5,2,0,0,0,0,fa,9e,e5,37,0,0,0,0,0   TimeStamp  :  49519       Distance  :  37

(PORT 1) : 6a,5,0,18,34,12,0,0,0,0,0,5c,0,e6,2,0,0,0,0,bb,1e,74,1b,0,0,0,0,0   TimeStamp  :  49808       Distance  :  36

(PORT 1) : 6a,5,0,18,34,12,0,0,0,0,0,5d,0,e7,2,0,0,0,0,25,e1,c9,e,0,0,0,0,0   TimeStamp  :  50095       Distance  :  37

(PORT 1) : 6a,5,0,18,34,12,0,0,0,0,0,5d,0,e8,2,0,0,0,0,30,4f,9f,b4,0,0,0,0,0   TimeStamp  :  50384       Distance  :  37

(PORT 1) : 6a,5,0,18,34,12,0,0,0,0,0,5e,0,e9,2,0,0,0,0,e5,8b,a5,2e,0,0,0,0,0   TimeStamp  :  50671       Distance  :  38

(PORT 1) : 6a,5,0,18,34,12,0,0,0,0,0,5a,0,ea,2,0,0,0,0,13,9c,79,be,0,0,0,0,0   TimeStamp  :  50960       Distance  :  34

(PORT 1) : 6a,5,0,18,34,12,0,0,0,0,0,5f,0,eb,2,0,0,0,0,c6,6,9b,ae,0,0,0,0,0   TimeStamp  :  51248       Distance  :  39

(PORT 1) : 6a,5,0,18,34,12,0,0,0,0,0,5c,0,ec,2,0,0,0,0,7a,99,c5,ae,0,0,0,0,0   TimeStamp  :  51536       Distance  :  36

(PORT 1) : 6a,5,0,18,34,12,0,0,0,0,0,5c,0,ed,2,0,0,0,0,9,a9,b8,6d,0,0,0,0,0   TimeStamp  :  51824       Distance  :  36

(PORT 1) : 6a,5,0,18,34,12,0,0,0,0,0,5c,0,ee,2,0,0,0,0,ea,23,7e,c8,0,0,0,0,0   TimeStamp  :  52112       Distance  :  36

(PORT 1) : 6a,5,0,18,34,12,0,0,0,0,0,5c,0,ef,2,0,0,0,0,fe,2b,db,66,0,0,0,0,0   TimeStamp  :  52400       Distance  :  36

(PORT 1) : 6a,5,0,18,34,12,0,0,0,0,0,5f,0,f0,2,0,0,0,0,f8,77,6f,96,0,0,0,0,0   TimeStamp  :  52687       Distance  :  39

(PORT 1) : 6a,5,0,18,34,12,0,0,0,0,0,5e,0,f1,2,0,0,0,0,f,a4,43,c4,0,0,0,0,0   TimeStamp  :  52976       Distance  :  38

(PORT 1) : 6a,5,0,18,34,12,0,0,0,0,0,5b,0,f2,2,0,0,0,0,48,2a,15,87,0,0,0,0,0   TimeStamp  :  53264       Distance  :  35

(PORT 1) : 6a,5,0,18,34,12,0,0,0,0,0,5d,0,f3,2,0,0,0,0,8c,d,a2,de,0,0,0,0,0   TimeStamp  :  53551       Distance  :  37

(PORT 1) : 6a,5,0,18,34,12,0,0,0,0,0,5d,0,f4,2,0,0,0,0,cb,b4,bf,8c,0,0,0,0,0   TimeStamp  :  53840       Distance  :  37

(PORT 1) : 6a,5,0,18,34,12,0,0,0,0,0,5d,0,f5,2,0,0,0,0,84,7f,2e,88,0,0,0,0,0   TimeStamp  :  54128       Distance  :  37

(PORT 1) : 6a,5,0,18,34,12,0,0,0,0,0,5c,0,f6,2,0,0,0,0,3d,e1,ce,c5,0,0,0,0,0   TimeStamp  :  54415       Distance  :  36

(PORT 1) : 6a,5,0,18,34,12,0,0,0,0,0,5f,0,f7,2,0,0,0,0,ce,35,4c,f6,0,0,0,0,0   TimeStamp  :  54704       Distance  :  39

(PORT 1) : 6a,5,0,18,34,12,0,0,0,0,0,60,0,f8,2,0,0,0,0,2e,37,e7,cd,0,0,0,0,0   TimeStamp  :  54992       Distance  :  40

(PORT 1) : 6a,5,0,18,34,12,0,0,0,0,0,60,0,f9,2,0,0,0,0,2b,b1,7d,4c,0,0,0,0,0   TimeStamp  :  55279       Distance  :  40

(PORT 1) : 6a,5,0,18,34,12,0,0,0,0,0,5e,0,fa,2,0,0,0,0,e2,7a,97,5b,0,0,0,0,0   TimeStamp  :  55568       Distance  :  38

(PORT 1) : 6a,5,0,18,34,12,0,0,0,0,0,5c,0,fb,2,0,0,0,0,5c,d,c7,5e,0,0,0,0,0   TimeStamp  :  55856       Distance  :  36

(PORT 1) : 6a,5,0,18,34,12,0,0,0,0,0,5d,0,fc,2,0,0,0,0,61,a,fc,66,0,0,0,0,0   TimeStamp  :  56144       Distance  :  37

(PORT 1) : 6a,5,0,18,34,12,0,0,0,0,0,62,0,fd,2,0,0,0,0,fc,4e,10,98,0,0,0,0,0   TimeStamp  :  56431       Distance  :  42

(PORT 1) : 6a,5,0,18,34,12,0,0,0,0,0,5f,0,fe,2,0,0,0,0,f2,91,76,d5,0,0,0,0,0   TimeStamp  :  56720       Distance  :  39

(PORT 1) : 6a,5,0,18,34,12,0,0,0,0,0,5f,0,ff,2,0,0,0,0,ef,93,fd,e,0,0,0,0,0   TimeStamp  :  57007       Distance  :  39

(PORT 1) : 6a,5,0,18,34,12,0,0,0,0,0,5e,0,0,3,0,0,0,0,15,9b,1f,dd,0,0,0,0,0   TimeStamp  :  57289       Distance  :  38

(PORT 1) : 6a,5,0,18,34,12,0,0,0,0,0,5d,0,1,3,0,0,0,0,ba,7c,7c,f6,0,0,0,0,0   TimeStamp  :  57576       Distance  :  37

(PORT 1) : 6a,5,0,18,34,12,0,0,0,0,0,60,0,2,3,0,0,0,0,ec,39,11,f7,0,0,0,0,0   TimeStamp  :  57865       Distance  :  40

(PORT 1) : 6a,5,0,18,34,12,0,0,0,0,0,61,0,3,3,0,0,0,0,21,45,52,3e,0,0,0,0,0   TimeStamp  :  58152       Distance  :  41

(PORT 1) : 6a,5,0,18,34,12,0,0,0,0,0,62,0,4,3,0,0,0,0,fe,a,4b,27,0,0,0,0,0   TimeStamp  :  58440       Distance  :  42

(PORT 1) : 6a,5,0,18,34,12,0,0,0,0,0,67,0,5,3,0,0,0,0,64,74,3a,47,0,0,0,0,0   TimeStamp  :  58728       Distance  :  47

(PORT 1) : 6a,5,0,18,34,12,0,0,0,0,0,5d,0,6,3,0,0,0,0,b0,a0,bc,62,0,0,0,0,0   TimeStamp  :  59016       Distance  :  37

(PORT 1) : 6a,5,0,18,34,12,0,0,0,0,0,61,0,7,3,0,0,0,0,31,da,be,67,0,0,0,0,0   TimeStamp  :  59304       Distance  :  41

(PORT 1) : 6a,5,0,18,34,12,0,0,0,0,0,5e,0,8,3,0,0,0,0,8a,f5,bd,eb,0,0,0,0,0   TimeStamp  :  59592       Distance  :  38

(PORT 1) : 6a,5,0,18,34,12,0,0,0,0,0,5d,0,9,3,0,0,0,0,f8,d1,67,91,0,0,0,0,0   TimeStamp  :  59880       Distance  :  37

(PORT 1) : 6a,5,0,18,34,12,0,0,0,0,0,6b,0,a,3,0,0,0,0,5a,71,d6,ab,0,0,0,0,0   TimeStamp  :  60168       Distance  :  51

(PORT 1) : 6a,5,0,18,34,12,0,0,0,0,0,62,0,b,3,0,0,0,0,ae,75,71,90,0,0,0,0,0   TimeStamp  :  60455       Distance  :  42

(PORT 1) : 6a,5,0,18,34,12,0,0,0,0,0,5c,0,c,3,0,0,0,0,16,1c,79,57,0,0,0,0,0   TimeStamp  :  60746       Distance  :  36

(PORT 1) : 6a,5,0,18,34,12,0,0,0,0,0,61,0,d,3,0,0,0,0,9b,a6,e3,4f,0,0,0,0,0   TimeStamp  :  61031       Distance  :  41

(PORT 1) : 6a,5,0,18,34,12,0,0,0,0,0,5c,0,e,3,0,0,0,0,ce,7c,52,45,0,0,0,0,0   TimeStamp  :  61319       Distance  :  36

(PORT 1) : 6a,5,0,18,34,12,0,0,0,0,0,5d,0,f,3,0,0,0,0,c8,f5,cf,40,0,0,0,0,0   TimeStamp  :  61608       Distance  :  37

(PORT 1) : 6a,5,0,18,34,12,0,0,0,0,0,5c,0,10,3,0,0,0,0,97,66,ea,ae,0,0,0,0,0   TimeStamp  :  61896       Distance  :  36
