
(PORT 1) : 6a,5,0,18,21,43,65,87,0,0,0,45,3,4c,0,0,0,0,0,85,74,a3,4d,0,0,0,0,0   TimeStamp  :  375745       Distance  :  837

(PORT 1) : 6a,5,0,18,21,43,65,87,0,0,0,44,3,4d,0,0,0,0,0,87,3a,18,5b,0,0,0,0,0   TimeStamp  :  75       Distance  :  836

(PORT 1) : 6a,5,0,18,21,43,65,87,0,0,0,41,3,4e,0,0,0,0,0,2,2e,7b,df,0,0,0,0,0   TimeStamp  :  171       Distance  :  833

(PORT 1) : 6a,5,0,18,21,43,65,87,0,0,0,2e,3,4f,0,0,0,0,0,28,77,dc,e9,0,0,0,0,0   TimeStamp  :  268       Distance  :  814

(PORT 1) : 6a,5,0,18,21,43,65,87,0,0,0,40,3,50,0,0,0,0,0,b6,cc,23,ca,0,0,0,0,0   TimeStamp  :  363       Distance  :  832

(PORT 1) : 6a,5,0,18,21,43,65,87,0,2,0,ff,ff,51,0,0,0,0,0,73,8,bb,18,6f,0,0,0,0   TimeStamp  :  460       Distance  :  65535

(PORT 1) : 6a,5,0,18,21,43,65,87,0,0,0,45,3,52,0,0,0,0,0,8d,d7,7c,96,0,0,0,0,0   TimeStamp  :  555       Distance  :  837

(PORT 1) : 6a,5,0,18,21,43,65,87,0,0,0,44,3,53,0,0,0,0,0,c9,db,b,47,0,0,0,0,0   TimeStamp  :  652       Distance  :  836

(PORT 1) : 6a,5,0,18,21,43,65,87,0,0,0,43,3,54,0,0,0,0,0,f5,17,9b,c7,0,0,0,0,0   TimeStamp  :  748       Distance  :  835

(PORT 1) : 6a,5,0,18,21,43,65,87,0,0,0,44,3,55,0,0,0,0,0,b3,3b,be,d3,0,0,0,0,0   TimeStamp  :  843       Distance  :  836

(PORT 1) : 6a,5,0,18,21,43,65,87,0,0,0,46,3,56,0,0,0,0,0,a3,62,7c,8,0,0,0,0,0   TimeStamp  :  939       Distance  :  838

(PORT 1) : 6a,5,0,18,21,43,65,87,0,0,0,44,3,57,0,0,0,0,0,df,aa,9,37,0,0,0,0,0   TimeStamp  :  1035       Distance  :  836

(PORT 1) : 6a,5,0,18,21,43,65,87,0,0,0,45,3,58,0,0,0,0,0,2,98,d0,a0,0,0,0,0,0   TimeStamp  :  1131       Distance  :  837

(PORT 1) : 6a,5,0,18,21,43,65,87,0,0,0,41,3,59,0,0,0,0,0,98,7f,a3,ec,0,0,0,0,0   TimeStamp  :  1227       Distance  :  833

(PORT 1) : 6a,5,0,18,21,43,65,87,0,0,0,40,3,5a,0,0,0,0,0,9d,62,56,68,0,0,0,0,0   TimeStamp  :  1323       Distance  :  832

(PORT 1) : 6a,5,0,18,21,43,65,87,0,0,0,48,3,5b,0,0,0,0,0,b7,e2,ee,e2,0,0,0,0,0   TimeStamp  :  1419       Distance  :  840

(PORT 1) : 6a,5,0,18,21,43,65,87,0,0,0,42,3,5c,0,0,0,0,0,73,dc,f3,ea,0,0,0,0,0   TimeStamp  :  1515       Distance  :  834

(PORT 1) : 6a,5,0,18,21,43,65,87,0,0,0,41,3,5d,0,0,0,0,0,d5,1a,2c,9f,0,0,0,0,0   TimeStamp  :  1612       Distance  :  833

(PORT 1) : 6a,5,0,18,21,43,65,87,0,4,0,2b,3,5e,0,0,0,0,0,10,c5,14,ec,0,0,0,0,0   TimeStamp  :  1707       Distance  :  811

(PORT 1) : 6a,5,0,18,21,43,65,87,0,0,0,42,3,5f,0,0,0,0,0,3c,e3,b5,47,0,0,0,0,0   TimeStamp  :  1803       Distance  :  834

(PORT 1) : 6a,5,0,18,21,43,65,87,0,0,0,43,3,60,0,0,0,0,0,8f,14,19,1a,0,0,0,0,0   TimeStamp  :  1899       Distance  :  835

(PORT 1) : 6a,5,0,18,21,43,65,87,0,0,0,3d,3,61,0,0,0,0,0,11,f0,92,b7,0,0,0,0,0   TimeStamp  :  1996       Distance  :  829

(PORT 1) : 6a,5,0,18,21,43,65,87,0,0,0,45,3,62,0,0,0,0,0,48,ab,d8,f5,0,0,0,0,0   TimeStamp  :  2091       Distance  :  837

(PORT 1) : 6a,5,0,18,21,43,65,87,0,0,0,43,3,63,0,0,0,0,0,aa,1e,4f,b,0,0,0,0,0   TimeStamp  :  2187       Distance  :  835

(PORT 1) : 6a,5,0,18,21,43,65,87,0,0,0,44,3,64,0,0,0,0,0,26,3c,22,45,0,0,0,0,0   TimeStamp  :  2284       Distance  :  836

(PORT 1) : 6a,5,0,18,21,43,65,87,0,0,0,45,3,65,0,0,0,0,0,8e,96,e2,cf,0,0,0,0,0   TimeStamp  :  2379       Distance  :  837

(PORT 1) : 6a,5,0,18,21,43,65,87,0,0,0,45,3,66,0,0,0,0,0,16,84,a9,b4,0,0,0,0,0   TimeStamp  :  2476       Distance  :  837

(PORT 1) : 6a,5,0,18,21,43,65,87,0,0,0,45,3,67,0,0,0,0,0,64,a3,8f,1f,0,0,0,0,0   TimeStamp  :  2571       Distance  :  837

(PORT 1) : 6a,5,0,18,21,43,65,87,0,0,0,44,3,68,0,0,0,0,0,df,1b,5e,67,0,0,0,0,0   TimeStamp  :  2667       Distance  :  836

(PORT 1) : 6a,5,0,18,21,43,65,87,0,0,0,44,3,69,0,0,0,0,0,b7,58,b6,ee,0,0,0,0,0   TimeStamp  :  2763       Distance  :  836

(PORT 1) : 6a,5,0,18,21,43,65,87,0,0,0,49,3,6a,0,0,0,0,0,a9,dd,53,76,0,0,0,0,0   TimeStamp  :  2859       Distance  :  841

(PORT 1) : 6a,5,0,18,21,43,65,87,0,0,0,45,3,6b,0,0,0,0,0,7c,93,71,8,0,0,0,0,0   TimeStamp  :  2955       Distance  :  837

(PORT 1) : 6a,5,0,18,21,43,65,87,0,2,0,ff,ff,6c,0,0,0,0,0,ef,d4,80,c5,6f,0,0,0,0   TimeStamp  :  3051       Distance  :  65535

(PORT 1) : 6a,5,0,18,21,43,65,87,0,0,0,41,3,6d,0,0,0,0,0,3d,59,3,e3,0,0,0,0,0   TimeStamp  :  3147       Distance  :  833

(PORT 1) : 6a,5,0,18,21,43,65,87,0,4,0,41,3,6e,0,0,0,0,0,5b,ab,17,8b,0,0,0,0,0   TimeStamp  :  3243       Distance  :  833

(PORT 1) : 6a,5,0,18,21,43,65,87,0,3,0,40,3,6f,0,0,0,0,0,c0,ae,97,19,0,0,0,0,0   TimeStamp  :  3339       Distance  :  832

(PORT 1) : 6a,5,0,18,21,43,65,87,0,0,0,48,3,70,0,0,0,0,0,cd,1e,f5,f4,0,0,0,0,0   TimeStamp  :  3436       Distance  :  840

(PORT 1) : 6a,5,0,18,21,43,65,87,0,3,1,2e,3,71,0,0,0,0,0,c9,c7,7f,55,0,0,0,0,0   TimeStamp  :  3532       Distance  :  814

(PORT 1) : 6a,5,0,18,21,43,65,87,0,0,0,41,3,72,0,0,0,0,0,d,d9,89,4b,0,0,0,0,0   TimeStamp  :  3627       Distance  :  833

(PORT 1) : 6a,5,0,18,21,43,65,87,0,0,0,49,3,73,0,0,0,0,0,ee,d2,d8,da,0,0,0,0,0   TimeStamp  :  3723       Distance  :  841

(PORT 1) : 6a,5,0,18,21,43,65,87,0,0,0,48,3,74,0,0,0,0,0,a0,b6,a0,24,0,0,0,0,0   TimeStamp  :  3820       Distance  :  840

(PORT 1) : 6a,5,0,18,21,43,65,87,0,0,0,45,3,75,0,0,0,0,0,42,bc,85,c6,0,0,0,0,0   TimeStamp  :  3916       Distance  :  837

(PORT 1) : 6a,5,0,18,21,43,65,87,0,0,0,43,3,76,0,0,0,0,0,41,dd,66,91,0,0,0,0,0   TimeStamp  :  4011       Distance  :  835

(PORT 1) : 6a,5,0,18,21,43,65,87,0,3,1,2a,3,77,0,0,0,0,0,27,5a,ea,68,0,0,0,0,0   TimeStamp  :  4107       Distance  :  810

(PORT 1) : 6a,5,0,18,21,43,65,87,0,0,0,41,3,78,0,0,0,0,0,58,96,93,c4,0,0,0,0,0   TimeStamp  :  4204       Distance  :  833

(PORT 1) : 6a,5,0,18,21,43,65,87,0,0,0,49,3,79,0,0,0,0,0,7c,aa,b2,47,0,0,0,0,0   TimeStamp  :  4299       Distance  :  841

(PORT 1) : 6a,5,0,18,21,43,65,87,0,0,0,44,3,7a,0,0,0,0,0,2c,a3,e5,7f,0,0,0,0,0   TimeStamp  :  4395       Distance  :  836

(PORT 1) : 6a,5,0,18,21,43,65,87,0,0,0,43,3,7b,0,0,0,0,0,cd,26,8d,63,0,0,0,0,0   TimeStamp  :  4492       Distance  :  835

(PORT 1) : 6a,5,0,18,21,43,65,87,0,0,0,46,3,7c,0,0,0,0,0,d0,0,89,38,0,0,0,0,0   TimeStamp  :  4587       Distance  :  838

(PORT 1) : 6a,5,0,18,21,43,65,87,0,0,0,44,3,7d,0,0,0,0,0,1b,6d,f0,1c,0,0,0,0,0   TimeStamp  :  4683       Distance  :  836

(PORT 1) : 6a,5,0,18,21,43,65,87,0,3,1,2c,3,7e,0,0,0,0,0,60,fb,58,82,0,0,0,0,0   TimeStamp  :  4779       Distance  :  812

(PORT 1) : 6a,5,0,18,21,43,65,87,0,4,0,47,3,7f,0,0,0,0,0,f0,98,52,8c,0,0,0,0,0   TimeStamp  :  4875       Distance  :  839

(PORT 1) : 6a,5,0,18,21,43,65,87,0,0,0,40,3,80,0,0,0,0,0,ed,c2,3d,1e,0,0,0,0,0   TimeStamp  :  4972       Distance  :  832

(PORT 1) : 6a,5,0,18,21,43,65,87,0,0,0,45,3,81,0,0,0,0,0,e7,ba,58,4d,0,0,0,0,0   TimeStamp  :  5068       Distance  :  837

(PORT 1) : 6a,5,0,18,21,43,65,87,0,0,0,45,3,82,0,0,0,0,0,6a,f2,a0,a2,0,0,0,0,0   TimeStamp  :  5164       Distance  :  837

(PORT 1) : 6a,5,0,18,21,43,65,87,0,0,0,46,3,83,0,0,0,0,0,83,6a,f,f7,0,0,0,0,0   TimeStamp  :  5259       Distance  :  838

(PORT 1) : 6a,5,0,18,21,43,65,87,0,3,1,2a,3,84,0,0,0,0,0,32,b5,65,ff,0,0,0,0,0   TimeStamp  :  5355       Distance  :  810

(PORT 1) : 6a,5,0,18,21,43,65,87,0,0,0,44,3,85,0,0,0,0,0,da,d5,6b,c9,0,0,0,0,0   TimeStamp  :  5451       Distance  :  836

(PORT 1) : 6a,5,0,18,21,43,65,87,0,0,0,44,3,86,0,0,0,0,0,24,9f,45,7e,0,0,0,0,0   TimeStamp  :  5547       Distance  :  836

(PORT 1) : 6a,5,0,18,21,43,65,87,0,3,1,2a,3,87,0,0,0,0,0,f2,84,43,e2,0,0,0,0,0   TimeStamp  :  5643       Distance  :  810

(PORT 1) : 6a,5,0,18,21,43,65,87,0,0,0,41,3,88,0,0,0,0,0,2c,b1,8,20,0,0,0,0,0   TimeStamp  :  5739       Distance  :  833

(PORT 1) : 6a,5,0,18,21,43,65,87,0,0,0,41,3,89,0,0,0,0,0,f9,a8,f2,e5,0,0,0,0,0   TimeStamp  :  5835       Distance  :  833

(PORT 1) : 6a,5,0,18,21,43,65,87,0,0,0,44,3,8a,0,0,0,0,0,9f,e,e1,91,0,0,0,0,0   TimeStamp  :  5931       Distance  :  836

(PORT 1) : 6a,5,0,18,21,43,65,87,0,3,1,2c,3,8b,0,0,0,0,0,28,62,bb,6d,0,0,0,0,0   TimeStamp  :  6028       Distance  :  812

(PORT 1) : 6a,5,0,18,21,43,65,87,0,0,0,43,3,8c,0,0,0,0,0,f5,e5,4,36,0,0,0,0,0   TimeStamp  :  6124       Distance  :  835

(PORT 1) : 6a,5,0,18,21,43,65,87,0,0,0,47,3,8d,0,0,0,0,0,4f,5e,ea,c4,0,0,0,0,0   TimeStamp  :  6219       Distance  :  839

(PORT 1) : 6a,5,0,18,21,43,65,87,0,0,0,47,3,8e,0,0,0,0,0,7f,cb,2e,3b,0,0,0,0,0   TimeStamp  :  6316       Distance  :  839

(PORT 1) : 6a,5,0,18,21,43,65,87,0,4,0,47,3,8f,0,0,0,0,0,8d,40,ec,1f,0,0,0,0,0   TimeStamp  :  6412       Distance  :  839

(PORT 1) : 6a,5,0,18,21,43,65,87,0,0,0,43,3,90,0,0,0,0,0,fa,9f,89,54,0,0,0,0,0   TimeStamp  :  6507       Distance  :  835

(PORT 1) : 6a,5,0,18,21,43,65,87,0,0,0,4a,3,91,0,0,0,0,0,e8,e7,27,b8,0,0,0,0,0   TimeStamp  :  6603       Distance  :  842

(PORT 1) : 6a,5,0,18,21,43,65,87,0,0,0,44,3,92,0,0,0,0,0,7d,dd,c5,fb,0,0,0,0,0   TimeStamp  :  6700       Distance  :  836

(PORT 1) : 6a,5,0,18,21,43,65,87,0,0,0,46,3,93,0,0,0,0,0,8b,fa,11,91,0,0,0,0,0   TimeStamp  :  6795       Distance  :  838

(PORT 1) : 6a,5,0,18,21,43,65,87,0,4,0,2b,3,94,0,0,0,0,0,89,59,f9,2d,0,0,0,0,0   TimeStamp  :  6892       Distance  :  811

(PORT 1) : 6a,5,0,18,21,43,65,87,0,3,0,43,3,95,0,0,0,0,0,1c,65,86,70,0,0,0,0,0   TimeStamp  :  6988       Distance  :  835

(PORT 1) : 6a,5,0,18,21,43,65,87,0,0,0,46,3,96,0,0,0,0,0,bb,cd,58,0,0,0,0,0,0   TimeStamp  :  7083       Distance  :  838

(PORT 1) : 6a,5,0,18,21,43,65,87,0,0,0,45,3,97,0,0,0,0,0,52,be,c0,b8,0,0,0,0,0   TimeStamp  :  7179       Distance  :  837

(PORT 1) : 6a,5,0,18,21,43,65,87,0,3,0,44,3,98,0,0,0,0,0,5,fd,3a,19,0,0,0,0,0   TimeStamp  :  7275       Distance  :  836

(PORT 1) : 6a,5,0,18,21,43,65,87,0,0,0,32,3,99,0,0,0,0,0,9b,67,f6,56,0,0,0,0,0   TimeStamp  :  7372       Distance  :  818

(PORT 1) : 6a,5,0,18,21,43,65,87,0,3,1,29,3,9a,0,0,0,0,0,e9,80,2f,9e,0,0,0,0,0   TimeStamp  :  7467       Distance  :  809

(PORT 1) : 6a,5,0,18,21,43,65,87,0,0,0,46,3,9b,0,0,0,0,0,c2,22,f0,7,0,0,0,0,0   TimeStamp  :  7563       Distance  :  838

(PORT 1) : 6a,5,0,18,21,43,65,87,0,0,0,45,3,9c,0,0,0,0,0,6e,e2,78,e2,0,0,0,0,0   TimeStamp  :  7660       Distance  :  837

(PORT 1) : 6a,5,0,18,21,43,65,87,0,0,0,44,3,9d,0,0,0,0,0,b2,ec,e6,e3,0,0,0,0,0   TimeStamp  :  7755       Distance  :  836

(PORT 1) : 6a,5,0,18,21,43,65,87,0,0,0,44,3,9e,0,0,0,0,0,7f,ab,42,3e,0,0,0,0,0   TimeStamp  :  7852       Distance  :  836

(PORT 1) : 6a,5,0,18,21,43,65,87,0,0,0,44,3,9f,0,0,0,0,0,f4,91,d8,b6,0,0,0,0,0   TimeStamp  :  7947       Distance  :  836

(PORT 1) : 6a,5,0,18,21,43,65,87,0,4,0,47,3,a0,0,0,0,0,0,fd,af,20,94,0,0,0,0,0   TimeStamp  :  8043       Distance  :  839

(PORT 1) : 6a,5,0,18,21,43,65,87,0,4,0,42,3,a1,0,0,0,0,0,90,50,78,99,0,0,0,0,0   TimeStamp  :  8140       Distance  :  834

(PORT 1) : 6a,5,0,18,21,43,65,87,0,0,0,46,3,a2,0,0,0,0,0,fc,48,bb,6b,0,0,0,0,0   TimeStamp  :  8236       Distance  :  838

(PORT 1) : 6a,5,0,18,21,43,65,87,0,0,0,46,3,a3,0,0,0,0,0,b8,92,16,59,0,0,0,0,0   TimeStamp  :  8332       Distance  :  838

(PORT 1) : 6a,5,0,18,21,43,65,87,0,0,0,3a,3,a4,0,0,0,0,0,0,92,55,b0,0,0,0,0,0   TimeStamp  :  8427       Distance  :  826

(PORT 1) : 6a,5,0,18,21,43,65,87,0,0,0,44,3,a5,0,0,0,0,0,f6,f8,57,74,0,0,0,0,0   TimeStamp  :  8522       Distance  :  836

(PORT 1) : 6a,5,0,18,21,43,65,87,0,0,0,49,3,a6,0,0,0,0,0,c,bb,61,62,0,0,0,0,0   TimeStamp  :  8620       Distance  :  841

(PORT 1) : 6a,5,0,18,21,43,65,87,0,0,0,42,3,a7,0,0,0,0,0,97,97,64,e2,0,0,0,0,0   TimeStamp  :  8715       Distance  :  834

(PORT 1) : 6a,5,0,18,21,43,65,87,0,4,0,43,3,a8,0,0,0,0,0,c8,cf,c1,1,0,0,0,0,0   TimeStamp  :  8811       Distance  :  835

(PORT 1) : 6a,5,0,18,21,43,65,87,0,0,0,48,3,a9,0,0,0,0,0,22,60,97,28,0,0,0,0,0   TimeStamp  :  8907       Distance  :  840

(PORT 1) : 6a,5,0,18,21,43,65,87,0,3,0,3f,3,aa,0,0,0,0,0,81,1c,b4,2a,0,0,0,0,0   TimeStamp  :  9002       Distance  :  831

(PORT 1) : 6a,5,0,18,21,43,65,87,0,3,0,42,3,ab,0,0,0,0,0,4e,19,c6,cd,0,0,0,0,0   TimeStamp  :  9099       Distance  :  834

(PORT 1) : 6a,5,0,18,21,43,65,87,0,5,1,29,3,ac,0,0,0,0,0,8a,cd,b5,5b,0,0,0,0,0   TimeStamp  :  9195       Distance  :  809

(PORT 1) : 6a,5,0,18,21,43,65,87,0,0,0,42,3,ad,0,0,0,0,0,b7,58,8f,9,0,0,0,0,0   TimeStamp  :  9291       Distance  :  834

(PORT 1) : 6a,5,0,18,21,43,65,87,0,0,0,47,3,ae,0,0,0,0,0,55,85,b,bd,0,0,0,0,0   TimeStamp  :  9388       Distance  :  839

(PORT 1) : 6a,5,0,18,21,43,65,87,0,0,0,47,3,af,0,0,0,0,0,31,e4,b1,a7,0,0,0,0,0   TimeStamp  :  9484       Distance  :  839

(PORT 1) : 6a,5,0,18,21,43,65,87,0,0,0,42,3,b0,0,0,0,0,0,6b,6,a3,96,0,0,0,0,0   TimeStamp  :  9580       Distance  :  834

(PORT 1) : 6a,5,0,18,21,43,65,87,0,0,0,44,3,b1,0,0,0,0,0,1,b9,69,db,0,0,0,0,0   TimeStamp  :  9675       Distance  :  836

(PORT 1) : 6a,5,0,18,21,43,65,87,0,5,1,2e,3,b2,0,0,0,0,0,ee,98,55,4,0,0,0,0,0   TimeStamp  :  9770       Distance  :  814

(PORT 1) : 6a,5,0,18,21,43,65,87,0,4,0,44,3,b3,0,0,0,0,0,50,40,f6,39,0,0,0,0,0   TimeStamp  :  9867       Distance  :  836

(PORT 1) : 6a,5,0,18,21,43,65,87,0,0,0,42,3,b4,0,0,0,0,0,c6,da,e3,52,0,0,0,0,0   TimeStamp  :  9963       Distance  :  834

(PORT 1) : 6a,5,0,18,21,43,65,87,0,0,0,44,3,b5,0,0,0,0,0,58,e8,fb,9,0,0,0,0,0   TimeStamp  :  10059       Distance  :  836

(PORT 1) : 6a,5,0,18,21,43,65,87,0,0,0,44,3,b6,0,0,0,0,0,b3,46,ef,0,0,0,0,0,0   TimeStamp  :  10156       Distance  :  836

(PORT 1) : 6a,5,0,18,21,43,65,87,0,0,0,41,3,b7,0,0,0,0,0,77,f6,7,c6,0,0,0,0,0   TimeStamp  :  10252       Distance  :  833

(PORT 1) : 6a,5,0,18,21,43,65,87,0,0,0,44,3,b8,0,0,0,0,0,8e,88,aa,5b,0,0,0,0,0   TimeStamp  :  10347       Distance  :  836

(PORT 1) : 6a,5,0,18,21,43,65,87,0,0,0,43,3,b9,0,0,0,0,0,e6,62,cb,85,0,0,0,0,0   TimeStamp  :  10443       Distance  :  835

(PORT 1) : 6a,5,0,18,21,43,65,87,0,3,1,2d,3,ba,0,0,0,0,0,fc,11,5b,f6,0,0,0,0,0   TimeStamp  :  10540       Distance  :  813

(PORT 1) : 6a,5,0,18,21,43,65,87,0,0,0,45,3,bb,0,0,0,0,0,57,2e,c8,63,0,0,0,0,0   TimeStamp  :  10635       Distance  :  837

(PORT 1) : 6a,5,0,18,21,43,65,87,0,0,0,43,3,bc,0,0,0,0,0,70,8a,4b,bc,0,0,0,0,0   TimeStamp  :  10731       Distance  :  835

(PORT 1) : 6a,5,0,18,21,43,65,87,0,0,0,45,3,bd,0,0,0,0,0,49,de,32,39,0,0,0,0,0   TimeStamp  :  10827       Distance  :  837

(PORT 1) : 6a,5,0,18,21,43,65,87,0,0,0,41,3,be,0,0,0,0,0,65,d,34,ae,0,0,0,0,0   TimeStamp  :  10923       Distance  :  833

(PORT 1) : 6a,5,0,18,21,43,65,87,0,0,0,42,3,bf,0,0,0,0,0,ca,ed,56,f4,0,0,0,0,0   TimeStamp  :  11019       Distance  :  834

(PORT 1) : 6a,5,0,18,21,43,65,87,0,3,0,46,3,c0,0,0,0,0,0,e0,13,c6,14,0,0,0,0,0   TimeStamp  :  11115       Distance  :  838

(PORT 1) : 6a,5,0,18,21,43,65,87,0,3,1,2b,3,c1,0,0,0,0,0,7d,15,12,f9,0,0,0,0,0   TimeStamp  :  11211       Distance  :  811

(PORT 1) : 6a,5,0,18,21,43,65,87,0,0,0,44,3,c2,0,0,0,0,0,ac,ee,41,d,0,0,0,0,0   TimeStamp  :  11307       Distance  :  836

(PORT 1) : 6a,5,0,18,21,43,65,87,0,0,0,2a,3,c3,0,0,0,0,0,82,e1,e8,f3,0,0,0,0,0   TimeStamp  :  11403       Distance  :  810

(PORT 1) : 6a,5,0,18,21,43,65,87,0,0,0,46,3,c4,0,0,0,0,0,30,2c,7,d5,0,0,0,0,0   TimeStamp  :  11499       Distance  :  838

(PORT 1) : 6a,5,0,18,21,43,65,87,0,0,0,45,3,c5,0,0,0,0,0,1c,81,75,bd,0,0,0,0,0   TimeStamp  :  11596       Distance  :  837

(PORT 1) : 6a,5,0,18,21,43,65,87,0,0,0,46,3,c6,0,0,0,0,0,53,2,63,3c,0,0,0,0,0   TimeStamp  :  11691       Distance  :  838

(PORT 1) : 6a,5,0,18,21,43,65,87,0,0,0,41,3,c7,0,0,0,0,0,c3,90,a1,64,0,0,0,0,0   TimeStamp  :  11788       Distance  :  833

(PORT 1) : 6a,5,0,18,21,43,65,87,0,0,0,45,3,c8,0,0,0,0,0,f0,19,9b,0,0,0,0,0,0   TimeStamp  :  11882       Distance  :  837

(PORT 1) : 6a,5,0,18,21,43,65,87,0,3,0,43,3,c9,0,0,0,0,0,1b,1d,8f,75,0,0,0,0,0   TimeStamp  :  11979       Distance  :  835

(PORT 1) : 6a,5,0,18,21,43,65,87,0,3,1,2d,3,ca,0,0,0,0,0,d0,aa,f5,8e,0,0,0,0,0   TimeStamp  :  12076       Distance  :  813

(PORT 1) : 6a,5,0,18,21,43,65,87,0,0,0,43,3,cb,0,0,0,0,0,da,30,3e,2b,0,0,0,0,0   TimeStamp  :  12170       Distance  :  835

(PORT 1) : 6a,5,0,18,21,43,65,87,0,0,0,45,3,cc,0,0,0,0,0,37,40,40,98,0,0,0,0,0   TimeStamp  :  12267       Distance  :  837

(PORT 1) : 6a,5,0,18,21,43,65,87,0,0,0,44,3,cd,0,0,0,0,0,7e,23,52,7b,0,0,0,0,0   TimeStamp  :  12363       Distance  :  836

(PORT 1) : 6a,5,0,18,21,43,65,87,0,0,0,42,3,ce,0,0,0,0,0,4b,14,e5,17,0,0,0,0,0   TimeStamp  :  12459       Distance  :  834

(PORT 1) : 6a,5,0,18,21,43,65,87,0,4,0,2b,3,cf,0,0,0,0,0,10,98,3b,7d,0,0,0,0,0   TimeStamp  :  12556       Distance  :  811

(PORT 1) : 6a,5,0,18,21,43,65,87,0,4,0,2e,3,d0,0,0,0,0,0,de,18,2c,a5,0,0,0,0,0   TimeStamp  :  12652       Distance  :  814

(PORT 1) : 6a,5,0,18,21,43,65,87,0,0,0,46,3,d1,0,0,0,0,0,51,b4,ad,f4,0,0,0,0,0   TimeStamp  :  12747       Distance  :  838

(PORT 1) : 6a,5,0,18,21,43,65,87,0,0,0,45,3,d2,0,0,0,0,0,7f,da,18,46,0,0,0,0,0   TimeStamp  :  12843       Distance  :  837

(PORT 1) : 6a,5,0,18,21,43,65,87,0,0,0,44,3,d3,0,0,0,0,0,a5,39,15,c1,0,0,0,0,0   TimeStamp  :  12939       Distance  :  836

(PORT 1) : 6a,5,0,18,21,43,65,87,0,0,0,43,3,d4,0,0,0,0,0,98,32,d6,24,0,0,0,0,0   TimeStamp  :  13035       Distance  :  835

(PORT 1) : 6a,5,0,18,21,43,65,87,0,0,0,48,3,d5,0,0,0,0,0,b0,81,5a,b0,0,0,0,0,0   TimeStamp  :  13131       Distance  :  840

(PORT 1) : 6a,5,0,18,21,43,65,87,0,3,0,46,3,d6,0,0,0,0,0,7,7c,48,7d,0,0,0,0,0   TimeStamp  :  13228       Distance  :  838

(PORT 1) : 6a,5,0,18,21,43,65,87,0,4,0,2a,3,d7,0,0,0,0,0,66,18,7e,58,0,0,0,0,0   TimeStamp  :  13323       Distance  :  810

(PORT 1) : 6a,5,0,18,21,43,65,87,0,0,0,40,3,d8,0,0,0,0,0,8c,db,65,6d,0,0,0,0,0   TimeStamp  :  13419       Distance  :  832

(PORT 1) : 6a,5,0,18,21,43,65,87,0,0,0,46,3,d9,0,0,0,0,0,da,f8,40,11,0,0,0,0,0   TimeStamp  :  13515       Distance  :  838

(PORT 1) : 6a,5,0,18,21,43,65,87,0,0,0,43,3,da,0,0,0,0,0,81,2a,d4,61,0,0,0,0,0   TimeStamp  :  13610       Distance  :  835

(PORT 1) : 6a,5,0,18,21,43,65,87,0,0,0,42,3,db,0,0,0,0,0,8a,1d,f4,10,0,0,0,0,0   TimeStamp  :  13707       Distance  :  834

(PORT 1) : 6a,5,0,18,21,43,65,87,0,0,0,42,3,dc,0,0,0,0,0,7d,7f,5c,3,0,0,0,0,0   TimeStamp  :  13802       Distance  :  834

(PORT 1) : 6a,5,0,18,21,43,65,87,0,0,1,30,3,dd,0,0,0,0,0,3a,ee,15,15,0,0,0,0,0   TimeStamp  :  13899       Distance  :  816

(PORT 1) : 6a,5,0,18,21,43,65,87,0,0,0,42,3,de,0,0,0,0,0,72,f,42,e1,0,0,0,0,0   TimeStamp  :  13995       Distance  :  834

(PORT 1) : 6a,5,0,18,21,43,65,87,0,4,0,2b,3,df,0,0,0,0,0,57,27,6,39,0,0,0,0,0   TimeStamp  :  14091       Distance  :  811

(PORT 1) : 6a,5,0,18,21,43,65,87,0,0,0,3f,3,e0,0,0,0,0,0,72,68,b9,50,0,0,0,0,0   TimeStamp  :  14188       Distance  :  831

(PORT 1) : 6a,5,0,18,21,43,65,87,0,0,0,3f,3,e1,0,0,0,0,0,fe,cc,90,64,0,0,0,0,0   TimeStamp  :  14283       Distance  :  831

(PORT 1) : 6a,5,0,18,21,43,65,87,0,3,0,45,3,e2,0,0,0,0,0,5,5d,92,aa,0,0,0,0,0   TimeStamp  :  14379       Distance  :  837

(PORT 1) : 6a,5,0,18,21,43,65,87,0,0,0,44,3,e3,0,0,0,0,0,bb,77,74,99,0,0,0,0,0   TimeStamp  :  14474       Distance  :  836

(PORT 1) : 6a,5,0,18,21,43,65,87,0,3,1,2a,3,e4,0,0,0,0,0,96,82,6c,cb,0,0,0,0,0   TimeStamp  :  14570       Distance  :  810

(PORT 1) : 6a,5,0,18,21,43,65,87,0,0,0,44,3,e5,0,0,0,0,0,2,52,7e,6e,0,0,0,0,0   TimeStamp  :  14667       Distance  :  836

(PORT 1) : 6a,5,0,18,21,43,65,87,0,0,0,41,3,e6,0,0,0,0,0,45,c9,b2,e4,0,0,0,0,0   TimeStamp  :  14763       Distance  :  833

(PORT 1) : 6a,5,0,18,21,43,65,87,0,0,0,43,3,e7,0,0,0,0,0,d2,f9,6b,86,0,0,0,0,0   TimeStamp  :  14859       Distance  :  835

(PORT 1) : 6a,5,0,18,21,43,65,87,0,0,0,44,3,e8,0,0,0,0,0,92,3c,f6,4f,0,0,0,0,0   TimeStamp  :  14956       Distance  :  836

(PORT 1) : 6a,5,0,18,21,43,65,87,0,0,0,45,3,e9,0,0,0,0,0,36,19,42,e,0,0,0,0,0   TimeStamp  :  15050       Distance  :  837

(PORT 1) : 6a,5,0,18,21,43,65,87,0,0,0,42,3,ea,0,0,0,0,0,18,a0,86,d0,0,0,0,0,0   TimeStamp  :  15147       Distance  :  834

(PORT 1) : 6a,5,0,18,21,43,65,87,0,0,0,43,3,eb,0,0,0,0,0,dc,86,5a,22,0,0,0,0,0   TimeStamp  :  15243       Distance  :  835

(PORT 1) : 6a,5,0,18,21,43,65,87,0,0,0,26,3,ec,0,0,0,0,0,4e,32,d7,b8,0,0,0,0,0   TimeStamp  :  15339       Distance  :  806

(PORT 1) : 6a,5,0,18,21,43,65,87,0,0,0,42,3,ed,0,0,0,0,0,89,e0,b9,9a,0,0,0,0,0   TimeStamp  :  15435       Distance  :  834

(PORT 1) : 6a,5,0,18,21,43,65,87,0,0,0,49,3,ee,0,0,0,0,0,1c,7f,5d,f4,0,0,0,0,0   TimeStamp  :  15531       Distance  :  841

(PORT 1) : 6a,5,0,18,21,43,65,87,0,0,0,42,3,ef,0,0,0,0,0,e9,3a,a7,4b,0,0,0,0,0   TimeStamp  :  15627       Distance  :  834

(PORT 1) : 6a,5,0,18,21,43,65,87,0,0,1,2c,3,f0,0,0,0,0,0,97,29,a9,ac,0,0,0,0,0   TimeStamp  :  15723       Distance  :  812

(PORT 1) : 6a,5,0,18,21,43,65,87,0,0,0,41,3,f1,0,0,0,0,0,3e,45,89,c4,0,0,0,0,0   TimeStamp  :  15819       Distance  :  833

(PORT 1) : 6a,5,0,18,21,43,65,87,0,0,0,47,3,f2,0,0,0,0,0,b5,b4,4f,63,0,0,0,0,0   TimeStamp  :  15915       Distance  :  839

(PORT 1) : 6a,5,0,18,21,43,65,87,0,0,0,42,3,f3,0,0,0,0,0,7b,1a,f4,da,0,0,0,0,0   TimeStamp  :  16011       Distance  :  834

(PORT 1) : 6a,5,0,18,21,43,65,87,0,0,0,45,3,f4,0,0,0,0,0,70,8b,af,d3,0,0,0,0,0   TimeStamp  :  16107       Distance  :  837

(PORT 1) : 6a,5,0,18,21,43,65,87,0,0,0,42,3,f5,0,0,0,0,0,92,5,28,5a,0,0,0,0,0   TimeStamp  :  16203       Distance  :  834

(PORT 1) : 6a,5,0,18,21,43,65,87,0,0,0,4a,3,f6,0,0,0,0,0,36,f8,62,75,0,0,0,0,0   TimeStamp  :  16299       Distance  :  842

(PORT 1) : 6a,5,0,18,21,43,65,87,0,0,0,43,3,f7,0,0,0,0,0,34,45,86,f,0,0,0,0,0   TimeStamp  :  16395       Distance  :  835

(PORT 1) : 6a,5,0,18,21,43,65,87,0,0,0,41,3,f8,0,0,0,0,0,c1,96,52,b5,0,0,0,0,0   TimeStamp  :  16491       Distance  :  833

(PORT 1) : 6a,5,0,18,21,43,65,87,0,0,0,46,3,f9,0,0,0,0,0,67,c0,ff,2a,0,0,0,0,0   TimeStamp  :  16587       Distance  :  838

(PORT 1) : 6a,5,0,18,21,43,65,87,0,0,0,43,3,fa,0,0,0,0,0,d2,5,30,31,0,0,0,0,0   TimeStamp  :  16684       Distance  :  835

(PORT 1) : 6a,5,0,18,21,43,65,87,0,3,0,45,3,fb,0,0,0,0,0,2f,f9,8f,20,0,0,0,0,0   TimeStamp  :  16778       Distance  :  837

(PORT 1) : 6a,5,0,18,21,43,65,87,0,0,0,44,3,fc,0,0,0,0,0,ed,6c,6d,91,0,0,0,0,0   TimeStamp  :  16875       Distance  :  836

(PORT 1) : 6a,5,0,18,21,43,65,87,0,0,0,42,3,fd,0,0,0,0,0,61,49,d9,85,0,0,0,0,0   TimeStamp  :  16971       Distance  :  834

(PORT 1) : 6a,5,0,18,21,43,65,87,0,0,0,45,3,fe,0,0,0,0,0,5d,e8,42,33,0,0,0,0,0   TimeStamp  :  17067       Distance  :  837

(PORT 1) : 6a,5,0,18,21,43,65,87,0,0,0,46,3,ff,0,0,0,0,0,7f,26,ff,2e,0,0,0,0,0   TimeStamp  :  17163       Distance  :  838

(PORT 1) : 6a,5,0,18,21,43,65,87,0,0,0,48,3,0,1,0,0,0,0,d5,e1,67,fb,0,0,0,0,0   TimeStamp  :  17260       Distance  :  840

(PORT 1) : 6a,5,0,18,21,43,65,87,0,0,0,45,3,1,1,0,0,0,0,91,2b,3,44,0,0,0,0,0   TimeStamp  :  17355       Distance  :  837

(PORT 1) : 6a,5,0,18,21,43,65,87,0,0,0,43,3,2,1,0,0,0,0,ae,17,6d,f8,0,0,0,0,0   TimeStamp  :  17451       Distance  :  835

(PORT 1) : 6a,5,0,18,21,43,65,87,0,0,0,40,3,3,1,0,0,0,0,55,93,89,3d,0,0,0,0,0   TimeStamp  :  17548       Distance  :  832

(PORT 1) : 6a,5,0,18,21,43,65,87,0,0,0,44,3,4,1,0,0,0,0,b7,da,9f,a1,0,0,0,0,0   TimeStamp  :  17643       Distance  :  836

(PORT 1) : 6a,5,0,18,21,43,65,87,0,0,0,42,3,5,1,0,0,0,0,40,fc,8b,8a,0,0,0,0,0   TimeStamp  :  17739       Distance  :  834

(PORT 1) : 6a,5,0,18,21,43,65,87,0,0,0,43,3,6,1,0,0,0,0,22,d1,ff,a6,0,0,0,0,0   TimeStamp  :  17835       Distance  :  835

(PORT 1) : 6a,5,0,18,21,43,65,87,0,0,0,48,3,7,1,0,0,0,0,52,86,78,24,0,0,0,0,0   TimeStamp  :  17931       Distance  :  840

(PORT 1) : 6a,5,0,18,21,43,65,87,0,0,0,42,3,8,1,0,0,0,0,9a,a7,ea,8,0,0,0,0,0   TimeStamp  :  18027       Distance  :  834

(PORT 1) : 6a,5,0,18,21,43,65,87,0,4,0,42,3,9,1,0,0,0,0,c0,1c,5d,7c,0,0,0,0,0   TimeStamp  :  18123       Distance  :  834

(PORT 1) : 6a,5,0,18,21,43,65,87,0,0,0,44,3,a,1,0,0,0,0,20,51,c0,41,0,0,0,0,0   TimeStamp  :  18218       Distance  :  836

(PORT 1) : 6a,5,0,18,21,43,65,87,0,0,0,46,3,b,1,0,0,0,0,f,6f,61,28,0,0,0,0,0   TimeStamp  :  18314       Distance  :  838

(PORT 1) : 6a,5,0,18,21,43,65,87,0,0,0,44,3,c,1,0,0,0,0,19,2e,19,41,0,0,0,0,0   TimeStamp  :  18411       Distance  :  836

(PORT 1) : 6a,5,0,18,21,43,65,87,0,0,0,41,3,d,1,0,0,0,0,a3,cc,fc,11,0,0,0,0,0   TimeStamp  :  18507       Distance  :  833

(PORT 1) : 6a,5,0,18,21,43,65,87,0,0,0,44,3,e,1,0,0,0,0,cb,5f,13,bb,0,0,0,0,0   TimeStamp  :  18602       Distance  :  836

(PORT 1) : 6a,5,0,18,21,43,65,87,0,0,0,43,3,f,1,0,0,0,0,d,5c,87,95,0,0,0,0,0   TimeStamp  :  18698       Distance  :  835

(PORT 1) : 6a,5,0,18,21,43,65,87,0,3,0,43,3,10,1,0,0,0,0,ca,eb,1a,9a,0,0,0,0,0   TimeStamp  :  18794       Distance  :  835

(PORT 1) : 6a,5,0,18,21,43,65,87,0,0,0,47,3,11,1,0,0,0,0,2f,e,66,29,0,0,0,0,0   TimeStamp  :  18891       Distance  :  839

(PORT 1) : 6a,5,0,18,21,43,65,87,0,5,0,47,3,12,1,0,0,0,0,ee,d6,e4,4,0,0,0,0,0   TimeStamp  :  18987       Distance  :  839

(PORT 1) : 6a,5,0,18,21,43,65,87,0,0,0,45,3,13,1,0,0,0,0,84,38,79,d9,0,0,0,0,0   TimeStamp  :  19083       Distance  :  837

(PORT 1) : 6a,5,0,18,21,43,65,87,0,3,1,29,3,14,1,0,0,0,0,f3,f5,ca,b0,0,0,0,0,0   TimeStamp  :  19178       Distance  :  809

(PORT 1) : 6a,5,0,18,21,43,65,87,0,0,0,45,3,15,1,0,0,0,0,7c,7e,b3,dc,0,0,0,0,0   TimeStamp  :  19275       Distance  :  837

(PORT 1) : 6a,5,0,18,21,43,65,87,0,0,0,40,3,16,1,0,0,0,0,31,61,85,b2,0,0,0,0,0   TimeStamp  :  19370       Distance  :  832

(PORT 1) : 6a,5,0,18,21,43,65,87,0,0,0,45,3,17,1,0,0,0,0,1e,79,ae,72,0,0,0,0,0   TimeStamp  :  19467       Distance  :  837

(PORT 1) : 6a,5,0,18,21,43,65,87,0,0,0,46,3,18,1,0,0,0,0,9c,9c,c6,9b,0,0,0,0,0   TimeStamp  :  19562       Distance  :  838

(PORT 1) : 6a,5,0,18,21,43,65,87,0,0,0,43,3,19,1,0,0,0,0,ee,4b,f5,ec,0,0,0,0,0   TimeStamp  :  19659       Distance  :  835

(PORT 1) : 6a,5,0,18,21,43,65,87,0,0,0,44,3,1a,1,0,0,0,0,b2,df,1f,5d,0,0,0,0,0   TimeStamp  :  19755       Distance  :  836

(PORT 1) : 6a,5,0,18,21,43,65,87,0,0,0,44,3,1b,1,0,0,0,0,35,4,3a,53,0,0,0,0,0   TimeStamp  :  19851       Distance  :  836

(PORT 1) : 6a,5,0,18,21,43,65,87,0,4,0,46,3,1c,1,0,0,0,0,f3,95,f8,90,0,0,0,0,0   TimeStamp  :  19947       Distance  :  838

(PORT 1) : 6a,5,0,18,21,43,65,87,0,4,0,2b,3,1d,1,0,0,0,0,e9,c9,8d,3f,0,0,0,0,0   TimeStamp  :  20042       Distance  :  811

(PORT 1) : 6a,5,0,18,21,43,65,87,0,0,0,45,3,1e,1,0,0,0,0,36,2f,14,1,0,0,0,0,0   TimeStamp  :  20139       Distance  :  837

(PORT 1) : 6a,5,0,18,21,43,65,87,0,0,0,3f,3,1f,1,0,0,0,0,12,eb,34,db,0,0,0,0,0   TimeStamp  :  20234       Distance  :  831

(PORT 1) : 6a,5,0,18,21,43,65,87,0,0,0,40,3,20,1,0,0,0,0,4d,47,b8,13,0,0,0,0,0   TimeStamp  :  20331       Distance  :  832

(PORT 1) : 6a,5,0,18,21,43,65,87,0,3,1,2c,3,21,1,0,0,0,0,37,0,e7,16,0,0,0,0,0   TimeStamp  :  20426       Distance  :  812

(PORT 1) : 6a,5,0,18,21,43,65,87,0,3,1,2e,3,22,1,0,0,0,0,eb,d9,90,fb,0,0,0,0,0   TimeStamp  :  20523       Distance  :  814

(PORT 1) : 6a,5,0,18,21,43,65,87,0,0,0,46,3,23,1,0,0,0,0,f6,fe,88,e4,0,0,0,0,0   TimeStamp  :  20618       Distance  :  838

(PORT 1) : 6a,5,0,18,21,43,65,87,0,0,0,47,3,24,1,0,0,0,0,48,1f,c1,f0,0,0,0,0,0   TimeStamp  :  20716       Distance  :  839

(PORT 1) : 6a,5,0,18,21,43,65,87,0,0,0,46,3,25,1,0,0,0,0,43,5b,90,3e,0,0,0,0,0   TimeStamp  :  20811       Distance  :  838

(PORT 1) : 6a,5,0,18,21,43,65,87,0,3,1,2f,3,26,1,0,0,0,0,55,67,f9,bb,0,0,0,0,0   TimeStamp  :  20908       Distance  :  815

(PORT 1) : 6a,5,0,18,21,43,65,87,0,0,0,42,3,27,1,0,0,0,0,7a,5d,e7,61,0,0,0,0,0   TimeStamp  :  21003       Distance  :  834

(PORT 1) : 6a,5,0,18,21,43,65,87,0,0,0,44,3,28,1,0,0,0,0,e1,24,f9,58,0,0,0,0,0   TimeStamp  :  21099       Distance  :  836

(PORT 1) : 6a,5,0,18,21,43,65,87,0,0,0,44,3,29,1,0,0,0,0,b2,2f,82,2e,0,0,0,0,0   TimeStamp  :  21195       Distance  :  836

(PORT 1) : 6a,5,0,18,21,43,65,87,0,0,0,47,3,2a,1,0,0,0,0,cd,cd,84,16,0,0,0,0,0   TimeStamp  :  21292       Distance  :  839

(PORT 1) : 6a,5,0,18,21,43,65,87,0,0,0,47,3,2b,1,0,0,0,0,49,a2,9c,8f,0,0,0,0,0   TimeStamp  :  21387       Distance  :  839

(PORT 1) : 6a,5,0,18,21,43,65,87,0,0,0,45,3,2c,1,0,0,0,0,b0,ec,18,9c,0,0,0,0,0   TimeStamp  :  21483       Distance  :  837

(PORT 1) : 6a,5,0,18,21,43,65,87,0,0,0,47,3,2d,1,0,0,0,0,65,fd,b1,45,0,0,0,0,0   TimeStamp  :  21579       Distance  :  839

(PORT 1) : 6a,5,0,18,21,43,65,87,0,0,0,46,3,2e,1,0,0,0,0,8b,2b,d9,b8,0,0,0,0,0   TimeStamp  :  21675       Distance  :  838

(PORT 1) : 6a,5,0,18,21,43,65,87,0,0,0,47,3,2f,1,0,0,0,0,94,ac,f9,5d,0,0,0,0,0   TimeStamp  :  21770       Distance  :  839

(PORT 1) : 6a,5,0,18,21,43,65,87,0,0,0,43,3,30,1,0,0,0,0,17,17,3c,95,0,0,0,0,0   TimeStamp  :  21867       Distance  :  835

(PORT 1) : 6a,5,0,18,21,43,65,87,0,0,0,48,3,31,1,0,0,0,0,f8,5f,fe,36,0,0,0,0,0   TimeStamp  :  21962       Distance  :  840

(PORT 1) : 6a,5,0,18,21,43,65,87,0,4,0,45,3,32,1,0,0,0,0,70,11,3f,5d,0,0,0,0,0   TimeStamp  :  22058       Distance  :  837

(PORT 1) : 6a,5,0,18,21,43,65,87,0,0,0,46,3,33,1,0,0,0,0,57,10,af,48,0,0,0,0,0   TimeStamp  :  22155       Distance  :  838

(PORT 1) : 6a,5,0,18,21,43,65,87,0,3,1,2d,3,34,1,0,0,0,0,98,b1,8,b3,0,0,0,0,0   TimeStamp  :  22251       Distance  :  813

(PORT 1) : 6a,5,0,18,21,43,65,87,0,0,0,41,3,35,1,0,0,0,0,e8,15,b0,85,0,0,0,0,0   TimeStamp  :  22348       Distance  :  833

(PORT 1) : 6a,5,0,18,21,43,65,87,0,4,0,31,3,36,1,0,0,0,0,c4,b2,1a,c7,0,0,0,0,0   TimeStamp  :  22444       Distance  :  817

(PORT 1) : 6a,5,0,18,21,43,65,87,0,0,0,42,3,37,1,0,0,0,0,a,9d,ee,5a,0,0,0,0,0   TimeStamp  :  22538       Distance  :  834

(PORT 1) : 6a,5,0,18,21,43,65,87,0,4,0,47,3,38,1,0,0,0,0,9f,d1,9a,9b,0,0,0,0,0   TimeStamp  :  22634       Distance  :  839

(PORT 1) : 6a,5,0,18,21,43,65,87,0,0,0,41,3,39,1,0,0,0,0,eb,c4,b0,c6,0,0,0,0,0   TimeStamp  :  22731       Distance  :  833

(PORT 1) : 6a,5,0,18,21,43,65,87,0,0,0,44,3,3a,1,0,0,0,0,87,95,b3,54,0,0,0,0,0   TimeStamp  :  22827       Distance  :  836

(PORT 1) : 6a,5,0,18,21,43,65,87,0,4,0,46,3,3b,1,0,0,0,0,75,c7,58,c,0,0,0,0,0   TimeStamp  :  22923       Distance  :  838

(PORT 1) : 6a,5,0,18,21,43,65,87,0,0,0,43,3,3c,1,0,0,0,0,11,32,81,5a,0,0,0,0,0   TimeStamp  :  23019       Distance  :  835

(PORT 1) : 6a,5,0,18,21,43,65,87,0,0,0,41,3,3d,1,0,0,0,0,8a,f7,21,21,0,0,0,0,0   TimeStamp  :  23115       Distance  :  833

(PORT 1) : 6a,5,0,18,21,43,65,87,0,0,0,47,3,3e,1,0,0,0,0,f3,81,7f,da,0,0,0,0,0   TimeStamp  :  23211       Distance  :  839

(PORT 1) : 6a,5,0,18,21,43,65,87,0,0,0,45,3,3f,1,0,0,0,0,b1,a0,36,d8,0,0,0,0,0   TimeStamp  :  23306       Distance  :  837

(PORT 1) : 6a,5,0,18,21,43,65,87,0,0,0,43,3,40,1,0,0,0,0,de,6d,67,e7,0,0,0,0,0   TimeStamp  :  23402       Distance  :  835

(PORT 1) : 6a,5,0,18,21,43,65,87,0,4,0,31,3,41,1,0,0,0,0,a9,da,2a,cc,0,0,0,0,0   TimeStamp  :  23498       Distance  :  817

(PORT 1) : 6a,5,0,18,21,43,65,87,0,0,1,2e,3,42,1,0,0,0,0,4,4,6e,b1,0,0,0,0,0   TimeStamp  :  23595       Distance  :  814

(PORT 1) : 6a,5,0,18,21,43,65,87,0,0,0,46,3,43,1,0,0,0,0,10,0,46,75,0,0,0,0,0   TimeStamp  :  23691       Distance  :  838

(PORT 1) : 6a,5,0,18,21,43,65,87,0,0,0,46,3,44,1,0,0,0,0,1f,47,d7,21,0,0,0,0,0   TimeStamp  :  23786       Distance  :  838

(PORT 1) : 6a,5,0,18,21,43,65,87,0,0,0,42,3,45,1,0,0,0,0,fe,5c,6,fc,0,0,0,0,0   TimeStamp  :  23883       Distance  :  834

(PORT 1) : 6a,5,0,18,21,43,65,87,0,3,1,30,3,46,1,0,0,0,0,87,c8,a,c1,0,0,0,0,0   TimeStamp  :  23978       Distance  :  816

(PORT 1) : 6a,5,0,18,21,43,65,87,0,0,0,44,3,47,1,0,0,0,0,d8,66,9b,24,0,0,0,0,0   TimeStamp  :  24075       Distance  :  836

(PORT 1) : 6a,5,0,18,21,43,65,87,0,4,0,47,3,48,1,0,0,0,0,55,97,58,31,0,0,0,0,0   TimeStamp  :  24169       Distance  :  839

(PORT 1) : 6a,5,0,18,21,43,65,87,0,0,0,44,3,49,1,0,0,0,0,f1,35,20,5,0,0,0,0,0   TimeStamp  :  24266       Distance  :  836

(PORT 1) : 6a,5,0,18,21,43,65,87,0,0,0,48,3,4a,1,0,0,0,0,61,6b,d6,a,0,0,0,0,0   TimeStamp  :  24362       Distance  :  840

(PORT 1) : 6a,5,0,18,21,43,65,87,0,0,0,41,3,4b,1,0,0,0,0,ab,f2,b8,35,0,0,0,0,0   TimeStamp  :  24458       Distance  :  833

(PORT 1) : 6a,5,0,18,21,43,65,87,0,4,0,44,3,4c,1,0,0,0,0,45,60,f0,79,0,0,0,0,0   TimeStamp  :  24555       Distance  :  836

(PORT 1) : 6a,5,0,18,21,43,65,87,0,4,0,41,3,4d,1,0,0,0,0,30,b5,1e,1d,0,0,0,0,0   TimeStamp  :  24651       Distance  :  833

(PORT 1) : 6a,5,0,18,21,43,65,87,0,0,0,47,3,4e,1,0,0,0,0,da,56,55,44,0,0,0,0,0   TimeStamp  :  24746       Distance  :  839

(PORT 1) : 6a,5,0,18,21,43,65,87,0,0,0,45,3,4f,1,0,0,0,0,1e,b5,18,e0,0,0,0,0,0   TimeStamp  :  24842       Distance  :  837

(PORT 1) : 6a,5,0,18,21,43,65,87,0,0,0,44,3,50,1,0,0,0,0,25,ca,ff,f6,0,0,0,0,0   TimeStamp  :  24938       Distance  :  836

(PORT 1) : 6a,5,0,18,21,43,65,87,0,0,0,47,3,51,1,0,0,0,0,3,dd,87,4,0,0,0,0,0   TimeStamp  :  25034       Distance  :  839

(PORT 1) : 6a,5,0,18,21,43,65,87,0,4,0,49,3,52,1,0,0,0,0,fd,e8,83,9c,0,0,0,0,0   TimeStamp  :  25129       Distance  :  841

(PORT 1) : 6a,5,0,18,21,43,65,87,0,0,0,42,3,53,1,0,0,0,0,9e,37,90,c8,0,0,0,0,0   TimeStamp  :  25226       Distance  :  834

(PORT 1) : 6a,5,0,18,21,43,65,87,0,0,0,45,3,54,1,0,0,0,0,2a,98,6f,a0,0,0,0,0,0   TimeStamp  :  25322       Distance  :  837

(PORT 1) : 6a,5,0,18,21,43,65,87,0,0,0,43,3,55,1,0,0,0,0,a8,69,70,bb,0,0,0,0,0   TimeStamp  :  25417       Distance  :  835

(PORT 1) : 6a,5,0,18,21,43,65,87,0,3,1,29,3,56,1,0,0,0,0,51,3,1f,6f,0,0,0,0,0   TimeStamp  :  25514       Distance  :  809

(PORT 1) : 6a,5,0,18,21,43,65,87,0,0,0,40,3,57,1,0,0,0,0,b1,83,35,1,0,0,0,0,0   TimeStamp  :  25610       Distance  :  832

(PORT 1) : 6a,5,0,18,21,43,65,87,0,4,0,2a,3,58,1,0,0,0,0,8a,a5,ea,a6,0,0,0,0,0   TimeStamp  :  25705       Distance  :  810

(PORT 1) : 6a,5,0,18,21,43,65,87,0,0,0,43,3,59,1,0,0,0,0,6a,a,fa,8d,0,0,0,0,0   TimeStamp  :  25801       Distance  :  835

(PORT 1) : 6a,5,0,18,21,43,65,87,0,0,0,45,3,5a,1,0,0,0,0,3,3c,8,29,0,0,0,0,0   TimeStamp  :  25898       Distance  :  837

(PORT 1) : 6a,5,0,18,21,43,65,87,0,0,0,47,3,5b,1,0,0,0,0,d7,c2,66,7b,0,0,0,0,0   TimeStamp  :  25993       Distance  :  839

(PORT 1) : 6a,5,0,18,21,43,65,87,0,4,0,47,3,5c,1,0,0,0,0,6e,38,2c,e5,0,0,0,0,0   TimeStamp  :  26090       Distance  :  839

(PORT 1) : 6a,5,0,18,21,43,65,87,0,0,0,46,3,5d,1,0,0,0,0,37,bb,b2,50,0,0,0,0,0   TimeStamp  :  26187       Distance  :  838

(PORT 1) : 6a,5,0,18,21,43,65,87,0,0,0,41,3,5e,1,0,0,0,0,1b,a9,82,6b,0,0,0,0,0   TimeStamp  :  26281       Distance  :  833

(PORT 1) : 6a,5,0,18,21,43,65,87,0,0,0,47,3,5f,1,0,0,0,0,cd,d8,3f,3b,0,0,0,0,0   TimeStamp  :  26378       Distance  :  839

(PORT 1) : 6a,5,0,18,21,43,65,87,0,3,1,29,3,60,1,0,0,0,0,3e,ec,25,c0,0,0,0,0,0   TimeStamp  :  26474       Distance  :  809

(PORT 1) : 6a,5,0,18,21,43,65,87,0,0,0,47,3,61,1,0,0,0,0,77,89,57,87,0,0,0,0,0   TimeStamp  :  26570       Distance  :  839

(PORT 1) : 6a,5,0,18,21,43,65,87,0,4,0,27,3,62,1,0,0,0,0,ed,cc,e1,37,0,0,0,0,0   TimeStamp  :  26666       Distance  :  807

(PORT 1) : 6a,5,0,18,21,43,65,87,0,4,0,44,3,63,1,0,0,0,0,e7,35,67,33,0,0,0,0,0   TimeStamp  :  26762       Distance  :  836

(PORT 1) : 6a,5,0,18,21,43,65,87,0,0,0,41,3,64,1,0,0,0,0,25,b3,ff,d6,0,0,0,0,0   TimeStamp  :  26858       Distance  :  833

(PORT 1) : 6a,5,0,18,21,43,65,87,0,0,0,30,3,65,1,0,0,0,0,77,6d,9e,7f,0,0,0,0,0   TimeStamp  :  26954       Distance  :  816

(PORT 1) : 6a,5,0,18,21,43,65,87,0,0,0,44,3,66,1,0,0,0,0,c0,7c,98,c,0,0,0,0,0   TimeStamp  :  27050       Distance  :  836

(PORT 1) : 6a,5,0,18,21,43,65,87,0,0,0,42,3,67,1,0,0,0,0,2,fe,b7,c2,0,0,0,0,0   TimeStamp  :  27146       Distance  :  834

(PORT 1) : 6a,5,0,18,21,43,65,87,0,0,0,45,3,68,1,0,0,0,0,2a,df,a6,5,0,0,0,0,0   TimeStamp  :  27241       Distance  :  837

(PORT 1) : 6a,5,0,18,21,43,65,87,0,0,1,2f,3,69,1,0,0,0,0,5c,c0,86,ee,0,0,0,0,0   TimeStamp  :  27337       Distance  :  815

(PORT 1) : 6a,5,0,18,21,43,65,87,0,4,0,2f,3,6a,1,0,0,0,0,bd,80,fe,87,0,0,0,0,0   TimeStamp  :  27434       Distance  :  815

(PORT 1) : 6a,5,0,18,21,43,65,87,0,0,1,2c,3,6b,1,0,0,0,0,85,9a,b7,f4,0,0,0,0,0   TimeStamp  :  27530       Distance  :  812

(PORT 1) : 6a,5,0,18,21,43,65,87,0,0,0,2a,3,6c,1,0,0,0,0,1e,68,48,21,0,0,0,0,0   TimeStamp  :  27625       Distance  :  810

(PORT 1) : 6a,5,0,18,21,43,65,87,0,4,0,44,3,6d,1,0,0,0,0,91,c5,1b,98,0,0,0,0,0   TimeStamp  :  27722       Distance  :  836

(PORT 1) : 6a,5,0,18,21,43,65,87,0,0,0,43,3,6e,1,0,0,0,0,7f,6a,e1,4c,0,0,0,0,0   TimeStamp  :  27818       Distance  :  835

(PORT 1) : 6a,5,0,18,21,43,65,87,0,0,0,44,3,6f,1,0,0,0,0,3e,bc,5b,9b,0,0,0,0,0   TimeStamp  :  27914       Distance  :  836

(PORT 1) : 6a,5,0,18,21,43,65,87,0,0,0,46,3,70,1,0,0,0,0,28,6f,50,f4,0,0,0,0,0   TimeStamp  :  28010       Distance  :  838

(PORT 1) : 6a,5,0,18,21,43,65,87,0,0,0,43,3,71,1,0,0,0,0,73,55,4d,16,0,0,0,0,0   TimeStamp  :  28106       Distance  :  835

(PORT 1) : 6a,5,0,18,21,43,65,87,0,0,0,41,3,72,1,0,0,0,0,6b,42,af,14,0,0,0,0,0   TimeStamp  :  28201       Distance  :  833

(PORT 1) : 6a,5,0,18,21,43,65,87,0,0,0,41,3,73,1,0,0,0,0,bc,4,ea,83,0,0,0,0,0   TimeStamp  :  28299       Distance  :  833

(PORT 1) : 6a,5,0,18,21,43,65,87,0,0,0,40,3,74,1,0,0,0,0,7f,53,df,cb,0,0,0,0,0   TimeStamp  :  28394       Distance  :  832

(PORT 1) : 6a,5,0,18,21,43,65,87,0,3,1,32,3,75,1,0,0,0,0,43,8e,a8,1a,0,0,0,0,0   TimeStamp  :  28489       Distance  :  818

(PORT 1) : 6a,5,0,18,21,43,65,87,0,0,0,47,3,76,1,0,0,0,0,bd,4a,c6,73,0,0,0,0,0   TimeStamp  :  28585       Distance  :  839

(PORT 1) : 6a,5,0,18,21,43,65,87,0,0,0,43,3,77,1,0,0,0,0,1e,fe,15,5e,0,0,0,0,0   TimeStamp  :  28682       Distance  :  835

(PORT 1) : 6a,5,0,18,21,43,65,87,0,3,0,47,3,78,1,0,0,0,0,c7,a7,e,e2,0,0,0,0,0   TimeStamp  :  28778       Distance  :  839

(PORT 1) : 6a,5,0,18,21,43,65,87,0,0,0,42,3,79,1,0,0,0,0,c0,e1,83,67,0,0,0,0,0   TimeStamp  :  28874       Distance  :  834

(PORT 1) : 6a,5,0,18,21,43,65,87,0,4,0,2a,3,7a,1,0,0,0,0,f8,b0,83,b,0,0,0,0,0   TimeStamp  :  28969       Distance  :  810

(PORT 1) : 6a,5,0,18,21,43,65,87,0,0,0,48,3,7b,1,0,0,0,0,f8,48,f3,c1,0,0,0,0,0   TimeStamp  :  29066       Distance  :  840

(PORT 1) : 6a,5,0,18,21,43,65,87,0,0,0,43,3,7c,1,0,0,0,0,9e,e5,e8,1f,0,0,0,0,0   TimeStamp  :  29162       Distance  :  835

(PORT 1) : 6a,5,0,18,21,43,65,87,0,0,0,44,3,7d,1,0,0,0,0,28,5d,68,d6,0,0,0,0,0   TimeStamp  :  29257       Distance  :  836

(PORT 1) : 6a,5,0,18,21,43,65,87,0,0,0,47,3,7e,1,0,0,0,0,52,e3,a3,7,0,0,0,0,0   TimeStamp  :  29354       Distance  :  839

(PORT 1) : 6a,5,0,18,21,43,65,87,0,0,0,43,3,7f,1,0,0,0,0,5c,75,2a,b6,0,0,0,0,0   TimeStamp  :  29450       Distance  :  835

(PORT 1) : 6a,5,0,18,21,43,65,87,0,0,0,47,3,80,1,0,0,0,0,c2,ef,7f,7f,0,0,0,0,0   TimeStamp  :  29546       Distance  :  839

(PORT 1) : 6a,5,0,18,21,43,65,87,0,0,0,46,3,81,1,0,0,0,0,b9,ed,c9,16,0,0,0,0,0   TimeStamp  :  29642       Distance  :  838

(PORT 1) : 6a,5,0,18,21,43,65,87,0,0,0,46,3,82,1,0,0,0,0,8e,39,60,19,0,0,0,0,0   TimeStamp  :  29738       Distance  :  838

(PORT 1) : 6a,5,0,18,21,43,65,87,0,0,0,41,3,83,1,0,0,0,0,49,56,b3,95,0,0,0,0,0   TimeStamp  :  29834       Distance  :  833

(PORT 1) : 6a,5,0,18,21,43,65,87,0,0,0,47,3,84,1,0,0,0,0,95,57,32,82,0,0,0,0,0   TimeStamp  :  29931       Distance  :  839

(PORT 1) : 6a,5,0,18,21,43,65,87,0,0,0,42,3,85,1,0,0,0,0,7d,18,89,e7,0,0,0,0,0   TimeStamp  :  30026       Distance  :  834

(PORT 1) : 6a,5,0,18,21,43,65,87,0,0,0,49,3,86,1,0,0,0,0,f4,bf,36,40,0,0,0,0,0   TimeStamp  :  30121       Distance  :  841

(PORT 1) : 6a,5,0,18,21,43,65,87,0,0,0,44,3,87,1,0,0,0,0,c0,f0,bc,b8,0,0,0,0,0   TimeStamp  :  30217       Distance  :  836

(PORT 1) : 6a,5,0,18,21,43,65,87,0,0,0,43,3,88,1,0,0,0,0,e1,e5,93,e4,0,0,0,0,0   TimeStamp  :  30313       Distance  :  835

(PORT 1) : 6a,5,0,18,21,43,65,87,0,0,0,47,3,89,1,0,0,0,0,2e,d6,a3,9e,0,0,0,0,0   TimeStamp  :  30410       Distance  :  839

(PORT 1) : 6a,5,0,18,21,43,65,87,0,0,0,47,3,8a,1,0,0,0,0,92,6a,b6,dc,0,0,0,0,0   TimeStamp  :  30505       Distance  :  839

(PORT 1) : 6a,5,0,18,21,43,65,87,0,0,0,46,3,8b,1,0,0,0,0,41,e7,bd,fe,0,0,0,0,0   TimeStamp  :  30602       Distance  :  838

(PORT 1) : 6a,5,0,18,21,43,65,87,0,4,0,43,3,8c,1,0,0,0,0,b,df,50,6d,0,0,0,0,0   TimeStamp  :  30698       Distance  :  835

(PORT 1) : 6a,5,0,18,21,43,65,87,0,0,0,41,3,8d,1,0,0,0,0,25,4a,47,f8,0,0,0,0,0   TimeStamp  :  30794       Distance  :  833

(PORT 1) : 6a,5,0,18,21,43,65,87,0,4,0,45,3,8e,1,0,0,0,0,2,3b,fa,3e,0,0,0,0,0   TimeStamp  :  30890       Distance  :  837

(PORT 1) : 6a,5,0,18,21,43,65,87,0,0,0,4a,3,8f,1,0,0,0,0,9b,aa,cd,53,0,0,0,0,0   TimeStamp  :  30986       Distance  :  842

(PORT 1) : 6a,5,0,18,21,43,65,87,0,0,0,42,3,90,1,0,0,0,0,db,97,ef,f3,0,0,0,0,0   TimeStamp  :  31082       Distance  :  834

(PORT 1) : 6a,5,0,18,21,43,65,87,0,0,0,48,3,91,1,0,0,0,0,fa,9f,f6,d9,0,0,0,0,0   TimeStamp  :  31178       Distance  :  840

(PORT 1) : 6a,5,0,18,21,43,65,87,0,0,0,47,3,92,1,0,0,0,0,5d,f5,4b,94,0,0,0,0,0   TimeStamp  :  31274       Distance  :  839

(PORT 1) : 6a,5,0,18,21,43,65,87,0,3,0,41,3,93,1,0,0,0,0,cc,5f,9,b,0,0,0,0,0   TimeStamp  :  31369       Distance  :  833

(PORT 1) : 6a,5,0,18,21,43,65,87,0,4,0,44,3,94,1,0,0,0,0,6a,52,24,87,0,0,0,0,0   TimeStamp  :  31467       Distance  :  836

(PORT 1) : 6a,5,0,18,21,43,65,87,0,0,0,2a,3,95,1,0,0,0,0,66,e4,11,ee,0,0,0,0,0   TimeStamp  :  31561       Distance  :  810

(PORT 1) : 6a,5,0,18,21,43,65,87,0,0,0,47,3,96,1,0,0,0,0,42,50,cc,c9,0,0,0,0,0   TimeStamp  :  31657       Distance  :  839

(PORT 1) : 6a,5,0,18,21,43,65,87,0,0,0,42,3,97,1,0,0,0,0,23,b8,53,ad,0,0,0,0,0   TimeStamp  :  31753       Distance  :  834

(PORT 1) : 6a,5,0,18,21,43,65,87,0,0,0,42,3,98,1,0,0,0,0,c0,b8,79,7,0,0,0,0,0   TimeStamp  :  31849       Distance  :  834

(PORT 1) : 6a,5,0,18,21,43,65,87,0,0,0,45,3,99,1,0,0,0,0,8a,2e,75,d0,0,0,0,0,0   TimeStamp  :  31945       Distance  :  837

(PORT 1) : 6a,5,0,18,21,43,65,87,0,0,0,44,3,9a,1,0,0,0,0,56,6c,da,8a,0,0,0,0,0   TimeStamp  :  32041       Distance  :  836

(PORT 1) : 6a,5,0,18,21,43,65,87,0,0,0,40,3,9b,1,0,0,0,0,3e,96,3,be,0,0,0,0,0   TimeStamp  :  32137       Distance  :  832

(PORT 1) : 6a,5,0,18,21,43,65,87,0,0,0,45,3,9c,1,0,0,0,0,94,9c,5b,74,0,0,0,0,0   TimeStamp  :  32234       Distance  :  837

(PORT 1) : 6a,5,0,18,21,43,65,87,0,4,0,43,3,9d,1,0,0,0,0,4e,6e,b6,69,0,0,0,0,0   TimeStamp  :  32330       Distance  :  835

(PORT 1) : 6a,5,0,18,21,43,65,87,0,0,0,43,3,9e,1,0,0,0,0,a2,cb,d6,d1,0,0,0,0,0   TimeStamp  :  32425       Distance  :  835

(PORT 1) : 6a,5,0,18,21,43,65,87,0,0,0,49,3,9f,1,0,0,0,0,4f,55,59,9d,0,0,0,0,0   TimeStamp  :  32521       Distance  :  841

(PORT 1) : 6a,5,0,18,21,43,65,87,0,4,0,46,3,a0,1,0,0,0,0,81,b3,3e,46,0,0,0,0,0   TimeStamp  :  32617       Distance  :  838

(PORT 1) : 6a,5,0,18,21,43,65,87,0,5,1,2a,3,a1,1,0,0,0,0,e9,54,bc,bc,0,0,0,0,0   TimeStamp  :  32714       Distance  :  810

(PORT 1) : 6a,5,0,18,21,43,65,87,0,4,0,41,3,a2,1,0,0,0,0,7,9e,7a,c6,0,0,0,0,0   TimeStamp  :  32810       Distance  :  833

(PORT 1) : 6a,5,0,18,21,43,65,87,0,0,0,41,3,a3,1,0,0,0,0,80,33,8,5,0,0,0,0,0   TimeStamp  :  32906       Distance  :  833

(PORT 1) : 6a,5,0,18,21,43,65,87,0,0,0,46,3,a4,1,0,0,0,0,8c,18,45,68,0,0,0,0,0   TimeStamp  :  33001       Distance  :  838

(PORT 1) : 6a,5,0,18,21,43,65,87,0,0,0,45,3,a5,1,0,0,0,0,73,20,26,20,0,0,0,0,0   TimeStamp  :  33098       Distance  :  837

(PORT 1) : 6a,5,0,18,21,43,65,87,0,0,0,42,3,a6,1,0,0,0,0,10,5e,84,cb,0,0,0,0,0   TimeStamp  :  33194       Distance  :  834

(PORT 1) : 6a,5,0,18,21,43,65,87,0,0,0,45,3,a7,1,0,0,0,0,70,83,ff,8f,0,0,0,0,0   TimeStamp  :  33290       Distance  :  837

(PORT 1) : 6a,5,0,18,21,43,65,87,0,0,0,45,3,a8,1,0,0,0,0,49,86,ec,81,0,0,0,0,0   TimeStamp  :  33386       Distance  :  837

(PORT 1) : 6a,5,0,18,21,43,65,87,0,4,0,43,3,a9,1,0,0,0,0,32,60,69,f3,0,0,0,0,0   TimeStamp  :  33481       Distance  :  835

(PORT 1) : 6a,5,0,18,21,43,65,87,0,0,0,41,3,aa,1,0,0,0,0,4d,fa,ff,e,0,0,0,0,0   TimeStamp  :  33579       Distance  :  833

(PORT 1) : 6a,5,0,18,21,43,65,87,0,0,0,45,3,ab,1,0,0,0,0,b7,1d,98,69,0,0,0,0,0   TimeStamp  :  33673       Distance  :  837

(PORT 1) : 6a,5,0,18,21,43,65,87,0,0,0,42,3,ac,1,0,0,0,0,d2,ee,1b,82,0,0,0,0,0   TimeStamp  :  33770       Distance  :  834

(PORT 1) : 6a,5,0,18,21,43,65,87,0,0,0,44,3,ad,1,0,0,0,0,c3,64,dc,46,0,0,0,0,0   TimeStamp  :  33865       Distance  :  836

(PORT 1) : 6a,5,0,18,21,43,65,87,0,0,0,2a,3,ae,1,0,0,0,0,6c,fe,26,45,0,0,0,0,0   TimeStamp  :  33961       Distance  :  810

(PORT 1) : 6a,5,0,18,21,43,65,87,0,4,0,46,3,af,1,0,0,0,0,4e,14,bd,5,0,0,0,0,0   TimeStamp  :  34058       Distance  :  838

(PORT 1) : 6a,5,0,18,21,43,65,87,0,5,1,13,3,b0,1,0,0,0,0,5f,ee,79,e3,0,0,0,0,0   TimeStamp  :  34154       Distance  :  787

(PORT 1) : 6a,5,0,18,21,43,65,87,0,0,1,2a,3,b1,1,0,0,0,0,b8,94,82,42,0,0,0,0,0   TimeStamp  :  34249       Distance  :  810

(PORT 1) : 6a,5,0,18,21,43,65,87,0,4,0,3d,3,b2,1,0,0,0,0,38,6f,a9,aa,0,0,0,0,0   TimeStamp  :  34345       Distance  :  829

(PORT 1) : 6a,5,0,18,21,43,65,87,0,0,0,47,3,b3,1,0,0,0,0,81,e8,4a,52,0,0,0,0,0   TimeStamp  :  34442       Distance  :  839

(PORT 1) : 6a,5,0,18,21,43,65,87,0,0,0,44,3,b4,1,0,0,0,0,69,3,64,99,0,0,0,0,0   TimeStamp  :  34537       Distance  :  836

(PORT 1) : 6a,5,0,18,21,43,65,87,0,4,0,2a,3,b5,1,0,0,0,0,dc,2d,bf,b1,0,0,0,0,0   TimeStamp  :  34634       Distance  :  810

(PORT 1) : 6a,5,0,18,21,43,65,87,0,0,0,46,3,b6,1,0,0,0,0,28,86,88,62,0,0,0,0,0   TimeStamp  :  34729       Distance  :  838

(PORT 1) : 6a,5,0,18,21,43,65,87,0,0,0,46,3,b7,1,0,0,0,0,b7,f8,e8,46,0,0,0,0,0   TimeStamp  :  34826       Distance  :  838

(PORT 1) : 6a,5,0,18,21,43,65,87,0,0,0,45,3,b8,1,0,0,0,0,98,a6,c,58,0,0,0,0,0   TimeStamp  :  34921       Distance  :  837

(PORT 1) : 6a,5,0,18,21,43,65,87,0,0,0,41,3,b9,1,0,0,0,0,ff,cf,ed,a9,0,0,0,0,0   TimeStamp  :  35018       Distance  :  833

(PORT 1) : 6a,5,0,18,21,43,65,87,0,4,0,46,3,ba,1,0,0,0,0,3,d6,b6,b4,0,0,0,0,0   TimeStamp  :  35113       Distance  :  838

(PORT 1) : 6a,5,0,18,21,43,65,87,0,0,0,45,3,bb,1,0,0,0,0,76,db,70,33,0,0,0,0,0   TimeStamp  :  35209       Distance  :  837

(PORT 1) : 6a,5,0,18,21,43,65,87,0,0,0,43,3,bc,1,0,0,0,0,de,87,6a,77,0,0,0,0,0   TimeStamp  :  35305       Distance  :  835

(PORT 1) : 6a,5,0,18,21,43,65,87,0,0,0,44,3,bd,1,0,0,0,0,ba,0,4,31,0,0,0,0,0   TimeStamp  :  35401       Distance  :  836

(PORT 1) : 6a,5,0,18,21,43,65,87,0,0,0,46,3,be,1,0,0,0,0,25,e4,fc,b9,0,0,0,0,0   TimeStamp  :  35497       Distance  :  838

(PORT 1) : 6a,5,0,18,21,43,65,87,0,0,0,47,3,bf,1,0,0,0,0,ca,84,91,bb,0,0,0,0,0   TimeStamp  :  35593       Distance  :  839

(PORT 1) : 6a,5,0,18,21,43,65,87,0,3,0,45,3,c0,1,0,0,0,0,17,b3,e2,41,0,0,0,0,0   TimeStamp  :  35689       Distance  :  837

(PORT 1) : 6a,5,0,18,21,43,65,87,0,0,0,47,3,c1,1,0,0,0,0,7a,97,bb,42,0,0,0,0,0   TimeStamp  :  35786       Distance  :  839

(PORT 1) : 6a,5,0,18,21,43,65,87,0,0,0,43,3,c2,1,0,0,0,0,c8,4b,37,fb,0,0,0,0,0   TimeStamp  :  35883       Distance  :  835

(PORT 1) : 6a,5,0,18,21,43,65,87,0,4,0,42,3,c3,1,0,0,0,0,41,c,9a,99,0,0,0,0,0   TimeStamp  :  35978       Distance  :  834

(PORT 1) : 6a,5,0,18,21,43,65,87,0,0,0,44,3,c4,1,0,0,0,0,1d,1a,36,f2,0,0,0,0,0   TimeStamp  :  36074       Distance  :  836

(PORT 1) : 6a,5,0,18,21,43,65,87,0,0,0,41,3,c5,1,0,0,0,0,fc,7a,8f,e0,0,0,0,0,0   TimeStamp  :  36170       Distance  :  833

(PORT 1) : 6a,5,0,18,21,43,65,87,0,0,0,2d,3,c6,1,0,0,0,0,18,1c,ac,86,0,0,0,0,0   TimeStamp  :  36266       Distance  :  813

(PORT 1) : 6a,5,0,18,21,43,65,87,0,0,0,2b,3,c7,1,0,0,0,0,aa,3f,6d,95,0,0,0,0,0   TimeStamp  :  36362       Distance  :  811

(PORT 1) : 6a,5,0,18,21,43,65,87,0,3,0,48,3,c8,1,0,0,0,0,4c,fd,29,e9,0,0,0,0,0   TimeStamp  :  36459       Distance  :  840

(PORT 1) : 6a,5,0,18,21,43,65,87,0,5,0,44,3,c9,1,0,0,0,0,9e,a9,c2,be,0,0,0,0,0   TimeStamp  :  36555       Distance  :  836

(PORT 1) : 6a,5,0,18,21,43,65,87,0,3,0,46,3,ca,1,0,0,0,0,b0,1d,60,74,0,0,0,0,0   TimeStamp  :  36650       Distance  :  838

(PORT 1) : 6a,5,0,18,21,43,65,87,0,0,0,48,3,cb,1,0,0,0,0,1b,b5,1,a3,0,0,0,0,0   TimeStamp  :  36746       Distance  :  840

(PORT 1) : 6a,5,0,18,21,43,65,87,0,0,0,41,3,cc,1,0,0,0,0,ea,4e,ab,44,0,0,0,0,0   TimeStamp  :  36842       Distance  :  833

(PORT 1) : 6a,5,0,18,21,43,65,87,0,0,0,44,3,cd,1,0,0,0,0,13,dc,81,f6,0,0,0,0,0   TimeStamp  :  36937       Distance  :  836

(PORT 1) : 6a,5,0,18,21,43,65,87,0,4,0,2a,3,ce,1,0,0,0,0,63,bb,d2,49,0,0,0,0,0   TimeStamp  :  37033       Distance  :  810

(PORT 1) : 6a,5,0,18,21,43,65,87,0,0,0,46,3,cf,1,0,0,0,0,3a,15,bd,99,0,0,0,0,0   TimeStamp  :  37130       Distance  :  838

(PORT 1) : 6a,5,0,18,21,43,65,87,0,0,0,40,3,d0,1,0,0,0,0,3b,3b,a0,ce,0,0,0,0,0   TimeStamp  :  37225       Distance  :  832

(PORT 1) : 6a,5,0,18,21,43,65,87,0,5,1,2b,3,d1,1,0,0,0,0,4a,cd,cf,2f,0,0,0,0,0   TimeStamp  :  37321       Distance  :  811

(PORT 1) : 6a,5,0,18,21,43,65,87,0,0,0,43,3,d2,1,0,0,0,0,ae,c5,d4,71,0,0,0,0,0   TimeStamp  :  37418       Distance  :  835

(PORT 1) : 6a,5,0,18,21,43,65,87,0,4,0,32,3,d3,1,0,0,0,0,17,78,48,5d,0,0,0,0,0   TimeStamp  :  37513       Distance  :  818

(PORT 1) : 6a,5,0,18,21,43,65,87,0,4,0,2c,3,d4,1,0,0,0,0,20,b3,bd,b3,0,0,0,0,0   TimeStamp  :  37609       Distance  :  812

(PORT 1) : 6a,5,0,18,21,43,65,87,0,0,0,44,3,d5,1,0,0,0,0,a,8d,85,6c,0,0,0,0,0   TimeStamp  :  37706       Distance  :  836

(PORT 1) : 6a,5,0,18,21,43,65,87,0,0,1,2d,3,d6,1,0,0,0,0,e6,f1,b0,9e,0,0,0,0,0   TimeStamp  :  37802       Distance  :  813

(PORT 1) : 6a,5,0,18,21,43,65,87,0,4,0,2d,3,d7,1,0,0,0,0,c3,2e,12,f,0,0,0,0,0   TimeStamp  :  37897       Distance  :  813

(PORT 1) : 6a,5,0,18,21,43,65,87,0,0,0,46,3,d8,1,0,0,0,0,96,8d,3b,2d,0,0,0,0,0   TimeStamp  :  37993       Distance  :  838

(PORT 1) : 6a,5,0,18,21,43,65,87,0,0,0,49,3,d9,1,0,0,0,0,c6,6f,f0,14,0,0,0,0,0   TimeStamp  :  38089       Distance  :  841

(PORT 1) : 6a,5,0,18,21,43,65,87,0,4,0,3a,3,da,1,0,0,0,0,47,22,98,1,0,0,0,0,0   TimeStamp  :  38186       Distance  :  826

(PORT 1) : 6a,5,0,18,21,43,65,87,0,0,0,43,3,db,1,0,0,0,0,62,ef,db,5b,0,0,0,0,0   TimeStamp  :  38281       Distance  :  835

(PORT 1) : 6a,5,0,18,21,43,65,87,0,0,0,48,3,dc,1,0,0,0,0,26,f9,cd,5b,0,0,0,0,0   TimeStamp  :  38378       Distance  :  840

(PORT 1) : 6a,5,0,18,21,43,65,87,0,0,0,45,3,dd,1,0,0,0,0,93,9,0,46,0,0,0,0,0   TimeStamp  :  38474       Distance  :  837

(PORT 1) : 6a,5,0,18,21,43,65,87,0,0,0,41,3,de,1,0,0,0,0,d5,2c,f0,14,0,0,0,0,0   TimeStamp  :  38570       Distance  :  833

(PORT 1) : 6a,5,0,18,21,43,65,87,0,3,1,2f,3,df,1,0,0,0,0,37,93,6a,3d,0,0,0,0,0   TimeStamp  :  38665       Distance  :  815

(PORT 1) : 6a,5,0,18,21,43,65,87,0,0,0,41,3,e0,1,0,0,0,0,49,a3,8f,93,0,0,0,0,0   TimeStamp  :  38761       Distance  :  833

(PORT 1) : 6a,5,0,18,21,43,65,87,0,0,0,44,3,e1,1,0,0,0,0,f1,a8,6e,3,0,0,0,0,0   TimeStamp  :  38857       Distance  :  836

(PORT 1) : 6a,5,0,18,21,43,65,87,0,0,0,2c,3,e2,1,0,0,0,0,98,4,c,d2,0,0,0,0,0   TimeStamp  :  38953       Distance  :  812

(PORT 1) : 6a,5,0,18,21,43,65,87,0,0,0,46,3,e3,1,0,0,0,0,a5,c3,65,98,0,0,0,0,0   TimeStamp  :  39049       Distance  :  838

(PORT 1) : 6a,5,0,18,21,43,65,87,0,0,0,46,3,e4,1,0,0,0,0,83,25,b2,41,0,0,0,0,0   TimeStamp  :  39145       Distance  :  838

(PORT 1) : 6a,5,0,18,21,43,65,87,0,0,0,43,3,e5,1,0,0,0,0,93,2b,89,25,0,0,0,0,0   TimeStamp  :  39241       Distance  :  835

(PORT 1) : 6a,5,0,18,21,43,65,87,0,0,0,45,3,e6,1,0,0,0,0,97,f3,7f,99,0,0,0,0,0   TimeStamp  :  39337       Distance  :  837

(PORT 1) : 6a,5,0,18,21,43,65,87,0,0,1,2e,3,e7,1,0,0,0,0,b8,da,c4,ec,0,0,0,0,0   TimeStamp  :  39433       Distance  :  814

(PORT 1) : 6a,5,0,18,21,43,65,87,0,4,0,42,3,e8,1,0,0,0,0,36,d8,ab,fc,0,0,0,0,0   TimeStamp  :  39529       Distance  :  834

(PORT 1) : 6a,5,0,18,21,43,65,87,0,0,0,45,3,e9,1,0,0,0,0,97,ca,4b,2d,0,0,0,0,0   TimeStamp  :  39625       Distance  :  837

(PORT 1) : 6a,5,0,18,21,43,65,87,0,0,0,40,3,ea,1,0,0,0,0,68,88,f6,bd,0,0,0,0,0   TimeStamp  :  39721       Distance  :  832

(PORT 1) : 6a,5,0,18,21,43,65,87,0,0,0,46,3,eb,1,0,0,0,0,c0,23,65,7a,0,0,0,0,0   TimeStamp  :  39817       Distance  :  838

(PORT 1) : 6a,5,0,18,21,43,65,87,0,0,0,47,3,ec,1,0,0,0,0,f8,3c,62,8d,0,0,0,0,0   TimeStamp  :  39913       Distance  :  839

(PORT 1) : 6a,5,0,18,21,43,65,87,0,0,0,4a,3,ed,1,0,0,0,0,79,b6,17,ac,0,0,0,0,0   TimeStamp  :  40009       Distance  :  842

(PORT 1) : 6a,5,0,18,21,43,65,87,0,4,0,46,3,ee,1,0,0,0,0,d6,44,11,46,0,0,0,0,0   TimeStamp  :  40105       Distance  :  838

(PORT 1) : 6a,5,0,18,21,43,65,87,0,0,0,45,3,ef,1,0,0,0,0,ee,be,33,79,0,0,0,0,0   TimeStamp  :  40202       Distance  :  837

(PORT 1) : 6a,5,0,18,21,43,65,87,0,0,0,40,3,f0,1,0,0,0,0,22,33,31,74,0,0,0,0,0   TimeStamp  :  40297       Distance  :  832

(PORT 1) : 6a,5,0,18,21,43,65,87,0,4,0,43,3,f1,1,0,0,0,0,55,98,f9,d8,0,0,0,0,0   TimeStamp  :  40394       Distance  :  835

(PORT 1) : 6a,5,0,18,21,43,65,87,0,0,0,45,3,f2,1,0,0,0,0,8c,20,15,5e,0,0,0,0,0   TimeStamp  :  40490       Distance  :  837

(PORT 1) : 6a,5,0,18,21,43,65,87,0,0,0,46,3,f3,1,0,0,0,0,7b,66,68,f3,0,0,0,0,0   TimeStamp  :  40585       Distance  :  838

(PORT 1) : 6a,5,0,18,21,43,65,87,0,3,1,17,3,f4,1,0,0,0,0,50,5a,ff,33,0,0,0,0,0   TimeStamp  :  40681       Distance  :  791

(PORT 1) : 6a,5,0,18,21,43,65,87,0,3,0,47,3,f5,1,0,0,0,0,44,a6,e7,c1,0,0,0,0,0   TimeStamp  :  40778       Distance  :  839

(PORT 1) : 6a,5,0,18,21,43,65,87,0,3,1,2d,3,f6,1,0,0,0,0,61,c7,b,a5,0,0,0,0,0   TimeStamp  :  40874       Distance  :  813

(PORT 1) : 6a,5,0,18,21,43,65,87,0,4,0,43,3,f7,1,0,0,0,0,3b,32,ac,86,0,0,0,0,0   TimeStamp  :  40970       Distance  :  835

(PORT 1) : 6a,5,0,18,21,43,65,87,0,0,0,42,3,f8,1,0,0,0,0,86,43,f4,2b,0,0,0,0,0   TimeStamp  :  41066       Distance  :  834

(PORT 1) : 6a,5,0,18,21,43,65,87,0,0,0,41,3,f9,1,0,0,0,0,33,18,e6,62,0,0,0,0,0   TimeStamp  :  41161       Distance  :  833

(PORT 1) : 6a,5,0,18,21,43,65,87,0,0,0,48,3,fa,1,0,0,0,0,ed,bc,88,58,0,0,0,0,0   TimeStamp  :  41257       Distance  :  840

(PORT 1) : 6a,5,0,18,21,43,65,87,0,0,0,42,3,fb,1,0,0,0,0,35,8c,76,60,0,0,0,0,0   TimeStamp  :  41353       Distance  :  834

(PORT 1) : 6a,5,0,18,21,43,65,87,0,0,0,49,3,fc,1,0,0,0,0,45,35,63,82,0,0,0,0,0   TimeStamp  :  41449       Distance  :  841

(PORT 1) : 6a,5,0,18,21,43,65,87,0,0,0,43,3,fd,1,0,0,0,0,15,32,e8,23,0,0,0,0,0   TimeStamp  :  41545       Distance  :  835

(PORT 1) : 6a,5,0,18,21,43,65,87,0,0,0,40,3,fe,1,0,0,0,0,d3,74,6c,78,0,0,0,0,0   TimeStamp  :  41641       Distance  :  832

(PORT 1) : 6a,5,0,18,21,43,65,87,0,4,0,2a,3,ff,1,0,0,0,0,2,30,e0,e2,0,0,0,0,0   TimeStamp  :  41737       Distance  :  810

(PORT 1) : 6a,5,0,18,21,43,65,87,0,0,0,42,3,0,2,0,0,0,0,fd,db,ad,71,0,0,0,0,0   TimeStamp  :  41833       Distance  :  834

(PORT 1) : 6a,5,0,18,21,43,65,87,0,4,0,44,3,1,2,0,0,0,0,b9,7,17,24,0,0,0,0,0   TimeStamp  :  41929       Distance  :  836

(PORT 1) : 6a,5,0,18,21,43,65,87,0,3,1,29,3,2,2,0,0,0,0,bf,bc,5e,f5,0,0,0,0,0   TimeStamp  :  42025       Distance  :  809

(PORT 1) : 6a,5,0,18,21,43,65,87,0,0,0,29,3,3,2,0,0,0,0,1d,46,db,4d,0,0,0,0,0   TimeStamp  :  42121       Distance  :  809

(PORT 1) : 6a,5,0,18,21,43,65,87,0,0,0,44,3,4,2,0,0,0,0,2a,d4,22,2a,0,0,0,0,0   TimeStamp  :  42217       Distance  :  836

(PORT 1) : 6a,5,0,18,21,43,65,87,0,0,1,2b,3,5,2,0,0,0,0,c7,2d,46,59,0,0,0,0,0   TimeStamp  :  42314       Distance  :  811

(PORT 1) : 6a,5,0,18,21,43,65,87,0,0,0,41,3,6,2,0,0,0,0,e8,66,37,90,0,0,0,0,0   TimeStamp  :  42410       Distance  :  833

(PORT 1) : 6a,5,0,18,21,43,65,87,0,0,0,41,3,7,2,0,0,0,0,97,2d,af,8a,0,0,0,0,0   TimeStamp  :  42505       Distance  :  833

(PORT 1) : 6a,5,0,18,21,43,65,87,0,0,0,47,3,8,2,0,0,0,0,66,69,ac,cd,0,0,0,0,0   TimeStamp  :  42602       Distance  :  839

(PORT 1) : 6a,5,0,18,21,43,65,87,0,0,0,45,3,9,2,0,0,0,0,68,ba,9f,14,0,0,0,0,0   TimeStamp  :  42697       Distance  :  837

(PORT 1) : 6a,5,0,18,21,43,65,87,0,0,0,45,3,a,2,0,0,0,0,cc,e6,38,3a,0,0,0,0,0   TimeStamp  :  42794       Distance  :  837

(PORT 1) : 6a,5,0,18,21,43,65,87,0,1,0,ff,ff,b,2,0,0,0,0,10,e8,13,3f,8c,0,0,0,0   TimeStamp  :  42889       Distance  :  65535

(PORT 1) : 6a,5,0,18,21,43,65,87,0,4,0,42,3,c,2,0,0,0,0,2f,14,cf,ec,0,0,0,0,0   TimeStamp  :  42985       Distance  :  834

(PORT 1) : 6a,5,0,18,21,43,65,87,0,3,0,44,3,d,2,0,0,0,0,28,b7,51,22,0,0,0,0,0   TimeStamp  :  43081       Distance  :  836

(PORT 1) : 6a,5,0,18,21,43,65,87,0,0,0,42,3,e,2,0,0,0,0,1a,7,11,5b,0,0,0,0,0   TimeStamp  :  43178       Distance  :  834

(PORT 1) : 6a,5,0,18,21,43,65,87,0,3,0,40,3,f,2,0,0,0,0,c8,8e,4e,7c,0,0,0,0,0   TimeStamp  :  43274       Distance  :  832

(PORT 1) : 6a,5,0,18,21,43,65,87,0,0,0,45,3,10,2,0,0,0,0,2d,90,6d,94,0,0,0,0,0   TimeStamp  :  43369       Distance  :  837

(PORT 1) : 6a,5,0,18,21,43,65,87,0,0,0,44,3,11,2,0,0,0,0,c4,db,a3,67,0,0,0,0,0   TimeStamp  :  43465       Distance  :  836

(PORT 1) : 6a,5,0,18,21,43,65,87,0,0,0,43,3,12,2,0,0,0,0,57,4b,e2,f5,0,0,0,0,0   TimeStamp  :  43561       Distance  :  835

(PORT 1) : 6a,5,0,18,21,43,65,87,0,0,0,46,3,13,2,0,0,0,0,1a,59,d9,73,0,0,0,0,0   TimeStamp  :  43657       Distance  :  838

(PORT 1) : 6a,5,0,18,21,43,65,87,0,0,0,46,3,14,2,0,0,0,0,6f,76,1d,a7,0,0,0,0,0   TimeStamp  :  43754       Distance  :  838

(PORT 1) : 6a,5,0,18,21,43,65,87,0,0,0,43,3,15,2,0,0,0,0,35,f2,47,e8,0,0,0,0,0   TimeStamp  :  43849       Distance  :  835

(PORT 1) : 6a,5,0,18,21,43,65,87,0,0,0,3c,3,16,2,0,0,0,0,64,9c,f0,9e,0,0,0,0,0   TimeStamp  :  43945       Distance  :  828

(PORT 1) : 6a,5,0,18,21,43,65,87,0,3,1,2a,3,17,2,0,0,0,0,55,ed,5c,57,0,0,0,0,0   TimeStamp  :  44041       Distance  :  810

(PORT 1) : 6a,5,0,18,21,43,65,87,0,3,1,2a,3,18,2,0,0,0,0,98,97,cb,73,0,0,0,0,0   TimeStamp  :  44137       Distance  :  810

(PORT 1) : 6a,5,0,18,21,43,65,87,0,0,0,46,3,19,2,0,0,0,0,bf,93,5a,9e,0,0,0,0,0   TimeStamp  :  44233       Distance  :  838

(PORT 1) : 6a,5,0,18,21,43,65,87,0,0,0,43,3,1a,2,0,0,0,0,95,fe,b7,1,0,0,0,0,0   TimeStamp  :  44329       Distance  :  835

(PORT 1) : 6a,5,0,18,21,43,65,87,0,0,0,48,3,1b,2,0,0,0,0,e1,7e,97,49,0,0,0,0,0   TimeStamp  :  44425       Distance  :  840

(PORT 1) : 6a,5,0,18,21,43,65,87,0,0,0,45,3,1c,2,0,0,0,0,c7,f,f1,22,0,0,0,0,0   TimeStamp  :  44521       Distance  :  837

(PORT 1) : 6a,5,0,18,21,43,65,87,0,4,0,2e,3,1d,2,0,0,0,0,64,4a,ee,4e,0,0,0,0,0   TimeStamp  :  44617       Distance  :  814

(PORT 1) : 6a,5,0,18,21,43,65,87,0,0,0,42,3,1e,2,0,0,0,0,b4,f,65,89,0,0,0,0,0   TimeStamp  :  44714       Distance  :  834

(PORT 1) : 6a,5,0,18,21,43,65,87,0,0,0,43,3,1f,2,0,0,0,0,ec,26,9c,c0,0,0,0,0,0   TimeStamp  :  44810       Distance  :  835

(PORT 1) : 6a,5,0,18,21,43,65,87,0,4,0,45,3,20,2,0,0,0,0,51,8c,2e,56,0,0,0,0,0   TimeStamp  :  44905       Distance  :  837

(PORT 1) : 6a,5,0,18,21,43,65,87,0,0,0,44,3,21,2,0,0,0,0,20,cb,4f,28,0,0,0,0,0   TimeStamp  :  45002       Distance  :  836

(PORT 1) : 6a,5,0,18,21,43,65,87,0,5,0,32,3,22,2,0,0,0,0,10,8c,8c,73,0,0,0,0,0   TimeStamp  :  45097       Distance  :  818

(PORT 1) : 6a,5,0,18,21,43,65,87,0,0,0,43,3,23,2,0,0,0,0,94,dd,c5,47,0,0,0,0,0   TimeStamp  :  45194       Distance  :  835

(PORT 1) : 6a,5,0,18,21,43,65,87,0,0,0,46,3,24,2,0,0,0,0,f8,d5,31,d0,0,0,0,0,0   TimeStamp  :  45289       Distance  :  838

(PORT 1) : 6a,5,0,18,21,43,65,87,0,3,0,45,3,25,2,0,0,0,0,da,27,6e,d5,0,0,0,0,0   TimeStamp  :  45385       Distance  :  837

(PORT 1) : 6a,5,0,18,21,43,65,87,0,0,0,40,3,26,2,0,0,0,0,12,94,48,33,0,0,0,0,0   TimeStamp  :  45481       Distance  :  832

(PORT 1) : 6a,5,0,18,21,43,65,87,0,0,0,42,3,27,2,0,0,0,0,73,b5,37,a3,0,0,0,0,0   TimeStamp  :  45578       Distance  :  834

(PORT 1) : 6a,5,0,18,21,43,65,87,0,3,0,42,3,28,2,0,0,0,0,87,ba,e8,bd,0,0,0,0,0   TimeStamp  :  45673       Distance  :  834

(PORT 1) : 6a,5,0,18,21,43,65,87,0,3,0,46,3,29,2,0,0,0,0,11,ab,f9,19,0,0,0,0,0   TimeStamp  :  45770       Distance  :  838

(PORT 1) : 6a,5,0,18,21,43,65,87,0,0,0,3f,3,2a,2,0,0,0,0,3f,d3,f9,f9,0,0,0,0,0   TimeStamp  :  45866       Distance  :  831

(PORT 1) : 6a,5,0,18,21,43,65,87,0,4,0,2b,3,2b,2,0,0,0,0,7c,fa,26,4b,0,0,0,0,0   TimeStamp  :  45961       Distance  :  811

(PORT 1) : 6a,5,0,18,21,43,65,87,0,3,1,2c,3,2c,2,0,0,0,0,23,92,7f,7,0,0,0,0,0   TimeStamp  :  46058       Distance  :  812

(PORT 1) : 6a,5,0,18,21,43,65,87,0,0,0,45,3,2d,2,0,0,0,0,b,92,79,0,0,0,0,0,0   TimeStamp  :  46153       Distance  :  837

(PORT 1) : 6a,5,0,18,21,43,65,87,0,0,0,3e,3,2e,2,0,0,0,0,61,f0,21,44,0,0,0,0,0   TimeStamp  :  46249       Distance  :  830

(PORT 1) : 6a,5,0,18,21,43,65,87,0,0,0,3d,3,2f,2,0,0,0,0,fb,56,fd,c8,0,0,0,0,0   TimeStamp  :  46345       Distance  :  829

(PORT 1) : 6a,5,0,18,21,43,65,87,0,0,0,48,3,30,2,0,0,0,0,24,9b,f5,ef,0,0,0,0,0   TimeStamp  :  46441       Distance  :  840

(PORT 1) : 6a,5,0,18,21,43,65,87,0,3,0,41,3,31,2,0,0,0,0,64,f8,fd,18,0,0,0,0,0   TimeStamp  :  46538       Distance  :  833

(PORT 1) : 6a,5,0,18,21,43,65,87,0,0,0,45,3,32,2,0,0,0,0,a1,5c,97,dc,0,0,0,0,0   TimeStamp  :  46633       Distance  :  837

(PORT 1) : 6a,5,0,18,21,43,65,87,0,0,0,42,3,33,2,0,0,0,0,92,87,b1,67,0,0,0,0,0   TimeStamp  :  46730       Distance  :  834

(PORT 1) : 6a,5,0,18,21,43,65,87,0,0,0,42,3,34,2,0,0,0,0,35,33,71,a9,0,0,0,0,0   TimeStamp  :  46825       Distance  :  834

(PORT 1) : 6a,5,0,18,21,43,65,87,0,5,0,3f,3,35,2,0,0,0,0,d7,80,39,9f,0,0,0,0,0   TimeStamp  :  46921       Distance  :  831

(PORT 1) : 6a,5,0,18,21,43,65,87,0,4,0,2e,3,36,2,0,0,0,0,6e,16,96,43,0,0,0,0,0   TimeStamp  :  47017       Distance  :  814

(PORT 1) : 6a,5,0,18,21,43,65,87,0,0,0,41,3,37,2,0,0,0,0,9,9e,8e,97,0,0,0,0,0   TimeStamp  :  47113       Distance  :  833

(PORT 1) : 6a,5,0,18,21,43,65,87,0,0,0,45,3,38,2,0,0,0,0,91,49,90,2f,0,0,0,0,0   TimeStamp  :  47210       Distance  :  837

(PORT 1) : 6a,5,0,18,21,43,65,87,0,0,0,41,3,39,2,0,0,0,0,8a,e3,6f,ef,0,0,0,0,0   TimeStamp  :  47305       Distance  :  833

(PORT 1) : 6a,5,0,18,21,43,65,87,0,0,0,44,3,3a,2,0,0,0,0,7d,f1,cb,62,0,0,0,0,0   TimeStamp  :  47401       Distance  :  836

(PORT 1) : 6a,5,0,18,21,43,65,87,0,0,0,47,3,3b,2,0,0,0,0,b7,91,1a,f,0,0,0,0,0   TimeStamp  :  47498       Distance  :  839

(PORT 1) : 6a,5,0,18,21,43,65,87,0,0,0,43,3,3c,2,0,0,0,0,93,c1,8c,ec,0,0,0,0,0   TimeStamp  :  47593       Distance  :  835

(PORT 1) : 6a,5,0,18,21,43,65,87,0,0,0,48,3,3d,2,0,0,0,0,dd,75,cf,ee,0,0,0,0,0   TimeStamp  :  47690       Distance  :  840

(PORT 1) : 6a,5,0,18,21,43,65,87,0,3,0,3e,3,3e,2,0,0,0,0,5,d1,b2,9d,0,0,0,0,0   TimeStamp  :  47785       Distance  :  830

(PORT 1) : 6a,5,0,18,21,43,65,87,0,0,0,44,3,3f,2,0,0,0,0,4,fc,e3,68,0,0,0,0,0   TimeStamp  :  47882       Distance  :  836

(PORT 1) : 6a,5,0,18,21,43,65,87,0,0,0,45,3,40,2,0,0,0,0,e6,6d,d7,37,0,0,0,0,0   TimeStamp  :  47977       Distance  :  837

(PORT 1) : 6a,5,0,18,21,43,65,87,0,0,0,43,3,41,2,0,0,0,0,bb,ee,d3,1d,0,0,0,0,0   TimeStamp  :  48073       Distance  :  835

(PORT 1) : 6a,5,0,18,21,43,65,87,0,0,0,43,3,42,2,0,0,0,0,3f,26,9c,5b,0,0,0,0,0   TimeStamp  :  48169       Distance  :  835

(PORT 1) : 6a,5,0,18,21,43,65,87,0,0,0,45,3,43,2,0,0,0,0,ab,d9,c,cb,0,0,0,0,0   TimeStamp  :  48265       Distance  :  837

(PORT 1) : 6a,5,0,18,21,43,65,87,0,0,0,45,3,44,2,0,0,0,0,94,94,8a,18,0,0,0,0,0   TimeStamp  :  48361       Distance  :  837

(PORT 1) : 6a,5,0,18,21,43,65,87,0,0,0,44,3,45,2,0,0,0,0,92,ea,f7,72,0,0,0,0,0   TimeStamp  :  48457       Distance  :  836

(PORT 1) : 6a,5,0,18,21,43,65,87,0,3,1,2b,3,46,2,0,0,0,0,a1,df,ad,72,0,0,0,0,0   TimeStamp  :  48554       Distance  :  811

(PORT 1) : 6a,5,0,18,21,43,65,87,0,0,0,46,3,47,2,0,0,0,0,96,cd,c3,d4,0,0,0,0,0   TimeStamp  :  48649       Distance  :  838

(PORT 1) : 6a,5,0,18,21,43,65,87,0,0,0,43,3,48,2,0,0,0,0,12,67,d6,bf,0,0,0,0,0   TimeStamp  :  48745       Distance  :  835

(PORT 1) : 6a,5,0,18,21,43,65,87,0,0,0,45,3,49,2,0,0,0,0,b3,41,e6,6c,0,0,0,0,0   TimeStamp  :  48841       Distance  :  837

(PORT 1) : 6a,5,0,18,21,43,65,87,0,3,0,45,3,4a,2,0,0,0,0,5e,5c,5d,70,0,0,0,0,0   TimeStamp  :  48937       Distance  :  837

(PORT 1) : 6a,5,0,18,21,43,65,87,0,3,0,43,3,4b,2,0,0,0,0,71,54,9e,4f,0,0,0,0,0   TimeStamp  :  49034       Distance  :  835

(PORT 1) : 6a,5,0,18,21,43,65,87,0,4,0,2c,3,4c,2,0,0,0,0,89,10,25,85,0,0,0,0,0   TimeStamp  :  49130       Distance  :  812

(PORT 1) : 6a,5,0,18,21,43,65,87,0,0,0,48,3,4d,2,0,0,0,0,93,7c,da,9b,0,0,0,0,0   TimeStamp  :  49225       Distance  :  840

(PORT 1) : 6a,5,0,18,21,43,65,87,0,3,0,44,3,4e,2,0,0,0,0,2f,5f,e2,b9,0,0,0,0,0   TimeStamp  :  49321       Distance  :  836

(PORT 1) : 6a,5,0,18,21,43,65,87,0,0,0,47,3,4f,2,0,0,0,0,8f,5c,9e,5,0,0,0,0,0   TimeStamp  :  49417       Distance  :  839

(PORT 1) : 6a,5,0,18,21,43,65,87,0,0,0,47,3,50,2,0,0,0,0,d0,dd,25,1f,0,0,0,0,0   TimeStamp  :  49513       Distance  :  839

(PORT 1) : 6a,5,0,18,21,43,65,87,0,4,0,44,3,51,2,0,0,0,0,a9,ba,c,3f,0,0,0,0,0   TimeStamp  :  49609       Distance  :  836

(PORT 1) : 6a,5,0,18,21,43,65,87,0,0,0,42,3,52,2,0,0,0,0,2c,75,f9,3f,0,0,0,0,0   TimeStamp  :  49706       Distance  :  834

(PORT 1) : 6a,5,0,18,21,43,65,87,0,0,0,44,3,53,2,0,0,0,0,2e,59,3d,ce,0,0,0,0,0   TimeStamp  :  49801       Distance  :  836

(PORT 1) : 6a,5,0,18,21,43,65,87,0,0,0,2a,3,54,2,0,0,0,0,6c,32,7,12,0,0,0,0,0   TimeStamp  :  49897       Distance  :  810

(PORT 1) : 6a,5,0,18,21,43,65,87,0,0,0,47,3,55,2,0,0,0,0,d8,18,49,77,0,0,0,0,0   TimeStamp  :  49993       Distance  :  839

(PORT 1) : 6a,5,0,18,21,43,65,87,0,0,0,43,3,56,2,0,0,0,0,6,29,4e,5e,0,0,0,0,0   TimeStamp  :  50089       Distance  :  835

(PORT 1) : 6a,5,0,18,21,43,65,87,0,0,0,41,3,57,2,0,0,0,0,fb,36,2a,95,0,0,0,0,0   TimeStamp  :  50185       Distance  :  833

(PORT 1) : 6a,5,0,18,21,43,65,87,0,0,0,46,3,58,2,0,0,0,0,dc,f4,50,e8,0,0,0,0,0   TimeStamp  :  50281       Distance  :  838

(PORT 1) : 6a,5,0,18,21,43,65,87,0,3,0,3e,3,59,2,0,0,0,0,ed,32,a5,c,0,0,0,0,0   TimeStamp  :  50377       Distance  :  830

(PORT 1) : 6a,5,0,18,21,43,65,87,0,4,0,43,3,5a,2,0,0,0,0,bf,e6,72,a1,0,0,0,0,0   TimeStamp  :  50473       Distance  :  835

(PORT 1) : 6a,5,0,18,21,43,65,87,0,3,1,29,3,5b,2,0,0,0,0,40,8f,45,e8,0,0,0,0,0   TimeStamp  :  50569       Distance  :  809

(PORT 1) : 6a,5,0,18,21,43,65,87,0,3,1,2a,3,5c,2,0,0,0,0,b,62,f2,ed,0,0,0,0,0   TimeStamp  :  50666       Distance  :  810

(PORT 1) : 6a,5,0,18,21,43,65,87,0,0,0,45,3,5d,2,0,0,0,0,2c,e3,51,47,0,0,0,0,0   TimeStamp  :  50762       Distance  :  837

(PORT 1) : 6a,5,0,18,21,43,65,87,0,0,0,44,3,5e,2,0,0,0,0,f6,71,84,ae,0,0,0,0,0   TimeStamp  :  50857       Distance  :  836

(PORT 1) : 6a,5,0,18,21,43,65,87,0,4,0,47,3,5f,2,0,0,0,0,70,56,97,8d,0,0,0,0,0   TimeStamp  :  50953       Distance  :  839

(PORT 1) : 6a,5,0,18,21,43,65,87,0,0,0,46,3,60,2,0,0,0,0,13,fc,d6,3d,0,0,0,0,0   TimeStamp  :  51049       Distance  :  838

(PORT 1) : 6a,5,0,18,21,43,65,87,0,3,0,44,3,61,2,0,0,0,0,a3,c7,c9,83,0,0,0,0,0   TimeStamp  :  51146       Distance  :  836

(PORT 1) : 6a,5,0,18,21,43,65,87,0,0,0,44,3,62,2,0,0,0,0,ee,34,25,e7,0,0,0,0,0   TimeStamp  :  51241       Distance  :  836

(PORT 1) : 6a,5,0,18,21,43,65,87,0,0,1,2a,3,63,2,0,0,0,0,5a,94,e,54,0,0,0,0,0   TimeStamp  :  51339       Distance  :  810

(PORT 1) : 6a,5,0,18,21,43,65,87,0,0,0,2c,3,64,2,0,0,0,0,8b,71,78,ad,0,0,0,0,0   TimeStamp  :  51433       Distance  :  812

(PORT 1) : 6a,5,0,18,21,43,65,87,0,0,0,41,3,65,2,0,0,0,0,86,e1,69,2e,0,0,0,0,0   TimeStamp  :  51529       Distance  :  833

(PORT 1) : 6a,5,0,18,21,43,65,87,0,5,1,14,3,66,2,0,0,0,0,f7,1,45,87,0,0,0,0,0   TimeStamp  :  51624       Distance  :  788

(PORT 1) : 6a,5,0,18,21,43,65,87,0,0,0,44,3,67,2,0,0,0,0,9a,e1,9e,c,0,0,0,0,0   TimeStamp  :  51720       Distance  :  836

(PORT 1) : 6a,5,0,18,21,43,65,87,0,4,0,46,3,68,2,0,0,0,0,c5,81,d4,51,0,0,0,0,0   TimeStamp  :  51816       Distance  :  838

(PORT 1) : 6a,5,0,18,21,43,65,87,0,3,0,45,3,69,2,0,0,0,0,7d,e2,7c,ac,0,0,0,0,0   TimeStamp  :  51913       Distance  :  837

(PORT 1) : 6a,5,0,18,21,43,65,87,0,0,0,47,3,6a,2,0,0,0,0,ec,f6,ab,ba,0,0,0,0,0   TimeStamp  :  52010       Distance  :  839

(PORT 1) : 6a,5,0,18,21,43,65,87,0,0,0,46,3,6b,2,0,0,0,0,b0,78,97,7c,0,0,0,0,0   TimeStamp  :  52105       Distance  :  838

(PORT 1) : 6a,5,0,18,21,43,65,87,0,4,0,45,3,6c,2,0,0,0,0,8d,3f,d3,90,0,0,0,0,0   TimeStamp  :  52201       Distance  :  837

(PORT 1) : 6a,5,0,18,21,43,65,87,0,0,0,46,3,6d,2,0,0,0,0,a9,49,b4,fd,0,0,0,0,0   TimeStamp  :  52297       Distance  :  838

(PORT 1) : 6a,5,0,18,21,43,65,87,0,0,0,41,3,6e,2,0,0,0,0,fa,ad,5c,be,0,0,0,0,0   TimeStamp  :  52392       Distance  :  833

(PORT 1) : 6a,5,0,18,21,43,65,87,0,0,0,48,3,6f,2,0,0,0,0,6c,6f,ec,52,0,0,0,0,0   TimeStamp  :  52489       Distance  :  840

(PORT 1) : 6a,5,0,18,21,43,65,87,0,0,0,45,3,70,2,0,0,0,0,77,5f,e4,d1,0,0,0,0,0   TimeStamp  :  52584       Distance  :  837

(PORT 1) : 6a,5,0,18,21,43,65,87,0,0,0,43,3,71,2,0,0,0,0,26,f0,4e,87,0,0,0,0,0   TimeStamp  :  52681       Distance  :  835

(PORT 1) : 6a,5,0,18,21,43,65,87,0,0,0,45,3,72,2,0,0,0,0,80,88,75,1d,0,0,0,0,0   TimeStamp  :  52777       Distance  :  837

(PORT 1) : 6a,5,0,18,21,43,65,87,0,4,0,2f,3,73,2,0,0,0,0,22,2c,ed,c7,0,0,0,0,0   TimeStamp  :  52873       Distance  :  815

(PORT 1) : 6a,5,0,18,21,43,65,87,0,0,0,46,3,74,2,0,0,0,0,b1,95,1c,dc,0,0,0,0,0   TimeStamp  :  52969       Distance  :  838

(PORT 1) : 6a,5,0,18,21,43,65,87,0,0,0,41,3,75,2,0,0,0,0,c1,79,12,aa,0,0,0,0,0   TimeStamp  :  53065       Distance  :  833

(PORT 1) : 6a,5,0,18,21,43,65,87,0,3,0,3f,3,76,2,0,0,0,0,2a,e6,f1,21,0,0,0,0,0   TimeStamp  :  53161       Distance  :  831

(PORT 1) : 6a,5,0,18,21,43,65,87,0,0,0,47,3,77,2,0,0,0,0,e,9c,b9,f2,0,0,0,0,0   TimeStamp  :  53257       Distance  :  839

(PORT 1) : 6a,5,0,18,21,43,65,87,0,0,0,44,3,78,2,0,0,0,0,49,c9,0,f7,0,0,0,0,0   TimeStamp  :  53353       Distance  :  836

(PORT 1) : 6a,5,0,18,21,43,65,87,0,0,0,44,3,79,2,0,0,0,0,2f,f0,3f,a9,0,0,0,0,0   TimeStamp  :  53449       Distance  :  836

(PORT 1) : 6a,5,0,18,21,43,65,87,0,0,0,46,3,7a,2,0,0,0,0,45,2e,c5,3f,0,0,0,0,0   TimeStamp  :  53545       Distance  :  838

(PORT 1) : 6a,5,0,18,21,43,65,87,0,3,0,45,3,7b,2,0,0,0,0,cf,cb,11,2,0,0,0,0,0   TimeStamp  :  53641       Distance  :  837

(PORT 1) : 6a,5,0,18,21,43,65,87,0,0,0,44,3,7c,2,0,0,0,0,e1,40,7c,f9,0,0,0,0,0   TimeStamp  :  53737       Distance  :  836

(PORT 1) : 6a,5,0,18,21,43,65,87,0,4,0,2a,3,7d,2,0,0,0,0,86,58,9f,cf,0,0,0,0,0   TimeStamp  :  53833       Distance  :  810

(PORT 1) : 6a,5,0,18,21,43,65,87,0,3,0,46,3,7e,2,0,0,0,0,62,a7,8b,25,0,0,0,0,0   TimeStamp  :  53929       Distance  :  838

(PORT 1) : 6a,5,0,18,21,43,65,87,0,0,0,44,3,7f,2,0,0,0,0,7a,c5,b4,ab,0,0,0,0,0   TimeStamp  :  54025       Distance  :  836

(PORT 1) : 6a,5,0,18,21,43,65,87,0,0,0,44,3,80,2,0,0,0,0,9a,65,29,13,0,0,0,0,0   TimeStamp  :  54121       Distance  :  836

(PORT 1) : 6a,5,0,18,21,43,65,87,0,0,0,44,3,81,2,0,0,0,0,24,69,d7,6f,0,0,0,0,0   TimeStamp  :  54217       Distance  :  836

(PORT 1) : 6a,5,0,18,21,43,65,87,0,0,0,44,3,82,2,0,0,0,0,e,c8,36,70,0,0,0,0,0   TimeStamp  :  54313       Distance  :  836

(PORT 1) : 6a,5,0,18,21,43,65,87,0,0,0,47,3,83,2,0,0,0,0,ab,ff,34,f8,0,0,0,0,0   TimeStamp  :  54409       Distance  :  839

(PORT 1) : 6a,5,0,18,21,43,65,87,0,3,1,2e,3,84,2,0,0,0,0,ba,3d,a2,51,0,0,0,0,0   TimeStamp  :  54505       Distance  :  814

(PORT 1) : 6a,5,0,18,21,43,65,87,0,0,0,42,3,85,2,0,0,0,0,e2,b3,eb,15,0,0,0,0,0   TimeStamp  :  54601       Distance  :  834

(PORT 1) : 6a,5,0,18,21,43,65,87,0,0,0,44,3,86,2,0,0,0,0,2a,7f,5e,7e,0,0,0,0,0   TimeStamp  :  54697       Distance  :  836

(PORT 1) : 6a,5,0,18,21,43,65,87,0,5,1,14,3,87,2,0,0,0,0,70,22,ac,5e,0,0,0,0,0   TimeStamp  :  54793       Distance  :  788

(PORT 1) : 6a,5,0,18,21,43,65,87,0,0,0,45,3,88,2,0,0,0,0,95,d3,e5,66,0,0,0,0,0   TimeStamp  :  54888       Distance  :  837

(PORT 1) : 6a,5,0,18,21,43,65,87,0,4,0,41,3,89,2,0,0,0,0,8b,20,26,a9,0,0,0,0,0   TimeStamp  :  54985       Distance  :  833

(PORT 1) : 6a,5,0,18,21,43,65,87,0,3,1,2b,3,8a,2,0,0,0,0,b8,d8,75,e2,0,0,0,0,0   TimeStamp  :  55081       Distance  :  811

(PORT 1) : 6a,5,0,18,21,43,65,87,0,0,0,45,3,8b,2,0,0,0,0,6a,7b,8f,82,0,0,0,0,0   TimeStamp  :  55178       Distance  :  837

(PORT 1) : 6a,5,0,18,21,43,65,87,0,3,0,40,3,8c,2,0,0,0,0,a8,7d,15,ce,0,0,0,0,0   TimeStamp  :  55272       Distance  :  832

(PORT 1) : 6a,5,0,18,21,43,65,87,0,0,0,45,3,8d,2,0,0,0,0,6c,65,7,d4,0,0,0,0,0   TimeStamp  :  55370       Distance  :  837

(PORT 1) : 6a,5,0,18,21,43,65,87,0,4,0,47,3,8e,2,0,0,0,0,eb,26,ab,a4,0,0,0,0,0   TimeStamp  :  55465       Distance  :  839

(PORT 1) : 6a,5,0,18,21,43,65,87,0,3,1,28,3,8f,2,0,0,0,0,ee,ae,9,16,0,0,0,0,0   TimeStamp  :  55562       Distance  :  808

(PORT 1) : 6a,5,0,18,21,43,65,87,0,0,0,42,3,90,2,0,0,0,0,d7,ff,4c,6f,0,0,0,0,0   TimeStamp  :  55657       Distance  :  834

(PORT 1) : 6a,5,0,18,21,43,65,87,0,0,0,42,3,91,2,0,0,0,0,8d,63,5,b7,0,0,0,0,0   TimeStamp  :  55753       Distance  :  834

(PORT 1) : 6a,5,0,18,21,43,65,87,0,0,0,46,3,92,2,0,0,0,0,8d,9c,bf,6c,0,0,0,0,0   TimeStamp  :  55849       Distance  :  838

(PORT 1) : 6a,5,0,18,21,43,65,87,0,2,0,ff,ff,93,2,0,0,0,0,e,7a,ea,45,6f,0,0,0,0   TimeStamp  :  55945       Distance  :  65535

(PORT 1) : 6a,5,0,18,21,43,65,87,0,0,0,44,3,94,2,0,0,0,0,91,bd,ff,bb,0,0,0,0,0   TimeStamp  :  56041       Distance  :  836

(PORT 1) : 6a,5,0,18,21,43,65,87,0,0,0,46,3,95,2,0,0,0,0,fd,29,ad,60,0,0,0,0,0   TimeStamp  :  56137       Distance  :  838

(PORT 1) : 6a,5,0,18,21,43,65,87,0,3,1,2a,3,96,2,0,0,0,0,b2,eb,c3,96,0,0,0,0,0   TimeStamp  :  56232       Distance  :  810

(PORT 1) : 6a,5,0,18,21,43,65,87,0,4,0,41,3,97,2,0,0,0,0,98,67,6,22,0,0,0,0,0   TimeStamp  :  56329       Distance  :  833

(PORT 1) : 6a,5,0,18,21,43,65,87,0,0,0,44,3,98,2,0,0,0,0,98,9c,6d,a1,0,0,0,0,0   TimeStamp  :  56425       Distance  :  836

(PORT 1) : 6a,5,0,18,21,43,65,87,0,0,0,47,3,99,2,0,0,0,0,ee,c7,46,8e,0,0,0,0,0   TimeStamp  :  56522       Distance  :  839

(PORT 1) : 6a,5,0,18,21,43,65,87,0,4,0,45,3,9a,2,0,0,0,0,a3,f2,ef,d4,0,0,0,0,0   TimeStamp  :  56616       Distance  :  837

(PORT 1) : 6a,5,0,18,21,43,65,87,0,0,0,41,3,9b,2,0,0,0,0,86,10,43,a0,0,0,0,0,0   TimeStamp  :  56713       Distance  :  833

(PORT 1) : 6a,5,0,18,21,43,65,87,0,0,0,45,3,9c,2,0,0,0,0,43,e1,6c,5b,0,0,0,0,0   TimeStamp  :  56808       Distance  :  837

(PORT 1) : 6a,5,0,18,21,43,65,87,0,0,0,47,3,9d,2,0,0,0,0,98,2b,df,56,0,0,0,0,0   TimeStamp  :  56905       Distance  :  839

(PORT 1) : 6a,5,0,18,21,43,65,87,0,0,0,43,3,9e,2,0,0,0,0,83,c3,3e,f,0,0,0,0,0   TimeStamp  :  57001       Distance  :  835

(PORT 1) : 6a,5,0,18,21,43,65,87,0,0,0,42,3,9f,2,0,0,0,0,a1,5f,c,61,0,0,0,0,0   TimeStamp  :  57097       Distance  :  834

(PORT 1) : 6a,5,0,18,21,43,65,87,0,4,0,27,3,a0,2,0,0,0,0,b9,e5,ca,93,0,0,0,0,0   TimeStamp  :  57193       Distance  :  807

(PORT 1) : 6a,5,0,18,21,43,65,87,0,0,0,44,3,a1,2,0,0,0,0,73,2e,3b,69,0,0,0,0,0   TimeStamp  :  57290       Distance  :  836

(PORT 1) : 6a,5,0,18,21,43,65,87,0,0,0,42,3,a2,2,0,0,0,0,ec,61,90,d8,0,0,0,0,0   TimeStamp  :  57386       Distance  :  834

(PORT 1) : 6a,5,0,18,21,43,65,87,0,0,0,45,3,a3,2,0,0,0,0,3f,ad,e0,f6,0,0,0,0,0   TimeStamp  :  57480       Distance  :  837

(PORT 1) : 6a,5,0,18,21,43,65,87,0,0,0,45,3,a4,2,0,0,0,0,32,64,6e,e0,0,0,0,0,0   TimeStamp  :  57577       Distance  :  837

(PORT 1) : 6a,5,0,18,21,43,65,87,0,0,0,41,3,a5,2,0,0,0,0,4e,a8,e2,af,0,0,0,0,0   TimeStamp  :  57673       Distance  :  833

(PORT 1) : 6a,5,0,18,21,43,65,87,0,0,0,43,3,a6,2,0,0,0,0,b1,23,2f,e1,0,0,0,0,0   TimeStamp  :  57768       Distance  :  835

(PORT 1) : 6a,5,0,18,21,43,65,87,0,0,0,2f,3,a7,2,0,0,0,0,cf,a,cf,68,0,0,0,0,0   TimeStamp  :  57865       Distance  :  815

(PORT 1) : 6a,5,0,18,21,43,65,87,0,0,0,29,3,a8,2,0,0,0,0,53,b1,73,c1,0,0,0,0,0   TimeStamp  :  57961       Distance  :  809

(PORT 1) : 6a,5,0,18,21,43,65,87,0,0,0,40,3,a9,2,0,0,0,0,48,e9,bf,db,0,0,0,0,0   TimeStamp  :  58057       Distance  :  832

(PORT 1) : 6a,5,0,18,21,43,65,87,0,0,0,46,3,aa,2,0,0,0,0,68,6c,58,1f,0,0,0,0,0   TimeStamp  :  58152       Distance  :  838

(PORT 1) : 6a,5,0,18,21,43,65,87,0,0,0,46,3,ab,2,0,0,0,0,c4,fe,70,b3,0,0,0,0,0   TimeStamp  :  58248       Distance  :  838

(PORT 1) : 6a,5,0,18,21,43,65,87,0,0,0,46,3,ac,2,0,0,0,0,80,3c,9e,d,0,0,0,0,0   TimeStamp  :  58344       Distance  :  838

(PORT 1) : 6a,5,0,18,21,43,65,87,0,3,1,2b,3,ad,2,0,0,0,0,4a,a5,5f,f3,0,0,0,0,0   TimeStamp  :  58441       Distance  :  811

(PORT 1) : 6a,5,0,18,21,43,65,87,0,4,0,41,3,ae,2,0,0,0,0,4e,ee,ac,2c,0,0,0,0,0   TimeStamp  :  58538       Distance  :  833

(PORT 1) : 6a,5,0,18,21,43,65,87,0,3,0,46,3,af,2,0,0,0,0,8a,80,5f,36,0,0,0,0,0   TimeStamp  :  58633       Distance  :  838

(PORT 1) : 6a,5,0,18,21,43,65,87,0,0,0,46,3,b0,2,0,0,0,0,78,28,c9,63,0,0,0,0,0   TimeStamp  :  58729       Distance  :  838

(PORT 1) : 6a,5,0,18,21,43,65,87,0,0,0,46,3,b1,2,0,0,0,0,a8,f8,dc,33,0,0,0,0,0   TimeStamp  :  58825       Distance  :  838

(PORT 1) : 6a,5,0,18,21,43,65,87,0,0,0,47,3,b2,2,0,0,0,0,a8,8f,e2,78,0,0,0,0,0   TimeStamp  :  58920       Distance  :  839

(PORT 1) : 6a,5,0,18,21,43,65,87,0,4,0,46,3,b3,2,0,0,0,0,12,35,48,39,0,0,0,0,0   TimeStamp  :  59016       Distance  :  838

(PORT 1) : 6a,5,0,18,21,43,65,87,0,0,0,47,3,b4,2,0,0,0,0,44,ae,14,6a,0,0,0,0,0   TimeStamp  :  59113       Distance  :  839

(PORT 1) : 6a,5,0,18,21,43,65,87,0,0,0,43,3,b5,2,0,0,0,0,fb,f4,cd,72,0,0,0,0,0   TimeStamp  :  59209       Distance  :  835

(PORT 1) : 6a,5,0,18,21,43,65,87,0,0,0,45,3,b6,2,0,0,0,0,d8,58,17,b0,0,0,0,0,0   TimeStamp  :  59305       Distance  :  837

(PORT 1) : 6a,5,0,18,21,43,65,87,0,3,0,47,3,b7,2,0,0,0,0,d5,e1,f5,9b,0,0,0,0,0   TimeStamp  :  59400       Distance  :  839

(PORT 1) : 6a,5,0,18,21,43,65,87,0,4,0,2b,3,b8,2,0,0,0,0,63,aa,c2,1c,0,0,0,0,0   TimeStamp  :  59497       Distance  :  811

(PORT 1) : 6a,5,0,18,21,43,65,87,0,4,0,2c,3,b9,2,0,0,0,0,8a,15,67,6d,0,0,0,0,0   TimeStamp  :  59593       Distance  :  812

(PORT 1) : 6a,5,0,18,21,43,65,87,0,0,0,29,3,ba,2,0,0,0,0,69,7e,fc,67,0,0,0,0,0   TimeStamp  :  59689       Distance  :  809

(PORT 1) : 6a,5,0,18,21,43,65,87,0,0,0,42,3,bb,2,0,0,0,0,dd,57,40,8f,0,0,0,0,0   TimeStamp  :  59785       Distance  :  834

(PORT 1) : 6a,5,0,18,21,43,65,87,0,0,0,41,3,bc,2,0,0,0,0,72,33,99,f1,0,0,0,0,0   TimeStamp  :  59881       Distance  :  833

(PORT 1) : 6a,5,0,18,21,43,65,87,0,0,0,43,3,bd,2,0,0,0,0,5a,8b,79,46,0,0,0,0,0   TimeStamp  :  59976       Distance  :  835

(PORT 1) : 6a,5,0,18,21,43,65,87,0,4,0,45,3,be,2,0,0,0,0,6a,aa,3a,2f,0,0,0,0,0   TimeStamp  :  60073       Distance  :  837

(PORT 1) : 6a,5,0,18,21,43,65,87,0,3,0,45,3,bf,2,0,0,0,0,b5,0,a5,83,0,0,0,0,0   TimeStamp  :  60170       Distance  :  837

(PORT 1) : 6a,5,0,18,21,43,65,87,0,0,0,45,3,c0,2,0,0,0,0,7a,b7,d8,a3,0,0,0,0,0   TimeStamp  :  60265       Distance  :  837

(PORT 1) : 6a,5,0,18,21,43,65,87,0,3,0,41,3,c1,2,0,0,0,0,46,66,6e,a3,0,0,0,0,0   TimeStamp  :  60361       Distance  :  833

(PORT 1) : 6a,5,0,18,21,43,65,87,0,0,0,49,3,c2,2,0,0,0,0,2d,80,76,c9,0,0,0,0,0   TimeStamp  :  60457       Distance  :  841

(PORT 1) : 6a,5,0,18,21,43,65,87,0,2,0,ff,ff,c3,2,0,0,0,0,31,6b,54,89,6f,0,0,0,0   TimeStamp  :  60553       Distance  :  65535

(PORT 1) : 6a,5,0,18,21,43,65,87,0,0,0,40,3,c4,2,0,0,0,0,63,73,59,fd,0,0,0,0,0   TimeStamp  :  60649       Distance  :  832

(PORT 1) : 6a,5,0,18,21,43,65,87,0,0,0,43,3,c5,2,0,0,0,0,fd,15,fc,bf,0,0,0,0,0   TimeStamp  :  60746       Distance  :  835

(PORT 1) : 6a,5,0,18,21,43,65,87,0,3,1,2a,3,c6,2,0,0,0,0,b,f,4d,9e,0,0,0,0,0   TimeStamp  :  60840       Distance  :  810

(PORT 1) : 6a,5,0,18,21,43,65,87,0,5,0,47,3,c7,2,0,0,0,0,30,50,26,8b,0,0,0,0,0   TimeStamp  :  60937       Distance  :  839

(PORT 1) : 6a,5,0,18,21,43,65,87,0,0,0,46,3,c8,2,0,0,0,0,42,44,e6,57,0,0,0,0,0   TimeStamp  :  61034       Distance  :  838

(PORT 1) : 6a,5,0,18,21,43,65,87,0,0,0,43,3,c9,2,0,0,0,0,c3,a2,11,56,0,0,0,0,0   TimeStamp  :  61129       Distance  :  835

(PORT 1) : 6a,5,0,18,21,43,65,87,0,0,0,48,3,ca,2,0,0,0,0,14,e7,7e,b2,0,0,0,0,0   TimeStamp  :  61224       Distance  :  840

(PORT 1) : 6a,5,0,18,21,43,65,87,0,0,0,42,3,cb,2,0,0,0,0,91,73,8f,da,0,0,0,0,0   TimeStamp  :  61320       Distance  :  834

(PORT 1) : 6a,5,0,18,21,43,65,87,0,0,0,46,3,cc,2,0,0,0,0,96,e4,9d,4e,0,0,0,0,0   TimeStamp  :  61417       Distance  :  838

(PORT 1) : 6a,5,0,18,21,43,65,87,0,0,0,41,3,cd,2,0,0,0,0,61,91,39,e7,0,0,0,0,0   TimeStamp  :  61513       Distance  :  833

(PORT 1) : 6a,5,0,18,21,43,65,87,0,4,1,2f,3,ce,2,0,0,0,0,e4,4,7d,28,0,0,0,0,0   TimeStamp  :  61608       Distance  :  815

(PORT 1) : 6a,5,0,18,21,43,65,87,0,0,0,42,3,cf,2,0,0,0,0,97,52,ed,9,0,0,0,0,0   TimeStamp  :  61705       Distance  :  834

(PORT 1) : 6a,5,0,18,21,43,65,87,0,0,0,46,3,d0,2,0,0,0,0,3d,58,a5,68,0,0,0,0,0   TimeStamp  :  61801       Distance  :  838

(PORT 1) : 6a,5,0,18,21,43,65,87,0,0,0,46,3,d1,2,0,0,0,0,fa,76,7,96,0,0,0,0,0   TimeStamp  :  61897       Distance  :  838

(PORT 1) : 6a,5,0,18,21,43,65,87,0,4,0,28,3,d2,2,0,0,0,0,92,bf,bc,5a,0,0,0,0,0   TimeStamp  :  61992       Distance  :  808

(PORT 1) : 6a,5,0,18,21,43,65,87,0,4,0,2e,3,d3,2,0,0,0,0,a1,c8,30,fc,0,0,0,0,0   TimeStamp  :  62089       Distance  :  814

(PORT 1) : 6a,5,0,18,21,43,65,87,0,0,0,47,3,d4,2,0,0,0,0,6f,e4,a6,b5,0,0,0,0,0   TimeStamp  :  62185       Distance  :  839

(PORT 1) : 6a,5,0,18,21,43,65,87,0,0,0,47,3,d5,2,0,0,0,0,f6,9,3,99,0,0,0,0,0   TimeStamp  :  62280       Distance  :  839

(PORT 1) : 6a,5,0,18,21,43,65,87,0,0,0,42,3,d6,2,0,0,0,0,48,50,18,28,0,0,0,0,0   TimeStamp  :  62377       Distance  :  834

(PORT 1) : 6a,5,0,18,21,43,65,87,0,0,0,47,3,d7,2,0,0,0,0,7c,c1,84,f3,0,0,0,0,0   TimeStamp  :  62473       Distance  :  839

(PORT 1) : 6a,5,0,18,21,43,65,87,0,0,0,43,3,d8,2,0,0,0,0,14,28,7c,fe,0,0,0,0,0   TimeStamp  :  62568       Distance  :  835

(PORT 1) : 6a,5,0,18,21,43,65,87,0,0,0,43,3,d9,2,0,0,0,0,a3,f,2c,ff,0,0,0,0,0   TimeStamp  :  62665       Distance  :  835

(PORT 1) : 6a,5,0,18,21,43,65,87,0,4,0,33,3,da,2,0,0,0,0,85,60,14,e1,0,0,0,0,0   TimeStamp  :  62761       Distance  :  819

(PORT 1) : 6a,5,0,18,21,43,65,87,0,0,0,43,3,db,2,0,0,0,0,c4,68,6f,47,0,0,0,0,0   TimeStamp  :  62857       Distance  :  835

(PORT 1) : 6a,5,0,18,21,43,65,87,0,4,0,45,3,dc,2,0,0,0,0,4b,d9,76,6,0,0,0,0,0   TimeStamp  :  62953       Distance  :  837

(PORT 1) : 6a,5,0,18,21,43,65,87,0,0,0,2a,3,dd,2,0,0,0,0,2,af,75,fc,0,0,0,0,0   TimeStamp  :  63048       Distance  :  810

(PORT 1) : 6a,5,0,18,21,43,65,87,0,0,0,45,3,de,2,0,0,0,0,d0,29,3,87,0,0,0,0,0   TimeStamp  :  63145       Distance  :  837

(PORT 1) : 6a,5,0,18,21,43,65,87,0,0,0,44,3,df,2,0,0,0,0,63,13,8e,1,0,0,0,0,0   TimeStamp  :  63240       Distance  :  836

(PORT 1) : 6a,5,0,18,21,43,65,87,0,4,0,46,3,e0,2,0,0,0,0,5,7e,22,da,0,0,0,0,0   TimeStamp  :  63337       Distance  :  838

(PORT 1) : 6a,5,0,18,21,43,65,87,0,3,0,43,3,e1,2,0,0,0,0,64,63,7c,a9,0,0,0,0,0   TimeStamp  :  63434       Distance  :  835

(PORT 1) : 6a,5,0,18,21,43,65,87,0,4,0,28,3,e2,2,0,0,0,0,ec,a3,f4,66,0,0,0,0,0   TimeStamp  :  63529       Distance  :  808

(PORT 1) : 6a,5,0,18,21,43,65,87,0,3,1,2e,3,e3,2,0,0,0,0,ad,2,ce,39,0,0,0,0,0   TimeStamp  :  63626       Distance  :  814

(PORT 1) : 6a,5,0,18,21,43,65,87,0,0,0,41,3,e4,2,0,0,0,0,1c,f6,43,38,0,0,0,0,0   TimeStamp  :  63721       Distance  :  833

(PORT 1) : 6a,5,0,18,21,43,65,87,0,4,0,45,3,e5,2,0,0,0,0,a2,12,90,97,0,0,0,0,0   TimeStamp  :  63817       Distance  :  837

(PORT 1) : 6a,5,0,18,21,43,65,87,0,4,0,2d,3,e6,2,0,0,0,0,8b,22,55,e0,0,0,0,0,0   TimeStamp  :  63913       Distance  :  813

(PORT 1) : 6a,5,0,18,21,43,65,87,0,3,1,2d,3,e7,2,0,0,0,0,31,8e,ab,66,0,0,0,0,0   TimeStamp  :  64009       Distance  :  813

(PORT 1) : 6a,5,0,18,21,43,65,87,0,0,0,45,3,e8,2,0,0,0,0,c4,56,43,a6,0,0,0,0,0   TimeStamp  :  64105       Distance  :  837

(PORT 1) : 6a,5,0,18,21,43,65,87,0,0,0,43,3,e9,2,0,0,0,0,9d,3a,97,21,0,0,0,0,0   TimeStamp  :  64200       Distance  :  835

(PORT 1) : 6a,5,0,18,21,43,65,87,0,0,0,45,3,ea,2,0,0,0,0,25,a,f9,ed,0,0,0,0,0   TimeStamp  :  64296       Distance  :  837

(PORT 1) : 6a,5,0,18,21,43,65,87,0,0,0,48,3,eb,2,0,0,0,0,16,b3,77,47,0,0,0,0,0   TimeStamp  :  64393       Distance  :  840

(PORT 1) : 6a,5,0,18,21,43,65,87,0,4,0,41,3,ec,2,0,0,0,0,15,20,44,63,0,0,0,0,0   TimeStamp  :  64489       Distance  :  833

(PORT 1) : 6a,5,0,18,21,43,65,87,0,0,0,45,3,ed,2,0,0,0,0,ec,6a,b6,d8,0,0,0,0,0   TimeStamp  :  64585       Distance  :  837

(PORT 1) : 6a,5,0,18,21,43,65,87,0,0,0,46,3,ee,2,0,0,0,0,57,48,5e,91,0,0,0,0,0   TimeStamp  :  64681       Distance  :  838

(PORT 1) : 6a,5,0,18,21,43,65,87,0,0,0,45,3,ef,2,0,0,0,0,ba,a4,33,d0,0,0,0,0,0   TimeStamp  :  64777       Distance  :  837

(PORT 1) : 6a,5,0,18,21,43,65,87,0,3,1,2e,3,f0,2,0,0,0,0,b6,33,a2,c9,0,0,0,0,0   TimeStamp  :  64872       Distance  :  814

(PORT 1) : 6a,5,0,18,21,43,65,87,0,0,0,47,3,f1,2,0,0,0,0,d,b9,ae,1e,0,0,0,0,0   TimeStamp  :  64969       Distance  :  839

(PORT 1) : 6a,5,0,18,21,43,65,87,0,0,0,46,3,f2,2,0,0,0,0,35,cd,3b,7a,0,0,0,0,0   TimeStamp  :  65065       Distance  :  838

(PORT 1) : 6a,5,0,18,21,43,65,87,0,4,0,44,3,f3,2,0,0,0,0,f5,8,3b,f8,0,0,0,0,0   TimeStamp  :  65161       Distance  :  836

(PORT 1) : 6a,5,0,18,21,43,65,87,0,4,0,4a,3,f4,2,0,0,0,0,7b,3a,31,38,0,0,0,0,0   TimeStamp  :  65257       Distance  :  842

(PORT 1) : 6a,5,0,18,21,43,65,87,0,0,0,45,3,f5,2,0,0,0,0,bf,c2,93,4d,0,0,0,0,0   TimeStamp  :  65353       Distance  :  837

(PORT 1) : 6a,5,0,18,21,43,65,87,0,0,0,45,3,f6,2,0,0,0,0,b5,36,de,16,0,0,0,0,0   TimeStamp  :  65449       Distance  :  837

(PORT 1) : 6a,5,0,18,21,43,65,87,0,0,0,44,3,f7,2,0,0,0,0,f1,9e,21,c2,0,0,0,0,0   TimeStamp  :  65545       Distance  :  836

(PORT 1) : 6a,5,0,18,21,43,65,87,0,0,0,45,3,f8,2,0,0,0,0,b1,b9,3b,4,0,0,0,0,0   TimeStamp  :  65641       Distance  :  837

(PORT 1) : 6a,5,0,18,21,43,65,87,0,0,0,47,3,f9,2,0,0,0,0,7d,a3,d4,9d,0,0,0,0,0   TimeStamp  :  65737       Distance  :  839

(PORT 1) : 6a,5,0,18,21,43,65,87,0,0,0,44,3,fa,2,0,0,0,0,78,13,76,c3,0,0,0,0,0   TimeStamp  :  65832       Distance  :  836

(PORT 1) : 6a,5,0,18,21,43,65,87,0,0,0,42,3,fb,2,0,0,0,0,71,e,1a,34,0,0,0,0,0   TimeStamp  :  65929       Distance  :  834

(PORT 1) : 6a,5,0,18,21,43,65,87,0,0,0,47,3,fc,2,0,0,0,0,85,cd,49,4e,0,0,0,0,0   TimeStamp  :  66024       Distance  :  839

(PORT 1) : 6a,5,0,18,21,43,65,87,0,3,1,2a,3,fd,2,0,0,0,0,ec,8f,d0,cb,0,0,0,0,0   TimeStamp  :  66120       Distance  :  810

(PORT 1) : 6a,5,0,18,21,43,65,87,0,3,0,45,3,fe,2,0,0,0,0,80,96,c8,94,0,0,0,0,0   TimeStamp  :  66216       Distance  :  837

(PORT 1) : 6a,5,0,18,21,43,65,87,0,0,0,43,3,ff,2,0,0,0,0,8f,e7,b7,63,0,0,0,0,0   TimeStamp  :  66314       Distance  :  835

(PORT 1) : 6a,5,0,18,21,43,65,87,0,0,0,41,3,0,3,0,0,0,0,12,ce,8,84,0,0,0,0,0   TimeStamp  :  66408       Distance  :  833

(PORT 1) : 6a,5,0,18,21,43,65,87,0,0,1,2d,3,1,3,0,0,0,0,65,70,ee,be,0,0,0,0,0   TimeStamp  :  66504       Distance  :  813

(PORT 1) : 6a,5,0,18,21,43,65,87,0,4,0,34,3,2,3,0,0,0,0,7d,2b,58,28,0,0,0,0,0   TimeStamp  :  66600       Distance  :  820

(PORT 1) : 6a,5,0,18,21,43,65,87,0,0,0,42,3,3,3,0,0,0,0,9c,90,d7,99,0,0,0,0,0   TimeStamp  :  66697       Distance  :  834

(PORT 1) : 6a,5,0,18,21,43,65,87,0,0,0,41,3,4,3,0,0,0,0,19,21,4a,62,0,0,0,0,0   TimeStamp  :  66792       Distance  :  833

(PORT 1) : 6a,5,0,18,21,43,65,87,0,3,1,2c,3,5,3,0,0,0,0,74,0,5f,d2,0,0,0,0,0   TimeStamp  :  66889       Distance  :  812

(PORT 1) : 6a,5,0,18,21,43,65,87,0,0,1,2d,3,6,3,0,0,0,0,75,76,7b,16,0,0,0,0,0   TimeStamp  :  66985       Distance  :  813

(PORT 1) : 6a,5,0,18,21,43,65,87,0,0,0,42,3,7,3,0,0,0,0,77,db,55,25,0,0,0,0,0   TimeStamp  :  67080       Distance  :  834

(PORT 1) : 6a,5,0,18,21,43,65,87,0,0,0,41,3,8,3,0,0,0,0,ce,a,da,71,0,0,0,0,0   TimeStamp  :  67176       Distance  :  833

(PORT 1) : 6a,5,0,18,21,43,65,87,0,0,0,44,3,9,3,0,0,0,0,61,a6,d,bf,0,0,0,0,0   TimeStamp  :  67273       Distance  :  836

(PORT 1) : 6a,5,0,18,21,43,65,87,0,0,0,41,3,a,3,0,0,0,0,b6,3c,e2,5,0,0,0,0,0   TimeStamp  :  67368       Distance  :  833

(PORT 1) : 6a,5,0,18,21,43,65,87,0,0,0,42,3,b,3,0,0,0,0,d9,80,13,f5,0,0,0,0,0   TimeStamp  :  67464       Distance  :  834

(PORT 1) : 6a,5,0,18,21,43,65,87,0,0,0,42,3,c,3,0,0,0,0,d4,87,d7,22,0,0,0,0,0   TimeStamp  :  67561       Distance  :  834

(PORT 1) : 6a,5,0,18,21,43,65,87,0,0,0,47,3,d,3,0,0,0,0,6e,b9,ce,f5,0,0,0,0,0   TimeStamp  :  67656       Distance  :  839

(PORT 1) : 6a,5,0,18,21,43,65,87,0,0,0,44,3,e,3,0,0,0,0,4c,cc,1,a3,0,0,0,0,0   TimeStamp  :  67752       Distance  :  836

(PORT 1) : 6a,5,0,18,21,43,65,87,0,0,0,46,3,f,3,0,0,0,0,74,88,9b,6a,0,0,0,0,0   TimeStamp  :  67849       Distance  :  838

(PORT 1) : 6a,5,0,18,21,43,65,87,0,0,0,48,3,10,3,0,0,0,0,d0,13,d5,ff,0,0,0,0,0   TimeStamp  :  67944       Distance  :  840

(PORT 1) : 6a,5,0,18,21,43,65,87,0,0,0,42,3,11,3,0,0,0,0,cd,22,44,2b,0,0,0,0,0   TimeStamp  :  68041       Distance  :  834

(PORT 1) : 6a,5,0,18,21,43,65,87,0,4,0,29,3,12,3,0,0,0,0,57,c8,52,f7,0,0,0,0,0   TimeStamp  :  68137       Distance  :  809

(PORT 1) : 6a,5,0,18,21,43,65,87,0,3,0,47,3,13,3,0,0,0,0,85,8b,d7,b8,0,0,0,0,0   TimeStamp  :  68233       Distance  :  839

(PORT 1) : 6a,5,0,18,21,43,65,87,0,0,0,49,3,14,3,0,0,0,0,25,b1,a4,55,0,0,0,0,0   TimeStamp  :  68330       Distance  :  841

(PORT 1) : 6a,5,0,18,21,43,65,87,0,0,0,43,3,15,3,0,0,0,0,c3,bc,ec,d2,0,0,0,0,0   TimeStamp  :  68424       Distance  :  835

(PORT 1) : 6a,5,0,18,21,43,65,87,0,0,0,47,3,16,3,0,0,0,0,79,32,d,f,0,0,0,0,0   TimeStamp  :  68521       Distance  :  839

(PORT 1) : 6a,5,0,18,21,43,65,87,0,5,1,2e,3,17,3,0,0,0,0,4b,70,be,6c,0,0,0,0,0   TimeStamp  :  68616       Distance  :  814

(PORT 1) : 6a,5,0,18,21,43,65,87,0,0,0,42,3,18,3,0,0,0,0,78,f,97,7,0,0,0,0,0   TimeStamp  :  68712       Distance  :  834

(PORT 1) : 6a,5,0,18,21,43,65,87,0,0,0,47,3,19,3,0,0,0,0,cc,be,73,be,0,0,0,0,0   TimeStamp  :  68810       Distance  :  839

(PORT 1) : 6a,5,0,18,21,43,65,87,0,0,0,2b,3,1a,3,0,0,0,0,12,9a,e3,3e,0,0,0,0,0   TimeStamp  :  68904       Distance  :  811

(PORT 1) : 6a,5,0,18,21,43,65,87,0,4,0,44,3,1b,3,0,0,0,0,68,a8,be,97,0,0,0,0,0   TimeStamp  :  69001       Distance  :  836

(PORT 1) : 6a,5,0,18,21,43,65,87,0,0,0,41,3,1c,3,0,0,0,0,12,b2,9f,bd,0,0,0,0,0   TimeStamp  :  69097       Distance  :  833

(PORT 1) : 6a,5,0,18,21,43,65,87,0,0,0,48,3,1d,3,0,0,0,0,40,19,b6,78,0,0,0,0,0   TimeStamp  :  69193       Distance  :  840

(PORT 1) : 6a,5,0,18,21,43,65,87,0,5,1,28,3,1e,3,0,0,0,0,ef,f1,53,3c,0,0,0,0,0   TimeStamp  :  69288       Distance  :  808

(PORT 1) : 6a,5,0,18,21,43,65,87,0,0,0,3f,3,1f,3,0,0,0,0,5c,13,68,89,0,0,0,0,0   TimeStamp  :  69385       Distance  :  831

(PORT 1) : 6a,5,0,18,21,43,65,87,0,0,0,47,3,20,3,0,0,0,0,2d,6,71,a2,0,0,0,0,0   TimeStamp  :  69481       Distance  :  839

(PORT 1) : 6a,5,0,18,21,43,65,87,0,0,0,41,3,21,3,0,0,0,0,fa,13,b7,96,0,0,0,0,0   TimeStamp  :  69577       Distance  :  833

(PORT 1) : 6a,5,0,18,21,43,65,87,0,4,0,3e,3,22,3,0,0,0,0,d0,c8,bb,8f,0,0,0,0,0   TimeStamp  :  69673       Distance  :  830

(PORT 1) : 6a,5,0,18,21,43,65,87,0,0,0,45,3,23,3,0,0,0,0,11,7a,c8,e1,0,0,0,0,0   TimeStamp  :  69769       Distance  :  837

(PORT 1) : 6a,5,0,18,21,43,65,87,0,0,0,44,3,24,3,0,0,0,0,25,1,9,a2,0,0,0,0,0   TimeStamp  :  69865       Distance  :  836

(PORT 1) : 6a,5,0,18,21,43,65,87,0,0,0,43,3,25,3,0,0,0,0,86,1b,4a,ba,0,0,0,0,0   TimeStamp  :  69960       Distance  :  835

(PORT 1) : 6a,5,0,18,21,43,65,87,0,4,0,41,3,26,3,0,0,0,0,c,67,b,76,0,0,0,0,0   TimeStamp  :  70057       Distance  :  833

(PORT 1) : 6a,5,0,18,21,43,65,87,0,3,0,42,3,27,3,0,0,0,0,ab,4b,5e,bb,0,0,0,0,0   TimeStamp  :  70153       Distance  :  834

(PORT 1) : 6a,5,0,18,21,43,65,87,0,0,0,47,3,28,3,0,0,0,0,5a,4b,50,d9,0,0,0,0,0   TimeStamp  :  70250       Distance  :  839

(PORT 1) : 6a,5,0,18,21,43,65,87,0,0,0,45,3,29,3,0,0,0,0,fd,a7,a4,da,0,0,0,0,0   TimeStamp  :  70345       Distance  :  837

(PORT 1) : 6a,5,0,18,21,43,65,87,0,4,0,2a,3,2a,3,0,0,0,0,3,ba,3,72,0,0,0,0,0   TimeStamp  :  70440       Distance  :  810

(PORT 1) : 6a,5,0,18,21,43,65,87,0,3,0,43,3,2b,3,0,0,0,0,ba,3a,2,72,0,0,0,0,0   TimeStamp  :  70537       Distance  :  835

(PORT 1) : 6a,5,0,18,21,43,65,87,0,0,0,44,3,2c,3,0,0,0,0,cd,57,a1,78,0,0,0,0,0   TimeStamp  :  70633       Distance  :  836

(PORT 1) : 6a,5,0,18,21,43,65,87,0,0,0,49,3,2d,3,0,0,0,0,3c,41,e3,8a,0,0,0,0,0   TimeStamp  :  70729       Distance  :  841

(PORT 1) : 6a,5,0,18,21,43,65,87,0,0,0,2a,3,2e,3,0,0,0,0,f1,63,ae,e1,0,0,0,0,0   TimeStamp  :  70825       Distance  :  810

(PORT 1) : 6a,5,0,18,21,43,65,87,0,0,0,40,3,2f,3,0,0,0,0,d2,fd,30,77,0,0,0,0,0   TimeStamp  :  70921       Distance  :  832

(PORT 1) : 6a,5,0,18,21,43,65,87,0,0,0,41,3,30,3,0,0,0,0,fb,30,f7,5c,0,0,0,0,0   TimeStamp  :  71017       Distance  :  833

(PORT 1) : 6a,5,0,18,21,43,65,87,0,0,0,46,3,31,3,0,0,0,0,79,a0,88,a0,0,0,0,0,0   TimeStamp  :  71113       Distance  :  838

(PORT 1) : 6a,5,0,18,21,43,65,87,0,0,0,45,3,32,3,0,0,0,0,4d,70,1a,2d,0,0,0,0,0   TimeStamp  :  71209       Distance  :  837

(PORT 1) : 6a,5,0,18,21,43,65,87,0,0,0,43,3,33,3,0,0,0,0,34,c,cb,15,0,0,0,0,0   TimeStamp  :  71305       Distance  :  835

(PORT 1) : 6a,5,0,18,21,43,65,87,0,4,0,2b,3,34,3,0,0,0,0,74,db,79,4f,0,0,0,0,0   TimeStamp  :  71400       Distance  :  811

(PORT 1) : 6a,5,0,18,21,43,65,87,0,0,0,42,3,35,3,0,0,0,0,20,f2,98,17,0,0,0,0,0   TimeStamp  :  71496       Distance  :  834

(PORT 1) : 6a,5,0,18,21,43,65,87,0,0,0,40,3,36,3,0,0,0,0,79,36,a7,8c,0,0,0,0,0   TimeStamp  :  71592       Distance  :  832

(PORT 1) : 6a,5,0,18,21,43,65,87,0,4,0,2a,3,37,3,0,0,0,0,11,2a,58,ca,0,0,0,0,0   TimeStamp  :  71689       Distance  :  810

(PORT 1) : 6a,5,0,18,21,43,65,87,0,4,0,27,3,38,3,0,0,0,0,e4,78,25,e9,0,0,0,0,0   TimeStamp  :  71785       Distance  :  807

(PORT 1) : 6a,5,0,18,21,43,65,87,0,3,0,45,3,39,3,0,0,0,0,5b,7f,8e,fc,0,0,0,0,0   TimeStamp  :  71881       Distance  :  837

(PORT 1) : 6a,5,0,18,21,43,65,87,0,0,0,47,3,3a,3,0,0,0,0,66,50,2e,25,0,0,0,0,0   TimeStamp  :  71977       Distance  :  839

(PORT 1) : 6a,5,0,18,21,43,65,87,0,0,0,47,3,3b,3,0,0,0,0,ec,ec,7f,fd,0,0,0,0,0   TimeStamp  :  72073       Distance  :  839

(PORT 1) : 6a,5,0,18,21,43,65,87,0,0,0,41,3,3c,3,0,0,0,0,23,fe,6,a4,0,0,0,0,0   TimeStamp  :  72169       Distance  :  833

(PORT 1) : 6a,5,0,18,21,43,65,87,0,0,0,46,3,3d,3,0,0,0,0,34,30,4,65,0,0,0,0,0   TimeStamp  :  72265       Distance  :  838

(PORT 1) : 6a,5,0,18,21,43,65,87,0,0,0,44,3,3e,3,0,0,0,0,43,98,9f,7c,0,0,0,0,0   TimeStamp  :  72360       Distance  :  836

(PORT 1) : 6a,5,0,18,21,43,65,87,0,0,0,41,3,3f,3,0,0,0,0,72,55,df,a8,0,0,0,0,0   TimeStamp  :  72456       Distance  :  833

(PORT 1) : 6a,5,0,18,21,43,65,87,0,0,0,47,3,40,3,0,0,0,0,c2,5b,2a,b,0,0,0,0,0   TimeStamp  :  72553       Distance  :  839

(PORT 1) : 6a,5,0,18,21,43,65,87,0,0,0,43,3,41,3,0,0,0,0,ed,b,a0,9f,0,0,0,0,0   TimeStamp  :  72649       Distance  :  835

(PORT 1) : 6a,5,0,18,21,43,65,87,0,0,1,2b,3,42,3,0,0,0,0,d1,fa,7c,2f,0,0,0,0,0   TimeStamp  :  72745       Distance  :  811

(PORT 1) : 6a,5,0,18,21,43,65,87,0,4,0,46,3,43,3,0,0,0,0,1b,c5,86,9f,0,0,0,0,0   TimeStamp  :  72840       Distance  :  838

(PORT 1) : 6a,5,0,18,21,43,65,87,0,0,0,41,3,44,3,0,0,0,0,d7,99,b6,e2,0,0,0,0,0   TimeStamp  :  72936       Distance  :  833

(PORT 1) : 6a,5,0,18,21,43,65,87,0,3,0,47,3,45,3,0,0,0,0,f,6a,66,f8,0,0,0,0,0   TimeStamp  :  73033       Distance  :  839

(PORT 1) : 6a,5,0,18,21,43,65,87,0,0,0,44,3,46,3,0,0,0,0,c4,8b,34,78,0,0,0,0,0   TimeStamp  :  73128       Distance  :  836

(PORT 1) : 6a,5,0,18,21,43,65,87,0,0,0,41,3,47,3,0,0,0,0,12,d,48,94,0,0,0,0,0   TimeStamp  :  73225       Distance  :  833

(PORT 1) : 6a,5,0,18,21,43,65,87,0,0,0,41,3,48,3,0,0,0,0,e0,93,d5,57,0,0,0,0,0   TimeStamp  :  73320       Distance  :  833

(PORT 1) : 6a,5,0,18,21,43,65,87,0,0,0,41,3,49,3,0,0,0,0,8e,89,42,8f,0,0,0,0,0   TimeStamp  :  73417       Distance  :  833

(PORT 1) : 6a,5,0,18,21,43,65,87,0,4,0,41,3,4a,3,0,0,0,0,cb,fb,4a,b,0,0,0,0,0   TimeStamp  :  73512       Distance  :  833

(PORT 1) : 6a,5,0,18,21,43,65,87,0,0,0,42,3,4b,3,0,0,0,0,90,32,63,4,0,0,0,0,0   TimeStamp  :  73609       Distance  :  834
